[ 2018-06-21T11:00:23+08:00 ] 61.151.178.171 /
INFO: [ app_init ] --START--
INFO: Run Behavior\BuildLiteBehavior [ RunTime:0.000007s ]
INFO: [ app_init ] --END-- [ RunTime:0.000171s ]
INFO: [ app_begin ] --START--
INFO: Run Behavior\ReadHtmlCacheBehavior [ RunTime:0.000253s ]
INFO: [ app_begin ] --END-- [ RunTime:0.000271s ]
INFO: [ view_parse ] --START--
INFO: [ template_filter ] --START--
INFO: Run Behavior\ContentReplaceBehavior [ RunTime:0.000087s ]
INFO: [ template_filter ] --END-- [ RunTime:0.000107s ]
INFO: Run Behavior\ParseTemplateBehavior [ RunTime:0.004833s ]
INFO: [ view_parse ] --END-- [ RunTime:0.004851s ]
INFO: [ view_filter ] --START--
INFO: Run Behavior\WriteHtmlCacheBehavior [ RunTime:0.000077s ]
INFO: [ view_filter ] --END-- [ RunTime:0.000088s ]
INFO: [ app_end ] --START--
INFO: Run Behavior\ShowPageTraceBehavior [ RunTime:0.000247s ]
INFO: [ app_end ] --END-- [ RunTime:0.000260s ]

[ 2018-06-21T11:00:23+08:00 ] 120.204.17.73 /
INFO: [ app_init ] --START--
INFO: Run Behavior\BuildLiteBehavior [ RunTime:0.000006s ]
INFO: [ app_init ] --END-- [ RunTime:0.000157s ]
INFO: [ app_begin ] --START--
INFO: Run Behavior\ReadHtmlCacheBehavior [ RunTime:0.000206s ]
INFO: [ app_begin ] --END-- [ RunTime:0.000221s ]
INFO: [ view_parse ] --START--
INFO: [ template_filter ] --START--
INFO: Run Behavior\ContentReplaceBehavior [ RunTime:0.000086s ]
INFO: [ template_filter ] --END-- [ RunTime:0.000104s ]
INFO: Run Behavior\ParseTemplateBehavior [ RunTime:0.003611s ]
INFO: [ view_parse ] --END-- [ RunTime:0.003627s ]
INFO: [ view_filter ] --START--
INFO: Run Behavior\WriteHtmlCacheBehavior [ RunTime:0.000075s ]
INFO: [ view_filter ] --END-- [ RunTime:0.000087s ]
INFO: [ app_end ] --START--
INFO: Run Behavior\ShowPageTraceBehavior [ RunTime:0.000333s ]
INFO: [ app_end ] --END-- [ RunTime:0.000351s ]

[ 2018-06-21T11:01:13+08:00 ] 61.129.8.250 /
INFO: [ app_init ] --START--
INFO: Run Behavior\BuildLiteBehavior [ RunTime:0.000008s ]
INFO: [ app_init ] --END-- [ RunTime:0.000264s ]
INFO: [ app_begin ] --START--
INFO: Run Behavior\ReadHtmlCacheBehavior [ RunTime:0.000354s ]
INFO: [ app_begin ] --END-- [ RunTime:0.000378s ]
INFO: [ view_parse ] --START--
INFO: [ template_filter ] --START--
INFO: Run Behavior\ContentReplaceBehavior [ RunTime:0.000093s ]
INFO: [ template_filter ] --END-- [ RunTime:0.000119s ]
INFO: Run Behavior\ParseTemplateBehavior [ RunTime:0.004704s ]
INFO: [ view_parse ] --END-- [ RunTime:0.004723s ]
INFO: [ view_filter ] --START--
INFO: Run Behavior\WriteHtmlCacheBehavior [ RunTime:0.000082s ]
INFO: [ view_filter ] --END-- [ RunTime:0.000093s ]
INFO: [ app_end ] --START--
INFO: Run Behavior\ShowPageTraceBehavior [ RunTime:0.000281s ]
INFO: [ app_end ] --END-- [ RunTime:0.000300s ]

[ 2018-06-21T11:01:19+08:00 ] 223.166.151.236 /index.php/Home/Index/tijiao
INFO: [ app_init ] --START--
INFO: Run Behavior\BuildLiteBehavior [ RunTime:0.000007s ]
INFO: [ app_init ] --END-- [ RunTime:0.000218s ]
INFO: [ app_begin ] --START--
INFO: Run Behavior\ReadHtmlCacheBehavior [ RunTime:0.000244s ]
INFO: [ app_begin ] --END-- [ RunTime:0.000267s ]
NOTIC: [8] Undefined index: phone /www/wwwroot/dai.juhuaian.cn/Application/Home/Controller/IndexController.class.php 第 124 行.
INFO: [ view_parse ] --START--
INFO: [ template_filter ] --START--
INFO: Run Behavior\ContentReplaceBehavior [ RunTime:0.000039s ]
INFO: [ template_filter ] --END-- [ RunTime:0.000055s ]
NOTIC: [8] Undefined variable: tjr /www/wwwroot/dai.juhuaian.cn/Application/Runtime/Cache/Home/927bf2b8ff9146fe30c7b620aec3f14d.php 第 80 行.
INFO: Run Behavior\ParseTemplateBehavior [ RunTime:0.002832s ]
INFO: [ view_parse ] --END-- [ RunTime:0.002844s ]
INFO: [ view_filter ] --START--
INFO: Run Behavior\WriteHtmlCacheBehavior [ RunTime:0.000066s ]
INFO: [ view_filter ] --END-- [ RunTime:0.000077s ]
INFO: [ app_end ] --START--
INFO: Run Behavior\ShowPageTraceBehavior [ RunTime:0.000229s ]
INFO: [ app_end ] --END-- [ RunTime:0.000242s ]

[ 2018-06-21T11:01:28+08:00 ] 61.151.178.170 /index.php/Home/Index/tijiao
INFO: [ app_init ] --START--
INFO: Run Behavior\BuildLiteBehavior [ RunTime:0.000010s ]
INFO: [ app_init ] --END-- [ RunTime:0.000237s ]
INFO: [ app_begin ] --START--
INFO: Run Behavior\ReadHtmlCacheBehavior [ RunTime:0.000234s ]
INFO: [ app_begin ] --END-- [ RunTime:0.000249s ]
NOTIC: [8] Undefined index: phone /www/wwwroot/dai.juhuaian.cn/Application/Home/Controller/IndexController.class.php 第 124 行.
INFO: [ view_parse ] --START--
INFO: [ template_filter ] --START--
INFO: Run Behavior\ContentReplaceBehavior [ RunTime:0.000039s ]
INFO: [ template_filter ] --END-- [ RunTime:0.000055s ]
NOTIC: [8] Undefined variable: tjr /www/wwwroot/dai.juhuaian.cn/Application/Runtime/Cache/Home/927bf2b8ff9146fe30c7b620aec3f14d.php 第 80 行.
INFO: Run Behavior\ParseTemplateBehavior [ RunTime:0.002750s ]
INFO: [ view_parse ] --END-- [ RunTime:0.002762s ]
INFO: [ view_filter ] --START--
INFO: Run Behavior\WriteHtmlCacheBehavior [ RunTime:0.000068s ]
INFO: [ view_filter ] --END-- [ RunTime:0.000079s ]
INFO: [ app_end ] --START--
INFO: Run Behavior\ShowPageTraceBehavior [ RunTime:0.000232s ]
INFO: [ app_end ] --END-- [ RunTime:0.000245s ]

[ 2018-06-21T11:06:05+08:00 ] 61.129.8.250 /index.php/Home/Index/er
INFO: [ app_init ] --START--
INFO: Run Behavior\BuildLiteBehavior [ RunTime:0.000006s ]
INFO: [ app_init ] --END-- [ RunTime:0.000170s ]
INFO: [ app_begin ] --START--
INFO: Run Behavior\ReadHtmlCacheBehavior [ RunTime:0.000205s ]
INFO: [ app_begin ] --END-- [ RunTime:0.000222s ]
INFO: [ view_parse ] --START--
INFO: [ template_filter ] --START--
INFO: Run Behavior\ContentReplaceBehavior [ RunTime:0.000039s ]
INFO: [ template_filter ] --END-- [ RunTime:0.000055s ]
INFO: Run Behavior\ParseTemplateBehavior [ RunTime:0.003267s ]
INFO: [ view_parse ] --END-- [ RunTime:0.003284s ]
INFO: [ view_filter ] --START--
INFO: Run Behavior\WriteHtmlCacheBehavior [ RunTime:0.000069s ]
INFO: [ view_filter ] --END-- [ RunTime:0.000080s ]
INFO: [ app_end ] --START--
INFO: Run Behavior\ShowPageTraceBehavior [ RunTime:0.000229s ]
INFO: [ app_end ] --END-- [ RunTime:0.000242s ]

[ 2018-06-21T11:09:58+08:00 ] 61.129.8.250 /index.php/Home/Index/san
INFO: [ app_init ] --START--
INFO: Run Behavior\BuildLiteBehavior [ RunTime:0.000006s ]
INFO: [ app_init ] --END-- [ RunTime:0.000179s ]
INFO: [ app_begin ] --START--
INFO: Run Behavior\ReadHtmlCacheBehavior [ RunTime:0.000227s ]
INFO: [ app_begin ] --END-- [ RunTime:0.000245s ]
NOTIC: [8] Undefined index: mz /www/wwwroot/dai.juhuaian.cn/Application/Home/Controller/IndexController.class.php 第 168 行.
NOTIC: [8] Undefined index: zg /www/wwwroot/dai.juhuaian.cn/Application/Home/Controller/IndexController.class.php 第 178 行.
NOTIC: [8] Undefined index: xzzcph /www/wwwroot/dai.juhuaian.cn/Application/Home/Controller/IndexController.class.php 第 186 行.
INFO: [ view_parse ] --START--
INFO: [ template_filter ] --START--
INFO: Run Behavior\ContentReplaceBehavior [ RunTime:0.000044s ]
INFO: [ template_filter ] --END-- [ RunTime:0.000061s ]
INFO: Run Behavior\ParseTemplateBehavior [ RunTime:0.003441s ]
INFO: [ view_parse ] --END-- [ RunTime:0.003457s ]
INFO: [ view_filter ] --START--
INFO: Run Behavior\WriteHtmlCacheBehavior [ RunTime:0.000078s ]
INFO: [ view_filter ] --END-- [ RunTime:0.000090s ]
INFO: [ app_end ] --START--
INFO: Run Behavior\ShowPageTraceBehavior [ RunTime:0.000269s ]
INFO: [ app_end ] --END-- [ RunTime:0.000283s ]

[ 2018-06-21T11:11:56+08:00 ] 61.151.178.170 /index.php/Home/Index/er
INFO: [ app_init ] --START--
INFO: Run Behavior\BuildLiteBehavior [ RunTime:0.000008s ]
INFO: [ app_init ] --END-- [ RunTime:0.000192s ]
INFO: [ app_begin ] --START--
INFO: Run Behavior\ReadHtmlCacheBehavior [ RunTime:0.000222s ]
INFO: [ app_begin ] --END-- [ RunTime:0.000243s ]
INFO: [ view_parse ] --START--
INFO: [ template_filter ] --START--
INFO: Run Behavior\ContentReplaceBehavior [ RunTime:0.000052s ]
INFO: [ template_filter ] --END-- [ RunTime:0.000075s ]
INFO: Run Behavior\ParseTemplateBehavior [ RunTime:0.003565s ]
INFO: [ view_parse ] --END-- [ RunTime:0.003636s ]
INFO: [ view_filter ] --START--
INFO: Run Behavior\WriteHtmlCacheBehavior [ RunTime:0.000144s ]
INFO: [ view_filter ] --END-- [ RunTime:0.000162s ]
INFO: [ app_end ] --START--
INFO: Run Behavior\ShowPageTraceBehavior [ RunTime:0.000377s ]
INFO: [ app_end ] --END-- [ RunTime:0.000399s ]

[ 2018-06-21T11:14:24+08:00 ] 61.129.8.250 /index.php/Home/Index/insdata
INFO: [ app_init ] --START--
INFO: Run Behavior\BuildLiteBehavior [ RunTime:0.000006s ]
INFO: [ app_init ] --END-- [ RunTime:0.000171s ]
INFO: [ app_begin ] --START--
INFO: Run Behavior\ReadHtmlCacheBehavior [ RunTime:0.000259s ]
INFO: [ app_begin ] --END-- [ RunTime:0.000276s ]
NOTIC: [8] Undefined index: mz /www/wwwroot/dai.juhuaian.cn/Application/Home/Controller/IndexController.class.php 第 233 行.
NOTIC: [8] Undefined index: xzzcph /www/wwwroot/dai.juhuaian.cn/Application/Home/Controller/IndexController.class.php 第 250 行.
SQL: SHOW COLUMNS FROM `qm_data` [ RunTime:0.0006s ]
SQL: INSERT INTO `qm_data` (`xm`,`xb`,`xphone`,`lphone`,`xl`,`yx`,`sfz`,`sfzyxq`,`hjdz`,`fzjg`,`xzz`,`gsmc`,`zg`,`gsdz`,`gsdh`,`bm`,`zw`,`nsr`,`gznx`,`sfyc`,`fc`,`cph`,`zxqs`,`zxqsgx`,`zxqsphone`,`pxqs`,`pxqsgx`,`pxqsphone`,`qt`,`qtgx`,`qtphone`,`zmf`,`yzwd`,`yyxyk`,`ed`,`ppcp`,`tjr`,`addtime`) VALUES ('王书奇','女','15552630377','15610560259','初中','1520504557@.com','371427199901121625','2019.0704','山东省夏津县银城街道办事处冉楼村17','夏津县公安局','山东省夏津县银城街道办事处冉楼村','山东省夏津县西关街爵士美发','','山东省夏津县西关街爵士美发','18315808707','美容','美容师','20万','5年','没有','没有','','褚云花','母亲','15165344578','王传烨','弟弟','15066515102','孙晓雪','朋友','15689545998','597','			捷信','	无		','0','','没有推荐人','2018-06-21 11:14') [ RunTime:0.0015s ]
INFO: [ view_parse ] --START--
INFO: [ template_filter ] --START--
INFO: Run Behavior\ContentReplaceBehavior [ RunTime:0.000030s ]
INFO: [ template_filter ] --END-- [ RunTime:0.000047s ]
INFO: Run Behavior\ParseTemplateBehavior [ RunTime:0.003489s ]
INFO: [ view_parse ] --END-- [ RunTime:0.003504s ]
INFO: [ view_filter ] --START--
INFO: Run Behavior\WriteHtmlCacheBehavior [ RunTime:0.000081s ]
INFO: [ view_filter ] --END-- [ RunTime:0.000093s ]
INFO: [ app_end ] --START--
INFO: Run Behavior\ShowPageTraceBehavior [ RunTime:0.000272s ]
INFO: [ app_end ] --END-- [ RunTime:0.000286s ]

[ 2018-06-21T11:14:25+08:00 ] 61.129.8.250 /index.php/Home/index/tijiao.html
INFO: [ app_init ] --START--
INFO: Run Behavior\BuildLiteBehavior [ RunTime:0.000005s ]
INFO: [ app_init ] --END-- [ RunTime:0.000172s ]
INFO: [ app_begin ] --START--
INFO: Run Behavior\ReadHtmlCacheBehavior [ RunTime:0.000209s ]
INFO: [ app_begin ] --END-- [ RunTime:0.000226s ]
NOTIC: [8] Undefined index: phone /www/wwwroot/dai.juhuaian.cn/Application/Home/Controller/IndexController.class.php 第 124 行.
INFO: [ view_parse ] --START--
INFO: [ template_filter ] --START--
INFO: Run Behavior\ContentReplaceBehavior [ RunTime:0.000039s ]
INFO: [ template_filter ] --END-- [ RunTime:0.000059s ]
NOTIC: [8] Undefined variable: tjr /www/wwwroot/dai.juhuaian.cn/Application/Runtime/Cache/Home/927bf2b8ff9146fe30c7b620aec3f14d.php 第 80 行.
INFO: Run Behavior\ParseTemplateBehavior [ RunTime:0.002806s ]
INFO: [ view_parse ] --END-- [ RunTime:0.002816s ]
INFO: [ view_filter ] --START--
INFO: Run Behavior\WriteHtmlCacheBehavior [ RunTime:0.000080s ]
INFO: [ view_filter ] --END-- [ RunTime:0.000091s ]
INFO: [ app_end ] --START--
INFO: Run Behavior\ShowPageTraceBehavior [ RunTime:0.000240s ]
INFO: [ app_end ] --END-- [ RunTime:0.000253s ]

[ 2018-06-21T11:14:37+08:00 ] 61.129.8.250 /index.php/Home/index/tijiao.html
INFO: [ app_init ] --START--
INFO: Run Behavior\BuildLiteBehavior [ RunTime:0.000008s ]
INFO: [ app_init ] --END-- [ RunTime:0.000221s ]
INFO: [ app_begin ] --START--
INFO: Run Behavior\ReadHtmlCacheBehavior [ RunTime:0.000244s ]
INFO: [ app_begin ] --END-- [ RunTime:0.000266s ]
NOTIC: [8] Undefined index: phone /www/wwwroot/dai.juhuaian.cn/Application/Home/Controller/IndexController.class.php 第 124 行.
INFO: [ view_parse ] --START--
INFO: [ template_filter ] --START--
INFO: Run Behavior\ContentReplaceBehavior [ RunTime:0.000039s ]
INFO: [ template_filter ] --END-- [ RunTime:0.000056s ]
NOTIC: [8] Undefined variable: tjr /www/wwwroot/dai.juhuaian.cn/Application/Runtime/Cache/Home/927bf2b8ff9146fe30c7b620aec3f14d.php 第 80 行.
INFO: Run Behavior\ParseTemplateBehavior [ RunTime:0.003119s ]
INFO: [ view_parse ] --END-- [ RunTime:0.003133s ]
INFO: [ view_filter ] --START--
INFO: Run Behavior\WriteHtmlCacheBehavior [ RunTime:0.000089s ]
INFO: [ view_filter ] --END-- [ RunTime:0.000104s ]
INFO: [ app_end ] --START--
INFO: Run Behavior\ShowPageTraceBehavior [ RunTime:0.000332s ]
INFO: [ app_end ] --END-- [ RunTime:0.000351s ]

[ 2018-06-21T11:15:24+08:00 ] 61.151.178.170 /index.php/Home/Index/san
INFO: [ app_init ] --START--
INFO: Run Behavior\BuildLiteBehavior [ RunTime:0.000006s ]
INFO: [ app_init ] --END-- [ RunTime:0.000158s ]
INFO: [ app_begin ] --START--
INFO: Run Behavior\ReadHtmlCacheBehavior [ RunTime:0.000205s ]
INFO: [ app_begin ] --END-- [ RunTime:0.000224s ]
NOTIC: [8] Undefined index: mz /www/wwwroot/dai.juhuaian.cn/Application/Home/Controller/IndexController.class.php 第 168 行.
NOTIC: [8] Undefined index: zg /www/wwwroot/dai.juhuaian.cn/Application/Home/Controller/IndexController.class.php 第 178 行.
NOTIC: [8] Undefined index: xzzcph /www/wwwroot/dai.juhuaian.cn/Application/Home/Controller/IndexController.class.php 第 186 行.
INFO: [ view_parse ] --START--
INFO: [ template_filter ] --START--
INFO: Run Behavior\ContentReplaceBehavior [ RunTime:0.000041s ]
INFO: [ template_filter ] --END-- [ RunTime:0.000057s ]
INFO: Run Behavior\ParseTemplateBehavior [ RunTime:0.003041s ]
INFO: [ view_parse ] --END-- [ RunTime:0.003057s ]
INFO: [ view_filter ] --START--
INFO: Run Behavior\WriteHtmlCacheBehavior [ RunTime:0.000070s ]
INFO: [ view_filter ] --END-- [ RunTime:0.000080s ]
INFO: [ app_end ] --START--
INFO: Run Behavior\ShowPageTraceBehavior [ RunTime:0.000258s ]
INFO: [ app_end ] --END-- [ RunTime:0.000272s ]

[ 2018-06-21T11:26:06+08:00 ] 61.151.178.170 /index.php/Home/Index/insdata
INFO: [ app_init ] --START--
INFO: Run Behavior\BuildLiteBehavior [ RunTime:0.000008s ]
INFO: [ app_init ] --END-- [ RunTime:0.000201s ]
INFO: [ app_begin ] --START--
INFO: Run Behavior\ReadHtmlCacheBehavior [ RunTime:0.000206s ]
INFO: [ app_begin ] --END-- [ RunTime:0.000223s ]
NOTIC: [8] Undefined index: mz /www/wwwroot/dai.juhuaian.cn/Application/Home/Controller/IndexController.class.php 第 233 行.
NOTIC: [8] Undefined index: xzzcph /www/wwwroot/dai.juhuaian.cn/Application/Home/Controller/IndexController.class.php 第 250 行.
SQL: SHOW COLUMNS FROM `qm_data` [ RunTime:0.0006s ]
SQL: INSERT INTO `qm_data` (`xm`,`xb`,`xphone`,`lphone`,`xl`,`yx`,`sfz`,`sfzyxq`,`hjdz`,`fzjg`,`xzz`,`gsmc`,`zg`,`gsdz`,`gsdh`,`bm`,`zw`,`nsr`,`gznx`,`sfyc`,`fc`,`cph`,`zxqs`,`zxqsgx`,`zxqsphone`,`pxqs`,`pxqsgx`,`pxqsphone`,`qt`,`qtgx`,`qtphone`,`zmf`,`yzwd`,`yyxyk`,`ed`,`ppcp`,`tjr`,`addtime`) VALUES ('马瑜思','女','17663067657','','初中','1972669941@qq..com','230405199204270422','2014.0609','黑龙江省齐齐哈尔依安县双阳镇联发村4','依安县公安局','山东省德州市夏津县南城街四季鲜饭店','山东省德州市夏津县南城街四季鲜饭店','','山东省德州市夏津县南城街四季鲜饭店','15215441181','前厅','经理','20万','7年','没有','没有','','刘淑芳','母女','17182375800','马超','朋友','18831681985','李逍遥','朋友','13020617567','585','			没有做过','			无','0','','没有推荐人','2018-06-21 11:26') [ RunTime:0.0017s ]
INFO: [ view_parse ] --START--
INFO: [ template_filter ] --START--
INFO: Run Behavior\ContentReplaceBehavior [ RunTime:0.000017s ]
INFO: [ template_filter ] --END-- [ RunTime:0.000033s ]
INFO: Run Behavior\ParseTemplateBehavior [ RunTime:0.002554s ]
INFO: [ view_parse ] --END-- [ RunTime:0.002573s ]
INFO: [ view_filter ] --START--
INFO: Run Behavior\WriteHtmlCacheBehavior [ RunTime:0.000090s ]
INFO: [ view_filter ] --END-- [ RunTime:0.000105s ]
INFO: [ app_end ] --START--
INFO: Run Behavior\ShowPageTraceBehavior [ RunTime:0.000359s ]
INFO: [ app_end ] --END-- [ RunTime:0.000379s ]

[ 2018-06-21T11:26:07+08:00 ] 61.151.178.170 /index.php/Home/index/tijiao.html
INFO: [ app_init ] --START--
INFO: Run Behavior\BuildLiteBehavior [ RunTime:0.000006s ]
INFO: [ app_init ] --END-- [ RunTime:0.000177s ]
INFO: [ app_begin ] --START--
INFO: Run Behavior\ReadHtmlCacheBehavior [ RunTime:0.000231s ]
INFO: [ app_begin ] --END-- [ RunTime:0.000248s ]
NOTIC: [8] Undefined index: phone /www/wwwroot/dai.juhuaian.cn/Application/Home/Controller/IndexController.class.php 第 124 行.
INFO: [ view_parse ] --START--
INFO: [ template_filter ] --START--
INFO: Run Behavior\ContentReplaceBehavior [ RunTime:0.000039s ]
INFO: [ template_filter ] --END-- [ RunTime:0.000055s ]
NOTIC: [8] Undefined variable: tjr /www/wwwroot/dai.juhuaian.cn/Application/Runtime/Cache/Home/927bf2b8ff9146fe30c7b620aec3f14d.php 第 80 行.
INFO: Run Behavior\ParseTemplateBehavior [ RunTime:0.002823s ]
INFO: [ view_parse ] --END-- [ RunTime:0.002836s ]
INFO: [ view_filter ] --START--
INFO: Run Behavior\WriteHtmlCacheBehavior [ RunTime:0.000068s ]
INFO: [ view_filter ] --END-- [ RunTime:0.000080s ]
INFO: [ app_end ] --START--
INFO: Run Behavior\ShowPageTraceBehavior [ RunTime:0.001022s ]
INFO: [ app_end ] --END-- [ RunTime:0.001041s ]

