[ 2018-05-29T00:01:10+08:00 ] 101.226.35.225 /
INFO: [ app_init ] --START--
INFO: Run Behavior\BuildLiteBehavior [ RunTime:0.000006s ]
INFO: [ app_init ] --END-- [ RunTime:0.000165s ]
INFO: [ app_begin ] --START--
INFO: Run Behavior\ReadHtmlCacheBehavior [ RunTime:0.000215s ]
INFO: [ app_begin ] --END-- [ RunTime:0.000231s ]
NOTIC: [8] Undefined index: id /www/wwwroot/asd.luhanforex.cn/Application/Home/Controller/IndexController.class.php 第 8 行.
SQL: SHOW COLUMNS FROM `qm_cart` [ RunTime:0.0006s ]
SQL: SELECT COUNT(id) AS tp_count FROM `qm_cart` WHERE ( user_id='' ) LIMIT 1   [ RunTime:0.0000s ]
SQL: SHOW COLUMNS FROM `qm_goods` [ RunTime:0.0003s ]
SQL: SELECT * FROM `qm_goods` WHERE ( isyoushi =2 ) ORDER BY addtime desc LIMIT 4   [ RunTime:0.0001s ]
SQL: SELECT COUNT(*) AS tp_Count FROM `qm_goods` WHERE ( isyoushi=1 ) LIMIT 1   [ RunTime:0.0000s ]
SQL: SELECT * FROM `qm_goods` WHERE ( isyoushi=1 ) LIMIT 0,8   [ RunTime:0.0001s ]
SQL: SHOW COLUMNS FROM `qm_fenlei` [ RunTime:0.0002s ]
SQL: SELECT * FROM `qm_fenlei` WHERE ( pid = 0 )  [ RunTime:0.0001s ]
SQL: SELECT * FROM `qm_goods` WHERE ( f_id=1 )  [ RunTime:0.0000s ]
SQL: SELECT * FROM `qm_goods` WHERE ( f_id=2 )  [ RunTime:0.0000s ]
SQL: SELECT * FROM `qm_goods` WHERE ( f_id=3 )  [ RunTime:0.0000s ]
SQL: SELECT * FROM `qm_goods` WHERE ( f_id=4 )  [ RunTime:0.0000s ]
SQL: SELECT * FROM `qm_goods` WHERE ( f_id=5 )  [ RunTime:0.0000s ]
INFO: [ view_parse ] --START--
INFO: [ template_filter ] --START--
INFO: Run Behavior\ContentReplaceBehavior [ RunTime:0.000176s ]
INFO: [ template_filter ] --END-- [ RunTime:0.000213s ]
NOTIC: [8] Undefined variable: wp_dialog /www/wwwroot/asd.luhanforex.cn/Application/Runtime/Cache/Home/2a94b8bda04ff446dcedd42276fc99ee.php 第 752 行.
INFO: Run Behavior\ParseTemplateBehavior [ RunTime:0.008943s ]
INFO: [ view_parse ] --END-- [ RunTime:0.008963s ]
INFO: [ view_filter ] --START--
INFO: Run Behavior\WriteHtmlCacheBehavior [ RunTime:0.000144s ]
INFO: [ view_filter ] --END-- [ RunTime:0.000160s ]
INFO: [ app_end ] --START--
INFO: Run Behavior\ShowPageTraceBehavior [ RunTime:0.000460s ]
INFO: [ app_end ] --END-- [ RunTime:0.000480s ]

[ 2018-05-29T00:01:11+08:00 ] 101.226.35.225 /
INFO: [ app_init ] --START--
INFO: Run Behavior\BuildLiteBehavior [ RunTime:0.000008s ]
INFO: [ app_init ] --END-- [ RunTime:0.000178s ]
INFO: [ app_begin ] --START--
INFO: Run Behavior\ReadHtmlCacheBehavior [ RunTime:0.000214s ]
INFO: [ app_begin ] --END-- [ RunTime:0.000247s ]
NOTIC: [8] Undefined index: id /www/wwwroot/asd.luhanforex.cn/Application/Home/Controller/IndexController.class.php 第 8 行.
SQL: SHOW COLUMNS FROM `qm_cart` [ RunTime:0.0028s ]
SQL: SELECT COUNT(id) AS tp_count FROM `qm_cart` WHERE ( user_id='' ) LIMIT 1   [ RunTime:0.0000s ]
SQL: SHOW COLUMNS FROM `qm_goods` [ RunTime:0.0005s ]
SQL: SELECT * FROM `qm_goods` WHERE ( isyoushi =2 ) ORDER BY addtime desc LIMIT 4   [ RunTime:0.0001s ]
SQL: SELECT COUNT(*) AS tp_Count FROM `qm_goods` WHERE ( isyoushi=1 ) LIMIT 1   [ RunTime:0.0000s ]
SQL: SELECT * FROM `qm_goods` WHERE ( isyoushi=1 ) LIMIT 0,8   [ RunTime:0.0001s ]
SQL: SHOW COLUMNS FROM `qm_fenlei` [ RunTime:0.0004s ]
SQL: SELECT * FROM `qm_fenlei` WHERE ( pid = 0 )  [ RunTime:0.0000s ]
SQL: SELECT * FROM `qm_goods` WHERE ( f_id=1 )  [ RunTime:0.0000s ]
SQL: SELECT * FROM `qm_goods` WHERE ( f_id=2 )  [ RunTime:0.0000s ]
SQL: SELECT * FROM `qm_goods` WHERE ( f_id=3 )  [ RunTime:0.0000s ]
SQL: SELECT * FROM `qm_goods` WHERE ( f_id=4 )  [ RunTime:0.0000s ]
SQL: SELECT * FROM `qm_goods` WHERE ( f_id=5 )  [ RunTime:0.0000s ]
INFO: [ view_parse ] --START--
INFO: [ template_filter ] --START--
INFO: Run Behavior\ContentReplaceBehavior [ RunTime:0.000156s ]
INFO: [ template_filter ] --END-- [ RunTime:0.000183s ]
NOTIC: [8] Undefined variable: wp_dialog /www/wwwroot/asd.luhanforex.cn/Application/Runtime/Cache/Home/2a94b8bda04ff446dcedd42276fc99ee.php 第 752 行.
INFO: Run Behavior\ParseTemplateBehavior [ RunTime:0.008190s ]
INFO: [ view_parse ] --END-- [ RunTime:0.008204s ]
INFO: [ view_filter ] --START--
INFO: Run Behavior\WriteHtmlCacheBehavior [ RunTime:0.000105s ]
INFO: [ view_filter ] --END-- [ RunTime:0.000116s ]
INFO: [ app_end ] --START--
INFO: Run Behavior\ShowPageTraceBehavior [ RunTime:0.000257s ]
INFO: [ app_end ] --END-- [ RunTime:0.000270s ]

[ 2018-05-29T00:01:14+08:00 ] 101.226.35.225 /
INFO: [ app_init ] --START--
INFO: Run Behavior\BuildLiteBehavior [ RunTime:0.000007s ]
INFO: [ app_init ] --END-- [ RunTime:0.000186s ]
INFO: [ app_begin ] --START--
INFO: Run Behavior\ReadHtmlCacheBehavior [ RunTime:0.000207s ]
INFO: [ app_begin ] --END-- [ RunTime:0.000224s ]
NOTIC: [8] Undefined index: id /www/wwwroot/asd.luhanforex.cn/Application/Home/Controller/IndexController.class.php 第 8 行.
SQL: SHOW COLUMNS FROM `qm_cart` [ RunTime:0.0005s ]
SQL: SELECT COUNT(id) AS tp_count FROM `qm_cart` WHERE ( user_id='' ) LIMIT 1   [ RunTime:0.0000s ]
SQL: SHOW COLUMNS FROM `qm_goods` [ RunTime:0.0004s ]
SQL: SELECT * FROM `qm_goods` WHERE ( isyoushi =2 ) ORDER BY addtime desc LIMIT 4   [ RunTime:0.0001s ]
SQL: SELECT COUNT(*) AS tp_Count FROM `qm_goods` WHERE ( isyoushi=1 ) LIMIT 1   [ RunTime:0.0000s ]
SQL: SELECT * FROM `qm_goods` WHERE ( isyoushi=1 ) LIMIT 0,8   [ RunTime:0.0001s ]
SQL: SHOW COLUMNS FROM `qm_fenlei` [ RunTime:0.0003s ]
SQL: SELECT * FROM `qm_fenlei` WHERE ( pid = 0 )  [ RunTime:0.0000s ]
SQL: SELECT * FROM `qm_goods` WHERE ( f_id=1 )  [ RunTime:0.0000s ]
SQL: SELECT * FROM `qm_goods` WHERE ( f_id=2 )  [ RunTime:0.0000s ]
SQL: SELECT * FROM `qm_goods` WHERE ( f_id=3 )  [ RunTime:0.0000s ]
SQL: SELECT * FROM `qm_goods` WHERE ( f_id=4 )  [ RunTime:0.0000s ]
SQL: SELECT * FROM `qm_goods` WHERE ( f_id=5 )  [ RunTime:0.0000s ]
INFO: [ view_parse ] --START--
INFO: [ template_filter ] --START--
INFO: Run Behavior\ContentReplaceBehavior [ RunTime:0.000158s ]
INFO: [ template_filter ] --END-- [ RunTime:0.000189s ]
NOTIC: [8] Undefined variable: wp_dialog /www/wwwroot/asd.luhanforex.cn/Application/Runtime/Cache/Home/2a94b8bda04ff446dcedd42276fc99ee.php 第 752 行.
INFO: Run Behavior\ParseTemplateBehavior [ RunTime:0.008091s ]
INFO: [ view_parse ] --END-- [ RunTime:0.008110s ]
INFO: [ view_filter ] --START--
INFO: Run Behavior\WriteHtmlCacheBehavior [ RunTime:0.000111s ]
INFO: [ view_filter ] --END-- [ RunTime:0.000127s ]
INFO: [ app_end ] --START--
INFO: Run Behavior\ShowPageTraceBehavior [ RunTime:0.000301s ]
INFO: [ app_end ] --END-- [ RunTime:0.000317s ]

[ 2018-05-29T00:01:14+08:00 ] 101.226.35.225 /
INFO: [ app_init ] --START--
INFO: Run Behavior\BuildLiteBehavior [ RunTime:0.000007s ]
INFO: [ app_init ] --END-- [ RunTime:0.000176s ]
INFO: [ app_begin ] --START--
INFO: Run Behavior\ReadHtmlCacheBehavior [ RunTime:0.000231s ]
INFO: [ app_begin ] --END-- [ RunTime:0.000256s ]
NOTIC: [8] Undefined index: id /www/wwwroot/asd.luhanforex.cn/Application/Home/Controller/IndexController.class.php 第 8 行.
SQL: SHOW COLUMNS FROM `qm_cart` [ RunTime:0.0004s ]
SQL: SELECT COUNT(id) AS tp_count FROM `qm_cart` WHERE ( user_id='' ) LIMIT 1   [ RunTime:0.0000s ]
SQL: SHOW COLUMNS FROM `qm_goods` [ RunTime:0.0003s ]
SQL: SELECT * FROM `qm_goods` WHERE ( isyoushi =2 ) ORDER BY addtime desc LIMIT 4   [ RunTime:0.0001s ]
SQL: SELECT COUNT(*) AS tp_Count FROM `qm_goods` WHERE ( isyoushi=1 ) LIMIT 1   [ RunTime:0.0000s ]
SQL: SELECT * FROM `qm_goods` WHERE ( isyoushi=1 ) LIMIT 0,8   [ RunTime:0.0001s ]
SQL: SHOW COLUMNS FROM `qm_fenlei` [ RunTime:0.0002s ]
SQL: SELECT * FROM `qm_fenlei` WHERE ( pid = 0 )  [ RunTime:0.0001s ]
SQL: SELECT * FROM `qm_goods` WHERE ( f_id=1 )  [ RunTime:0.0001s ]
SQL: SELECT * FROM `qm_goods` WHERE ( f_id=2 )  [ RunTime:0.0000s ]
SQL: SELECT * FROM `qm_goods` WHERE ( f_id=3 )  [ RunTime:0.0000s ]
SQL: SELECT * FROM `qm_goods` WHERE ( f_id=4 )  [ RunTime:0.0000s ]
SQL: SELECT * FROM `qm_goods` WHERE ( f_id=5 )  [ RunTime:0.0000s ]
INFO: [ view_parse ] --START--
INFO: [ template_filter ] --START--
INFO: Run Behavior\ContentReplaceBehavior [ RunTime:0.000154s ]
INFO: [ template_filter ] --END-- [ RunTime:0.000179s ]
NOTIC: [8] Undefined variable: wp_dialog /www/wwwroot/asd.luhanforex.cn/Application/Runtime/Cache/Home/2a94b8bda04ff446dcedd42276fc99ee.php 第 752 行.
INFO: Run Behavior\ParseTemplateBehavior [ RunTime:0.007679s ]
INFO: [ view_parse ] --END-- [ RunTime:0.007694s ]
INFO: [ view_filter ] --START--
INFO: Run Behavior\WriteHtmlCacheBehavior [ RunTime:0.000104s ]
INFO: [ view_filter ] --END-- [ RunTime:0.000151s ]
INFO: [ app_end ] --START--
INFO: Run Behavior\ShowPageTraceBehavior [ RunTime:0.000286s ]
INFO: [ app_end ] --END-- [ RunTime:0.000300s ]

[ 2018-05-29T00:01:14+08:00 ] 101.226.35.225 /
INFO: [ app_init ] --START--
INFO: Run Behavior\BuildLiteBehavior [ RunTime:0.000007s ]
INFO: [ app_init ] --END-- [ RunTime:0.000197s ]
INFO: [ app_begin ] --START--
INFO: Run Behavior\ReadHtmlCacheBehavior [ RunTime:0.000225s ]
INFO: [ app_begin ] --END-- [ RunTime:0.000266s ]
NOTIC: [8] Undefined index: id /www/wwwroot/asd.luhanforex.cn/Application/Home/Controller/IndexController.class.php 第 8 行.
SQL: SHOW COLUMNS FROM `qm_cart` [ RunTime:0.0005s ]
SQL: SELECT COUNT(id) AS tp_count FROM `qm_cart` WHERE ( user_id='' ) LIMIT 1   [ RunTime:0.0000s ]
SQL: SHOW COLUMNS FROM `qm_goods` [ RunTime:0.0003s ]
SQL: SELECT * FROM `qm_goods` WHERE ( isyoushi =2 ) ORDER BY addtime desc LIMIT 4   [ RunTime:0.0001s ]
SQL: SELECT COUNT(*) AS tp_Count FROM `qm_goods` WHERE ( isyoushi=1 ) LIMIT 1   [ RunTime:0.0000s ]
SQL: SELECT * FROM `qm_goods` WHERE ( isyoushi=1 ) LIMIT 0,8   [ RunTime:0.0001s ]
SQL: SHOW COLUMNS FROM `qm_fenlei` [ RunTime:0.0002s ]
SQL: SELECT * FROM `qm_fenlei` WHERE ( pid = 0 )  [ RunTime:0.0001s ]
SQL: SELECT * FROM `qm_goods` WHERE ( f_id=1 )  [ RunTime:0.0001s ]
SQL: SELECT * FROM `qm_goods` WHERE ( f_id=2 )  [ RunTime:0.0000s ]
SQL: SELECT * FROM `qm_goods` WHERE ( f_id=3 )  [ RunTime:0.0000s ]
SQL: SELECT * FROM `qm_goods` WHERE ( f_id=4 )  [ RunTime:0.0000s ]
SQL: SELECT * FROM `qm_goods` WHERE ( f_id=5 )  [ RunTime:0.0000s ]
INFO: [ view_parse ] --START--
INFO: [ template_filter ] --START--
INFO: Run Behavior\ContentReplaceBehavior [ RunTime:0.000156s ]
INFO: [ template_filter ] --END-- [ RunTime:0.000185s ]
NOTIC: [8] Undefined variable: wp_dialog /www/wwwroot/asd.luhanforex.cn/Application/Runtime/Cache/Home/2a94b8bda04ff446dcedd42276fc99ee.php 第 752 行.
INFO: Run Behavior\ParseTemplateBehavior [ RunTime:0.007931s ]
INFO: [ view_parse ] --END-- [ RunTime:0.007947s ]
INFO: [ view_filter ] --START--
INFO: Run Behavior\WriteHtmlCacheBehavior [ RunTime:0.000106s ]
INFO: [ view_filter ] --END-- [ RunTime:0.000118s ]
INFO: [ app_end ] --START--
INFO: Run Behavior\ShowPageTraceBehavior [ RunTime:0.000282s ]
INFO: [ app_end ] --END-- [ RunTime:0.000298s ]

[ 2018-05-29T00:01:14+08:00 ] 101.226.35.225 /
INFO: [ app_init ] --START--
INFO: Run Behavior\BuildLiteBehavior [ RunTime:0.000009s ]
INFO: [ app_init ] --END-- [ RunTime:0.000187s ]
INFO: [ app_begin ] --START--
INFO: Run Behavior\ReadHtmlCacheBehavior [ RunTime:0.000268s ]
INFO: [ app_begin ] --END-- [ RunTime:0.000287s ]
NOTIC: [8] Undefined index: id /www/wwwroot/asd.luhanforex.cn/Application/Home/Controller/IndexController.class.php 第 8 行.
SQL: SHOW COLUMNS FROM `qm_cart` [ RunTime:0.0007s ]
SQL: SELECT COUNT(id) AS tp_count FROM `qm_cart` WHERE ( user_id='' ) LIMIT 1   [ RunTime:0.0000s ]
SQL: SHOW COLUMNS FROM `qm_goods` [ RunTime:0.0004s ]
SQL: SELECT * FROM `qm_goods` WHERE ( isyoushi =2 ) ORDER BY addtime desc LIMIT 4   [ RunTime:0.0001s ]
SQL: SELECT COUNT(*) AS tp_Count FROM `qm_goods` WHERE ( isyoushi=1 ) LIMIT 1   [ RunTime:0.0000s ]
SQL: SELECT * FROM `qm_goods` WHERE ( isyoushi=1 ) LIMIT 0,8   [ RunTime:0.0001s ]
SQL: SHOW COLUMNS FROM `qm_fenlei` [ RunTime:0.0003s ]
SQL: SELECT * FROM `qm_fenlei` WHERE ( pid = 0 )  [ RunTime:0.0001s ]
SQL: SELECT * FROM `qm_goods` WHERE ( f_id=1 )  [ RunTime:0.0000s ]
SQL: SELECT * FROM `qm_goods` WHERE ( f_id=2 )  [ RunTime:0.0001s ]
SQL: SELECT * FROM `qm_goods` WHERE ( f_id=3 )  [ RunTime:0.0000s ]
SQL: SELECT * FROM `qm_goods` WHERE ( f_id=4 )  [ RunTime:0.0000s ]
SQL: SELECT * FROM `qm_goods` WHERE ( f_id=5 )  [ RunTime:0.0000s ]
INFO: [ view_parse ] --START--
INFO: [ template_filter ] --START--
INFO: Run Behavior\ContentReplaceBehavior [ RunTime:0.000160s ]
INFO: [ template_filter ] --END-- [ RunTime:0.000187s ]
NOTIC: [8] Undefined variable: wp_dialog /www/wwwroot/asd.luhanforex.cn/Application/Runtime/Cache/Home/2a94b8bda04ff446dcedd42276fc99ee.php 第 752 行.
INFO: Run Behavior\ParseTemplateBehavior [ RunTime:0.007588s ]
INFO: [ view_parse ] --END-- [ RunTime:0.007603s ]
INFO: [ view_filter ] --START--
INFO: Run Behavior\WriteHtmlCacheBehavior [ RunTime:0.000114s ]
INFO: [ view_filter ] --END-- [ RunTime:0.000125s ]
INFO: [ app_end ] --START--
INFO: Run Behavior\ShowPageTraceBehavior [ RunTime:0.000277s ]
INFO: [ app_end ] --END-- [ RunTime:0.000290s ]

[ 2018-05-29T01:04:03+08:00 ] 157.55.39.106 /
INFO: [ app_init ] --START--
INFO: Run Behavior\BuildLiteBehavior [ RunTime:0.000007s ]
INFO: [ app_init ] --END-- [ RunTime:0.000213s ]
INFO: [ app_begin ] --START--
INFO: Run Behavior\ReadHtmlCacheBehavior [ RunTime:0.000284s ]
INFO: [ app_begin ] --END-- [ RunTime:0.000302s ]
NOTIC: [8] Undefined index: id /www/wwwroot/asd.luhanforex.cn/Application/Home/Controller/IndexController.class.php 第 8 行.
SQL: SHOW COLUMNS FROM `qm_cart` [ RunTime:0.0006s ]
SQL: SELECT COUNT(id) AS tp_count FROM `qm_cart` WHERE ( user_id='' ) LIMIT 1   [ RunTime:0.0001s ]
SQL: SHOW COLUMNS FROM `qm_goods` [ RunTime:0.0005s ]
SQL: SELECT * FROM `qm_goods` WHERE ( isyoushi =2 ) ORDER BY addtime desc LIMIT 4   [ RunTime:0.0001s ]
SQL: SELECT COUNT(*) AS tp_Count FROM `qm_goods` WHERE ( isyoushi=1 ) LIMIT 1   [ RunTime:0.0001s ]
SQL: SELECT * FROM `qm_goods` WHERE ( isyoushi=1 ) LIMIT 0,8   [ RunTime:0.0001s ]
SQL: SHOW COLUMNS FROM `qm_fenlei` [ RunTime:0.0003s ]
SQL: SELECT * FROM `qm_fenlei` WHERE ( pid = 0 )  [ RunTime:0.0001s ]
SQL: SELECT * FROM `qm_goods` WHERE ( f_id=1 )  [ RunTime:0.0001s ]
SQL: SELECT * FROM `qm_goods` WHERE ( f_id=2 )  [ RunTime:0.0001s ]
SQL: SELECT * FROM `qm_goods` WHERE ( f_id=3 )  [ RunTime:0.0000s ]
SQL: SELECT * FROM `qm_goods` WHERE ( f_id=4 )  [ RunTime:0.0001s ]
SQL: SELECT * FROM `qm_goods` WHERE ( f_id=5 )  [ RunTime:0.0001s ]
INFO: [ view_parse ] --START--
INFO: [ template_filter ] --START--
INFO: Run Behavior\ContentReplaceBehavior [ RunTime:0.000178s ]
INFO: [ template_filter ] --END-- [ RunTime:0.000217s ]
NOTIC: [8] Undefined variable: wp_dialog /www/wwwroot/asd.luhanforex.cn/Application/Runtime/Cache/Home/2a94b8bda04ff446dcedd42276fc99ee.php 第 752 行.
INFO: Run Behavior\ParseTemplateBehavior [ RunTime:0.009903s ]
INFO: [ view_parse ] --END-- [ RunTime:0.009923s ]
INFO: [ view_filter ] --START--
INFO: Run Behavior\WriteHtmlCacheBehavior [ RunTime:0.000128s ]
INFO: [ view_filter ] --END-- [ RunTime:0.000143s ]
INFO: [ app_end ] --START--
INFO: Run Behavior\ShowPageTraceBehavior [ RunTime:0.000505s ]
INFO: [ app_end ] --END-- [ RunTime:0.000525s ]

[ 2018-05-29T02:17:50+08:00 ] 14.17.21.58 /
INFO: [ app_init ] --START--
INFO: Run Behavior\BuildLiteBehavior [ RunTime:0.000006s ]
INFO: [ app_init ] --END-- [ RunTime:0.000191s ]
INFO: [ app_begin ] --START--
INFO: Run Behavior\ReadHtmlCacheBehavior [ RunTime:0.000426s ]
INFO: [ app_begin ] --END-- [ RunTime:0.000459s ]
NOTIC: [8] Undefined index: id /www/wwwroot/asd.luhanforex.cn/Application/Home/Controller/IndexController.class.php 第 8 行.
SQL: SHOW COLUMNS FROM `qm_cart` [ RunTime:0.0008s ]
SQL: SELECT COUNT(id) AS tp_count FROM `qm_cart` WHERE ( user_id='' ) LIMIT 1   [ RunTime:0.0001s ]
SQL: SHOW COLUMNS FROM `qm_goods` [ RunTime:0.0006s ]
SQL: SELECT * FROM `qm_goods` WHERE ( isyoushi =2 ) ORDER BY addtime desc LIMIT 4   [ RunTime:0.0001s ]
SQL: SELECT COUNT(*) AS tp_Count FROM `qm_goods` WHERE ( isyoushi=1 ) LIMIT 1   [ RunTime:0.0000s ]
SQL: SELECT * FROM `qm_goods` WHERE ( isyoushi=1 ) LIMIT 0,8   [ RunTime:0.0001s ]
SQL: SHOW COLUMNS FROM `qm_fenlei` [ RunTime:0.0004s ]
SQL: SELECT * FROM `qm_fenlei` WHERE ( pid = 0 )  [ RunTime:0.0001s ]
SQL: SELECT * FROM `qm_goods` WHERE ( f_id=1 )  [ RunTime:0.0001s ]
SQL: SELECT * FROM `qm_goods` WHERE ( f_id=2 )  [ RunTime:0.0001s ]
SQL: SELECT * FROM `qm_goods` WHERE ( f_id=3 )  [ RunTime:0.0001s ]
SQL: SELECT * FROM `qm_goods` WHERE ( f_id=4 )  [ RunTime:0.0001s ]
SQL: SELECT * FROM `qm_goods` WHERE ( f_id=5 )  [ RunTime:0.0001s ]
INFO: [ view_parse ] --START--
INFO: [ template_filter ] --START--
INFO: Run Behavior\ContentReplaceBehavior [ RunTime:0.000162s ]
INFO: [ template_filter ] --END-- [ RunTime:0.000192s ]
NOTIC: [8] Undefined variable: wp_dialog /www/wwwroot/asd.luhanforex.cn/Application/Runtime/Cache/Home/2a94b8bda04ff446dcedd42276fc99ee.php 第 752 行.
INFO: Run Behavior\ParseTemplateBehavior [ RunTime:0.008307s ]
INFO: [ view_parse ] --END-- [ RunTime:0.008327s ]
INFO: [ view_filter ] --START--
INFO: Run Behavior\WriteHtmlCacheBehavior [ RunTime:0.000121s ]
INFO: [ view_filter ] --END-- [ RunTime:0.000134s ]
INFO: [ app_end ] --START--
INFO: Run Behavior\ShowPageTraceBehavior [ RunTime:0.000266s ]
INFO: [ app_end ] --END-- [ RunTime:0.000280s ]

[ 2018-05-29T06:36:08+08:00 ] 119.147.207.144 /
INFO: [ app_init ] --START--
INFO: Run Behavior\BuildLiteBehavior [ RunTime:0.000007s ]
INFO: [ app_init ] --END-- [ RunTime:0.000164s ]
INFO: [ app_begin ] --START--
INFO: Run Behavior\ReadHtmlCacheBehavior [ RunTime:0.000265s ]
INFO: [ app_begin ] --END-- [ RunTime:0.000284s ]
NOTIC: [8] Undefined index: id /www/wwwroot/asd.luhanforex.cn/Application/Home/Controller/IndexController.class.php 第 8 行.
SQL: SHOW COLUMNS FROM `qm_cart` [ RunTime:0.0005s ]
SQL: SELECT COUNT(id) AS tp_count FROM `qm_cart` WHERE ( user_id='' ) LIMIT 1   [ RunTime:0.0000s ]
SQL: SHOW COLUMNS FROM `qm_goods` [ RunTime:0.0004s ]
SQL: SELECT * FROM `qm_goods` WHERE ( isyoushi =2 ) ORDER BY addtime desc LIMIT 4   [ RunTime:0.0001s ]
SQL: SELECT COUNT(*) AS tp_Count FROM `qm_goods` WHERE ( isyoushi=1 ) LIMIT 1   [ RunTime:0.0000s ]
SQL: SELECT * FROM `qm_goods` WHERE ( isyoushi=1 ) LIMIT 0,8   [ RunTime:0.0001s ]
SQL: SHOW COLUMNS FROM `qm_fenlei` [ RunTime:0.0003s ]
SQL: SELECT * FROM `qm_fenlei` WHERE ( pid = 0 )  [ RunTime:0.0000s ]
SQL: SELECT * FROM `qm_goods` WHERE ( f_id=1 )  [ RunTime:0.0000s ]
SQL: SELECT * FROM `qm_goods` WHERE ( f_id=2 )  [ RunTime:0.0000s ]
SQL: SELECT * FROM `qm_goods` WHERE ( f_id=3 )  [ RunTime:0.0000s ]
SQL: SELECT * FROM `qm_goods` WHERE ( f_id=4 )  [ RunTime:0.0000s ]
SQL: SELECT * FROM `qm_goods` WHERE ( f_id=5 )  [ RunTime:0.0000s ]
INFO: [ view_parse ] --START--
INFO: [ template_filter ] --START--
INFO: Run Behavior\ContentReplaceBehavior [ RunTime:0.000182s ]
INFO: [ template_filter ] --END-- [ RunTime:0.000222s ]
NOTIC: [8] Undefined variable: wp_dialog /www/wwwroot/asd.luhanforex.cn/Application/Runtime/Cache/Home/2a94b8bda04ff446dcedd42276fc99ee.php 第 752 行.
INFO: Run Behavior\ParseTemplateBehavior [ RunTime:0.008570s ]
INFO: [ view_parse ] --END-- [ RunTime:0.008606s ]
INFO: [ view_filter ] --START--
INFO: Run Behavior\WriteHtmlCacheBehavior [ RunTime:0.000108s ]
INFO: [ view_filter ] --END-- [ RunTime:0.000121s ]
INFO: [ app_end ] --START--
INFO: Run Behavior\ShowPageTraceBehavior [ RunTime:0.000310s ]
INFO: [ app_end ] --END-- [ RunTime:0.000327s ]

[ 2018-05-29T07:06:03+08:00 ] 157.55.39.106 /
INFO: [ app_init ] --START--
INFO: Run Behavior\BuildLiteBehavior [ RunTime:0.000007s ]
INFO: [ app_init ] --END-- [ RunTime:0.000171s ]
INFO: [ app_begin ] --START--
INFO: Run Behavior\ReadHtmlCacheBehavior [ RunTime:0.000213s ]
INFO: [ app_begin ] --END-- [ RunTime:0.000229s ]
NOTIC: [8] Undefined index: id /www/wwwroot/asd.luhanforex.cn/Application/Home/Controller/IndexController.class.php 第 8 行.
SQL: SHOW COLUMNS FROM `qm_cart` [ RunTime:0.0006s ]
SQL: SELECT COUNT(id) AS tp_count FROM `qm_cart` WHERE ( user_id='' ) LIMIT 1   [ RunTime:0.0000s ]
SQL: SHOW COLUMNS FROM `qm_goods` [ RunTime:0.0005s ]
SQL: SELECT * FROM `qm_goods` WHERE ( isyoushi =2 ) ORDER BY addtime desc LIMIT 4   [ RunTime:0.0001s ]
SQL: SELECT COUNT(*) AS tp_Count FROM `qm_goods` WHERE ( isyoushi=1 ) LIMIT 1   [ RunTime:0.0000s ]
SQL: SELECT * FROM `qm_goods` WHERE ( isyoushi=1 ) LIMIT 0,8   [ RunTime:0.0001s ]
SQL: SHOW COLUMNS FROM `qm_fenlei` [ RunTime:0.0003s ]
SQL: SELECT * FROM `qm_fenlei` WHERE ( pid = 0 )  [ RunTime:0.0001s ]
SQL: SELECT * FROM `qm_goods` WHERE ( f_id=1 )  [ RunTime:0.0000s ]
SQL: SELECT * FROM `qm_goods` WHERE ( f_id=2 )  [ RunTime:0.0000s ]
SQL: SELECT * FROM `qm_goods` WHERE ( f_id=3 )  [ RunTime:0.0000s ]
SQL: SELECT * FROM `qm_goods` WHERE ( f_id=4 )  [ RunTime:0.0000s ]
SQL: SELECT * FROM `qm_goods` WHERE ( f_id=5 )  [ RunTime:0.0000s ]
INFO: [ view_parse ] --START--
INFO: [ template_filter ] --START--
INFO: Run Behavior\ContentReplaceBehavior [ RunTime:0.000151s ]
INFO: [ template_filter ] --END-- [ RunTime:0.000178s ]
NOTIC: [8] Undefined variable: wp_dialog /www/wwwroot/asd.luhanforex.cn/Application/Runtime/Cache/Home/2a94b8bda04ff446dcedd42276fc99ee.php 第 752 行.
INFO: Run Behavior\ParseTemplateBehavior [ RunTime:0.007829s ]
INFO: [ view_parse ] --END-- [ RunTime:0.007846s ]
INFO: [ view_filter ] --START--
INFO: Run Behavior\WriteHtmlCacheBehavior [ RunTime:0.000098s ]
INFO: [ view_filter ] --END-- [ RunTime:0.000108s ]
INFO: [ app_end ] --START--
INFO: Run Behavior\ShowPageTraceBehavior [ RunTime:0.000279s ]
INFO: [ app_end ] --END-- [ RunTime:0.000294s ]

[ 2018-05-29T07:12:06+08:00 ] 157.55.39.106 /
INFO: [ app_init ] --START--
INFO: Run Behavior\BuildLiteBehavior [ RunTime:0.000008s ]
INFO: [ app_init ] --END-- [ RunTime:0.000178s ]
INFO: [ app_begin ] --START--
INFO: Run Behavior\ReadHtmlCacheBehavior [ RunTime:0.000239s ]
INFO: [ app_begin ] --END-- [ RunTime:0.000255s ]
NOTIC: [8] Undefined index: id /www/wwwroot/asd.luhanforex.cn/Application/Home/Controller/IndexController.class.php 第 8 行.
SQL: SHOW COLUMNS FROM `qm_cart` [ RunTime:0.0006s ]
SQL: SELECT COUNT(id) AS tp_count FROM `qm_cart` WHERE ( user_id='' ) LIMIT 1   [ RunTime:0.0001s ]
SQL: SHOW COLUMNS FROM `qm_goods` [ RunTime:0.0004s ]
SQL: SELECT * FROM `qm_goods` WHERE ( isyoushi =2 ) ORDER BY addtime desc LIMIT 4   [ RunTime:0.0001s ]
SQL: SELECT COUNT(*) AS tp_Count FROM `qm_goods` WHERE ( isyoushi=1 ) LIMIT 1   [ RunTime:0.0001s ]
SQL: SELECT * FROM `qm_goods` WHERE ( isyoushi=1 ) LIMIT 0,8   [ RunTime:0.0001s ]
SQL: SHOW COLUMNS FROM `qm_fenlei` [ RunTime:0.0003s ]
SQL: SELECT * FROM `qm_fenlei` WHERE ( pid = 0 )  [ RunTime:0.0001s ]
SQL: SELECT * FROM `qm_goods` WHERE ( f_id=1 )  [ RunTime:0.0001s ]
SQL: SELECT * FROM `qm_goods` WHERE ( f_id=2 )  [ RunTime:0.0001s ]
SQL: SELECT * FROM `qm_goods` WHERE ( f_id=3 )  [ RunTime:0.0000s ]
SQL: SELECT * FROM `qm_goods` WHERE ( f_id=4 )  [ RunTime:0.0000s ]
SQL: SELECT * FROM `qm_goods` WHERE ( f_id=5 )  [ RunTime:0.0000s ]
INFO: [ view_parse ] --START--
INFO: [ template_filter ] --START--
INFO: Run Behavior\ContentReplaceBehavior [ RunTime:0.000196s ]
INFO: [ template_filter ] --END-- [ RunTime:0.000232s ]
NOTIC: [8] Undefined variable: wp_dialog /www/wwwroot/asd.luhanforex.cn/Application/Runtime/Cache/Home/2a94b8bda04ff446dcedd42276fc99ee.php 第 752 行.
INFO: Run Behavior\ParseTemplateBehavior [ RunTime:0.009242s ]
INFO: [ view_parse ] --END-- [ RunTime:0.009263s ]
INFO: [ view_filter ] --START--
INFO: Run Behavior\WriteHtmlCacheBehavior [ RunTime:0.000144s ]
INFO: [ view_filter ] --END-- [ RunTime:0.000161s ]
INFO: [ app_end ] --START--
INFO: Run Behavior\ShowPageTraceBehavior [ RunTime:0.000392s ]
INFO: [ app_end ] --END-- [ RunTime:0.000415s ]

[ 2018-05-29T07:25:21+08:00 ] 157.55.39.201 /
INFO: [ app_init ] --START--
INFO: Run Behavior\BuildLiteBehavior [ RunTime:0.000009s ]
INFO: [ app_init ] --END-- [ RunTime:0.000242s ]
INFO: [ app_begin ] --START--
INFO: Run Behavior\ReadHtmlCacheBehavior [ RunTime:0.000329s ]
INFO: [ app_begin ] --END-- [ RunTime:0.000352s ]
NOTIC: [8] Undefined index: id /www/wwwroot/asd.luhanforex.cn/Application/Home/Controller/IndexController.class.php 第 8 行.
SQL: SHOW COLUMNS FROM `qm_cart` [ RunTime:0.0064s ]
SQL: SELECT COUNT(id) AS tp_count FROM `qm_cart` WHERE ( user_id='' ) LIMIT 1   [ RunTime:0.0001s ]
SQL: SHOW COLUMNS FROM `qm_goods` [ RunTime:0.0003s ]
SQL: SELECT * FROM `qm_goods` WHERE ( isyoushi =2 ) ORDER BY addtime desc LIMIT 4   [ RunTime:0.0001s ]
SQL: SELECT COUNT(*) AS tp_Count FROM `qm_goods` WHERE ( isyoushi=1 ) LIMIT 1   [ RunTime:0.0000s ]
SQL: SELECT * FROM `qm_goods` WHERE ( isyoushi=1 ) LIMIT 0,8   [ RunTime:0.0001s ]
SQL: SHOW COLUMNS FROM `qm_fenlei` [ RunTime:0.0002s ]
SQL: SELECT * FROM `qm_fenlei` WHERE ( pid = 0 )  [ RunTime:0.0000s ]
SQL: SELECT * FROM `qm_goods` WHERE ( f_id=1 )  [ RunTime:0.0000s ]
SQL: SELECT * FROM `qm_goods` WHERE ( f_id=2 )  [ RunTime:0.0000s ]
SQL: SELECT * FROM `qm_goods` WHERE ( f_id=3 )  [ RunTime:0.0000s ]
SQL: SELECT * FROM `qm_goods` WHERE ( f_id=4 )  [ RunTime:0.0000s ]
SQL: SELECT * FROM `qm_goods` WHERE ( f_id=5 )  [ RunTime:0.0000s ]
INFO: [ view_parse ] --START--
INFO: [ template_filter ] --START--
INFO: Run Behavior\ContentReplaceBehavior [ RunTime:0.000176s ]
INFO: [ template_filter ] --END-- [ RunTime:0.000210s ]
NOTIC: [8] Undefined variable: wp_dialog /www/wwwroot/asd.luhanforex.cn/Application/Runtime/Cache/Home/2a94b8bda04ff446dcedd42276fc99ee.php 第 752 行.
INFO: Run Behavior\ParseTemplateBehavior [ RunTime:0.009825s ]
INFO: [ view_parse ] --END-- [ RunTime:0.009842s ]
INFO: [ view_filter ] --START--
INFO: Run Behavior\WriteHtmlCacheBehavior [ RunTime:0.000101s ]
INFO: [ view_filter ] --END-- [ RunTime:0.000112s ]
INFO: [ app_end ] --START--
INFO: Run Behavior\ShowPageTraceBehavior [ RunTime:0.000263s ]
INFO: [ app_end ] --END-- [ RunTime:0.000276s ]

[ 2018-05-29T08:06:19+08:00 ] 202.108.211.56 /
INFO: [ app_init ] --START--
INFO: Run Behavior\BuildLiteBehavior [ RunTime:0.000010s ]
INFO: [ app_init ] --END-- [ RunTime:0.000231s ]
INFO: [ app_begin ] --START--
INFO: Run Behavior\ReadHtmlCacheBehavior [ RunTime:0.000335s ]
INFO: [ app_begin ] --END-- [ RunTime:0.000356s ]
NOTIC: [8] Undefined index: id /www/wwwroot/asd.luhanforex.cn/Application/Home/Controller/IndexController.class.php 第 8 行.
SQL: SHOW COLUMNS FROM `qm_cart` [ RunTime:0.0007s ]
SQL: SELECT COUNT(id) AS tp_count FROM `qm_cart` WHERE ( user_id='' ) LIMIT 1   [ RunTime:0.0001s ]
SQL: SHOW COLUMNS FROM `qm_goods` [ RunTime:0.0004s ]
SQL: SELECT * FROM `qm_goods` WHERE ( isyoushi =2 ) ORDER BY addtime desc LIMIT 4   [ RunTime:0.0001s ]
SQL: SELECT COUNT(*) AS tp_Count FROM `qm_goods` WHERE ( isyoushi=1 ) LIMIT 1   [ RunTime:0.0000s ]
SQL: SELECT * FROM `qm_goods` WHERE ( isyoushi=1 ) LIMIT 0,8   [ RunTime:0.0001s ]
SQL: SHOW COLUMNS FROM `qm_fenlei` [ RunTime:0.0003s ]
SQL: SELECT * FROM `qm_fenlei` WHERE ( pid = 0 )  [ RunTime:0.0001s ]
SQL: SELECT * FROM `qm_goods` WHERE ( f_id=1 )  [ RunTime:0.0001s ]
SQL: SELECT * FROM `qm_goods` WHERE ( f_id=2 )  [ RunTime:0.0001s ]
SQL: SELECT * FROM `qm_goods` WHERE ( f_id=3 )  [ RunTime:0.0000s ]
SQL: SELECT * FROM `qm_goods` WHERE ( f_id=4 )  [ RunTime:0.0000s ]
SQL: SELECT * FROM `qm_goods` WHERE ( f_id=5 )  [ RunTime:0.0000s ]
INFO: [ view_parse ] --START--
INFO: [ template_filter ] --START--
INFO: Run Behavior\ContentReplaceBehavior [ RunTime:0.000186s ]
INFO: [ template_filter ] --END-- [ RunTime:0.000223s ]
NOTIC: [8] Undefined variable: wp_dialog /www/wwwroot/asd.luhanforex.cn/Application/Runtime/Cache/Home/2a94b8bda04ff446dcedd42276fc99ee.php 第 752 行.
INFO: Run Behavior\ParseTemplateBehavior [ RunTime:0.009386s ]
INFO: [ view_parse ] --END-- [ RunTime:0.009409s ]
INFO: [ view_filter ] --START--
INFO: Run Behavior\WriteHtmlCacheBehavior [ RunTime:0.000139s ]
INFO: [ view_filter ] --END-- [ RunTime:0.000154s ]
INFO: [ app_end ] --START--
INFO: Run Behavior\ShowPageTraceBehavior [ RunTime:0.000370s ]
INFO: [ app_end ] --END-- [ RunTime:0.000389s ]

[ 2018-05-29T08:28:12+08:00 ] 207.46.13.210 /
INFO: [ app_init ] --START--
INFO: Run Behavior\BuildLiteBehavior [ RunTime:0.000007s ]
INFO: [ app_init ] --END-- [ RunTime:0.000177s ]
INFO: [ app_begin ] --START--
INFO: Run Behavior\ReadHtmlCacheBehavior [ RunTime:0.000265s ]
INFO: [ app_begin ] --END-- [ RunTime:0.000286s ]
NOTIC: [8] Undefined index: id /www/wwwroot/asd.luhanforex.cn/Application/Home/Controller/IndexController.class.php 第 8 行.
SQL: SHOW COLUMNS FROM `qm_cart` [ RunTime:0.0005s ]
SQL: SELECT COUNT(id) AS tp_count FROM `qm_cart` WHERE ( user_id='' ) LIMIT 1   [ RunTime:0.0000s ]
SQL: SHOW COLUMNS FROM `qm_goods` [ RunTime:0.0003s ]
SQL: SELECT * FROM `qm_goods` WHERE ( isyoushi =2 ) ORDER BY addtime desc LIMIT 4   [ RunTime:0.0001s ]
SQL: SELECT COUNT(*) AS tp_Count FROM `qm_goods` WHERE ( isyoushi=1 ) LIMIT 1   [ RunTime:0.0000s ]
SQL: SELECT * FROM `qm_goods` WHERE ( isyoushi=1 ) LIMIT 0,8   [ RunTime:0.0001s ]
SQL: SHOW COLUMNS FROM `qm_fenlei` [ RunTime:0.0003s ]
SQL: SELECT * FROM `qm_fenlei` WHERE ( pid = 0 )  [ RunTime:0.0001s ]
SQL: SELECT * FROM `qm_goods` WHERE ( f_id=1 )  [ RunTime:0.0001s ]
SQL: SELECT * FROM `qm_goods` WHERE ( f_id=2 )  [ RunTime:0.0001s ]
SQL: SELECT * FROM `qm_goods` WHERE ( f_id=3 )  [ RunTime:0.0000s ]
SQL: SELECT * FROM `qm_goods` WHERE ( f_id=4 )  [ RunTime:0.0001s ]
SQL: SELECT * FROM `qm_goods` WHERE ( f_id=5 )  [ RunTime:0.0000s ]
INFO: [ view_parse ] --START--
INFO: [ template_filter ] --START--
INFO: Run Behavior\ContentReplaceBehavior [ RunTime:0.000178s ]
INFO: [ template_filter ] --END-- [ RunTime:0.000215s ]
NOTIC: [8] Undefined variable: wp_dialog /www/wwwroot/asd.luhanforex.cn/Application/Runtime/Cache/Home/2a94b8bda04ff446dcedd42276fc99ee.php 第 752 行.
INFO: Run Behavior\ParseTemplateBehavior [ RunTime:0.008291s ]
INFO: [ view_parse ] --END-- [ RunTime:0.008310s ]
INFO: [ view_filter ] --START--
INFO: Run Behavior\WriteHtmlCacheBehavior [ RunTime:0.000134s ]
INFO: [ view_filter ] --END-- [ RunTime:0.000152s ]
INFO: [ app_end ] --START--
INFO: Run Behavior\ShowPageTraceBehavior [ RunTime:0.000396s ]
INFO: [ app_end ] --END-- [ RunTime:0.000417s ]

[ 2018-05-29T09:37:55+08:00 ] 106.11.155.220 /index.php/Home/shop/index/gid/622
INFO: [ app_init ] --START--
INFO: Run Behavior\BuildLiteBehavior [ RunTime:0.000010s ]
INFO: [ app_init ] --END-- [ RunTime:0.000368s ]
INFO: [ app_begin ] --START--
INFO: Run Behavior\ReadHtmlCacheBehavior [ RunTime:0.000314s ]
INFO: [ app_begin ] --END-- [ RunTime:0.000337s ]
SQL: SHOW COLUMNS FROM `qm_goods` [ RunTime:0.0005s ]
SQL: SELECT * FROM `qm_goods` WHERE ( id='622' ) LIMIT 1   [ RunTime:0.0001s ]
SQL: SHOW COLUMNS FROM `qm_shop` [ RunTime:0.0003s ]
SQL: SELECT * FROM `qm_shop` WHERE ( user_id='1' ) LIMIT 1   [ RunTime:0.0001s ]
SQL: SELECT * FROM `qm_goods` WHERE ( user_id='1' )  [ RunTime:0.0000s ]
INFO: [ view_parse ] --START--
INFO: [ template_filter ] --START--
INFO: Run Behavior\ContentReplaceBehavior [ RunTime:0.000163s ]
INFO: [ template_filter ] --END-- [ RunTime:0.000195s ]
NOTIC: [8] Undefined variable: shu /www/wwwroot/asd.luhanforex.cn/Application/Runtime/Cache/Home/58c9b418295366ada92ef91abf88ff39.php 第 506 行.
NOTIC: [8] Undefined variable: wp_dialog /www/wwwroot/asd.luhanforex.cn/Application/Runtime/Cache/Home/58c9b418295366ada92ef91abf88ff39.php 第 716 行.
INFO: Run Behavior\ParseTemplateBehavior [ RunTime:0.026437s ]
INFO: [ view_parse ] --END-- [ RunTime:0.026462s ]
INFO: [ view_filter ] --START--
INFO: Run Behavior\WriteHtmlCacheBehavior [ RunTime:0.000109s ]
INFO: [ view_filter ] --END-- [ RunTime:0.000125s ]
INFO: [ app_end ] --START--
INFO: Run Behavior\ShowPageTraceBehavior [ RunTime:0.000371s ]
INFO: [ app_end ] --END-- [ RunTime:0.000386s ]

[ 2018-05-29T09:43:01+08:00 ] 168.1.128.76 /
INFO: [ app_init ] --START--
INFO: Run Behavior\BuildLiteBehavior [ RunTime:0.000007s ]
INFO: [ app_init ] --END-- [ RunTime:0.000172s ]
INFO: [ app_begin ] --START--
INFO: Run Behavior\ReadHtmlCacheBehavior [ RunTime:0.000248s ]
INFO: [ app_begin ] --END-- [ RunTime:0.000266s ]
NOTIC: [8] Undefined index: id /www/wwwroot/asd.luhanforex.cn/Application/Home/Controller/IndexController.class.php 第 8 行.
SQL: SHOW COLUMNS FROM `qm_cart` [ RunTime:0.0005s ]
SQL: SELECT COUNT(id) AS tp_count FROM `qm_cart` WHERE ( user_id='' ) LIMIT 1   [ RunTime:0.0000s ]
SQL: SHOW COLUMNS FROM `qm_goods` [ RunTime:0.0004s ]
SQL: SELECT * FROM `qm_goods` WHERE ( isyoushi =2 ) ORDER BY addtime desc LIMIT 4   [ RunTime:0.0001s ]
SQL: SELECT COUNT(*) AS tp_Count FROM `qm_goods` WHERE ( isyoushi=1 ) LIMIT 1   [ RunTime:0.0000s ]
SQL: SELECT * FROM `qm_goods` WHERE ( isyoushi=1 ) LIMIT 0,8   [ RunTime:0.0001s ]
SQL: SHOW COLUMNS FROM `qm_fenlei` [ RunTime:0.0002s ]
SQL: SELECT * FROM `qm_fenlei` WHERE ( pid = 0 )  [ RunTime:0.0001s ]
SQL: SELECT * FROM `qm_goods` WHERE ( f_id=1 )  [ RunTime:0.0000s ]
SQL: SELECT * FROM `qm_goods` WHERE ( f_id=2 )  [ RunTime:0.0000s ]
SQL: SELECT * FROM `qm_goods` WHERE ( f_id=3 )  [ RunTime:0.0000s ]
SQL: SELECT * FROM `qm_goods` WHERE ( f_id=4 )  [ RunTime:0.0000s ]
SQL: SELECT * FROM `qm_goods` WHERE ( f_id=5 )  [ RunTime:0.0000s ]
INFO: [ view_parse ] --START--
INFO: [ template_filter ] --START--
INFO: Run Behavior\ContentReplaceBehavior [ RunTime:0.000153s ]
INFO: [ template_filter ] --END-- [ RunTime:0.000184s ]
NOTIC: [8] Undefined variable: wp_dialog /www/wwwroot/asd.luhanforex.cn/Application/Runtime/Cache/Home/2a94b8bda04ff446dcedd42276fc99ee.php 第 752 行.
INFO: Run Behavior\ParseTemplateBehavior [ RunTime:0.007729s ]
INFO: [ view_parse ] --END-- [ RunTime:0.007745s ]
INFO: [ view_filter ] --START--
INFO: Run Behavior\WriteHtmlCacheBehavior [ RunTime:0.000105s ]
INFO: [ view_filter ] --END-- [ RunTime:0.000117s ]
INFO: [ app_end ] --START--
INFO: Run Behavior\ShowPageTraceBehavior [ RunTime:0.000320s ]
INFO: [ app_end ] --END-- [ RunTime:0.000334s ]

[ 2018-05-29T10:20:12+08:00 ] 54.215.254.26 /
INFO: [ app_init ] --START--
INFO: Run Behavior\BuildLiteBehavior [ RunTime:0.000007s ]
INFO: [ app_init ] --END-- [ RunTime:0.000167s ]
INFO: [ app_begin ] --START--
INFO: Run Behavior\ReadHtmlCacheBehavior [ RunTime:0.000203s ]
INFO: [ app_begin ] --END-- [ RunTime:0.000220s ]
NOTIC: [8] Undefined index: id /www/wwwroot/asd.luhanforex.cn/Application/Home/Controller/IndexController.class.php 第 8 行.
SQL: SHOW COLUMNS FROM `qm_cart` [ RunTime:0.0004s ]
SQL: SELECT COUNT(id) AS tp_count FROM `qm_cart` WHERE ( user_id='' ) LIMIT 1   [ RunTime:0.0000s ]
SQL: SHOW COLUMNS FROM `qm_goods` [ RunTime:0.0003s ]
SQL: SELECT * FROM `qm_goods` WHERE ( isyoushi =2 ) ORDER BY addtime desc LIMIT 4   [ RunTime:0.0001s ]
SQL: SELECT COUNT(*) AS tp_Count FROM `qm_goods` WHERE ( isyoushi=1 ) LIMIT 1   [ RunTime:0.0000s ]
SQL: SELECT * FROM `qm_goods` WHERE ( isyoushi=1 ) LIMIT 0,8   [ RunTime:0.0001s ]
SQL: SHOW COLUMNS FROM `qm_fenlei` [ RunTime:0.0007s ]
SQL: SELECT * FROM `qm_fenlei` WHERE ( pid = 0 )  [ RunTime:0.0000s ]
SQL: SELECT * FROM `qm_goods` WHERE ( f_id=1 )  [ RunTime:0.0000s ]
SQL: SELECT * FROM `qm_goods` WHERE ( f_id=2 )  [ RunTime:0.0000s ]
SQL: SELECT * FROM `qm_goods` WHERE ( f_id=3 )  [ RunTime:0.0000s ]
SQL: SELECT * FROM `qm_goods` WHERE ( f_id=4 )  [ RunTime:0.0000s ]
SQL: SELECT * FROM `qm_goods` WHERE ( f_id=5 )  [ RunTime:0.0000s ]
INFO: [ view_parse ] --START--
INFO: [ template_filter ] --START--
INFO: Run Behavior\ContentReplaceBehavior [ RunTime:0.000157s ]
INFO: [ template_filter ] --END-- [ RunTime:0.000183s ]
NOTIC: [8] Undefined variable: wp_dialog /www/wwwroot/asd.luhanforex.cn/Application/Runtime/Cache/Home/2a94b8bda04ff446dcedd42276fc99ee.php 第 752 行.
INFO: Run Behavior\ParseTemplateBehavior [ RunTime:0.007628s ]
INFO: [ view_parse ] --END-- [ RunTime:0.007642s ]
INFO: [ view_filter ] --START--
INFO: Run Behavior\WriteHtmlCacheBehavior [ RunTime:0.000089s ]
INFO: [ view_filter ] --END-- [ RunTime:0.000100s ]
INFO: [ app_end ] --START--
INFO: Run Behavior\ShowPageTraceBehavior [ RunTime:0.000272s ]
INFO: [ app_end ] --END-- [ RunTime:0.000295s ]

[ 2018-05-29T12:37:38+08:00 ] 207.46.13.124 /
INFO: [ app_init ] --START--
INFO: Run Behavior\BuildLiteBehavior [ RunTime:0.000007s ]
INFO: [ app_init ] --END-- [ RunTime:0.000175s ]
INFO: [ app_begin ] --START--
INFO: Run Behavior\ReadHtmlCacheBehavior [ RunTime:0.000255s ]
INFO: [ app_begin ] --END-- [ RunTime:0.000271s ]
NOTIC: [8] Undefined index: id /www/wwwroot/asd.luhanforex.cn/Application/Home/Controller/IndexController.class.php 第 8 行.
SQL: SHOW COLUMNS FROM `qm_cart` [ RunTime:0.0004s ]
SQL: SELECT COUNT(id) AS tp_count FROM `qm_cart` WHERE ( user_id='' ) LIMIT 1   [ RunTime:0.0000s ]
SQL: SHOW COLUMNS FROM `qm_goods` [ RunTime:0.0003s ]
SQL: SELECT * FROM `qm_goods` WHERE ( isyoushi =2 ) ORDER BY addtime desc LIMIT 4   [ RunTime:0.0001s ]
SQL: SELECT COUNT(*) AS tp_Count FROM `qm_goods` WHERE ( isyoushi=1 ) LIMIT 1   [ RunTime:0.0000s ]
SQL: SELECT * FROM `qm_goods` WHERE ( isyoushi=1 ) LIMIT 0,8   [ RunTime:0.0001s ]
SQL: SHOW COLUMNS FROM `qm_fenlei` [ RunTime:0.0003s ]
SQL: SELECT * FROM `qm_fenlei` WHERE ( pid = 0 )  [ RunTime:0.0000s ]
SQL: SELECT * FROM `qm_goods` WHERE ( f_id=1 )  [ RunTime:0.0000s ]
SQL: SELECT * FROM `qm_goods` WHERE ( f_id=2 )  [ RunTime:0.0000s ]
SQL: SELECT * FROM `qm_goods` WHERE ( f_id=3 )  [ RunTime:0.0000s ]
SQL: SELECT * FROM `qm_goods` WHERE ( f_id=4 )  [ RunTime:0.0000s ]
SQL: SELECT * FROM `qm_goods` WHERE ( f_id=5 )  [ RunTime:0.0000s ]
INFO: [ view_parse ] --START--
INFO: [ template_filter ] --START--
INFO: Run Behavior\ContentReplaceBehavior [ RunTime:0.000152s ]
INFO: [ template_filter ] --END-- [ RunTime:0.000180s ]
NOTIC: [8] Undefined variable: wp_dialog /www/wwwroot/asd.luhanforex.cn/Application/Runtime/Cache/Home/2a94b8bda04ff446dcedd42276fc99ee.php 第 752 行.
INFO: Run Behavior\ParseTemplateBehavior [ RunTime:0.007560s ]
INFO: [ view_parse ] --END-- [ RunTime:0.007574s ]
INFO: [ view_filter ] --START--
INFO: Run Behavior\WriteHtmlCacheBehavior [ RunTime:0.000096s ]
INFO: [ view_filter ] --END-- [ RunTime:0.000107s ]
INFO: [ app_end ] --START--
INFO: Run Behavior\ShowPageTraceBehavior [ RunTime:0.000275s ]
INFO: [ app_end ] --END-- [ RunTime:0.000288s ]

[ 2018-05-29T13:16:06+08:00 ] 101.226.35.225 /
INFO: [ app_init ] --START--
INFO: Run Behavior\BuildLiteBehavior [ RunTime:0.000010s ]
INFO: [ app_init ] --END-- [ RunTime:0.000207s ]
INFO: [ app_begin ] --START--
INFO: Run Behavior\ReadHtmlCacheBehavior [ RunTime:0.000205s ]
INFO: [ app_begin ] --END-- [ RunTime:0.000221s ]
NOTIC: [8] Undefined index: id /www/wwwroot/asd.luhanforex.cn/Application/Home/Controller/IndexController.class.php 第 8 行.
SQL: SHOW COLUMNS FROM `qm_cart` [ RunTime:0.0005s ]
SQL: SELECT COUNT(id) AS tp_count FROM `qm_cart` WHERE ( user_id='' ) LIMIT 1   [ RunTime:0.0000s ]
SQL: SHOW COLUMNS FROM `qm_goods` [ RunTime:0.0003s ]
SQL: SELECT * FROM `qm_goods` WHERE ( isyoushi =2 ) ORDER BY addtime desc LIMIT 4   [ RunTime:0.0001s ]
SQL: SELECT COUNT(*) AS tp_Count FROM `qm_goods` WHERE ( isyoushi=1 ) LIMIT 1   [ RunTime:0.0000s ]
SQL: SELECT * FROM `qm_goods` WHERE ( isyoushi=1 ) LIMIT 0,8   [ RunTime:0.0001s ]
SQL: SHOW COLUMNS FROM `qm_fenlei` [ RunTime:0.0002s ]
SQL: SELECT * FROM `qm_fenlei` WHERE ( pid = 0 )  [ RunTime:0.0000s ]
SQL: SELECT * FROM `qm_goods` WHERE ( f_id=1 )  [ RunTime:0.0001s ]
SQL: SELECT * FROM `qm_goods` WHERE ( f_id=2 )  [ RunTime:0.0000s ]
SQL: SELECT * FROM `qm_goods` WHERE ( f_id=3 )  [ RunTime:0.0000s ]
SQL: SELECT * FROM `qm_goods` WHERE ( f_id=4 )  [ RunTime:0.0000s ]
SQL: SELECT * FROM `qm_goods` WHERE ( f_id=5 )  [ RunTime:0.0000s ]
INFO: [ view_parse ] --START--
INFO: [ template_filter ] --START--
INFO: Run Behavior\ContentReplaceBehavior [ RunTime:0.000149s ]
INFO: [ template_filter ] --END-- [ RunTime:0.000180s ]
NOTIC: [8] Undefined variable: wp_dialog /www/wwwroot/asd.luhanforex.cn/Application/Runtime/Cache/Home/2a94b8bda04ff446dcedd42276fc99ee.php 第 752 行.
INFO: Run Behavior\ParseTemplateBehavior [ RunTime:0.007590s ]
INFO: [ view_parse ] --END-- [ RunTime:0.007622s ]
INFO: [ view_filter ] --START--
INFO: Run Behavior\WriteHtmlCacheBehavior [ RunTime:0.000099s ]
INFO: [ view_filter ] --END-- [ RunTime:0.000111s ]
INFO: [ app_end ] --START--
INFO: Run Behavior\ShowPageTraceBehavior [ RunTime:0.000268s ]
INFO: [ app_end ] --END-- [ RunTime:0.000282s ]

[ 2018-05-29T13:16:07+08:00 ] 101.226.35.225 /
INFO: [ app_init ] --START--
INFO: Run Behavior\BuildLiteBehavior [ RunTime:0.000010s ]
INFO: [ app_init ] --END-- [ RunTime:0.000250s ]
INFO: [ app_begin ] --START--
INFO: Run Behavior\ReadHtmlCacheBehavior [ RunTime:0.000329s ]
INFO: [ app_begin ] --END-- [ RunTime:0.000352s ]
NOTIC: [8] Undefined index: id /www/wwwroot/asd.luhanforex.cn/Application/Home/Controller/IndexController.class.php 第 8 行.
SQL: SHOW COLUMNS FROM `qm_cart` [ RunTime:0.0006s ]
SQL: SELECT COUNT(id) AS tp_count FROM `qm_cart` WHERE ( user_id='' ) LIMIT 1   [ RunTime:0.0000s ]
SQL: SHOW COLUMNS FROM `qm_goods` [ RunTime:0.0004s ]
SQL: SELECT * FROM `qm_goods` WHERE ( isyoushi =2 ) ORDER BY addtime desc LIMIT 4   [ RunTime:0.0001s ]
SQL: SELECT COUNT(*) AS tp_Count FROM `qm_goods` WHERE ( isyoushi=1 ) LIMIT 1   [ RunTime:0.0000s ]
SQL: SELECT * FROM `qm_goods` WHERE ( isyoushi=1 ) LIMIT 0,8   [ RunTime:0.0001s ]
SQL: SHOW COLUMNS FROM `qm_fenlei` [ RunTime:0.0003s ]
SQL: SELECT * FROM `qm_fenlei` WHERE ( pid = 0 )  [ RunTime:0.0000s ]
SQL: SELECT * FROM `qm_goods` WHERE ( f_id=1 )  [ RunTime:0.0000s ]
SQL: SELECT * FROM `qm_goods` WHERE ( f_id=2 )  [ RunTime:0.0000s ]
SQL: SELECT * FROM `qm_goods` WHERE ( f_id=3 )  [ RunTime:0.0000s ]
SQL: SELECT * FROM `qm_goods` WHERE ( f_id=4 )  [ RunTime:0.0000s ]
SQL: SELECT * FROM `qm_goods` WHERE ( f_id=5 )  [ RunTime:0.0000s ]
INFO: [ view_parse ] --START--
INFO: [ template_filter ] --START--
INFO: Run Behavior\ContentReplaceBehavior [ RunTime:0.000180s ]
INFO: [ template_filter ] --END-- [ RunTime:0.000219s ]
NOTIC: [8] Undefined variable: wp_dialog /www/wwwroot/asd.luhanforex.cn/Application/Runtime/Cache/Home/2a94b8bda04ff446dcedd42276fc99ee.php 第 752 行.
INFO: Run Behavior\ParseTemplateBehavior [ RunTime:0.009423s ]
INFO: [ view_parse ] --END-- [ RunTime:0.009444s ]
INFO: [ view_filter ] --START--
INFO: Run Behavior\WriteHtmlCacheBehavior [ RunTime:0.000144s ]
INFO: [ view_filter ] --END-- [ RunTime:0.000161s ]
INFO: [ app_end ] --START--
INFO: Run Behavior\ShowPageTraceBehavior [ RunTime:0.000573s ]
INFO: [ app_end ] --END-- [ RunTime:0.000594s ]

[ 2018-05-29T13:16:10+08:00 ] 101.226.35.225 /
INFO: [ app_init ] --START--
INFO: Run Behavior\BuildLiteBehavior [ RunTime:0.000007s ]
INFO: [ app_init ] --END-- [ RunTime:0.000191s ]
INFO: [ app_begin ] --START--
INFO: Run Behavior\ReadHtmlCacheBehavior [ RunTime:0.000272s ]
INFO: [ app_begin ] --END-- [ RunTime:0.000291s ]
NOTIC: [8] Undefined index: id /www/wwwroot/asd.luhanforex.cn/Application/Home/Controller/IndexController.class.php 第 8 行.
SQL: SHOW COLUMNS FROM `qm_cart` [ RunTime:0.0005s ]
SQL: SELECT COUNT(id) AS tp_count FROM `qm_cart` WHERE ( user_id='' ) LIMIT 1   [ RunTime:0.0000s ]
SQL: SHOW COLUMNS FROM `qm_goods` [ RunTime:0.0003s ]
SQL: SELECT * FROM `qm_goods` WHERE ( isyoushi =2 ) ORDER BY addtime desc LIMIT 4   [ RunTime:0.0001s ]
SQL: SELECT COUNT(*) AS tp_Count FROM `qm_goods` WHERE ( isyoushi=1 ) LIMIT 1   [ RunTime:0.0000s ]
SQL: SELECT * FROM `qm_goods` WHERE ( isyoushi=1 ) LIMIT 0,8   [ RunTime:0.0001s ]
SQL: SHOW COLUMNS FROM `qm_fenlei` [ RunTime:0.0003s ]
SQL: SELECT * FROM `qm_fenlei` WHERE ( pid = 0 )  [ RunTime:0.0001s ]
SQL: SELECT * FROM `qm_goods` WHERE ( f_id=1 )  [ RunTime:0.0001s ]
SQL: SELECT * FROM `qm_goods` WHERE ( f_id=2 )  [ RunTime:0.0001s ]
SQL: SELECT * FROM `qm_goods` WHERE ( f_id=3 )  [ RunTime:0.0000s ]
SQL: SELECT * FROM `qm_goods` WHERE ( f_id=4 )  [ RunTime:0.0000s ]
SQL: SELECT * FROM `qm_goods` WHERE ( f_id=5 )  [ RunTime:0.0000s ]
INFO: [ view_parse ] --START--
INFO: [ template_filter ] --START--
INFO: Run Behavior\ContentReplaceBehavior [ RunTime:0.000155s ]
INFO: [ template_filter ] --END-- [ RunTime:0.000180s ]
NOTIC: [8] Undefined variable: wp_dialog /www/wwwroot/asd.luhanforex.cn/Application/Runtime/Cache/Home/2a94b8bda04ff446dcedd42276fc99ee.php 第 752 行.
INFO: Run Behavior\ParseTemplateBehavior [ RunTime:0.008037s ]
INFO: [ view_parse ] --END-- [ RunTime:0.008056s ]
INFO: [ view_filter ] --START--
INFO: Run Behavior\WriteHtmlCacheBehavior [ RunTime:0.000111s ]
INFO: [ view_filter ] --END-- [ RunTime:0.000126s ]
INFO: [ app_end ] --START--
INFO: Run Behavior\ShowPageTraceBehavior [ RunTime:0.000317s ]
INFO: [ app_end ] --END-- [ RunTime:0.000336s ]

[ 2018-05-29T13:16:11+08:00 ] 101.226.35.225 /
INFO: [ app_init ] --START--
INFO: Run Behavior\BuildLiteBehavior [ RunTime:0.000007s ]
INFO: [ app_init ] --END-- [ RunTime:0.000164s ]
INFO: [ app_begin ] --START--
INFO: Run Behavior\ReadHtmlCacheBehavior [ RunTime:0.000213s ]
INFO: [ app_begin ] --END-- [ RunTime:0.000229s ]
NOTIC: [8] Undefined index: id /www/wwwroot/asd.luhanforex.cn/Application/Home/Controller/IndexController.class.php 第 8 行.
SQL: SHOW COLUMNS FROM `qm_cart` [ RunTime:0.0106s ]
SQL: SELECT COUNT(id) AS tp_count FROM `qm_cart` WHERE ( user_id='' ) LIMIT 1   [ RunTime:0.0001s ]
SQL: SHOW COLUMNS FROM `qm_goods` [ RunTime:0.0005s ]
SQL: SELECT * FROM `qm_goods` WHERE ( isyoushi =2 ) ORDER BY addtime desc LIMIT 4   [ RunTime:0.0001s ]
SQL: SELECT COUNT(*) AS tp_Count FROM `qm_goods` WHERE ( isyoushi=1 ) LIMIT 1   [ RunTime:0.0000s ]
SQL: SELECT * FROM `qm_goods` WHERE ( isyoushi=1 ) LIMIT 0,8   [ RunTime:0.0001s ]
SQL: SHOW COLUMNS FROM `qm_fenlei` [ RunTime:0.0003s ]
SQL: SELECT * FROM `qm_fenlei` WHERE ( pid = 0 )  [ RunTime:0.0000s ]
SQL: SELECT * FROM `qm_goods` WHERE ( f_id=1 )  [ RunTime:0.0000s ]
SQL: SELECT * FROM `qm_goods` WHERE ( f_id=2 )  [ RunTime:0.0000s ]
SQL: SELECT * FROM `qm_goods` WHERE ( f_id=3 )  [ RunTime:0.0000s ]
SQL: SELECT * FROM `qm_goods` WHERE ( f_id=4 )  [ RunTime:0.0000s ]
SQL: SELECT * FROM `qm_goods` WHERE ( f_id=5 )  [ RunTime:0.0000s ]
INFO: [ view_parse ] --START--
INFO: [ template_filter ] --START--
INFO: Run Behavior\ContentReplaceBehavior [ RunTime:0.000154s ]
INFO: [ template_filter ] --END-- [ RunTime:0.000182s ]
NOTIC: [8] Undefined variable: wp_dialog /www/wwwroot/asd.luhanforex.cn/Application/Runtime/Cache/Home/2a94b8bda04ff446dcedd42276fc99ee.php 第 752 行.
INFO: Run Behavior\ParseTemplateBehavior [ RunTime:0.008513s ]
INFO: [ view_parse ] --END-- [ RunTime:0.008529s ]
INFO: [ view_filter ] --START--
INFO: Run Behavior\WriteHtmlCacheBehavior [ RunTime:0.000114s ]
INFO: [ view_filter ] --END-- [ RunTime:0.000126s ]
INFO: [ app_end ] --START--
INFO: Run Behavior\ShowPageTraceBehavior [ RunTime:0.000301s ]
INFO: [ app_end ] --END-- [ RunTime:0.000316s ]

[ 2018-05-29T13:16:11+08:00 ] 101.226.35.225 /
INFO: [ app_init ] --START--
INFO: Run Behavior\BuildLiteBehavior [ RunTime:0.000007s ]
INFO: [ app_init ] --END-- [ RunTime:0.000192s ]
INFO: [ app_begin ] --START--
INFO: Run Behavior\ReadHtmlCacheBehavior [ RunTime:0.000291s ]
INFO: [ app_begin ] --END-- [ RunTime:0.000315s ]
NOTIC: [8] Undefined index: id /www/wwwroot/asd.luhanforex.cn/Application/Home/Controller/IndexController.class.php 第 8 行.
SQL: SHOW COLUMNS FROM `qm_cart` [ RunTime:0.0006s ]
SQL: SELECT COUNT(id) AS tp_count FROM `qm_cart` WHERE ( user_id='' ) LIMIT 1   [ RunTime:0.0000s ]
SQL: SHOW COLUMNS FROM `qm_goods` [ RunTime:0.0003s ]
SQL: SELECT * FROM `qm_goods` WHERE ( isyoushi =2 ) ORDER BY addtime desc LIMIT 4   [ RunTime:0.0001s ]
SQL: SELECT COUNT(*) AS tp_Count FROM `qm_goods` WHERE ( isyoushi=1 ) LIMIT 1   [ RunTime:0.0000s ]
SQL: SELECT * FROM `qm_goods` WHERE ( isyoushi=1 ) LIMIT 0,8   [ RunTime:0.0001s ]
SQL: SHOW COLUMNS FROM `qm_fenlei` [ RunTime:0.0003s ]
SQL: SELECT * FROM `qm_fenlei` WHERE ( pid = 0 )  [ RunTime:0.0001s ]
SQL: SELECT * FROM `qm_goods` WHERE ( f_id=1 )  [ RunTime:0.0000s ]
SQL: SELECT * FROM `qm_goods` WHERE ( f_id=2 )  [ RunTime:0.0001s ]
SQL: SELECT * FROM `qm_goods` WHERE ( f_id=3 )  [ RunTime:0.0000s ]
SQL: SELECT * FROM `qm_goods` WHERE ( f_id=4 )  [ RunTime:0.0000s ]
SQL: SELECT * FROM `qm_goods` WHERE ( f_id=5 )  [ RunTime:0.0000s ]
INFO: [ view_parse ] --START--
INFO: [ template_filter ] --START--
INFO: Run Behavior\ContentReplaceBehavior [ RunTime:0.000149s ]
INFO: [ template_filter ] --END-- [ RunTime:0.000179s ]
NOTIC: [8] Undefined variable: wp_dialog /www/wwwroot/asd.luhanforex.cn/Application/Runtime/Cache/Home/2a94b8bda04ff446dcedd42276fc99ee.php 第 752 行.
INFO: Run Behavior\ParseTemplateBehavior [ RunTime:0.008173s ]
INFO: [ view_parse ] --END-- [ RunTime:0.008194s ]
INFO: [ view_filter ] --START--
INFO: Run Behavior\WriteHtmlCacheBehavior [ RunTime:0.000126s ]
INFO: [ view_filter ] --END-- [ RunTime:0.000140s ]
INFO: [ app_end ] --START--
INFO: Run Behavior\ShowPageTraceBehavior [ RunTime:0.000277s ]
INFO: [ app_end ] --END-- [ RunTime:0.000292s ]

[ 2018-05-29T13:16:11+08:00 ] 101.226.35.225 /
INFO: [ app_init ] --START--
INFO: Run Behavior\BuildLiteBehavior [ RunTime:0.000008s ]
INFO: [ app_init ] --END-- [ RunTime:0.000186s ]
INFO: [ app_begin ] --START--
INFO: Run Behavior\ReadHtmlCacheBehavior [ RunTime:0.000308s ]
INFO: [ app_begin ] --END-- [ RunTime:0.000327s ]
NOTIC: [8] Undefined index: id /www/wwwroot/asd.luhanforex.cn/Application/Home/Controller/IndexController.class.php 第 8 行.
SQL: SHOW COLUMNS FROM `qm_cart` [ RunTime:0.0005s ]
SQL: SELECT COUNT(id) AS tp_count FROM `qm_cart` WHERE ( user_id='' ) LIMIT 1   [ RunTime:0.0000s ]
SQL: SHOW COLUMNS FROM `qm_goods` [ RunTime:0.0004s ]
SQL: SELECT * FROM `qm_goods` WHERE ( isyoushi =2 ) ORDER BY addtime desc LIMIT 4   [ RunTime:0.0001s ]
SQL: SELECT COUNT(*) AS tp_Count FROM `qm_goods` WHERE ( isyoushi=1 ) LIMIT 1   [ RunTime:0.0000s ]
SQL: SELECT * FROM `qm_goods` WHERE ( isyoushi=1 ) LIMIT 0,8   [ RunTime:0.0001s ]
SQL: SHOW COLUMNS FROM `qm_fenlei` [ RunTime:0.0003s ]
SQL: SELECT * FROM `qm_fenlei` WHERE ( pid = 0 )  [ RunTime:0.0000s ]
SQL: SELECT * FROM `qm_goods` WHERE ( f_id=1 )  [ RunTime:0.0001s ]
SQL: SELECT * FROM `qm_goods` WHERE ( f_id=2 )  [ RunTime:0.0001s ]
SQL: SELECT * FROM `qm_goods` WHERE ( f_id=3 )  [ RunTime:0.0001s ]
SQL: SELECT * FROM `qm_goods` WHERE ( f_id=4 )  [ RunTime:0.0001s ]
SQL: SELECT * FROM `qm_goods` WHERE ( f_id=5 )  [ RunTime:0.0000s ]
INFO: [ view_parse ] --START--
INFO: [ template_filter ] --START--
INFO: Run Behavior\ContentReplaceBehavior [ RunTime:0.000159s ]
INFO: [ template_filter ] --END-- [ RunTime:0.000192s ]
NOTIC: [8] Undefined variable: wp_dialog /www/wwwroot/asd.luhanforex.cn/Application/Runtime/Cache/Home/2a94b8bda04ff446dcedd42276fc99ee.php 第 752 行.
INFO: Run Behavior\ParseTemplateBehavior [ RunTime:0.008659s ]
INFO: [ view_parse ] --END-- [ RunTime:0.008676s ]
INFO: [ view_filter ] --START--
INFO: Run Behavior\WriteHtmlCacheBehavior [ RunTime:0.000115s ]
INFO: [ view_filter ] --END-- [ RunTime:0.000127s ]
INFO: [ app_end ] --START--
INFO: Run Behavior\ShowPageTraceBehavior [ RunTime:0.000368s ]
INFO: [ app_end ] --END-- [ RunTime:0.000386s ]

[ 2018-05-29T13:21:04+08:00 ] 209.97.162.12 /
INFO: [ app_init ] --START--
INFO: Run Behavior\BuildLiteBehavior [ RunTime:0.000008s ]
INFO: [ app_init ] --END-- [ RunTime:0.000194s ]
INFO: [ app_begin ] --START--
INFO: Run Behavior\ReadHtmlCacheBehavior [ RunTime:0.000242s ]
INFO: [ app_begin ] --END-- [ RunTime:0.000261s ]
NOTIC: [8] Undefined index: id /www/wwwroot/asd.luhanforex.cn/Application/Home/Controller/IndexController.class.php 第 8 行.
SQL: SHOW COLUMNS FROM `qm_cart` [ RunTime:0.0006s ]
SQL: SELECT COUNT(id) AS tp_count FROM `qm_cart` WHERE ( user_id='' ) LIMIT 1   [ RunTime:0.0000s ]
SQL: SHOW COLUMNS FROM `qm_goods` [ RunTime:0.0004s ]
SQL: SELECT * FROM `qm_goods` WHERE ( isyoushi =2 ) ORDER BY addtime desc LIMIT 4   [ RunTime:0.0001s ]
SQL: SELECT COUNT(*) AS tp_Count FROM `qm_goods` WHERE ( isyoushi=1 ) LIMIT 1   [ RunTime:0.0000s ]
SQL: SELECT * FROM `qm_goods` WHERE ( isyoushi=1 ) LIMIT 0,8   [ RunTime:0.0001s ]
SQL: SHOW COLUMNS FROM `qm_fenlei` [ RunTime:0.0003s ]
SQL: SELECT * FROM `qm_fenlei` WHERE ( pid = 0 )  [ RunTime:0.0001s ]
SQL: SELECT * FROM `qm_goods` WHERE ( f_id=1 )  [ RunTime:0.0000s ]
SQL: SELECT * FROM `qm_goods` WHERE ( f_id=2 )  [ RunTime:0.0000s ]
SQL: SELECT * FROM `qm_goods` WHERE ( f_id=3 )  [ RunTime:0.0000s ]
SQL: SELECT * FROM `qm_goods` WHERE ( f_id=4 )  [ RunTime:0.0000s ]
SQL: SELECT * FROM `qm_goods` WHERE ( f_id=5 )  [ RunTime:0.0000s ]
INFO: [ view_parse ] --START--
INFO: [ template_filter ] --START--
INFO: Run Behavior\ContentReplaceBehavior [ RunTime:0.000157s ]
INFO: [ template_filter ] --END-- [ RunTime:0.000188s ]
NOTIC: [8] Undefined variable: wp_dialog /www/wwwroot/asd.luhanforex.cn/Application/Runtime/Cache/Home/2a94b8bda04ff446dcedd42276fc99ee.php 第 752 行.
INFO: Run Behavior\ParseTemplateBehavior [ RunTime:0.008058s ]
INFO: [ view_parse ] --END-- [ RunTime:0.008072s ]
INFO: [ view_filter ] --START--
INFO: Run Behavior\WriteHtmlCacheBehavior [ RunTime:0.000095s ]
INFO: [ view_filter ] --END-- [ RunTime:0.000110s ]
INFO: [ app_end ] --START--
INFO: Run Behavior\ShowPageTraceBehavior [ RunTime:0.000295s ]
INFO: [ app_end ] --END-- [ RunTime:0.000313s ]

[ 2018-05-29T13:43:25+08:00 ] 168.1.128.62 /
INFO: [ app_init ] --START--
INFO: Run Behavior\BuildLiteBehavior [ RunTime:0.000007s ]
INFO: [ app_init ] --END-- [ RunTime:0.000181s ]
INFO: [ app_begin ] --START--
INFO: Run Behavior\ReadHtmlCacheBehavior [ RunTime:0.000231s ]
INFO: [ app_begin ] --END-- [ RunTime:0.000249s ]
NOTIC: [8] Undefined index: id /www/wwwroot/asd.luhanforex.cn/Application/Home/Controller/IndexController.class.php 第 8 行.
SQL: SHOW COLUMNS FROM `qm_cart` [ RunTime:0.0007s ]
SQL: SELECT COUNT(id) AS tp_count FROM `qm_cart` WHERE ( user_id='' ) LIMIT 1   [ RunTime:0.0001s ]
SQL: SHOW COLUMNS FROM `qm_goods` [ RunTime:0.0005s ]
SQL: SELECT * FROM `qm_goods` WHERE ( isyoushi =2 ) ORDER BY addtime desc LIMIT 4   [ RunTime:0.0001s ]
SQL: SELECT COUNT(*) AS tp_Count FROM `qm_goods` WHERE ( isyoushi=1 ) LIMIT 1   [ RunTime:0.0000s ]
SQL: SELECT * FROM `qm_goods` WHERE ( isyoushi=1 ) LIMIT 0,8   [ RunTime:0.0001s ]
SQL: SHOW COLUMNS FROM `qm_fenlei` [ RunTime:0.0003s ]
SQL: SELECT * FROM `qm_fenlei` WHERE ( pid = 0 )  [ RunTime:0.0001s ]
SQL: SELECT * FROM `qm_goods` WHERE ( f_id=1 )  [ RunTime:0.0001s ]
SQL: SELECT * FROM `qm_goods` WHERE ( f_id=2 )  [ RunTime:0.0001s ]
SQL: SELECT * FROM `qm_goods` WHERE ( f_id=3 )  [ RunTime:0.0000s ]
SQL: SELECT * FROM `qm_goods` WHERE ( f_id=4 )  [ RunTime:0.0001s ]
SQL: SELECT * FROM `qm_goods` WHERE ( f_id=5 )  [ RunTime:0.0001s ]
INFO: [ view_parse ] --START--
INFO: [ template_filter ] --START--
INFO: Run Behavior\ContentReplaceBehavior [ RunTime:0.000172s ]
INFO: [ template_filter ] --END-- [ RunTime:0.000208s ]
NOTIC: [8] Undefined variable: wp_dialog /www/wwwroot/asd.luhanforex.cn/Application/Runtime/Cache/Home/2a94b8bda04ff446dcedd42276fc99ee.php 第 752 行.
INFO: Run Behavior\ParseTemplateBehavior [ RunTime:0.008845s ]
INFO: [ view_parse ] --END-- [ RunTime:0.008862s ]
INFO: [ view_filter ] --START--
INFO: Run Behavior\WriteHtmlCacheBehavior [ RunTime:0.000110s ]
INFO: [ view_filter ] --END-- [ RunTime:0.000123s ]
INFO: [ app_end ] --START--
INFO: Run Behavior\ShowPageTraceBehavior [ RunTime:0.000304s ]
INFO: [ app_end ] --END-- [ RunTime:0.000319s ]

[ 2018-05-29T16:00:37+08:00 ] 101.226.35.225 //?feed=rss2
INFO: [ app_init ] --START--
INFO: Run Behavior\BuildLiteBehavior [ RunTime:0.000009s ]
INFO: [ app_init ] --END-- [ RunTime:0.000225s ]
INFO: [ app_begin ] --START--
INFO: Run Behavior\ReadHtmlCacheBehavior [ RunTime:0.000231s ]
INFO: [ app_begin ] --END-- [ RunTime:0.000250s ]
NOTIC: [8] Undefined index: id /www/wwwroot/asd.luhanforex.cn/Application/Home/Controller/IndexController.class.php 第 8 行.
SQL: SHOW COLUMNS FROM `qm_cart` [ RunTime:0.0007s ]
SQL: SELECT COUNT(id) AS tp_count FROM `qm_cart` WHERE ( user_id='' ) LIMIT 1   [ RunTime:0.0001s ]
SQL: SHOW COLUMNS FROM `qm_goods` [ RunTime:0.0003s ]
SQL: SELECT * FROM `qm_goods` WHERE ( isyoushi =2 ) ORDER BY addtime desc LIMIT 4   [ RunTime:0.0001s ]
SQL: SELECT COUNT(*) AS tp_Count FROM `qm_goods` WHERE ( isyoushi=1 ) LIMIT 1   [ RunTime:0.0000s ]
SQL: SELECT * FROM `qm_goods` WHERE ( isyoushi=1 ) LIMIT 0,8   [ RunTime:0.0001s ]
SQL: SHOW COLUMNS FROM `qm_fenlei` [ RunTime:0.0003s ]
SQL: SELECT * FROM `qm_fenlei` WHERE ( pid = 0 )  [ RunTime:0.0001s ]
SQL: SELECT * FROM `qm_goods` WHERE ( f_id=1 )  [ RunTime:0.0001s ]
SQL: SELECT * FROM `qm_goods` WHERE ( f_id=2 )  [ RunTime:0.0001s ]
SQL: SELECT * FROM `qm_goods` WHERE ( f_id=3 )  [ RunTime:0.0001s ]
SQL: SELECT * FROM `qm_goods` WHERE ( f_id=4 )  [ RunTime:0.0000s ]
SQL: SELECT * FROM `qm_goods` WHERE ( f_id=5 )  [ RunTime:0.0000s ]
INFO: [ view_parse ] --START--
INFO: [ template_filter ] --START--
INFO: Run Behavior\ContentReplaceBehavior [ RunTime:0.000171s ]
INFO: [ template_filter ] --END-- [ RunTime:0.000212s ]
NOTIC: [8] Undefined variable: wp_dialog /www/wwwroot/asd.luhanforex.cn/Application/Runtime/Cache/Home/2a94b8bda04ff446dcedd42276fc99ee.php 第 752 行.
INFO: Run Behavior\ParseTemplateBehavior [ RunTime:0.008798s ]
INFO: [ view_parse ] --END-- [ RunTime:0.008818s ]
INFO: [ view_filter ] --START--
INFO: Run Behavior\WriteHtmlCacheBehavior [ RunTime:0.000139s ]
INFO: [ view_filter ] --END-- [ RunTime:0.000155s ]
INFO: [ app_end ] --START--
INFO: Run Behavior\ShowPageTraceBehavior [ RunTime:0.000393s ]
INFO: [ app_end ] --END-- [ RunTime:0.000414s ]

[ 2018-05-29T16:00:37+08:00 ] 101.226.35.225 /
INFO: [ app_init ] --START--
INFO: Run Behavior\BuildLiteBehavior [ RunTime:0.000007s ]
INFO: [ app_init ] --END-- [ RunTime:0.000177s ]
INFO: [ app_begin ] --START--
INFO: Run Behavior\ReadHtmlCacheBehavior [ RunTime:0.000232s ]
INFO: [ app_begin ] --END-- [ RunTime:0.000248s ]
NOTIC: [8] Undefined index: id /www/wwwroot/asd.luhanforex.cn/Application/Home/Controller/IndexController.class.php 第 8 行.
SQL: SHOW COLUMNS FROM `qm_cart` [ RunTime:0.0004s ]
SQL: SELECT COUNT(id) AS tp_count FROM `qm_cart` WHERE ( user_id='' ) LIMIT 1   [ RunTime:0.0000s ]
SQL: SHOW COLUMNS FROM `qm_goods` [ RunTime:0.0005s ]
SQL: SELECT * FROM `qm_goods` WHERE ( isyoushi =2 ) ORDER BY addtime desc LIMIT 4   [ RunTime:0.0001s ]
SQL: SELECT COUNT(*) AS tp_Count FROM `qm_goods` WHERE ( isyoushi=1 ) LIMIT 1   [ RunTime:0.0000s ]
SQL: SELECT * FROM `qm_goods` WHERE ( isyoushi=1 ) LIMIT 0,8   [ RunTime:0.0001s ]
SQL: SHOW COLUMNS FROM `qm_fenlei` [ RunTime:0.0003s ]
SQL: SELECT * FROM `qm_fenlei` WHERE ( pid = 0 )  [ RunTime:0.0001s ]
SQL: SELECT * FROM `qm_goods` WHERE ( f_id=1 )  [ RunTime:0.0001s ]
SQL: SELECT * FROM `qm_goods` WHERE ( f_id=2 )  [ RunTime:0.0001s ]
SQL: SELECT * FROM `qm_goods` WHERE ( f_id=3 )  [ RunTime:0.0001s ]
SQL: SELECT * FROM `qm_goods` WHERE ( f_id=4 )  [ RunTime:0.0000s ]
SQL: SELECT * FROM `qm_goods` WHERE ( f_id=5 )  [ RunTime:0.0000s ]
INFO: [ view_parse ] --START--
INFO: [ template_filter ] --START--
INFO: Run Behavior\ContentReplaceBehavior [ RunTime:0.000174s ]
INFO: [ template_filter ] --END-- [ RunTime:0.000213s ]
NOTIC: [8] Undefined variable: wp_dialog /www/wwwroot/asd.luhanforex.cn/Application/Runtime/Cache/Home/2a94b8bda04ff446dcedd42276fc99ee.php 第 752 行.
INFO: Run Behavior\ParseTemplateBehavior [ RunTime:0.009057s ]
INFO: [ view_parse ] --END-- [ RunTime:0.009078s ]
INFO: [ view_filter ] --START--
INFO: Run Behavior\WriteHtmlCacheBehavior [ RunTime:0.000131s ]
INFO: [ view_filter ] --END-- [ RunTime:0.000147s ]
INFO: [ app_end ] --START--
INFO: Run Behavior\ShowPageTraceBehavior [ RunTime:0.000383s ]
INFO: [ app_end ] --END-- [ RunTime:0.000403s ]

[ 2018-05-29T16:03:12+08:00 ] 101.226.35.225 //?feed=rss2
INFO: [ app_init ] --START--
INFO: Run Behavior\BuildLiteBehavior [ RunTime:0.000007s ]
INFO: [ app_init ] --END-- [ RunTime:0.000174s ]
INFO: [ app_begin ] --START--
INFO: Run Behavior\ReadHtmlCacheBehavior [ RunTime:0.000259s ]
INFO: [ app_begin ] --END-- [ RunTime:0.000278s ]
NOTIC: [8] Undefined index: id /www/wwwroot/asd.luhanforex.cn/Application/Home/Controller/IndexController.class.php 第 8 行.
SQL: SHOW COLUMNS FROM `qm_cart` [ RunTime:0.0005s ]
SQL: SELECT COUNT(id) AS tp_count FROM `qm_cart` WHERE ( user_id='' ) LIMIT 1   [ RunTime:0.0000s ]
SQL: SHOW COLUMNS FROM `qm_goods` [ RunTime:0.0003s ]
SQL: SELECT * FROM `qm_goods` WHERE ( isyoushi =2 ) ORDER BY addtime desc LIMIT 4   [ RunTime:0.0000s ]
SQL: SELECT COUNT(*) AS tp_Count FROM `qm_goods` WHERE ( isyoushi=1 ) LIMIT 1   [ RunTime:0.0000s ]
SQL: SELECT * FROM `qm_goods` WHERE ( isyoushi=1 ) LIMIT 0,8   [ RunTime:0.0001s ]
SQL: SHOW COLUMNS FROM `qm_fenlei` [ RunTime:0.0003s ]
SQL: SELECT * FROM `qm_fenlei` WHERE ( pid = 0 )  [ RunTime:0.0000s ]
SQL: SELECT * FROM `qm_goods` WHERE ( f_id=1 )  [ RunTime:0.0000s ]
SQL: SELECT * FROM `qm_goods` WHERE ( f_id=2 )  [ RunTime:0.0000s ]
SQL: SELECT * FROM `qm_goods` WHERE ( f_id=3 )  [ RunTime:0.0000s ]
SQL: SELECT * FROM `qm_goods` WHERE ( f_id=4 )  [ RunTime:0.0000s ]
SQL: SELECT * FROM `qm_goods` WHERE ( f_id=5 )  [ RunTime:0.0000s ]
INFO: [ view_parse ] --START--
INFO: [ template_filter ] --START--
INFO: Run Behavior\ContentReplaceBehavior [ RunTime:0.000150s ]
INFO: [ template_filter ] --END-- [ RunTime:0.000176s ]
NOTIC: [8] Undefined variable: wp_dialog /www/wwwroot/asd.luhanforex.cn/Application/Runtime/Cache/Home/2a94b8bda04ff446dcedd42276fc99ee.php 第 752 行.
INFO: Run Behavior\ParseTemplateBehavior [ RunTime:0.007508s ]
INFO: [ view_parse ] --END-- [ RunTime:0.007526s ]
INFO: [ view_filter ] --START--
INFO: Run Behavior\WriteHtmlCacheBehavior [ RunTime:0.000110s ]
INFO: [ view_filter ] --END-- [ RunTime:0.000123s ]
INFO: [ app_end ] --START--
INFO: Run Behavior\ShowPageTraceBehavior [ RunTime:0.000276s ]
INFO: [ app_end ] --END-- [ RunTime:0.000290s ]

[ 2018-05-29T16:03:12+08:00 ] 101.226.35.225 /
INFO: [ app_init ] --START--
INFO: Run Behavior\BuildLiteBehavior [ RunTime:0.000010s ]
INFO: [ app_init ] --END-- [ RunTime:0.000201s ]
INFO: [ app_begin ] --START--
INFO: Run Behavior\ReadHtmlCacheBehavior [ RunTime:0.000291s ]
INFO: [ app_begin ] --END-- [ RunTime:0.000315s ]
NOTIC: [8] Undefined index: id /www/wwwroot/asd.luhanforex.cn/Application/Home/Controller/IndexController.class.php 第 8 行.
SQL: SHOW COLUMNS FROM `qm_cart` [ RunTime:0.0006s ]
SQL: SELECT COUNT(id) AS tp_count FROM `qm_cart` WHERE ( user_id='' ) LIMIT 1   [ RunTime:0.0000s ]
SQL: SHOW COLUMNS FROM `qm_goods` [ RunTime:0.0004s ]
SQL: SELECT * FROM `qm_goods` WHERE ( isyoushi =2 ) ORDER BY addtime desc LIMIT 4   [ RunTime:0.0001s ]
SQL: SELECT COUNT(*) AS tp_Count FROM `qm_goods` WHERE ( isyoushi=1 ) LIMIT 1   [ RunTime:0.0000s ]
SQL: SELECT * FROM `qm_goods` WHERE ( isyoushi=1 ) LIMIT 0,8   [ RunTime:0.0001s ]
SQL: SHOW COLUMNS FROM `qm_fenlei` [ RunTime:0.0003s ]
SQL: SELECT * FROM `qm_fenlei` WHERE ( pid = 0 )  [ RunTime:0.0001s ]
SQL: SELECT * FROM `qm_goods` WHERE ( f_id=1 )  [ RunTime:0.0000s ]
SQL: SELECT * FROM `qm_goods` WHERE ( f_id=2 )  [ RunTime:0.0001s ]
SQL: SELECT * FROM `qm_goods` WHERE ( f_id=3 )  [ RunTime:0.0001s ]
SQL: SELECT * FROM `qm_goods` WHERE ( f_id=4 )  [ RunTime:0.0000s ]
SQL: SELECT * FROM `qm_goods` WHERE ( f_id=5 )  [ RunTime:0.0000s ]
INFO: [ view_parse ] --START--
INFO: [ template_filter ] --START--
INFO: Run Behavior\ContentReplaceBehavior [ RunTime:0.000181s ]
INFO: [ template_filter ] --END-- [ RunTime:0.000222s ]
NOTIC: [8] Undefined variable: wp_dialog /www/wwwroot/asd.luhanforex.cn/Application/Runtime/Cache/Home/2a94b8bda04ff446dcedd42276fc99ee.php 第 752 行.
INFO: Run Behavior\ParseTemplateBehavior [ RunTime:0.009113s ]
INFO: [ view_parse ] --END-- [ RunTime:0.009133s ]
INFO: [ view_filter ] --START--
INFO: Run Behavior\WriteHtmlCacheBehavior [ RunTime:0.000137s ]
INFO: [ view_filter ] --END-- [ RunTime:0.000154s ]
INFO: [ app_end ] --START--
INFO: Run Behavior\ShowPageTraceBehavior [ RunTime:0.000397s ]
INFO: [ app_end ] --END-- [ RunTime:0.000418s ]

[ 2018-05-29T19:18:13+08:00 ] 70.42.131.170 /
INFO: [ app_init ] --START--
INFO: Run Behavior\BuildLiteBehavior [ RunTime:0.000010s ]
INFO: [ app_init ] --END-- [ RunTime:0.000253s ]
INFO: [ app_begin ] --START--
INFO: Run Behavior\ReadHtmlCacheBehavior [ RunTime:0.000350s ]
INFO: [ app_begin ] --END-- [ RunTime:0.000374s ]
NOTIC: [8] Undefined index: id /www/wwwroot/asd.luhanforex.cn/Application/Home/Controller/IndexController.class.php 第 8 行.
SQL: SHOW COLUMNS FROM `qm_cart` [ RunTime:0.0005s ]
SQL: SELECT COUNT(id) AS tp_count FROM `qm_cart` WHERE ( user_id='' ) LIMIT 1   [ RunTime:0.0000s ]
SQL: SHOW COLUMNS FROM `qm_goods` [ RunTime:0.0004s ]
SQL: SELECT * FROM `qm_goods` WHERE ( isyoushi =2 ) ORDER BY addtime desc LIMIT 4   [ RunTime:0.0001s ]
SQL: SELECT COUNT(*) AS tp_Count FROM `qm_goods` WHERE ( isyoushi=1 ) LIMIT 1   [ RunTime:0.0000s ]
SQL: SELECT * FROM `qm_goods` WHERE ( isyoushi=1 ) LIMIT 0,8   [ RunTime:0.0001s ]
SQL: SHOW COLUMNS FROM `qm_fenlei` [ RunTime:0.0002s ]
SQL: SELECT * FROM `qm_fenlei` WHERE ( pid = 0 )  [ RunTime:0.0000s ]
SQL: SELECT * FROM `qm_goods` WHERE ( f_id=1 )  [ RunTime:0.0000s ]
SQL: SELECT * FROM `qm_goods` WHERE ( f_id=2 )  [ RunTime:0.0001s ]
SQL: SELECT * FROM `qm_goods` WHERE ( f_id=3 )  [ RunTime:0.0001s ]
SQL: SELECT * FROM `qm_goods` WHERE ( f_id=4 )  [ RunTime:0.0000s ]
SQL: SELECT * FROM `qm_goods` WHERE ( f_id=5 )  [ RunTime:0.0000s ]
INFO: [ view_parse ] --START--
INFO: [ template_filter ] --START--
INFO: Run Behavior\ContentReplaceBehavior [ RunTime:0.000190s ]
INFO: [ template_filter ] --END-- [ RunTime:0.000232s ]
NOTIC: [8] Undefined variable: wp_dialog /www/wwwroot/asd.luhanforex.cn/Application/Runtime/Cache/Home/2a94b8bda04ff446dcedd42276fc99ee.php 第 752 行.
INFO: Run Behavior\ParseTemplateBehavior [ RunTime:0.009596s ]
INFO: [ view_parse ] --END-- [ RunTime:0.009616s ]
INFO: [ view_filter ] --START--
INFO: Run Behavior\WriteHtmlCacheBehavior [ RunTime:0.000148s ]
INFO: [ view_filter ] --END-- [ RunTime:0.000166s ]
INFO: [ app_end ] --START--
INFO: Run Behavior\ShowPageTraceBehavior [ RunTime:0.000370s ]
INFO: [ app_end ] --END-- [ RunTime:0.000390s ]

[ 2018-05-29T19:59:46+08:00 ] 106.11.152.149 /index.php/Home/accoun/addressedit
INFO: [ app_init ] --START--
INFO: Run Behavior\BuildLiteBehavior [ RunTime:0.000012s ]
INFO: [ app_init ] --END-- [ RunTime:0.000284s ]
INFO: [ app_begin ] --START--
INFO: Run Behavior\ReadHtmlCacheBehavior [ RunTime:0.000433s ]
INFO: [ app_begin ] --END-- [ RunTime:0.000460s ]
NOTIC: [8] Undefined index: id /www/wwwroot/asd.luhanforex.cn/Application/Home/Controller/AccounController.class.php 第 101 行.
SQL: SHOW COLUMNS FROM `qm_cart` [ RunTime:0.0005s ]
SQL: SELECT * FROM `qm_cart` WHERE ( user_id='' )  [ RunTime:0.0001s ]
SQL: SELECT COUNT(id) AS tp_count FROM `qm_cart` WHERE ( user_id='' ) LIMIT 1   [ RunTime:0.0000s ]
SQL: SELECT SUM(zong) AS tp_sum FROM `qm_cart` WHERE ( user_id='' ) LIMIT 1   [ RunTime:0.0000s ]
SQL: SHOW COLUMNS FROM `qm_goods` [ RunTime:0.0004s ]
SQL: SELECT * FROM `qm_goods` ORDER BY rand() LIMIT 5   [ RunTime:0.0043s ]
SQL: SHOW COLUMNS FROM `qm_fenlei` [ RunTime:0.0003s ]
SQL: SELECT * FROM `qm_fenlei` WHERE ( pid = 0 )  [ RunTime:0.0000s ]
SQL: SHOW COLUMNS FROM `qm_yonghu` [ RunTime:0.0003s ]
SQL: SELECT * FROM `qm_yonghu` WHERE ( id='' ) LIMIT 1   [ RunTime:0.0000s ]
INFO: [ view_parse ] --START--
INFO: [ template_filter ] --START--
INFO: Run Behavior\ContentReplaceBehavior [ RunTime:0.000230s ]
INFO: [ template_filter ] --END-- [ RunTime:0.000265s ]
NOTIC: [8] Undefined variable: wp_dialog /www/wwwroot/asd.luhanforex.cn/Application/Runtime/Cache/Home/5d070838c9745be9dd19b6ce33c5980e.php 第 970 行.
INFO: Run Behavior\ParseTemplateBehavior [ RunTime:0.019436s ]
INFO: [ view_parse ] --END-- [ RunTime:0.019459s ]
INFO: [ view_filter ] --START--
INFO: Run Behavior\WriteHtmlCacheBehavior [ RunTime:0.000120s ]
INFO: [ view_filter ] --END-- [ RunTime:0.000132s ]
INFO: [ app_end ] --START--
INFO: Run Behavior\ShowPageTraceBehavior [ RunTime:0.000275s ]
INFO: [ app_end ] --END-- [ RunTime:0.000290s ]

[ 2018-05-29T20:01:41+08:00 ] 101.226.35.225 //?feed=rss2
INFO: [ app_init ] --START--
INFO: Run Behavior\BuildLiteBehavior [ RunTime:0.000006s ]
INFO: [ app_init ] --END-- [ RunTime:0.000180s ]
INFO: [ app_begin ] --START--
INFO: Run Behavior\ReadHtmlCacheBehavior [ RunTime:0.000221s ]
INFO: [ app_begin ] --END-- [ RunTime:0.000265s ]
NOTIC: [8] Undefined index: id /www/wwwroot/asd.luhanforex.cn/Application/Home/Controller/IndexController.class.php 第 8 行.
SQL: SHOW COLUMNS FROM `qm_cart` [ RunTime:0.0005s ]
SQL: SELECT COUNT(id) AS tp_count FROM `qm_cart` WHERE ( user_id='' ) LIMIT 1   [ RunTime:0.0000s ]
SQL: SHOW COLUMNS FROM `qm_goods` [ RunTime:0.0003s ]
SQL: SELECT * FROM `qm_goods` WHERE ( isyoushi =2 ) ORDER BY addtime desc LIMIT 4   [ RunTime:0.0001s ]
SQL: SELECT COUNT(*) AS tp_Count FROM `qm_goods` WHERE ( isyoushi=1 ) LIMIT 1   [ RunTime:0.0000s ]
SQL: SELECT * FROM `qm_goods` WHERE ( isyoushi=1 ) LIMIT 0,8   [ RunTime:0.0001s ]
SQL: SHOW COLUMNS FROM `qm_fenlei` [ RunTime:0.0003s ]
SQL: SELECT * FROM `qm_fenlei` WHERE ( pid = 0 )  [ RunTime:0.0000s ]
SQL: SELECT * FROM `qm_goods` WHERE ( f_id=1 )  [ RunTime:0.0001s ]
SQL: SELECT * FROM `qm_goods` WHERE ( f_id=2 )  [ RunTime:0.0000s ]
SQL: SELECT * FROM `qm_goods` WHERE ( f_id=3 )  [ RunTime:0.0000s ]
SQL: SELECT * FROM `qm_goods` WHERE ( f_id=4 )  [ RunTime:0.0000s ]
SQL: SELECT * FROM `qm_goods` WHERE ( f_id=5 )  [ RunTime:0.0000s ]
INFO: [ view_parse ] --START--
INFO: [ template_filter ] --START--
INFO: Run Behavior\ContentReplaceBehavior [ RunTime:0.000166s ]
INFO: [ template_filter ] --END-- [ RunTime:0.000193s ]
NOTIC: [8] Undefined variable: wp_dialog /www/wwwroot/asd.luhanforex.cn/Application/Runtime/Cache/Home/2a94b8bda04ff446dcedd42276fc99ee.php 第 752 行.
INFO: Run Behavior\ParseTemplateBehavior [ RunTime:0.009612s ]
INFO: [ view_parse ] --END-- [ RunTime:0.009629s ]
INFO: [ view_filter ] --START--
INFO: Run Behavior\WriteHtmlCacheBehavior [ RunTime:0.000088s ]
INFO: [ view_filter ] --END-- [ RunTime:0.000099s ]
INFO: [ app_end ] --START--
INFO: Run Behavior\ShowPageTraceBehavior [ RunTime:0.000304s ]
INFO: [ app_end ] --END-- [ RunTime:0.000319s ]

[ 2018-05-29T20:01:42+08:00 ] 101.226.35.225 /
INFO: [ app_init ] --START--
INFO: Run Behavior\BuildLiteBehavior [ RunTime:0.000017s ]
INFO: [ app_init ] --END-- [ RunTime:0.000240s ]
INFO: [ app_begin ] --START--
INFO: Run Behavior\ReadHtmlCacheBehavior [ RunTime:0.000329s ]
INFO: [ app_begin ] --END-- [ RunTime:0.000353s ]
NOTIC: [8] Undefined index: id /www/wwwroot/asd.luhanforex.cn/Application/Home/Controller/IndexController.class.php 第 8 行.
SQL: SHOW COLUMNS FROM `qm_cart` [ RunTime:0.0007s ]
SQL: SELECT COUNT(id) AS tp_count FROM `qm_cart` WHERE ( user_id='' ) LIMIT 1   [ RunTime:0.0001s ]
SQL: SHOW COLUMNS FROM `qm_goods` [ RunTime:0.0005s ]
SQL: SELECT * FROM `qm_goods` WHERE ( isyoushi =2 ) ORDER BY addtime desc LIMIT 4   [ RunTime:0.0001s ]
SQL: SELECT COUNT(*) AS tp_Count FROM `qm_goods` WHERE ( isyoushi=1 ) LIMIT 1   [ RunTime:0.0000s ]
SQL: SELECT * FROM `qm_goods` WHERE ( isyoushi=1 ) LIMIT 0,8   [ RunTime:0.0001s ]
SQL: SHOW COLUMNS FROM `qm_fenlei` [ RunTime:0.0004s ]
SQL: SELECT * FROM `qm_fenlei` WHERE ( pid = 0 )  [ RunTime:0.0001s ]
SQL: SELECT * FROM `qm_goods` WHERE ( f_id=1 )  [ RunTime:0.0001s ]
SQL: SELECT * FROM `qm_goods` WHERE ( f_id=2 )  [ RunTime:0.0001s ]
SQL: SELECT * FROM `qm_goods` WHERE ( f_id=3 )  [ RunTime:0.0000s ]
SQL: SELECT * FROM `qm_goods` WHERE ( f_id=4 )  [ RunTime:0.0000s ]
SQL: SELECT * FROM `qm_goods` WHERE ( f_id=5 )  [ RunTime:0.0000s ]
INFO: [ view_parse ] --START--
INFO: [ template_filter ] --START--
INFO: Run Behavior\ContentReplaceBehavior [ RunTime:0.000176s ]
INFO: [ template_filter ] --END-- [ RunTime:0.000215s ]
NOTIC: [8] Undefined variable: wp_dialog /www/wwwroot/asd.luhanforex.cn/Application/Runtime/Cache/Home/2a94b8bda04ff446dcedd42276fc99ee.php 第 752 行.
INFO: Run Behavior\ParseTemplateBehavior [ RunTime:0.009938s ]
INFO: [ view_parse ] --END-- [ RunTime:0.009961s ]
INFO: [ view_filter ] --START--
INFO: Run Behavior\WriteHtmlCacheBehavior [ RunTime:0.000136s ]
INFO: [ view_filter ] --END-- [ RunTime:0.000152s ]
INFO: [ app_end ] --START--
INFO: Run Behavior\ShowPageTraceBehavior [ RunTime:0.000514s ]
INFO: [ app_end ] --END-- [ RunTime:0.000535s ]

[ 2018-05-29T20:04:22+08:00 ] 101.226.35.225 //?feed=rss2
INFO: [ app_init ] --START--
INFO: Run Behavior\BuildLiteBehavior [ RunTime:0.000009s ]
INFO: [ app_init ] --END-- [ RunTime:0.000190s ]
INFO: [ app_begin ] --START--
INFO: Run Behavior\ReadHtmlCacheBehavior [ RunTime:0.000246s ]
INFO: [ app_begin ] --END-- [ RunTime:0.000264s ]
NOTIC: [8] Undefined index: id /www/wwwroot/asd.luhanforex.cn/Application/Home/Controller/IndexController.class.php 第 8 行.
SQL: SHOW COLUMNS FROM `qm_cart` [ RunTime:0.0007s ]
SQL: SELECT COUNT(id) AS tp_count FROM `qm_cart` WHERE ( user_id='' ) LIMIT 1   [ RunTime:0.0001s ]
SQL: SHOW COLUMNS FROM `qm_goods` [ RunTime:0.0005s ]
SQL: SELECT * FROM `qm_goods` WHERE ( isyoushi =2 ) ORDER BY addtime desc LIMIT 4   [ RunTime:0.0001s ]
SQL: SELECT COUNT(*) AS tp_Count FROM `qm_goods` WHERE ( isyoushi=1 ) LIMIT 1   [ RunTime:0.0000s ]
SQL: SELECT * FROM `qm_goods` WHERE ( isyoushi=1 ) LIMIT 0,8   [ RunTime:0.0001s ]
SQL: SHOW COLUMNS FROM `qm_fenlei` [ RunTime:0.0004s ]
SQL: SELECT * FROM `qm_fenlei` WHERE ( pid = 0 )  [ RunTime:0.0001s ]
SQL: SELECT * FROM `qm_goods` WHERE ( f_id=1 )  [ RunTime:0.0001s ]
SQL: SELECT * FROM `qm_goods` WHERE ( f_id=2 )  [ RunTime:0.0001s ]
SQL: SELECT * FROM `qm_goods` WHERE ( f_id=3 )  [ RunTime:0.0001s ]
SQL: SELECT * FROM `qm_goods` WHERE ( f_id=4 )  [ RunTime:0.0001s ]
SQL: SELECT * FROM `qm_goods` WHERE ( f_id=5 )  [ RunTime:0.0001s ]
INFO: [ view_parse ] --START--
INFO: [ template_filter ] --START--
INFO: Run Behavior\ContentReplaceBehavior [ RunTime:0.000152s ]
INFO: [ template_filter ] --END-- [ RunTime:0.000177s ]
NOTIC: [8] Undefined variable: wp_dialog /www/wwwroot/asd.luhanforex.cn/Application/Runtime/Cache/Home/2a94b8bda04ff446dcedd42276fc99ee.php 第 752 行.
INFO: Run Behavior\ParseTemplateBehavior [ RunTime:0.008214s ]
INFO: [ view_parse ] --END-- [ RunTime:0.008232s ]
INFO: [ view_filter ] --START--
INFO: Run Behavior\WriteHtmlCacheBehavior [ RunTime:0.000091s ]
INFO: [ view_filter ] --END-- [ RunTime:0.000102s ]
INFO: [ app_end ] --START--
INFO: Run Behavior\ShowPageTraceBehavior [ RunTime:0.000253s ]
INFO: [ app_end ] --END-- [ RunTime:0.000270s ]

[ 2018-05-29T20:04:22+08:00 ] 101.226.35.225 /
INFO: [ app_init ] --START--
INFO: Run Behavior\BuildLiteBehavior [ RunTime:0.000007s ]
INFO: [ app_init ] --END-- [ RunTime:0.000172s ]
INFO: [ app_begin ] --START--
INFO: Run Behavior\ReadHtmlCacheBehavior [ RunTime:0.000222s ]
INFO: [ app_begin ] --END-- [ RunTime:0.000239s ]
NOTIC: [8] Undefined index: id /www/wwwroot/asd.luhanforex.cn/Application/Home/Controller/IndexController.class.php 第 8 行.
SQL: SHOW COLUMNS FROM `qm_cart` [ RunTime:0.0005s ]
SQL: SELECT COUNT(id) AS tp_count FROM `qm_cart` WHERE ( user_id='' ) LIMIT 1   [ RunTime:0.0000s ]
SQL: SHOW COLUMNS FROM `qm_goods` [ RunTime:0.0004s ]
SQL: SELECT * FROM `qm_goods` WHERE ( isyoushi =2 ) ORDER BY addtime desc LIMIT 4   [ RunTime:0.0001s ]
SQL: SELECT COUNT(*) AS tp_Count FROM `qm_goods` WHERE ( isyoushi=1 ) LIMIT 1   [ RunTime:0.0000s ]
SQL: SELECT * FROM `qm_goods` WHERE ( isyoushi=1 ) LIMIT 0,8   [ RunTime:0.0001s ]
SQL: SHOW COLUMNS FROM `qm_fenlei` [ RunTime:0.0003s ]
SQL: SELECT * FROM `qm_fenlei` WHERE ( pid = 0 )  [ RunTime:0.0000s ]
SQL: SELECT * FROM `qm_goods` WHERE ( f_id=1 )  [ RunTime:0.0000s ]
SQL: SELECT * FROM `qm_goods` WHERE ( f_id=2 )  [ RunTime:0.0000s ]
SQL: SELECT * FROM `qm_goods` WHERE ( f_id=3 )  [ RunTime:0.0000s ]
SQL: SELECT * FROM `qm_goods` WHERE ( f_id=4 )  [ RunTime:0.0000s ]
SQL: SELECT * FROM `qm_goods` WHERE ( f_id=5 )  [ RunTime:0.0000s ]
INFO: [ view_parse ] --START--
INFO: [ template_filter ] --START--
INFO: Run Behavior\ContentReplaceBehavior [ RunTime:0.000175s ]
INFO: [ template_filter ] --END-- [ RunTime:0.000207s ]
NOTIC: [8] Undefined variable: wp_dialog /www/wwwroot/asd.luhanforex.cn/Application/Runtime/Cache/Home/2a94b8bda04ff446dcedd42276fc99ee.php 第 752 行.
INFO: Run Behavior\ParseTemplateBehavior [ RunTime:0.007836s ]
INFO: [ view_parse ] --END-- [ RunTime:0.007854s ]
INFO: [ view_filter ] --START--
INFO: Run Behavior\WriteHtmlCacheBehavior [ RunTime:0.000095s ]
INFO: [ view_filter ] --END-- [ RunTime:0.000107s ]
INFO: [ app_end ] --START--
INFO: Run Behavior\ShowPageTraceBehavior [ RunTime:0.000325s ]
INFO: [ app_end ] --END-- [ RunTime:0.000340s ]

[ 2018-05-29T21:28:41+08:00 ] 74.82.47.3 /
INFO: [ app_init ] --START--
INFO: Run Behavior\BuildLiteBehavior [ RunTime:0.000007s ]
INFO: [ app_init ] --END-- [ RunTime:0.000189s ]
INFO: [ app_begin ] --START--
INFO: Run Behavior\ReadHtmlCacheBehavior [ RunTime:0.000237s ]
INFO: [ app_begin ] --END-- [ RunTime:0.000253s ]
NOTIC: [8] Undefined index: id /www/wwwroot/asd.luhanforex.cn/Application/Home/Controller/IndexController.class.php 第 8 行.
SQL: SHOW COLUMNS FROM `qm_cart` [ RunTime:0.0005s ]
SQL: SELECT COUNT(id) AS tp_count FROM `qm_cart` WHERE ( user_id='' ) LIMIT 1   [ RunTime:0.0000s ]
SQL: SHOW COLUMNS FROM `qm_goods` [ RunTime:0.0004s ]
SQL: SELECT * FROM `qm_goods` WHERE ( isyoushi =2 ) ORDER BY addtime desc LIMIT 4   [ RunTime:0.0001s ]
SQL: SELECT COUNT(*) AS tp_Count FROM `qm_goods` WHERE ( isyoushi=1 ) LIMIT 1   [ RunTime:0.0000s ]
SQL: SELECT * FROM `qm_goods` WHERE ( isyoushi=1 ) LIMIT 0,8   [ RunTime:0.0001s ]
SQL: SHOW COLUMNS FROM `qm_fenlei` [ RunTime:0.0003s ]
SQL: SELECT * FROM `qm_fenlei` WHERE ( pid = 0 )  [ RunTime:0.0000s ]
SQL: SELECT * FROM `qm_goods` WHERE ( f_id=1 )  [ RunTime:0.0000s ]
SQL: SELECT * FROM `qm_goods` WHERE ( f_id=2 )  [ RunTime:0.0000s ]
SQL: SELECT * FROM `qm_goods` WHERE ( f_id=3 )  [ RunTime:0.0000s ]
SQL: SELECT * FROM `qm_goods` WHERE ( f_id=4 )  [ RunTime:0.0000s ]
SQL: SELECT * FROM `qm_goods` WHERE ( f_id=5 )  [ RunTime:0.0000s ]
INFO: [ view_parse ] --START--
INFO: [ template_filter ] --START--
INFO: Run Behavior\ContentReplaceBehavior [ RunTime:0.000153s ]
INFO: [ template_filter ] --END-- [ RunTime:0.000180s ]
NOTIC: [8] Undefined variable: wp_dialog /www/wwwroot/asd.luhanforex.cn/Application/Runtime/Cache/Home/2a94b8bda04ff446dcedd42276fc99ee.php 第 752 行.
INFO: Run Behavior\ParseTemplateBehavior [ RunTime:0.007912s ]
INFO: [ view_parse ] --END-- [ RunTime:0.007930s ]
INFO: [ view_filter ] --START--
INFO: Run Behavior\WriteHtmlCacheBehavior [ RunTime:0.000095s ]
INFO: [ view_filter ] --END-- [ RunTime:0.000106s ]
INFO: [ app_end ] --START--
INFO: Run Behavior\ShowPageTraceBehavior [ RunTime:0.000285s ]
INFO: [ app_end ] --END-- [ RunTime:0.000300s ]

[ 2018-05-29T21:38:11+08:00 ] 157.55.39.106 /
INFO: [ app_init ] --START--
INFO: Run Behavior\BuildLiteBehavior [ RunTime:0.000007s ]
INFO: [ app_init ] --END-- [ RunTime:0.000169s ]
INFO: [ app_begin ] --START--
INFO: Run Behavior\ReadHtmlCacheBehavior [ RunTime:0.000216s ]
INFO: [ app_begin ] --END-- [ RunTime:0.000235s ]
NOTIC: [8] Undefined index: id /www/wwwroot/asd.luhanforex.cn/Application/Home/Controller/IndexController.class.php 第 8 行.
SQL: SHOW COLUMNS FROM `qm_cart` [ RunTime:0.0006s ]
SQL: SELECT COUNT(id) AS tp_count FROM `qm_cart` WHERE ( user_id='' ) LIMIT 1   [ RunTime:0.0001s ]
SQL: SHOW COLUMNS FROM `qm_goods` [ RunTime:0.0003s ]
SQL: SELECT * FROM `qm_goods` WHERE ( isyoushi =2 ) ORDER BY addtime desc LIMIT 4   [ RunTime:0.0001s ]
SQL: SELECT COUNT(*) AS tp_Count FROM `qm_goods` WHERE ( isyoushi=1 ) LIMIT 1   [ RunTime:0.0000s ]
SQL: SELECT * FROM `qm_goods` WHERE ( isyoushi=1 ) LIMIT 0,8   [ RunTime:0.0001s ]
SQL: SHOW COLUMNS FROM `qm_fenlei` [ RunTime:0.0002s ]
SQL: SELECT * FROM `qm_fenlei` WHERE ( pid = 0 )  [ RunTime:0.0001s ]
SQL: SELECT * FROM `qm_goods` WHERE ( f_id=1 )  [ RunTime:0.0000s ]
SQL: SELECT * FROM `qm_goods` WHERE ( f_id=2 )  [ RunTime:0.0001s ]
SQL: SELECT * FROM `qm_goods` WHERE ( f_id=3 )  [ RunTime:0.0000s ]
SQL: SELECT * FROM `qm_goods` WHERE ( f_id=4 )  [ RunTime:0.0000s ]
SQL: SELECT * FROM `qm_goods` WHERE ( f_id=5 )  [ RunTime:0.0000s ]
INFO: [ view_parse ] --START--
INFO: [ template_filter ] --START--
INFO: Run Behavior\ContentReplaceBehavior [ RunTime:0.000173s ]
INFO: [ template_filter ] --END-- [ RunTime:0.000205s ]
NOTIC: [8] Undefined variable: wp_dialog /www/wwwroot/asd.luhanforex.cn/Application/Runtime/Cache/Home/2a94b8bda04ff446dcedd42276fc99ee.php 第 752 行.
INFO: Run Behavior\ParseTemplateBehavior [ RunTime:0.008317s ]
INFO: [ view_parse ] --END-- [ RunTime:0.008334s ]
INFO: [ view_filter ] --START--
INFO: Run Behavior\WriteHtmlCacheBehavior [ RunTime:0.000101s ]
INFO: [ view_filter ] --END-- [ RunTime:0.000115s ]
INFO: [ app_end ] --START--
INFO: Run Behavior\ShowPageTraceBehavior [ RunTime:0.000276s ]
INFO: [ app_end ] --END-- [ RunTime:0.000290s ]

[ 2018-05-29T21:43:32+08:00 ] 157.55.39.106 /
INFO: [ app_init ] --START--
INFO: Run Behavior\BuildLiteBehavior [ RunTime:0.000010s ]
INFO: [ app_init ] --END-- [ RunTime:0.000211s ]
INFO: [ app_begin ] --START--
INFO: Run Behavior\ReadHtmlCacheBehavior [ RunTime:0.000340s ]
INFO: [ app_begin ] --END-- [ RunTime:0.000361s ]
NOTIC: [8] Undefined index: id /www/wwwroot/asd.luhanforex.cn/Application/Home/Controller/IndexController.class.php 第 8 行.
SQL: SHOW COLUMNS FROM `qm_cart` [ RunTime:0.0005s ]
SQL: SELECT COUNT(id) AS tp_count FROM `qm_cart` WHERE ( user_id='' ) LIMIT 1   [ RunTime:0.0000s ]
SQL: SHOW COLUMNS FROM `qm_goods` [ RunTime:0.0004s ]
SQL: SELECT * FROM `qm_goods` WHERE ( isyoushi =2 ) ORDER BY addtime desc LIMIT 4   [ RunTime:0.0001s ]
SQL: SELECT COUNT(*) AS tp_Count FROM `qm_goods` WHERE ( isyoushi=1 ) LIMIT 1   [ RunTime:0.0000s ]
SQL: SELECT * FROM `qm_goods` WHERE ( isyoushi=1 ) LIMIT 0,8   [ RunTime:0.0001s ]
SQL: SHOW COLUMNS FROM `qm_fenlei` [ RunTime:0.0003s ]
SQL: SELECT * FROM `qm_fenlei` WHERE ( pid = 0 )  [ RunTime:0.0000s ]
SQL: SELECT * FROM `qm_goods` WHERE ( f_id=1 )  [ RunTime:0.0000s ]
SQL: SELECT * FROM `qm_goods` WHERE ( f_id=2 )  [ RunTime:0.0000s ]
SQL: SELECT * FROM `qm_goods` WHERE ( f_id=3 )  [ RunTime:0.0000s ]
SQL: SELECT * FROM `qm_goods` WHERE ( f_id=4 )  [ RunTime:0.0000s ]
SQL: SELECT * FROM `qm_goods` WHERE ( f_id=5 )  [ RunTime:0.0000s ]
INFO: [ view_parse ] --START--
INFO: [ template_filter ] --START--
INFO: Run Behavior\ContentReplaceBehavior [ RunTime:0.000161s ]
INFO: [ template_filter ] --END-- [ RunTime:0.000187s ]
NOTIC: [8] Undefined variable: wp_dialog /www/wwwroot/asd.luhanforex.cn/Application/Runtime/Cache/Home/2a94b8bda04ff446dcedd42276fc99ee.php 第 752 行.
INFO: Run Behavior\ParseTemplateBehavior [ RunTime:0.008604s ]
INFO: [ view_parse ] --END-- [ RunTime:0.008619s ]
INFO: [ view_filter ] --START--
INFO: Run Behavior\WriteHtmlCacheBehavior [ RunTime:0.000090s ]
INFO: [ view_filter ] --END-- [ RunTime:0.000101s ]
INFO: [ app_end ] --START--
INFO: Run Behavior\ShowPageTraceBehavior [ RunTime:0.000270s ]
INFO: [ app_end ] --END-- [ RunTime:0.000285s ]

[ 2018-05-29T22:59:46+08:00 ] 71.6.135.131 /
INFO: [ app_init ] --START--
INFO: Run Behavior\BuildLiteBehavior [ RunTime:0.000011s ]
INFO: [ app_init ] --END-- [ RunTime:0.000198s ]
INFO: [ app_begin ] --START--
INFO: Run Behavior\ReadHtmlCacheBehavior [ RunTime:0.000229s ]
INFO: [ app_begin ] --END-- [ RunTime:0.000245s ]
NOTIC: [8] Undefined index: id /www/wwwroot/asd.luhanforex.cn/Application/Home/Controller/IndexController.class.php 第 8 行.
SQL: SHOW COLUMNS FROM `qm_cart` [ RunTime:0.0005s ]
SQL: SELECT COUNT(id) AS tp_count FROM `qm_cart` WHERE ( user_id='' ) LIMIT 1   [ RunTime:0.0000s ]
SQL: SHOW COLUMNS FROM `qm_goods` [ RunTime:0.0003s ]
SQL: SELECT * FROM `qm_goods` WHERE ( isyoushi =2 ) ORDER BY addtime desc LIMIT 4   [ RunTime:0.0001s ]
SQL: SELECT COUNT(*) AS tp_Count FROM `qm_goods` WHERE ( isyoushi=1 ) LIMIT 1   [ RunTime:0.0000s ]
SQL: SELECT * FROM `qm_goods` WHERE ( isyoushi=1 ) LIMIT 0,8   [ RunTime:0.0001s ]
SQL: SHOW COLUMNS FROM `qm_fenlei` [ RunTime:0.0003s ]
SQL: SELECT * FROM `qm_fenlei` WHERE ( pid = 0 )  [ RunTime:0.0000s ]
SQL: SELECT * FROM `qm_goods` WHERE ( f_id=1 )  [ RunTime:0.0000s ]
SQL: SELECT * FROM `qm_goods` WHERE ( f_id=2 )  [ RunTime:0.0000s ]
SQL: SELECT * FROM `qm_goods` WHERE ( f_id=3 )  [ RunTime:0.0000s ]
SQL: SELECT * FROM `qm_goods` WHERE ( f_id=4 )  [ RunTime:0.0000s ]
SQL: SELECT * FROM `qm_goods` WHERE ( f_id=5 )  [ RunTime:0.0000s ]
INFO: [ view_parse ] --START--
INFO: [ template_filter ] --START--
INFO: Run Behavior\ContentReplaceBehavior [ RunTime:0.000192s ]
INFO: [ template_filter ] --END-- [ RunTime:0.000235s ]
NOTIC: [8] Undefined variable: wp_dialog /www/wwwroot/asd.luhanforex.cn/Application/Runtime/Cache/Home/2a94b8bda04ff446dcedd42276fc99ee.php 第 752 行.
INFO: Run Behavior\ParseTemplateBehavior [ RunTime:0.008271s ]
INFO: [ view_parse ] --END-- [ RunTime:0.008289s ]
INFO: [ view_filter ] --START--
INFO: Run Behavior\WriteHtmlCacheBehavior [ RunTime:0.000182s ]
INFO: [ view_filter ] --END-- [ RunTime:0.000196s ]
INFO: [ app_end ] --START--
INFO: Run Behavior\ShowPageTraceBehavior [ RunTime:0.000299s ]
INFO: [ app_end ] --END-- [ RunTime:0.000317s ]

[ 2018-05-29T23:06:03+08:00 ] 207.46.13.210 /
INFO: [ app_init ] --START--
INFO: Run Behavior\BuildLiteBehavior [ RunTime:0.000007s ]
INFO: [ app_init ] --END-- [ RunTime:0.000178s ]
INFO: [ app_begin ] --START--
INFO: Run Behavior\ReadHtmlCacheBehavior [ RunTime:0.000228s ]
INFO: [ app_begin ] --END-- [ RunTime:0.000249s ]
NOTIC: [8] Undefined index: id /www/wwwroot/asd.luhanforex.cn/Application/Home/Controller/IndexController.class.php 第 8 行.
SQL: SHOW COLUMNS FROM `qm_cart` [ RunTime:0.0005s ]
SQL: SELECT COUNT(id) AS tp_count FROM `qm_cart` WHERE ( user_id='' ) LIMIT 1   [ RunTime:0.0000s ]
SQL: SHOW COLUMNS FROM `qm_goods` [ RunTime:0.0004s ]
SQL: SELECT * FROM `qm_goods` WHERE ( isyoushi =2 ) ORDER BY addtime desc LIMIT 4   [ RunTime:0.0001s ]
SQL: SELECT COUNT(*) AS tp_Count FROM `qm_goods` WHERE ( isyoushi=1 ) LIMIT 1   [ RunTime:0.0000s ]
SQL: SELECT * FROM `qm_goods` WHERE ( isyoushi=1 ) LIMIT 0,8   [ RunTime:0.0001s ]
SQL: SHOW COLUMNS FROM `qm_fenlei` [ RunTime:0.0003s ]
SQL: SELECT * FROM `qm_fenlei` WHERE ( pid = 0 )  [ RunTime:0.0000s ]
SQL: SELECT * FROM `qm_goods` WHERE ( f_id=1 )  [ RunTime:0.0000s ]
SQL: SELECT * FROM `qm_goods` WHERE ( f_id=2 )  [ RunTime:0.0000s ]
SQL: SELECT * FROM `qm_goods` WHERE ( f_id=3 )  [ RunTime:0.0000s ]
SQL: SELECT * FROM `qm_goods` WHERE ( f_id=4 )  [ RunTime:0.0000s ]
SQL: SELECT * FROM `qm_goods` WHERE ( f_id=5 )  [ RunTime:0.0000s ]
INFO: [ view_parse ] --START--
INFO: [ template_filter ] --START--
INFO: Run Behavior\ContentReplaceBehavior [ RunTime:0.000290s ]
INFO: [ template_filter ] --END-- [ RunTime:0.000354s ]
NOTIC: [8] Undefined variable: wp_dialog /www/wwwroot/asd.luhanforex.cn/Application/Runtime/Cache/Home/2a94b8bda04ff446dcedd42276fc99ee.php 第 752 行.
INFO: Run Behavior\ParseTemplateBehavior [ RunTime:0.008514s ]
INFO: [ view_parse ] --END-- [ RunTime:0.008535s ]
INFO: [ view_filter ] --START--
INFO: Run Behavior\WriteHtmlCacheBehavior [ RunTime:0.000220s ]
INFO: [ view_filter ] --END-- [ RunTime:0.000254s ]
INFO: [ app_end ] --START--
INFO: Run Behavior\ShowPageTraceBehavior [ RunTime:0.000355s ]
INFO: [ app_end ] --END-- [ RunTime:0.000373s ]

[ 2018-05-29T23:24:01+08:00 ] 40.77.167.41 /index.php/Home/Goods/goodsitem/gid/624
INFO: [ app_init ] --START--
INFO: Run Behavior\BuildLiteBehavior [ RunTime:0.000007s ]
INFO: [ app_init ] --END-- [ RunTime:0.000184s ]
INFO: [ app_begin ] --START--
INFO: Run Behavior\ReadHtmlCacheBehavior [ RunTime:0.000256s ]
INFO: [ app_begin ] --END-- [ RunTime:0.000273s ]
SQL: SHOW COLUMNS FROM `qm_goods` [ RunTime:0.0007s ]
SQL: SELECT * FROM `qm_goods` WHERE ( id='624' ) LIMIT 1   [ RunTime:0.0001s ]
SQL: SHOW COLUMNS FROM `qm_fenlei` [ RunTime:0.0004s ]
SQL: SELECT * FROM `qm_fenlei` WHERE ( pid = 0 )  [ RunTime:0.0001s ]
NOTIC: [8] Undefined index: id /www/wwwroot/asd.luhanforex.cn/Application/Home/Controller/GoodsController.class.php 第 22 行.
SQL: SHOW COLUMNS FROM `qm_shop` [ RunTime:0.0005s ]
SQL: SELECT * FROM `qm_shop` WHERE ( user_id='1' ) LIMIT 1   [ RunTime:0.0001s ]
SQL: SELECT * FROM `qm_goods` WHERE ( sid='48' ) LIMIT 6   [ RunTime:0.0001s ]
SQL: SELECT * FROM `qm_goods` WHERE ( sid='48' ) ORDER BY id desc LIMIT 5   [ RunTime:0.0000s ]
SQL: SHOW COLUMNS FROM `qm_cart` [ RunTime:0.0006s ]
SQL: SELECT * FROM `qm_cart` WHERE ( user_id='' )  [ RunTime:0.0000s ]
SQL: SELECT COUNT(id) AS tp_count FROM `qm_cart` WHERE ( user_id='' ) LIMIT 1   [ RunTime:0.0000s ]
SQL: SELECT SUM(zong) AS tp_sum FROM `qm_cart` WHERE ( user_id='' ) LIMIT 1   [ RunTime:0.0000s ]
INFO: [ view_parse ] --START--
INFO: [ template_filter ] --START--
INFO: Run Behavior\ContentReplaceBehavior [ RunTime:0.000228s ]
INFO: [ template_filter ] --END-- [ RunTime:0.000266s ]
NOTIC: [8] Undefined variable: wp_dialog /www/wwwroot/asd.luhanforex.cn/Application/Runtime/Cache/Home/0e52a35cd63fc6728bee7069d069110e.php 第 983 行.
INFO: Run Behavior\ParseTemplateBehavior [ RunTime:0.030969s ]
INFO: [ view_parse ] --END-- [ RunTime:0.030998s ]
INFO: [ view_filter ] --START--
INFO: Run Behavior\WriteHtmlCacheBehavior [ RunTime:0.000164s ]
INFO: [ view_filter ] --END-- [ RunTime:0.000182s ]
INFO: [ app_end ] --START--
INFO: Run Behavior\ShowPageTraceBehavior [ RunTime:0.000471s ]
INFO: [ app_end ] --END-- [ RunTime:0.000493s ]

