[ 2018-07-02T09:42:08+08:00 ] 112.224.17.231 /index.php/Home/Index/tijiao
INFO: [ app_init ] --START--
INFO: Run Behavior\BuildLiteBehavior [ RunTime:0.000009s ]
INFO: [ app_init ] --END-- [ RunTime:0.000242s ]
INFO: [ app_begin ] --START--
INFO: Run Behavior\ReadHtmlCacheBehavior [ RunTime:0.000379s ]
INFO: [ app_begin ] --END-- [ RunTime:0.000413s ]
NOTIC: [8] Undefined index: phone /www/wwwroot/dai.juhuaian.cn/Application/Home/Controller/IndexController.class.php 第 124 行.
INFO: [ view_parse ] --START--
INFO: [ template_filter ] --START--
INFO: Run Behavior\ContentReplaceBehavior [ RunTime:0.000057s ]
INFO: [ template_filter ] --END-- [ RunTime:0.000097s ]
NOTIC: [8] Undefined variable: tjr /www/wwwroot/dai.juhuaian.cn/Application/Runtime/Cache/Home/927bf2b8ff9146fe30c7b620aec3f14d.php 第 80 行.
INFO: Run Behavior\ParseTemplateBehavior [ RunTime:0.016839s ]
INFO: [ view_parse ] --END-- [ RunTime:0.016869s ]
INFO: [ view_filter ] --START--
INFO: Run Behavior\WriteHtmlCacheBehavior [ RunTime:0.000147s ]
INFO: [ view_filter ] --END-- [ RunTime:0.000165s ]
INFO: [ app_end ] --START--
INFO: Run Behavior\ShowPageTraceBehavior [ RunTime:0.000416s ]
INFO: [ app_end ] --END-- [ RunTime:0.000438s ]

[ 2018-07-02T09:44:18+08:00 ] 112.224.17.231 /index.php/Home/Index/er
INFO: [ app_init ] --START--
INFO: Run Behavior\BuildLiteBehavior [ RunTime:0.000006s ]
INFO: [ app_init ] --END-- [ RunTime:0.000160s ]
INFO: [ app_begin ] --START--
INFO: Run Behavior\ReadHtmlCacheBehavior [ RunTime:0.000221s ]
INFO: [ app_begin ] --END-- [ RunTime:0.000237s ]
INFO: [ view_parse ] --START--
INFO: [ template_filter ] --START--
INFO: Run Behavior\ContentReplaceBehavior [ RunTime:0.000041s ]
INFO: [ template_filter ] --END-- [ RunTime:0.000061s ]
INFO: Run Behavior\ParseTemplateBehavior [ RunTime:0.003636s ]
INFO: [ view_parse ] --END-- [ RunTime:0.003654s ]
INFO: [ view_filter ] --START--
INFO: Run Behavior\WriteHtmlCacheBehavior [ RunTime:0.000073s ]
INFO: [ view_filter ] --END-- [ RunTime:0.000083s ]
INFO: [ app_end ] --START--
INFO: Run Behavior\ShowPageTraceBehavior [ RunTime:0.000289s ]
INFO: [ app_end ] --END-- [ RunTime:0.000304s ]

[ 2018-07-02T09:44:21+08:00 ] 112.224.17.231 /index.php/Home/Index/san
INFO: [ app_init ] --START--
INFO: Run Behavior\BuildLiteBehavior [ RunTime:0.000009s ]
INFO: [ app_init ] --END-- [ RunTime:0.000249s ]
INFO: [ app_begin ] --START--
INFO: Run Behavior\ReadHtmlCacheBehavior [ RunTime:0.000917s ]
INFO: [ app_begin ] --END-- [ RunTime:0.000975s ]
NOTIC: [8] Undefined index: mz /www/wwwroot/dai.juhuaian.cn/Application/Home/Controller/IndexController.class.php 第 168 行.
NOTIC: [8] Undefined index: zg /www/wwwroot/dai.juhuaian.cn/Application/Home/Controller/IndexController.class.php 第 178 行.
NOTIC: [8] Undefined index: xzzcph /www/wwwroot/dai.juhuaian.cn/Application/Home/Controller/IndexController.class.php 第 186 行.
INFO: [ view_parse ] --START--
INFO: [ template_filter ] --START--
INFO: Run Behavior\ContentReplaceBehavior [ RunTime:0.000058s ]
INFO: [ template_filter ] --END-- [ RunTime:0.000097s ]
INFO: Run Behavior\ParseTemplateBehavior [ RunTime:0.006903s ]
INFO: [ view_parse ] --END-- [ RunTime:0.006949s ]
INFO: [ view_filter ] --START--
INFO: Run Behavior\WriteHtmlCacheBehavior [ RunTime:0.000130s ]
INFO: [ view_filter ] --END-- [ RunTime:0.000148s ]
INFO: [ app_end ] --START--
INFO: Run Behavior\ShowPageTraceBehavior [ RunTime:0.000395s ]
INFO: [ app_end ] --END-- [ RunTime:0.000416s ]

[ 2018-07-02T09:47:23+08:00 ] 112.224.17.231 /index.php/Home/Index/insdata
INFO: [ app_init ] --START--
INFO: Run Behavior\BuildLiteBehavior [ RunTime:0.000007s ]
INFO: [ app_init ] --END-- [ RunTime:0.000250s ]
INFO: [ app_begin ] --START--
INFO: Run Behavior\ReadHtmlCacheBehavior [ RunTime:0.000216s ]
INFO: [ app_begin ] --END-- [ RunTime:0.000232s ]
NOTIC: [8] Undefined index: mz /www/wwwroot/dai.juhuaian.cn/Application/Home/Controller/IndexController.class.php 第 233 行.
NOTIC: [8] Undefined index: xzzcph /www/wwwroot/dai.juhuaian.cn/Application/Home/Controller/IndexController.class.php 第 250 行.
SQL: SHOW COLUMNS FROM `qm_data` [ RunTime:0.0006s ]
SQL: INSERT INTO `qm_data` (`xm`,`xb`,`xphone`,`lphone`,`xl`,`yx`,`sfz`,`sfzyxq`,`hjdz`,`fzjg`,`xzz`,`gsmc`,`zg`,`gsdz`,`gsdh`,`bm`,`zw`,`nsr`,`gznx`,`sfyc`,`fc`,`cph`,`zxqs`,`zxqsgx`,`zxqsphone`,`pxqs`,`pxqsgx`,`pxqsphone`,`qt`,`qtgx`,`qtphone`,`zmf`,`yzwd`,`yyxyk`,`ed`,`ppcp`,`tjr`,`addtime`) VALUES ('龙磊华','男','18660173733','','大专','964865773','371502198510056436','','山东省聊城市','山东省聊城市','济南','','','','','','','','','0','0','','龙宾花','兄弟','18615280400','','','','','','','662','			','			','50000','','没有推荐人','2018-07-02 09:47') [ RunTime:0.0593s ]
INFO: [ view_parse ] --START--
INFO: [ template_filter ] --START--
INFO: Run Behavior\ContentReplaceBehavior [ RunTime:0.000019s ]
INFO: [ template_filter ] --END-- [ RunTime:0.000042s ]
INFO: Run Behavior\ParseTemplateBehavior [ RunTime:0.003184s ]
INFO: [ view_parse ] --END-- [ RunTime:0.003206s ]
INFO: [ view_filter ] --START--
INFO: Run Behavior\WriteHtmlCacheBehavior [ RunTime:0.000779s ]
INFO: [ view_filter ] --END-- [ RunTime:0.000795s ]
INFO: [ app_end ] --START--
INFO: Run Behavior\ShowPageTraceBehavior [ RunTime:0.000354s ]
INFO: [ app_end ] --END-- [ RunTime:0.000371s ]

[ 2018-07-02T09:47:24+08:00 ] 112.224.17.231 /index.php/Home/index/tijiao.html
INFO: [ app_init ] --START--
INFO: Run Behavior\BuildLiteBehavior [ RunTime:0.000009s ]
INFO: [ app_init ] --END-- [ RunTime:0.000210s ]
INFO: [ app_begin ] --START--
INFO: Run Behavior\ReadHtmlCacheBehavior [ RunTime:0.000278s ]
INFO: [ app_begin ] --END-- [ RunTime:0.000297s ]
NOTIC: [8] Undefined index: phone /www/wwwroot/dai.juhuaian.cn/Application/Home/Controller/IndexController.class.php 第 124 行.
INFO: [ view_parse ] --START--
INFO: [ template_filter ] --START--
INFO: Run Behavior\ContentReplaceBehavior [ RunTime:0.000051s ]
INFO: [ template_filter ] --END-- [ RunTime:0.000099s ]
NOTIC: [8] Undefined variable: tjr /www/wwwroot/dai.juhuaian.cn/Application/Runtime/Cache/Home/927bf2b8ff9146fe30c7b620aec3f14d.php 第 80 行.
INFO: Run Behavior\ParseTemplateBehavior [ RunTime:0.003072s ]
INFO: [ view_parse ] --END-- [ RunTime:0.003088s ]
INFO: [ view_filter ] --START--
INFO: Run Behavior\WriteHtmlCacheBehavior [ RunTime:0.000075s ]
INFO: [ view_filter ] --END-- [ RunTime:0.000086s ]
INFO: [ app_end ] --START--
INFO: Run Behavior\ShowPageTraceBehavior [ RunTime:0.000264s ]
INFO: [ app_end ] --END-- [ RunTime:0.000279s ]

[ 2018-07-02T10:44:06+08:00 ] 123.151.77.49 /index.php/Home/Index/tijiao
INFO: [ app_init ] --START--
INFO: Run Behavior\BuildLiteBehavior [ RunTime:0.000009s ]
INFO: [ app_init ] --END-- [ RunTime:0.000191s ]
INFO: [ app_begin ] --START--
INFO: Run Behavior\ReadHtmlCacheBehavior [ RunTime:0.000301s ]
INFO: [ app_begin ] --END-- [ RunTime:0.000321s ]
NOTIC: [8] Undefined index: phone /www/wwwroot/dai.juhuaian.cn/Application/Home/Controller/IndexController.class.php 第 124 行.
INFO: [ view_parse ] --START--
INFO: [ template_filter ] --START--
INFO: Run Behavior\ContentReplaceBehavior [ RunTime:0.000052s ]
INFO: [ template_filter ] --END-- [ RunTime:0.000082s ]
NOTIC: [8] Undefined variable: tjr /www/wwwroot/dai.juhuaian.cn/Application/Runtime/Cache/Home/927bf2b8ff9146fe30c7b620aec3f14d.php 第 80 行.
INFO: Run Behavior\ParseTemplateBehavior [ RunTime:0.003559s ]
INFO: [ view_parse ] --END-- [ RunTime:0.003576s ]
INFO: [ view_filter ] --START--
INFO: Run Behavior\WriteHtmlCacheBehavior [ RunTime:0.000087s ]
INFO: [ view_filter ] --END-- [ RunTime:0.000103s ]
INFO: [ app_end ] --START--
INFO: Run Behavior\ShowPageTraceBehavior [ RunTime:0.000306s ]
INFO: [ app_end ] --END-- [ RunTime:0.000325s ]

[ 2018-07-02T10:50:58+08:00 ] 123.151.77.49 /index.php/Home/Index/er
INFO: [ app_init ] --START--
INFO: Run Behavior\BuildLiteBehavior [ RunTime:0.000008s ]
INFO: [ app_init ] --END-- [ RunTime:0.000238s ]
INFO: [ app_begin ] --START--
INFO: Run Behavior\ReadHtmlCacheBehavior [ RunTime:0.000346s ]
INFO: [ app_begin ] --END-- [ RunTime:0.000371s ]
INFO: [ view_parse ] --START--
INFO: [ template_filter ] --START--
INFO: Run Behavior\ContentReplaceBehavior [ RunTime:0.000044s ]
INFO: [ template_filter ] --END-- [ RunTime:0.000069s ]
INFO: Run Behavior\ParseTemplateBehavior [ RunTime:0.003610s ]
INFO: [ view_parse ] --END-- [ RunTime:0.003629s ]
INFO: [ view_filter ] --START--
INFO: Run Behavior\WriteHtmlCacheBehavior [ RunTime:0.000079s ]
INFO: [ view_filter ] --END-- [ RunTime:0.000090s ]
INFO: [ app_end ] --START--
INFO: Run Behavior\ShowPageTraceBehavior [ RunTime:0.000361s ]
INFO: [ app_end ] --END-- [ RunTime:0.000378s ]

[ 2018-07-02T10:50:58+08:00 ] 125.39.46.44 /
INFO: [ app_init ] --START--
INFO: Run Behavior\BuildLiteBehavior [ RunTime:0.000009s ]
INFO: [ app_init ] --END-- [ RunTime:0.000248s ]
INFO: [ app_begin ] --START--
INFO: Run Behavior\ReadHtmlCacheBehavior [ RunTime:0.000395s ]
INFO: [ app_begin ] --END-- [ RunTime:0.000416s ]
INFO: [ view_parse ] --START--
INFO: [ template_filter ] --START--
INFO: Run Behavior\ContentReplaceBehavior [ RunTime:0.000142s ]
INFO: [ template_filter ] --END-- [ RunTime:0.000185s ]
INFO: Run Behavior\ParseTemplateBehavior [ RunTime:0.008012s ]
INFO: [ view_parse ] --END-- [ RunTime:0.008047s ]
INFO: [ view_filter ] --START--
INFO: Run Behavior\WriteHtmlCacheBehavior [ RunTime:0.000096s ]
INFO: [ view_filter ] --END-- [ RunTime:0.000107s ]
INFO: [ app_end ] --START--
INFO: Run Behavior\ShowPageTraceBehavior [ RunTime:0.000273s ]
INFO: [ app_end ] --END-- [ RunTime:0.000287s ]

[ 2018-07-02T10:51:01+08:00 ] 111.30.142.233 /
INFO: [ app_init ] --START--
INFO: Run Behavior\BuildLiteBehavior [ RunTime:0.000009s ]
INFO: [ app_init ] --END-- [ RunTime:0.000303s ]
INFO: [ app_begin ] --START--
INFO: Run Behavior\ReadHtmlCacheBehavior [ RunTime:0.000283s ]
INFO: [ app_begin ] --END-- [ RunTime:0.000306s ]
INFO: [ view_parse ] --START--
INFO: [ template_filter ] --START--
INFO: Run Behavior\ContentReplaceBehavior [ RunTime:0.000132s ]
INFO: [ template_filter ] --END-- [ RunTime:0.000187s ]
INFO: Run Behavior\ParseTemplateBehavior [ RunTime:0.005491s ]
INFO: [ view_parse ] --END-- [ RunTime:0.005514s ]
INFO: [ view_filter ] --START--
INFO: Run Behavior\WriteHtmlCacheBehavior [ RunTime:0.000131s ]
INFO: [ view_filter ] --END-- [ RunTime:0.000148s ]
INFO: [ app_end ] --START--
INFO: Run Behavior\ShowPageTraceBehavior [ RunTime:0.000453s ]
INFO: [ app_end ] --END-- [ RunTime:0.000474s ]

[ 2018-07-02T10:54:54+08:00 ] 123.151.77.49 /index.php/Home/Index/san
INFO: [ app_init ] --START--
INFO: Run Behavior\BuildLiteBehavior [ RunTime:0.000007s ]
INFO: [ app_init ] --END-- [ RunTime:0.000179s ]
INFO: [ app_begin ] --START--
INFO: Run Behavior\ReadHtmlCacheBehavior [ RunTime:0.000267s ]
INFO: [ app_begin ] --END-- [ RunTime:0.000287s ]
NOTIC: [8] Undefined index: mz /www/wwwroot/dai.juhuaian.cn/Application/Home/Controller/IndexController.class.php 第 168 行.
NOTIC: [8] Undefined index: zg /www/wwwroot/dai.juhuaian.cn/Application/Home/Controller/IndexController.class.php 第 178 行.
NOTIC: [8] Undefined index: xzzcph /www/wwwroot/dai.juhuaian.cn/Application/Home/Controller/IndexController.class.php 第 186 行.
INFO: [ view_parse ] --START--
INFO: [ template_filter ] --START--
INFO: Run Behavior\ContentReplaceBehavior [ RunTime:0.000043s ]
INFO: [ template_filter ] --END-- [ RunTime:0.000064s ]
INFO: Run Behavior\ParseTemplateBehavior [ RunTime:0.004419s ]
INFO: [ view_parse ] --END-- [ RunTime:0.004440s ]
INFO: [ view_filter ] --START--
INFO: Run Behavior\WriteHtmlCacheBehavior [ RunTime:0.000086s ]
INFO: [ view_filter ] --END-- [ RunTime:0.000100s ]
INFO: [ app_end ] --START--
INFO: Run Behavior\ShowPageTraceBehavior [ RunTime:0.000270s ]
INFO: [ app_end ] --END-- [ RunTime:0.000284s ]

[ 2018-07-02T11:00:20+08:00 ] 123.151.77.49 /index.php/Home/Index/insdata
INFO: [ app_init ] --START--
INFO: Run Behavior\BuildLiteBehavior [ RunTime:0.000009s ]
INFO: [ app_init ] --END-- [ RunTime:0.000221s ]
INFO: [ app_begin ] --START--
INFO: Run Behavior\ReadHtmlCacheBehavior [ RunTime:0.000290s ]
INFO: [ app_begin ] --END-- [ RunTime:0.000312s ]
NOTIC: [8] Undefined index: mz /www/wwwroot/dai.juhuaian.cn/Application/Home/Controller/IndexController.class.php 第 233 行.
NOTIC: [8] Undefined index: xzzcph /www/wwwroot/dai.juhuaian.cn/Application/Home/Controller/IndexController.class.php 第 250 行.
SQL: SHOW COLUMNS FROM `qm_data` [ RunTime:0.0008s ]
SQL: INSERT INTO `qm_data` (`xm`,`xb`,`xphone`,`lphone`,`xl`,`yx`,`sfz`,`sfzyxq`,`hjdz`,`fzjg`,`xzz`,`gsmc`,`zg`,`gsdz`,`gsdh`,`bm`,`zw`,`nsr`,`gznx`,`sfyc`,`fc`,`cph`,`zxqs`,`zxqsgx`,`zxqsphone`,`pxqs`,`pxqsgx`,`pxqsphone`,`qt`,`qtgx`,`qtphone`,`zmf`,`yzwd`,`yyxyk`,`ed`,`ppcp`,`tjr`,`addtime`) VALUES ('窦峰','男','13969195552','','本科','13064096679＠163.COM、','370322197808074919','2029.09.14','济南历城','济南市公安局历城分局','济南市历城区王舍人庄镇东梁王三村21','济南城建集团有限公司','','汽车厂东路','0531--86802002','第八分公司','材料 设备管理、','10','23年','没有','有(贷款)','鲁AA9B50','李琼','夫妻','13225319106','李萍','妹妹','13064096679','无','无','无','600','			无、','			无','50000','无','没有推荐人','2018-07-02 11:00') [ RunTime:0.0038s ]
INFO: [ view_parse ] --START--
INFO: [ template_filter ] --START--
INFO: Run Behavior\ContentReplaceBehavior [ RunTime:0.000020s ]
INFO: [ template_filter ] --END-- [ RunTime:0.000042s ]
INFO: Run Behavior\ParseTemplateBehavior [ RunTime:0.002626s ]
INFO: [ view_parse ] --END-- [ RunTime:0.002643s ]
INFO: [ view_filter ] --START--
INFO: Run Behavior\WriteHtmlCacheBehavior [ RunTime:0.000094s ]
INFO: [ view_filter ] --END-- [ RunTime:0.000110s ]
INFO: [ app_end ] --START--
INFO: Run Behavior\ShowPageTraceBehavior [ RunTime:0.000291s ]
INFO: [ app_end ] --END-- [ RunTime:0.000307s ]

[ 2018-07-02T11:00:21+08:00 ] 123.151.77.49 /index.php/Home/index/tijiao.html
INFO: [ app_init ] --START--
INFO: Run Behavior\BuildLiteBehavior [ RunTime:0.000008s ]
INFO: [ app_init ] --END-- [ RunTime:0.000200s ]
INFO: [ app_begin ] --START--
INFO: Run Behavior\ReadHtmlCacheBehavior [ RunTime:0.000245s ]
INFO: [ app_begin ] --END-- [ RunTime:0.000265s ]
NOTIC: [8] Undefined index: phone /www/wwwroot/dai.juhuaian.cn/Application/Home/Controller/IndexController.class.php 第 124 行.
INFO: [ view_parse ] --START--
INFO: [ template_filter ] --START--
INFO: Run Behavior\ContentReplaceBehavior [ RunTime:0.000043s ]
INFO: [ template_filter ] --END-- [ RunTime:0.000067s ]
NOTIC: [8] Undefined variable: tjr /www/wwwroot/dai.juhuaian.cn/Application/Runtime/Cache/Home/927bf2b8ff9146fe30c7b620aec3f14d.php 第 80 行.
INFO: Run Behavior\ParseTemplateBehavior [ RunTime:0.002990s ]
INFO: [ view_parse ] --END-- [ RunTime:0.003002s ]
INFO: [ view_filter ] --START--
INFO: Run Behavior\WriteHtmlCacheBehavior [ RunTime:0.000081s ]
INFO: [ view_filter ] --END-- [ RunTime:0.000094s ]
INFO: [ app_end ] --START--
INFO: Run Behavior\ShowPageTraceBehavior [ RunTime:0.000263s ]
INFO: [ app_end ] --END-- [ RunTime:0.000276s ]

[ 2018-07-02T11:00:43+08:00 ] 123.151.77.49 /index.php/Home/Index/insdata
INFO: [ app_init ] --START--
INFO: Run Behavior\BuildLiteBehavior [ RunTime:0.000008s ]
INFO: [ app_init ] --END-- [ RunTime:0.000186s ]
INFO: [ app_begin ] --START--
INFO: Run Behavior\ReadHtmlCacheBehavior [ RunTime:0.000245s ]
INFO: [ app_begin ] --END-- [ RunTime:0.000263s ]
NOTIC: [8] Undefined index: name /www/wwwroot/dai.juhuaian.cn/Application/Home/Controller/IndexController.class.php 第 229 行.
NOTIC: [8] Undefined index: sex /www/wwwroot/dai.juhuaian.cn/Application/Home/Controller/IndexController.class.php 第 230 行.
NOTIC: [8] Undefined index: newphone /www/wwwroot/dai.juhuaian.cn/Application/Home/Controller/IndexController.class.php 第 231 行.
NOTIC: [8] Undefined index: lphone /www/wwwroot/dai.juhuaian.cn/Application/Home/Controller/IndexController.class.php 第 232 行.
NOTIC: [8] Undefined index: mz /www/wwwroot/dai.juhuaian.cn/Application/Home/Controller/IndexController.class.php 第 233 行.
NOTIC: [8] Undefined index: xl /www/wwwroot/dai.juhuaian.cn/Application/Home/Controller/IndexController.class.php 第 234 行.
NOTIC: [8] Undefined index: yx /www/wwwroot/dai.juhuaian.cn/Application/Home/Controller/IndexController.class.php 第 235 行.
NOTIC: [8] Undefined index: idcnu /www/wwwroot/dai.juhuaian.cn/Application/Home/Controller/IndexController.class.php 第 236 行.
NOTIC: [8] Undefined index: sfzyxq /www/wwwroot/dai.juhuaian.cn/Application/Home/Controller/IndexController.class.php 第 237 行.
NOTIC: [8] Undefined index: hjdz /www/wwwroot/dai.juhuaian.cn/Application/Home/Controller/IndexController.class.php 第 238 行.
NOTIC: [8] Undefined index: fzjg /www/wwwroot/dai.juhuaian.cn/Application/Home/Controller/IndexController.class.php 第 239 行.
NOTIC: [8] Undefined index: xzz /www/wwwroot/dai.juhuaian.cn/Application/Home/Controller/IndexController.class.php 第 240 行.
NOTIC: [8] Undefined index: gsmc /www/wwwroot/dai.juhuaian.cn/Application/Home/Controller/IndexController.class.php 第 241 行.
NOTIC: [8] Undefined index: zg /www/wwwroot/dai.juhuaian.cn/Application/Home/Controller/IndexController.class.php 第 242 行.
NOTIC: [8] Undefined index: gsdz /www/wwwroot/dai.juhuaian.cn/Application/Home/Controller/IndexController.class.php 第 243 行.
NOTIC: [8] Undefined index: gsdh /www/wwwroot/dai.juhuaian.cn/Application/Home/Controller/IndexController.class.php 第 244 行.
NOTIC: [8] Undefined index: bm /www/wwwroot/dai.juhuaian.cn/Application/Home/Controller/IndexController.class.php 第 245 行.
NOTIC: [8] Undefined index: zw /www/wwwroot/dai.juhuaian.cn/Application/Home/Controller/IndexController.class.php 第 246 行.
NOTIC: [8] Undefined index: nsr /www/wwwroot/dai.juhuaian.cn/Application/Home/Controller/IndexController.class.php 第 247 行.
NOTIC: [8] Undefined index: gznx /www/wwwroot/dai.juhuaian.cn/Application/Home/Controller/IndexController.class.php 第 248 行.
NOTIC: [8] Undefined index: sfyc /www/wwwroot/dai.juhuaian.cn/Application/Home/Controller/IndexController.class.php 第 249 行.
NOTIC: [8] Undefined index: xzzcph /www/wwwroot/dai.juhuaian.cn/Application/Home/Controller/IndexController.class.php 第 250 行.
NOTIC: [8] Undefined index: fc /www/wwwroot/dai.juhuaian.cn/Application/Home/Controller/IndexController.class.php 第 251 行.
NOTIC: [8] Undefined index: cph /www/wwwroot/dai.juhuaian.cn/Application/Home/Controller/IndexController.class.php 第 252 行.
NOTIC: [8] Undefined index: zsqs /www/wwwroot/dai.juhuaian.cn/Application/Home/Controller/IndexController.class.php 第 254 行.
NOTIC: [8] Undefined index: zsqsgx /www/wwwroot/dai.juhuaian.cn/Application/Home/Controller/IndexController.class.php 第 255 行.
NOTIC: [8] Undefined index: zsqsphone /www/wwwroot/dai.juhuaian.cn/Application/Home/Controller/IndexController.class.php 第 256 行.
NOTIC: [8] Undefined index: pxqs /www/wwwroot/dai.juhuaian.cn/Application/Home/Controller/IndexController.class.php 第 257 行.
NOTIC: [8] Undefined index: pxqsgx /www/wwwroot/dai.juhuaian.cn/Application/Home/Controller/IndexController.class.php 第 258 行.
NOTIC: [8] Undefined index: pxqsphone /www/wwwroot/dai.juhuaian.cn/Application/Home/Controller/IndexController.class.php 第 259 行.
NOTIC: [8] Undefined index: qt /www/wwwroot/dai.juhuaian.cn/Application/Home/Controller/IndexController.class.php 第 260 行.
NOTIC: [8] Undefined index: qtgx /www/wwwroot/dai.juhuaian.cn/Application/Home/Controller/IndexController.class.php 第 261 行.
NOTIC: [8] Undefined index: qtphone /www/wwwroot/dai.juhuaian.cn/Application/Home/Controller/IndexController.class.php 第 262 行.
NOTIC: [8] Undefined index: zmf /www/wwwroot/dai.juhuaian.cn/Application/Home/Controller/IndexController.class.php 第 263 行.
NOTIC: [8] Undefined index: yzwd /www/wwwroot/dai.juhuaian.cn/Application/Home/Controller/IndexController.class.php 第 264 行.
NOTIC: [8] Undefined index: yyxyk /www/wwwroot/dai.juhuaian.cn/Application/Home/Controller/IndexController.class.php 第 265 行.
NOTIC: [8] Undefined index: ed /www/wwwroot/dai.juhuaian.cn/Application/Home/Controller/IndexController.class.php 第 266 行.
NOTIC: [8] Undefined index: ppcp /www/wwwroot/dai.juhuaian.cn/Application/Home/Controller/IndexController.class.php 第 267 行.
NOTIC: [8] Undefined index: tjr /www/wwwroot/dai.juhuaian.cn/Application/Home/Controller/IndexController.class.php 第 268 行.
SQL: SHOW COLUMNS FROM `qm_data` [ RunTime:0.0005s ]
ERR: 1048:Column 'xm' cannot be null
 [ SQL语句 ] : INSERT INTO `qm_data` (`xm`,`xb`,`xphone`,`lphone`,`xl`,`yx`,`sfz`,`sfzyxq`,`hjdz`,`fzjg`,`xzz`,`gsmc`,`zg`,`gsdz`,`gsdh`,`bm`,`zw`,`nsr`,`gznx`,`sfyc`,`fc`,`cph`,`zxqs`,`zxqsgx`,`zxqsphone`,`pxqs`,`pxqsgx`,`pxqsphone`,`qt`,`qtgx`,`qtphone`,`zmf`,`yzwd`,`yyxyk`,`ed`,`ppcp`,`tjr`,`addtime`) VALUES (NULL,NULL,NULL,NULL,NULL,NULL,NULL,NULL,NULL,NULL,NULL,NULL,NULL,NULL,NULL,NULL,NULL,NULL,NULL,NULL,NULL,NULL,NULL,NULL,NULL,NULL,NULL,NULL,NULL,NULL,NULL,NULL,NULL,NULL,NULL,NULL,'没有推荐人','2018-07-02 11:00')
ERR: 1048:Column 'xm' cannot be null
 [ SQL语句 ] : INSERT INTO `qm_data` (`xm`,`xb`,`xphone`,`lphone`,`xl`,`yx`,`sfz`,`sfzyxq`,`hjdz`,`fzjg`,`xzz`,`gsmc`,`zg`,`gsdz`,`gsdh`,`bm`,`zw`,`nsr`,`gznx`,`sfyc`,`fc`,`cph`,`zxqs`,`zxqsgx`,`zxqsphone`,`pxqs`,`pxqsgx`,`pxqsphone`,`qt`,`qtgx`,`qtphone`,`zmf`,`yzwd`,`yyxyk`,`ed`,`ppcp`,`tjr`,`addtime`) VALUES (NULL,NULL,NULL,NULL,NULL,NULL,NULL,NULL,NULL,NULL,NULL,NULL,NULL,NULL,NULL,NULL,NULL,NULL,NULL,NULL,NULL,NULL,NULL,NULL,NULL,NULL,NULL,NULL,NULL,NULL,NULL,NULL,NULL,NULL,NULL,NULL,'没有推荐人','2018-07-02 11:00')

