[ 2018-07-24T14:24:41+08:00 ] 112.242.155.226 /index.php/Home/index/rwmzc?uid=676177
INFO: [ app_init ] --START--
INFO: Run Behavior\BuildLiteBehavior [ RunTime:0.000007s ]
INFO: [ app_init ] --END-- [ RunTime:0.000190s ]
INFO: [ app_begin ] --START--
INFO: Run Behavior\ReadHtmlCacheBehavior [ RunTime:0.000302s ]
INFO: [ app_begin ] --END-- [ RunTime:0.000333s ]
SQL: SHOW COLUMNS FROM `qm_users` [ RunTime:0.0005s ]
SQL: SELECT * FROM `qm_users` WHERE ( id=676177 ) LIMIT 1   [ RunTime:0.0000s ]
INFO: [ view_parse ] --START--
INFO: [ template_filter ] --START--
INFO: Run Behavior\ContentReplaceBehavior [ RunTime:0.000038s ]
INFO: [ template_filter ] --END-- [ RunTime:0.000065s ]
INFO: Run Behavior\ParseTemplateBehavior [ RunTime:0.014233s ]
INFO: [ view_parse ] --END-- [ RunTime:0.014266s ]
INFO: [ view_filter ] --START--
INFO: Run Behavior\WriteHtmlCacheBehavior [ RunTime:0.000102s ]
INFO: [ view_filter ] --END-- [ RunTime:0.000114s ]
INFO: [ app_end ] --START--
INFO: Run Behavior\ShowPageTraceBehavior [ RunTime:0.000355s ]
INFO: [ app_end ] --END-- [ RunTime:0.000370s ]

[ 2018-07-24T14:25:00+08:00 ] 112.242.155.226 /index.php/Home/Index/yzm.html
INFO: [ app_init ] --START--
INFO: Run Behavior\BuildLiteBehavior [ RunTime:0.000017s ]
INFO: [ app_init ] --END-- [ RunTime:0.000253s ]
INFO: [ app_begin ] --START--
INFO: Run Behavior\ReadHtmlCacheBehavior [ RunTime:0.000257s ]
INFO: [ app_begin ] --END-- [ RunTime:0.000278s ]

[ 2018-07-24T14:25:10+08:00 ] 112.242.155.226 /index.php/Home/Index/yzm.html
INFO: [ app_init ] --START--
INFO: Run Behavior\BuildLiteBehavior [ RunTime:0.000006s ]
INFO: [ app_init ] --END-- [ RunTime:0.000177s ]
INFO: [ app_begin ] --START--
INFO: Run Behavior\ReadHtmlCacheBehavior [ RunTime:0.000237s ]
INFO: [ app_begin ] --END-- [ RunTime:0.000255s ]

[ 2018-07-24T14:25:42+08:00 ] 112.242.155.226 /index.php/Home/Index/zcxx.html
INFO: [ app_init ] --START--
INFO: Run Behavior\BuildLiteBehavior [ RunTime:0.000007s ]
INFO: [ app_init ] --END-- [ RunTime:0.000213s ]
INFO: [ app_begin ] --START--
INFO: Run Behavior\ReadHtmlCacheBehavior [ RunTime:0.000215s ]
INFO: [ app_begin ] --END-- [ RunTime:0.000233s ]
SQL: SHOW COLUMNS FROM `qm_users` [ RunTime:0.0004s ]
SQL: SELECT * FROM `qm_users` WHERE ( phone=18888226612 ) LIMIT 1   [ RunTime:0.0173s ]
SQL: SELECT * FROM `qm_users` WHERE ( phone=15063342277 ) LIMIT 1   [ RunTime:0.0001s ]
SQL: UPDATE `qm_users` SET `dshje`='50' WHERE ( id=676177 ) [ RunTime:0.0025s ]
SQL: SELECT * FROM `qm_users` WHERE ( phone=15063342277 ) LIMIT 1   [ RunTime:0.0000s ]
SQL: INSERT INTO `qm_users` (`id`,`phone`,`username`,`password`,`fid`,`pic`,`addtime`) VALUES ('92684301','18888226612','18888226612','bb1be07c07812ea9d5b8521176fcdb2e','676177','/img/mr.jpg','1532413542') [ RunTime:0.0109s ]
SQL: SELECT * FROM `qm_users` WHERE ( id=92684301 ) LIMIT 1   [ RunTime:0.0002s ]
SQL: SELECT * FROM `qm_users` WHERE ( phone=15063342277 ) LIMIT 1   [ RunTime:0.0001s ]
SQL: SHOW COLUMNS FROM `qm_sx` [ RunTime:0.0004s ]
SQL: INSERT INTO `qm_sx` (`data`,`uid`,`addtime`) VALUES ('您推广的用户18888226612已注册成功！资金已反到待审核金额中，请协助您的下级用户开通会员后已获得该佣金。','676177','2018-07-24 02:25:42') [ RunTime:0.0339s ]

[ 2018-07-24T18:12:15+08:00 ] 58.251.121.184 /index.php/Home/Index/yzm.html
INFO: [ app_init ] --START--
INFO: Run Behavior\BuildLiteBehavior [ RunTime:0.000009s ]
INFO: [ app_init ] --END-- [ RunTime:0.000280s ]
INFO: [ app_begin ] --START--
INFO: Run Behavior\ReadHtmlCacheBehavior [ RunTime:0.000325s ]
INFO: [ app_begin ] --END-- [ RunTime:0.000352s ]
NOTIC: [8] Undefined index: phone /www/wwwroot/dai.juhuaian.cn/Application/Home/Controller/IndexController.class.php 第 368 行.

[ 2018-07-24T19:28:46+08:00 ] 113.96.218.12 /
INFO: [ app_init ] --START--
INFO: Run Behavior\BuildLiteBehavior [ RunTime:0.000008s ]
INFO: [ app_init ] --END-- [ RunTime:0.000219s ]
INFO: [ app_begin ] --START--
INFO: Run Behavior\ReadHtmlCacheBehavior [ RunTime:0.000330s ]
INFO: [ app_begin ] --END-- [ RunTime:0.000352s ]
INFO: [ view_parse ] --START--
INFO: [ template_filter ] --START--
INFO: Run Behavior\ContentReplaceBehavior [ RunTime:0.000128s ]
INFO: [ template_filter ] --END-- [ RunTime:0.000166s ]
INFO: Run Behavior\ParseTemplateBehavior [ RunTime:0.008736s ]
INFO: [ view_parse ] --END-- [ RunTime:0.008769s ]
INFO: [ view_filter ] --START--
INFO: Run Behavior\WriteHtmlCacheBehavior [ RunTime:0.000119s ]
INFO: [ view_filter ] --END-- [ RunTime:0.000135s ]
INFO: [ app_end ] --START--
INFO: Run Behavior\ShowPageTraceBehavior [ RunTime:0.000330s ]
INFO: [ app_end ] --END-- [ RunTime:0.000345s ]

