[ 2018-05-08T00:31:33+08:00 ] 157.55.39.153 /
INFO: [ app_init ] --START--
INFO: Run Behavior\BuildLiteBehavior [ RunTime:0.000010s ]
INFO: [ app_init ] --END-- [ RunTime:0.000268s ]
INFO: [ app_begin ] --START--
INFO: Run Behavior\ReadHtmlCacheBehavior [ RunTime:0.000259s ]
INFO: [ app_begin ] --END-- [ RunTime:0.000275s ]
NOTIC: [8] Undefined index: id /www/wwwroot/asd.luhanforex.cn/Application/Home/Controller/IndexController.class.php 第 8 行.
SQL: SHOW COLUMNS FROM `qm_cart` [ RunTime:0.0005s ]
SQL: SELECT COUNT(id) AS tp_count FROM `qm_cart` WHERE ( user_id='' ) LIMIT 1   [ RunTime:0.0000s ]
SQL: SHOW COLUMNS FROM `qm_goods` [ RunTime:0.0003s ]
SQL: SELECT * FROM `qm_goods` WHERE ( isyoushi =2 ) ORDER BY addtime desc LIMIT 4   [ RunTime:0.0000s ]
SQL: SELECT COUNT(*) AS tp_Count FROM `qm_goods` WHERE ( isyoushi=1 ) LIMIT 1   [ RunTime:0.0000s ]
SQL: SELECT * FROM `qm_goods` WHERE ( isyoushi=1 ) LIMIT 0,8   [ RunTime:0.0001s ]
SQL: SHOW COLUMNS FROM `qm_fenlei` [ RunTime:0.0003s ]
SQL: SELECT * FROM `qm_fenlei` WHERE ( pid = 0 )  [ RunTime:0.0000s ]
SQL: SELECT * FROM `qm_goods` WHERE ( f_id=1 )  [ RunTime:0.0000s ]
SQL: SELECT * FROM `qm_goods` WHERE ( f_id=2 )  [ RunTime:0.0000s ]
SQL: SELECT * FROM `qm_goods` WHERE ( f_id=3 )  [ RunTime:0.0001s ]
SQL: SELECT * FROM `qm_goods` WHERE ( f_id=4 )  [ RunTime:0.0000s ]
SQL: SELECT * FROM `qm_goods` WHERE ( f_id=5 )  [ RunTime:0.0000s ]
INFO: [ view_parse ] --START--
INFO: [ template_filter ] --START--
INFO: Run Behavior\ContentReplaceBehavior [ RunTime:0.000149s ]
INFO: [ template_filter ] --END-- [ RunTime:0.000175s ]
NOTIC: [8] Undefined variable: wp_dialog /www/wwwroot/asd.luhanforex.cn/Application/Runtime/Cache/Home/2a94b8bda04ff446dcedd42276fc99ee.php 第 752 行.
INFO: Run Behavior\ParseTemplateBehavior [ RunTime:0.007648s ]
INFO: [ view_parse ] --END-- [ RunTime:0.007662s ]
INFO: [ view_filter ] --START--
INFO: Run Behavior\WriteHtmlCacheBehavior [ RunTime:0.000111s ]
INFO: [ view_filter ] --END-- [ RunTime:0.000122s ]
INFO: [ app_end ] --START--
INFO: Run Behavior\ShowPageTraceBehavior [ RunTime:0.000268s ]
INFO: [ app_end ] --END-- [ RunTime:0.000282s ]

[ 2018-05-08T00:36:27+08:00 ] 196.52.43.95 /
INFO: [ app_init ] --START--
INFO: Run Behavior\BuildLiteBehavior [ RunTime:0.000010s ]
INFO: [ app_init ] --END-- [ RunTime:0.000233s ]
INFO: [ app_begin ] --START--
INFO: Run Behavior\ReadHtmlCacheBehavior [ RunTime:0.000308s ]
INFO: [ app_begin ] --END-- [ RunTime:0.000330s ]
NOTIC: [8] Undefined index: id /www/wwwroot/asd.luhanforex.cn/Application/Home/Controller/IndexController.class.php 第 8 行.
SQL: SHOW COLUMNS FROM `qm_cart` [ RunTime:0.0007s ]
SQL: SELECT COUNT(id) AS tp_count FROM `qm_cart` WHERE ( user_id='' ) LIMIT 1   [ RunTime:0.0001s ]
SQL: SHOW COLUMNS FROM `qm_goods` [ RunTime:0.0005s ]
SQL: SELECT * FROM `qm_goods` WHERE ( isyoushi =2 ) ORDER BY addtime desc LIMIT 4   [ RunTime:0.0001s ]
SQL: SELECT COUNT(*) AS tp_Count FROM `qm_goods` WHERE ( isyoushi=1 ) LIMIT 1   [ RunTime:0.0000s ]
SQL: SELECT * FROM `qm_goods` WHERE ( isyoushi=1 ) LIMIT 0,8   [ RunTime:0.0001s ]
SQL: SHOW COLUMNS FROM `qm_fenlei` [ RunTime:0.0003s ]
SQL: SELECT * FROM `qm_fenlei` WHERE ( pid = 0 )  [ RunTime:0.0001s ]
SQL: SELECT * FROM `qm_goods` WHERE ( f_id=1 )  [ RunTime:0.0001s ]
SQL: SELECT * FROM `qm_goods` WHERE ( f_id=2 )  [ RunTime:0.0001s ]
SQL: SELECT * FROM `qm_goods` WHERE ( f_id=3 )  [ RunTime:0.0001s ]
SQL: SELECT * FROM `qm_goods` WHERE ( f_id=4 )  [ RunTime:0.0000s ]
SQL: SELECT * FROM `qm_goods` WHERE ( f_id=5 )  [ RunTime:0.0000s ]
INFO: [ view_parse ] --START--
INFO: [ template_filter ] --START--
INFO: Run Behavior\ContentReplaceBehavior [ RunTime:0.000154s ]
INFO: [ template_filter ] --END-- [ RunTime:0.000182s ]
NOTIC: [8] Undefined variable: wp_dialog /www/wwwroot/asd.luhanforex.cn/Application/Runtime/Cache/Home/2a94b8bda04ff446dcedd42276fc99ee.php 第 752 行.
INFO: Run Behavior\ParseTemplateBehavior [ RunTime:0.009390s ]
INFO: [ view_parse ] --END-- [ RunTime:0.009411s ]
INFO: [ view_filter ] --START--
INFO: Run Behavior\WriteHtmlCacheBehavior [ RunTime:0.000135s ]
INFO: [ view_filter ] --END-- [ RunTime:0.000154s ]
INFO: [ app_end ] --START--
INFO: Run Behavior\ShowPageTraceBehavior [ RunTime:0.000376s ]
INFO: [ app_end ] --END-- [ RunTime:0.000397s ]

[ 2018-05-08T01:06:32+08:00 ] 49.70.59.181 /
INFO: [ app_init ] --START--
INFO: Run Behavior\BuildLiteBehavior [ RunTime:0.000007s ]
INFO: [ app_init ] --END-- [ RunTime:0.000162s ]
INFO: [ app_begin ] --START--
INFO: Run Behavior\ReadHtmlCacheBehavior [ RunTime:0.000215s ]
INFO: [ app_begin ] --END-- [ RunTime:0.000231s ]
NOTIC: [8] Undefined index: id /www/wwwroot/asd.luhanforex.cn/Application/Home/Controller/IndexController.class.php 第 8 行.
SQL: SHOW COLUMNS FROM `qm_cart` [ RunTime:0.0005s ]
SQL: SELECT COUNT(id) AS tp_count FROM `qm_cart` WHERE ( user_id='' ) LIMIT 1   [ RunTime:0.0000s ]
SQL: SHOW COLUMNS FROM `qm_goods` [ RunTime:0.0016s ]
SQL: SELECT * FROM `qm_goods` WHERE ( isyoushi =2 ) ORDER BY addtime desc LIMIT 4   [ RunTime:0.0001s ]
SQL: SELECT COUNT(*) AS tp_Count FROM `qm_goods` WHERE ( isyoushi=1 ) LIMIT 1   [ RunTime:0.0000s ]
SQL: SELECT * FROM `qm_goods` WHERE ( isyoushi=1 ) LIMIT 0,8   [ RunTime:0.0001s ]
SQL: SHOW COLUMNS FROM `qm_fenlei` [ RunTime:0.0004s ]
SQL: SELECT * FROM `qm_fenlei` WHERE ( pid = 0 )  [ RunTime:0.0000s ]
SQL: SELECT * FROM `qm_goods` WHERE ( f_id=1 )  [ RunTime:0.0000s ]
SQL: SELECT * FROM `qm_goods` WHERE ( f_id=2 )  [ RunTime:0.0000s ]
SQL: SELECT * FROM `qm_goods` WHERE ( f_id=3 )  [ RunTime:0.0000s ]
SQL: SELECT * FROM `qm_goods` WHERE ( f_id=4 )  [ RunTime:0.0000s ]
SQL: SELECT * FROM `qm_goods` WHERE ( f_id=5 )  [ RunTime:0.0000s ]
INFO: [ view_parse ] --START--
INFO: [ template_filter ] --START--
INFO: Run Behavior\ContentReplaceBehavior [ RunTime:0.000160s ]
INFO: [ template_filter ] --END-- [ RunTime:0.000191s ]
NOTIC: [8] Undefined variable: wp_dialog /www/wwwroot/asd.luhanforex.cn/Application/Runtime/Cache/Home/2a94b8bda04ff446dcedd42276fc99ee.php 第 752 行.
INFO: Run Behavior\ParseTemplateBehavior [ RunTime:0.008483s ]
INFO: [ view_parse ] --END-- [ RunTime:0.008502s ]
INFO: [ view_filter ] --START--
INFO: Run Behavior\WriteHtmlCacheBehavior [ RunTime:0.000113s ]
INFO: [ view_filter ] --END-- [ RunTime:0.000126s ]
INFO: [ app_end ] --START--
INFO: Run Behavior\ShowPageTraceBehavior [ RunTime:0.000303s ]
INFO: [ app_end ] --END-- [ RunTime:0.000323s ]

[ 2018-05-08T01:06:34+08:00 ] 49.70.59.181 /
INFO: [ app_init ] --START--
INFO: Run Behavior\BuildLiteBehavior [ RunTime:0.000008s ]
INFO: [ app_init ] --END-- [ RunTime:0.000201s ]
INFO: [ app_begin ] --START--
INFO: Run Behavior\ReadHtmlCacheBehavior [ RunTime:0.000266s ]
INFO: [ app_begin ] --END-- [ RunTime:0.000284s ]
NOTIC: [8] Undefined index: id /www/wwwroot/asd.luhanforex.cn/Application/Home/Controller/IndexController.class.php 第 8 行.
SQL: SHOW COLUMNS FROM `qm_cart` [ RunTime:0.0006s ]
SQL: SELECT COUNT(id) AS tp_count FROM `qm_cart` WHERE ( user_id='' ) LIMIT 1   [ RunTime:0.0000s ]
SQL: SHOW COLUMNS FROM `qm_goods` [ RunTime:0.0004s ]
SQL: SELECT * FROM `qm_goods` WHERE ( isyoushi =2 ) ORDER BY addtime desc LIMIT 4   [ RunTime:0.0001s ]
SQL: SELECT COUNT(*) AS tp_Count FROM `qm_goods` WHERE ( isyoushi=1 ) LIMIT 1   [ RunTime:0.0000s ]
SQL: SELECT * FROM `qm_goods` WHERE ( isyoushi=1 ) LIMIT 0,8   [ RunTime:0.0001s ]
SQL: SHOW COLUMNS FROM `qm_fenlei` [ RunTime:0.0003s ]
SQL: SELECT * FROM `qm_fenlei` WHERE ( pid = 0 )  [ RunTime:0.0000s ]
SQL: SELECT * FROM `qm_goods` WHERE ( f_id=1 )  [ RunTime:0.0000s ]
SQL: SELECT * FROM `qm_goods` WHERE ( f_id=2 )  [ RunTime:0.0000s ]
SQL: SELECT * FROM `qm_goods` WHERE ( f_id=3 )  [ RunTime:0.0000s ]
SQL: SELECT * FROM `qm_goods` WHERE ( f_id=4 )  [ RunTime:0.0000s ]
SQL: SELECT * FROM `qm_goods` WHERE ( f_id=5 )  [ RunTime:0.0000s ]
INFO: [ view_parse ] --START--
INFO: [ template_filter ] --START--
INFO: Run Behavior\ContentReplaceBehavior [ RunTime:0.000195s ]
INFO: [ template_filter ] --END-- [ RunTime:0.000230s ]
NOTIC: [8] Undefined variable: wp_dialog /www/wwwroot/asd.luhanforex.cn/Application/Runtime/Cache/Home/2a94b8bda04ff446dcedd42276fc99ee.php 第 752 行.
INFO: Run Behavior\ParseTemplateBehavior [ RunTime:0.008616s ]
INFO: [ view_parse ] --END-- [ RunTime:0.008634s ]
INFO: [ view_filter ] --START--
INFO: Run Behavior\WriteHtmlCacheBehavior [ RunTime:0.000129s ]
INFO: [ view_filter ] --END-- [ RunTime:0.000145s ]
INFO: [ app_end ] --START--
INFO: Run Behavior\ShowPageTraceBehavior [ RunTime:0.000350s ]
INFO: [ app_end ] --END-- [ RunTime:0.000373s ]

[ 2018-05-08T01:06:34+08:00 ] 49.70.59.181 /?c=Login
INFO: [ app_init ] --START--
INFO: Run Behavior\BuildLiteBehavior [ RunTime:0.000009s ]
INFO: [ app_init ] --END-- [ RunTime:0.000242s ]
INFO: [ app_begin ] --START--
INFO: Run Behavior\ReadHtmlCacheBehavior [ RunTime:0.000316s ]
INFO: [ app_begin ] --END-- [ RunTime:0.000339s ]
ERR: 非法操作:index

[ 2018-05-08T01:14:53+08:00 ] 49.70.58.209 /
INFO: [ app_init ] --START--
INFO: Run Behavior\BuildLiteBehavior [ RunTime:0.000009s ]
INFO: [ app_init ] --END-- [ RunTime:0.000277s ]
INFO: [ app_begin ] --START--
INFO: Run Behavior\ReadHtmlCacheBehavior [ RunTime:0.000328s ]
INFO: [ app_begin ] --END-- [ RunTime:0.000351s ]
NOTIC: [8] Undefined index: id /www/wwwroot/asd.luhanforex.cn/Application/Home/Controller/IndexController.class.php 第 8 行.
SQL: SHOW COLUMNS FROM `qm_cart` [ RunTime:0.0163s ]
SQL: SELECT COUNT(id) AS tp_count FROM `qm_cart` WHERE ( user_id='' ) LIMIT 1   [ RunTime:0.0001s ]
SQL: SHOW COLUMNS FROM `qm_goods` [ RunTime:0.0006s ]
SQL: SELECT * FROM `qm_goods` WHERE ( isyoushi =2 ) ORDER BY addtime desc LIMIT 4   [ RunTime:0.0001s ]
SQL: SELECT COUNT(*) AS tp_Count FROM `qm_goods` WHERE ( isyoushi=1 ) LIMIT 1   [ RunTime:0.0000s ]
SQL: SELECT * FROM `qm_goods` WHERE ( isyoushi=1 ) LIMIT 0,8   [ RunTime:0.0001s ]
SQL: SHOW COLUMNS FROM `qm_fenlei` [ RunTime:0.0004s ]
SQL: SELECT * FROM `qm_fenlei` WHERE ( pid = 0 )  [ RunTime:0.0002s ]
SQL: SELECT * FROM `qm_goods` WHERE ( f_id=1 )  [ RunTime:0.0001s ]
SQL: SELECT * FROM `qm_goods` WHERE ( f_id=2 )  [ RunTime:0.0001s ]
SQL: SELECT * FROM `qm_goods` WHERE ( f_id=3 )  [ RunTime:0.0001s ]
SQL: SELECT * FROM `qm_goods` WHERE ( f_id=4 )  [ RunTime:0.0000s ]
SQL: SELECT * FROM `qm_goods` WHERE ( f_id=5 )  [ RunTime:0.0000s ]
INFO: [ view_parse ] --START--
INFO: [ template_filter ] --START--
INFO: Run Behavior\ContentReplaceBehavior [ RunTime:0.000147s ]
INFO: [ template_filter ] --END-- [ RunTime:0.000172s ]
NOTIC: [8] Undefined variable: wp_dialog /www/wwwroot/asd.luhanforex.cn/Application/Runtime/Cache/Home/2a94b8bda04ff446dcedd42276fc99ee.php 第 752 行.
INFO: Run Behavior\ParseTemplateBehavior [ RunTime:0.008526s ]
INFO: [ view_parse ] --END-- [ RunTime:0.008544s ]
INFO: [ view_filter ] --START--
INFO: Run Behavior\WriteHtmlCacheBehavior [ RunTime:0.000099s ]
INFO: [ view_filter ] --END-- [ RunTime:0.000111s ]
INFO: [ app_end ] --START--
INFO: Run Behavior\ShowPageTraceBehavior [ RunTime:0.000295s ]
INFO: [ app_end ] --END-- [ RunTime:0.000309s ]

[ 2018-05-08T01:14:55+08:00 ] 49.70.58.209 /
INFO: [ app_init ] --START--
INFO: Run Behavior\BuildLiteBehavior [ RunTime:0.000010s ]
INFO: [ app_init ] --END-- [ RunTime:0.000185s ]
INFO: [ app_begin ] --START--
INFO: Run Behavior\ReadHtmlCacheBehavior [ RunTime:0.000305s ]
INFO: [ app_begin ] --END-- [ RunTime:0.000328s ]
NOTIC: [8] Undefined index: id /www/wwwroot/asd.luhanforex.cn/Application/Home/Controller/IndexController.class.php 第 8 行.
SQL: SHOW COLUMNS FROM `qm_cart` [ RunTime:0.0005s ]
SQL: SELECT COUNT(id) AS tp_count FROM `qm_cart` WHERE ( user_id='' ) LIMIT 1   [ RunTime:0.0000s ]
SQL: SHOW COLUMNS FROM `qm_goods` [ RunTime:0.0004s ]
SQL: SELECT * FROM `qm_goods` WHERE ( isyoushi =2 ) ORDER BY addtime desc LIMIT 4   [ RunTime:0.0001s ]
SQL: SELECT COUNT(*) AS tp_Count FROM `qm_goods` WHERE ( isyoushi=1 ) LIMIT 1   [ RunTime:0.0000s ]
SQL: SELECT * FROM `qm_goods` WHERE ( isyoushi=1 ) LIMIT 0,8   [ RunTime:0.0001s ]
SQL: SHOW COLUMNS FROM `qm_fenlei` [ RunTime:0.0003s ]
SQL: SELECT * FROM `qm_fenlei` WHERE ( pid = 0 )  [ RunTime:0.0000s ]
SQL: SELECT * FROM `qm_goods` WHERE ( f_id=1 )  [ RunTime:0.0000s ]
SQL: SELECT * FROM `qm_goods` WHERE ( f_id=2 )  [ RunTime:0.0000s ]
SQL: SELECT * FROM `qm_goods` WHERE ( f_id=3 )  [ RunTime:0.0000s ]
SQL: SELECT * FROM `qm_goods` WHERE ( f_id=4 )  [ RunTime:0.0000s ]
SQL: SELECT * FROM `qm_goods` WHERE ( f_id=5 )  [ RunTime:0.0000s ]
INFO: [ view_parse ] --START--
INFO: [ template_filter ] --START--
INFO: Run Behavior\ContentReplaceBehavior [ RunTime:0.000196s ]
INFO: [ template_filter ] --END-- [ RunTime:0.000227s ]
NOTIC: [8] Undefined variable: wp_dialog /www/wwwroot/asd.luhanforex.cn/Application/Runtime/Cache/Home/2a94b8bda04ff446dcedd42276fc99ee.php 第 752 行.
INFO: Run Behavior\ParseTemplateBehavior [ RunTime:0.008157s ]
INFO: [ view_parse ] --END-- [ RunTime:0.008173s ]
INFO: [ view_filter ] --START--
INFO: Run Behavior\WriteHtmlCacheBehavior [ RunTime:0.000119s ]
INFO: [ view_filter ] --END-- [ RunTime:0.000136s ]
INFO: [ app_end ] --START--
INFO: Run Behavior\ShowPageTraceBehavior [ RunTime:0.000293s ]
INFO: [ app_end ] --END-- [ RunTime:0.000311s ]

[ 2018-05-08T01:14:55+08:00 ] 49.70.58.209 /?c=Login
INFO: [ app_init ] --START--
INFO: Run Behavior\BuildLiteBehavior [ RunTime:0.000006s ]
INFO: [ app_init ] --END-- [ RunTime:0.000181s ]
INFO: [ app_begin ] --START--
INFO: Run Behavior\ReadHtmlCacheBehavior [ RunTime:0.000249s ]
INFO: [ app_begin ] --END-- [ RunTime:0.000267s ]
ERR: 非法操作:index

[ 2018-05-08T01:39:39+08:00 ] 119.147.207.152 /
INFO: [ app_init ] --START--
INFO: Run Behavior\BuildLiteBehavior [ RunTime:0.000008s ]
INFO: [ app_init ] --END-- [ RunTime:0.000205s ]
INFO: [ app_begin ] --START--
INFO: Run Behavior\ReadHtmlCacheBehavior [ RunTime:0.000216s ]
INFO: [ app_begin ] --END-- [ RunTime:0.000232s ]
NOTIC: [8] Undefined index: id /www/wwwroot/asd.luhanforex.cn/Application/Home/Controller/IndexController.class.php 第 8 行.
SQL: SHOW COLUMNS FROM `qm_cart` [ RunTime:0.0004s ]
SQL: SELECT COUNT(id) AS tp_count FROM `qm_cart` WHERE ( user_id='' ) LIMIT 1   [ RunTime:0.0000s ]
SQL: SHOW COLUMNS FROM `qm_goods` [ RunTime:0.0006s ]
SQL: SELECT * FROM `qm_goods` WHERE ( isyoushi =2 ) ORDER BY addtime desc LIMIT 4   [ RunTime:0.0001s ]
SQL: SELECT COUNT(*) AS tp_Count FROM `qm_goods` WHERE ( isyoushi=1 ) LIMIT 1   [ RunTime:0.0000s ]
SQL: SELECT * FROM `qm_goods` WHERE ( isyoushi=1 ) LIMIT 0,8   [ RunTime:0.0001s ]
SQL: SHOW COLUMNS FROM `qm_fenlei` [ RunTime:0.0002s ]
SQL: SELECT * FROM `qm_fenlei` WHERE ( pid = 0 )  [ RunTime:0.0000s ]
SQL: SELECT * FROM `qm_goods` WHERE ( f_id=1 )  [ RunTime:0.0000s ]
SQL: SELECT * FROM `qm_goods` WHERE ( f_id=2 )  [ RunTime:0.0000s ]
SQL: SELECT * FROM `qm_goods` WHERE ( f_id=3 )  [ RunTime:0.0000s ]
SQL: SELECT * FROM `qm_goods` WHERE ( f_id=4 )  [ RunTime:0.0001s ]
SQL: SELECT * FROM `qm_goods` WHERE ( f_id=5 )  [ RunTime:0.0000s ]
INFO: [ view_parse ] --START--
INFO: [ template_filter ] --START--
INFO: Run Behavior\ContentReplaceBehavior [ RunTime:0.000157s ]
INFO: [ template_filter ] --END-- [ RunTime:0.000182s ]
NOTIC: [8] Undefined variable: wp_dialog /www/wwwroot/asd.luhanforex.cn/Application/Runtime/Cache/Home/2a94b8bda04ff446dcedd42276fc99ee.php 第 752 行.
INFO: Run Behavior\ParseTemplateBehavior [ RunTime:0.007909s ]
INFO: [ view_parse ] --END-- [ RunTime:0.007930s ]
INFO: [ view_filter ] --START--
INFO: Run Behavior\WriteHtmlCacheBehavior [ RunTime:0.000107s ]
INFO: [ view_filter ] --END-- [ RunTime:0.000121s ]
INFO: [ app_end ] --START--
INFO: Run Behavior\ShowPageTraceBehavior [ RunTime:0.000259s ]
INFO: [ app_end ] --END-- [ RunTime:0.000273s ]

[ 2018-05-08T02:19:46+08:00 ] 157.55.39.126 /index.php/Home/Goods/goodsitem/gid/626
INFO: [ app_init ] --START--
INFO: Run Behavior\BuildLiteBehavior [ RunTime:0.000008s ]
INFO: [ app_init ] --END-- [ RunTime:0.000170s ]
INFO: [ app_begin ] --START--
INFO: Run Behavior\ReadHtmlCacheBehavior [ RunTime:0.000206s ]
INFO: [ app_begin ] --END-- [ RunTime:0.000221s ]
SQL: SHOW COLUMNS FROM `qm_goods` [ RunTime:0.0005s ]
SQL: SELECT * FROM `qm_goods` WHERE ( id='626' ) LIMIT 1   [ RunTime:0.0001s ]
SQL: SHOW COLUMNS FROM `qm_fenlei` [ RunTime:0.0003s ]
SQL: SELECT * FROM `qm_fenlei` WHERE ( pid = 0 )  [ RunTime:0.0000s ]
NOTIC: [8] Undefined index: id /www/wwwroot/asd.luhanforex.cn/Application/Home/Controller/GoodsController.class.php 第 22 行.
SQL: SHOW COLUMNS FROM `qm_shop` [ RunTime:0.0003s ]
SQL: SELECT * FROM `qm_shop` WHERE ( user_id='19' ) LIMIT 1   [ RunTime:0.0000s ]
SQL: SELECT * FROM `qm_goods` WHERE ( sid='' ) LIMIT 6   [ RunTime:0.0000s ]
SQL: SELECT * FROM `qm_goods` WHERE ( sid='' ) ORDER BY id desc LIMIT 5   [ RunTime:0.0000s ]
SQL: SHOW COLUMNS FROM `qm_cart` [ RunTime:0.0004s ]
SQL: SELECT * FROM `qm_cart` WHERE ( user_id='' )  [ RunTime:0.0000s ]
SQL: SELECT COUNT(id) AS tp_count FROM `qm_cart` WHERE ( user_id='' ) LIMIT 1   [ RunTime:0.0000s ]
SQL: SELECT SUM(zong) AS tp_sum FROM `qm_cart` WHERE ( user_id='' ) LIMIT 1   [ RunTime:0.0000s ]
INFO: [ view_parse ] --START--
INFO: [ template_filter ] --START--
INFO: Run Behavior\ContentReplaceBehavior [ RunTime:0.000240s ]
INFO: [ template_filter ] --END-- [ RunTime:0.000281s ]
NOTIC: [8] Undefined variable: wp_dialog /www/wwwroot/asd.luhanforex.cn/Application/Runtime/Cache/Home/0e52a35cd63fc6728bee7069d069110e.php 第 983 行.
INFO: Run Behavior\ParseTemplateBehavior [ RunTime:0.014288s ]
INFO: [ view_parse ] --END-- [ RunTime:0.014341s ]
INFO: [ view_filter ] --START--
INFO: Run Behavior\WriteHtmlCacheBehavior [ RunTime:0.000174s ]
INFO: [ view_filter ] --END-- [ RunTime:0.000192s ]
INFO: [ app_end ] --START--
INFO: Run Behavior\ShowPageTraceBehavior [ RunTime:0.000408s ]
INFO: [ app_end ] --END-- [ RunTime:0.000429s ]

[ 2018-05-08T03:29:45+08:00 ] 207.46.13.98 /
INFO: [ app_init ] --START--
INFO: Run Behavior\BuildLiteBehavior [ RunTime:0.000009s ]
INFO: [ app_init ] --END-- [ RunTime:0.000251s ]
INFO: [ app_begin ] --START--
INFO: Run Behavior\ReadHtmlCacheBehavior [ RunTime:0.000254s ]
INFO: [ app_begin ] --END-- [ RunTime:0.000273s ]
NOTIC: [8] Undefined index: id /www/wwwroot/asd.luhanforex.cn/Application/Home/Controller/IndexController.class.php 第 8 行.
SQL: SHOW COLUMNS FROM `qm_cart` [ RunTime:0.0005s ]
SQL: SELECT COUNT(id) AS tp_count FROM `qm_cart` WHERE ( user_id='' ) LIMIT 1   [ RunTime:0.0000s ]
SQL: SHOW COLUMNS FROM `qm_goods` [ RunTime:0.0004s ]
SQL: SELECT * FROM `qm_goods` WHERE ( isyoushi =2 ) ORDER BY addtime desc LIMIT 4   [ RunTime:0.0001s ]
SQL: SELECT COUNT(*) AS tp_Count FROM `qm_goods` WHERE ( isyoushi=1 ) LIMIT 1   [ RunTime:0.0000s ]
SQL: SELECT * FROM `qm_goods` WHERE ( isyoushi=1 ) LIMIT 0,8   [ RunTime:0.0001s ]
SQL: SHOW COLUMNS FROM `qm_fenlei` [ RunTime:0.0003s ]
SQL: SELECT * FROM `qm_fenlei` WHERE ( pid = 0 )  [ RunTime:0.0001s ]
SQL: SELECT * FROM `qm_goods` WHERE ( f_id=1 )  [ RunTime:0.0000s ]
SQL: SELECT * FROM `qm_goods` WHERE ( f_id=2 )  [ RunTime:0.0001s ]
SQL: SELECT * FROM `qm_goods` WHERE ( f_id=3 )  [ RunTime:0.0000s ]
SQL: SELECT * FROM `qm_goods` WHERE ( f_id=4 )  [ RunTime:0.0000s ]
SQL: SELECT * FROM `qm_goods` WHERE ( f_id=5 )  [ RunTime:0.0000s ]
INFO: [ view_parse ] --START--
INFO: [ template_filter ] --START--
INFO: Run Behavior\ContentReplaceBehavior [ RunTime:0.000146s ]
INFO: [ template_filter ] --END-- [ RunTime:0.000183s ]
NOTIC: [8] Undefined variable: wp_dialog /www/wwwroot/asd.luhanforex.cn/Application/Runtime/Cache/Home/2a94b8bda04ff446dcedd42276fc99ee.php 第 752 行.
INFO: Run Behavior\ParseTemplateBehavior [ RunTime:0.008069s ]
INFO: [ view_parse ] --END-- [ RunTime:0.008087s ]
INFO: [ view_filter ] --START--
INFO: Run Behavior\WriteHtmlCacheBehavior [ RunTime:0.000094s ]
INFO: [ view_filter ] --END-- [ RunTime:0.000106s ]
INFO: [ app_end ] --START--
INFO: Run Behavior\ShowPageTraceBehavior [ RunTime:0.000291s ]
INFO: [ app_end ] --END-- [ RunTime:0.000305s ]

[ 2018-05-08T04:01:05+08:00 ] 203.208.60.226 /
INFO: [ app_init ] --START--
INFO: Run Behavior\BuildLiteBehavior [ RunTime:0.000007s ]
INFO: [ app_init ] --END-- [ RunTime:0.000179s ]
INFO: [ app_begin ] --START--
INFO: Run Behavior\ReadHtmlCacheBehavior [ RunTime:0.000212s ]
INFO: [ app_begin ] --END-- [ RunTime:0.000228s ]
NOTIC: [8] Undefined index: id /www/wwwroot/asd.luhanforex.cn/Application/Home/Controller/IndexController.class.php 第 8 行.
SQL: SHOW COLUMNS FROM `qm_cart` [ RunTime:0.0024s ]
SQL: SELECT COUNT(id) AS tp_count FROM `qm_cart` WHERE ( user_id='' ) LIMIT 1   [ RunTime:0.0001s ]
SQL: SHOW COLUMNS FROM `qm_goods` [ RunTime:0.0005s ]
SQL: SELECT * FROM `qm_goods` WHERE ( isyoushi =2 ) ORDER BY addtime desc LIMIT 4   [ RunTime:0.0001s ]
SQL: SELECT COUNT(*) AS tp_Count FROM `qm_goods` WHERE ( isyoushi=1 ) LIMIT 1   [ RunTime:0.0000s ]
SQL: SELECT * FROM `qm_goods` WHERE ( isyoushi=1 ) LIMIT 0,8   [ RunTime:0.0001s ]
SQL: SHOW COLUMNS FROM `qm_fenlei` [ RunTime:0.0004s ]
SQL: SELECT * FROM `qm_fenlei` WHERE ( pid = 0 )  [ RunTime:0.0001s ]
SQL: SELECT * FROM `qm_goods` WHERE ( f_id=1 )  [ RunTime:0.0001s ]
SQL: SELECT * FROM `qm_goods` WHERE ( f_id=2 )  [ RunTime:0.0001s ]
SQL: SELECT * FROM `qm_goods` WHERE ( f_id=3 )  [ RunTime:0.0000s ]
SQL: SELECT * FROM `qm_goods` WHERE ( f_id=4 )  [ RunTime:0.0000s ]
SQL: SELECT * FROM `qm_goods` WHERE ( f_id=5 )  [ RunTime:0.0000s ]
INFO: [ view_parse ] --START--
INFO: [ template_filter ] --START--
INFO: Run Behavior\ContentReplaceBehavior [ RunTime:0.000186s ]
INFO: [ template_filter ] --END-- [ RunTime:0.000223s ]
NOTIC: [8] Undefined variable: wp_dialog /www/wwwroot/asd.luhanforex.cn/Application/Runtime/Cache/Home/2a94b8bda04ff446dcedd42276fc99ee.php 第 752 行.
INFO: Run Behavior\ParseTemplateBehavior [ RunTime:0.008878s ]
INFO: [ view_parse ] --END-- [ RunTime:0.008899s ]
INFO: [ view_filter ] --START--
INFO: Run Behavior\WriteHtmlCacheBehavior [ RunTime:0.000140s ]
INFO: [ view_filter ] --END-- [ RunTime:0.000157s ]
INFO: [ app_end ] --START--
INFO: Run Behavior\ShowPageTraceBehavior [ RunTime:0.000388s ]
INFO: [ app_end ] --END-- [ RunTime:0.000410s ]

[ 2018-05-08T04:54:29+08:00 ] 107.170.252.110 /
INFO: [ app_init ] --START--
INFO: Run Behavior\BuildLiteBehavior [ RunTime:0.000012s ]
INFO: [ app_init ] --END-- [ RunTime:0.000287s ]
INFO: [ app_begin ] --START--
INFO: Run Behavior\ReadHtmlCacheBehavior [ RunTime:0.000297s ]
INFO: [ app_begin ] --END-- [ RunTime:0.000320s ]
NOTIC: [8] Undefined index: id /www/wwwroot/asd.luhanforex.cn/Application/Home/Controller/IndexController.class.php 第 8 行.
SQL: SHOW COLUMNS FROM `qm_cart` [ RunTime:0.0016s ]
SQL: SELECT COUNT(id) AS tp_count FROM `qm_cart` WHERE ( user_id='' ) LIMIT 1   [ RunTime:0.0001s ]
SQL: SHOW COLUMNS FROM `qm_goods` [ RunTime:0.0005s ]
SQL: SELECT * FROM `qm_goods` WHERE ( isyoushi =2 ) ORDER BY addtime desc LIMIT 4   [ RunTime:0.0001s ]
SQL: SELECT COUNT(*) AS tp_Count FROM `qm_goods` WHERE ( isyoushi=1 ) LIMIT 1   [ RunTime:0.0000s ]
SQL: SELECT * FROM `qm_goods` WHERE ( isyoushi=1 ) LIMIT 0,8   [ RunTime:0.0001s ]
SQL: SHOW COLUMNS FROM `qm_fenlei` [ RunTime:0.0004s ]
SQL: SELECT * FROM `qm_fenlei` WHERE ( pid = 0 )  [ RunTime:0.0001s ]
SQL: SELECT * FROM `qm_goods` WHERE ( f_id=1 )  [ RunTime:0.0001s ]
SQL: SELECT * FROM `qm_goods` WHERE ( f_id=2 )  [ RunTime:0.0001s ]
SQL: SELECT * FROM `qm_goods` WHERE ( f_id=3 )  [ RunTime:0.0001s ]
SQL: SELECT * FROM `qm_goods` WHERE ( f_id=4 )  [ RunTime:0.0000s ]
SQL: SELECT * FROM `qm_goods` WHERE ( f_id=5 )  [ RunTime:0.0000s ]
INFO: [ view_parse ] --START--
INFO: [ template_filter ] --START--
INFO: Run Behavior\ContentReplaceBehavior [ RunTime:0.000178s ]
INFO: [ template_filter ] --END-- [ RunTime:0.000214s ]
NOTIC: [8] Undefined variable: wp_dialog /www/wwwroot/asd.luhanforex.cn/Application/Runtime/Cache/Home/2a94b8bda04ff446dcedd42276fc99ee.php 第 752 行.
INFO: Run Behavior\ParseTemplateBehavior [ RunTime:0.009456s ]
INFO: [ view_parse ] --END-- [ RunTime:0.009475s ]
INFO: [ view_filter ] --START--
INFO: Run Behavior\WriteHtmlCacheBehavior [ RunTime:0.000143s ]
INFO: [ view_filter ] --END-- [ RunTime:0.000161s ]
INFO: [ app_end ] --START--
INFO: Run Behavior\ShowPageTraceBehavior [ RunTime:0.000387s ]
INFO: [ app_end ] --END-- [ RunTime:0.000408s ]

[ 2018-05-08T05:16:18+08:00 ] 196.52.43.125 /
INFO: [ app_init ] --START--
INFO: Run Behavior\BuildLiteBehavior [ RunTime:0.000007s ]
INFO: [ app_init ] --END-- [ RunTime:0.000177s ]
INFO: [ app_begin ] --START--
INFO: Run Behavior\ReadHtmlCacheBehavior [ RunTime:0.000252s ]
INFO: [ app_begin ] --END-- [ RunTime:0.000268s ]
NOTIC: [8] Undefined index: id /www/wwwroot/asd.luhanforex.cn/Application/Home/Controller/IndexController.class.php 第 8 行.
SQL: SHOW COLUMNS FROM `qm_cart` [ RunTime:0.0005s ]
SQL: SELECT COUNT(id) AS tp_count FROM `qm_cart` WHERE ( user_id='' ) LIMIT 1   [ RunTime:0.0000s ]
SQL: SHOW COLUMNS FROM `qm_goods` [ RunTime:0.0004s ]
SQL: SELECT * FROM `qm_goods` WHERE ( isyoushi =2 ) ORDER BY addtime desc LIMIT 4   [ RunTime:0.0001s ]
SQL: SELECT COUNT(*) AS tp_Count FROM `qm_goods` WHERE ( isyoushi=1 ) LIMIT 1   [ RunTime:0.0000s ]
SQL: SELECT * FROM `qm_goods` WHERE ( isyoushi=1 ) LIMIT 0,8   [ RunTime:0.0001s ]
SQL: SHOW COLUMNS FROM `qm_fenlei` [ RunTime:0.0003s ]
SQL: SELECT * FROM `qm_fenlei` WHERE ( pid = 0 )  [ RunTime:0.0000s ]
SQL: SELECT * FROM `qm_goods` WHERE ( f_id=1 )  [ RunTime:0.0001s ]
SQL: SELECT * FROM `qm_goods` WHERE ( f_id=2 )  [ RunTime:0.0001s ]
SQL: SELECT * FROM `qm_goods` WHERE ( f_id=3 )  [ RunTime:0.0000s ]
SQL: SELECT * FROM `qm_goods` WHERE ( f_id=4 )  [ RunTime:0.0000s ]
SQL: SELECT * FROM `qm_goods` WHERE ( f_id=5 )  [ RunTime:0.0000s ]
INFO: [ view_parse ] --START--
INFO: [ template_filter ] --START--
INFO: Run Behavior\ContentReplaceBehavior [ RunTime:0.000154s ]
INFO: [ template_filter ] --END-- [ RunTime:0.000181s ]
NOTIC: [8] Undefined variable: wp_dialog /www/wwwroot/asd.luhanforex.cn/Application/Runtime/Cache/Home/2a94b8bda04ff446dcedd42276fc99ee.php 第 752 行.
INFO: Run Behavior\ParseTemplateBehavior [ RunTime:0.008554s ]
INFO: [ view_parse ] --END-- [ RunTime:0.008568s ]
INFO: [ view_filter ] --START--
INFO: Run Behavior\WriteHtmlCacheBehavior [ RunTime:0.000098s ]
INFO: [ view_filter ] --END-- [ RunTime:0.000110s ]
INFO: [ app_end ] --START--
INFO: Run Behavior\ShowPageTraceBehavior [ RunTime:0.000320s ]
INFO: [ app_end ] --END-- [ RunTime:0.000338s ]

[ 2018-05-08T05:43:07+08:00 ] 157.55.39.121 /
INFO: [ app_init ] --START--
INFO: Run Behavior\BuildLiteBehavior [ RunTime:0.000009s ]
INFO: [ app_init ] --END-- [ RunTime:0.000211s ]
INFO: [ app_begin ] --START--
INFO: Run Behavior\ReadHtmlCacheBehavior [ RunTime:0.000268s ]
INFO: [ app_begin ] --END-- [ RunTime:0.000285s ]
NOTIC: [8] Undefined index: id /www/wwwroot/asd.luhanforex.cn/Application/Home/Controller/IndexController.class.php 第 8 行.
SQL: SHOW COLUMNS FROM `qm_cart` [ RunTime:0.0006s ]
SQL: SELECT COUNT(id) AS tp_count FROM `qm_cart` WHERE ( user_id='' ) LIMIT 1   [ RunTime:0.0000s ]
SQL: SHOW COLUMNS FROM `qm_goods` [ RunTime:0.0004s ]
SQL: SELECT * FROM `qm_goods` WHERE ( isyoushi =2 ) ORDER BY addtime desc LIMIT 4   [ RunTime:0.0001s ]
SQL: SELECT COUNT(*) AS tp_Count FROM `qm_goods` WHERE ( isyoushi=1 ) LIMIT 1   [ RunTime:0.0000s ]
SQL: SELECT * FROM `qm_goods` WHERE ( isyoushi=1 ) LIMIT 0,8   [ RunTime:0.0001s ]
SQL: SHOW COLUMNS FROM `qm_fenlei` [ RunTime:0.0003s ]
SQL: SELECT * FROM `qm_fenlei` WHERE ( pid = 0 )  [ RunTime:0.0001s ]
SQL: SELECT * FROM `qm_goods` WHERE ( f_id=1 )  [ RunTime:0.0000s ]
SQL: SELECT * FROM `qm_goods` WHERE ( f_id=2 )  [ RunTime:0.0001s ]
SQL: SELECT * FROM `qm_goods` WHERE ( f_id=3 )  [ RunTime:0.0000s ]
SQL: SELECT * FROM `qm_goods` WHERE ( f_id=4 )  [ RunTime:0.0000s ]
SQL: SELECT * FROM `qm_goods` WHERE ( f_id=5 )  [ RunTime:0.0000s ]
INFO: [ view_parse ] --START--
INFO: [ template_filter ] --START--
INFO: Run Behavior\ContentReplaceBehavior [ RunTime:0.000155s ]
INFO: [ template_filter ] --END-- [ RunTime:0.000175s ]
NOTIC: [8] Undefined variable: wp_dialog /www/wwwroot/asd.luhanforex.cn/Application/Runtime/Cache/Home/2a94b8bda04ff446dcedd42276fc99ee.php 第 752 行.
INFO: Run Behavior\ParseTemplateBehavior [ RunTime:0.008217s ]
INFO: [ view_parse ] --END-- [ RunTime:0.008231s ]
INFO: [ view_filter ] --START--
INFO: Run Behavior\WriteHtmlCacheBehavior [ RunTime:0.000109s ]
INFO: [ view_filter ] --END-- [ RunTime:0.000120s ]
INFO: [ app_end ] --START--
INFO: Run Behavior\ShowPageTraceBehavior [ RunTime:0.000295s ]
INFO: [ app_end ] --END-- [ RunTime:0.000314s ]

[ 2018-05-08T05:49:05+08:00 ] 157.55.39.121 /
INFO: [ app_init ] --START--
INFO: Run Behavior\BuildLiteBehavior [ RunTime:0.000010s ]
INFO: [ app_init ] --END-- [ RunTime:0.000254s ]
INFO: [ app_begin ] --START--
INFO: Run Behavior\ReadHtmlCacheBehavior [ RunTime:0.000272s ]
INFO: [ app_begin ] --END-- [ RunTime:0.000290s ]
NOTIC: [8] Undefined index: id /www/wwwroot/asd.luhanforex.cn/Application/Home/Controller/IndexController.class.php 第 8 行.
SQL: SHOW COLUMNS FROM `qm_cart` [ RunTime:0.0006s ]
SQL: SELECT COUNT(id) AS tp_count FROM `qm_cart` WHERE ( user_id='' ) LIMIT 1   [ RunTime:0.0001s ]
SQL: SHOW COLUMNS FROM `qm_goods` [ RunTime:0.0003s ]
SQL: SELECT * FROM `qm_goods` WHERE ( isyoushi =2 ) ORDER BY addtime desc LIMIT 4   [ RunTime:0.0001s ]
SQL: SELECT COUNT(*) AS tp_Count FROM `qm_goods` WHERE ( isyoushi=1 ) LIMIT 1   [ RunTime:0.0000s ]
SQL: SELECT * FROM `qm_goods` WHERE ( isyoushi=1 ) LIMIT 0,8   [ RunTime:0.0001s ]
SQL: SHOW COLUMNS FROM `qm_fenlei` [ RunTime:0.0003s ]
SQL: SELECT * FROM `qm_fenlei` WHERE ( pid = 0 )  [ RunTime:0.0000s ]
SQL: SELECT * FROM `qm_goods` WHERE ( f_id=1 )  [ RunTime:0.0000s ]
SQL: SELECT * FROM `qm_goods` WHERE ( f_id=2 )  [ RunTime:0.0001s ]
SQL: SELECT * FROM `qm_goods` WHERE ( f_id=3 )  [ RunTime:0.0000s ]
SQL: SELECT * FROM `qm_goods` WHERE ( f_id=4 )  [ RunTime:0.0000s ]
SQL: SELECT * FROM `qm_goods` WHERE ( f_id=5 )  [ RunTime:0.0000s ]
INFO: [ view_parse ] --START--
INFO: [ template_filter ] --START--
INFO: Run Behavior\ContentReplaceBehavior [ RunTime:0.000161s ]
INFO: [ template_filter ] --END-- [ RunTime:0.000189s ]
NOTIC: [8] Undefined variable: wp_dialog /www/wwwroot/asd.luhanforex.cn/Application/Runtime/Cache/Home/2a94b8bda04ff446dcedd42276fc99ee.php 第 752 行.
INFO: Run Behavior\ParseTemplateBehavior [ RunTime:0.008481s ]
INFO: [ view_parse ] --END-- [ RunTime:0.008511s ]
INFO: [ view_filter ] --START--
INFO: Run Behavior\WriteHtmlCacheBehavior [ RunTime:0.000121s ]
INFO: [ view_filter ] --END-- [ RunTime:0.000136s ]
INFO: [ app_end ] --START--
INFO: Run Behavior\ShowPageTraceBehavior [ RunTime:0.000320s ]
INFO: [ app_end ] --END-- [ RunTime:0.000336s ]

[ 2018-05-08T06:04:39+08:00 ] 163.177.90.152 /
INFO: [ app_init ] --START--
INFO: Run Behavior\BuildLiteBehavior [ RunTime:0.000007s ]
INFO: [ app_init ] --END-- [ RunTime:0.000170s ]
INFO: [ app_begin ] --START--
INFO: Run Behavior\ReadHtmlCacheBehavior [ RunTime:0.000216s ]
INFO: [ app_begin ] --END-- [ RunTime:0.000234s ]
NOTIC: [8] Undefined index: id /www/wwwroot/asd.luhanforex.cn/Application/Home/Controller/IndexController.class.php 第 8 行.
SQL: SHOW COLUMNS FROM `qm_cart` [ RunTime:0.0005s ]
SQL: SELECT COUNT(id) AS tp_count FROM `qm_cart` WHERE ( user_id='' ) LIMIT 1   [ RunTime:0.0000s ]
SQL: SHOW COLUMNS FROM `qm_goods` [ RunTime:0.0003s ]
SQL: SELECT * FROM `qm_goods` WHERE ( isyoushi =2 ) ORDER BY addtime desc LIMIT 4   [ RunTime:0.0000s ]
SQL: SELECT COUNT(*) AS tp_Count FROM `qm_goods` WHERE ( isyoushi=1 ) LIMIT 1   [ RunTime:0.0000s ]
SQL: SELECT * FROM `qm_goods` WHERE ( isyoushi=1 ) LIMIT 0,8   [ RunTime:0.0001s ]
SQL: SHOW COLUMNS FROM `qm_fenlei` [ RunTime:0.0002s ]
SQL: SELECT * FROM `qm_fenlei` WHERE ( pid = 0 )  [ RunTime:0.0000s ]
SQL: SELECT * FROM `qm_goods` WHERE ( f_id=1 )  [ RunTime:0.0000s ]
SQL: SELECT * FROM `qm_goods` WHERE ( f_id=2 )  [ RunTime:0.0000s ]
SQL: SELECT * FROM `qm_goods` WHERE ( f_id=3 )  [ RunTime:0.0000s ]
SQL: SELECT * FROM `qm_goods` WHERE ( f_id=4 )  [ RunTime:0.0000s ]
SQL: SELECT * FROM `qm_goods` WHERE ( f_id=5 )  [ RunTime:0.0001s ]
INFO: [ view_parse ] --START--
INFO: [ template_filter ] --START--
INFO: Run Behavior\ContentReplaceBehavior [ RunTime:0.000152s ]
INFO: [ template_filter ] --END-- [ RunTime:0.000178s ]
NOTIC: [8] Undefined variable: wp_dialog /www/wwwroot/asd.luhanforex.cn/Application/Runtime/Cache/Home/2a94b8bda04ff446dcedd42276fc99ee.php 第 752 行.
INFO: Run Behavior\ParseTemplateBehavior [ RunTime:0.007739s ]
INFO: [ view_parse ] --END-- [ RunTime:0.007752s ]
INFO: [ view_filter ] --START--
INFO: Run Behavior\WriteHtmlCacheBehavior [ RunTime:0.000115s ]
INFO: [ view_filter ] --END-- [ RunTime:0.000126s ]
INFO: [ app_end ] --START--
INFO: Run Behavior\ShowPageTraceBehavior [ RunTime:0.000267s ]
INFO: [ app_end ] --END-- [ RunTime:0.000287s ]

[ 2018-05-08T07:31:09+08:00 ] 209.126.136.7 /
INFO: [ app_init ] --START--
INFO: Run Behavior\BuildLiteBehavior [ RunTime:0.000010s ]
INFO: [ app_init ] --END-- [ RunTime:0.000254s ]
INFO: [ app_begin ] --START--
INFO: Run Behavior\ReadHtmlCacheBehavior [ RunTime:0.000366s ]
INFO: [ app_begin ] --END-- [ RunTime:0.000390s ]
NOTIC: [8] Undefined index: id /www/wwwroot/asd.luhanforex.cn/Application/Home/Controller/IndexController.class.php 第 8 行.
SQL: SHOW COLUMNS FROM `qm_cart` [ RunTime:0.0007s ]
SQL: SELECT COUNT(id) AS tp_count FROM `qm_cart` WHERE ( user_id='' ) LIMIT 1   [ RunTime:0.0001s ]
SQL: SHOW COLUMNS FROM `qm_goods` [ RunTime:0.0005s ]
SQL: SELECT * FROM `qm_goods` WHERE ( isyoushi =2 ) ORDER BY addtime desc LIMIT 4   [ RunTime:0.0001s ]
SQL: SELECT COUNT(*) AS tp_Count FROM `qm_goods` WHERE ( isyoushi=1 ) LIMIT 1   [ RunTime:0.0000s ]
SQL: SELECT * FROM `qm_goods` WHERE ( isyoushi=1 ) LIMIT 0,8   [ RunTime:0.0001s ]
SQL: SHOW COLUMNS FROM `qm_fenlei` [ RunTime:0.0004s ]
SQL: SELECT * FROM `qm_fenlei` WHERE ( pid = 0 )  [ RunTime:0.0001s ]
SQL: SELECT * FROM `qm_goods` WHERE ( f_id=1 )  [ RunTime:0.0001s ]
SQL: SELECT * FROM `qm_goods` WHERE ( f_id=2 )  [ RunTime:0.0001s ]
SQL: SELECT * FROM `qm_goods` WHERE ( f_id=3 )  [ RunTime:0.0001s ]
SQL: SELECT * FROM `qm_goods` WHERE ( f_id=4 )  [ RunTime:0.0001s ]
SQL: SELECT * FROM `qm_goods` WHERE ( f_id=5 )  [ RunTime:0.0001s ]
INFO: [ view_parse ] --START--
INFO: [ template_filter ] --START--
INFO: Run Behavior\ContentReplaceBehavior [ RunTime:0.000179s ]
INFO: [ template_filter ] --END-- [ RunTime:0.000216s ]
NOTIC: [8] Undefined variable: wp_dialog /www/wwwroot/asd.luhanforex.cn/Application/Runtime/Cache/Home/2a94b8bda04ff446dcedd42276fc99ee.php 第 752 行.
INFO: Run Behavior\ParseTemplateBehavior [ RunTime:0.010324s ]
INFO: [ view_parse ] --END-- [ RunTime:0.010347s ]
INFO: [ view_filter ] --START--
INFO: Run Behavior\WriteHtmlCacheBehavior [ RunTime:0.000139s ]
INFO: [ view_filter ] --END-- [ RunTime:0.000163s ]
INFO: [ app_end ] --START--
INFO: Run Behavior\ShowPageTraceBehavior [ RunTime:0.000387s ]
INFO: [ app_end ] --END-- [ RunTime:0.000407s ]

[ 2018-05-08T10:05:42+08:00 ] 158.85.81.114 /
INFO: [ app_init ] --START--
INFO: Run Behavior\BuildLiteBehavior [ RunTime:0.000011s ]
INFO: [ app_init ] --END-- [ RunTime:0.000549s ]
INFO: [ app_begin ] --START--
INFO: Run Behavior\ReadHtmlCacheBehavior [ RunTime:0.000565s ]
INFO: [ app_begin ] --END-- [ RunTime:0.000608s ]
NOTIC: [8] Undefined index: id /www/wwwroot/asd.luhanforex.cn/Application/Home/Controller/IndexController.class.php 第 8 行.
SQL: SHOW COLUMNS FROM `qm_cart` [ RunTime:0.0031s ]
SQL: SELECT COUNT(id) AS tp_count FROM `qm_cart` WHERE ( user_id='' ) LIMIT 1   [ RunTime:0.0077s ]
SQL: SHOW COLUMNS FROM `qm_goods` [ RunTime:0.0045s ]
SQL: SELECT * FROM `qm_goods` WHERE ( isyoushi =2 ) ORDER BY addtime desc LIMIT 4   [ RunTime:0.0005s ]
SQL: SELECT COUNT(*) AS tp_Count FROM `qm_goods` WHERE ( isyoushi=1 ) LIMIT 1   [ RunTime:0.0001s ]
SQL: SELECT * FROM `qm_goods` WHERE ( isyoushi=1 ) LIMIT 0,8   [ RunTime:0.0002s ]
SQL: SHOW COLUMNS FROM `qm_fenlei` [ RunTime:0.0023s ]
SQL: SELECT * FROM `qm_fenlei` WHERE ( pid = 0 )  [ RunTime:0.0002s ]
SQL: SELECT * FROM `qm_goods` WHERE ( f_id=1 )  [ RunTime:0.0002s ]
SQL: SELECT * FROM `qm_goods` WHERE ( f_id=2 )  [ RunTime:0.0002s ]
SQL: SELECT * FROM `qm_goods` WHERE ( f_id=3 )  [ RunTime:0.0001s ]
SQL: SELECT * FROM `qm_goods` WHERE ( f_id=4 )  [ RunTime:0.0001s ]
SQL: SELECT * FROM `qm_goods` WHERE ( f_id=5 )  [ RunTime:0.0001s ]
INFO: [ view_parse ] --START--
INFO: [ template_filter ] --START--
INFO: Run Behavior\ContentReplaceBehavior [ RunTime:0.000184s ]
INFO: [ template_filter ] --END-- [ RunTime:0.000222s ]
NOTIC: [8] Undefined variable: wp_dialog /www/wwwroot/asd.luhanforex.cn/Application/Runtime/Cache/Home/2a94b8bda04ff446dcedd42276fc99ee.php 第 752 行.
INFO: Run Behavior\ParseTemplateBehavior [ RunTime:0.016889s ]
INFO: [ view_parse ] --END-- [ RunTime:0.016912s ]
INFO: [ view_filter ] --START--
INFO: Run Behavior\WriteHtmlCacheBehavior [ RunTime:0.000391s ]
INFO: [ view_filter ] --END-- [ RunTime:0.000406s ]
INFO: [ app_end ] --START--
INFO: Run Behavior\ShowPageTraceBehavior [ RunTime:0.000569s ]
INFO: [ app_end ] --END-- [ RunTime:0.000588s ]

[ 2018-05-08T12:09:25+08:00 ] 40.77.167.194 /
INFO: [ app_init ] --START--
INFO: Run Behavior\BuildLiteBehavior [ RunTime:0.000015s ]
INFO: [ app_init ] --END-- [ RunTime:0.000828s ]
INFO: [ app_begin ] --START--
INFO: Run Behavior\ReadHtmlCacheBehavior [ RunTime:0.003060s ]
INFO: [ app_begin ] --END-- [ RunTime:0.003124s ]
NOTIC: [8] Undefined index: id /www/wwwroot/asd.luhanforex.cn/Application/Home/Controller/IndexController.class.php 第 8 行.
SQL: SHOW COLUMNS FROM `qm_cart` [ RunTime:0.0006s ]
SQL: SELECT COUNT(id) AS tp_count FROM `qm_cart` WHERE ( user_id='' ) LIMIT 1   [ RunTime:0.0000s ]
SQL: SHOW COLUMNS FROM `qm_goods` [ RunTime:0.0005s ]
SQL: SELECT * FROM `qm_goods` WHERE ( isyoushi =2 ) ORDER BY addtime desc LIMIT 4   [ RunTime:0.0001s ]
SQL: SELECT COUNT(*) AS tp_Count FROM `qm_goods` WHERE ( isyoushi=1 ) LIMIT 1   [ RunTime:0.0000s ]
SQL: SELECT * FROM `qm_goods` WHERE ( isyoushi=1 ) LIMIT 0,8   [ RunTime:0.0002s ]
SQL: SHOW COLUMNS FROM `qm_fenlei` [ RunTime:0.0005s ]
SQL: SELECT * FROM `qm_fenlei` WHERE ( pid = 0 )  [ RunTime:0.0001s ]
SQL: SELECT * FROM `qm_goods` WHERE ( f_id=1 )  [ RunTime:0.0001s ]
SQL: SELECT * FROM `qm_goods` WHERE ( f_id=2 )  [ RunTime:0.0001s ]
SQL: SELECT * FROM `qm_goods` WHERE ( f_id=3 )  [ RunTime:0.0001s ]
SQL: SELECT * FROM `qm_goods` WHERE ( f_id=4 )  [ RunTime:0.0001s ]
SQL: SELECT * FROM `qm_goods` WHERE ( f_id=5 )  [ RunTime:0.0000s ]
INFO: [ view_parse ] --START--
INFO: [ template_filter ] --START--
INFO: Run Behavior\ContentReplaceBehavior [ RunTime:0.000178s ]
INFO: [ template_filter ] --END-- [ RunTime:0.000210s ]
NOTIC: [8] Undefined variable: wp_dialog /www/wwwroot/asd.luhanforex.cn/Application/Runtime/Cache/Home/2a94b8bda04ff446dcedd42276fc99ee.php 第 752 行.
INFO: Run Behavior\ParseTemplateBehavior [ RunTime:0.049106s ]
INFO: [ view_parse ] --END-- [ RunTime:0.049134s ]
INFO: [ view_filter ] --START--
INFO: Run Behavior\WriteHtmlCacheBehavior [ RunTime:0.008902s ]
INFO: [ view_filter ] --END-- [ RunTime:0.008942s ]
INFO: [ app_end ] --START--
INFO: Run Behavior\ShowPageTraceBehavior [ RunTime:0.000886s ]
INFO: [ app_end ] --END-- [ RunTime:0.000918s ]

[ 2018-05-08T12:10:43+08:00 ] 207.46.13.25 /index.php/Home/Goods/goodsitem/gid/
INFO: [ app_init ] --START--
INFO: Run Behavior\BuildLiteBehavior [ RunTime:0.000009s ]
INFO: [ app_init ] --END-- [ RunTime:0.000220s ]
INFO: [ app_begin ] --START--
INFO: Run Behavior\ReadHtmlCacheBehavior [ RunTime:0.000243s ]
INFO: [ app_begin ] --END-- [ RunTime:0.000261s ]
SQL: SHOW COLUMNS FROM `qm_goods` [ RunTime:0.0005s ]
SQL: SELECT * FROM `qm_goods` WHERE ( id='index.php' ) LIMIT 1   [ RunTime:0.0013s ]
SQL: SHOW COLUMNS FROM `qm_fenlei` [ RunTime:0.0003s ]
SQL: SELECT * FROM `qm_fenlei` WHERE ( pid = 0 )  [ RunTime:0.0000s ]
NOTIC: [8] Undefined index: id /www/wwwroot/asd.luhanforex.cn/Application/Home/Controller/GoodsController.class.php 第 22 行.
SQL: SHOW COLUMNS FROM `qm_shop` [ RunTime:0.0027s ]
SQL: SELECT * FROM `qm_shop` WHERE ( user_id='' ) LIMIT 1   [ RunTime:0.0005s ]
SQL: SELECT * FROM `qm_goods` WHERE ( sid='' ) LIMIT 6   [ RunTime:0.0006s ]
SQL: SELECT * FROM `qm_goods` WHERE ( sid='' ) ORDER BY id desc LIMIT 5   [ RunTime:0.0001s ]
SQL: SHOW COLUMNS FROM `qm_cart` [ RunTime:0.0004s ]
SQL: SELECT * FROM `qm_cart` WHERE ( user_id='' )  [ RunTime:0.0004s ]
SQL: SELECT COUNT(id) AS tp_count FROM `qm_cart` WHERE ( user_id='' ) LIMIT 1   [ RunTime:0.0000s ]
SQL: SELECT SUM(zong) AS tp_sum FROM `qm_cart` WHERE ( user_id='' ) LIMIT 1   [ RunTime:0.0001s ]
INFO: [ view_parse ] --START--
INFO: [ template_filter ] --START--
INFO: Run Behavior\ContentReplaceBehavior [ RunTime:0.000234s ]
INFO: [ template_filter ] --END-- [ RunTime:0.000268s ]
NOTIC: [8] Undefined variable: wp_dialog /www/wwwroot/asd.luhanforex.cn/Application/Runtime/Cache/Home/0e52a35cd63fc6728bee7069d069110e.php 第 983 行.
INFO: Run Behavior\ParseTemplateBehavior [ RunTime:0.012469s ]
INFO: [ view_parse ] --END-- [ RunTime:0.012490s ]
INFO: [ view_filter ] --START--
INFO: Run Behavior\WriteHtmlCacheBehavior [ RunTime:0.000108s ]
INFO: [ view_filter ] --END-- [ RunTime:0.000120s ]
INFO: [ app_end ] --START--
INFO: Run Behavior\ShowPageTraceBehavior [ RunTime:0.000296s ]
INFO: [ app_end ] --END-- [ RunTime:0.000310s ]

[ 2018-05-08T12:19:51+08:00 ] 163.177.90.152 /
INFO: [ app_init ] --START--
INFO: Run Behavior\BuildLiteBehavior [ RunTime:0.000009s ]
INFO: [ app_init ] --END-- [ RunTime:0.000186s ]
INFO: [ app_begin ] --START--
INFO: Run Behavior\ReadHtmlCacheBehavior [ RunTime:0.000262s ]
INFO: [ app_begin ] --END-- [ RunTime:0.000282s ]
NOTIC: [8] Undefined index: id /www/wwwroot/asd.luhanforex.cn/Application/Home/Controller/IndexController.class.php 第 8 行.
SQL: SHOW COLUMNS FROM `qm_cart` [ RunTime:0.0007s ]
SQL: SELECT COUNT(id) AS tp_count FROM `qm_cart` WHERE ( user_id='' ) LIMIT 1   [ RunTime:0.0001s ]
SQL: SHOW COLUMNS FROM `qm_goods` [ RunTime:0.0005s ]
SQL: SELECT * FROM `qm_goods` WHERE ( isyoushi =2 ) ORDER BY addtime desc LIMIT 4   [ RunTime:0.0001s ]
SQL: SELECT COUNT(*) AS tp_Count FROM `qm_goods` WHERE ( isyoushi=1 ) LIMIT 1   [ RunTime:0.0000s ]
SQL: SELECT * FROM `qm_goods` WHERE ( isyoushi=1 ) LIMIT 0,8   [ RunTime:0.0001s ]
SQL: SHOW COLUMNS FROM `qm_fenlei` [ RunTime:0.0003s ]
SQL: SELECT * FROM `qm_fenlei` WHERE ( pid = 0 )  [ RunTime:0.0000s ]
SQL: SELECT * FROM `qm_goods` WHERE ( f_id=1 )  [ RunTime:0.0000s ]
SQL: SELECT * FROM `qm_goods` WHERE ( f_id=2 )  [ RunTime:0.0000s ]
SQL: SELECT * FROM `qm_goods` WHERE ( f_id=3 )  [ RunTime:0.0001s ]
SQL: SELECT * FROM `qm_goods` WHERE ( f_id=4 )  [ RunTime:0.0000s ]
SQL: SELECT * FROM `qm_goods` WHERE ( f_id=5 )  [ RunTime:0.0000s ]
INFO: [ view_parse ] --START--
INFO: [ template_filter ] --START--
INFO: Run Behavior\ContentReplaceBehavior [ RunTime:0.000204s ]
INFO: [ template_filter ] --END-- [ RunTime:0.000235s ]
NOTIC: [8] Undefined variable: wp_dialog /www/wwwroot/asd.luhanforex.cn/Application/Runtime/Cache/Home/2a94b8bda04ff446dcedd42276fc99ee.php 第 752 行.
INFO: Run Behavior\ParseTemplateBehavior [ RunTime:0.012253s ]
INFO: [ view_parse ] --END-- [ RunTime:0.012271s ]
INFO: [ view_filter ] --START--
INFO: Run Behavior\WriteHtmlCacheBehavior [ RunTime:0.000123s ]
INFO: [ view_filter ] --END-- [ RunTime:0.000139s ]
INFO: [ app_end ] --START--
INFO: Run Behavior\ShowPageTraceBehavior [ RunTime:0.000320s ]
INFO: [ app_end ] --END-- [ RunTime:0.000339s ]

[ 2018-05-08T12:55:58+08:00 ] 119.147.207.144 /
INFO: [ app_init ] --START--
INFO: Run Behavior\BuildLiteBehavior [ RunTime:0.000007s ]
INFO: [ app_init ] --END-- [ RunTime:0.000215s ]
INFO: [ app_begin ] --START--
INFO: Run Behavior\ReadHtmlCacheBehavior [ RunTime:0.000237s ]
INFO: [ app_begin ] --END-- [ RunTime:0.000253s ]
NOTIC: [8] Undefined index: id /www/wwwroot/asd.luhanforex.cn/Application/Home/Controller/IndexController.class.php 第 8 行.
SQL: SHOW COLUMNS FROM `qm_cart` [ RunTime:0.0005s ]
SQL: SELECT COUNT(id) AS tp_count FROM `qm_cart` WHERE ( user_id='' ) LIMIT 1   [ RunTime:0.0000s ]
SQL: SHOW COLUMNS FROM `qm_goods` [ RunTime:0.0003s ]
SQL: SELECT * FROM `qm_goods` WHERE ( isyoushi =2 ) ORDER BY addtime desc LIMIT 4   [ RunTime:0.0000s ]
SQL: SELECT COUNT(*) AS tp_Count FROM `qm_goods` WHERE ( isyoushi=1 ) LIMIT 1   [ RunTime:0.0000s ]
SQL: SELECT * FROM `qm_goods` WHERE ( isyoushi=1 ) LIMIT 0,8   [ RunTime:0.0001s ]
SQL: SHOW COLUMNS FROM `qm_fenlei` [ RunTime:0.0003s ]
SQL: SELECT * FROM `qm_fenlei` WHERE ( pid = 0 )  [ RunTime:0.0000s ]
SQL: SELECT * FROM `qm_goods` WHERE ( f_id=1 )  [ RunTime:0.0000s ]
SQL: SELECT * FROM `qm_goods` WHERE ( f_id=2 )  [ RunTime:0.0000s ]
SQL: SELECT * FROM `qm_goods` WHERE ( f_id=3 )  [ RunTime:0.0000s ]
SQL: SELECT * FROM `qm_goods` WHERE ( f_id=4 )  [ RunTime:0.0000s ]
SQL: SELECT * FROM `qm_goods` WHERE ( f_id=5 )  [ RunTime:0.0000s ]
INFO: [ view_parse ] --START--
INFO: [ template_filter ] --START--
INFO: Run Behavior\ContentReplaceBehavior [ RunTime:0.000192s ]
INFO: [ template_filter ] --END-- [ RunTime:0.000224s ]
NOTIC: [8] Undefined variable: wp_dialog /www/wwwroot/asd.luhanforex.cn/Application/Runtime/Cache/Home/2a94b8bda04ff446dcedd42276fc99ee.php 第 752 行.
INFO: Run Behavior\ParseTemplateBehavior [ RunTime:0.008938s ]
INFO: [ view_parse ] --END-- [ RunTime:0.008953s ]
INFO: [ view_filter ] --START--
INFO: Run Behavior\WriteHtmlCacheBehavior [ RunTime:0.000089s ]
INFO: [ view_filter ] --END-- [ RunTime:0.000101s ]
INFO: [ app_end ] --START--
INFO: Run Behavior\ShowPageTraceBehavior [ RunTime:0.000274s ]
INFO: [ app_end ] --END-- [ RunTime:0.000288s ]

[ 2018-05-08T14:45:39+08:00 ] 207.46.13.25 /index.php/Home/login/index.php/home/login/forgetkey
INFO: [ app_init ] --START--
INFO: Run Behavior\BuildLiteBehavior [ RunTime:0.000008s ]
INFO: [ app_init ] --END-- [ RunTime:0.000193s ]
INFO: [ app_begin ] --START--
INFO: Run Behavior\ReadHtmlCacheBehavior [ RunTime:0.000253s ]
INFO: [ app_begin ] --END-- [ RunTime:0.000273s ]
ERR: 非法操作:index.php

[ 2018-05-08T17:02:55+08:00 ] 211.23.154.138 /
INFO: [ app_init ] --START--
INFO: Run Behavior\BuildLiteBehavior [ RunTime:0.000010s ]
INFO: [ app_init ] --END-- [ RunTime:0.000285s ]
INFO: [ app_begin ] --START--
INFO: Run Behavior\ReadHtmlCacheBehavior [ RunTime:0.000311s ]
INFO: [ app_begin ] --END-- [ RunTime:0.000333s ]
NOTIC: [8] Undefined index: id /www/wwwroot/asd.luhanforex.cn/Application/Home/Controller/IndexController.class.php 第 8 行.
SQL: SHOW COLUMNS FROM `qm_cart` [ RunTime:0.0007s ]
SQL: SELECT COUNT(id) AS tp_count FROM `qm_cart` WHERE ( user_id='' ) LIMIT 1   [ RunTime:0.0001s ]
SQL: SHOW COLUMNS FROM `qm_goods` [ RunTime:0.0004s ]
SQL: SELECT * FROM `qm_goods` WHERE ( isyoushi =2 ) ORDER BY addtime desc LIMIT 4   [ RunTime:0.0001s ]
SQL: SELECT COUNT(*) AS tp_Count FROM `qm_goods` WHERE ( isyoushi=1 ) LIMIT 1   [ RunTime:0.0000s ]
SQL: SELECT * FROM `qm_goods` WHERE ( isyoushi=1 ) LIMIT 0,8   [ RunTime:0.0001s ]
SQL: SHOW COLUMNS FROM `qm_fenlei` [ RunTime:0.0003s ]
SQL: SELECT * FROM `qm_fenlei` WHERE ( pid = 0 )  [ RunTime:0.0001s ]
SQL: SELECT * FROM `qm_goods` WHERE ( f_id=1 )  [ RunTime:0.0001s ]
SQL: SELECT * FROM `qm_goods` WHERE ( f_id=2 )  [ RunTime:0.0001s ]
SQL: SELECT * FROM `qm_goods` WHERE ( f_id=3 )  [ RunTime:0.0001s ]
SQL: SELECT * FROM `qm_goods` WHERE ( f_id=4 )  [ RunTime:0.0000s ]
SQL: SELECT * FROM `qm_goods` WHERE ( f_id=5 )  [ RunTime:0.0000s ]
INFO: [ view_parse ] --START--
INFO: [ template_filter ] --START--
INFO: Run Behavior\ContentReplaceBehavior [ RunTime:0.000185s ]
INFO: [ template_filter ] --END-- [ RunTime:0.000246s ]
NOTIC: [8] Undefined variable: wp_dialog /www/wwwroot/asd.luhanforex.cn/Application/Runtime/Cache/Home/2a94b8bda04ff446dcedd42276fc99ee.php 第 752 行.
INFO: Run Behavior\ParseTemplateBehavior [ RunTime:0.012355s ]
INFO: [ view_parse ] --END-- [ RunTime:0.012375s ]
INFO: [ view_filter ] --START--
INFO: Run Behavior\WriteHtmlCacheBehavior [ RunTime:0.000295s ]
INFO: [ view_filter ] --END-- [ RunTime:0.000315s ]
INFO: [ app_end ] --START--
INFO: Run Behavior\ShowPageTraceBehavior [ RunTime:0.000388s ]
INFO: [ app_end ] --END-- [ RunTime:0.000411s ]

[ 2018-05-08T17:25:35+08:00 ] 207.46.13.98 /
INFO: [ app_init ] --START--
INFO: Run Behavior\BuildLiteBehavior [ RunTime:0.000008s ]
INFO: [ app_init ] --END-- [ RunTime:0.000202s ]
INFO: [ app_begin ] --START--
INFO: Run Behavior\ReadHtmlCacheBehavior [ RunTime:0.000251s ]
INFO: [ app_begin ] --END-- [ RunTime:0.000269s ]
NOTIC: [8] Undefined index: id /www/wwwroot/asd.luhanforex.cn/Application/Home/Controller/IndexController.class.php 第 8 行.
SQL: SHOW COLUMNS FROM `qm_cart` [ RunTime:0.0006s ]
SQL: SELECT COUNT(id) AS tp_count FROM `qm_cart` WHERE ( user_id='' ) LIMIT 1   [ RunTime:0.0000s ]
SQL: SHOW COLUMNS FROM `qm_goods` [ RunTime:0.0003s ]
SQL: SELECT * FROM `qm_goods` WHERE ( isyoushi =2 ) ORDER BY addtime desc LIMIT 4   [ RunTime:0.0001s ]
SQL: SELECT COUNT(*) AS tp_Count FROM `qm_goods` WHERE ( isyoushi=1 ) LIMIT 1   [ RunTime:0.0001s ]
SQL: SELECT * FROM `qm_goods` WHERE ( isyoushi=1 ) LIMIT 0,8   [ RunTime:0.0001s ]
SQL: SHOW COLUMNS FROM `qm_fenlei` [ RunTime:0.0003s ]
SQL: SELECT * FROM `qm_fenlei` WHERE ( pid = 0 )  [ RunTime:0.0000s ]
SQL: SELECT * FROM `qm_goods` WHERE ( f_id=1 )  [ RunTime:0.0000s ]
SQL: SELECT * FROM `qm_goods` WHERE ( f_id=2 )  [ RunTime:0.0001s ]
SQL: SELECT * FROM `qm_goods` WHERE ( f_id=3 )  [ RunTime:0.0001s ]
SQL: SELECT * FROM `qm_goods` WHERE ( f_id=4 )  [ RunTime:0.0000s ]
SQL: SELECT * FROM `qm_goods` WHERE ( f_id=5 )  [ RunTime:0.0001s ]
INFO: [ view_parse ] --START--
INFO: [ template_filter ] --START--
INFO: Run Behavior\ContentReplaceBehavior [ RunTime:0.000191s ]
INFO: [ template_filter ] --END-- [ RunTime:0.000222s ]
NOTIC: [8] Undefined variable: wp_dialog /www/wwwroot/asd.luhanforex.cn/Application/Runtime/Cache/Home/2a94b8bda04ff446dcedd42276fc99ee.php 第 752 行.
INFO: Run Behavior\ParseTemplateBehavior [ RunTime:0.008375s ]
INFO: [ view_parse ] --END-- [ RunTime:0.008391s ]
INFO: [ view_filter ] --START--
INFO: Run Behavior\WriteHtmlCacheBehavior [ RunTime:0.000123s ]
INFO: [ view_filter ] --END-- [ RunTime:0.000141s ]
INFO: [ app_end ] --START--
INFO: Run Behavior\ShowPageTraceBehavior [ RunTime:0.000338s ]
INFO: [ app_end ] --END-- [ RunTime:0.000356s ]

[ 2018-05-08T20:36:10+08:00 ] 157.55.39.121 /
INFO: [ app_init ] --START--
INFO: Run Behavior\BuildLiteBehavior [ RunTime:0.000010s ]
INFO: [ app_init ] --END-- [ RunTime:0.000278s ]
INFO: [ app_begin ] --START--
INFO: Run Behavior\ReadHtmlCacheBehavior [ RunTime:0.000222s ]
INFO: [ app_begin ] --END-- [ RunTime:0.000241s ]
NOTIC: [8] Undefined index: id /www/wwwroot/asd.luhanforex.cn/Application/Home/Controller/IndexController.class.php 第 8 行.
SQL: SHOW COLUMNS FROM `qm_cart` [ RunTime:0.0113s ]
SQL: SELECT COUNT(id) AS tp_count FROM `qm_cart` WHERE ( user_id='' ) LIMIT 1   [ RunTime:0.0001s ]
SQL: SHOW COLUMNS FROM `qm_goods` [ RunTime:0.0005s ]
SQL: SELECT * FROM `qm_goods` WHERE ( isyoushi =2 ) ORDER BY addtime desc LIMIT 4   [ RunTime:0.0001s ]
SQL: SELECT COUNT(*) AS tp_Count FROM `qm_goods` WHERE ( isyoushi=1 ) LIMIT 1   [ RunTime:0.0000s ]
SQL: SELECT * FROM `qm_goods` WHERE ( isyoushi=1 ) LIMIT 0,8   [ RunTime:0.0001s ]
SQL: SHOW COLUMNS FROM `qm_fenlei` [ RunTime:0.0004s ]
SQL: SELECT * FROM `qm_fenlei` WHERE ( pid = 0 )  [ RunTime:0.0001s ]
SQL: SELECT * FROM `qm_goods` WHERE ( f_id=1 )  [ RunTime:0.0001s ]
SQL: SELECT * FROM `qm_goods` WHERE ( f_id=2 )  [ RunTime:0.0001s ]
SQL: SELECT * FROM `qm_goods` WHERE ( f_id=3 )  [ RunTime:0.0000s ]
SQL: SELECT * FROM `qm_goods` WHERE ( f_id=4 )  [ RunTime:0.0000s ]
SQL: SELECT * FROM `qm_goods` WHERE ( f_id=5 )  [ RunTime:0.0000s ]
INFO: [ view_parse ] --START--
INFO: [ template_filter ] --START--
INFO: Run Behavior\ContentReplaceBehavior [ RunTime:0.000173s ]
INFO: [ template_filter ] --END-- [ RunTime:0.000198s ]
NOTIC: [8] Undefined variable: wp_dialog /www/wwwroot/asd.luhanforex.cn/Application/Runtime/Cache/Home/2a94b8bda04ff446dcedd42276fc99ee.php 第 752 行.
INFO: Run Behavior\ParseTemplateBehavior [ RunTime:0.009003s ]
INFO: [ view_parse ] --END-- [ RunTime:0.009043s ]
INFO: [ view_filter ] --START--
INFO: Run Behavior\WriteHtmlCacheBehavior [ RunTime:0.000137s ]
INFO: [ view_filter ] --END-- [ RunTime:0.000153s ]
INFO: [ app_end ] --START--
INFO: Run Behavior\ShowPageTraceBehavior [ RunTime:0.000357s ]
INFO: [ app_end ] --END-- [ RunTime:0.000377s ]

[ 2018-05-08T20:42:07+08:00 ] 157.55.39.121 /
INFO: [ app_init ] --START--
INFO: Run Behavior\BuildLiteBehavior [ RunTime:0.000007s ]
INFO: [ app_init ] --END-- [ RunTime:0.000164s ]
INFO: [ app_begin ] --START--
INFO: Run Behavior\ReadHtmlCacheBehavior [ RunTime:0.000204s ]
INFO: [ app_begin ] --END-- [ RunTime:0.000220s ]
NOTIC: [8] Undefined index: id /www/wwwroot/asd.luhanforex.cn/Application/Home/Controller/IndexController.class.php 第 8 行.
SQL: SHOW COLUMNS FROM `qm_cart` [ RunTime:0.0005s ]
SQL: SELECT COUNT(id) AS tp_count FROM `qm_cart` WHERE ( user_id='' ) LIMIT 1   [ RunTime:0.0000s ]
SQL: SHOW COLUMNS FROM `qm_goods` [ RunTime:0.0004s ]
SQL: SELECT * FROM `qm_goods` WHERE ( isyoushi =2 ) ORDER BY addtime desc LIMIT 4   [ RunTime:0.0000s ]
SQL: SELECT COUNT(*) AS tp_Count FROM `qm_goods` WHERE ( isyoushi=1 ) LIMIT 1   [ RunTime:0.0000s ]
SQL: SELECT * FROM `qm_goods` WHERE ( isyoushi=1 ) LIMIT 0,8   [ RunTime:0.0001s ]
SQL: SHOW COLUMNS FROM `qm_fenlei` [ RunTime:0.0002s ]
SQL: SELECT * FROM `qm_fenlei` WHERE ( pid = 0 )  [ RunTime:0.0000s ]
SQL: SELECT * FROM `qm_goods` WHERE ( f_id=1 )  [ RunTime:0.0000s ]
SQL: SELECT * FROM `qm_goods` WHERE ( f_id=2 )  [ RunTime:0.0001s ]
SQL: SELECT * FROM `qm_goods` WHERE ( f_id=3 )  [ RunTime:0.0001s ]
SQL: SELECT * FROM `qm_goods` WHERE ( f_id=4 )  [ RunTime:0.0000s ]
SQL: SELECT * FROM `qm_goods` WHERE ( f_id=5 )  [ RunTime:0.0000s ]
INFO: [ view_parse ] --START--
INFO: [ template_filter ] --START--
INFO: Run Behavior\ContentReplaceBehavior [ RunTime:0.000167s ]
INFO: [ template_filter ] --END-- [ RunTime:0.000195s ]
NOTIC: [8] Undefined variable: wp_dialog /www/wwwroot/asd.luhanforex.cn/Application/Runtime/Cache/Home/2a94b8bda04ff446dcedd42276fc99ee.php 第 752 行.
INFO: Run Behavior\ParseTemplateBehavior [ RunTime:0.008036s ]
INFO: [ view_parse ] --END-- [ RunTime:0.008050s ]
INFO: [ view_filter ] --START--
INFO: Run Behavior\WriteHtmlCacheBehavior [ RunTime:0.000091s ]
INFO: [ view_filter ] --END-- [ RunTime:0.000103s ]
INFO: [ app_end ] --START--
INFO: Run Behavior\ShowPageTraceBehavior [ RunTime:0.000271s ]
INFO: [ app_end ] --END-- [ RunTime:0.000286s ]

[ 2018-05-08T20:50:09+08:00 ] 40.77.167.177 /
INFO: [ app_init ] --START--
INFO: Run Behavior\BuildLiteBehavior [ RunTime:0.000009s ]
INFO: [ app_init ] --END-- [ RunTime:0.000221s ]
INFO: [ app_begin ] --START--
INFO: Run Behavior\ReadHtmlCacheBehavior [ RunTime:0.000334s ]
INFO: [ app_begin ] --END-- [ RunTime:0.000355s ]
NOTIC: [8] Undefined index: id /www/wwwroot/asd.luhanforex.cn/Application/Home/Controller/IndexController.class.php 第 8 行.
SQL: SHOW COLUMNS FROM `qm_cart` [ RunTime:0.0006s ]
SQL: SELECT COUNT(id) AS tp_count FROM `qm_cart` WHERE ( user_id='' ) LIMIT 1   [ RunTime:0.0000s ]
SQL: SHOW COLUMNS FROM `qm_goods` [ RunTime:0.0004s ]
SQL: SELECT * FROM `qm_goods` WHERE ( isyoushi =2 ) ORDER BY addtime desc LIMIT 4   [ RunTime:0.0001s ]
SQL: SELECT COUNT(*) AS tp_Count FROM `qm_goods` WHERE ( isyoushi=1 ) LIMIT 1   [ RunTime:0.0000s ]
SQL: SELECT * FROM `qm_goods` WHERE ( isyoushi=1 ) LIMIT 0,8   [ RunTime:0.0001s ]
SQL: SHOW COLUMNS FROM `qm_fenlei` [ RunTime:0.0003s ]
SQL: SELECT * FROM `qm_fenlei` WHERE ( pid = 0 )  [ RunTime:0.0001s ]
SQL: SELECT * FROM `qm_goods` WHERE ( f_id=1 )  [ RunTime:0.0001s ]
SQL: SELECT * FROM `qm_goods` WHERE ( f_id=2 )  [ RunTime:0.0001s ]
SQL: SELECT * FROM `qm_goods` WHERE ( f_id=3 )  [ RunTime:0.0000s ]
SQL: SELECT * FROM `qm_goods` WHERE ( f_id=4 )  [ RunTime:0.0000s ]
SQL: SELECT * FROM `qm_goods` WHERE ( f_id=5 )  [ RunTime:0.0000s ]
INFO: [ view_parse ] --START--
INFO: [ template_filter ] --START--
INFO: Run Behavior\ContentReplaceBehavior [ RunTime:0.000206s ]
INFO: [ template_filter ] --END-- [ RunTime:0.000242s ]
NOTIC: [8] Undefined variable: wp_dialog /www/wwwroot/asd.luhanforex.cn/Application/Runtime/Cache/Home/2a94b8bda04ff446dcedd42276fc99ee.php 第 752 行.
INFO: Run Behavior\ParseTemplateBehavior [ RunTime:0.009411s ]
INFO: [ view_parse ] --END-- [ RunTime:0.009446s ]
INFO: [ view_filter ] --START--
INFO: Run Behavior\WriteHtmlCacheBehavior [ RunTime:0.000128s ]
INFO: [ view_filter ] --END-- [ RunTime:0.000143s ]
INFO: [ app_end ] --START--
INFO: Run Behavior\ShowPageTraceBehavior [ RunTime:0.000361s ]
INFO: [ app_end ] --END-- [ RunTime:0.000380s ]

[ 2018-05-08T21:24:56+08:00 ] 104.236.254.165 /
INFO: [ app_init ] --START--
INFO: Run Behavior\BuildLiteBehavior [ RunTime:0.000014s ]
INFO: [ app_init ] --END-- [ RunTime:0.000180s ]
INFO: [ app_begin ] --START--
INFO: Run Behavior\ReadHtmlCacheBehavior [ RunTime:0.000234s ]
INFO: [ app_begin ] --END-- [ RunTime:0.000253s ]
NOTIC: [8] Undefined index: id /www/wwwroot/asd.luhanforex.cn/Application/Home/Controller/IndexController.class.php 第 8 行.
SQL: SHOW COLUMNS FROM `qm_cart` [ RunTime:0.0005s ]
SQL: SELECT COUNT(id) AS tp_count FROM `qm_cart` WHERE ( user_id='' ) LIMIT 1   [ RunTime:0.0000s ]
SQL: SHOW COLUMNS FROM `qm_goods` [ RunTime:0.0004s ]
SQL: SELECT * FROM `qm_goods` WHERE ( isyoushi =2 ) ORDER BY addtime desc LIMIT 4   [ RunTime:0.0000s ]
SQL: SELECT COUNT(*) AS tp_Count FROM `qm_goods` WHERE ( isyoushi=1 ) LIMIT 1   [ RunTime:0.0000s ]
SQL: SELECT * FROM `qm_goods` WHERE ( isyoushi=1 ) LIMIT 0,8   [ RunTime:0.0001s ]
SQL: SHOW COLUMNS FROM `qm_fenlei` [ RunTime:0.0003s ]
SQL: SELECT * FROM `qm_fenlei` WHERE ( pid = 0 )  [ RunTime:0.0000s ]
SQL: SELECT * FROM `qm_goods` WHERE ( f_id=1 )  [ RunTime:0.0000s ]
SQL: SELECT * FROM `qm_goods` WHERE ( f_id=2 )  [ RunTime:0.0000s ]
SQL: SELECT * FROM `qm_goods` WHERE ( f_id=3 )  [ RunTime:0.0000s ]
SQL: SELECT * FROM `qm_goods` WHERE ( f_id=4 )  [ RunTime:0.0000s ]
SQL: SELECT * FROM `qm_goods` WHERE ( f_id=5 )  [ RunTime:0.0000s ]
INFO: [ view_parse ] --START--
INFO: [ template_filter ] --START--
INFO: Run Behavior\ContentReplaceBehavior [ RunTime:0.000147s ]
INFO: [ template_filter ] --END-- [ RunTime:0.000171s ]
NOTIC: [8] Undefined variable: wp_dialog /www/wwwroot/asd.luhanforex.cn/Application/Runtime/Cache/Home/2a94b8bda04ff446dcedd42276fc99ee.php 第 752 行.
INFO: Run Behavior\ParseTemplateBehavior [ RunTime:0.008320s ]
INFO: [ view_parse ] --END-- [ RunTime:0.008336s ]
INFO: [ view_filter ] --START--
INFO: Run Behavior\WriteHtmlCacheBehavior [ RunTime:0.000096s ]
INFO: [ view_filter ] --END-- [ RunTime:0.000107s ]
INFO: [ app_end ] --START--
INFO: Run Behavior\ShowPageTraceBehavior [ RunTime:0.000256s ]
INFO: [ app_end ] --END-- [ RunTime:0.000270s ]

[ 2018-05-08T21:56:44+08:00 ] 40.77.167.194 /
INFO: [ app_init ] --START--
INFO: Run Behavior\BuildLiteBehavior [ RunTime:0.000006s ]
INFO: [ app_init ] --END-- [ RunTime:0.000170s ]
INFO: [ app_begin ] --START--
INFO: Run Behavior\ReadHtmlCacheBehavior [ RunTime:0.000229s ]
INFO: [ app_begin ] --END-- [ RunTime:0.000247s ]
NOTIC: [8] Undefined index: id /www/wwwroot/asd.luhanforex.cn/Application/Home/Controller/IndexController.class.php 第 8 行.
SQL: SHOW COLUMNS FROM `qm_cart` [ RunTime:0.0005s ]
SQL: SELECT COUNT(id) AS tp_count FROM `qm_cart` WHERE ( user_id='' ) LIMIT 1   [ RunTime:0.0000s ]
SQL: SHOW COLUMNS FROM `qm_goods` [ RunTime:0.0003s ]
SQL: SELECT * FROM `qm_goods` WHERE ( isyoushi =2 ) ORDER BY addtime desc LIMIT 4   [ RunTime:0.0001s ]
SQL: SELECT COUNT(*) AS tp_Count FROM `qm_goods` WHERE ( isyoushi=1 ) LIMIT 1   [ RunTime:0.0000s ]
SQL: SELECT * FROM `qm_goods` WHERE ( isyoushi=1 ) LIMIT 0,8   [ RunTime:0.0001s ]
SQL: SHOW COLUMNS FROM `qm_fenlei` [ RunTime:0.0002s ]
SQL: SELECT * FROM `qm_fenlei` WHERE ( pid = 0 )  [ RunTime:0.0001s ]
SQL: SELECT * FROM `qm_goods` WHERE ( f_id=1 )  [ RunTime:0.0000s ]
SQL: SELECT * FROM `qm_goods` WHERE ( f_id=2 )  [ RunTime:0.0000s ]
SQL: SELECT * FROM `qm_goods` WHERE ( f_id=3 )  [ RunTime:0.0000s ]
SQL: SELECT * FROM `qm_goods` WHERE ( f_id=4 )  [ RunTime:0.0001s ]
SQL: SELECT * FROM `qm_goods` WHERE ( f_id=5 )  [ RunTime:0.0000s ]
INFO: [ view_parse ] --START--
INFO: [ template_filter ] --START--
INFO: Run Behavior\ContentReplaceBehavior [ RunTime:0.000251s ]
INFO: [ template_filter ] --END-- [ RunTime:0.000289s ]
NOTIC: [8] Undefined variable: wp_dialog /www/wwwroot/asd.luhanforex.cn/Application/Runtime/Cache/Home/2a94b8bda04ff446dcedd42276fc99ee.php 第 752 行.
INFO: Run Behavior\ParseTemplateBehavior [ RunTime:0.011169s ]
INFO: [ view_parse ] --END-- [ RunTime:0.011189s ]
INFO: [ view_filter ] --START--
INFO: Run Behavior\WriteHtmlCacheBehavior [ RunTime:0.000193s ]
INFO: [ view_filter ] --END-- [ RunTime:0.000213s ]
INFO: [ app_end ] --START--
INFO: Run Behavior\ShowPageTraceBehavior [ RunTime:0.000376s ]
INFO: [ app_end ] --END-- [ RunTime:0.000397s ]

[ 2018-05-08T22:08:13+08:00 ] 207.46.13.25 /index.php/Home/Goods/goodsitem/gid/620
INFO: [ app_init ] --START--
INFO: Run Behavior\BuildLiteBehavior [ RunTime:0.000010s ]
INFO: [ app_init ] --END-- [ RunTime:0.000241s ]
INFO: [ app_begin ] --START--
INFO: Run Behavior\ReadHtmlCacheBehavior [ RunTime:0.000303s ]
INFO: [ app_begin ] --END-- [ RunTime:0.000324s ]
SQL: SHOW COLUMNS FROM `qm_goods` [ RunTime:0.0004s ]
SQL: SELECT * FROM `qm_goods` WHERE ( id='620' ) LIMIT 1   [ RunTime:0.0002s ]
SQL: SHOW COLUMNS FROM `qm_fenlei` [ RunTime:0.0003s ]
SQL: SELECT * FROM `qm_fenlei` WHERE ( pid = 0 )  [ RunTime:0.0000s ]
NOTIC: [8] Undefined index: id /www/wwwroot/asd.luhanforex.cn/Application/Home/Controller/GoodsController.class.php 第 22 行.
SQL: SHOW COLUMNS FROM `qm_shop` [ RunTime:0.0003s ]
SQL: SELECT * FROM `qm_shop` WHERE ( user_id='1' ) LIMIT 1   [ RunTime:0.0007s ]
SQL: SELECT * FROM `qm_goods` WHERE ( sid='48' ) LIMIT 6   [ RunTime:0.0001s ]
SQL: SELECT * FROM `qm_goods` WHERE ( sid='48' ) ORDER BY id desc LIMIT 5   [ RunTime:0.0001s ]
SQL: SHOW COLUMNS FROM `qm_cart` [ RunTime:0.0004s ]
SQL: SELECT * FROM `qm_cart` WHERE ( user_id='' )  [ RunTime:0.0000s ]
SQL: SELECT COUNT(id) AS tp_count FROM `qm_cart` WHERE ( user_id='' ) LIMIT 1   [ RunTime:0.0000s ]
SQL: SELECT SUM(zong) AS tp_sum FROM `qm_cart` WHERE ( user_id='' ) LIMIT 1   [ RunTime:0.0000s ]
INFO: [ view_parse ] --START--
INFO: [ template_filter ] --START--
INFO: Run Behavior\ContentReplaceBehavior [ RunTime:0.000228s ]
INFO: [ template_filter ] --END-- [ RunTime:0.000256s ]
NOTIC: [8] Undefined variable: wp_dialog /www/wwwroot/asd.luhanforex.cn/Application/Runtime/Cache/Home/0e52a35cd63fc6728bee7069d069110e.php 第 983 行.
INFO: Run Behavior\ParseTemplateBehavior [ RunTime:0.011966s ]
INFO: [ view_parse ] --END-- [ RunTime:0.012007s ]
INFO: [ view_filter ] --START--
INFO: Run Behavior\WriteHtmlCacheBehavior [ RunTime:0.000108s ]
INFO: [ view_filter ] --END-- [ RunTime:0.000120s ]
INFO: [ app_end ] --START--
INFO: Run Behavior\ShowPageTraceBehavior [ RunTime:0.000258s ]
INFO: [ app_end ] --END-- [ RunTime:0.000272s ]

[ 2018-05-08T23:16:20+08:00 ] 163.177.90.152 /
INFO: [ app_init ] --START--
INFO: Run Behavior\BuildLiteBehavior [ RunTime:0.000008s ]
INFO: [ app_init ] --END-- [ RunTime:0.000174s ]
INFO: [ app_begin ] --START--
INFO: Run Behavior\ReadHtmlCacheBehavior [ RunTime:0.000236s ]
INFO: [ app_begin ] --END-- [ RunTime:0.000255s ]
NOTIC: [8] Undefined index: id /www/wwwroot/asd.luhanforex.cn/Application/Home/Controller/IndexController.class.php 第 8 行.
SQL: SHOW COLUMNS FROM `qm_cart` [ RunTime:0.0006s ]
SQL: SELECT COUNT(id) AS tp_count FROM `qm_cart` WHERE ( user_id='' ) LIMIT 1   [ RunTime:0.0000s ]
SQL: SHOW COLUMNS FROM `qm_goods` [ RunTime:0.0004s ]
SQL: SELECT * FROM `qm_goods` WHERE ( isyoushi =2 ) ORDER BY addtime desc LIMIT 4   [ RunTime:0.0001s ]
SQL: SELECT COUNT(*) AS tp_Count FROM `qm_goods` WHERE ( isyoushi=1 ) LIMIT 1   [ RunTime:0.0000s ]
SQL: SELECT * FROM `qm_goods` WHERE ( isyoushi=1 ) LIMIT 0,8   [ RunTime:0.0001s ]
SQL: SHOW COLUMNS FROM `qm_fenlei` [ RunTime:0.0003s ]
SQL: SELECT * FROM `qm_fenlei` WHERE ( pid = 0 )  [ RunTime:0.0000s ]
SQL: SELECT * FROM `qm_goods` WHERE ( f_id=1 )  [ RunTime:0.0000s ]
SQL: SELECT * FROM `qm_goods` WHERE ( f_id=2 )  [ RunTime:0.0001s ]
SQL: SELECT * FROM `qm_goods` WHERE ( f_id=3 )  [ RunTime:0.0001s ]
SQL: SELECT * FROM `qm_goods` WHERE ( f_id=4 )  [ RunTime:0.0000s ]
SQL: SELECT * FROM `qm_goods` WHERE ( f_id=5 )  [ RunTime:0.0000s ]
INFO: [ view_parse ] --START--
INFO: [ template_filter ] --START--
INFO: Run Behavior\ContentReplaceBehavior [ RunTime:0.000174s ]
INFO: [ template_filter ] --END-- [ RunTime:0.000208s ]
NOTIC: [8] Undefined variable: wp_dialog /www/wwwroot/asd.luhanforex.cn/Application/Runtime/Cache/Home/2a94b8bda04ff446dcedd42276fc99ee.php 第 752 行.
INFO: Run Behavior\ParseTemplateBehavior [ RunTime:0.008376s ]
INFO: [ view_parse ] --END-- [ RunTime:0.008395s ]
INFO: [ view_filter ] --START--
INFO: Run Behavior\WriteHtmlCacheBehavior [ RunTime:0.000122s ]
INFO: [ view_filter ] --END-- [ RunTime:0.000138s ]
INFO: [ app_end ] --START--
INFO: Run Behavior\ShowPageTraceBehavior [ RunTime:0.000316s ]
INFO: [ app_end ] --END-- [ RunTime:0.000331s ]

