[ 2018-04-11T00:04:19+08:00 ] 112.90.82.236 /
INFO: [ app_init ] --START--
INFO: Run Behavior\BuildLiteBehavior [ RunTime:0.000007s ]
INFO: [ app_init ] --END-- [ RunTime:0.000203s ]
INFO: [ app_begin ] --START--
INFO: Run Behavior\ReadHtmlCacheBehavior [ RunTime:0.000242s ]
INFO: [ app_begin ] --END-- [ RunTime:0.000259s ]
NOTIC: [8] Undefined index: id /www/wwwroot/asd.luhanforex.cn/Application/Home/Controller/IndexController.class.php 第 8 行.
SQL: SHOW COLUMNS FROM `qm_cart` [ RunTime:0.0005s ]
SQL: SELECT COUNT(id) AS tp_count FROM `qm_cart` WHERE ( user_id='' ) LIMIT 1   [ RunTime:0.0000s ]
SQL: SHOW COLUMNS FROM `qm_goods` [ RunTime:0.0004s ]
SQL: SELECT * FROM `qm_goods` WHERE ( isyoushi =2 ) ORDER BY addtime desc LIMIT 4   [ RunTime:0.0000s ]
SQL: SELECT COUNT(*) AS tp_Count FROM `qm_goods` WHERE ( isyoushi=1 ) LIMIT 1   [ RunTime:0.0001s ]
SQL: SELECT * FROM `qm_goods` WHERE ( isyoushi=1 ) LIMIT 0,8   [ RunTime:0.0001s ]
SQL: SHOW COLUMNS FROM `qm_fenlei` [ RunTime:0.0003s ]
SQL: SELECT * FROM `qm_fenlei` WHERE ( pid = 0 )  [ RunTime:0.0000s ]
SQL: SELECT * FROM `qm_goods` WHERE ( f_id=1 )  [ RunTime:0.0001s ]
SQL: SELECT * FROM `qm_goods` WHERE ( f_id=2 )  [ RunTime:0.0000s ]
SQL: SELECT * FROM `qm_goods` WHERE ( f_id=3 )  [ RunTime:0.0000s ]
SQL: SELECT * FROM `qm_goods` WHERE ( f_id=4 )  [ RunTime:0.0000s ]
SQL: SELECT * FROM `qm_goods` WHERE ( f_id=5 )  [ RunTime:0.0000s ]
INFO: [ view_parse ] --START--
INFO: [ template_filter ] --START--
INFO: Run Behavior\ContentReplaceBehavior [ RunTime:0.000159s ]
INFO: [ template_filter ] --END-- [ RunTime:0.000190s ]
NOTIC: [8] Undefined variable: wp_dialog /www/wwwroot/asd.luhanforex.cn/Application/Runtime/Cache/Home/2a94b8bda04ff446dcedd42276fc99ee.php 第 752 行.
INFO: Run Behavior\ParseTemplateBehavior [ RunTime:0.008551s ]
INFO: [ view_parse ] --END-- [ RunTime:0.008571s ]
INFO: [ view_filter ] --START--
INFO: Run Behavior\WriteHtmlCacheBehavior [ RunTime:0.000120s ]
INFO: [ view_filter ] --END-- [ RunTime:0.000135s ]
INFO: [ app_end ] --START--
INFO: Run Behavior\ShowPageTraceBehavior [ RunTime:0.000373s ]
INFO: [ app_end ] --END-- [ RunTime:0.000390s ]

[ 2018-04-11T00:29:22+08:00 ] 119.147.207.144 /
INFO: [ app_init ] --START--
INFO: Run Behavior\BuildLiteBehavior [ RunTime:0.000006s ]
INFO: [ app_init ] --END-- [ RunTime:0.000187s ]
INFO: [ app_begin ] --START--
INFO: Run Behavior\ReadHtmlCacheBehavior [ RunTime:0.000245s ]
INFO: [ app_begin ] --END-- [ RunTime:0.000262s ]
NOTIC: [8] Undefined index: id /www/wwwroot/asd.luhanforex.cn/Application/Home/Controller/IndexController.class.php 第 8 行.
SQL: SHOW COLUMNS FROM `qm_cart` [ RunTime:0.0005s ]
SQL: SELECT COUNT(id) AS tp_count FROM `qm_cart` WHERE ( user_id='' ) LIMIT 1   [ RunTime:0.0000s ]
SQL: SHOW COLUMNS FROM `qm_goods` [ RunTime:0.0003s ]
SQL: SELECT * FROM `qm_goods` WHERE ( isyoushi =2 ) ORDER BY addtime desc LIMIT 4   [ RunTime:0.0001s ]
SQL: SELECT COUNT(*) AS tp_Count FROM `qm_goods` WHERE ( isyoushi=1 ) LIMIT 1   [ RunTime:0.0000s ]
SQL: SELECT * FROM `qm_goods` WHERE ( isyoushi=1 ) LIMIT 0,8   [ RunTime:0.0001s ]
SQL: SHOW COLUMNS FROM `qm_fenlei` [ RunTime:0.0003s ]
SQL: SELECT * FROM `qm_fenlei` WHERE ( pid = 0 )  [ RunTime:0.0001s ]
SQL: SELECT * FROM `qm_goods` WHERE ( f_id=1 )  [ RunTime:0.0000s ]
SQL: SELECT * FROM `qm_goods` WHERE ( f_id=2 )  [ RunTime:0.0000s ]
SQL: SELECT * FROM `qm_goods` WHERE ( f_id=3 )  [ RunTime:0.0000s ]
SQL: SELECT * FROM `qm_goods` WHERE ( f_id=4 )  [ RunTime:0.0000s ]
SQL: SELECT * FROM `qm_goods` WHERE ( f_id=5 )  [ RunTime:0.0000s ]
INFO: [ view_parse ] --START--
INFO: [ template_filter ] --START--
INFO: Run Behavior\ContentReplaceBehavior [ RunTime:0.000154s ]
INFO: [ template_filter ] --END-- [ RunTime:0.000179s ]
NOTIC: [8] Undefined variable: wp_dialog /www/wwwroot/asd.luhanforex.cn/Application/Runtime/Cache/Home/2a94b8bda04ff446dcedd42276fc99ee.php 第 752 行.
INFO: Run Behavior\ParseTemplateBehavior [ RunTime:0.007756s ]
INFO: [ view_parse ] --END-- [ RunTime:0.007769s ]
INFO: [ view_filter ] --START--
INFO: Run Behavior\WriteHtmlCacheBehavior [ RunTime:0.000101s ]
INFO: [ view_filter ] --END-- [ RunTime:0.000113s ]
INFO: [ app_end ] --START--
INFO: Run Behavior\ShowPageTraceBehavior [ RunTime:0.000252s ]
INFO: [ app_end ] --END-- [ RunTime:0.000266s ]

[ 2018-04-11T01:23:33+08:00 ] 60.191.38.78 /
INFO: [ app_init ] --START--
INFO: Run Behavior\BuildLiteBehavior [ RunTime:0.000007s ]
INFO: [ app_init ] --END-- [ RunTime:0.000169s ]
INFO: [ app_begin ] --START--
INFO: Run Behavior\ReadHtmlCacheBehavior [ RunTime:0.000230s ]
INFO: [ app_begin ] --END-- [ RunTime:0.000246s ]
NOTIC: [8] Undefined index: id /www/wwwroot/asd.luhanforex.cn/Application/Home/Controller/IndexController.class.php 第 8 行.
SQL: SHOW COLUMNS FROM `qm_cart` [ RunTime:0.0005s ]
SQL: SELECT COUNT(id) AS tp_count FROM `qm_cart` WHERE ( user_id='' ) LIMIT 1   [ RunTime:0.0000s ]
SQL: SHOW COLUMNS FROM `qm_goods` [ RunTime:0.0003s ]
SQL: SELECT * FROM `qm_goods` WHERE ( isyoushi =2 ) ORDER BY addtime desc LIMIT 4   [ RunTime:0.0000s ]
SQL: SELECT COUNT(*) AS tp_Count FROM `qm_goods` WHERE ( isyoushi=1 ) LIMIT 1   [ RunTime:0.0000s ]
SQL: SELECT * FROM `qm_goods` WHERE ( isyoushi=1 ) LIMIT 0,8   [ RunTime:0.0001s ]
SQL: SHOW COLUMNS FROM `qm_fenlei` [ RunTime:0.0003s ]
SQL: SELECT * FROM `qm_fenlei` WHERE ( pid = 0 )  [ RunTime:0.0000s ]
SQL: SELECT * FROM `qm_goods` WHERE ( f_id=1 )  [ RunTime:0.0000s ]
SQL: SELECT * FROM `qm_goods` WHERE ( f_id=2 )  [ RunTime:0.0000s ]
SQL: SELECT * FROM `qm_goods` WHERE ( f_id=3 )  [ RunTime:0.0000s ]
SQL: SELECT * FROM `qm_goods` WHERE ( f_id=4 )  [ RunTime:0.0000s ]
SQL: SELECT * FROM `qm_goods` WHERE ( f_id=5 )  [ RunTime:0.0000s ]
INFO: [ view_parse ] --START--
INFO: [ template_filter ] --START--
INFO: Run Behavior\ContentReplaceBehavior [ RunTime:0.000155s ]
INFO: [ template_filter ] --END-- [ RunTime:0.000181s ]
NOTIC: [8] Undefined variable: wp_dialog /www/wwwroot/asd.luhanforex.cn/Application/Runtime/Cache/Home/2a94b8bda04ff446dcedd42276fc99ee.php 第 752 行.
INFO: Run Behavior\ParseTemplateBehavior [ RunTime:0.007781s ]
INFO: [ view_parse ] --END-- [ RunTime:0.007795s ]
INFO: [ view_filter ] --START--
INFO: Run Behavior\WriteHtmlCacheBehavior [ RunTime:0.000098s ]
INFO: [ view_filter ] --END-- [ RunTime:0.000121s ]
INFO: [ app_end ] --START--
INFO: Run Behavior\ShowPageTraceBehavior [ RunTime:0.000288s ]
INFO: [ app_end ] --END-- [ RunTime:0.000303s ]

[ 2018-04-11T02:53:34+08:00 ] 157.55.39.215 /
INFO: [ app_init ] --START--
INFO: Run Behavior\BuildLiteBehavior [ RunTime:0.000008s ]
INFO: [ app_init ] --END-- [ RunTime:0.000184s ]
INFO: [ app_begin ] --START--
INFO: Run Behavior\ReadHtmlCacheBehavior [ RunTime:0.000228s ]
INFO: [ app_begin ] --END-- [ RunTime:0.000246s ]
NOTIC: [8] Undefined index: id /www/wwwroot/asd.luhanforex.cn/Application/Home/Controller/IndexController.class.php 第 8 行.
SQL: SHOW COLUMNS FROM `qm_cart` [ RunTime:0.0009s ]
SQL: SELECT COUNT(id) AS tp_count FROM `qm_cart` WHERE ( user_id='' ) LIMIT 1   [ RunTime:0.0001s ]
SQL: SHOW COLUMNS FROM `qm_goods` [ RunTime:0.0003s ]
SQL: SELECT * FROM `qm_goods` WHERE ( isyoushi =2 ) ORDER BY addtime desc LIMIT 4   [ RunTime:0.0001s ]
SQL: SELECT COUNT(*) AS tp_Count FROM `qm_goods` WHERE ( isyoushi=1 ) LIMIT 1   [ RunTime:0.0000s ]
SQL: SELECT * FROM `qm_goods` WHERE ( isyoushi=1 ) LIMIT 0,8   [ RunTime:0.0001s ]
SQL: SHOW COLUMNS FROM `qm_fenlei` [ RunTime:0.0003s ]
SQL: SELECT * FROM `qm_fenlei` WHERE ( pid = 0 )  [ RunTime:0.0001s ]
SQL: SELECT * FROM `qm_goods` WHERE ( f_id=1 )  [ RunTime:0.0000s ]
SQL: SELECT * FROM `qm_goods` WHERE ( f_id=2 )  [ RunTime:0.0000s ]
SQL: SELECT * FROM `qm_goods` WHERE ( f_id=3 )  [ RunTime:0.0000s ]
SQL: SELECT * FROM `qm_goods` WHERE ( f_id=4 )  [ RunTime:0.0000s ]
SQL: SELECT * FROM `qm_goods` WHERE ( f_id=5 )  [ RunTime:0.0000s ]
INFO: [ view_parse ] --START--
INFO: [ template_filter ] --START--
INFO: Run Behavior\ContentReplaceBehavior [ RunTime:0.000148s ]
INFO: [ template_filter ] --END-- [ RunTime:0.000176s ]
NOTIC: [8] Undefined variable: wp_dialog /www/wwwroot/asd.luhanforex.cn/Application/Runtime/Cache/Home/2a94b8bda04ff446dcedd42276fc99ee.php 第 752 行.
INFO: Run Behavior\ParseTemplateBehavior [ RunTime:0.007929s ]
INFO: [ view_parse ] --END-- [ RunTime:0.007944s ]
INFO: [ view_filter ] --START--
INFO: Run Behavior\WriteHtmlCacheBehavior [ RunTime:0.000110s ]
INFO: [ view_filter ] --END-- [ RunTime:0.000123s ]
INFO: [ app_end ] --START--
INFO: Run Behavior\ShowPageTraceBehavior [ RunTime:0.000275s ]
INFO: [ app_end ] --END-- [ RunTime:0.000290s ]

[ 2018-04-11T03:18:19+08:00 ] 178.73.215.171 /
INFO: [ app_init ] --START--
INFO: Run Behavior\BuildLiteBehavior [ RunTime:0.000009s ]
INFO: [ app_init ] --END-- [ RunTime:0.001343s ]
INFO: [ app_begin ] --START--
INFO: Run Behavior\ReadHtmlCacheBehavior [ RunTime:0.000532s ]
INFO: [ app_begin ] --END-- [ RunTime:0.000555s ]
NOTIC: [8] Undefined index: id /www/wwwroot/asd.luhanforex.cn/Application/Home/Controller/IndexController.class.php 第 8 行.
SQL: SHOW COLUMNS FROM `qm_cart` [ RunTime:0.0018s ]
SQL: SELECT COUNT(id) AS tp_count FROM `qm_cart` WHERE ( user_id='' ) LIMIT 1   [ RunTime:0.0001s ]
SQL: SHOW COLUMNS FROM `qm_goods` [ RunTime:0.0005s ]
SQL: SELECT * FROM `qm_goods` WHERE ( isyoushi =2 ) ORDER BY addtime desc LIMIT 4   [ RunTime:0.0001s ]
SQL: SELECT COUNT(*) AS tp_Count FROM `qm_goods` WHERE ( isyoushi=1 ) LIMIT 1   [ RunTime:0.0000s ]
SQL: SELECT * FROM `qm_goods` WHERE ( isyoushi=1 ) LIMIT 0,8   [ RunTime:0.0001s ]
SQL: SHOW COLUMNS FROM `qm_fenlei` [ RunTime:0.0004s ]
SQL: SELECT * FROM `qm_fenlei` WHERE ( pid = 0 )  [ RunTime:0.0001s ]
SQL: SELECT * FROM `qm_goods` WHERE ( f_id=1 )  [ RunTime:0.0001s ]
SQL: SELECT * FROM `qm_goods` WHERE ( f_id=2 )  [ RunTime:0.0001s ]
SQL: SELECT * FROM `qm_goods` WHERE ( f_id=3 )  [ RunTime:0.0000s ]
SQL: SELECT * FROM `qm_goods` WHERE ( f_id=4 )  [ RunTime:0.0001s ]
SQL: SELECT * FROM `qm_goods` WHERE ( f_id=5 )  [ RunTime:0.0001s ]
INFO: [ view_parse ] --START--
INFO: [ template_filter ] --START--
INFO: Run Behavior\ContentReplaceBehavior [ RunTime:0.000154s ]
INFO: [ template_filter ] --END-- [ RunTime:0.000178s ]
NOTIC: [8] Undefined variable: wp_dialog /www/wwwroot/asd.luhanforex.cn/Application/Runtime/Cache/Home/2a94b8bda04ff446dcedd42276fc99ee.php 第 752 行.
INFO: Run Behavior\ParseTemplateBehavior [ RunTime:0.013332s ]
INFO: [ view_parse ] --END-- [ RunTime:0.013352s ]
INFO: [ view_filter ] --START--
INFO: Run Behavior\WriteHtmlCacheBehavior [ RunTime:0.000364s ]
INFO: [ view_filter ] --END-- [ RunTime:0.000381s ]
INFO: [ app_end ] --START--
INFO: Run Behavior\ShowPageTraceBehavior [ RunTime:0.000556s ]
INFO: [ app_end ] --END-- [ RunTime:0.000571s ]

[ 2018-04-11T03:24:49+08:00 ] 60.191.38.78 /
INFO: [ app_init ] --START--
INFO: Run Behavior\BuildLiteBehavior [ RunTime:0.000008s ]
INFO: [ app_init ] --END-- [ RunTime:0.000172s ]
INFO: [ app_begin ] --START--
INFO: Run Behavior\ReadHtmlCacheBehavior [ RunTime:0.000216s ]
INFO: [ app_begin ] --END-- [ RunTime:0.000233s ]
NOTIC: [8] Undefined index: id /www/wwwroot/asd.luhanforex.cn/Application/Home/Controller/IndexController.class.php 第 8 行.
SQL: SHOW COLUMNS FROM `qm_cart` [ RunTime:0.0005s ]
SQL: SELECT COUNT(id) AS tp_count FROM `qm_cart` WHERE ( user_id='' ) LIMIT 1   [ RunTime:0.0000s ]
SQL: SHOW COLUMNS FROM `qm_goods` [ RunTime:0.0004s ]
SQL: SELECT * FROM `qm_goods` WHERE ( isyoushi =2 ) ORDER BY addtime desc LIMIT 4   [ RunTime:0.0001s ]
SQL: SELECT COUNT(*) AS tp_Count FROM `qm_goods` WHERE ( isyoushi=1 ) LIMIT 1   [ RunTime:0.0000s ]
SQL: SELECT * FROM `qm_goods` WHERE ( isyoushi=1 ) LIMIT 0,8   [ RunTime:0.0001s ]
SQL: SHOW COLUMNS FROM `qm_fenlei` [ RunTime:0.0003s ]
SQL: SELECT * FROM `qm_fenlei` WHERE ( pid = 0 )  [ RunTime:0.0001s ]
SQL: SELECT * FROM `qm_goods` WHERE ( f_id=1 )  [ RunTime:0.0000s ]
SQL: SELECT * FROM `qm_goods` WHERE ( f_id=2 )  [ RunTime:0.0000s ]
SQL: SELECT * FROM `qm_goods` WHERE ( f_id=3 )  [ RunTime:0.0000s ]
SQL: SELECT * FROM `qm_goods` WHERE ( f_id=4 )  [ RunTime:0.0000s ]
SQL: SELECT * FROM `qm_goods` WHERE ( f_id=5 )  [ RunTime:0.0000s ]
INFO: [ view_parse ] --START--
INFO: [ template_filter ] --START--
INFO: Run Behavior\ContentReplaceBehavior [ RunTime:0.000151s ]
INFO: [ template_filter ] --END-- [ RunTime:0.000178s ]
NOTIC: [8] Undefined variable: wp_dialog /www/wwwroot/asd.luhanforex.cn/Application/Runtime/Cache/Home/2a94b8bda04ff446dcedd42276fc99ee.php 第 752 行.
INFO: Run Behavior\ParseTemplateBehavior [ RunTime:0.007930s ]
INFO: [ view_parse ] --END-- [ RunTime:0.007945s ]
INFO: [ view_filter ] --START--
INFO: Run Behavior\WriteHtmlCacheBehavior [ RunTime:0.000100s ]
INFO: [ view_filter ] --END-- [ RunTime:0.000112s ]
INFO: [ app_end ] --START--
INFO: Run Behavior\ShowPageTraceBehavior [ RunTime:0.000293s ]
INFO: [ app_end ] --END-- [ RunTime:0.000307s ]

[ 2018-04-11T03:43:04+08:00 ] 107.170.238.166 /
INFO: [ app_init ] --START--
INFO: Run Behavior\BuildLiteBehavior [ RunTime:0.000006s ]
INFO: [ app_init ] --END-- [ RunTime:0.000162s ]
INFO: [ app_begin ] --START--
INFO: Run Behavior\ReadHtmlCacheBehavior [ RunTime:0.000217s ]
INFO: [ app_begin ] --END-- [ RunTime:0.000234s ]
NOTIC: [8] Undefined index: id /www/wwwroot/asd.luhanforex.cn/Application/Home/Controller/IndexController.class.php 第 8 行.
SQL: SHOW COLUMNS FROM `qm_cart` [ RunTime:0.0005s ]
SQL: SELECT COUNT(id) AS tp_count FROM `qm_cart` WHERE ( user_id='' ) LIMIT 1   [ RunTime:0.0000s ]
SQL: SHOW COLUMNS FROM `qm_goods` [ RunTime:0.0003s ]
SQL: SELECT * FROM `qm_goods` WHERE ( isyoushi =2 ) ORDER BY addtime desc LIMIT 4   [ RunTime:0.0000s ]
SQL: SELECT COUNT(*) AS tp_Count FROM `qm_goods` WHERE ( isyoushi=1 ) LIMIT 1   [ RunTime:0.0000s ]
SQL: SELECT * FROM `qm_goods` WHERE ( isyoushi=1 ) LIMIT 0,8   [ RunTime:0.0001s ]
SQL: SHOW COLUMNS FROM `qm_fenlei` [ RunTime:0.0002s ]
SQL: SELECT * FROM `qm_fenlei` WHERE ( pid = 0 )  [ RunTime:0.0000s ]
SQL: SELECT * FROM `qm_goods` WHERE ( f_id=1 )  [ RunTime:0.0000s ]
SQL: SELECT * FROM `qm_goods` WHERE ( f_id=2 )  [ RunTime:0.0000s ]
SQL: SELECT * FROM `qm_goods` WHERE ( f_id=3 )  [ RunTime:0.0000s ]
SQL: SELECT * FROM `qm_goods` WHERE ( f_id=4 )  [ RunTime:0.0000s ]
SQL: SELECT * FROM `qm_goods` WHERE ( f_id=5 )  [ RunTime:0.0000s ]
INFO: [ view_parse ] --START--
INFO: [ template_filter ] --START--
INFO: Run Behavior\ContentReplaceBehavior [ RunTime:0.000156s ]
INFO: [ template_filter ] --END-- [ RunTime:0.000183s ]
NOTIC: [8] Undefined variable: wp_dialog /www/wwwroot/asd.luhanforex.cn/Application/Runtime/Cache/Home/2a94b8bda04ff446dcedd42276fc99ee.php 第 752 行.
INFO: Run Behavior\ParseTemplateBehavior [ RunTime:0.007640s ]
INFO: [ view_parse ] --END-- [ RunTime:0.007653s ]
INFO: [ view_filter ] --START--
INFO: Run Behavior\WriteHtmlCacheBehavior [ RunTime:0.000097s ]
INFO: [ view_filter ] --END-- [ RunTime:0.000111s ]
INFO: [ app_end ] --START--
INFO: Run Behavior\ShowPageTraceBehavior [ RunTime:0.000267s ]
INFO: [ app_end ] --END-- [ RunTime:0.000281s ]

[ 2018-04-11T06:35:14+08:00 ] 60.191.38.77 /
INFO: [ app_init ] --START--
INFO: Run Behavior\BuildLiteBehavior [ RunTime:0.000007s ]
INFO: [ app_init ] --END-- [ RunTime:0.000177s ]
INFO: [ app_begin ] --START--
INFO: Run Behavior\ReadHtmlCacheBehavior [ RunTime:0.000201s ]
INFO: [ app_begin ] --END-- [ RunTime:0.000218s ]
NOTIC: [8] Undefined index: id /www/wwwroot/asd.luhanforex.cn/Application/Home/Controller/IndexController.class.php 第 8 行.
SQL: SHOW COLUMNS FROM `qm_cart` [ RunTime:0.0005s ]
SQL: SELECT COUNT(id) AS tp_count FROM `qm_cart` WHERE ( user_id='' ) LIMIT 1   [ RunTime:0.0000s ]
SQL: SHOW COLUMNS FROM `qm_goods` [ RunTime:0.0003s ]
SQL: SELECT * FROM `qm_goods` WHERE ( isyoushi =2 ) ORDER BY addtime desc LIMIT 4   [ RunTime:0.0000s ]
SQL: SELECT COUNT(*) AS tp_Count FROM `qm_goods` WHERE ( isyoushi=1 ) LIMIT 1   [ RunTime:0.0000s ]
SQL: SELECT * FROM `qm_goods` WHERE ( isyoushi=1 ) LIMIT 0,8   [ RunTime:0.0001s ]
SQL: SHOW COLUMNS FROM `qm_fenlei` [ RunTime:0.0003s ]
SQL: SELECT * FROM `qm_fenlei` WHERE ( pid = 0 )  [ RunTime:0.0000s ]
SQL: SELECT * FROM `qm_goods` WHERE ( f_id=1 )  [ RunTime:0.0000s ]
SQL: SELECT * FROM `qm_goods` WHERE ( f_id=2 )  [ RunTime:0.0000s ]
SQL: SELECT * FROM `qm_goods` WHERE ( f_id=3 )  [ RunTime:0.0001s ]
SQL: SELECT * FROM `qm_goods` WHERE ( f_id=4 )  [ RunTime:0.0000s ]
SQL: SELECT * FROM `qm_goods` WHERE ( f_id=5 )  [ RunTime:0.0000s ]
INFO: [ view_parse ] --START--
INFO: [ template_filter ] --START--
INFO: Run Behavior\ContentReplaceBehavior [ RunTime:0.000168s ]
INFO: [ template_filter ] --END-- [ RunTime:0.000193s ]
NOTIC: [8] Undefined variable: wp_dialog /www/wwwroot/asd.luhanforex.cn/Application/Runtime/Cache/Home/2a94b8bda04ff446dcedd42276fc99ee.php 第 752 行.
INFO: Run Behavior\ParseTemplateBehavior [ RunTime:0.008020s ]
INFO: [ view_parse ] --END-- [ RunTime:0.008034s ]
INFO: [ view_filter ] --START--
INFO: Run Behavior\WriteHtmlCacheBehavior [ RunTime:0.000094s ]
INFO: [ view_filter ] --END-- [ RunTime:0.000106s ]
INFO: [ app_end ] --START--
INFO: Run Behavior\ShowPageTraceBehavior [ RunTime:0.000287s ]
INFO: [ app_end ] --END-- [ RunTime:0.000303s ]

[ 2018-04-11T08:05:57+08:00 ] 168.1.128.37 /
INFO: [ app_init ] --START--
INFO: Run Behavior\BuildLiteBehavior [ RunTime:0.000010s ]
INFO: [ app_init ] --END-- [ RunTime:0.000247s ]
INFO: [ app_begin ] --START--
INFO: Run Behavior\ReadHtmlCacheBehavior [ RunTime:0.000309s ]
INFO: [ app_begin ] --END-- [ RunTime:0.000331s ]
NOTIC: [8] Undefined index: id /www/wwwroot/asd.luhanforex.cn/Application/Home/Controller/IndexController.class.php 第 8 行.
SQL: SHOW COLUMNS FROM `qm_cart` [ RunTime:0.0090s ]
SQL: SELECT COUNT(id) AS tp_count FROM `qm_cart` WHERE ( user_id='' ) LIMIT 1   [ RunTime:0.0001s ]
SQL: SHOW COLUMNS FROM `qm_goods` [ RunTime:0.0005s ]
SQL: SELECT * FROM `qm_goods` WHERE ( isyoushi =2 ) ORDER BY addtime desc LIMIT 4   [ RunTime:0.0001s ]
SQL: SELECT COUNT(*) AS tp_Count FROM `qm_goods` WHERE ( isyoushi=1 ) LIMIT 1   [ RunTime:0.0000s ]
SQL: SELECT * FROM `qm_goods` WHERE ( isyoushi=1 ) LIMIT 0,8   [ RunTime:0.0002s ]
SQL: SHOW COLUMNS FROM `qm_fenlei` [ RunTime:0.0003s ]
SQL: SELECT * FROM `qm_fenlei` WHERE ( pid = 0 )  [ RunTime:0.0001s ]
SQL: SELECT * FROM `qm_goods` WHERE ( f_id=1 )  [ RunTime:0.0001s ]
SQL: SELECT * FROM `qm_goods` WHERE ( f_id=2 )  [ RunTime:0.0001s ]
SQL: SELECT * FROM `qm_goods` WHERE ( f_id=3 )  [ RunTime:0.0000s ]
SQL: SELECT * FROM `qm_goods` WHERE ( f_id=4 )  [ RunTime:0.0000s ]
SQL: SELECT * FROM `qm_goods` WHERE ( f_id=5 )  [ RunTime:0.0000s ]
INFO: [ view_parse ] --START--
INFO: [ template_filter ] --START--
INFO: Run Behavior\ContentReplaceBehavior [ RunTime:0.000178s ]
INFO: [ template_filter ] --END-- [ RunTime:0.000209s ]
NOTIC: [8] Undefined variable: wp_dialog /www/wwwroot/asd.luhanforex.cn/Application/Runtime/Cache/Home/2a94b8bda04ff446dcedd42276fc99ee.php 第 752 行.
INFO: Run Behavior\ParseTemplateBehavior [ RunTime:0.010041s ]
INFO: [ view_parse ] --END-- [ RunTime:0.010061s ]
INFO: [ view_filter ] --START--
INFO: Run Behavior\WriteHtmlCacheBehavior [ RunTime:0.000128s ]
INFO: [ view_filter ] --END-- [ RunTime:0.000146s ]
INFO: [ app_end ] --START--
INFO: Run Behavior\ShowPageTraceBehavior [ RunTime:0.000510s ]
INFO: [ app_end ] --END-- [ RunTime:0.000531s ]

[ 2018-04-11T09:08:21+08:00 ] 40.77.167.109 /index.php/Home/Goods/goodsitem/gid/612
INFO: [ app_init ] --START--
INFO: Run Behavior\BuildLiteBehavior [ RunTime:0.000008s ]
INFO: [ app_init ] --END-- [ RunTime:0.000198s ]
INFO: [ app_begin ] --START--
INFO: Run Behavior\ReadHtmlCacheBehavior [ RunTime:0.000496s ]
INFO: [ app_begin ] --END-- [ RunTime:0.000515s ]
SQL: SHOW COLUMNS FROM `qm_goods` [ RunTime:0.0005s ]
SQL: SELECT * FROM `qm_goods` WHERE ( id='612' ) LIMIT 1   [ RunTime:0.0013s ]
SQL: SHOW COLUMNS FROM `qm_fenlei` [ RunTime:0.0003s ]
SQL: SELECT * FROM `qm_fenlei` WHERE ( pid = 0 )  [ RunTime:0.0001s ]
NOTIC: [8] Undefined index: id /www/wwwroot/asd.luhanforex.cn/Application/Home/Controller/GoodsController.class.php 第 22 行.
SQL: SHOW COLUMNS FROM `qm_shop` [ RunTime:0.0047s ]
SQL: SELECT * FROM `qm_shop` WHERE ( user_id='' ) LIMIT 1   [ RunTime:0.0012s ]
SQL: SELECT * FROM `qm_goods` WHERE ( sid='' ) LIMIT 6   [ RunTime:0.0001s ]
SQL: SELECT * FROM `qm_goods` WHERE ( sid='' ) ORDER BY id desc LIMIT 5   [ RunTime:0.0000s ]
SQL: SHOW COLUMNS FROM `qm_cart` [ RunTime:0.0004s ]
SQL: SELECT * FROM `qm_cart` WHERE ( user_id='' )  [ RunTime:0.0001s ]
SQL: SELECT COUNT(id) AS tp_count FROM `qm_cart` WHERE ( user_id='' ) LIMIT 1   [ RunTime:0.0000s ]
SQL: SELECT SUM(zong) AS tp_sum FROM `qm_cart` WHERE ( user_id='' ) LIMIT 1   [ RunTime:0.0000s ]
INFO: [ view_parse ] --START--
INFO: [ template_filter ] --START--
INFO: Run Behavior\ContentReplaceBehavior [ RunTime:0.000205s ]
INFO: [ template_filter ] --END-- [ RunTime:0.000235s ]
NOTIC: [8] Undefined variable: wp_dialog /www/wwwroot/asd.luhanforex.cn/Application/Runtime/Cache/Home/0e52a35cd63fc6728bee7069d069110e.php 第 983 行.
INFO: Run Behavior\ParseTemplateBehavior [ RunTime:0.014477s ]
INFO: [ view_parse ] --END-- [ RunTime:0.014498s ]
INFO: [ view_filter ] --START--
INFO: Run Behavior\WriteHtmlCacheBehavior [ RunTime:0.000123s ]
INFO: [ view_filter ] --END-- [ RunTime:0.000135s ]
INFO: [ app_end ] --START--
INFO: Run Behavior\ShowPageTraceBehavior [ RunTime:0.000546s ]
INFO: [ app_end ] --END-- [ RunTime:0.000561s ]

[ 2018-04-11T09:52:10+08:00 ] 207.46.13.134 /index.php/Home/Goods/singleproduct/gid/613
INFO: [ app_init ] --START--
INFO: Run Behavior\BuildLiteBehavior [ RunTime:0.000008s ]
INFO: [ app_init ] --END-- [ RunTime:0.000196s ]
INFO: [ app_begin ] --START--
INFO: Run Behavior\ReadHtmlCacheBehavior [ RunTime:0.000534s ]
INFO: [ app_begin ] --END-- [ RunTime:0.000552s ]
ERR: 非法操作:singleproduct

[ 2018-04-11T10:14:40+08:00 ] 60.191.38.78 /
INFO: [ app_init ] --START--
INFO: Run Behavior\BuildLiteBehavior [ RunTime:0.000013s ]
INFO: [ app_init ] --END-- [ RunTime:0.000656s ]
INFO: [ app_begin ] --START--
INFO: Run Behavior\ReadHtmlCacheBehavior [ RunTime:0.008335s ]
INFO: [ app_begin ] --END-- [ RunTime:0.008377s ]
NOTIC: [8] Undefined index: id /www/wwwroot/asd.luhanforex.cn/Application/Home/Controller/IndexController.class.php 第 8 行.
SQL: SHOW COLUMNS FROM `qm_cart` [ RunTime:0.0005s ]
SQL: SELECT COUNT(id) AS tp_count FROM `qm_cart` WHERE ( user_id='' ) LIMIT 1   [ RunTime:0.0000s ]
SQL: SHOW COLUMNS FROM `qm_goods` [ RunTime:0.0003s ]
SQL: SELECT * FROM `qm_goods` WHERE ( isyoushi =2 ) ORDER BY addtime desc LIMIT 4   [ RunTime:0.0001s ]
SQL: SELECT COUNT(*) AS tp_Count FROM `qm_goods` WHERE ( isyoushi=1 ) LIMIT 1   [ RunTime:0.0000s ]
SQL: SELECT * FROM `qm_goods` WHERE ( isyoushi=1 ) LIMIT 0,8   [ RunTime:0.0001s ]
SQL: SHOW COLUMNS FROM `qm_fenlei` [ RunTime:0.0003s ]
SQL: SELECT * FROM `qm_fenlei` WHERE ( pid = 0 )  [ RunTime:0.0000s ]
SQL: SELECT * FROM `qm_goods` WHERE ( f_id=1 )  [ RunTime:0.0000s ]
SQL: SELECT * FROM `qm_goods` WHERE ( f_id=2 )  [ RunTime:0.0000s ]
SQL: SELECT * FROM `qm_goods` WHERE ( f_id=3 )  [ RunTime:0.0000s ]
SQL: SELECT * FROM `qm_goods` WHERE ( f_id=4 )  [ RunTime:0.0000s ]
SQL: SELECT * FROM `qm_goods` WHERE ( f_id=5 )  [ RunTime:0.0000s ]
INFO: [ view_parse ] --START--
INFO: [ template_filter ] --START--
INFO: Run Behavior\ContentReplaceBehavior [ RunTime:0.000148s ]
INFO: [ template_filter ] --END-- [ RunTime:0.000175s ]
NOTIC: [8] Undefined variable: wp_dialog /www/wwwroot/asd.luhanforex.cn/Application/Runtime/Cache/Home/2a94b8bda04ff446dcedd42276fc99ee.php 第 752 行.
INFO: Run Behavior\ParseTemplateBehavior [ RunTime:0.037013s ]
INFO: [ view_parse ] --END-- [ RunTime:0.037036s ]
INFO: [ view_filter ] --START--
INFO: Run Behavior\WriteHtmlCacheBehavior [ RunTime:0.000404s ]
INFO: [ view_filter ] --END-- [ RunTime:0.000421s ]
INFO: [ app_end ] --START--
INFO: Run Behavior\ShowPageTraceBehavior [ RunTime:0.000576s ]
INFO: [ app_end ] --END-- [ RunTime:0.000594s ]

[ 2018-04-11T10:36:13+08:00 ] 207.46.13.134 /
INFO: [ app_init ] --START--
INFO: Run Behavior\BuildLiteBehavior [ RunTime:0.000079s ]
INFO: [ app_init ] --END-- [ RunTime:0.000366s ]
INFO: [ app_begin ] --START--
INFO: Run Behavior\ReadHtmlCacheBehavior [ RunTime:0.000587s ]
INFO: [ app_begin ] --END-- [ RunTime:0.000608s ]
NOTIC: [8] Undefined index: id /www/wwwroot/asd.luhanforex.cn/Application/Home/Controller/IndexController.class.php 第 8 行.
SQL: SHOW COLUMNS FROM `qm_cart` [ RunTime:0.0005s ]
SQL: SELECT COUNT(id) AS tp_count FROM `qm_cart` WHERE ( user_id='' ) LIMIT 1   [ RunTime:0.0000s ]
SQL: SHOW COLUMNS FROM `qm_goods` [ RunTime:0.0003s ]
SQL: SELECT * FROM `qm_goods` WHERE ( isyoushi =2 ) ORDER BY addtime desc LIMIT 4   [ RunTime:0.0001s ]
SQL: SELECT COUNT(*) AS tp_Count FROM `qm_goods` WHERE ( isyoushi=1 ) LIMIT 1   [ RunTime:0.0000s ]
SQL: SELECT * FROM `qm_goods` WHERE ( isyoushi=1 ) LIMIT 0,8   [ RunTime:0.0001s ]
SQL: SHOW COLUMNS FROM `qm_fenlei` [ RunTime:0.0003s ]
SQL: SELECT * FROM `qm_fenlei` WHERE ( pid = 0 )  [ RunTime:0.0001s ]
SQL: SELECT * FROM `qm_goods` WHERE ( f_id=1 )  [ RunTime:0.0000s ]
SQL: SELECT * FROM `qm_goods` WHERE ( f_id=2 )  [ RunTime:0.0000s ]
SQL: SELECT * FROM `qm_goods` WHERE ( f_id=3 )  [ RunTime:0.0000s ]
SQL: SELECT * FROM `qm_goods` WHERE ( f_id=4 )  [ RunTime:0.0000s ]
SQL: SELECT * FROM `qm_goods` WHERE ( f_id=5 )  [ RunTime:0.0000s ]
INFO: [ view_parse ] --START--
INFO: [ template_filter ] --START--
INFO: Run Behavior\ContentReplaceBehavior [ RunTime:0.000160s ]
INFO: [ template_filter ] --END-- [ RunTime:0.000186s ]
NOTIC: [8] Undefined variable: wp_dialog /www/wwwroot/asd.luhanforex.cn/Application/Runtime/Cache/Home/2a94b8bda04ff446dcedd42276fc99ee.php 第 752 行.
INFO: Run Behavior\ParseTemplateBehavior [ RunTime:0.011093s ]
INFO: [ view_parse ] --END-- [ RunTime:0.011108s ]
INFO: [ view_filter ] --START--
INFO: Run Behavior\WriteHtmlCacheBehavior [ RunTime:0.000089s ]
INFO: [ view_filter ] --END-- [ RunTime:0.000101s ]
INFO: [ app_end ] --START--
INFO: Run Behavior\ShowPageTraceBehavior [ RunTime:0.000530s ]
INFO: [ app_end ] --END-- [ RunTime:0.000546s ]

[ 2018-04-11T10:36:18+08:00 ] 207.46.13.134 /
INFO: [ app_init ] --START--
INFO: Run Behavior\BuildLiteBehavior [ RunTime:0.000009s ]
INFO: [ app_init ] --END-- [ RunTime:0.000173s ]
INFO: [ app_begin ] --START--
INFO: Run Behavior\ReadHtmlCacheBehavior [ RunTime:0.000224s ]
INFO: [ app_begin ] --END-- [ RunTime:0.000241s ]
NOTIC: [8] Undefined index: id /www/wwwroot/asd.luhanforex.cn/Application/Home/Controller/IndexController.class.php 第 8 行.
SQL: SHOW COLUMNS FROM `qm_cart` [ RunTime:0.0013s ]
SQL: SELECT COUNT(id) AS tp_count FROM `qm_cart` WHERE ( user_id='' ) LIMIT 1   [ RunTime:0.0000s ]
SQL: SHOW COLUMNS FROM `qm_goods` [ RunTime:0.0004s ]
SQL: SELECT * FROM `qm_goods` WHERE ( isyoushi =2 ) ORDER BY addtime desc LIMIT 4   [ RunTime:0.0001s ]
SQL: SELECT COUNT(*) AS tp_Count FROM `qm_goods` WHERE ( isyoushi=1 ) LIMIT 1   [ RunTime:0.0000s ]
SQL: SELECT * FROM `qm_goods` WHERE ( isyoushi=1 ) LIMIT 0,8   [ RunTime:0.0001s ]
SQL: SHOW COLUMNS FROM `qm_fenlei` [ RunTime:0.0003s ]
SQL: SELECT * FROM `qm_fenlei` WHERE ( pid = 0 )  [ RunTime:0.0002s ]
SQL: SELECT * FROM `qm_goods` WHERE ( f_id=1 )  [ RunTime:0.0001s ]
SQL: SELECT * FROM `qm_goods` WHERE ( f_id=2 )  [ RunTime:0.0000s ]
SQL: SELECT * FROM `qm_goods` WHERE ( f_id=3 )  [ RunTime:0.0000s ]
SQL: SELECT * FROM `qm_goods` WHERE ( f_id=4 )  [ RunTime:0.0000s ]
SQL: SELECT * FROM `qm_goods` WHERE ( f_id=5 )  [ RunTime:0.0000s ]
INFO: [ view_parse ] --START--
INFO: [ template_filter ] --START--
INFO: Run Behavior\ContentReplaceBehavior [ RunTime:0.000145s ]
INFO: [ template_filter ] --END-- [ RunTime:0.000168s ]
NOTIC: [8] Undefined variable: wp_dialog /www/wwwroot/asd.luhanforex.cn/Application/Runtime/Cache/Home/2a94b8bda04ff446dcedd42276fc99ee.php 第 752 行.
INFO: Run Behavior\ParseTemplateBehavior [ RunTime:0.007857s ]
INFO: [ view_parse ] --END-- [ RunTime:0.007870s ]
INFO: [ view_filter ] --START--
INFO: Run Behavior\WriteHtmlCacheBehavior [ RunTime:0.000099s ]
INFO: [ view_filter ] --END-- [ RunTime:0.000110s ]
INFO: [ app_end ] --START--
INFO: Run Behavior\ShowPageTraceBehavior [ RunTime:0.000288s ]
INFO: [ app_end ] --END-- [ RunTime:0.000306s ]

[ 2018-04-11T10:55:01+08:00 ] 157.55.39.215 /
INFO: [ app_init ] --START--
INFO: Run Behavior\BuildLiteBehavior [ RunTime:0.000009s ]
INFO: [ app_init ] --END-- [ RunTime:0.000178s ]
INFO: [ app_begin ] --START--
INFO: Run Behavior\ReadHtmlCacheBehavior [ RunTime:0.000227s ]
INFO: [ app_begin ] --END-- [ RunTime:0.000244s ]
NOTIC: [8] Undefined index: id /www/wwwroot/asd.luhanforex.cn/Application/Home/Controller/IndexController.class.php 第 8 行.
SQL: SHOW COLUMNS FROM `qm_cart` [ RunTime:0.0005s ]
SQL: SELECT COUNT(id) AS tp_count FROM `qm_cart` WHERE ( user_id='' ) LIMIT 1   [ RunTime:0.0000s ]
SQL: SHOW COLUMNS FROM `qm_goods` [ RunTime:0.0004s ]
SQL: SELECT * FROM `qm_goods` WHERE ( isyoushi =2 ) ORDER BY addtime desc LIMIT 4   [ RunTime:0.0000s ]
SQL: SELECT COUNT(*) AS tp_Count FROM `qm_goods` WHERE ( isyoushi=1 ) LIMIT 1   [ RunTime:0.0000s ]
SQL: SELECT * FROM `qm_goods` WHERE ( isyoushi=1 ) LIMIT 0,8   [ RunTime:0.0001s ]
SQL: SHOW COLUMNS FROM `qm_fenlei` [ RunTime:0.0002s ]
SQL: SELECT * FROM `qm_fenlei` WHERE ( pid = 0 )  [ RunTime:0.0000s ]
SQL: SELECT * FROM `qm_goods` WHERE ( f_id=1 )  [ RunTime:0.0000s ]
SQL: SELECT * FROM `qm_goods` WHERE ( f_id=2 )  [ RunTime:0.0001s ]
SQL: SELECT * FROM `qm_goods` WHERE ( f_id=3 )  [ RunTime:0.0000s ]
SQL: SELECT * FROM `qm_goods` WHERE ( f_id=4 )  [ RunTime:0.0000s ]
SQL: SELECT * FROM `qm_goods` WHERE ( f_id=5 )  [ RunTime:0.0000s ]
INFO: [ view_parse ] --START--
INFO: [ template_filter ] --START--
INFO: Run Behavior\ContentReplaceBehavior [ RunTime:0.000146s ]
INFO: [ template_filter ] --END-- [ RunTime:0.000171s ]
NOTIC: [8] Undefined variable: wp_dialog /www/wwwroot/asd.luhanforex.cn/Application/Runtime/Cache/Home/2a94b8bda04ff446dcedd42276fc99ee.php 第 752 行.
INFO: Run Behavior\ParseTemplateBehavior [ RunTime:0.007609s ]
INFO: [ view_parse ] --END-- [ RunTime:0.007623s ]
INFO: [ view_filter ] --START--
INFO: Run Behavior\WriteHtmlCacheBehavior [ RunTime:0.000122s ]
INFO: [ view_filter ] --END-- [ RunTime:0.000133s ]
INFO: [ app_end ] --START--
INFO: Run Behavior\ShowPageTraceBehavior [ RunTime:0.000265s ]
INFO: [ app_end ] --END-- [ RunTime:0.000283s ]

[ 2018-04-11T11:32:49+08:00 ] 60.191.38.78 /
INFO: [ app_init ] --START--
INFO: Run Behavior\BuildLiteBehavior [ RunTime:0.000007s ]
INFO: [ app_init ] --END-- [ RunTime:0.000541s ]
INFO: [ app_begin ] --START--
INFO: Run Behavior\ReadHtmlCacheBehavior [ RunTime:0.000560s ]
INFO: [ app_begin ] --END-- [ RunTime:0.000579s ]
NOTIC: [8] Undefined index: id /www/wwwroot/asd.luhanforex.cn/Application/Home/Controller/IndexController.class.php 第 8 行.
SQL: SHOW COLUMNS FROM `qm_cart` [ RunTime:0.0004s ]
SQL: SELECT COUNT(id) AS tp_count FROM `qm_cart` WHERE ( user_id='' ) LIMIT 1   [ RunTime:0.0000s ]
SQL: SHOW COLUMNS FROM `qm_goods` [ RunTime:0.0003s ]
SQL: SELECT * FROM `qm_goods` WHERE ( isyoushi =2 ) ORDER BY addtime desc LIMIT 4   [ RunTime:0.0000s ]
SQL: SELECT COUNT(*) AS tp_Count FROM `qm_goods` WHERE ( isyoushi=1 ) LIMIT 1   [ RunTime:0.0000s ]
SQL: SELECT * FROM `qm_goods` WHERE ( isyoushi=1 ) LIMIT 0,8   [ RunTime:0.0001s ]
SQL: SHOW COLUMNS FROM `qm_fenlei` [ RunTime:0.0003s ]
SQL: SELECT * FROM `qm_fenlei` WHERE ( pid = 0 )  [ RunTime:0.0000s ]
SQL: SELECT * FROM `qm_goods` WHERE ( f_id=1 )  [ RunTime:0.0001s ]
SQL: SELECT * FROM `qm_goods` WHERE ( f_id=2 )  [ RunTime:0.0001s ]
SQL: SELECT * FROM `qm_goods` WHERE ( f_id=3 )  [ RunTime:0.0001s ]
SQL: SELECT * FROM `qm_goods` WHERE ( f_id=4 )  [ RunTime:0.0000s ]
SQL: SELECT * FROM `qm_goods` WHERE ( f_id=5 )  [ RunTime:0.0000s ]
INFO: [ view_parse ] --START--
INFO: [ template_filter ] --START--
INFO: Run Behavior\ContentReplaceBehavior [ RunTime:0.000158s ]
INFO: [ template_filter ] --END-- [ RunTime:0.000187s ]
NOTIC: [8] Undefined variable: wp_dialog /www/wwwroot/asd.luhanforex.cn/Application/Runtime/Cache/Home/2a94b8bda04ff446dcedd42276fc99ee.php 第 752 行.
INFO: Run Behavior\ParseTemplateBehavior [ RunTime:0.011521s ]
INFO: [ view_parse ] --END-- [ RunTime:0.011540s ]
INFO: [ view_filter ] --START--
INFO: Run Behavior\WriteHtmlCacheBehavior [ RunTime:0.000426s ]
INFO: [ view_filter ] --END-- [ RunTime:0.000441s ]
INFO: [ app_end ] --START--
INFO: Run Behavior\ShowPageTraceBehavior [ RunTime:0.000567s ]
INFO: [ app_end ] --END-- [ RunTime:0.000582s ]

[ 2018-04-11T12:18:29+08:00 ] 101.226.64.174 /
INFO: [ app_init ] --START--
INFO: Run Behavior\BuildLiteBehavior [ RunTime:0.000011s ]
INFO: [ app_init ] --END-- [ RunTime:0.000522s ]
INFO: [ app_begin ] --START--
INFO: Run Behavior\ReadHtmlCacheBehavior [ RunTime:0.000497s ]
INFO: [ app_begin ] --END-- [ RunTime:0.000516s ]
NOTIC: [8] Undefined index: id /www/wwwroot/asd.luhanforex.cn/Application/Home/Controller/IndexController.class.php 第 8 行.
SQL: SHOW COLUMNS FROM `qm_cart` [ RunTime:0.0005s ]
SQL: SELECT COUNT(id) AS tp_count FROM `qm_cart` WHERE ( user_id='' ) LIMIT 1   [ RunTime:0.0001s ]
SQL: SHOW COLUMNS FROM `qm_goods` [ RunTime:0.0003s ]
SQL: SELECT * FROM `qm_goods` WHERE ( isyoushi =2 ) ORDER BY addtime desc LIMIT 4   [ RunTime:0.0001s ]
SQL: SELECT COUNT(*) AS tp_Count FROM `qm_goods` WHERE ( isyoushi=1 ) LIMIT 1   [ RunTime:0.0000s ]
SQL: SELECT * FROM `qm_goods` WHERE ( isyoushi=1 ) LIMIT 0,8   [ RunTime:0.0001s ]
SQL: SHOW COLUMNS FROM `qm_fenlei` [ RunTime:0.0003s ]
SQL: SELECT * FROM `qm_fenlei` WHERE ( pid = 0 )  [ RunTime:0.0000s ]
SQL: SELECT * FROM `qm_goods` WHERE ( f_id=1 )  [ RunTime:0.0000s ]
SQL: SELECT * FROM `qm_goods` WHERE ( f_id=2 )  [ RunTime:0.0000s ]
SQL: SELECT * FROM `qm_goods` WHERE ( f_id=3 )  [ RunTime:0.0000s ]
SQL: SELECT * FROM `qm_goods` WHERE ( f_id=4 )  [ RunTime:0.0000s ]
SQL: SELECT * FROM `qm_goods` WHERE ( f_id=5 )  [ RunTime:0.0000s ]
INFO: [ view_parse ] --START--
INFO: [ template_filter ] --START--
INFO: Run Behavior\ContentReplaceBehavior [ RunTime:0.000168s ]
INFO: [ template_filter ] --END-- [ RunTime:0.000197s ]
NOTIC: [8] Undefined variable: wp_dialog /www/wwwroot/asd.luhanforex.cn/Application/Runtime/Cache/Home/2a94b8bda04ff446dcedd42276fc99ee.php 第 752 行.
INFO: Run Behavior\ParseTemplateBehavior [ RunTime:0.013702s ]
INFO: [ view_parse ] --END-- [ RunTime:0.013719s ]
INFO: [ view_filter ] --START--
INFO: Run Behavior\WriteHtmlCacheBehavior [ RunTime:0.000370s ]
INFO: [ view_filter ] --END-- [ RunTime:0.000386s ]
INFO: [ app_end ] --START--
INFO: Run Behavior\ShowPageTraceBehavior [ RunTime:0.000535s ]
INFO: [ app_end ] --END-- [ RunTime:0.000551s ]

[ 2018-04-11T12:25:27+08:00 ] 209.126.136.7 /
INFO: [ app_init ] --START--
INFO: Run Behavior\BuildLiteBehavior [ RunTime:0.000009s ]
INFO: [ app_init ] --END-- [ RunTime:0.000255s ]
INFO: [ app_begin ] --START--
INFO: Run Behavior\ReadHtmlCacheBehavior [ RunTime:0.000311s ]
INFO: [ app_begin ] --END-- [ RunTime:0.000333s ]
NOTIC: [8] Undefined index: id /www/wwwroot/asd.luhanforex.cn/Application/Home/Controller/IndexController.class.php 第 8 行.
SQL: SHOW COLUMNS FROM `qm_cart` [ RunTime:0.0007s ]
SQL: SELECT COUNT(id) AS tp_count FROM `qm_cart` WHERE ( user_id='' ) LIMIT 1   [ RunTime:0.0001s ]
SQL: SHOW COLUMNS FROM `qm_goods` [ RunTime:0.0005s ]
SQL: SELECT * FROM `qm_goods` WHERE ( isyoushi =2 ) ORDER BY addtime desc LIMIT 4   [ RunTime:0.0001s ]
SQL: SELECT COUNT(*) AS tp_Count FROM `qm_goods` WHERE ( isyoushi=1 ) LIMIT 1   [ RunTime:0.0000s ]
SQL: SELECT * FROM `qm_goods` WHERE ( isyoushi=1 ) LIMIT 0,8   [ RunTime:0.0001s ]
SQL: SHOW COLUMNS FROM `qm_fenlei` [ RunTime:0.0004s ]
SQL: SELECT * FROM `qm_fenlei` WHERE ( pid = 0 )  [ RunTime:0.0001s ]
SQL: SELECT * FROM `qm_goods` WHERE ( f_id=1 )  [ RunTime:0.0001s ]
SQL: SELECT * FROM `qm_goods` WHERE ( f_id=2 )  [ RunTime:0.0000s ]
SQL: SELECT * FROM `qm_goods` WHERE ( f_id=3 )  [ RunTime:0.0000s ]
SQL: SELECT * FROM `qm_goods` WHERE ( f_id=4 )  [ RunTime:0.0000s ]
SQL: SELECT * FROM `qm_goods` WHERE ( f_id=5 )  [ RunTime:0.0000s ]
INFO: [ view_parse ] --START--
INFO: [ template_filter ] --START--
INFO: Run Behavior\ContentReplaceBehavior [ RunTime:0.000162s ]
INFO: [ template_filter ] --END-- [ RunTime:0.000187s ]
NOTIC: [8] Undefined variable: wp_dialog /www/wwwroot/asd.luhanforex.cn/Application/Runtime/Cache/Home/2a94b8bda04ff446dcedd42276fc99ee.php 第 752 行.
INFO: Run Behavior\ParseTemplateBehavior [ RunTime:0.007806s ]
INFO: [ view_parse ] --END-- [ RunTime:0.007824s ]
INFO: [ view_filter ] --START--
INFO: Run Behavior\WriteHtmlCacheBehavior [ RunTime:0.000091s ]
INFO: [ view_filter ] --END-- [ RunTime:0.000105s ]
INFO: [ app_end ] --START--
INFO: Run Behavior\ShowPageTraceBehavior [ RunTime:0.000317s ]
INFO: [ app_end ] --END-- [ RunTime:0.000332s ]

[ 2018-04-11T12:30:11+08:00 ] 141.212.122.32 /
INFO: [ app_init ] --START--
INFO: Run Behavior\BuildLiteBehavior [ RunTime:0.000009s ]
INFO: [ app_init ] --END-- [ RunTime:0.000227s ]
INFO: [ app_begin ] --START--
INFO: Run Behavior\ReadHtmlCacheBehavior [ RunTime:0.000218s ]
INFO: [ app_begin ] --END-- [ RunTime:0.000235s ]
NOTIC: [8] Undefined index: id /www/wwwroot/asd.luhanforex.cn/Application/Home/Controller/IndexController.class.php 第 8 行.
SQL: SHOW COLUMNS FROM `qm_cart` [ RunTime:0.0005s ]
SQL: SELECT COUNT(id) AS tp_count FROM `qm_cart` WHERE ( user_id='' ) LIMIT 1   [ RunTime:0.0000s ]
SQL: SHOW COLUMNS FROM `qm_goods` [ RunTime:0.0003s ]
SQL: SELECT * FROM `qm_goods` WHERE ( isyoushi =2 ) ORDER BY addtime desc LIMIT 4   [ RunTime:0.0001s ]
SQL: SELECT COUNT(*) AS tp_Count FROM `qm_goods` WHERE ( isyoushi=1 ) LIMIT 1   [ RunTime:0.0000s ]
SQL: SELECT * FROM `qm_goods` WHERE ( isyoushi=1 ) LIMIT 0,8   [ RunTime:0.0001s ]
SQL: SHOW COLUMNS FROM `qm_fenlei` [ RunTime:0.0002s ]
SQL: SELECT * FROM `qm_fenlei` WHERE ( pid = 0 )  [ RunTime:0.0000s ]
SQL: SELECT * FROM `qm_goods` WHERE ( f_id=1 )  [ RunTime:0.0001s ]
SQL: SELECT * FROM `qm_goods` WHERE ( f_id=2 )  [ RunTime:0.0000s ]
SQL: SELECT * FROM `qm_goods` WHERE ( f_id=3 )  [ RunTime:0.0000s ]
SQL: SELECT * FROM `qm_goods` WHERE ( f_id=4 )  [ RunTime:0.0000s ]
SQL: SELECT * FROM `qm_goods` WHERE ( f_id=5 )  [ RunTime:0.0000s ]
INFO: [ view_parse ] --START--
INFO: [ template_filter ] --START--
INFO: Run Behavior\ContentReplaceBehavior [ RunTime:0.000159s ]
INFO: [ template_filter ] --END-- [ RunTime:0.000187s ]
NOTIC: [8] Undefined variable: wp_dialog /www/wwwroot/asd.luhanforex.cn/Application/Runtime/Cache/Home/2a94b8bda04ff446dcedd42276fc99ee.php 第 752 行.
INFO: Run Behavior\ParseTemplateBehavior [ RunTime:0.024175s ]
INFO: [ view_parse ] --END-- [ RunTime:0.024189s ]
INFO: [ view_filter ] --START--
INFO: Run Behavior\WriteHtmlCacheBehavior [ RunTime:0.000090s ]
INFO: [ view_filter ] --END-- [ RunTime:0.000102s ]
INFO: [ app_end ] --START--
INFO: Run Behavior\ShowPageTraceBehavior [ RunTime:0.000269s ]
INFO: [ app_end ] --END-- [ RunTime:0.000285s ]

[ 2018-04-11T13:11:54+08:00 ] 157.55.39.179 /index.php/Home/goods/typelist/id/4
INFO: [ app_init ] --START--
INFO: Run Behavior\BuildLiteBehavior [ RunTime:0.000011s ]
INFO: [ app_init ] --END-- [ RunTime:0.000615s ]
INFO: [ app_begin ] --START--
INFO: Run Behavior\ReadHtmlCacheBehavior [ RunTime:0.000663s ]
INFO: [ app_begin ] --END-- [ RunTime:0.000689s ]
SQL: SHOW COLUMNS FROM `qm_goods` [ RunTime:0.0034s ]
SQL: SELECT * FROM `qm_goods` WHERE ( f_id='4' )  [ RunTime:0.0001s ]
SQL: SHOW COLUMNS FROM `qm_fenlei` [ RunTime:0.0004s ]
SQL: SELECT * FROM `qm_fenlei` WHERE ( id='4' ) LIMIT 1   [ RunTime:0.0001s ]
SQL: SELECT * FROM `qm_fenlei` WHERE ( pid = 0 )  [ RunTime:0.0001s ]
NOTIC: [8] Undefined index: id /www/wwwroot/asd.luhanforex.cn/Application/Home/Controller/GoodsController.class.php 第 74 行.
SQL: SELECT * FROM `qm_goods` ORDER BY rand() LIMIT 5   [ RunTime:0.0042s ]
SQL: SHOW COLUMNS FROM `qm_cart` [ RunTime:0.0004s ]
SQL: SELECT * FROM `qm_cart` WHERE ( user_id='' )  [ RunTime:0.0000s ]
SQL: SELECT COUNT(id) AS tp_count FROM `qm_cart` WHERE ( user_id='' ) LIMIT 1   [ RunTime:0.0000s ]
SQL: SELECT SUM(zong) AS tp_sum FROM `qm_cart` WHERE ( user_id='' ) LIMIT 1   [ RunTime:0.0000s ]
INFO: [ view_parse ] --START--
INFO: [ template_filter ] --START--
INFO: Run Behavior\ContentReplaceBehavior [ RunTime:0.000210s ]
INFO: [ template_filter ] --END-- [ RunTime:0.000239s ]
NOTIC: [8] Undefined variable: wp_dialog /www/wwwroot/asd.luhanforex.cn/Application/Runtime/Cache/Home/8dc65a25af9a603cceebe9fd3b9d0c0f.php 第 850 行.
INFO: Run Behavior\ParseTemplateBehavior [ RunTime:0.012136s ]
INFO: [ view_parse ] --END-- [ RunTime:0.012156s ]
INFO: [ view_filter ] --START--
INFO: Run Behavior\WriteHtmlCacheBehavior [ RunTime:0.000347s ]
INFO: [ view_filter ] --END-- [ RunTime:0.000361s ]
INFO: [ app_end ] --START--
INFO: Run Behavior\ShowPageTraceBehavior [ RunTime:0.000509s ]
INFO: [ app_end ] --END-- [ RunTime:0.000525s ]

[ 2018-04-11T13:25:35+08:00 ] 207.46.13.134 /index.php/Home/Cart/index
INFO: [ app_init ] --START--
INFO: Run Behavior\BuildLiteBehavior [ RunTime:0.000007s ]
INFO: [ app_init ] --END-- [ RunTime:0.000165s ]
INFO: [ app_begin ] --START--
INFO: Run Behavior\ReadHtmlCacheBehavior [ RunTime:0.000204s ]
INFO: [ app_begin ] --END-- [ RunTime:0.000237s ]
NOTIC: [8] Undefined index: id /www/wwwroot/asd.luhanforex.cn/Application/Home/Controller/CartController.class.php 第 7 行.
SQL: SHOW COLUMNS FROM `qm_fenlei` [ RunTime:0.0014s ]
SQL: SELECT * FROM `qm_fenlei` WHERE ( pid = 0 )  [ RunTime:0.0001s ]
SQL: SHOW COLUMNS FROM `qm_cart` [ RunTime:0.0003s ]
SQL: SELECT * FROM `qm_cart`  [ RunTime:0.0001s ]
SQL: SELECT SUM(zong) AS tp_sum FROM `qm_cart` WHERE ( user_id='' ) LIMIT 1   [ RunTime:0.0000s ]
SQL: SHOW COLUMNS FROM `qm_goods` [ RunTime:0.0003s ]
SQL: SELECT * FROM `qm_goods` ORDER BY rand() LIMIT 5   [ RunTime:0.0003s ]
INFO: [ view_parse ] --START--
INFO: [ template_filter ] --START--
INFO: Run Behavior\ContentReplaceBehavior [ RunTime:0.000204s ]
INFO: [ template_filter ] --END-- [ RunTime:0.000234s ]
NOTIC: [8] Undefined variable: shu /www/wwwroot/asd.luhanforex.cn/Application/Runtime/Cache/Home/6f105010063b4e4da2af04cb5dd2d5a4.php 第 693 行.
NOTIC: [8] Undefined variable: wp_dialog /www/wwwroot/asd.luhanforex.cn/Application/Runtime/Cache/Home/6f105010063b4e4da2af04cb5dd2d5a4.php 第 903 行.
INFO: Run Behavior\ParseTemplateBehavior [ RunTime:0.011441s ]
INFO: [ view_parse ] --END-- [ RunTime:0.011476s ]
INFO: [ view_filter ] --START--
INFO: Run Behavior\WriteHtmlCacheBehavior [ RunTime:0.000097s ]
INFO: [ view_filter ] --END-- [ RunTime:0.000112s ]
INFO: [ app_end ] --START--
INFO: Run Behavior\ShowPageTraceBehavior [ RunTime:0.000277s ]
INFO: [ app_end ] --END-- [ RunTime:0.000292s ]

[ 2018-04-11T13:26:58+08:00 ] 40.77.167.46 /index.php/Home/Goods/goodsitem/gid/621
INFO: [ app_init ] --START--
INFO: Run Behavior\BuildLiteBehavior [ RunTime:0.000007s ]
INFO: [ app_init ] --END-- [ RunTime:0.000186s ]
INFO: [ app_begin ] --START--
INFO: Run Behavior\ReadHtmlCacheBehavior [ RunTime:0.000231s ]
INFO: [ app_begin ] --END-- [ RunTime:0.000249s ]
SQL: SHOW COLUMNS FROM `qm_goods` [ RunTime:0.0005s ]
SQL: SELECT * FROM `qm_goods` WHERE ( id='621' ) LIMIT 1   [ RunTime:0.0001s ]
SQL: SHOW COLUMNS FROM `qm_fenlei` [ RunTime:0.0003s ]
SQL: SELECT * FROM `qm_fenlei` WHERE ( pid = 0 )  [ RunTime:0.0001s ]
NOTIC: [8] Undefined index: id /www/wwwroot/asd.luhanforex.cn/Application/Home/Controller/GoodsController.class.php 第 22 行.
SQL: SHOW COLUMNS FROM `qm_shop` [ RunTime:0.0003s ]
SQL: SELECT * FROM `qm_shop` WHERE ( user_id='1' ) LIMIT 1   [ RunTime:0.0001s ]
SQL: SELECT * FROM `qm_goods` WHERE ( sid='48' ) LIMIT 6   [ RunTime:0.0000s ]
SQL: SELECT * FROM `qm_goods` WHERE ( sid='48' ) ORDER BY id desc LIMIT 5   [ RunTime:0.0000s ]
SQL: SHOW COLUMNS FROM `qm_cart` [ RunTime:0.0003s ]
SQL: SELECT * FROM `qm_cart` WHERE ( user_id='' )  [ RunTime:0.0000s ]
SQL: SELECT COUNT(id) AS tp_count FROM `qm_cart` WHERE ( user_id='' ) LIMIT 1   [ RunTime:0.0000s ]
SQL: SELECT SUM(zong) AS tp_sum FROM `qm_cart` WHERE ( user_id='' ) LIMIT 1   [ RunTime:0.0000s ]
INFO: [ view_parse ] --START--
INFO: [ template_filter ] --START--
INFO: Run Behavior\ContentReplaceBehavior [ RunTime:0.000228s ]
INFO: [ template_filter ] --END-- [ RunTime:0.000253s ]
NOTIC: [8] Undefined variable: wp_dialog /www/wwwroot/asd.luhanforex.cn/Application/Runtime/Cache/Home/0e52a35cd63fc6728bee7069d069110e.php 第 983 行.
INFO: Run Behavior\ParseTemplateBehavior [ RunTime:0.011869s ]
INFO: [ view_parse ] --END-- [ RunTime:0.011884s ]
INFO: [ view_filter ] --START--
INFO: Run Behavior\WriteHtmlCacheBehavior [ RunTime:0.000122s ]
INFO: [ view_filter ] --END-- [ RunTime:0.000134s ]
INFO: [ app_end ] --START--
INFO: Run Behavior\ShowPageTraceBehavior [ RunTime:0.000266s ]
INFO: [ app_end ] --END-- [ RunTime:0.000283s ]

[ 2018-04-11T13:27:56+08:00 ] 157.55.39.179 /index.php/Home/goods/typelist/id/3
INFO: [ app_init ] --START--
INFO: Run Behavior\BuildLiteBehavior [ RunTime:0.000008s ]
INFO: [ app_init ] --END-- [ RunTime:0.000175s ]
INFO: [ app_begin ] --START--
INFO: Run Behavior\ReadHtmlCacheBehavior [ RunTime:0.000205s ]
INFO: [ app_begin ] --END-- [ RunTime:0.000222s ]
SQL: SHOW COLUMNS FROM `qm_goods` [ RunTime:0.0006s ]
SQL: SELECT * FROM `qm_goods` WHERE ( f_id='3' )  [ RunTime:0.0001s ]
SQL: SHOW COLUMNS FROM `qm_fenlei` [ RunTime:0.0002s ]
SQL: SELECT * FROM `qm_fenlei` WHERE ( id='3' ) LIMIT 1   [ RunTime:0.0000s ]
SQL: SELECT * FROM `qm_fenlei` WHERE ( pid = 0 )  [ RunTime:0.0000s ]
NOTIC: [8] Undefined index: id /www/wwwroot/asd.luhanforex.cn/Application/Home/Controller/GoodsController.class.php 第 74 行.
SQL: SELECT * FROM `qm_goods` ORDER BY rand() LIMIT 5   [ RunTime:0.0003s ]
SQL: SHOW COLUMNS FROM `qm_cart` [ RunTime:0.0005s ]
SQL: SELECT * FROM `qm_cart` WHERE ( user_id='' )  [ RunTime:0.0001s ]
SQL: SELECT COUNT(id) AS tp_count FROM `qm_cart` WHERE ( user_id='' ) LIMIT 1   [ RunTime:0.0000s ]
SQL: SELECT SUM(zong) AS tp_sum FROM `qm_cart` WHERE ( user_id='' ) LIMIT 1   [ RunTime:0.0000s ]
INFO: [ view_parse ] --START--
INFO: [ template_filter ] --START--
INFO: Run Behavior\ContentReplaceBehavior [ RunTime:0.000208s ]
INFO: [ template_filter ] --END-- [ RunTime:0.000240s ]
NOTIC: [8] Undefined variable: wp_dialog /www/wwwroot/asd.luhanforex.cn/Application/Runtime/Cache/Home/8dc65a25af9a603cceebe9fd3b9d0c0f.php 第 850 行.
INFO: Run Behavior\ParseTemplateBehavior [ RunTime:0.008690s ]
INFO: [ view_parse ] --END-- [ RunTime:0.008712s ]
INFO: [ view_filter ] --START--
INFO: Run Behavior\WriteHtmlCacheBehavior [ RunTime:0.000122s ]
INFO: [ view_filter ] --END-- [ RunTime:0.000137s ]
INFO: [ app_end ] --START--
INFO: Run Behavior\ShowPageTraceBehavior [ RunTime:0.000286s ]
INFO: [ app_end ] --END-- [ RunTime:0.000304s ]

[ 2018-04-11T13:29:32+08:00 ] 40.77.167.46 /index.php/Home/Goods/goodsitem/gid/621
INFO: [ app_init ] --START--
INFO: Run Behavior\BuildLiteBehavior [ RunTime:0.000011s ]
INFO: [ app_init ] --END-- [ RunTime:0.000289s ]
INFO: [ app_begin ] --START--
INFO: Run Behavior\ReadHtmlCacheBehavior [ RunTime:0.000329s ]
INFO: [ app_begin ] --END-- [ RunTime:0.000349s ]
SQL: SHOW COLUMNS FROM `qm_goods` [ RunTime:0.0006s ]
SQL: SELECT * FROM `qm_goods` WHERE ( id='621' ) LIMIT 1   [ RunTime:0.0001s ]
SQL: SHOW COLUMNS FROM `qm_fenlei` [ RunTime:0.0003s ]
SQL: SELECT * FROM `qm_fenlei` WHERE ( pid = 0 )  [ RunTime:0.0001s ]
NOTIC: [8] Undefined index: id /www/wwwroot/asd.luhanforex.cn/Application/Home/Controller/GoodsController.class.php 第 22 行.
SQL: SHOW COLUMNS FROM `qm_shop` [ RunTime:0.0004s ]
SQL: SELECT * FROM `qm_shop` WHERE ( user_id='1' ) LIMIT 1   [ RunTime:0.0001s ]
SQL: SELECT * FROM `qm_goods` WHERE ( sid='48' ) LIMIT 6   [ RunTime:0.0001s ]
SQL: SELECT * FROM `qm_goods` WHERE ( sid='48' ) ORDER BY id desc LIMIT 5   [ RunTime:0.0001s ]
SQL: SHOW COLUMNS FROM `qm_cart` [ RunTime:0.0004s ]
SQL: SELECT * FROM `qm_cart` WHERE ( user_id='' )  [ RunTime:0.0001s ]
SQL: SELECT COUNT(id) AS tp_count FROM `qm_cart` WHERE ( user_id='' ) LIMIT 1   [ RunTime:0.0000s ]
SQL: SELECT SUM(zong) AS tp_sum FROM `qm_cart` WHERE ( user_id='' ) LIMIT 1   [ RunTime:0.0000s ]
INFO: [ view_parse ] --START--
INFO: [ template_filter ] --START--
INFO: Run Behavior\ContentReplaceBehavior [ RunTime:0.000217s ]
INFO: [ template_filter ] --END-- [ RunTime:0.000245s ]
NOTIC: [8] Undefined variable: wp_dialog /www/wwwroot/asd.luhanforex.cn/Application/Runtime/Cache/Home/0e52a35cd63fc6728bee7069d069110e.php 第 983 行.
INFO: Run Behavior\ParseTemplateBehavior [ RunTime:0.011149s ]
INFO: [ view_parse ] --END-- [ RunTime:0.011165s ]
INFO: [ view_filter ] --START--
INFO: Run Behavior\WriteHtmlCacheBehavior [ RunTime:0.000110s ]
INFO: [ view_filter ] --END-- [ RunTime:0.000122s ]
INFO: [ app_end ] --START--
INFO: Run Behavior\ShowPageTraceBehavior [ RunTime:0.000274s ]
INFO: [ app_end ] --END-- [ RunTime:0.000289s ]

[ 2018-04-11T13:30:57+08:00 ] 61.160.117.170 /
INFO: [ app_init ] --START--
INFO: Run Behavior\BuildLiteBehavior [ RunTime:0.000009s ]
INFO: [ app_init ] --END-- [ RunTime:0.000189s ]
INFO: [ app_begin ] --START--
INFO: Run Behavior\ReadHtmlCacheBehavior [ RunTime:0.000208s ]
INFO: [ app_begin ] --END-- [ RunTime:0.000224s ]
NOTIC: [8] Undefined index: id /www/wwwroot/asd.luhanforex.cn/Application/Home/Controller/IndexController.class.php 第 8 行.
SQL: SHOW COLUMNS FROM `qm_cart` [ RunTime:0.0009s ]
SQL: SELECT COUNT(id) AS tp_count FROM `qm_cart` WHERE ( user_id='' ) LIMIT 1   [ RunTime:0.0000s ]
SQL: SHOW COLUMNS FROM `qm_goods` [ RunTime:0.0003s ]
SQL: SELECT * FROM `qm_goods` WHERE ( isyoushi =2 ) ORDER BY addtime desc LIMIT 4   [ RunTime:0.0001s ]
SQL: SELECT COUNT(*) AS tp_Count FROM `qm_goods` WHERE ( isyoushi=1 ) LIMIT 1   [ RunTime:0.0000s ]
SQL: SELECT * FROM `qm_goods` WHERE ( isyoushi=1 ) LIMIT 0,8   [ RunTime:0.0001s ]
SQL: SHOW COLUMNS FROM `qm_fenlei` [ RunTime:0.0002s ]
SQL: SELECT * FROM `qm_fenlei` WHERE ( pid = 0 )  [ RunTime:0.0001s ]
SQL: SELECT * FROM `qm_goods` WHERE ( f_id=1 )  [ RunTime:0.0000s ]
SQL: SELECT * FROM `qm_goods` WHERE ( f_id=2 )  [ RunTime:0.0001s ]
SQL: SELECT * FROM `qm_goods` WHERE ( f_id=3 )  [ RunTime:0.0000s ]
SQL: SELECT * FROM `qm_goods` WHERE ( f_id=4 )  [ RunTime:0.0000s ]
SQL: SELECT * FROM `qm_goods` WHERE ( f_id=5 )  [ RunTime:0.0000s ]
INFO: [ view_parse ] --START--
INFO: [ template_filter ] --START--
INFO: Run Behavior\ContentReplaceBehavior [ RunTime:0.000169s ]
INFO: [ template_filter ] --END-- [ RunTime:0.000199s ]
NOTIC: [8] Undefined variable: wp_dialog /www/wwwroot/asd.luhanforex.cn/Application/Runtime/Cache/Home/2a94b8bda04ff446dcedd42276fc99ee.php 第 752 行.
INFO: Run Behavior\ParseTemplateBehavior [ RunTime:0.011251s ]
INFO: [ view_parse ] --END-- [ RunTime:0.011268s ]
INFO: [ view_filter ] --START--
INFO: Run Behavior\WriteHtmlCacheBehavior [ RunTime:0.000103s ]
INFO: [ view_filter ] --END-- [ RunTime:0.000114s ]
INFO: [ app_end ] --START--
INFO: Run Behavior\ShowPageTraceBehavior [ RunTime:0.000262s ]
INFO: [ app_end ] --END-- [ RunTime:0.000276s ]

[ 2018-04-11T13:31:06+08:00 ] 157.55.39.179 /index.php/Home/goods/typelist/id/4
INFO: [ app_init ] --START--
INFO: Run Behavior\BuildLiteBehavior [ RunTime:0.000007s ]
INFO: [ app_init ] --END-- [ RunTime:0.000169s ]
INFO: [ app_begin ] --START--
INFO: Run Behavior\ReadHtmlCacheBehavior [ RunTime:0.000230s ]
INFO: [ app_begin ] --END-- [ RunTime:0.000247s ]
SQL: SHOW COLUMNS FROM `qm_goods` [ RunTime:0.0004s ]
SQL: SELECT * FROM `qm_goods` WHERE ( f_id='4' )  [ RunTime:0.0001s ]
SQL: SHOW COLUMNS FROM `qm_fenlei` [ RunTime:0.0003s ]
SQL: SELECT * FROM `qm_fenlei` WHERE ( id='4' ) LIMIT 1   [ RunTime:0.0000s ]
SQL: SELECT * FROM `qm_fenlei` WHERE ( pid = 0 )  [ RunTime:0.0000s ]
NOTIC: [8] Undefined index: id /www/wwwroot/asd.luhanforex.cn/Application/Home/Controller/GoodsController.class.php 第 74 行.
SQL: SELECT * FROM `qm_goods` ORDER BY rand() LIMIT 5   [ RunTime:0.0003s ]
SQL: SHOW COLUMNS FROM `qm_cart` [ RunTime:0.0003s ]
SQL: SELECT * FROM `qm_cart` WHERE ( user_id='' )  [ RunTime:0.0000s ]
SQL: SELECT COUNT(id) AS tp_count FROM `qm_cart` WHERE ( user_id='' ) LIMIT 1   [ RunTime:0.0001s ]
SQL: SELECT SUM(zong) AS tp_sum FROM `qm_cart` WHERE ( user_id='' ) LIMIT 1   [ RunTime:0.0000s ]
INFO: [ view_parse ] --START--
INFO: [ template_filter ] --START--
INFO: Run Behavior\ContentReplaceBehavior [ RunTime:0.000162s ]
INFO: [ template_filter ] --END-- [ RunTime:0.000181s ]
NOTIC: [8] Undefined variable: wp_dialog /www/wwwroot/asd.luhanforex.cn/Application/Runtime/Cache/Home/8dc65a25af9a603cceebe9fd3b9d0c0f.php 第 850 行.
INFO: Run Behavior\ParseTemplateBehavior [ RunTime:0.007682s ]
INFO: [ view_parse ] --END-- [ RunTime:0.007696s ]
INFO: [ view_filter ] --START--
INFO: Run Behavior\WriteHtmlCacheBehavior [ RunTime:0.000082s ]
INFO: [ view_filter ] --END-- [ RunTime:0.000093s ]
INFO: [ app_end ] --START--
INFO: Run Behavior\ShowPageTraceBehavior [ RunTime:0.000250s ]
INFO: [ app_end ] --END-- [ RunTime:0.000266s ]

[ 2018-04-11T13:35:54+08:00 ] 207.46.13.134 /index.php/Home/Goods/goodsitem/gid/624
INFO: [ app_init ] --START--
INFO: Run Behavior\BuildLiteBehavior [ RunTime:0.000007s ]
INFO: [ app_init ] --END-- [ RunTime:0.000192s ]
INFO: [ app_begin ] --START--
INFO: Run Behavior\ReadHtmlCacheBehavior [ RunTime:0.000205s ]
INFO: [ app_begin ] --END-- [ RunTime:0.000220s ]
SQL: SHOW COLUMNS FROM `qm_goods` [ RunTime:0.0004s ]
SQL: SELECT * FROM `qm_goods` WHERE ( id='624' ) LIMIT 1   [ RunTime:0.0001s ]
SQL: SHOW COLUMNS FROM `qm_fenlei` [ RunTime:0.0002s ]
SQL: SELECT * FROM `qm_fenlei` WHERE ( pid = 0 )  [ RunTime:0.0000s ]
NOTIC: [8] Undefined index: id /www/wwwroot/asd.luhanforex.cn/Application/Home/Controller/GoodsController.class.php 第 22 行.
SQL: SHOW COLUMNS FROM `qm_shop` [ RunTime:0.0003s ]
SQL: SELECT * FROM `qm_shop` WHERE ( user_id='1' ) LIMIT 1   [ RunTime:0.0001s ]
SQL: SELECT * FROM `qm_goods` WHERE ( sid='48' ) LIMIT 6   [ RunTime:0.0000s ]
SQL: SELECT * FROM `qm_goods` WHERE ( sid='48' ) ORDER BY id desc LIMIT 5   [ RunTime:0.0000s ]
SQL: SHOW COLUMNS FROM `qm_cart` [ RunTime:0.0004s ]
SQL: SELECT * FROM `qm_cart` WHERE ( user_id='' )  [ RunTime:0.0000s ]
SQL: SELECT COUNT(id) AS tp_count FROM `qm_cart` WHERE ( user_id='' ) LIMIT 1   [ RunTime:0.0000s ]
SQL: SELECT SUM(zong) AS tp_sum FROM `qm_cart` WHERE ( user_id='' ) LIMIT 1   [ RunTime:0.0000s ]
INFO: [ view_parse ] --START--
INFO: [ template_filter ] --START--
INFO: Run Behavior\ContentReplaceBehavior [ RunTime:0.000209s ]
INFO: [ template_filter ] --END-- [ RunTime:0.000231s ]
NOTIC: [8] Undefined variable: wp_dialog /www/wwwroot/asd.luhanforex.cn/Application/Runtime/Cache/Home/0e52a35cd63fc6728bee7069d069110e.php 第 983 行.
INFO: Run Behavior\ParseTemplateBehavior [ RunTime:0.010000s ]
INFO: [ view_parse ] --END-- [ RunTime:0.010014s ]
INFO: [ view_filter ] --START--
INFO: Run Behavior\WriteHtmlCacheBehavior [ RunTime:0.000094s ]
INFO: [ view_filter ] --END-- [ RunTime:0.000105s ]
INFO: [ app_end ] --START--
INFO: Run Behavior\ShowPageTraceBehavior [ RunTime:0.000380s ]
INFO: [ app_end ] --END-- [ RunTime:0.000395s ]

[ 2018-04-11T13:42:03+08:00 ] 40.77.167.58 /index.php/Home/Login/login
INFO: [ app_init ] --START--
INFO: Run Behavior\BuildLiteBehavior [ RunTime:0.000007s ]
INFO: [ app_init ] --END-- [ RunTime:0.000173s ]
INFO: [ app_begin ] --START--
INFO: Run Behavior\ReadHtmlCacheBehavior [ RunTime:0.000213s ]
INFO: [ app_begin ] --END-- [ RunTime:0.000231s ]
SQL: SHOW COLUMNS FROM `qm_website` [ RunTime:0.0046s ]
SQL: SELECT * FROM `qm_website` LIMIT 1   [ RunTime:0.0001s ]
SQL: SHOW COLUMNS FROM `qm_fenlei` [ RunTime:0.0003s ]
SQL: SELECT * FROM `qm_fenlei` WHERE ( pid = 0 )  [ RunTime:0.0000s ]
SQL: SELECT * FROM `qm_fenlei` WHERE ( pid=1 )  [ RunTime:0.0000s ]
SQL: SELECT * FROM `qm_fenlei` WHERE ( pid=2 )  [ RunTime:0.0000s ]
SQL: SELECT * FROM `qm_fenlei` WHERE ( pid=3 )  [ RunTime:0.0000s ]
SQL: SELECT * FROM `qm_fenlei` WHERE ( pid=4 )  [ RunTime:0.0001s ]
SQL: SELECT * FROM `qm_fenlei` WHERE ( pid=5 )  [ RunTime:0.0000s ]
INFO: [ view_parse ] --START--
INFO: [ template_filter ] --START--
INFO: Run Behavior\ContentReplaceBehavior [ RunTime:0.000108s ]
INFO: [ template_filter ] --END-- [ RunTime:0.000142s ]
INFO: Run Behavior\ParseTemplateBehavior [ RunTime:0.006373s ]
INFO: [ view_parse ] --END-- [ RunTime:0.006402s ]
INFO: [ view_filter ] --START--
INFO: Run Behavior\WriteHtmlCacheBehavior [ RunTime:0.000104s ]
INFO: [ view_filter ] --END-- [ RunTime:0.000117s ]
INFO: [ app_end ] --START--
INFO: Run Behavior\ShowPageTraceBehavior [ RunTime:0.000298s ]
INFO: [ app_end ] --END-- [ RunTime:0.000326s ]

[ 2018-04-11T13:47:54+08:00 ] 207.46.13.134 /index.php/Home/cart/index
INFO: [ app_init ] --START--
INFO: Run Behavior\BuildLiteBehavior [ RunTime:0.000008s ]
INFO: [ app_init ] --END-- [ RunTime:0.000182s ]
INFO: [ app_begin ] --START--
INFO: Run Behavior\ReadHtmlCacheBehavior [ RunTime:0.000206s ]
INFO: [ app_begin ] --END-- [ RunTime:0.000222s ]
NOTIC: [8] Undefined index: id /www/wwwroot/asd.luhanforex.cn/Application/Home/Controller/CartController.class.php 第 7 行.
SQL: SHOW COLUMNS FROM `qm_fenlei` [ RunTime:0.0004s ]
SQL: SELECT * FROM `qm_fenlei` WHERE ( pid = 0 )  [ RunTime:0.0001s ]
SQL: SHOW COLUMNS FROM `qm_cart` [ RunTime:0.0004s ]
SQL: SELECT * FROM `qm_cart`  [ RunTime:0.0001s ]
SQL: SELECT SUM(zong) AS tp_sum FROM `qm_cart` WHERE ( user_id='' ) LIMIT 1   [ RunTime:0.0000s ]
SQL: SHOW COLUMNS FROM `qm_goods` [ RunTime:0.0003s ]
SQL: SELECT * FROM `qm_goods` ORDER BY rand() LIMIT 5   [ RunTime:0.0004s ]
INFO: [ view_parse ] --START--
INFO: [ template_filter ] --START--
INFO: Run Behavior\ContentReplaceBehavior [ RunTime:0.000216s ]
INFO: [ template_filter ] --END-- [ RunTime:0.000254s ]
NOTIC: [8] Undefined variable: shu /www/wwwroot/asd.luhanforex.cn/Application/Runtime/Cache/Home/6f105010063b4e4da2af04cb5dd2d5a4.php 第 693 行.
NOTIC: [8] Undefined variable: wp_dialog /www/wwwroot/asd.luhanforex.cn/Application/Runtime/Cache/Home/6f105010063b4e4da2af04cb5dd2d5a4.php 第 903 行.
INFO: Run Behavior\ParseTemplateBehavior [ RunTime:0.009798s ]
INFO: [ view_parse ] --END-- [ RunTime:0.009813s ]
INFO: [ view_filter ] --START--
INFO: Run Behavior\WriteHtmlCacheBehavior [ RunTime:0.000097s ]
INFO: [ view_filter ] --END-- [ RunTime:0.000109s ]
INFO: [ app_end ] --START--
INFO: Run Behavior\ShowPageTraceBehavior [ RunTime:0.000381s ]
INFO: [ app_end ] --END-- [ RunTime:0.000399s ]

[ 2018-04-11T13:55:26+08:00 ] 157.55.39.179 /index.php/Home/goods/typelist/id/3
INFO: [ app_init ] --START--
INFO: Run Behavior\BuildLiteBehavior [ RunTime:0.000009s ]
INFO: [ app_init ] --END-- [ RunTime:0.000174s ]
INFO: [ app_begin ] --START--
INFO: Run Behavior\ReadHtmlCacheBehavior [ RunTime:0.000242s ]
INFO: [ app_begin ] --END-- [ RunTime:0.000260s ]
SQL: SHOW COLUMNS FROM `qm_goods` [ RunTime:0.0006s ]
SQL: SELECT * FROM `qm_goods` WHERE ( f_id='3' )  [ RunTime:0.0001s ]
SQL: SHOW COLUMNS FROM `qm_fenlei` [ RunTime:0.0003s ]
SQL: SELECT * FROM `qm_fenlei` WHERE ( id='3' ) LIMIT 1   [ RunTime:0.0001s ]
SQL: SELECT * FROM `qm_fenlei` WHERE ( pid = 0 )  [ RunTime:0.0000s ]
NOTIC: [8] Undefined index: id /www/wwwroot/asd.luhanforex.cn/Application/Home/Controller/GoodsController.class.php 第 74 行.
SQL: SELECT * FROM `qm_goods` ORDER BY rand() LIMIT 5   [ RunTime:0.0004s ]
SQL: SHOW COLUMNS FROM `qm_cart` [ RunTime:0.0005s ]
SQL: SELECT * FROM `qm_cart` WHERE ( user_id='' )  [ RunTime:0.0001s ]
SQL: SELECT COUNT(id) AS tp_count FROM `qm_cart` WHERE ( user_id='' ) LIMIT 1   [ RunTime:0.0000s ]
SQL: SELECT SUM(zong) AS tp_sum FROM `qm_cart` WHERE ( user_id='' ) LIMIT 1   [ RunTime:0.0000s ]
INFO: [ view_parse ] --START--
INFO: [ template_filter ] --START--
INFO: Run Behavior\ContentReplaceBehavior [ RunTime:0.000209s ]
INFO: [ template_filter ] --END-- [ RunTime:0.000233s ]
NOTIC: [8] Undefined variable: wp_dialog /www/wwwroot/asd.luhanforex.cn/Application/Runtime/Cache/Home/8dc65a25af9a603cceebe9fd3b9d0c0f.php 第 850 行.
INFO: Run Behavior\ParseTemplateBehavior [ RunTime:0.009371s ]
INFO: [ view_parse ] --END-- [ RunTime:0.009387s ]
INFO: [ view_filter ] --START--
INFO: Run Behavior\WriteHtmlCacheBehavior [ RunTime:0.000094s ]
INFO: [ view_filter ] --END-- [ RunTime:0.000105s ]
INFO: [ app_end ] --START--
INFO: Run Behavior\ShowPageTraceBehavior [ RunTime:0.000298s ]
INFO: [ app_end ] --END-- [ RunTime:0.000316s ]

[ 2018-04-11T14:08:12+08:00 ] 40.77.167.58 /index.php/Home/Goods/goodsitem/gid/620
INFO: [ app_init ] --START--
INFO: Run Behavior\BuildLiteBehavior [ RunTime:0.000007s ]
INFO: [ app_init ] --END-- [ RunTime:0.000189s ]
INFO: [ app_begin ] --START--
INFO: Run Behavior\ReadHtmlCacheBehavior [ RunTime:0.000223s ]
INFO: [ app_begin ] --END-- [ RunTime:0.000241s ]
SQL: SHOW COLUMNS FROM `qm_goods` [ RunTime:0.0006s ]
SQL: SELECT * FROM `qm_goods` WHERE ( id='620' ) LIMIT 1   [ RunTime:0.0001s ]
SQL: SHOW COLUMNS FROM `qm_fenlei` [ RunTime:0.0003s ]
SQL: SELECT * FROM `qm_fenlei` WHERE ( pid = 0 )  [ RunTime:0.0001s ]
NOTIC: [8] Undefined index: id /www/wwwroot/asd.luhanforex.cn/Application/Home/Controller/GoodsController.class.php 第 22 行.
SQL: SHOW COLUMNS FROM `qm_shop` [ RunTime:0.0004s ]
SQL: SELECT * FROM `qm_shop` WHERE ( user_id='1' ) LIMIT 1   [ RunTime:0.0001s ]
SQL: SELECT * FROM `qm_goods` WHERE ( sid='48' ) LIMIT 6   [ RunTime:0.0001s ]
SQL: SELECT * FROM `qm_goods` WHERE ( sid='48' ) ORDER BY id desc LIMIT 5   [ RunTime:0.0001s ]
SQL: SHOW COLUMNS FROM `qm_cart` [ RunTime:0.0003s ]
SQL: SELECT * FROM `qm_cart` WHERE ( user_id='' )  [ RunTime:0.0000s ]
SQL: SELECT COUNT(id) AS tp_count FROM `qm_cart` WHERE ( user_id='' ) LIMIT 1   [ RunTime:0.0000s ]
SQL: SELECT SUM(zong) AS tp_sum FROM `qm_cart` WHERE ( user_id='' ) LIMIT 1   [ RunTime:0.0000s ]
INFO: [ view_parse ] --START--
INFO: [ template_filter ] --START--
INFO: Run Behavior\ContentReplaceBehavior [ RunTime:0.000196s ]
INFO: [ template_filter ] --END-- [ RunTime:0.000219s ]
NOTIC: [8] Undefined variable: wp_dialog /www/wwwroot/asd.luhanforex.cn/Application/Runtime/Cache/Home/0e52a35cd63fc6728bee7069d069110e.php 第 983 行.
INFO: Run Behavior\ParseTemplateBehavior [ RunTime:0.011695s ]
INFO: [ view_parse ] --END-- [ RunTime:0.011715s ]
INFO: [ view_filter ] --START--
INFO: Run Behavior\WriteHtmlCacheBehavior [ RunTime:0.000102s ]
INFO: [ view_filter ] --END-- [ RunTime:0.000113s ]
INFO: [ app_end ] --START--
INFO: Run Behavior\ShowPageTraceBehavior [ RunTime:0.000287s ]
INFO: [ app_end ] --END-- [ RunTime:0.000302s ]

[ 2018-04-11T14:22:43+08:00 ] 119.147.207.144 /
INFO: [ app_init ] --START--
INFO: Run Behavior\BuildLiteBehavior [ RunTime:0.000008s ]
INFO: [ app_init ] --END-- [ RunTime:0.000195s ]
INFO: [ app_begin ] --START--
INFO: Run Behavior\ReadHtmlCacheBehavior [ RunTime:0.000246s ]
INFO: [ app_begin ] --END-- [ RunTime:0.000264s ]
NOTIC: [8] Undefined index: id /www/wwwroot/asd.luhanforex.cn/Application/Home/Controller/IndexController.class.php 第 8 行.
SQL: SHOW COLUMNS FROM `qm_cart` [ RunTime:0.0005s ]
SQL: SELECT COUNT(id) AS tp_count FROM `qm_cart` WHERE ( user_id='' ) LIMIT 1   [ RunTime:0.0000s ]
SQL: SHOW COLUMNS FROM `qm_goods` [ RunTime:0.0003s ]
SQL: SELECT * FROM `qm_goods` WHERE ( isyoushi =2 ) ORDER BY addtime desc LIMIT 4   [ RunTime:0.0001s ]
SQL: SELECT COUNT(*) AS tp_Count FROM `qm_goods` WHERE ( isyoushi=1 ) LIMIT 1   [ RunTime:0.0000s ]
SQL: SELECT * FROM `qm_goods` WHERE ( isyoushi=1 ) LIMIT 0,8   [ RunTime:0.0001s ]
SQL: SHOW COLUMNS FROM `qm_fenlei` [ RunTime:0.0003s ]
SQL: SELECT * FROM `qm_fenlei` WHERE ( pid = 0 )  [ RunTime:0.0000s ]
SQL: SELECT * FROM `qm_goods` WHERE ( f_id=1 )  [ RunTime:0.0000s ]
SQL: SELECT * FROM `qm_goods` WHERE ( f_id=2 )  [ RunTime:0.0001s ]
SQL: SELECT * FROM `qm_goods` WHERE ( f_id=3 )  [ RunTime:0.0001s ]
SQL: SELECT * FROM `qm_goods` WHERE ( f_id=4 )  [ RunTime:0.0000s ]
SQL: SELECT * FROM `qm_goods` WHERE ( f_id=5 )  [ RunTime:0.0000s ]
INFO: [ view_parse ] --START--
INFO: [ template_filter ] --START--
INFO: Run Behavior\ContentReplaceBehavior [ RunTime:0.000163s ]
INFO: [ template_filter ] --END-- [ RunTime:0.000191s ]
NOTIC: [8] Undefined variable: wp_dialog /www/wwwroot/asd.luhanforex.cn/Application/Runtime/Cache/Home/2a94b8bda04ff446dcedd42276fc99ee.php 第 752 行.
INFO: Run Behavior\ParseTemplateBehavior [ RunTime:0.008415s ]
INFO: [ view_parse ] --END-- [ RunTime:0.008432s ]
INFO: [ view_filter ] --START--
INFO: Run Behavior\WriteHtmlCacheBehavior [ RunTime:0.000087s ]
INFO: [ view_filter ] --END-- [ RunTime:0.000098s ]
INFO: [ app_end ] --START--
INFO: Run Behavior\ShowPageTraceBehavior [ RunTime:0.000256s ]
INFO: [ app_end ] --END-- [ RunTime:0.000269s ]

[ 2018-04-11T14:24:01+08:00 ] 40.77.167.46 /index.php/Home/Goods/goodsitem/gid/626
INFO: [ app_init ] --START--
INFO: Run Behavior\BuildLiteBehavior [ RunTime:0.000007s ]
INFO: [ app_init ] --END-- [ RunTime:0.000168s ]
INFO: [ app_begin ] --START--
INFO: Run Behavior\ReadHtmlCacheBehavior [ RunTime:0.000287s ]
INFO: [ app_begin ] --END-- [ RunTime:0.000308s ]
SQL: SHOW COLUMNS FROM `qm_goods` [ RunTime:0.0005s ]
SQL: SELECT * FROM `qm_goods` WHERE ( id='626' ) LIMIT 1   [ RunTime:0.0001s ]
SQL: SHOW COLUMNS FROM `qm_fenlei` [ RunTime:0.0003s ]
SQL: SELECT * FROM `qm_fenlei` WHERE ( pid = 0 )  [ RunTime:0.0001s ]
NOTIC: [8] Undefined index: id /www/wwwroot/asd.luhanforex.cn/Application/Home/Controller/GoodsController.class.php 第 22 行.
SQL: SHOW COLUMNS FROM `qm_shop` [ RunTime:0.0003s ]
SQL: SELECT * FROM `qm_shop` WHERE ( user_id='19' ) LIMIT 1   [ RunTime:0.0000s ]
SQL: SELECT * FROM `qm_goods` WHERE ( sid='' ) LIMIT 6   [ RunTime:0.0000s ]
SQL: SELECT * FROM `qm_goods` WHERE ( sid='' ) ORDER BY id desc LIMIT 5   [ RunTime:0.0000s ]
SQL: SHOW COLUMNS FROM `qm_cart` [ RunTime:0.0004s ]
SQL: SELECT * FROM `qm_cart` WHERE ( user_id='' )  [ RunTime:0.0001s ]
SQL: SELECT COUNT(id) AS tp_count FROM `qm_cart` WHERE ( user_id='' ) LIMIT 1   [ RunTime:0.0000s ]
SQL: SELECT SUM(zong) AS tp_sum FROM `qm_cart` WHERE ( user_id='' ) LIMIT 1   [ RunTime:0.0000s ]
INFO: [ view_parse ] --START--
INFO: [ template_filter ] --START--
INFO: Run Behavior\ContentReplaceBehavior [ RunTime:0.000210s ]
INFO: [ template_filter ] --END-- [ RunTime:0.000236s ]
NOTIC: [8] Undefined variable: wp_dialog /www/wwwroot/asd.luhanforex.cn/Application/Runtime/Cache/Home/0e52a35cd63fc6728bee7069d069110e.php 第 983 行.
INFO: Run Behavior\ParseTemplateBehavior [ RunTime:0.009884s ]
INFO: [ view_parse ] --END-- [ RunTime:0.009903s ]
INFO: [ view_filter ] --START--
INFO: Run Behavior\WriteHtmlCacheBehavior [ RunTime:0.000103s ]
INFO: [ view_filter ] --END-- [ RunTime:0.000115s ]
INFO: [ app_end ] --START--
INFO: Run Behavior\ShowPageTraceBehavior [ RunTime:0.000271s ]
INFO: [ app_end ] --END-- [ RunTime:0.000290s ]

[ 2018-04-11T15:13:06+08:00 ] 106.11.156.122 /
INFO: [ app_init ] --START--
INFO: Run Behavior\BuildLiteBehavior [ RunTime:0.000008s ]
INFO: [ app_init ] --END-- [ RunTime:0.000189s ]
INFO: [ app_begin ] --START--
INFO: Run Behavior\ReadHtmlCacheBehavior [ RunTime:0.000320s ]
INFO: [ app_begin ] --END-- [ RunTime:0.000340s ]
NOTIC: [8] Undefined index: id /www/wwwroot/asd.luhanforex.cn/Application/Home/Controller/IndexController.class.php 第 8 行.
SQL: SHOW COLUMNS FROM `qm_cart` [ RunTime:0.0007s ]
SQL: SELECT COUNT(id) AS tp_count FROM `qm_cart` WHERE ( user_id='' ) LIMIT 1   [ RunTime:0.0000s ]
SQL: SHOW COLUMNS FROM `qm_goods` [ RunTime:0.0004s ]
SQL: SELECT * FROM `qm_goods` WHERE ( isyoushi =2 ) ORDER BY addtime desc LIMIT 4   [ RunTime:0.0001s ]
SQL: SELECT COUNT(*) AS tp_Count FROM `qm_goods` WHERE ( isyoushi=1 ) LIMIT 1   [ RunTime:0.0000s ]
SQL: SELECT * FROM `qm_goods` WHERE ( isyoushi=1 ) LIMIT 0,8   [ RunTime:0.0001s ]
SQL: SHOW COLUMNS FROM `qm_fenlei` [ RunTime:0.0003s ]
SQL: SELECT * FROM `qm_fenlei` WHERE ( pid = 0 )  [ RunTime:0.0000s ]
SQL: SELECT * FROM `qm_goods` WHERE ( f_id=1 )  [ RunTime:0.0000s ]
SQL: SELECT * FROM `qm_goods` WHERE ( f_id=2 )  [ RunTime:0.0001s ]
SQL: SELECT * FROM `qm_goods` WHERE ( f_id=3 )  [ RunTime:0.0001s ]
SQL: SELECT * FROM `qm_goods` WHERE ( f_id=4 )  [ RunTime:0.0000s ]
SQL: SELECT * FROM `qm_goods` WHERE ( f_id=5 )  [ RunTime:0.0000s ]
INFO: [ view_parse ] --START--
INFO: [ template_filter ] --START--
INFO: Run Behavior\ContentReplaceBehavior [ RunTime:0.000166s ]
INFO: [ template_filter ] --END-- [ RunTime:0.000198s ]
NOTIC: [8] Undefined variable: wp_dialog /www/wwwroot/asd.luhanforex.cn/Application/Runtime/Cache/Home/2a94b8bda04ff446dcedd42276fc99ee.php 第 752 行.
INFO: Run Behavior\ParseTemplateBehavior [ RunTime:0.008672s ]
INFO: [ view_parse ] --END-- [ RunTime:0.008691s ]
INFO: [ view_filter ] --START--
INFO: Run Behavior\WriteHtmlCacheBehavior [ RunTime:0.000124s ]
INFO: [ view_filter ] --END-- [ RunTime:0.000141s ]
INFO: [ app_end ] --START--
INFO: Run Behavior\ShowPageTraceBehavior [ RunTime:0.000288s ]
INFO: [ app_end ] --END-- [ RunTime:0.000308s ]

[ 2018-04-11T17:11:03+08:00 ] 137.226.113.27 /
INFO: [ app_init ] --START--
INFO: Run Behavior\BuildLiteBehavior [ RunTime:0.000012s ]
INFO: [ app_init ] --END-- [ RunTime:0.000673s ]
INFO: [ app_begin ] --START--
INFO: Run Behavior\ReadHtmlCacheBehavior [ RunTime:0.000523s ]
INFO: [ app_begin ] --END-- [ RunTime:0.000547s ]
NOTIC: [8] Undefined index: id /www/wwwroot/asd.luhanforex.cn/Application/Home/Controller/IndexController.class.php 第 8 行.
SQL: SHOW COLUMNS FROM `qm_cart` [ RunTime:0.0006s ]
SQL: SELECT COUNT(id) AS tp_count FROM `qm_cart` WHERE ( user_id='' ) LIMIT 1   [ RunTime:0.0001s ]
SQL: SHOW COLUMNS FROM `qm_goods` [ RunTime:0.0005s ]
SQL: SELECT * FROM `qm_goods` WHERE ( isyoushi =2 ) ORDER BY addtime desc LIMIT 4   [ RunTime:0.0001s ]
SQL: SELECT COUNT(*) AS tp_Count FROM `qm_goods` WHERE ( isyoushi=1 ) LIMIT 1   [ RunTime:0.0000s ]
SQL: SELECT * FROM `qm_goods` WHERE ( isyoushi=1 ) LIMIT 0,8   [ RunTime:0.0001s ]
SQL: SHOW COLUMNS FROM `qm_fenlei` [ RunTime:0.0004s ]
SQL: SELECT * FROM `qm_fenlei` WHERE ( pid = 0 )  [ RunTime:0.0001s ]
SQL: SELECT * FROM `qm_goods` WHERE ( f_id=1 )  [ RunTime:0.0001s ]
SQL: SELECT * FROM `qm_goods` WHERE ( f_id=2 )  [ RunTime:0.0000s ]
SQL: SELECT * FROM `qm_goods` WHERE ( f_id=3 )  [ RunTime:0.0000s ]
SQL: SELECT * FROM `qm_goods` WHERE ( f_id=4 )  [ RunTime:0.0000s ]
SQL: SELECT * FROM `qm_goods` WHERE ( f_id=5 )  [ RunTime:0.0000s ]
INFO: [ view_parse ] --START--
INFO: [ template_filter ] --START--
INFO: Run Behavior\ContentReplaceBehavior [ RunTime:0.000151s ]
INFO: [ template_filter ] --END-- [ RunTime:0.000176s ]
NOTIC: [8] Undefined variable: wp_dialog /www/wwwroot/asd.luhanforex.cn/Application/Runtime/Cache/Home/2a94b8bda04ff446dcedd42276fc99ee.php 第 752 行.
INFO: Run Behavior\ParseTemplateBehavior [ RunTime:0.015613s ]
INFO: [ view_parse ] --END-- [ RunTime:0.015638s ]
INFO: [ view_filter ] --START--
INFO: Run Behavior\WriteHtmlCacheBehavior [ RunTime:0.000404s ]
INFO: [ view_filter ] --END-- [ RunTime:0.000418s ]
INFO: [ app_end ] --START--
INFO: Run Behavior\ShowPageTraceBehavior [ RunTime:0.010772s ]
INFO: [ app_end ] --END-- [ RunTime:0.010804s ]

[ 2018-04-11T17:14:11+08:00 ] 137.226.113.26 /
INFO: [ app_init ] --START--
INFO: Run Behavior\BuildLiteBehavior [ RunTime:0.000007s ]
INFO: [ app_init ] --END-- [ RunTime:0.000192s ]
INFO: [ app_begin ] --START--
INFO: Run Behavior\ReadHtmlCacheBehavior [ RunTime:0.000240s ]
INFO: [ app_begin ] --END-- [ RunTime:0.000259s ]
NOTIC: [8] Undefined index: id /www/wwwroot/asd.luhanforex.cn/Application/Home/Controller/IndexController.class.php 第 8 行.
SQL: SHOW COLUMNS FROM `qm_cart` [ RunTime:0.0005s ]
SQL: SELECT COUNT(id) AS tp_count FROM `qm_cart` WHERE ( user_id='' ) LIMIT 1   [ RunTime:0.0000s ]
SQL: SHOW COLUMNS FROM `qm_goods` [ RunTime:0.0003s ]
SQL: SELECT * FROM `qm_goods` WHERE ( isyoushi =2 ) ORDER BY addtime desc LIMIT 4   [ RunTime:0.0001s ]
SQL: SELECT COUNT(*) AS tp_Count FROM `qm_goods` WHERE ( isyoushi=1 ) LIMIT 1   [ RunTime:0.0000s ]
SQL: SELECT * FROM `qm_goods` WHERE ( isyoushi=1 ) LIMIT 0,8   [ RunTime:0.0001s ]
SQL: SHOW COLUMNS FROM `qm_fenlei` [ RunTime:0.0003s ]
SQL: SELECT * FROM `qm_fenlei` WHERE ( pid = 0 )  [ RunTime:0.0001s ]
SQL: SELECT * FROM `qm_goods` WHERE ( f_id=1 )  [ RunTime:0.0000s ]
SQL: SELECT * FROM `qm_goods` WHERE ( f_id=2 )  [ RunTime:0.0000s ]
SQL: SELECT * FROM `qm_goods` WHERE ( f_id=3 )  [ RunTime:0.0000s ]
SQL: SELECT * FROM `qm_goods` WHERE ( f_id=4 )  [ RunTime:0.0000s ]
SQL: SELECT * FROM `qm_goods` WHERE ( f_id=5 )  [ RunTime:0.0000s ]
INFO: [ view_parse ] --START--
INFO: [ template_filter ] --START--
INFO: Run Behavior\ContentReplaceBehavior [ RunTime:0.000152s ]
INFO: [ template_filter ] --END-- [ RunTime:0.000182s ]
NOTIC: [8] Undefined variable: wp_dialog /www/wwwroot/asd.luhanforex.cn/Application/Runtime/Cache/Home/2a94b8bda04ff446dcedd42276fc99ee.php 第 752 行.
INFO: Run Behavior\ParseTemplateBehavior [ RunTime:0.008261s ]
INFO: [ view_parse ] --END-- [ RunTime:0.008278s ]
INFO: [ view_filter ] --START--
INFO: Run Behavior\WriteHtmlCacheBehavior [ RunTime:0.000105s ]
INFO: [ view_filter ] --END-- [ RunTime:0.000117s ]
INFO: [ app_end ] --START--
INFO: Run Behavior\ShowPageTraceBehavior [ RunTime:0.000286s ]
INFO: [ app_end ] --END-- [ RunTime:0.000300s ]

[ 2018-04-11T17:34:13+08:00 ] 137.226.113.23 /
INFO: [ app_init ] --START--
INFO: Run Behavior\BuildLiteBehavior [ RunTime:0.000010s ]
INFO: [ app_init ] --END-- [ RunTime:0.000237s ]
INFO: [ app_begin ] --START--
INFO: Run Behavior\ReadHtmlCacheBehavior [ RunTime:0.000306s ]
INFO: [ app_begin ] --END-- [ RunTime:0.000328s ]
NOTIC: [8] Undefined index: id /www/wwwroot/asd.luhanforex.cn/Application/Home/Controller/IndexController.class.php 第 8 行.
SQL: SHOW COLUMNS FROM `qm_cart` [ RunTime:0.0005s ]
SQL: SELECT COUNT(id) AS tp_count FROM `qm_cart` WHERE ( user_id='' ) LIMIT 1   [ RunTime:0.0001s ]
SQL: SHOW COLUMNS FROM `qm_goods` [ RunTime:0.0004s ]
SQL: SELECT * FROM `qm_goods` WHERE ( isyoushi =2 ) ORDER BY addtime desc LIMIT 4   [ RunTime:0.0001s ]
SQL: SELECT COUNT(*) AS tp_Count FROM `qm_goods` WHERE ( isyoushi=1 ) LIMIT 1   [ RunTime:0.0000s ]
SQL: SELECT * FROM `qm_goods` WHERE ( isyoushi=1 ) LIMIT 0,8   [ RunTime:0.0001s ]
SQL: SHOW COLUMNS FROM `qm_fenlei` [ RunTime:0.0003s ]
SQL: SELECT * FROM `qm_fenlei` WHERE ( pid = 0 )  [ RunTime:0.0001s ]
SQL: SELECT * FROM `qm_goods` WHERE ( f_id=1 )  [ RunTime:0.0001s ]
SQL: SELECT * FROM `qm_goods` WHERE ( f_id=2 )  [ RunTime:0.0001s ]
SQL: SELECT * FROM `qm_goods` WHERE ( f_id=3 )  [ RunTime:0.0001s ]
SQL: SELECT * FROM `qm_goods` WHERE ( f_id=4 )  [ RunTime:0.0000s ]
SQL: SELECT * FROM `qm_goods` WHERE ( f_id=5 )  [ RunTime:0.0000s ]
INFO: [ view_parse ] --START--
INFO: [ template_filter ] --START--
INFO: Run Behavior\ContentReplaceBehavior [ RunTime:0.000159s ]
INFO: [ template_filter ] --END-- [ RunTime:0.000185s ]
NOTIC: [8] Undefined variable: wp_dialog /www/wwwroot/asd.luhanforex.cn/Application/Runtime/Cache/Home/2a94b8bda04ff446dcedd42276fc99ee.php 第 752 行.
INFO: Run Behavior\ParseTemplateBehavior [ RunTime:0.008581s ]
INFO: [ view_parse ] --END-- [ RunTime:0.008598s ]
INFO: [ view_filter ] --START--
INFO: Run Behavior\WriteHtmlCacheBehavior [ RunTime:0.000124s ]
INFO: [ view_filter ] --END-- [ RunTime:0.000140s ]
INFO: [ app_end ] --START--
INFO: Run Behavior\ShowPageTraceBehavior [ RunTime:0.000277s ]
INFO: [ app_end ] --END-- [ RunTime:0.000293s ]

[ 2018-04-11T17:36:50+08:00 ] 137.226.113.22 /
INFO: [ app_init ] --START--
INFO: Run Behavior\BuildLiteBehavior [ RunTime:0.000008s ]
INFO: [ app_init ] --END-- [ RunTime:0.000175s ]
INFO: [ app_begin ] --START--
INFO: Run Behavior\ReadHtmlCacheBehavior [ RunTime:0.000248s ]
INFO: [ app_begin ] --END-- [ RunTime:0.000267s ]
NOTIC: [8] Undefined index: id /www/wwwroot/asd.luhanforex.cn/Application/Home/Controller/IndexController.class.php 第 8 行.
SQL: SHOW COLUMNS FROM `qm_cart` [ RunTime:0.0005s ]
SQL: SELECT COUNT(id) AS tp_count FROM `qm_cart` WHERE ( user_id='' ) LIMIT 1   [ RunTime:0.0000s ]
SQL: SHOW COLUMNS FROM `qm_goods` [ RunTime:0.0003s ]
SQL: SELECT * FROM `qm_goods` WHERE ( isyoushi =2 ) ORDER BY addtime desc LIMIT 4   [ RunTime:0.0001s ]
SQL: SELECT COUNT(*) AS tp_Count FROM `qm_goods` WHERE ( isyoushi=1 ) LIMIT 1   [ RunTime:0.0000s ]
SQL: SELECT * FROM `qm_goods` WHERE ( isyoushi=1 ) LIMIT 0,8   [ RunTime:0.0001s ]
SQL: SHOW COLUMNS FROM `qm_fenlei` [ RunTime:0.0002s ]
SQL: SELECT * FROM `qm_fenlei` WHERE ( pid = 0 )  [ RunTime:0.0000s ]
SQL: SELECT * FROM `qm_goods` WHERE ( f_id=1 )  [ RunTime:0.0000s ]
SQL: SELECT * FROM `qm_goods` WHERE ( f_id=2 )  [ RunTime:0.0000s ]
SQL: SELECT * FROM `qm_goods` WHERE ( f_id=3 )  [ RunTime:0.0000s ]
SQL: SELECT * FROM `qm_goods` WHERE ( f_id=4 )  [ RunTime:0.0000s ]
SQL: SELECT * FROM `qm_goods` WHERE ( f_id=5 )  [ RunTime:0.0001s ]
INFO: [ view_parse ] --START--
INFO: [ template_filter ] --START--
INFO: Run Behavior\ContentReplaceBehavior [ RunTime:0.000149s ]
INFO: [ template_filter ] --END-- [ RunTime:0.000173s ]
NOTIC: [8] Undefined variable: wp_dialog /www/wwwroot/asd.luhanforex.cn/Application/Runtime/Cache/Home/2a94b8bda04ff446dcedd42276fc99ee.php 第 752 行.
INFO: Run Behavior\ParseTemplateBehavior [ RunTime:0.007806s ]
INFO: [ view_parse ] --END-- [ RunTime:0.007820s ]
INFO: [ view_filter ] --START--
INFO: Run Behavior\WriteHtmlCacheBehavior [ RunTime:0.000115s ]
INFO: [ view_filter ] --END-- [ RunTime:0.000129s ]
INFO: [ app_end ] --START--
INFO: Run Behavior\ShowPageTraceBehavior [ RunTime:0.000271s ]
INFO: [ app_end ] --END-- [ RunTime:0.000287s ]

[ 2018-04-11T18:19:30+08:00 ] 157.55.39.205 /
INFO: [ app_init ] --START--
INFO: Run Behavior\BuildLiteBehavior [ RunTime:0.000007s ]
INFO: [ app_init ] --END-- [ RunTime:0.000169s ]
INFO: [ app_begin ] --START--
INFO: Run Behavior\ReadHtmlCacheBehavior [ RunTime:0.000219s ]
INFO: [ app_begin ] --END-- [ RunTime:0.000236s ]
NOTIC: [8] Undefined index: id /www/wwwroot/asd.luhanforex.cn/Application/Home/Controller/IndexController.class.php 第 8 行.
SQL: SHOW COLUMNS FROM `qm_cart` [ RunTime:0.0033s ]
SQL: SELECT COUNT(id) AS tp_count FROM `qm_cart` WHERE ( user_id='' ) LIMIT 1   [ RunTime:0.0000s ]
SQL: SHOW COLUMNS FROM `qm_goods` [ RunTime:0.0003s ]
SQL: SELECT * FROM `qm_goods` WHERE ( isyoushi =2 ) ORDER BY addtime desc LIMIT 4   [ RunTime:0.0001s ]
SQL: SELECT COUNT(*) AS tp_Count FROM `qm_goods` WHERE ( isyoushi=1 ) LIMIT 1   [ RunTime:0.0000s ]
SQL: SELECT * FROM `qm_goods` WHERE ( isyoushi=1 ) LIMIT 0,8   [ RunTime:0.0001s ]
SQL: SHOW COLUMNS FROM `qm_fenlei` [ RunTime:0.0003s ]
SQL: SELECT * FROM `qm_fenlei` WHERE ( pid = 0 )  [ RunTime:0.0001s ]
SQL: SELECT * FROM `qm_goods` WHERE ( f_id=1 )  [ RunTime:0.0001s ]
SQL: SELECT * FROM `qm_goods` WHERE ( f_id=2 )  [ RunTime:0.0001s ]
SQL: SELECT * FROM `qm_goods` WHERE ( f_id=3 )  [ RunTime:0.0001s ]
SQL: SELECT * FROM `qm_goods` WHERE ( f_id=4 )  [ RunTime:0.0001s ]
SQL: SELECT * FROM `qm_goods` WHERE ( f_id=5 )  [ RunTime:0.0001s ]
INFO: [ view_parse ] --START--
INFO: [ template_filter ] --START--
INFO: Run Behavior\ContentReplaceBehavior [ RunTime:0.000154s ]
INFO: [ template_filter ] --END-- [ RunTime:0.000188s ]
NOTIC: [8] Undefined variable: wp_dialog /www/wwwroot/asd.luhanforex.cn/Application/Runtime/Cache/Home/2a94b8bda04ff446dcedd42276fc99ee.php 第 752 行.
INFO: Run Behavior\ParseTemplateBehavior [ RunTime:0.011672s ]
INFO: [ view_parse ] --END-- [ RunTime:0.011695s ]
INFO: [ view_filter ] --START--
INFO: Run Behavior\WriteHtmlCacheBehavior [ RunTime:0.000113s ]
INFO: [ view_filter ] --END-- [ RunTime:0.000125s ]
INFO: [ app_end ] --START--
INFO: Run Behavior\ShowPageTraceBehavior [ RunTime:0.000307s ]
INFO: [ app_end ] --END-- [ RunTime:0.000322s ]

[ 2018-04-11T18:25:06+08:00 ] 207.46.13.134 /index.php/Home/index/index
INFO: [ app_init ] --START--
INFO: Run Behavior\BuildLiteBehavior [ RunTime:0.000007s ]
INFO: [ app_init ] --END-- [ RunTime:0.000182s ]
INFO: [ app_begin ] --START--
INFO: Run Behavior\ReadHtmlCacheBehavior [ RunTime:0.000203s ]
INFO: [ app_begin ] --END-- [ RunTime:0.000220s ]
NOTIC: [8] Undefined index: id /www/wwwroot/asd.luhanforex.cn/Application/Home/Controller/IndexController.class.php 第 8 行.
SQL: SHOW COLUMNS FROM `qm_cart` [ RunTime:0.0004s ]
SQL: SELECT COUNT(id) AS tp_count FROM `qm_cart` WHERE ( user_id='' ) LIMIT 1   [ RunTime:0.0000s ]
SQL: SHOW COLUMNS FROM `qm_goods` [ RunTime:0.0004s ]
SQL: SELECT * FROM `qm_goods` WHERE ( isyoushi =2 ) ORDER BY addtime desc LIMIT 4   [ RunTime:0.0000s ]
SQL: SELECT COUNT(*) AS tp_Count FROM `qm_goods` WHERE ( isyoushi=1 ) LIMIT 1   [ RunTime:0.0000s ]
SQL: SELECT * FROM `qm_goods` WHERE ( isyoushi=1 ) LIMIT 0,8   [ RunTime:0.0001s ]
SQL: SHOW COLUMNS FROM `qm_fenlei` [ RunTime:0.0003s ]
SQL: SELECT * FROM `qm_fenlei` WHERE ( pid = 0 )  [ RunTime:0.0000s ]
SQL: SELECT * FROM `qm_goods` WHERE ( f_id=1 )  [ RunTime:0.0000s ]
SQL: SELECT * FROM `qm_goods` WHERE ( f_id=2 )  [ RunTime:0.0000s ]
SQL: SELECT * FROM `qm_goods` WHERE ( f_id=3 )  [ RunTime:0.0000s ]
SQL: SELECT * FROM `qm_goods` WHERE ( f_id=4 )  [ RunTime:0.0000s ]
SQL: SELECT * FROM `qm_goods` WHERE ( f_id=5 )  [ RunTime:0.0000s ]
INFO: [ view_parse ] --START--
INFO: [ template_filter ] --START--
INFO: Run Behavior\ContentReplaceBehavior [ RunTime:0.000176s ]
INFO: [ template_filter ] --END-- [ RunTime:0.000206s ]
NOTIC: [8] Undefined variable: wp_dialog /www/wwwroot/asd.luhanforex.cn/Application/Runtime/Cache/Home/2a94b8bda04ff446dcedd42276fc99ee.php 第 752 行.
INFO: Run Behavior\ParseTemplateBehavior [ RunTime:0.007621s ]
INFO: [ view_parse ] --END-- [ RunTime:0.007636s ]
INFO: [ view_filter ] --START--
INFO: Run Behavior\WriteHtmlCacheBehavior [ RunTime:0.000095s ]
INFO: [ view_filter ] --END-- [ RunTime:0.000107s ]
INFO: [ app_end ] --START--
INFO: Run Behavior\ShowPageTraceBehavior [ RunTime:0.000263s ]
INFO: [ app_end ] --END-- [ RunTime:0.000278s ]

[ 2018-04-11T19:52:22+08:00 ] 137.226.113.28 /
INFO: [ app_init ] --START--
INFO: Run Behavior\BuildLiteBehavior [ RunTime:0.000011s ]
INFO: [ app_init ] --END-- [ RunTime:0.000524s ]
INFO: [ app_begin ] --START--
INFO: Run Behavior\ReadHtmlCacheBehavior [ RunTime:0.000347s ]
INFO: [ app_begin ] --END-- [ RunTime:0.000372s ]
NOTIC: [8] Undefined index: id /www/wwwroot/asd.luhanforex.cn/Application/Home/Controller/IndexController.class.php 第 8 行.
SQL: SHOW COLUMNS FROM `qm_cart` [ RunTime:0.0005s ]
SQL: SELECT COUNT(id) AS tp_count FROM `qm_cart` WHERE ( user_id='' ) LIMIT 1   [ RunTime:0.0000s ]
SQL: SHOW COLUMNS FROM `qm_goods` [ RunTime:0.0004s ]
SQL: SELECT * FROM `qm_goods` WHERE ( isyoushi =2 ) ORDER BY addtime desc LIMIT 4   [ RunTime:0.0001s ]
SQL: SELECT COUNT(*) AS tp_Count FROM `qm_goods` WHERE ( isyoushi=1 ) LIMIT 1   [ RunTime:0.0000s ]
SQL: SELECT * FROM `qm_goods` WHERE ( isyoushi=1 ) LIMIT 0,8   [ RunTime:0.0001s ]
SQL: SHOW COLUMNS FROM `qm_fenlei` [ RunTime:0.0003s ]
SQL: SELECT * FROM `qm_fenlei` WHERE ( pid = 0 )  [ RunTime:0.0000s ]
SQL: SELECT * FROM `qm_goods` WHERE ( f_id=1 )  [ RunTime:0.0000s ]
SQL: SELECT * FROM `qm_goods` WHERE ( f_id=2 )  [ RunTime:0.0000s ]
SQL: SELECT * FROM `qm_goods` WHERE ( f_id=3 )  [ RunTime:0.0001s ]
SQL: SELECT * FROM `qm_goods` WHERE ( f_id=4 )  [ RunTime:0.0000s ]
SQL: SELECT * FROM `qm_goods` WHERE ( f_id=5 )  [ RunTime:0.0000s ]
INFO: [ view_parse ] --START--
INFO: [ template_filter ] --START--
INFO: Run Behavior\ContentReplaceBehavior [ RunTime:0.000146s ]
INFO: [ template_filter ] --END-- [ RunTime:0.000171s ]
NOTIC: [8] Undefined variable: wp_dialog /www/wwwroot/asd.luhanforex.cn/Application/Runtime/Cache/Home/2a94b8bda04ff446dcedd42276fc99ee.php 第 752 行.
INFO: Run Behavior\ParseTemplateBehavior [ RunTime:0.014151s ]
INFO: [ view_parse ] --END-- [ RunTime:0.014177s ]
INFO: [ view_filter ] --START--
INFO: Run Behavior\WriteHtmlCacheBehavior [ RunTime:0.000363s ]
INFO: [ view_filter ] --END-- [ RunTime:0.000376s ]
INFO: [ app_end ] --START--
INFO: Run Behavior\ShowPageTraceBehavior [ RunTime:0.000561s ]
INFO: [ app_end ] --END-- [ RunTime:0.000575s ]

[ 2018-04-11T19:52:23+08:00 ] 137.226.113.28 /
INFO: [ app_init ] --START--
INFO: Run Behavior\BuildLiteBehavior [ RunTime:0.000006s ]
INFO: [ app_init ] --END-- [ RunTime:0.000178s ]
INFO: [ app_begin ] --START--
INFO: Run Behavior\ReadHtmlCacheBehavior [ RunTime:0.000217s ]
INFO: [ app_begin ] --END-- [ RunTime:0.000233s ]
NOTIC: [8] Undefined index: id /www/wwwroot/asd.luhanforex.cn/Application/Home/Controller/IndexController.class.php 第 8 行.
SQL: SHOW COLUMNS FROM `qm_cart` [ RunTime:0.0005s ]
SQL: SELECT COUNT(id) AS tp_count FROM `qm_cart` WHERE ( user_id='' ) LIMIT 1   [ RunTime:0.0000s ]
SQL: SHOW COLUMNS FROM `qm_goods` [ RunTime:0.0003s ]
SQL: SELECT * FROM `qm_goods` WHERE ( isyoushi =2 ) ORDER BY addtime desc LIMIT 4   [ RunTime:0.0000s ]
SQL: SELECT COUNT(*) AS tp_Count FROM `qm_goods` WHERE ( isyoushi=1 ) LIMIT 1   [ RunTime:0.0000s ]
SQL: SELECT * FROM `qm_goods` WHERE ( isyoushi=1 ) LIMIT 0,8   [ RunTime:0.0001s ]
SQL: SHOW COLUMNS FROM `qm_fenlei` [ RunTime:0.0002s ]
SQL: SELECT * FROM `qm_fenlei` WHERE ( pid = 0 )  [ RunTime:0.0000s ]
SQL: SELECT * FROM `qm_goods` WHERE ( f_id=1 )  [ RunTime:0.0000s ]
SQL: SELECT * FROM `qm_goods` WHERE ( f_id=2 )  [ RunTime:0.0000s ]
SQL: SELECT * FROM `qm_goods` WHERE ( f_id=3 )  [ RunTime:0.0000s ]
SQL: SELECT * FROM `qm_goods` WHERE ( f_id=4 )  [ RunTime:0.0000s ]
SQL: SELECT * FROM `qm_goods` WHERE ( f_id=5 )  [ RunTime:0.0000s ]
INFO: [ view_parse ] --START--
INFO: [ template_filter ] --START--
INFO: Run Behavior\ContentReplaceBehavior [ RunTime:0.000189s ]
INFO: [ template_filter ] --END-- [ RunTime:0.000213s ]
NOTIC: [8] Undefined variable: wp_dialog /www/wwwroot/asd.luhanforex.cn/Application/Runtime/Cache/Home/2a94b8bda04ff446dcedd42276fc99ee.php 第 752 行.
INFO: Run Behavior\ParseTemplateBehavior [ RunTime:0.007781s ]
INFO: [ view_parse ] --END-- [ RunTime:0.007797s ]
INFO: [ view_filter ] --START--
INFO: Run Behavior\WriteHtmlCacheBehavior [ RunTime:0.000092s ]
INFO: [ view_filter ] --END-- [ RunTime:0.000103s ]
INFO: [ app_end ] --START--
INFO: Run Behavior\ShowPageTraceBehavior [ RunTime:0.000368s ]
INFO: [ app_end ] --END-- [ RunTime:0.000383s ]

[ 2018-04-11T19:53:58+08:00 ] 137.226.113.28 /
INFO: [ app_init ] --START--
INFO: Run Behavior\BuildLiteBehavior [ RunTime:0.000009s ]
INFO: [ app_init ] --END-- [ RunTime:0.000178s ]
INFO: [ app_begin ] --START--
INFO: Run Behavior\ReadHtmlCacheBehavior [ RunTime:0.000244s ]
INFO: [ app_begin ] --END-- [ RunTime:0.000261s ]
NOTIC: [8] Undefined index: id /www/wwwroot/asd.luhanforex.cn/Application/Home/Controller/IndexController.class.php 第 8 行.
SQL: SHOW COLUMNS FROM `qm_cart` [ RunTime:0.0005s ]
SQL: SELECT COUNT(id) AS tp_count FROM `qm_cart` WHERE ( user_id='' ) LIMIT 1   [ RunTime:0.0000s ]
SQL: SHOW COLUMNS FROM `qm_goods` [ RunTime:0.0003s ]
SQL: SELECT * FROM `qm_goods` WHERE ( isyoushi =2 ) ORDER BY addtime desc LIMIT 4   [ RunTime:0.0001s ]
SQL: SELECT COUNT(*) AS tp_Count FROM `qm_goods` WHERE ( isyoushi=1 ) LIMIT 1   [ RunTime:0.0000s ]
SQL: SELECT * FROM `qm_goods` WHERE ( isyoushi=1 ) LIMIT 0,8   [ RunTime:0.0001s ]
SQL: SHOW COLUMNS FROM `qm_fenlei` [ RunTime:0.0003s ]
SQL: SELECT * FROM `qm_fenlei` WHERE ( pid = 0 )  [ RunTime:0.0000s ]
SQL: SELECT * FROM `qm_goods` WHERE ( f_id=1 )  [ RunTime:0.0000s ]
SQL: SELECT * FROM `qm_goods` WHERE ( f_id=2 )  [ RunTime:0.0000s ]
SQL: SELECT * FROM `qm_goods` WHERE ( f_id=3 )  [ RunTime:0.0000s ]
SQL: SELECT * FROM `qm_goods` WHERE ( f_id=4 )  [ RunTime:0.0000s ]
SQL: SELECT * FROM `qm_goods` WHERE ( f_id=5 )  [ RunTime:0.0000s ]
INFO: [ view_parse ] --START--
INFO: [ template_filter ] --START--
INFO: Run Behavior\ContentReplaceBehavior [ RunTime:0.000148s ]
INFO: [ template_filter ] --END-- [ RunTime:0.000173s ]
NOTIC: [8] Undefined variable: wp_dialog /www/wwwroot/asd.luhanforex.cn/Application/Runtime/Cache/Home/2a94b8bda04ff446dcedd42276fc99ee.php 第 752 行.
INFO: Run Behavior\ParseTemplateBehavior [ RunTime:0.008030s ]
INFO: [ view_parse ] --END-- [ RunTime:0.008045s ]
INFO: [ view_filter ] --START--
INFO: Run Behavior\WriteHtmlCacheBehavior [ RunTime:0.000094s ]
INFO: [ view_filter ] --END-- [ RunTime:0.000108s ]
INFO: [ app_end ] --START--
INFO: Run Behavior\ShowPageTraceBehavior [ RunTime:0.000272s ]
INFO: [ app_end ] --END-- [ RunTime:0.000286s ]

[ 2018-04-11T22:02:06+08:00 ] 54.183.165.74 /
INFO: [ app_init ] --START--
INFO: Run Behavior\BuildLiteBehavior [ RunTime:0.000008s ]
INFO: [ app_init ] --END-- [ RunTime:0.000488s ]
INFO: [ app_begin ] --START--
INFO: Run Behavior\ReadHtmlCacheBehavior [ RunTime:0.000539s ]
INFO: [ app_begin ] --END-- [ RunTime:0.000562s ]
NOTIC: [8] Undefined index: id /www/wwwroot/asd.luhanforex.cn/Application/Home/Controller/IndexController.class.php 第 8 行.
SQL: SHOW COLUMNS FROM `qm_cart` [ RunTime:0.0005s ]
SQL: SELECT COUNT(id) AS tp_count FROM `qm_cart` WHERE ( user_id='' ) LIMIT 1   [ RunTime:0.0000s ]
SQL: SHOW COLUMNS FROM `qm_goods` [ RunTime:0.0007s ]
SQL: SELECT * FROM `qm_goods` WHERE ( isyoushi =2 ) ORDER BY addtime desc LIMIT 4   [ RunTime:0.0001s ]
SQL: SELECT COUNT(*) AS tp_Count FROM `qm_goods` WHERE ( isyoushi=1 ) LIMIT 1   [ RunTime:0.0000s ]
SQL: SELECT * FROM `qm_goods` WHERE ( isyoushi=1 ) LIMIT 0,8   [ RunTime:0.0001s ]
SQL: SHOW COLUMNS FROM `qm_fenlei` [ RunTime:0.0002s ]
SQL: SELECT * FROM `qm_fenlei` WHERE ( pid = 0 )  [ RunTime:0.0000s ]
SQL: SELECT * FROM `qm_goods` WHERE ( f_id=1 )  [ RunTime:0.0000s ]
SQL: SELECT * FROM `qm_goods` WHERE ( f_id=2 )  [ RunTime:0.0001s ]
SQL: SELECT * FROM `qm_goods` WHERE ( f_id=3 )  [ RunTime:0.0001s ]
SQL: SELECT * FROM `qm_goods` WHERE ( f_id=4 )  [ RunTime:0.0001s ]
SQL: SELECT * FROM `qm_goods` WHERE ( f_id=5 )  [ RunTime:0.0000s ]
INFO: [ view_parse ] --START--
INFO: [ template_filter ] --START--
INFO: Run Behavior\ContentReplaceBehavior [ RunTime:0.002179s ]
INFO: [ template_filter ] --END-- [ RunTime:0.002208s ]
NOTIC: [8] Undefined variable: wp_dialog /www/wwwroot/asd.luhanforex.cn/Application/Runtime/Cache/Home/2a94b8bda04ff446dcedd42276fc99ee.php 第 752 行.
INFO: Run Behavior\ParseTemplateBehavior [ RunTime:0.018263s ]
INFO: [ view_parse ] --END-- [ RunTime:0.018282s ]
INFO: [ view_filter ] --START--
INFO: Run Behavior\WriteHtmlCacheBehavior [ RunTime:0.000351s ]
INFO: [ view_filter ] --END-- [ RunTime:0.000366s ]
INFO: [ app_end ] --START--
INFO: Run Behavior\ShowPageTraceBehavior [ RunTime:0.000675s ]
INFO: [ app_end ] --END-- [ RunTime:0.000706s ]

[ 2018-04-11T22:11:53+08:00 ] 216.218.206.69 /
INFO: [ app_init ] --START--
INFO: Run Behavior\BuildLiteBehavior [ RunTime:0.000008s ]
INFO: [ app_init ] --END-- [ RunTime:0.000195s ]
INFO: [ app_begin ] --START--
INFO: Run Behavior\ReadHtmlCacheBehavior [ RunTime:0.000229s ]
INFO: [ app_begin ] --END-- [ RunTime:0.000245s ]
NOTIC: [8] Undefined index: id /www/wwwroot/asd.luhanforex.cn/Application/Home/Controller/IndexController.class.php 第 8 行.
SQL: SHOW COLUMNS FROM `qm_cart` [ RunTime:0.0006s ]
SQL: SELECT COUNT(id) AS tp_count FROM `qm_cart` WHERE ( user_id='' ) LIMIT 1   [ RunTime:0.0000s ]
SQL: SHOW COLUMNS FROM `qm_goods` [ RunTime:0.0003s ]
SQL: SELECT * FROM `qm_goods` WHERE ( isyoushi =2 ) ORDER BY addtime desc LIMIT 4   [ RunTime:0.0001s ]
SQL: SELECT COUNT(*) AS tp_Count FROM `qm_goods` WHERE ( isyoushi=1 ) LIMIT 1   [ RunTime:0.0000s ]
SQL: SELECT * FROM `qm_goods` WHERE ( isyoushi=1 ) LIMIT 0,8   [ RunTime:0.0001s ]
SQL: SHOW COLUMNS FROM `qm_fenlei` [ RunTime:0.0002s ]
SQL: SELECT * FROM `qm_fenlei` WHERE ( pid = 0 )  [ RunTime:0.0000s ]
SQL: SELECT * FROM `qm_goods` WHERE ( f_id=1 )  [ RunTime:0.0000s ]
SQL: SELECT * FROM `qm_goods` WHERE ( f_id=2 )  [ RunTime:0.0000s ]
SQL: SELECT * FROM `qm_goods` WHERE ( f_id=3 )  [ RunTime:0.0000s ]
SQL: SELECT * FROM `qm_goods` WHERE ( f_id=4 )  [ RunTime:0.0000s ]
SQL: SELECT * FROM `qm_goods` WHERE ( f_id=5 )  [ RunTime:0.0000s ]
INFO: [ view_parse ] --START--
INFO: [ template_filter ] --START--
INFO: Run Behavior\ContentReplaceBehavior [ RunTime:0.000155s ]
INFO: [ template_filter ] --END-- [ RunTime:0.000181s ]
NOTIC: [8] Undefined variable: wp_dialog /www/wwwroot/asd.luhanforex.cn/Application/Runtime/Cache/Home/2a94b8bda04ff446dcedd42276fc99ee.php 第 752 行.
INFO: Run Behavior\ParseTemplateBehavior [ RunTime:0.007707s ]
INFO: [ view_parse ] --END-- [ RunTime:0.007722s ]
INFO: [ view_filter ] --START--
INFO: Run Behavior\WriteHtmlCacheBehavior [ RunTime:0.000103s ]
INFO: [ view_filter ] --END-- [ RunTime:0.000117s ]
INFO: [ app_end ] --START--
INFO: Run Behavior\ShowPageTraceBehavior [ RunTime:0.000256s ]
INFO: [ app_end ] --END-- [ RunTime:0.000271s ]

