[ 2018-04-30T00:03:11+08:00 ] 101.226.35.225 //?feed=rss2
INFO: [ app_init ] --START--
INFO: Run Behavior\BuildLiteBehavior [ RunTime:0.000007s ]
INFO: [ app_init ] --END-- [ RunTime:0.000174s ]
INFO: [ app_begin ] --START--
INFO: Run Behavior\ReadHtmlCacheBehavior [ RunTime:0.000220s ]
INFO: [ app_begin ] --END-- [ RunTime:0.000236s ]
NOTIC: [8] Undefined index: id /www/wwwroot/asd.luhanforex.cn/Application/Home/Controller/IndexController.class.php 第 8 行.
SQL: SHOW COLUMNS FROM `qm_cart` [ RunTime:0.0015s ]
SQL: SELECT COUNT(id) AS tp_count FROM `qm_cart` WHERE ( user_id='' ) LIMIT 1   [ RunTime:0.0000s ]
SQL: SHOW COLUMNS FROM `qm_goods` [ RunTime:0.0003s ]
SQL: SELECT * FROM `qm_goods` WHERE ( isyoushi =2 ) ORDER BY addtime desc LIMIT 4   [ RunTime:0.0001s ]
SQL: SELECT COUNT(*) AS tp_Count FROM `qm_goods` WHERE ( isyoushi=1 ) LIMIT 1   [ RunTime:0.0000s ]
SQL: SELECT * FROM `qm_goods` WHERE ( isyoushi=1 ) LIMIT 0,8   [ RunTime:0.0001s ]
SQL: SHOW COLUMNS FROM `qm_fenlei` [ RunTime:0.0003s ]
SQL: SELECT * FROM `qm_fenlei` WHERE ( pid = 0 )  [ RunTime:0.0000s ]
SQL: SELECT * FROM `qm_goods` WHERE ( f_id=1 )  [ RunTime:0.0000s ]
SQL: SELECT * FROM `qm_goods` WHERE ( f_id=2 )  [ RunTime:0.0000s ]
SQL: SELECT * FROM `qm_goods` WHERE ( f_id=3 )  [ RunTime:0.0000s ]
SQL: SELECT * FROM `qm_goods` WHERE ( f_id=4 )  [ RunTime:0.0000s ]
SQL: SELECT * FROM `qm_goods` WHERE ( f_id=5 )  [ RunTime:0.0000s ]
INFO: [ view_parse ] --START--
INFO: [ template_filter ] --START--
INFO: Run Behavior\ContentReplaceBehavior [ RunTime:0.000178s ]
INFO: [ template_filter ] --END-- [ RunTime:0.000205s ]
NOTIC: [8] Undefined variable: wp_dialog /www/wwwroot/asd.luhanforex.cn/Application/Runtime/Cache/Home/2a94b8bda04ff446dcedd42276fc99ee.php 第 752 行.
INFO: Run Behavior\ParseTemplateBehavior [ RunTime:0.008483s ]
INFO: [ view_parse ] --END-- [ RunTime:0.008496s ]
INFO: [ view_filter ] --START--
INFO: Run Behavior\WriteHtmlCacheBehavior [ RunTime:0.000096s ]
INFO: [ view_filter ] --END-- [ RunTime:0.000107s ]
INFO: [ app_end ] --START--
INFO: Run Behavior\ShowPageTraceBehavior [ RunTime:0.000306s ]
INFO: [ app_end ] --END-- [ RunTime:0.000338s ]

[ 2018-04-30T00:03:12+08:00 ] 101.226.35.225 /
INFO: [ app_init ] --START--
INFO: Run Behavior\BuildLiteBehavior [ RunTime:0.000007s ]
INFO: [ app_init ] --END-- [ RunTime:0.000175s ]
INFO: [ app_begin ] --START--
INFO: Run Behavior\ReadHtmlCacheBehavior [ RunTime:0.000238s ]
INFO: [ app_begin ] --END-- [ RunTime:0.000255s ]
NOTIC: [8] Undefined index: id /www/wwwroot/asd.luhanforex.cn/Application/Home/Controller/IndexController.class.php 第 8 行.
SQL: SHOW COLUMNS FROM `qm_cart` [ RunTime:0.0005s ]
SQL: SELECT COUNT(id) AS tp_count FROM `qm_cart` WHERE ( user_id='' ) LIMIT 1   [ RunTime:0.0000s ]
SQL: SHOW COLUMNS FROM `qm_goods` [ RunTime:0.0004s ]
SQL: SELECT * FROM `qm_goods` WHERE ( isyoushi =2 ) ORDER BY addtime desc LIMIT 4   [ RunTime:0.0001s ]
SQL: SELECT COUNT(*) AS tp_Count FROM `qm_goods` WHERE ( isyoushi=1 ) LIMIT 1   [ RunTime:0.0000s ]
SQL: SELECT * FROM `qm_goods` WHERE ( isyoushi=1 ) LIMIT 0,8   [ RunTime:0.0001s ]
SQL: SHOW COLUMNS FROM `qm_fenlei` [ RunTime:0.0003s ]
SQL: SELECT * FROM `qm_fenlei` WHERE ( pid = 0 )  [ RunTime:0.0001s ]
SQL: SELECT * FROM `qm_goods` WHERE ( f_id=1 )  [ RunTime:0.0000s ]
SQL: SELECT * FROM `qm_goods` WHERE ( f_id=2 )  [ RunTime:0.0000s ]
SQL: SELECT * FROM `qm_goods` WHERE ( f_id=3 )  [ RunTime:0.0000s ]
SQL: SELECT * FROM `qm_goods` WHERE ( f_id=4 )  [ RunTime:0.0000s ]
SQL: SELECT * FROM `qm_goods` WHERE ( f_id=5 )  [ RunTime:0.0000s ]
INFO: [ view_parse ] --START--
INFO: [ template_filter ] --START--
INFO: Run Behavior\ContentReplaceBehavior [ RunTime:0.000148s ]
INFO: [ template_filter ] --END-- [ RunTime:0.000172s ]
NOTIC: [8] Undefined variable: wp_dialog /www/wwwroot/asd.luhanforex.cn/Application/Runtime/Cache/Home/2a94b8bda04ff446dcedd42276fc99ee.php 第 752 行.
INFO: Run Behavior\ParseTemplateBehavior [ RunTime:0.008225s ]
INFO: [ view_parse ] --END-- [ RunTime:0.008242s ]
INFO: [ view_filter ] --START--
INFO: Run Behavior\WriteHtmlCacheBehavior [ RunTime:0.000110s ]
INFO: [ view_filter ] --END-- [ RunTime:0.000122s ]
INFO: [ app_end ] --START--
INFO: Run Behavior\ShowPageTraceBehavior [ RunTime:0.000254s ]
INFO: [ app_end ] --END-- [ RunTime:0.000268s ]

[ 2018-04-30T00:57:45+08:00 ] 207.46.13.60 /
INFO: [ app_init ] --START--
INFO: Run Behavior\BuildLiteBehavior [ RunTime:0.000007s ]
INFO: [ app_init ] --END-- [ RunTime:0.000189s ]
INFO: [ app_begin ] --START--
INFO: Run Behavior\ReadHtmlCacheBehavior [ RunTime:0.000228s ]
INFO: [ app_begin ] --END-- [ RunTime:0.000244s ]
NOTIC: [8] Undefined index: id /www/wwwroot/asd.luhanforex.cn/Application/Home/Controller/IndexController.class.php 第 8 行.
SQL: SHOW COLUMNS FROM `qm_cart` [ RunTime:0.0005s ]
SQL: SELECT COUNT(id) AS tp_count FROM `qm_cart` WHERE ( user_id='' ) LIMIT 1   [ RunTime:0.0000s ]
SQL: SHOW COLUMNS FROM `qm_goods` [ RunTime:0.0003s ]
SQL: SELECT * FROM `qm_goods` WHERE ( isyoushi =2 ) ORDER BY addtime desc LIMIT 4   [ RunTime:0.0001s ]
SQL: SELECT COUNT(*) AS tp_Count FROM `qm_goods` WHERE ( isyoushi=1 ) LIMIT 1   [ RunTime:0.0000s ]
SQL: SELECT * FROM `qm_goods` WHERE ( isyoushi=1 ) LIMIT 0,8   [ RunTime:0.0001s ]
SQL: SHOW COLUMNS FROM `qm_fenlei` [ RunTime:0.0002s ]
SQL: SELECT * FROM `qm_fenlei` WHERE ( pid = 0 )  [ RunTime:0.0000s ]
SQL: SELECT * FROM `qm_goods` WHERE ( f_id=1 )  [ RunTime:0.0000s ]
SQL: SELECT * FROM `qm_goods` WHERE ( f_id=2 )  [ RunTime:0.0000s ]
SQL: SELECT * FROM `qm_goods` WHERE ( f_id=3 )  [ RunTime:0.0000s ]
SQL: SELECT * FROM `qm_goods` WHERE ( f_id=4 )  [ RunTime:0.0000s ]
SQL: SELECT * FROM `qm_goods` WHERE ( f_id=5 )  [ RunTime:0.0000s ]
INFO: [ view_parse ] --START--
INFO: [ template_filter ] --START--
INFO: Run Behavior\ContentReplaceBehavior [ RunTime:0.000159s ]
INFO: [ template_filter ] --END-- [ RunTime:0.000185s ]
NOTIC: [8] Undefined variable: wp_dialog /www/wwwroot/asd.luhanforex.cn/Application/Runtime/Cache/Home/2a94b8bda04ff446dcedd42276fc99ee.php 第 752 行.
INFO: Run Behavior\ParseTemplateBehavior [ RunTime:0.020950s ]
INFO: [ view_parse ] --END-- [ RunTime:0.020969s ]
INFO: [ view_filter ] --START--
INFO: Run Behavior\WriteHtmlCacheBehavior [ RunTime:0.000146s ]
INFO: [ view_filter ] --END-- [ RunTime:0.000161s ]
INFO: [ app_end ] --START--
INFO: Run Behavior\ShowPageTraceBehavior [ RunTime:0.000304s ]
INFO: [ app_end ] --END-- [ RunTime:0.000319s ]

[ 2018-04-30T01:49:54+08:00 ] 157.55.39.54 /
INFO: [ app_init ] --START--
INFO: Run Behavior\BuildLiteBehavior [ RunTime:0.000007s ]
INFO: [ app_init ] --END-- [ RunTime:0.000171s ]
INFO: [ app_begin ] --START--
INFO: Run Behavior\ReadHtmlCacheBehavior [ RunTime:0.000231s ]
INFO: [ app_begin ] --END-- [ RunTime:0.000247s ]
NOTIC: [8] Undefined index: id /www/wwwroot/asd.luhanforex.cn/Application/Home/Controller/IndexController.class.php 第 8 行.
SQL: SHOW COLUMNS FROM `qm_cart` [ RunTime:0.0005s ]
SQL: SELECT COUNT(id) AS tp_count FROM `qm_cart` WHERE ( user_id='' ) LIMIT 1   [ RunTime:0.0000s ]
SQL: SHOW COLUMNS FROM `qm_goods` [ RunTime:0.0003s ]
SQL: SELECT * FROM `qm_goods` WHERE ( isyoushi =2 ) ORDER BY addtime desc LIMIT 4   [ RunTime:0.0000s ]
SQL: SELECT COUNT(*) AS tp_Count FROM `qm_goods` WHERE ( isyoushi=1 ) LIMIT 1   [ RunTime:0.0000s ]
SQL: SELECT * FROM `qm_goods` WHERE ( isyoushi=1 ) LIMIT 0,8   [ RunTime:0.0001s ]
SQL: SHOW COLUMNS FROM `qm_fenlei` [ RunTime:0.0002s ]
SQL: SELECT * FROM `qm_fenlei` WHERE ( pid = 0 )  [ RunTime:0.0001s ]
SQL: SELECT * FROM `qm_goods` WHERE ( f_id=1 )  [ RunTime:0.0000s ]
SQL: SELECT * FROM `qm_goods` WHERE ( f_id=2 )  [ RunTime:0.0000s ]
SQL: SELECT * FROM `qm_goods` WHERE ( f_id=3 )  [ RunTime:0.0000s ]
SQL: SELECT * FROM `qm_goods` WHERE ( f_id=4 )  [ RunTime:0.0000s ]
SQL: SELECT * FROM `qm_goods` WHERE ( f_id=5 )  [ RunTime:0.0001s ]
INFO: [ view_parse ] --START--
INFO: [ template_filter ] --START--
INFO: Run Behavior\ContentReplaceBehavior [ RunTime:0.000174s ]
INFO: [ template_filter ] --END-- [ RunTime:0.000206s ]
NOTIC: [8] Undefined variable: wp_dialog /www/wwwroot/asd.luhanforex.cn/Application/Runtime/Cache/Home/2a94b8bda04ff446dcedd42276fc99ee.php 第 752 行.
INFO: Run Behavior\ParseTemplateBehavior [ RunTime:0.020758s ]
INFO: [ view_parse ] --END-- [ RunTime:0.020777s ]
INFO: [ view_filter ] --START--
INFO: Run Behavior\WriteHtmlCacheBehavior [ RunTime:0.000157s ]
INFO: [ view_filter ] --END-- [ RunTime:0.000175s ]
INFO: [ app_end ] --START--
INFO: Run Behavior\ShowPageTraceBehavior [ RunTime:0.000373s ]
INFO: [ app_end ] --END-- [ RunTime:0.000394s ]

[ 2018-04-30T01:57:01+08:00 ] 157.55.39.54 /
INFO: [ app_init ] --START--
INFO: Run Behavior\BuildLiteBehavior [ RunTime:0.000008s ]
INFO: [ app_init ] --END-- [ RunTime:0.000197s ]
INFO: [ app_begin ] --START--
INFO: Run Behavior\ReadHtmlCacheBehavior [ RunTime:0.000247s ]
INFO: [ app_begin ] --END-- [ RunTime:0.000264s ]
NOTIC: [8] Undefined index: id /www/wwwroot/asd.luhanforex.cn/Application/Home/Controller/IndexController.class.php 第 8 行.
SQL: SHOW COLUMNS FROM `qm_cart` [ RunTime:0.0006s ]
SQL: SELECT COUNT(id) AS tp_count FROM `qm_cart` WHERE ( user_id='' ) LIMIT 1   [ RunTime:0.0000s ]
SQL: SHOW COLUMNS FROM `qm_goods` [ RunTime:0.0003s ]
SQL: SELECT * FROM `qm_goods` WHERE ( isyoushi =2 ) ORDER BY addtime desc LIMIT 4   [ RunTime:0.0001s ]
SQL: SELECT COUNT(*) AS tp_Count FROM `qm_goods` WHERE ( isyoushi=1 ) LIMIT 1   [ RunTime:0.0001s ]
SQL: SELECT * FROM `qm_goods` WHERE ( isyoushi=1 ) LIMIT 0,8   [ RunTime:0.0001s ]
SQL: SHOW COLUMNS FROM `qm_fenlei` [ RunTime:0.0003s ]
SQL: SELECT * FROM `qm_fenlei` WHERE ( pid = 0 )  [ RunTime:0.0001s ]
SQL: SELECT * FROM `qm_goods` WHERE ( f_id=1 )  [ RunTime:0.0000s ]
SQL: SELECT * FROM `qm_goods` WHERE ( f_id=2 )  [ RunTime:0.0000s ]
SQL: SELECT * FROM `qm_goods` WHERE ( f_id=3 )  [ RunTime:0.0000s ]
SQL: SELECT * FROM `qm_goods` WHERE ( f_id=4 )  [ RunTime:0.0000s ]
SQL: SELECT * FROM `qm_goods` WHERE ( f_id=5 )  [ RunTime:0.0000s ]
INFO: [ view_parse ] --START--
INFO: [ template_filter ] --START--
INFO: Run Behavior\ContentReplaceBehavior [ RunTime:0.000153s ]
INFO: [ template_filter ] --END-- [ RunTime:0.000177s ]
NOTIC: [8] Undefined variable: wp_dialog /www/wwwroot/asd.luhanforex.cn/Application/Runtime/Cache/Home/2a94b8bda04ff446dcedd42276fc99ee.php 第 752 行.
INFO: Run Behavior\ParseTemplateBehavior [ RunTime:0.007788s ]
INFO: [ view_parse ] --END-- [ RunTime:0.007803s ]
INFO: [ view_filter ] --START--
INFO: Run Behavior\WriteHtmlCacheBehavior [ RunTime:0.000095s ]
INFO: [ view_filter ] --END-- [ RunTime:0.000110s ]
INFO: [ app_end ] --START--
INFO: Run Behavior\ShowPageTraceBehavior [ RunTime:0.000260s ]
INFO: [ app_end ] --END-- [ RunTime:0.000278s ]

[ 2018-04-30T03:05:38+08:00 ] 222.186.169.160 /
INFO: [ app_init ] --START--
INFO: Run Behavior\BuildLiteBehavior [ RunTime:0.000010s ]
INFO: [ app_init ] --END-- [ RunTime:0.000261s ]
INFO: [ app_begin ] --START--
INFO: Run Behavior\ReadHtmlCacheBehavior [ RunTime:0.000342s ]
INFO: [ app_begin ] --END-- [ RunTime:0.000365s ]
NOTIC: [8] Undefined index: id /www/wwwroot/asd.luhanforex.cn/Application/Home/Controller/IndexController.class.php 第 8 行.
SQL: SHOW COLUMNS FROM `qm_cart` [ RunTime:0.0005s ]
SQL: SELECT COUNT(id) AS tp_count FROM `qm_cart` WHERE ( user_id='' ) LIMIT 1   [ RunTime:0.0000s ]
SQL: SHOW COLUMNS FROM `qm_goods` [ RunTime:0.0003s ]
SQL: SELECT * FROM `qm_goods` WHERE ( isyoushi =2 ) ORDER BY addtime desc LIMIT 4   [ RunTime:0.0001s ]
SQL: SELECT COUNT(*) AS tp_Count FROM `qm_goods` WHERE ( isyoushi=1 ) LIMIT 1   [ RunTime:0.0000s ]
SQL: SELECT * FROM `qm_goods` WHERE ( isyoushi=1 ) LIMIT 0,8   [ RunTime:0.0001s ]
SQL: SHOW COLUMNS FROM `qm_fenlei` [ RunTime:0.0003s ]
SQL: SELECT * FROM `qm_fenlei` WHERE ( pid = 0 )  [ RunTime:0.0001s ]
SQL: SELECT * FROM `qm_goods` WHERE ( f_id=1 )  [ RunTime:0.0000s ]
SQL: SELECT * FROM `qm_goods` WHERE ( f_id=2 )  [ RunTime:0.0000s ]
SQL: SELECT * FROM `qm_goods` WHERE ( f_id=3 )  [ RunTime:0.0000s ]
SQL: SELECT * FROM `qm_goods` WHERE ( f_id=4 )  [ RunTime:0.0000s ]
SQL: SELECT * FROM `qm_goods` WHERE ( f_id=5 )  [ RunTime:0.0000s ]
INFO: [ view_parse ] --START--
INFO: [ template_filter ] --START--
INFO: Run Behavior\ContentReplaceBehavior [ RunTime:0.000154s ]
INFO: [ template_filter ] --END-- [ RunTime:0.000178s ]
NOTIC: [8] Undefined variable: wp_dialog /www/wwwroot/asd.luhanforex.cn/Application/Runtime/Cache/Home/2a94b8bda04ff446dcedd42276fc99ee.php 第 752 行.
INFO: Run Behavior\ParseTemplateBehavior [ RunTime:0.008054s ]
INFO: [ view_parse ] --END-- [ RunTime:0.008069s ]
INFO: [ view_filter ] --START--
INFO: Run Behavior\WriteHtmlCacheBehavior [ RunTime:0.000091s ]
INFO: [ view_filter ] --END-- [ RunTime:0.000102s ]
INFO: [ app_end ] --START--
INFO: Run Behavior\ShowPageTraceBehavior [ RunTime:0.000268s ]
INFO: [ app_end ] --END-- [ RunTime:0.000283s ]

[ 2018-04-30T03:10:58+08:00 ] 58.217.192.54 /
INFO: [ app_init ] --START--
INFO: Run Behavior\BuildLiteBehavior [ RunTime:0.000007s ]
INFO: [ app_init ] --END-- [ RunTime:0.000168s ]
INFO: [ app_begin ] --START--
INFO: Run Behavior\ReadHtmlCacheBehavior [ RunTime:0.000199s ]
INFO: [ app_begin ] --END-- [ RunTime:0.000215s ]
NOTIC: [8] Undefined index: id /www/wwwroot/asd.luhanforex.cn/Application/Home/Controller/IndexController.class.php 第 8 行.
SQL: SHOW COLUMNS FROM `qm_cart` [ RunTime:0.0004s ]
SQL: SELECT COUNT(id) AS tp_count FROM `qm_cart` WHERE ( user_id='' ) LIMIT 1   [ RunTime:0.0000s ]
SQL: SHOW COLUMNS FROM `qm_goods` [ RunTime:0.0003s ]
SQL: SELECT * FROM `qm_goods` WHERE ( isyoushi =2 ) ORDER BY addtime desc LIMIT 4   [ RunTime:0.0001s ]
SQL: SELECT COUNT(*) AS tp_Count FROM `qm_goods` WHERE ( isyoushi=1 ) LIMIT 1   [ RunTime:0.0000s ]
SQL: SELECT * FROM `qm_goods` WHERE ( isyoushi=1 ) LIMIT 0,8   [ RunTime:0.0001s ]
SQL: SHOW COLUMNS FROM `qm_fenlei` [ RunTime:0.0003s ]
SQL: SELECT * FROM `qm_fenlei` WHERE ( pid = 0 )  [ RunTime:0.0000s ]
SQL: SELECT * FROM `qm_goods` WHERE ( f_id=1 )  [ RunTime:0.0000s ]
SQL: SELECT * FROM `qm_goods` WHERE ( f_id=2 )  [ RunTime:0.0000s ]
SQL: SELECT * FROM `qm_goods` WHERE ( f_id=3 )  [ RunTime:0.0000s ]
SQL: SELECT * FROM `qm_goods` WHERE ( f_id=4 )  [ RunTime:0.0000s ]
SQL: SELECT * FROM `qm_goods` WHERE ( f_id=5 )  [ RunTime:0.0000s ]
INFO: [ view_parse ] --START--
INFO: [ template_filter ] --START--
INFO: Run Behavior\ContentReplaceBehavior [ RunTime:0.000147s ]
INFO: [ template_filter ] --END-- [ RunTime:0.000167s ]
NOTIC: [8] Undefined variable: wp_dialog /www/wwwroot/asd.luhanforex.cn/Application/Runtime/Cache/Home/2a94b8bda04ff446dcedd42276fc99ee.php 第 752 行.
INFO: Run Behavior\ParseTemplateBehavior [ RunTime:0.009162s ]
INFO: [ view_parse ] --END-- [ RunTime:0.009177s ]
INFO: [ view_filter ] --START--
INFO: Run Behavior\WriteHtmlCacheBehavior [ RunTime:0.000104s ]
INFO: [ view_filter ] --END-- [ RunTime:0.000118s ]
INFO: [ app_end ] --START--
INFO: Run Behavior\ShowPageTraceBehavior [ RunTime:0.000245s ]
INFO: [ app_end ] --END-- [ RunTime:0.000259s ]

[ 2018-04-30T03:12:19+08:00 ] 207.46.13.60 /
INFO: [ app_init ] --START--
INFO: Run Behavior\BuildLiteBehavior [ RunTime:0.000007s ]
INFO: [ app_init ] --END-- [ RunTime:0.000185s ]
INFO: [ app_begin ] --START--
INFO: Run Behavior\ReadHtmlCacheBehavior [ RunTime:0.000216s ]
INFO: [ app_begin ] --END-- [ RunTime:0.000234s ]
NOTIC: [8] Undefined index: id /www/wwwroot/asd.luhanforex.cn/Application/Home/Controller/IndexController.class.php 第 8 行.
SQL: SHOW COLUMNS FROM `qm_cart` [ RunTime:0.0005s ]
SQL: SELECT COUNT(id) AS tp_count FROM `qm_cart` WHERE ( user_id='' ) LIMIT 1   [ RunTime:0.0000s ]
SQL: SHOW COLUMNS FROM `qm_goods` [ RunTime:0.0003s ]
SQL: SELECT * FROM `qm_goods` WHERE ( isyoushi =2 ) ORDER BY addtime desc LIMIT 4   [ RunTime:0.0001s ]
SQL: SELECT COUNT(*) AS tp_Count FROM `qm_goods` WHERE ( isyoushi=1 ) LIMIT 1   [ RunTime:0.0000s ]
SQL: SELECT * FROM `qm_goods` WHERE ( isyoushi=1 ) LIMIT 0,8   [ RunTime:0.0001s ]
SQL: SHOW COLUMNS FROM `qm_fenlei` [ RunTime:0.0003s ]
SQL: SELECT * FROM `qm_fenlei` WHERE ( pid = 0 )  [ RunTime:0.0000s ]
SQL: SELECT * FROM `qm_goods` WHERE ( f_id=1 )  [ RunTime:0.0000s ]
SQL: SELECT * FROM `qm_goods` WHERE ( f_id=2 )  [ RunTime:0.0000s ]
SQL: SELECT * FROM `qm_goods` WHERE ( f_id=3 )  [ RunTime:0.0000s ]
SQL: SELECT * FROM `qm_goods` WHERE ( f_id=4 )  [ RunTime:0.0000s ]
SQL: SELECT * FROM `qm_goods` WHERE ( f_id=5 )  [ RunTime:0.0000s ]
INFO: [ view_parse ] --START--
INFO: [ template_filter ] --START--
INFO: Run Behavior\ContentReplaceBehavior [ RunTime:0.000149s ]
INFO: [ template_filter ] --END-- [ RunTime:0.000176s ]
NOTIC: [8] Undefined variable: wp_dialog /www/wwwroot/asd.luhanforex.cn/Application/Runtime/Cache/Home/2a94b8bda04ff446dcedd42276fc99ee.php 第 752 行.
INFO: Run Behavior\ParseTemplateBehavior [ RunTime:0.007948s ]
INFO: [ view_parse ] --END-- [ RunTime:0.007966s ]
INFO: [ view_filter ] --START--
INFO: Run Behavior\WriteHtmlCacheBehavior [ RunTime:0.000127s ]
INFO: [ view_filter ] --END-- [ RunTime:0.000145s ]
INFO: [ app_end ] --START--
INFO: Run Behavior\ShowPageTraceBehavior [ RunTime:0.000302s ]
INFO: [ app_end ] --END-- [ RunTime:0.000320s ]

[ 2018-04-30T04:03:03+08:00 ] 101.226.35.225 //?feed=rss2
INFO: [ app_init ] --START--
INFO: Run Behavior\BuildLiteBehavior [ RunTime:0.000012s ]
INFO: [ app_init ] --END-- [ RunTime:0.010136s ]
INFO: [ app_begin ] --START--
INFO: Run Behavior\ReadHtmlCacheBehavior [ RunTime:0.000348s ]
INFO: [ app_begin ] --END-- [ RunTime:0.000384s ]
NOTIC: [8] Undefined index: id /www/wwwroot/asd.luhanforex.cn/Application/Home/Controller/IndexController.class.php 第 8 行.
SQL: SHOW COLUMNS FROM `qm_cart` [ RunTime:0.0005s ]
SQL: SELECT COUNT(id) AS tp_count FROM `qm_cart` WHERE ( user_id='' ) LIMIT 1   [ RunTime:0.0000s ]
SQL: SHOW COLUMNS FROM `qm_goods` [ RunTime:0.0004s ]
SQL: SELECT * FROM `qm_goods` WHERE ( isyoushi =2 ) ORDER BY addtime desc LIMIT 4   [ RunTime:0.0001s ]
SQL: SELECT COUNT(*) AS tp_Count FROM `qm_goods` WHERE ( isyoushi=1 ) LIMIT 1   [ RunTime:0.0000s ]
SQL: SELECT * FROM `qm_goods` WHERE ( isyoushi=1 ) LIMIT 0,8   [ RunTime:0.0001s ]
SQL: SHOW COLUMNS FROM `qm_fenlei` [ RunTime:0.0003s ]
SQL: SELECT * FROM `qm_fenlei` WHERE ( pid = 0 )  [ RunTime:0.0001s ]
SQL: SELECT * FROM `qm_goods` WHERE ( f_id=1 )  [ RunTime:0.0000s ]
SQL: SELECT * FROM `qm_goods` WHERE ( f_id=2 )  [ RunTime:0.0000s ]
SQL: SELECT * FROM `qm_goods` WHERE ( f_id=3 )  [ RunTime:0.0000s ]
SQL: SELECT * FROM `qm_goods` WHERE ( f_id=4 )  [ RunTime:0.0000s ]
SQL: SELECT * FROM `qm_goods` WHERE ( f_id=5 )  [ RunTime:0.0000s ]
INFO: [ view_parse ] --START--
INFO: [ template_filter ] --START--
INFO: Run Behavior\ContentReplaceBehavior [ RunTime:0.000154s ]
INFO: [ template_filter ] --END-- [ RunTime:0.000185s ]
NOTIC: [8] Undefined variable: wp_dialog /www/wwwroot/asd.luhanforex.cn/Application/Runtime/Cache/Home/2a94b8bda04ff446dcedd42276fc99ee.php 第 752 行.
INFO: Run Behavior\ParseTemplateBehavior [ RunTime:0.010933s ]
INFO: [ view_parse ] --END-- [ RunTime:0.010954s ]
INFO: [ view_filter ] --START--
INFO: Run Behavior\WriteHtmlCacheBehavior [ RunTime:0.000096s ]
INFO: [ view_filter ] --END-- [ RunTime:0.000108s ]
INFO: [ app_end ] --START--
INFO: Run Behavior\ShowPageTraceBehavior [ RunTime:0.000288s ]
INFO: [ app_end ] --END-- [ RunTime:0.000302s ]

[ 2018-04-30T04:03:04+08:00 ] 101.226.35.225 /
INFO: [ app_init ] --START--
INFO: Run Behavior\BuildLiteBehavior [ RunTime:0.000006s ]
INFO: [ app_init ] --END-- [ RunTime:0.000172s ]
INFO: [ app_begin ] --START--
INFO: Run Behavior\ReadHtmlCacheBehavior [ RunTime:0.000213s ]
INFO: [ app_begin ] --END-- [ RunTime:0.000229s ]
NOTIC: [8] Undefined index: id /www/wwwroot/asd.luhanforex.cn/Application/Home/Controller/IndexController.class.php 第 8 行.
SQL: SHOW COLUMNS FROM `qm_cart` [ RunTime:0.0004s ]
SQL: SELECT COUNT(id) AS tp_count FROM `qm_cart` WHERE ( user_id='' ) LIMIT 1   [ RunTime:0.0000s ]
SQL: SHOW COLUMNS FROM `qm_goods` [ RunTime:0.0003s ]
SQL: SELECT * FROM `qm_goods` WHERE ( isyoushi =2 ) ORDER BY addtime desc LIMIT 4   [ RunTime:0.0001s ]
SQL: SELECT COUNT(*) AS tp_Count FROM `qm_goods` WHERE ( isyoushi=1 ) LIMIT 1   [ RunTime:0.0000s ]
SQL: SELECT * FROM `qm_goods` WHERE ( isyoushi=1 ) LIMIT 0,8   [ RunTime:0.0001s ]
SQL: SHOW COLUMNS FROM `qm_fenlei` [ RunTime:0.0003s ]
SQL: SELECT * FROM `qm_fenlei` WHERE ( pid = 0 )  [ RunTime:0.0000s ]
SQL: SELECT * FROM `qm_goods` WHERE ( f_id=1 )  [ RunTime:0.0000s ]
SQL: SELECT * FROM `qm_goods` WHERE ( f_id=2 )  [ RunTime:0.0000s ]
SQL: SELECT * FROM `qm_goods` WHERE ( f_id=3 )  [ RunTime:0.0000s ]
SQL: SELECT * FROM `qm_goods` WHERE ( f_id=4 )  [ RunTime:0.0000s ]
SQL: SELECT * FROM `qm_goods` WHERE ( f_id=5 )  [ RunTime:0.0000s ]
INFO: [ view_parse ] --START--
INFO: [ template_filter ] --START--
INFO: Run Behavior\ContentReplaceBehavior [ RunTime:0.000152s ]
INFO: [ template_filter ] --END-- [ RunTime:0.000177s ]
NOTIC: [8] Undefined variable: wp_dialog /www/wwwroot/asd.luhanforex.cn/Application/Runtime/Cache/Home/2a94b8bda04ff446dcedd42276fc99ee.php 第 752 行.
INFO: Run Behavior\ParseTemplateBehavior [ RunTime:0.009878s ]
INFO: [ view_parse ] --END-- [ RunTime:0.009892s ]
INFO: [ view_filter ] --START--
INFO: Run Behavior\WriteHtmlCacheBehavior [ RunTime:0.000089s ]
INFO: [ view_filter ] --END-- [ RunTime:0.000102s ]
INFO: [ app_end ] --START--
INFO: Run Behavior\ShowPageTraceBehavior [ RunTime:0.000250s ]
INFO: [ app_end ] --END-- [ RunTime:0.000264s ]

[ 2018-04-30T04:21:13+08:00 ] 207.46.13.212 /index.php/Home/goods/typelist/id/3
INFO: [ app_init ] --START--
INFO: Run Behavior\BuildLiteBehavior [ RunTime:0.000007s ]
INFO: [ app_init ] --END-- [ RunTime:0.000191s ]
INFO: [ app_begin ] --START--
INFO: Run Behavior\ReadHtmlCacheBehavior [ RunTime:0.000387s ]
INFO: [ app_begin ] --END-- [ RunTime:0.000456s ]
SQL: SHOW COLUMNS FROM `qm_goods` [ RunTime:0.0005s ]
SQL: SELECT * FROM `qm_goods` WHERE ( f_id='3' )  [ RunTime:0.0000s ]
SQL: SHOW COLUMNS FROM `qm_fenlei` [ RunTime:0.0002s ]
SQL: SELECT * FROM `qm_fenlei` WHERE ( id='3' ) LIMIT 1   [ RunTime:0.0000s ]
SQL: SELECT * FROM `qm_fenlei` WHERE ( pid = 0 )  [ RunTime:0.0000s ]
NOTIC: [8] Undefined index: id /www/wwwroot/asd.luhanforex.cn/Application/Home/Controller/GoodsController.class.php 第 74 行.
SQL: SELECT * FROM `qm_goods` ORDER BY rand() LIMIT 5   [ RunTime:0.0420s ]
SQL: SHOW COLUMNS FROM `qm_cart` [ RunTime:0.0006s ]
SQL: SELECT * FROM `qm_cart` WHERE ( user_id='' )  [ RunTime:0.0001s ]
SQL: SELECT COUNT(id) AS tp_count FROM `qm_cart` WHERE ( user_id='' ) LIMIT 1   [ RunTime:0.0000s ]
SQL: SELECT SUM(zong) AS tp_sum FROM `qm_cart` WHERE ( user_id='' ) LIMIT 1   [ RunTime:0.0000s ]
INFO: [ view_parse ] --START--
INFO: [ template_filter ] --START--
INFO: Run Behavior\ContentReplaceBehavior [ RunTime:0.001813s ]
INFO: [ template_filter ] --END-- [ RunTime:0.001848s ]
NOTIC: [8] Undefined variable: wp_dialog /www/wwwroot/asd.luhanforex.cn/Application/Runtime/Cache/Home/8dc65a25af9a603cceebe9fd3b9d0c0f.php 第 850 行.
INFO: Run Behavior\ParseTemplateBehavior [ RunTime:0.014097s ]
INFO: [ view_parse ] --END-- [ RunTime:0.014116s ]
INFO: [ view_filter ] --START--
INFO: Run Behavior\WriteHtmlCacheBehavior [ RunTime:0.000101s ]
INFO: [ view_filter ] --END-- [ RunTime:0.000114s ]
INFO: [ app_end ] --START--
INFO: Run Behavior\ShowPageTraceBehavior [ RunTime:0.000258s ]
INFO: [ app_end ] --END-- [ RunTime:0.000272s ]

[ 2018-04-30T06:58:34+08:00 ] 106.11.157.195 /index.php/Home/cart/index
INFO: [ app_init ] --START--
INFO: Run Behavior\BuildLiteBehavior [ RunTime:0.000009s ]
INFO: [ app_init ] --END-- [ RunTime:0.000171s ]
INFO: [ app_begin ] --START--
INFO: Run Behavior\ReadHtmlCacheBehavior [ RunTime:0.000203s ]
INFO: [ app_begin ] --END-- [ RunTime:0.000236s ]
NOTIC: [8] Undefined index: id /www/wwwroot/asd.luhanforex.cn/Application/Home/Controller/CartController.class.php 第 7 行.
SQL: SHOW COLUMNS FROM `qm_fenlei` [ RunTime:0.0034s ]
SQL: SELECT * FROM `qm_fenlei` WHERE ( pid = 0 )  [ RunTime:0.0001s ]
SQL: SHOW COLUMNS FROM `qm_cart` [ RunTime:0.0004s ]
SQL: SELECT * FROM `qm_cart`  [ RunTime:0.0001s ]
SQL: SELECT SUM(zong) AS tp_sum FROM `qm_cart` WHERE ( user_id='' ) LIMIT 1   [ RunTime:0.0000s ]
SQL: SHOW COLUMNS FROM `qm_goods` [ RunTime:0.0003s ]
SQL: SELECT * FROM `qm_goods` ORDER BY rand() LIMIT 5   [ RunTime:0.0003s ]
INFO: [ view_parse ] --START--
INFO: [ template_filter ] --START--
INFO: Run Behavior\ContentReplaceBehavior [ RunTime:0.000208s ]
INFO: [ template_filter ] --END-- [ RunTime:0.000240s ]
NOTIC: [8] Undefined variable: shu /www/wwwroot/asd.luhanforex.cn/Application/Runtime/Cache/Home/6f105010063b4e4da2af04cb5dd2d5a4.php 第 693 行.
NOTIC: [8] Undefined variable: wp_dialog /www/wwwroot/asd.luhanforex.cn/Application/Runtime/Cache/Home/6f105010063b4e4da2af04cb5dd2d5a4.php 第 903 行.
INFO: Run Behavior\ParseTemplateBehavior [ RunTime:0.013162s ]
INFO: [ view_parse ] --END-- [ RunTime:0.013182s ]
INFO: [ view_filter ] --START--
INFO: Run Behavior\WriteHtmlCacheBehavior [ RunTime:0.000104s ]
INFO: [ view_filter ] --END-- [ RunTime:0.000116s ]
INFO: [ app_end ] --START--
INFO: Run Behavior\ShowPageTraceBehavior [ RunTime:0.000261s ]
INFO: [ app_end ] --END-- [ RunTime:0.000276s ]

[ 2018-04-30T07:29:04+08:00 ] 207.46.13.35 /
INFO: [ app_init ] --START--
INFO: Run Behavior\BuildLiteBehavior [ RunTime:0.000007s ]
INFO: [ app_init ] --END-- [ RunTime:0.000187s ]
INFO: [ app_begin ] --START--
INFO: Run Behavior\ReadHtmlCacheBehavior [ RunTime:0.000212s ]
INFO: [ app_begin ] --END-- [ RunTime:0.000227s ]
NOTIC: [8] Undefined index: id /www/wwwroot/asd.luhanforex.cn/Application/Home/Controller/IndexController.class.php 第 8 行.
SQL: SHOW COLUMNS FROM `qm_cart` [ RunTime:0.0005s ]
SQL: SELECT COUNT(id) AS tp_count FROM `qm_cart` WHERE ( user_id='' ) LIMIT 1   [ RunTime:0.0000s ]
SQL: SHOW COLUMNS FROM `qm_goods` [ RunTime:0.0003s ]
SQL: SELECT * FROM `qm_goods` WHERE ( isyoushi =2 ) ORDER BY addtime desc LIMIT 4   [ RunTime:0.0000s ]
SQL: SELECT COUNT(*) AS tp_Count FROM `qm_goods` WHERE ( isyoushi=1 ) LIMIT 1   [ RunTime:0.0000s ]
SQL: SELECT * FROM `qm_goods` WHERE ( isyoushi=1 ) LIMIT 0,8   [ RunTime:0.0001s ]
SQL: SHOW COLUMNS FROM `qm_fenlei` [ RunTime:0.0002s ]
SQL: SELECT * FROM `qm_fenlei` WHERE ( pid = 0 )  [ RunTime:0.0000s ]
SQL: SELECT * FROM `qm_goods` WHERE ( f_id=1 )  [ RunTime:0.0000s ]
SQL: SELECT * FROM `qm_goods` WHERE ( f_id=2 )  [ RunTime:0.0000s ]
SQL: SELECT * FROM `qm_goods` WHERE ( f_id=3 )  [ RunTime:0.0000s ]
SQL: SELECT * FROM `qm_goods` WHERE ( f_id=4 )  [ RunTime:0.0000s ]
SQL: SELECT * FROM `qm_goods` WHERE ( f_id=5 )  [ RunTime:0.0000s ]
INFO: [ view_parse ] --START--
INFO: [ template_filter ] --START--
INFO: Run Behavior\ContentReplaceBehavior [ RunTime:0.000159s ]
INFO: [ template_filter ] --END-- [ RunTime:0.000182s ]
NOTIC: [8] Undefined variable: wp_dialog /www/wwwroot/asd.luhanforex.cn/Application/Runtime/Cache/Home/2a94b8bda04ff446dcedd42276fc99ee.php 第 752 行.
INFO: Run Behavior\ParseTemplateBehavior [ RunTime:0.007607s ]
INFO: [ view_parse ] --END-- [ RunTime:0.007620s ]
INFO: [ view_filter ] --START--
INFO: Run Behavior\WriteHtmlCacheBehavior [ RunTime:0.000086s ]
INFO: [ view_filter ] --END-- [ RunTime:0.000098s ]
INFO: [ app_end ] --START--
INFO: Run Behavior\ShowPageTraceBehavior [ RunTime:0.000267s ]
INFO: [ app_end ] --END-- [ RunTime:0.000282s ]

[ 2018-04-30T07:32:35+08:00 ] 106.11.155.198 /index.php/Home/Cart/paycart
INFO: [ app_init ] --START--
INFO: Run Behavior\BuildLiteBehavior [ RunTime:0.000007s ]
INFO: [ app_init ] --END-- [ RunTime:0.000164s ]
INFO: [ app_begin ] --START--
INFO: Run Behavior\ReadHtmlCacheBehavior [ RunTime:0.000221s ]
INFO: [ app_begin ] --END-- [ RunTime:0.000238s ]
NOTIC: [8] Undefined index: id /www/wwwroot/asd.luhanforex.cn/Application/Home/Controller/CartController.class.php 第 21 行.
SQL: SHOW COLUMNS FROM `qm_cart` [ RunTime:0.0005s ]
SQL: SELECT * FROM `qm_cart` WHERE ( user_id='' )  [ RunTime:0.0001s ]
SQL: SELECT COUNT(id) AS tp_count FROM `qm_cart` WHERE ( user_id='' ) LIMIT 1   [ RunTime:0.0000s ]
SQL: SELECT SUM(zong) AS tp_sum FROM `qm_cart` WHERE ( user_id='' ) LIMIT 1   [ RunTime:0.0000s ]
SQL: SHOW COLUMNS FROM `qm_goods` [ RunTime:0.0003s ]
SQL: SELECT * FROM `qm_goods` ORDER BY rand() LIMIT 5   [ RunTime:0.0095s ]
SQL: SHOW COLUMNS FROM `qm_fenlei` [ RunTime:0.0003s ]
SQL: SELECT * FROM `qm_fenlei` WHERE ( pid = 0 )  [ RunTime:0.0000s ]
SQL: SELECT * FROM `qm_cart`  [ RunTime:0.0000s ]
SQL: SELECT SUM(zong) AS tp_sum FROM `qm_cart` WHERE ( user_id='' ) LIMIT 1   [ RunTime:0.0000s ]
SQL: SHOW COLUMNS FROM `qm_yonghu` [ RunTime:0.0003s ]
SQL: SELECT * FROM `qm_yonghu` WHERE ( id='' ) LIMIT 1   [ RunTime:0.0000s ]
INFO: [ view_parse ] --START--
INFO: [ template_filter ] --START--
INFO: Run Behavior\ContentReplaceBehavior [ RunTime:0.000321s ]
INFO: [ template_filter ] --END-- [ RunTime:0.000350s ]
NOTIC: [8] Undefined variable: wp_dialog /www/wwwroot/asd.luhanforex.cn/Application/Runtime/Cache/Home/5953dcdf4ca02560184b423dbc291e2c.php 第 1063 行.
INFO: Run Behavior\ParseTemplateBehavior [ RunTime:0.018092s ]
INFO: [ view_parse ] --END-- [ RunTime:0.018110s ]
INFO: [ view_filter ] --START--
INFO: Run Behavior\WriteHtmlCacheBehavior [ RunTime:0.000110s ]
INFO: [ view_filter ] --END-- [ RunTime:0.000122s ]
INFO: [ app_end ] --START--
INFO: Run Behavior\ShowPageTraceBehavior [ RunTime:0.000303s ]
INFO: [ app_end ] --END-- [ RunTime:0.000322s ]

[ 2018-04-30T07:53:31+08:00 ] 157.55.39.55 /index.php/Home/accoun/index
INFO: [ app_init ] --START--
INFO: Run Behavior\BuildLiteBehavior [ RunTime:0.000010s ]
INFO: [ app_init ] --END-- [ RunTime:0.000267s ]
INFO: [ app_begin ] --START--
INFO: Run Behavior\ReadHtmlCacheBehavior [ RunTime:0.000248s ]
INFO: [ app_begin ] --END-- [ RunTime:0.000268s ]
NOTIC: [8] Undefined index: id /www/wwwroot/asd.luhanforex.cn/Application/Home/Controller/AccounController.class.php 第 6 行.
SQL: SHOW COLUMNS FROM `qm_cart` [ RunTime:0.0007s ]
SQL: SELECT * FROM `qm_cart` WHERE ( user_id='' )  [ RunTime:0.0001s ]
SQL: SELECT COUNT(id) AS tp_count FROM `qm_cart` WHERE ( user_id='' ) LIMIT 1   [ RunTime:0.0000s ]
SQL: SELECT SUM(zong) AS tp_sum FROM `qm_cart` WHERE ( user_id='' ) LIMIT 1   [ RunTime:0.0000s ]
SQL: SHOW COLUMNS FROM `qm_order` [ RunTime:0.0005s ]
SQL: SELECT * FROM `qm_order` WHERE ( user_id='' )  [ RunTime:0.0001s ]
SQL: SHOW COLUMNS FROM `qm_yonghu` [ RunTime:0.0004s ]
SQL: SELECT * FROM `qm_yonghu` WHERE ( id='' ) LIMIT 1   [ RunTime:0.0001s ]
SQL: SHOW COLUMNS FROM `qm_goods` [ RunTime:0.0004s ]
SQL: SELECT * FROM `qm_goods` ORDER BY rand() LIMIT 5   [ RunTime:0.0004s ]
SQL: SHOW COLUMNS FROM `qm_fenlei` [ RunTime:0.0003s ]
SQL: SELECT * FROM `qm_fenlei` WHERE ( pid = 0 )  [ RunTime:0.0000s ]
INFO: [ view_parse ] --START--
INFO: [ template_filter ] --START--
INFO: Run Behavior\ContentReplaceBehavior [ RunTime:0.000202s ]
INFO: [ template_filter ] --END-- [ RunTime:0.000223s ]
NOTIC: [8] Undefined variable: wp_dialog /www/wwwroot/asd.luhanforex.cn/Application/Runtime/Cache/Home/6778a19f41eba5fbcc726edfb6dee603.php 第 1015 行.
INFO: Run Behavior\ParseTemplateBehavior [ RunTime:0.013591s ]
INFO: [ view_parse ] --END-- [ RunTime:0.013626s ]
INFO: [ view_filter ] --START--
INFO: Run Behavior\WriteHtmlCacheBehavior [ RunTime:0.000090s ]
INFO: [ view_filter ] --END-- [ RunTime:0.000102s ]
INFO: [ app_end ] --START--
INFO: Run Behavior\ShowPageTraceBehavior [ RunTime:0.000302s ]
INFO: [ app_end ] --END-- [ RunTime:0.000318s ]

[ 2018-04-30T08:03:04+08:00 ] 101.226.35.225 //?feed=rss2
INFO: [ app_init ] --START--
INFO: Run Behavior\BuildLiteBehavior [ RunTime:0.000009s ]
INFO: [ app_init ] --END-- [ RunTime:0.000179s ]
INFO: [ app_begin ] --START--
INFO: Run Behavior\ReadHtmlCacheBehavior [ RunTime:0.000213s ]
INFO: [ app_begin ] --END-- [ RunTime:0.000231s ]
NOTIC: [8] Undefined index: id /www/wwwroot/asd.luhanforex.cn/Application/Home/Controller/IndexController.class.php 第 8 行.
SQL: SHOW COLUMNS FROM `qm_cart` [ RunTime:0.0004s ]
SQL: SELECT COUNT(id) AS tp_count FROM `qm_cart` WHERE ( user_id='' ) LIMIT 1   [ RunTime:0.0000s ]
SQL: SHOW COLUMNS FROM `qm_goods` [ RunTime:0.0004s ]
SQL: SELECT * FROM `qm_goods` WHERE ( isyoushi =2 ) ORDER BY addtime desc LIMIT 4   [ RunTime:0.0000s ]
SQL: SELECT COUNT(*) AS tp_Count FROM `qm_goods` WHERE ( isyoushi=1 ) LIMIT 1   [ RunTime:0.0000s ]
SQL: SELECT * FROM `qm_goods` WHERE ( isyoushi=1 ) LIMIT 0,8   [ RunTime:0.0001s ]
SQL: SHOW COLUMNS FROM `qm_fenlei` [ RunTime:0.0003s ]
SQL: SELECT * FROM `qm_fenlei` WHERE ( pid = 0 )  [ RunTime:0.0000s ]
SQL: SELECT * FROM `qm_goods` WHERE ( f_id=1 )  [ RunTime:0.0000s ]
SQL: SELECT * FROM `qm_goods` WHERE ( f_id=2 )  [ RunTime:0.0000s ]
SQL: SELECT * FROM `qm_goods` WHERE ( f_id=3 )  [ RunTime:0.0000s ]
SQL: SELECT * FROM `qm_goods` WHERE ( f_id=4 )  [ RunTime:0.0000s ]
SQL: SELECT * FROM `qm_goods` WHERE ( f_id=5 )  [ RunTime:0.0000s ]
INFO: [ view_parse ] --START--
INFO: [ template_filter ] --START--
INFO: Run Behavior\ContentReplaceBehavior [ RunTime:0.000164s ]
INFO: [ template_filter ] --END-- [ RunTime:0.000192s ]
NOTIC: [8] Undefined variable: wp_dialog /www/wwwroot/asd.luhanforex.cn/Application/Runtime/Cache/Home/2a94b8bda04ff446dcedd42276fc99ee.php 第 752 行.
INFO: Run Behavior\ParseTemplateBehavior [ RunTime:0.007953s ]
INFO: [ view_parse ] --END-- [ RunTime:0.007971s ]
INFO: [ view_filter ] --START--
INFO: Run Behavior\WriteHtmlCacheBehavior [ RunTime:0.000127s ]
INFO: [ view_filter ] --END-- [ RunTime:0.000142s ]
INFO: [ app_end ] --START--
INFO: Run Behavior\ShowPageTraceBehavior [ RunTime:0.000288s ]
INFO: [ app_end ] --END-- [ RunTime:0.000303s ]

[ 2018-04-30T08:03:04+08:00 ] 101.226.35.225 /
INFO: [ app_init ] --START--
INFO: Run Behavior\BuildLiteBehavior [ RunTime:0.000008s ]
INFO: [ app_init ] --END-- [ RunTime:0.000192s ]
INFO: [ app_begin ] --START--
INFO: Run Behavior\ReadHtmlCacheBehavior [ RunTime:0.000239s ]
INFO: [ app_begin ] --END-- [ RunTime:0.000257s ]
NOTIC: [8] Undefined index: id /www/wwwroot/asd.luhanforex.cn/Application/Home/Controller/IndexController.class.php 第 8 行.
SQL: SHOW COLUMNS FROM `qm_cart` [ RunTime:0.0005s ]
SQL: SELECT COUNT(id) AS tp_count FROM `qm_cart` WHERE ( user_id='' ) LIMIT 1   [ RunTime:0.0000s ]
SQL: SHOW COLUMNS FROM `qm_goods` [ RunTime:0.0003s ]
SQL: SELECT * FROM `qm_goods` WHERE ( isyoushi =2 ) ORDER BY addtime desc LIMIT 4   [ RunTime:0.0000s ]
SQL: SELECT COUNT(*) AS tp_Count FROM `qm_goods` WHERE ( isyoushi=1 ) LIMIT 1   [ RunTime:0.0000s ]
SQL: SELECT * FROM `qm_goods` WHERE ( isyoushi=1 ) LIMIT 0,8   [ RunTime:0.0001s ]
SQL: SHOW COLUMNS FROM `qm_fenlei` [ RunTime:0.0002s ]
SQL: SELECT * FROM `qm_fenlei` WHERE ( pid = 0 )  [ RunTime:0.0000s ]
SQL: SELECT * FROM `qm_goods` WHERE ( f_id=1 )  [ RunTime:0.0000s ]
SQL: SELECT * FROM `qm_goods` WHERE ( f_id=2 )  [ RunTime:0.0000s ]
SQL: SELECT * FROM `qm_goods` WHERE ( f_id=3 )  [ RunTime:0.0000s ]
SQL: SELECT * FROM `qm_goods` WHERE ( f_id=4 )  [ RunTime:0.0000s ]
SQL: SELECT * FROM `qm_goods` WHERE ( f_id=5 )  [ RunTime:0.0000s ]
INFO: [ view_parse ] --START--
INFO: [ template_filter ] --START--
INFO: Run Behavior\ContentReplaceBehavior [ RunTime:0.000158s ]
INFO: [ template_filter ] --END-- [ RunTime:0.000190s ]
NOTIC: [8] Undefined variable: wp_dialog /www/wwwroot/asd.luhanforex.cn/Application/Runtime/Cache/Home/2a94b8bda04ff446dcedd42276fc99ee.php 第 752 行.
INFO: Run Behavior\ParseTemplateBehavior [ RunTime:0.009129s ]
INFO: [ view_parse ] --END-- [ RunTime:0.009149s ]
INFO: [ view_filter ] --START--
INFO: Run Behavior\WriteHtmlCacheBehavior [ RunTime:0.000133s ]
INFO: [ view_filter ] --END-- [ RunTime:0.000150s ]
INFO: [ app_end ] --START--
INFO: Run Behavior\ShowPageTraceBehavior [ RunTime:0.000273s ]
INFO: [ app_end ] --END-- [ RunTime:0.000291s ]

[ 2018-04-30T08:12:23+08:00 ] 207.46.13.60 /
INFO: [ app_init ] --START--
INFO: Run Behavior\BuildLiteBehavior [ RunTime:0.000007s ]
INFO: [ app_init ] --END-- [ RunTime:0.000189s ]
INFO: [ app_begin ] --START--
INFO: Run Behavior\ReadHtmlCacheBehavior [ RunTime:0.000210s ]
INFO: [ app_begin ] --END-- [ RunTime:0.000228s ]
NOTIC: [8] Undefined index: id /www/wwwroot/asd.luhanforex.cn/Application/Home/Controller/IndexController.class.php 第 8 行.
SQL: SHOW COLUMNS FROM `qm_cart` [ RunTime:0.0006s ]
SQL: SELECT COUNT(id) AS tp_count FROM `qm_cart` WHERE ( user_id='' ) LIMIT 1   [ RunTime:0.0000s ]
SQL: SHOW COLUMNS FROM `qm_goods` [ RunTime:0.0004s ]
SQL: SELECT * FROM `qm_goods` WHERE ( isyoushi =2 ) ORDER BY addtime desc LIMIT 4   [ RunTime:0.0001s ]
SQL: SELECT COUNT(*) AS tp_Count FROM `qm_goods` WHERE ( isyoushi=1 ) LIMIT 1   [ RunTime:0.0000s ]
SQL: SELECT * FROM `qm_goods` WHERE ( isyoushi=1 ) LIMIT 0,8   [ RunTime:0.0001s ]
SQL: SHOW COLUMNS FROM `qm_fenlei` [ RunTime:0.0003s ]
SQL: SELECT * FROM `qm_fenlei` WHERE ( pid = 0 )  [ RunTime:0.0001s ]
SQL: SELECT * FROM `qm_goods` WHERE ( f_id=1 )  [ RunTime:0.0000s ]
SQL: SELECT * FROM `qm_goods` WHERE ( f_id=2 )  [ RunTime:0.0000s ]
SQL: SELECT * FROM `qm_goods` WHERE ( f_id=3 )  [ RunTime:0.0000s ]
SQL: SELECT * FROM `qm_goods` WHERE ( f_id=4 )  [ RunTime:0.0000s ]
SQL: SELECT * FROM `qm_goods` WHERE ( f_id=5 )  [ RunTime:0.0000s ]
INFO: [ view_parse ] --START--
INFO: [ template_filter ] --START--
INFO: Run Behavior\ContentReplaceBehavior [ RunTime:0.000159s ]
INFO: [ template_filter ] --END-- [ RunTime:0.000187s ]
NOTIC: [8] Undefined variable: wp_dialog /www/wwwroot/asd.luhanforex.cn/Application/Runtime/Cache/Home/2a94b8bda04ff446dcedd42276fc99ee.php 第 752 行.
INFO: Run Behavior\ParseTemplateBehavior [ RunTime:0.008119s ]
INFO: [ view_parse ] --END-- [ RunTime:0.008134s ]
INFO: [ view_filter ] --START--
INFO: Run Behavior\WriteHtmlCacheBehavior [ RunTime:0.000098s ]
INFO: [ view_filter ] --END-- [ RunTime:0.000109s ]
INFO: [ app_end ] --START--
INFO: Run Behavior\ShowPageTraceBehavior [ RunTime:0.000275s ]
INFO: [ app_end ] --END-- [ RunTime:0.000294s ]

[ 2018-04-30T11:04:32+08:00 ] 60.191.38.78 /
INFO: [ app_init ] --START--
INFO: Run Behavior\BuildLiteBehavior [ RunTime:0.000010s ]
INFO: [ app_init ] --END-- [ RunTime:0.000202s ]
INFO: [ app_begin ] --START--
INFO: Run Behavior\ReadHtmlCacheBehavior [ RunTime:0.000236s ]
INFO: [ app_begin ] --END-- [ RunTime:0.000251s ]
NOTIC: [8] Undefined index: id /www/wwwroot/asd.luhanforex.cn/Application/Home/Controller/IndexController.class.php 第 8 行.
SQL: SHOW COLUMNS FROM `qm_cart` [ RunTime:0.0005s ]
SQL: SELECT COUNT(id) AS tp_count FROM `qm_cart` WHERE ( user_id='' ) LIMIT 1   [ RunTime:0.0000s ]
SQL: SHOW COLUMNS FROM `qm_goods` [ RunTime:0.0003s ]
SQL: SELECT * FROM `qm_goods` WHERE ( isyoushi =2 ) ORDER BY addtime desc LIMIT 4   [ RunTime:0.0001s ]
SQL: SELECT COUNT(*) AS tp_Count FROM `qm_goods` WHERE ( isyoushi=1 ) LIMIT 1   [ RunTime:0.0000s ]
SQL: SELECT * FROM `qm_goods` WHERE ( isyoushi=1 ) LIMIT 0,8   [ RunTime:0.0001s ]
SQL: SHOW COLUMNS FROM `qm_fenlei` [ RunTime:0.0002s ]
SQL: SELECT * FROM `qm_fenlei` WHERE ( pid = 0 )  [ RunTime:0.0000s ]
SQL: SELECT * FROM `qm_goods` WHERE ( f_id=1 )  [ RunTime:0.0000s ]
SQL: SELECT * FROM `qm_goods` WHERE ( f_id=2 )  [ RunTime:0.0000s ]
SQL: SELECT * FROM `qm_goods` WHERE ( f_id=3 )  [ RunTime:0.0000s ]
SQL: SELECT * FROM `qm_goods` WHERE ( f_id=4 )  [ RunTime:0.0000s ]
SQL: SELECT * FROM `qm_goods` WHERE ( f_id=5 )  [ RunTime:0.0000s ]
INFO: [ view_parse ] --START--
INFO: [ template_filter ] --START--
INFO: Run Behavior\ContentReplaceBehavior [ RunTime:0.000171s ]
INFO: [ template_filter ] --END-- [ RunTime:0.000196s ]
NOTIC: [8] Undefined variable: wp_dialog /www/wwwroot/asd.luhanforex.cn/Application/Runtime/Cache/Home/2a94b8bda04ff446dcedd42276fc99ee.php 第 752 行.
INFO: Run Behavior\ParseTemplateBehavior [ RunTime:0.007881s ]
INFO: [ view_parse ] --END-- [ RunTime:0.007895s ]
INFO: [ view_filter ] --START--
INFO: Run Behavior\WriteHtmlCacheBehavior [ RunTime:0.000100s ]
INFO: [ view_filter ] --END-- [ RunTime:0.000114s ]
INFO: [ app_end ] --START--
INFO: Run Behavior\ShowPageTraceBehavior [ RunTime:0.000255s ]
INFO: [ app_end ] --END-- [ RunTime:0.000269s ]

[ 2018-04-30T11:28:33+08:00 ] 40.77.167.79 /
INFO: [ app_init ] --START--
INFO: Run Behavior\BuildLiteBehavior [ RunTime:0.000009s ]
INFO: [ app_init ] --END-- [ RunTime:0.000202s ]
INFO: [ app_begin ] --START--
INFO: Run Behavior\ReadHtmlCacheBehavior [ RunTime:0.000351s ]
INFO: [ app_begin ] --END-- [ RunTime:0.000367s ]
NOTIC: [8] Undefined index: id /www/wwwroot/asd.luhanforex.cn/Application/Home/Controller/IndexController.class.php 第 8 行.
SQL: SHOW COLUMNS FROM `qm_cart` [ RunTime:0.0005s ]
SQL: SELECT COUNT(id) AS tp_count FROM `qm_cart` WHERE ( user_id='' ) LIMIT 1   [ RunTime:0.0000s ]
SQL: SHOW COLUMNS FROM `qm_goods` [ RunTime:0.0003s ]
SQL: SELECT * FROM `qm_goods` WHERE ( isyoushi =2 ) ORDER BY addtime desc LIMIT 4   [ RunTime:0.0001s ]
SQL: SELECT COUNT(*) AS tp_Count FROM `qm_goods` WHERE ( isyoushi=1 ) LIMIT 1   [ RunTime:0.0000s ]
SQL: SELECT * FROM `qm_goods` WHERE ( isyoushi=1 ) LIMIT 0,8   [ RunTime:0.0001s ]
SQL: SHOW COLUMNS FROM `qm_fenlei` [ RunTime:0.0002s ]
SQL: SELECT * FROM `qm_fenlei` WHERE ( pid = 0 )  [ RunTime:0.0001s ]
SQL: SELECT * FROM `qm_goods` WHERE ( f_id=1 )  [ RunTime:0.0000s ]
SQL: SELECT * FROM `qm_goods` WHERE ( f_id=2 )  [ RunTime:0.0000s ]
SQL: SELECT * FROM `qm_goods` WHERE ( f_id=3 )  [ RunTime:0.0000s ]
SQL: SELECT * FROM `qm_goods` WHERE ( f_id=4 )  [ RunTime:0.0000s ]
SQL: SELECT * FROM `qm_goods` WHERE ( f_id=5 )  [ RunTime:0.0000s ]
INFO: [ view_parse ] --START--
INFO: [ template_filter ] --START--
INFO: Run Behavior\ContentReplaceBehavior [ RunTime:0.000157s ]
INFO: [ template_filter ] --END-- [ RunTime:0.000178s ]
NOTIC: [8] Undefined variable: wp_dialog /www/wwwroot/asd.luhanforex.cn/Application/Runtime/Cache/Home/2a94b8bda04ff446dcedd42276fc99ee.php 第 752 行.
INFO: Run Behavior\ParseTemplateBehavior [ RunTime:0.007853s ]
INFO: [ view_parse ] --END-- [ RunTime:0.007868s ]
INFO: [ view_filter ] --START--
INFO: Run Behavior\WriteHtmlCacheBehavior [ RunTime:0.000088s ]
INFO: [ view_filter ] --END-- [ RunTime:0.000100s ]
INFO: [ app_end ] --START--
INFO: Run Behavior\ShowPageTraceBehavior [ RunTime:0.000265s ]
INFO: [ app_end ] --END-- [ RunTime:0.000281s ]

[ 2018-04-30T12:04:22+08:00 ] 101.226.35.225 //?feed=rss2
INFO: [ app_init ] --START--
INFO: Run Behavior\BuildLiteBehavior [ RunTime:0.000007s ]
INFO: [ app_init ] --END-- [ RunTime:0.000170s ]
INFO: [ app_begin ] --START--
INFO: Run Behavior\ReadHtmlCacheBehavior [ RunTime:0.000239s ]
INFO: [ app_begin ] --END-- [ RunTime:0.000256s ]
NOTIC: [8] Undefined index: id /www/wwwroot/asd.luhanforex.cn/Application/Home/Controller/IndexController.class.php 第 8 行.
SQL: SHOW COLUMNS FROM `qm_cart` [ RunTime:0.0005s ]
SQL: SELECT COUNT(id) AS tp_count FROM `qm_cart` WHERE ( user_id='' ) LIMIT 1   [ RunTime:0.0000s ]
SQL: SHOW COLUMNS FROM `qm_goods` [ RunTime:0.0003s ]
SQL: SELECT * FROM `qm_goods` WHERE ( isyoushi =2 ) ORDER BY addtime desc LIMIT 4   [ RunTime:0.0001s ]
SQL: SELECT COUNT(*) AS tp_Count FROM `qm_goods` WHERE ( isyoushi=1 ) LIMIT 1   [ RunTime:0.0000s ]
SQL: SELECT * FROM `qm_goods` WHERE ( isyoushi=1 ) LIMIT 0,8   [ RunTime:0.0001s ]
SQL: SHOW COLUMNS FROM `qm_fenlei` [ RunTime:0.0003s ]
SQL: SELECT * FROM `qm_fenlei` WHERE ( pid = 0 )  [ RunTime:0.0001s ]
SQL: SELECT * FROM `qm_goods` WHERE ( f_id=1 )  [ RunTime:0.0000s ]
SQL: SELECT * FROM `qm_goods` WHERE ( f_id=2 )  [ RunTime:0.0001s ]
SQL: SELECT * FROM `qm_goods` WHERE ( f_id=3 )  [ RunTime:0.0000s ]
SQL: SELECT * FROM `qm_goods` WHERE ( f_id=4 )  [ RunTime:0.0000s ]
SQL: SELECT * FROM `qm_goods` WHERE ( f_id=5 )  [ RunTime:0.0000s ]
INFO: [ view_parse ] --START--
INFO: [ template_filter ] --START--
INFO: Run Behavior\ContentReplaceBehavior [ RunTime:0.000167s ]
INFO: [ template_filter ] --END-- [ RunTime:0.000194s ]
NOTIC: [8] Undefined variable: wp_dialog /www/wwwroot/asd.luhanforex.cn/Application/Runtime/Cache/Home/2a94b8bda04ff446dcedd42276fc99ee.php 第 752 行.
INFO: Run Behavior\ParseTemplateBehavior [ RunTime:0.007989s ]
INFO: [ view_parse ] --END-- [ RunTime:0.008004s ]
INFO: [ view_filter ] --START--
INFO: Run Behavior\WriteHtmlCacheBehavior [ RunTime:0.000092s ]
INFO: [ view_filter ] --END-- [ RunTime:0.000103s ]
INFO: [ app_end ] --START--
INFO: Run Behavior\ShowPageTraceBehavior [ RunTime:0.000294s ]
INFO: [ app_end ] --END-- [ RunTime:0.000315s ]

[ 2018-04-30T12:04:22+08:00 ] 101.226.35.225 /
INFO: [ app_init ] --START--
INFO: Run Behavior\BuildLiteBehavior [ RunTime:0.000007s ]
INFO: [ app_init ] --END-- [ RunTime:0.000160s ]
INFO: [ app_begin ] --START--
INFO: Run Behavior\ReadHtmlCacheBehavior [ RunTime:0.000284s ]
INFO: [ app_begin ] --END-- [ RunTime:0.000304s ]
NOTIC: [8] Undefined index: id /www/wwwroot/asd.luhanforex.cn/Application/Home/Controller/IndexController.class.php 第 8 行.
SQL: SHOW COLUMNS FROM `qm_cart` [ RunTime:0.0006s ]
SQL: SELECT COUNT(id) AS tp_count FROM `qm_cart` WHERE ( user_id='' ) LIMIT 1   [ RunTime:0.0000s ]
SQL: SHOW COLUMNS FROM `qm_goods` [ RunTime:0.0005s ]
SQL: SELECT * FROM `qm_goods` WHERE ( isyoushi =2 ) ORDER BY addtime desc LIMIT 4   [ RunTime:0.0001s ]
SQL: SELECT COUNT(*) AS tp_Count FROM `qm_goods` WHERE ( isyoushi=1 ) LIMIT 1   [ RunTime:0.0000s ]
SQL: SELECT * FROM `qm_goods` WHERE ( isyoushi=1 ) LIMIT 0,8   [ RunTime:0.0001s ]
SQL: SHOW COLUMNS FROM `qm_fenlei` [ RunTime:0.0003s ]
SQL: SELECT * FROM `qm_fenlei` WHERE ( pid = 0 )  [ RunTime:0.0001s ]
SQL: SELECT * FROM `qm_goods` WHERE ( f_id=1 )  [ RunTime:0.0001s ]
SQL: SELECT * FROM `qm_goods` WHERE ( f_id=2 )  [ RunTime:0.0001s ]
SQL: SELECT * FROM `qm_goods` WHERE ( f_id=3 )  [ RunTime:0.0001s ]
SQL: SELECT * FROM `qm_goods` WHERE ( f_id=4 )  [ RunTime:0.0001s ]
SQL: SELECT * FROM `qm_goods` WHERE ( f_id=5 )  [ RunTime:0.0001s ]
INFO: [ view_parse ] --START--
INFO: [ template_filter ] --START--
INFO: Run Behavior\ContentReplaceBehavior [ RunTime:0.000145s ]
INFO: [ template_filter ] --END-- [ RunTime:0.000171s ]
NOTIC: [8] Undefined variable: wp_dialog /www/wwwroot/asd.luhanforex.cn/Application/Runtime/Cache/Home/2a94b8bda04ff446dcedd42276fc99ee.php 第 752 行.
INFO: Run Behavior\ParseTemplateBehavior [ RunTime:0.008488s ]
INFO: [ view_parse ] --END-- [ RunTime:0.008507s ]
INFO: [ view_filter ] --START--
INFO: Run Behavior\WriteHtmlCacheBehavior [ RunTime:0.000093s ]
INFO: [ view_filter ] --END-- [ RunTime:0.000104s ]
INFO: [ app_end ] --START--
INFO: Run Behavior\ShowPageTraceBehavior [ RunTime:0.000285s ]
INFO: [ app_end ] --END-- [ RunTime:0.000300s ]

[ 2018-04-30T15:01:57+08:00 ] 80.82.77.139 /
INFO: [ app_init ] --START--
INFO: Run Behavior\BuildLiteBehavior [ RunTime:0.000006s ]
INFO: [ app_init ] --END-- [ RunTime:0.000188s ]
INFO: [ app_begin ] --START--
INFO: Run Behavior\ReadHtmlCacheBehavior [ RunTime:0.000230s ]
INFO: [ app_begin ] --END-- [ RunTime:0.000248s ]
NOTIC: [8] Undefined index: id /www/wwwroot/asd.luhanforex.cn/Application/Home/Controller/IndexController.class.php 第 8 行.
SQL: SHOW COLUMNS FROM `qm_cart` [ RunTime:0.0005s ]
SQL: SELECT COUNT(id) AS tp_count FROM `qm_cart` WHERE ( user_id='' ) LIMIT 1   [ RunTime:0.0000s ]
SQL: SHOW COLUMNS FROM `qm_goods` [ RunTime:0.0003s ]
SQL: SELECT * FROM `qm_goods` WHERE ( isyoushi =2 ) ORDER BY addtime desc LIMIT 4   [ RunTime:0.0001s ]
SQL: SELECT COUNT(*) AS tp_Count FROM `qm_goods` WHERE ( isyoushi=1 ) LIMIT 1   [ RunTime:0.0000s ]
SQL: SELECT * FROM `qm_goods` WHERE ( isyoushi=1 ) LIMIT 0,8   [ RunTime:0.0001s ]
SQL: SHOW COLUMNS FROM `qm_fenlei` [ RunTime:0.0003s ]
SQL: SELECT * FROM `qm_fenlei` WHERE ( pid = 0 )  [ RunTime:0.0000s ]
SQL: SELECT * FROM `qm_goods` WHERE ( f_id=1 )  [ RunTime:0.0000s ]
SQL: SELECT * FROM `qm_goods` WHERE ( f_id=2 )  [ RunTime:0.0000s ]
SQL: SELECT * FROM `qm_goods` WHERE ( f_id=3 )  [ RunTime:0.0000s ]
SQL: SELECT * FROM `qm_goods` WHERE ( f_id=4 )  [ RunTime:0.0001s ]
SQL: SELECT * FROM `qm_goods` WHERE ( f_id=5 )  [ RunTime:0.0000s ]
INFO: [ view_parse ] --START--
INFO: [ template_filter ] --START--
INFO: Run Behavior\ContentReplaceBehavior [ RunTime:0.000169s ]
INFO: [ template_filter ] --END-- [ RunTime:0.000204s ]
NOTIC: [8] Undefined variable: wp_dialog /www/wwwroot/asd.luhanforex.cn/Application/Runtime/Cache/Home/2a94b8bda04ff446dcedd42276fc99ee.php 第 752 行.
INFO: Run Behavior\ParseTemplateBehavior [ RunTime:0.021911s ]
INFO: [ view_parse ] --END-- [ RunTime:0.021927s ]
INFO: [ view_filter ] --START--
INFO: Run Behavior\WriteHtmlCacheBehavior [ RunTime:0.000106s ]
INFO: [ view_filter ] --END-- [ RunTime:0.000130s ]
INFO: [ app_end ] --START--
INFO: Run Behavior\ShowPageTraceBehavior [ RunTime:0.000264s ]
INFO: [ app_end ] --END-- [ RunTime:0.000295s ]

[ 2018-04-30T16:06:59+08:00 ] 101.226.35.225 //?feed=rss2
INFO: [ app_init ] --START--
INFO: Run Behavior\BuildLiteBehavior [ RunTime:0.000010s ]
INFO: [ app_init ] --END-- [ RunTime:0.000203s ]
INFO: [ app_begin ] --START--
INFO: Run Behavior\ReadHtmlCacheBehavior [ RunTime:0.000266s ]
INFO: [ app_begin ] --END-- [ RunTime:0.000283s ]
NOTIC: [8] Undefined index: id /www/wwwroot/asd.luhanforex.cn/Application/Home/Controller/IndexController.class.php 第 8 行.
SQL: SHOW COLUMNS FROM `qm_cart` [ RunTime:0.0005s ]
SQL: SELECT COUNT(id) AS tp_count FROM `qm_cart` WHERE ( user_id='' ) LIMIT 1   [ RunTime:0.0001s ]
SQL: SHOW COLUMNS FROM `qm_goods` [ RunTime:0.0004s ]
SQL: SELECT * FROM `qm_goods` WHERE ( isyoushi =2 ) ORDER BY addtime desc LIMIT 4   [ RunTime:0.0001s ]
SQL: SELECT COUNT(*) AS tp_Count FROM `qm_goods` WHERE ( isyoushi=1 ) LIMIT 1   [ RunTime:0.0000s ]
SQL: SELECT * FROM `qm_goods` WHERE ( isyoushi=1 ) LIMIT 0,8   [ RunTime:0.0001s ]
SQL: SHOW COLUMNS FROM `qm_fenlei` [ RunTime:0.0003s ]
SQL: SELECT * FROM `qm_fenlei` WHERE ( pid = 0 )  [ RunTime:0.0000s ]
SQL: SELECT * FROM `qm_goods` WHERE ( f_id=1 )  [ RunTime:0.0000s ]
SQL: SELECT * FROM `qm_goods` WHERE ( f_id=2 )  [ RunTime:0.0000s ]
SQL: SELECT * FROM `qm_goods` WHERE ( f_id=3 )  [ RunTime:0.0000s ]
SQL: SELECT * FROM `qm_goods` WHERE ( f_id=4 )  [ RunTime:0.0000s ]
SQL: SELECT * FROM `qm_goods` WHERE ( f_id=5 )  [ RunTime:0.0000s ]
INFO: [ view_parse ] --START--
INFO: [ template_filter ] --START--
INFO: Run Behavior\ContentReplaceBehavior [ RunTime:0.000154s ]
INFO: [ template_filter ] --END-- [ RunTime:0.000186s ]
NOTIC: [8] Undefined variable: wp_dialog /www/wwwroot/asd.luhanforex.cn/Application/Runtime/Cache/Home/2a94b8bda04ff446dcedd42276fc99ee.php 第 752 行.
INFO: Run Behavior\ParseTemplateBehavior [ RunTime:0.008593s ]
INFO: [ view_parse ] --END-- [ RunTime:0.008611s ]
INFO: [ view_filter ] --START--
INFO: Run Behavior\WriteHtmlCacheBehavior [ RunTime:0.000105s ]
INFO: [ view_filter ] --END-- [ RunTime:0.000117s ]
INFO: [ app_end ] --START--
INFO: Run Behavior\ShowPageTraceBehavior [ RunTime:0.000307s ]
INFO: [ app_end ] --END-- [ RunTime:0.000322s ]

[ 2018-04-30T16:06:59+08:00 ] 101.226.35.225 /
INFO: [ app_init ] --START--
INFO: Run Behavior\BuildLiteBehavior [ RunTime:0.000010s ]
INFO: [ app_init ] --END-- [ RunTime:0.000251s ]
INFO: [ app_begin ] --START--
INFO: Run Behavior\ReadHtmlCacheBehavior [ RunTime:0.000347s ]
INFO: [ app_begin ] --END-- [ RunTime:0.000370s ]
NOTIC: [8] Undefined index: id /www/wwwroot/asd.luhanforex.cn/Application/Home/Controller/IndexController.class.php 第 8 行.
SQL: SHOW COLUMNS FROM `qm_cart` [ RunTime:0.0006s ]
SQL: SELECT COUNT(id) AS tp_count FROM `qm_cart` WHERE ( user_id='' ) LIMIT 1   [ RunTime:0.0001s ]
SQL: SHOW COLUMNS FROM `qm_goods` [ RunTime:0.0005s ]
SQL: SELECT * FROM `qm_goods` WHERE ( isyoushi =2 ) ORDER BY addtime desc LIMIT 4   [ RunTime:0.0001s ]
SQL: SELECT COUNT(*) AS tp_Count FROM `qm_goods` WHERE ( isyoushi=1 ) LIMIT 1   [ RunTime:0.0000s ]
SQL: SELECT * FROM `qm_goods` WHERE ( isyoushi=1 ) LIMIT 0,8   [ RunTime:0.0001s ]
SQL: SHOW COLUMNS FROM `qm_fenlei` [ RunTime:0.0004s ]
SQL: SELECT * FROM `qm_fenlei` WHERE ( pid = 0 )  [ RunTime:0.0001s ]
SQL: SELECT * FROM `qm_goods` WHERE ( f_id=1 )  [ RunTime:0.0001s ]
SQL: SELECT * FROM `qm_goods` WHERE ( f_id=2 )  [ RunTime:0.0001s ]
SQL: SELECT * FROM `qm_goods` WHERE ( f_id=3 )  [ RunTime:0.0000s ]
SQL: SELECT * FROM `qm_goods` WHERE ( f_id=4 )  [ RunTime:0.0001s ]
SQL: SELECT * FROM `qm_goods` WHERE ( f_id=5 )  [ RunTime:0.0001s ]
INFO: [ view_parse ] --START--
INFO: [ template_filter ] --START--
INFO: Run Behavior\ContentReplaceBehavior [ RunTime:0.000181s ]
INFO: [ template_filter ] --END-- [ RunTime:0.000218s ]
NOTIC: [8] Undefined variable: wp_dialog /www/wwwroot/asd.luhanforex.cn/Application/Runtime/Cache/Home/2a94b8bda04ff446dcedd42276fc99ee.php 第 752 行.
INFO: Run Behavior\ParseTemplateBehavior [ RunTime:0.009773s ]
INFO: [ view_parse ] --END-- [ RunTime:0.009794s ]
INFO: [ view_filter ] --START--
INFO: Run Behavior\WriteHtmlCacheBehavior [ RunTime:0.000152s ]
INFO: [ view_filter ] --END-- [ RunTime:0.000170s ]
INFO: [ app_end ] --START--
INFO: Run Behavior\ShowPageTraceBehavior [ RunTime:0.000510s ]
INFO: [ app_end ] --END-- [ RunTime:0.000532s ]

[ 2018-04-30T18:09:16+08:00 ] 139.162.113.204 /
INFO: [ app_init ] --START--
INFO: Run Behavior\BuildLiteBehavior [ RunTime:0.000007s ]
INFO: [ app_init ] --END-- [ RunTime:0.000165s ]
INFO: [ app_begin ] --START--
INFO: Run Behavior\ReadHtmlCacheBehavior [ RunTime:0.000203s ]
INFO: [ app_begin ] --END-- [ RunTime:0.000218s ]
NOTIC: [8] Undefined index: id /www/wwwroot/asd.luhanforex.cn/Application/Home/Controller/IndexController.class.php 第 8 行.
SQL: SHOW COLUMNS FROM `qm_cart` [ RunTime:0.0004s ]
SQL: SELECT COUNT(id) AS tp_count FROM `qm_cart` WHERE ( user_id='' ) LIMIT 1   [ RunTime:0.0000s ]
SQL: SHOW COLUMNS FROM `qm_goods` [ RunTime:0.0004s ]
SQL: SELECT * FROM `qm_goods` WHERE ( isyoushi =2 ) ORDER BY addtime desc LIMIT 4   [ RunTime:0.0001s ]
SQL: SELECT COUNT(*) AS tp_Count FROM `qm_goods` WHERE ( isyoushi=1 ) LIMIT 1   [ RunTime:0.0000s ]
SQL: SELECT * FROM `qm_goods` WHERE ( isyoushi=1 ) LIMIT 0,8   [ RunTime:0.0001s ]
SQL: SHOW COLUMNS FROM `qm_fenlei` [ RunTime:0.0003s ]
SQL: SELECT * FROM `qm_fenlei` WHERE ( pid = 0 )  [ RunTime:0.0001s ]
SQL: SELECT * FROM `qm_goods` WHERE ( f_id=1 )  [ RunTime:0.0000s ]
SQL: SELECT * FROM `qm_goods` WHERE ( f_id=2 )  [ RunTime:0.0000s ]
SQL: SELECT * FROM `qm_goods` WHERE ( f_id=3 )  [ RunTime:0.0000s ]
SQL: SELECT * FROM `qm_goods` WHERE ( f_id=4 )  [ RunTime:0.0000s ]
SQL: SELECT * FROM `qm_goods` WHERE ( f_id=5 )  [ RunTime:0.0000s ]
INFO: [ view_parse ] --START--
INFO: [ template_filter ] --START--
INFO: Run Behavior\ContentReplaceBehavior [ RunTime:0.000161s ]
INFO: [ template_filter ] --END-- [ RunTime:0.000193s ]
NOTIC: [8] Undefined variable: wp_dialog /www/wwwroot/asd.luhanforex.cn/Application/Runtime/Cache/Home/2a94b8bda04ff446dcedd42276fc99ee.php 第 752 行.
INFO: Run Behavior\ParseTemplateBehavior [ RunTime:0.008133s ]
INFO: [ view_parse ] --END-- [ RunTime:0.008152s ]
INFO: [ view_filter ] --START--
INFO: Run Behavior\WriteHtmlCacheBehavior [ RunTime:0.000105s ]
INFO: [ view_filter ] --END-- [ RunTime:0.000122s ]
INFO: [ app_end ] --START--
INFO: Run Behavior\ShowPageTraceBehavior [ RunTime:0.000348s ]
INFO: [ app_end ] --END-- [ RunTime:0.000363s ]

[ 2018-04-30T20:07:06+08:00 ] 101.226.35.225 //?feed=rss2
INFO: [ app_init ] --START--
INFO: Run Behavior\BuildLiteBehavior [ RunTime:0.000007s ]
INFO: [ app_init ] --END-- [ RunTime:0.000181s ]
INFO: [ app_begin ] --START--
INFO: Run Behavior\ReadHtmlCacheBehavior [ RunTime:0.000221s ]
INFO: [ app_begin ] --END-- [ RunTime:0.000247s ]
NOTIC: [8] Undefined index: id /www/wwwroot/asd.luhanforex.cn/Application/Home/Controller/IndexController.class.php 第 8 行.
SQL: SHOW COLUMNS FROM `qm_cart` [ RunTime:0.0005s ]
SQL: SELECT COUNT(id) AS tp_count FROM `qm_cart` WHERE ( user_id='' ) LIMIT 1   [ RunTime:0.0000s ]
SQL: SHOW COLUMNS FROM `qm_goods` [ RunTime:0.0003s ]
SQL: SELECT * FROM `qm_goods` WHERE ( isyoushi =2 ) ORDER BY addtime desc LIMIT 4   [ RunTime:0.0001s ]
SQL: SELECT COUNT(*) AS tp_Count FROM `qm_goods` WHERE ( isyoushi=1 ) LIMIT 1   [ RunTime:0.0000s ]
SQL: SELECT * FROM `qm_goods` WHERE ( isyoushi=1 ) LIMIT 0,8   [ RunTime:0.0001s ]
SQL: SHOW COLUMNS FROM `qm_fenlei` [ RunTime:0.0003s ]
SQL: SELECT * FROM `qm_fenlei` WHERE ( pid = 0 )  [ RunTime:0.0000s ]
SQL: SELECT * FROM `qm_goods` WHERE ( f_id=1 )  [ RunTime:0.0001s ]
SQL: SELECT * FROM `qm_goods` WHERE ( f_id=2 )  [ RunTime:0.0000s ]
SQL: SELECT * FROM `qm_goods` WHERE ( f_id=3 )  [ RunTime:0.0000s ]
SQL: SELECT * FROM `qm_goods` WHERE ( f_id=4 )  [ RunTime:0.0000s ]
SQL: SELECT * FROM `qm_goods` WHERE ( f_id=5 )  [ RunTime:0.0000s ]
INFO: [ view_parse ] --START--
INFO: [ template_filter ] --START--
INFO: Run Behavior\ContentReplaceBehavior [ RunTime:0.000146s ]
INFO: [ template_filter ] --END-- [ RunTime:0.000179s ]
NOTIC: [8] Undefined variable: wp_dialog /www/wwwroot/asd.luhanforex.cn/Application/Runtime/Cache/Home/2a94b8bda04ff446dcedd42276fc99ee.php 第 752 行.
INFO: Run Behavior\ParseTemplateBehavior [ RunTime:0.008021s ]
INFO: [ view_parse ] --END-- [ RunTime:0.008036s ]
INFO: [ view_filter ] --START--
INFO: Run Behavior\WriteHtmlCacheBehavior [ RunTime:0.000100s ]
INFO: [ view_filter ] --END-- [ RunTime:0.000113s ]
INFO: [ app_end ] --START--
INFO: Run Behavior\ShowPageTraceBehavior [ RunTime:0.000292s ]
INFO: [ app_end ] --END-- [ RunTime:0.000307s ]

[ 2018-04-30T20:07:06+08:00 ] 101.226.35.225 /
INFO: [ app_init ] --START--
INFO: Run Behavior\BuildLiteBehavior [ RunTime:0.000006s ]
INFO: [ app_init ] --END-- [ RunTime:0.000194s ]
INFO: [ app_begin ] --START--
INFO: Run Behavior\ReadHtmlCacheBehavior [ RunTime:0.000233s ]
INFO: [ app_begin ] --END-- [ RunTime:0.000251s ]
NOTIC: [8] Undefined index: id /www/wwwroot/asd.luhanforex.cn/Application/Home/Controller/IndexController.class.php 第 8 行.
SQL: SHOW COLUMNS FROM `qm_cart` [ RunTime:0.0005s ]
SQL: SELECT COUNT(id) AS tp_count FROM `qm_cart` WHERE ( user_id='' ) LIMIT 1   [ RunTime:0.0001s ]
SQL: SHOW COLUMNS FROM `qm_goods` [ RunTime:0.0003s ]
SQL: SELECT * FROM `qm_goods` WHERE ( isyoushi =2 ) ORDER BY addtime desc LIMIT 4   [ RunTime:0.0001s ]
SQL: SELECT COUNT(*) AS tp_Count FROM `qm_goods` WHERE ( isyoushi=1 ) LIMIT 1   [ RunTime:0.0001s ]
SQL: SELECT * FROM `qm_goods` WHERE ( isyoushi=1 ) LIMIT 0,8   [ RunTime:0.0001s ]
SQL: SHOW COLUMNS FROM `qm_fenlei` [ RunTime:0.0003s ]
SQL: SELECT * FROM `qm_fenlei` WHERE ( pid = 0 )  [ RunTime:0.0001s ]
SQL: SELECT * FROM `qm_goods` WHERE ( f_id=1 )  [ RunTime:0.0000s ]
SQL: SELECT * FROM `qm_goods` WHERE ( f_id=2 )  [ RunTime:0.0000s ]
SQL: SELECT * FROM `qm_goods` WHERE ( f_id=3 )  [ RunTime:0.0000s ]
SQL: SELECT * FROM `qm_goods` WHERE ( f_id=4 )  [ RunTime:0.0001s ]
SQL: SELECT * FROM `qm_goods` WHERE ( f_id=5 )  [ RunTime:0.0001s ]
INFO: [ view_parse ] --START--
INFO: [ template_filter ] --START--
INFO: Run Behavior\ContentReplaceBehavior [ RunTime:0.000163s ]
INFO: [ template_filter ] --END-- [ RunTime:0.000191s ]
NOTIC: [8] Undefined variable: wp_dialog /www/wwwroot/asd.luhanforex.cn/Application/Runtime/Cache/Home/2a94b8bda04ff446dcedd42276fc99ee.php 第 752 行.
INFO: Run Behavior\ParseTemplateBehavior [ RunTime:0.008493s ]
INFO: [ view_parse ] --END-- [ RunTime:0.008510s ]
INFO: [ view_filter ] --START--
INFO: Run Behavior\WriteHtmlCacheBehavior [ RunTime:0.000102s ]
INFO: [ view_filter ] --END-- [ RunTime:0.000114s ]
INFO: [ app_end ] --START--
INFO: Run Behavior\ShowPageTraceBehavior [ RunTime:0.000258s ]
INFO: [ app_end ] --END-- [ RunTime:0.000273s ]

[ 2018-04-30T21:35:30+08:00 ] 124.42.124.131 /
INFO: [ app_init ] --START--
INFO: Run Behavior\BuildLiteBehavior [ RunTime:0.000023s ]
INFO: [ app_init ] --END-- [ RunTime:0.000183s ]
INFO: [ app_begin ] --START--
INFO: Run Behavior\ReadHtmlCacheBehavior [ RunTime:0.000230s ]
INFO: [ app_begin ] --END-- [ RunTime:0.000248s ]
NOTIC: [8] Undefined index: id /www/wwwroot/asd.luhanforex.cn/Application/Home/Controller/IndexController.class.php 第 8 行.
SQL: SHOW COLUMNS FROM `qm_cart` [ RunTime:0.0005s ]
SQL: SELECT COUNT(id) AS tp_count FROM `qm_cart` WHERE ( user_id='' ) LIMIT 1   [ RunTime:0.0000s ]
SQL: SHOW COLUMNS FROM `qm_goods` [ RunTime:0.0003s ]
SQL: SELECT * FROM `qm_goods` WHERE ( isyoushi =2 ) ORDER BY addtime desc LIMIT 4   [ RunTime:0.0001s ]
SQL: SELECT COUNT(*) AS tp_Count FROM `qm_goods` WHERE ( isyoushi=1 ) LIMIT 1   [ RunTime:0.0000s ]
SQL: SELECT * FROM `qm_goods` WHERE ( isyoushi=1 ) LIMIT 0,8   [ RunTime:0.0001s ]
SQL: SHOW COLUMNS FROM `qm_fenlei` [ RunTime:0.0002s ]
SQL: SELECT * FROM `qm_fenlei` WHERE ( pid = 0 )  [ RunTime:0.0000s ]
SQL: SELECT * FROM `qm_goods` WHERE ( f_id=1 )  [ RunTime:0.0000s ]
SQL: SELECT * FROM `qm_goods` WHERE ( f_id=2 )  [ RunTime:0.0000s ]
SQL: SELECT * FROM `qm_goods` WHERE ( f_id=3 )  [ RunTime:0.0000s ]
SQL: SELECT * FROM `qm_goods` WHERE ( f_id=4 )  [ RunTime:0.0000s ]
SQL: SELECT * FROM `qm_goods` WHERE ( f_id=5 )  [ RunTime:0.0000s ]
INFO: [ view_parse ] --START--
INFO: [ template_filter ] --START--
INFO: Run Behavior\ContentReplaceBehavior [ RunTime:0.000158s ]
INFO: [ template_filter ] --END-- [ RunTime:0.000181s ]
NOTIC: [8] Undefined variable: wp_dialog /www/wwwroot/asd.luhanforex.cn/Application/Runtime/Cache/Home/2a94b8bda04ff446dcedd42276fc99ee.php 第 752 行.
INFO: Run Behavior\ParseTemplateBehavior [ RunTime:0.007646s ]
INFO: [ view_parse ] --END-- [ RunTime:0.007662s ]
INFO: [ view_filter ] --START--
INFO: Run Behavior\WriteHtmlCacheBehavior [ RunTime:0.000087s ]
INFO: [ view_filter ] --END-- [ RunTime:0.000099s ]
INFO: [ app_end ] --START--
INFO: Run Behavior\ShowPageTraceBehavior [ RunTime:0.000278s ]
INFO: [ app_end ] --END-- [ RunTime:0.000292s ]

[ 2018-04-30T22:36:39+08:00 ] 157.55.39.59 /
INFO: [ app_init ] --START--
INFO: Run Behavior\BuildLiteBehavior [ RunTime:0.000008s ]
INFO: [ app_init ] --END-- [ RunTime:0.000170s ]
INFO: [ app_begin ] --START--
INFO: Run Behavior\ReadHtmlCacheBehavior [ RunTime:0.000207s ]
INFO: [ app_begin ] --END-- [ RunTime:0.000223s ]
NOTIC: [8] Undefined index: id /www/wwwroot/asd.luhanforex.cn/Application/Home/Controller/IndexController.class.php 第 8 行.
SQL: SHOW COLUMNS FROM `qm_cart` [ RunTime:0.0005s ]
SQL: SELECT COUNT(id) AS tp_count FROM `qm_cart` WHERE ( user_id='' ) LIMIT 1   [ RunTime:0.0001s ]
SQL: SHOW COLUMNS FROM `qm_goods` [ RunTime:0.0003s ]
SQL: SELECT * FROM `qm_goods` WHERE ( isyoushi =2 ) ORDER BY addtime desc LIMIT 4   [ RunTime:0.0000s ]
SQL: SELECT COUNT(*) AS tp_Count FROM `qm_goods` WHERE ( isyoushi=1 ) LIMIT 1   [ RunTime:0.0000s ]
SQL: SELECT * FROM `qm_goods` WHERE ( isyoushi=1 ) LIMIT 0,8   [ RunTime:0.0001s ]
SQL: SHOW COLUMNS FROM `qm_fenlei` [ RunTime:0.0002s ]
SQL: SELECT * FROM `qm_fenlei` WHERE ( pid = 0 )  [ RunTime:0.0000s ]
SQL: SELECT * FROM `qm_goods` WHERE ( f_id=1 )  [ RunTime:0.0000s ]
SQL: SELECT * FROM `qm_goods` WHERE ( f_id=2 )  [ RunTime:0.0000s ]
SQL: SELECT * FROM `qm_goods` WHERE ( f_id=3 )  [ RunTime:0.0000s ]
SQL: SELECT * FROM `qm_goods` WHERE ( f_id=4 )  [ RunTime:0.0000s ]
SQL: SELECT * FROM `qm_goods` WHERE ( f_id=5 )  [ RunTime:0.0000s ]
INFO: [ view_parse ] --START--
INFO: [ template_filter ] --START--
INFO: Run Behavior\ContentReplaceBehavior [ RunTime:0.000150s ]
INFO: [ template_filter ] --END-- [ RunTime:0.000176s ]
NOTIC: [8] Undefined variable: wp_dialog /www/wwwroot/asd.luhanforex.cn/Application/Runtime/Cache/Home/2a94b8bda04ff446dcedd42276fc99ee.php 第 752 行.
INFO: Run Behavior\ParseTemplateBehavior [ RunTime:0.007691s ]
INFO: [ view_parse ] --END-- [ RunTime:0.007706s ]
INFO: [ view_filter ] --START--
INFO: Run Behavior\WriteHtmlCacheBehavior [ RunTime:0.000099s ]
INFO: [ view_filter ] --END-- [ RunTime:0.000111s ]
INFO: [ app_end ] --START--
INFO: Run Behavior\ShowPageTraceBehavior [ RunTime:0.000255s ]
INFO: [ app_end ] --END-- [ RunTime:0.000272s ]

[ 2018-04-30T22:59:21+08:00 ] 184.105.247.194 /
INFO: [ app_init ] --START--
INFO: Run Behavior\BuildLiteBehavior [ RunTime:0.000007s ]
INFO: [ app_init ] --END-- [ RunTime:0.000212s ]
INFO: [ app_begin ] --START--
INFO: Run Behavior\ReadHtmlCacheBehavior [ RunTime:0.000259s ]
INFO: [ app_begin ] --END-- [ RunTime:0.000280s ]
NOTIC: [8] Undefined index: id /www/wwwroot/asd.luhanforex.cn/Application/Home/Controller/IndexController.class.php 第 8 行.
SQL: SHOW COLUMNS FROM `qm_cart` [ RunTime:0.0006s ]
SQL: SELECT COUNT(id) AS tp_count FROM `qm_cart` WHERE ( user_id='' ) LIMIT 1   [ RunTime:0.0001s ]
SQL: SHOW COLUMNS FROM `qm_goods` [ RunTime:0.0005s ]
SQL: SELECT * FROM `qm_goods` WHERE ( isyoushi =2 ) ORDER BY addtime desc LIMIT 4   [ RunTime:0.0001s ]
SQL: SELECT COUNT(*) AS tp_Count FROM `qm_goods` WHERE ( isyoushi=1 ) LIMIT 1   [ RunTime:0.0000s ]
SQL: SELECT * FROM `qm_goods` WHERE ( isyoushi=1 ) LIMIT 0,8   [ RunTime:0.0001s ]
SQL: SHOW COLUMNS FROM `qm_fenlei` [ RunTime:0.0003s ]
SQL: SELECT * FROM `qm_fenlei` WHERE ( pid = 0 )  [ RunTime:0.0000s ]
SQL: SELECT * FROM `qm_goods` WHERE ( f_id=1 )  [ RunTime:0.0000s ]
SQL: SELECT * FROM `qm_goods` WHERE ( f_id=2 )  [ RunTime:0.0001s ]
SQL: SELECT * FROM `qm_goods` WHERE ( f_id=3 )  [ RunTime:0.0000s ]
SQL: SELECT * FROM `qm_goods` WHERE ( f_id=4 )  [ RunTime:0.0000s ]
SQL: SELECT * FROM `qm_goods` WHERE ( f_id=5 )  [ RunTime:0.0000s ]
INFO: [ view_parse ] --START--
INFO: [ template_filter ] --START--
INFO: Run Behavior\ContentReplaceBehavior [ RunTime:0.000149s ]
INFO: [ template_filter ] --END-- [ RunTime:0.000175s ]
NOTIC: [8] Undefined variable: wp_dialog /www/wwwroot/asd.luhanforex.cn/Application/Runtime/Cache/Home/2a94b8bda04ff446dcedd42276fc99ee.php 第 752 行.
INFO: Run Behavior\ParseTemplateBehavior [ RunTime:0.008585s ]
INFO: [ view_parse ] --END-- [ RunTime:0.008604s ]
INFO: [ view_filter ] --START--
INFO: Run Behavior\WriteHtmlCacheBehavior [ RunTime:0.000097s ]
INFO: [ view_filter ] --END-- [ RunTime:0.000107s ]
INFO: [ app_end ] --START--
INFO: Run Behavior\ShowPageTraceBehavior [ RunTime:0.000293s ]
INFO: [ app_end ] --END-- [ RunTime:0.000308s ]

[ 2018-04-30T23:19:55+08:00 ] 207.46.13.66 /
INFO: [ app_init ] --START--
INFO: Run Behavior\BuildLiteBehavior [ RunTime:0.000008s ]
INFO: [ app_init ] --END-- [ RunTime:0.000175s ]
INFO: [ app_begin ] --START--
INFO: Run Behavior\ReadHtmlCacheBehavior [ RunTime:0.000227s ]
INFO: [ app_begin ] --END-- [ RunTime:0.000243s ]
NOTIC: [8] Undefined index: id /www/wwwroot/asd.luhanforex.cn/Application/Home/Controller/IndexController.class.php 第 8 行.
SQL: SHOW COLUMNS FROM `qm_cart` [ RunTime:0.0004s ]
SQL: SELECT COUNT(id) AS tp_count FROM `qm_cart` WHERE ( user_id='' ) LIMIT 1   [ RunTime:0.0000s ]
SQL: SHOW COLUMNS FROM `qm_goods` [ RunTime:0.0003s ]
SQL: SELECT * FROM `qm_goods` WHERE ( isyoushi =2 ) ORDER BY addtime desc LIMIT 4   [ RunTime:0.0000s ]
SQL: SELECT COUNT(*) AS tp_Count FROM `qm_goods` WHERE ( isyoushi=1 ) LIMIT 1   [ RunTime:0.0000s ]
SQL: SELECT * FROM `qm_goods` WHERE ( isyoushi=1 ) LIMIT 0,8   [ RunTime:0.0001s ]
SQL: SHOW COLUMNS FROM `qm_fenlei` [ RunTime:0.0002s ]
SQL: SELECT * FROM `qm_fenlei` WHERE ( pid = 0 )  [ RunTime:0.0001s ]
SQL: SELECT * FROM `qm_goods` WHERE ( f_id=1 )  [ RunTime:0.0000s ]
SQL: SELECT * FROM `qm_goods` WHERE ( f_id=2 )  [ RunTime:0.0000s ]
SQL: SELECT * FROM `qm_goods` WHERE ( f_id=3 )  [ RunTime:0.0000s ]
SQL: SELECT * FROM `qm_goods` WHERE ( f_id=4 )  [ RunTime:0.0000s ]
SQL: SELECT * FROM `qm_goods` WHERE ( f_id=5 )  [ RunTime:0.0000s ]
INFO: [ view_parse ] --START--
INFO: [ template_filter ] --START--
INFO: Run Behavior\ContentReplaceBehavior [ RunTime:0.000148s ]
INFO: [ template_filter ] --END-- [ RunTime:0.000169s ]
NOTIC: [8] Undefined variable: wp_dialog /www/wwwroot/asd.luhanforex.cn/Application/Runtime/Cache/Home/2a94b8bda04ff446dcedd42276fc99ee.php 第 752 行.
INFO: Run Behavior\ParseTemplateBehavior [ RunTime:0.007688s ]
INFO: [ view_parse ] --END-- [ RunTime:0.007702s ]
INFO: [ view_filter ] --START--
INFO: Run Behavior\WriteHtmlCacheBehavior [ RunTime:0.000093s ]
INFO: [ view_filter ] --END-- [ RunTime:0.000104s ]
INFO: [ app_end ] --START--
INFO: Run Behavior\ShowPageTraceBehavior [ RunTime:0.000249s ]
INFO: [ app_end ] --END-- [ RunTime:0.000263s ]

[ 2018-04-30T23:29:44+08:00 ] 39.104.80.124 /
INFO: [ app_init ] --START--
INFO: Run Behavior\BuildLiteBehavior [ RunTime:0.000009s ]
INFO: [ app_init ] --END-- [ RunTime:0.000218s ]
INFO: [ app_begin ] --START--
INFO: Run Behavior\ReadHtmlCacheBehavior [ RunTime:0.000296s ]
INFO: [ app_begin ] --END-- [ RunTime:0.000318s ]
NOTIC: [8] Undefined index: id /www/wwwroot/asd.luhanforex.cn/Application/Home/Controller/IndexController.class.php 第 8 行.
SQL: SHOW COLUMNS FROM `qm_cart` [ RunTime:0.0006s ]
SQL: SELECT COUNT(id) AS tp_count FROM `qm_cart` WHERE ( user_id='' ) LIMIT 1   [ RunTime:0.0000s ]
SQL: SHOW COLUMNS FROM `qm_goods` [ RunTime:0.0004s ]
SQL: SELECT * FROM `qm_goods` WHERE ( isyoushi =2 ) ORDER BY addtime desc LIMIT 4   [ RunTime:0.0001s ]
SQL: SELECT COUNT(*) AS tp_Count FROM `qm_goods` WHERE ( isyoushi=1 ) LIMIT 1   [ RunTime:0.0000s ]
SQL: SELECT * FROM `qm_goods` WHERE ( isyoushi=1 ) LIMIT 0,8   [ RunTime:0.0001s ]
SQL: SHOW COLUMNS FROM `qm_fenlei` [ RunTime:0.0004s ]
SQL: SELECT * FROM `qm_fenlei` WHERE ( pid = 0 )  [ RunTime:0.0001s ]
SQL: SELECT * FROM `qm_goods` WHERE ( f_id=1 )  [ RunTime:0.0000s ]
SQL: SELECT * FROM `qm_goods` WHERE ( f_id=2 )  [ RunTime:0.0000s ]
SQL: SELECT * FROM `qm_goods` WHERE ( f_id=3 )  [ RunTime:0.0000s ]
SQL: SELECT * FROM `qm_goods` WHERE ( f_id=4 )  [ RunTime:0.0000s ]
SQL: SELECT * FROM `qm_goods` WHERE ( f_id=5 )  [ RunTime:0.0000s ]
INFO: [ view_parse ] --START--
INFO: [ template_filter ] --START--
INFO: Run Behavior\ContentReplaceBehavior [ RunTime:0.000149s ]
INFO: [ template_filter ] --END-- [ RunTime:0.000180s ]
NOTIC: [8] Undefined variable: wp_dialog /www/wwwroot/asd.luhanforex.cn/Application/Runtime/Cache/Home/2a94b8bda04ff446dcedd42276fc99ee.php 第 752 行.
INFO: Run Behavior\ParseTemplateBehavior [ RunTime:0.009221s ]
INFO: [ view_parse ] --END-- [ RunTime:0.009244s ]
INFO: [ view_filter ] --START--
INFO: Run Behavior\WriteHtmlCacheBehavior [ RunTime:0.000110s ]
INFO: [ view_filter ] --END-- [ RunTime:0.000124s ]
INFO: [ app_end ] --START--
INFO: Run Behavior\ShowPageTraceBehavior [ RunTime:0.000264s ]
INFO: [ app_end ] --END-- [ RunTime:0.000278s ]

[ 2018-04-30T23:29:44+08:00 ] 39.104.80.124 /
INFO: [ app_init ] --START--
INFO: Run Behavior\BuildLiteBehavior [ RunTime:0.000011s ]
INFO: [ app_init ] --END-- [ RunTime:0.000250s ]
INFO: [ app_begin ] --START--
INFO: Run Behavior\ReadHtmlCacheBehavior [ RunTime:0.000344s ]
INFO: [ app_begin ] --END-- [ RunTime:0.000367s ]
NOTIC: [8] Undefined index: id /www/wwwroot/asd.luhanforex.cn/Application/Home/Controller/IndexController.class.php 第 8 行.
SQL: SHOW COLUMNS FROM `qm_cart` [ RunTime:0.0007s ]
SQL: SELECT COUNT(id) AS tp_count FROM `qm_cart` WHERE ( user_id='' ) LIMIT 1   [ RunTime:0.0001s ]
SQL: SHOW COLUMNS FROM `qm_goods` [ RunTime:0.0005s ]
SQL: SELECT * FROM `qm_goods` WHERE ( isyoushi =2 ) ORDER BY addtime desc LIMIT 4   [ RunTime:0.0001s ]
SQL: SELECT COUNT(*) AS tp_Count FROM `qm_goods` WHERE ( isyoushi=1 ) LIMIT 1   [ RunTime:0.0000s ]
SQL: SELECT * FROM `qm_goods` WHERE ( isyoushi=1 ) LIMIT 0,8   [ RunTime:0.0001s ]
SQL: SHOW COLUMNS FROM `qm_fenlei` [ RunTime:0.0003s ]
SQL: SELECT * FROM `qm_fenlei` WHERE ( pid = 0 )  [ RunTime:0.0002s ]
SQL: SELECT * FROM `qm_goods` WHERE ( f_id=1 )  [ RunTime:0.0001s ]
SQL: SELECT * FROM `qm_goods` WHERE ( f_id=2 )  [ RunTime:0.0001s ]
SQL: SELECT * FROM `qm_goods` WHERE ( f_id=3 )  [ RunTime:0.0001s ]
SQL: SELECT * FROM `qm_goods` WHERE ( f_id=4 )  [ RunTime:0.0001s ]
SQL: SELECT * FROM `qm_goods` WHERE ( f_id=5 )  [ RunTime:0.0001s ]
INFO: [ view_parse ] --START--
INFO: [ template_filter ] --START--
INFO: Run Behavior\ContentReplaceBehavior [ RunTime:0.000158s ]
INFO: [ template_filter ] --END-- [ RunTime:0.000183s ]
NOTIC: [8] Undefined variable: wp_dialog /www/wwwroot/asd.luhanforex.cn/Application/Runtime/Cache/Home/2a94b8bda04ff446dcedd42276fc99ee.php 第 752 行.
INFO: Run Behavior\ParseTemplateBehavior [ RunTime:0.009199s ]
INFO: [ view_parse ] --END-- [ RunTime:0.009218s ]
INFO: [ view_filter ] --START--
INFO: Run Behavior\WriteHtmlCacheBehavior [ RunTime:0.000105s ]
INFO: [ view_filter ] --END-- [ RunTime:0.000118s ]
INFO: [ app_end ] --START--
INFO: Run Behavior\ShowPageTraceBehavior [ RunTime:0.000273s ]
INFO: [ app_end ] --END-- [ RunTime:0.000288s ]

[ 2018-04-30T23:29:45+08:00 ] 39.104.80.124 /
INFO: [ app_init ] --START--
INFO: Run Behavior\BuildLiteBehavior [ RunTime:0.000009s ]
INFO: [ app_init ] --END-- [ RunTime:0.000215s ]
INFO: [ app_begin ] --START--
INFO: Run Behavior\ReadHtmlCacheBehavior [ RunTime:0.000277s ]
INFO: [ app_begin ] --END-- [ RunTime:0.000300s ]
NOTIC: [8] Undefined index: id /www/wwwroot/asd.luhanforex.cn/Application/Home/Controller/IndexController.class.php 第 8 行.
SQL: SHOW COLUMNS FROM `qm_cart` [ RunTime:0.0005s ]
SQL: SELECT COUNT(id) AS tp_count FROM `qm_cart` WHERE ( user_id='' ) LIMIT 1   [ RunTime:0.0000s ]
SQL: SHOW COLUMNS FROM `qm_goods` [ RunTime:0.0004s ]
SQL: SELECT * FROM `qm_goods` WHERE ( isyoushi =2 ) ORDER BY addtime desc LIMIT 4   [ RunTime:0.0001s ]
SQL: SELECT COUNT(*) AS tp_Count FROM `qm_goods` WHERE ( isyoushi=1 ) LIMIT 1   [ RunTime:0.0000s ]
SQL: SELECT * FROM `qm_goods` WHERE ( isyoushi=1 ) LIMIT 0,8   [ RunTime:0.0001s ]
SQL: SHOW COLUMNS FROM `qm_fenlei` [ RunTime:0.0003s ]
SQL: SELECT * FROM `qm_fenlei` WHERE ( pid = 0 )  [ RunTime:0.0001s ]
SQL: SELECT * FROM `qm_goods` WHERE ( f_id=1 )  [ RunTime:0.0001s ]
SQL: SELECT * FROM `qm_goods` WHERE ( f_id=2 )  [ RunTime:0.0001s ]
SQL: SELECT * FROM `qm_goods` WHERE ( f_id=3 )  [ RunTime:0.0000s ]
SQL: SELECT * FROM `qm_goods` WHERE ( f_id=4 )  [ RunTime:0.0000s ]
SQL: SELECT * FROM `qm_goods` WHERE ( f_id=5 )  [ RunTime:0.0000s ]
INFO: [ view_parse ] --START--
INFO: [ template_filter ] --START--
INFO: Run Behavior\ContentReplaceBehavior [ RunTime:0.000160s ]
INFO: [ template_filter ] --END-- [ RunTime:0.000189s ]
NOTIC: [8] Undefined variable: wp_dialog /www/wwwroot/asd.luhanforex.cn/Application/Runtime/Cache/Home/2a94b8bda04ff446dcedd42276fc99ee.php 第 752 行.
INFO: Run Behavior\ParseTemplateBehavior [ RunTime:0.008171s ]
INFO: [ view_parse ] --END-- [ RunTime:0.008192s ]
INFO: [ view_filter ] --START--
INFO: Run Behavior\WriteHtmlCacheBehavior [ RunTime:0.000133s ]
INFO: [ view_filter ] --END-- [ RunTime:0.000151s ]
INFO: [ app_end ] --START--
INFO: Run Behavior\ShowPageTraceBehavior [ RunTime:0.000379s ]
INFO: [ app_end ] --END-- [ RunTime:0.000401s ]

