[ 2018-12-15T12:22:33+08:00 ] 123.151.77.72 /
INFO: [ app_init ] --START--
INFO: Run Behavior\BuildLiteBehavior [ RunTime:0.000007s ]
INFO: [ app_init ] --END-- [ RunTime:0.000215s ]
INFO: [ app_begin ] --START--
INFO: Run Behavior\ReadHtmlCacheBehavior [ RunTime:0.000273s ]
INFO: [ app_begin ] --END-- [ RunTime:0.000305s ]
INFO: [ view_parse ] --START--
INFO: [ template_filter ] --START--
INFO: Run Behavior\ContentReplaceBehavior [ RunTime:0.000343s ]
INFO: [ template_filter ] --END-- [ RunTime:0.000377s ]
INFO: Run Behavior\ParseTemplateBehavior [ RunTime:0.154857s ]
INFO: [ view_parse ] --END-- [ RunTime:0.154903s ]
INFO: [ view_filter ] --START--
INFO: Run Behavior\WriteHtmlCacheBehavior [ RunTime:0.018088s ]
INFO: [ view_filter ] --END-- [ RunTime:0.018120s ]
INFO: [ app_end ] --START--
INFO: Run Behavior\ShowPageTraceBehavior [ RunTime:0.008247s ]
INFO: [ app_end ] --END-- [ RunTime:0.008283s ]

[ 2018-12-15T12:22:47+08:00 ] 125.39.46.19 /index.php/Home/Index/classify
INFO: [ app_init ] --START--
INFO: Run Behavior\BuildLiteBehavior [ RunTime:0.000009s ]
INFO: [ app_init ] --END-- [ RunTime:0.000256s ]
INFO: [ app_begin ] --START--
INFO: Run Behavior\ReadHtmlCacheBehavior [ RunTime:0.000256s ]
INFO: [ app_begin ] --END-- [ RunTime:0.000277s ]
INFO: [ view_parse ] --START--
INFO: [ template_filter ] --START--
INFO: Run Behavior\ContentReplaceBehavior [ RunTime:0.000162s ]
INFO: [ template_filter ] --END-- [ RunTime:0.000194s ]
INFO: Run Behavior\ParseTemplateBehavior [ RunTime:0.059072s ]
INFO: [ view_parse ] --END-- [ RunTime:0.059149s ]
INFO: [ view_filter ] --START--
INFO: Run Behavior\WriteHtmlCacheBehavior [ RunTime:0.000136s ]
INFO: [ view_filter ] --END-- [ RunTime:0.000151s ]
INFO: [ app_end ] --START--
INFO: Run Behavior\ShowPageTraceBehavior [ RunTime:0.000329s ]
INFO: [ app_end ] --END-- [ RunTime:0.000347s ]

[ 2018-12-15T12:22:52+08:00 ] 123.151.77.72 /index.php/Home/Index/recruit.html
INFO: [ app_init ] --START--
INFO: Run Behavior\BuildLiteBehavior [ RunTime:0.000010s ]
INFO: [ app_init ] --END-- [ RunTime:0.000170s ]
INFO: [ app_begin ] --START--
INFO: Run Behavior\ReadHtmlCacheBehavior [ RunTime:0.000258s ]
INFO: [ app_begin ] --END-- [ RunTime:0.000280s ]
INFO: [ view_parse ] --START--
INFO: [ template_filter ] --START--
INFO: Run Behavior\ContentReplaceBehavior [ RunTime:0.000107s ]
INFO: [ template_filter ] --END-- [ RunTime:0.000139s ]
INFO: Run Behavior\ParseTemplateBehavior [ RunTime:0.026776s ]
INFO: [ view_parse ] --END-- [ RunTime:0.026795s ]
INFO: [ view_filter ] --START--
INFO: Run Behavior\WriteHtmlCacheBehavior [ RunTime:0.000103s ]
INFO: [ view_filter ] --END-- [ RunTime:0.000116s ]
INFO: [ app_end ] --START--
INFO: Run Behavior\ShowPageTraceBehavior [ RunTime:0.000268s ]
INFO: [ app_end ] --END-- [ RunTime:0.000284s ]

[ 2018-12-15T12:22:53+08:00 ] 123.151.77.72 /index.php/Home/Index/recruit.html
INFO: [ app_init ] --START--
INFO: Run Behavior\BuildLiteBehavior [ RunTime:0.000008s ]
INFO: [ app_init ] --END-- [ RunTime:0.000199s ]
INFO: [ app_begin ] --START--
INFO: Run Behavior\ReadHtmlCacheBehavior [ RunTime:0.000232s ]
INFO: [ app_begin ] --END-- [ RunTime:0.000253s ]
INFO: [ view_parse ] --START--
INFO: [ template_filter ] --START--
INFO: Run Behavior\ContentReplaceBehavior [ RunTime:0.000127s ]
INFO: [ template_filter ] --END-- [ RunTime:0.000149s ]
INFO: Run Behavior\ParseTemplateBehavior [ RunTime:0.005720s ]
INFO: [ view_parse ] --END-- [ RunTime:0.005740s ]
INFO: [ view_filter ] --START--
INFO: Run Behavior\WriteHtmlCacheBehavior [ RunTime:0.000086s ]
INFO: [ view_filter ] --END-- [ RunTime:0.000097s ]
INFO: [ app_end ] --START--
INFO: Run Behavior\ShowPageTraceBehavior [ RunTime:0.000277s ]
INFO: [ app_end ] --END-- [ RunTime:0.000292s ]

[ 2018-12-15T12:22:58+08:00 ] 125.39.46.19 /index.php/Home/Index/security.html
INFO: [ app_init ] --START--
INFO: Run Behavior\BuildLiteBehavior [ RunTime:0.000010s ]
INFO: [ app_init ] --END-- [ RunTime:0.000223s ]
INFO: [ app_begin ] --START--
INFO: Run Behavior\ReadHtmlCacheBehavior [ RunTime:0.000209s ]
INFO: [ app_begin ] --END-- [ RunTime:0.000227s ]
INFO: [ view_parse ] --START--
INFO: [ template_filter ] --START--
INFO: Run Behavior\ContentReplaceBehavior [ RunTime:0.000094s ]
INFO: [ template_filter ] --END-- [ RunTime:0.000126s ]
INFO: Run Behavior\ParseTemplateBehavior [ RunTime:0.038898s ]
INFO: [ view_parse ] --END-- [ RunTime:0.038916s ]
INFO: [ view_filter ] --START--
INFO: Run Behavior\WriteHtmlCacheBehavior [ RunTime:0.000082s ]
INFO: [ view_filter ] --END-- [ RunTime:0.000094s ]
INFO: [ app_end ] --START--
INFO: Run Behavior\ShowPageTraceBehavior [ RunTime:0.000274s ]
INFO: [ app_end ] --END-- [ RunTime:0.000289s ]

[ 2018-12-15T12:23:02+08:00 ] 123.151.77.72 /index.php/Home/Index/about.html
INFO: [ app_init ] --START--
INFO: Run Behavior\BuildLiteBehavior [ RunTime:0.000010s ]
INFO: [ app_init ] --END-- [ RunTime:0.000251s ]
INFO: [ app_begin ] --START--
INFO: Run Behavior\ReadHtmlCacheBehavior [ RunTime:0.000351s ]
INFO: [ app_begin ] --END-- [ RunTime:0.000377s ]
INFO: [ view_parse ] --START--
INFO: [ template_filter ] --START--
INFO: Run Behavior\ContentReplaceBehavior [ RunTime:0.000205s ]
INFO: [ template_filter ] --END-- [ RunTime:0.000248s ]
INFO: Run Behavior\ParseTemplateBehavior [ RunTime:0.021130s ]
INFO: [ view_parse ] --END-- [ RunTime:0.021161s ]
INFO: [ view_filter ] --START--
INFO: Run Behavior\WriteHtmlCacheBehavior [ RunTime:0.000138s ]
INFO: [ view_filter ] --END-- [ RunTime:0.000155s ]
INFO: [ app_end ] --START--
INFO: Run Behavior\ShowPageTraceBehavior [ RunTime:0.000388s ]
INFO: [ app_end ] --END-- [ RunTime:0.000429s ]

[ 2018-12-15T12:23:06+08:00 ] 125.39.46.19 /index.php/Home/Index/security.html
INFO: [ app_init ] --START--
INFO: Run Behavior\BuildLiteBehavior [ RunTime:0.000006s ]
INFO: [ app_init ] --END-- [ RunTime:0.000165s ]
INFO: [ app_begin ] --START--
INFO: Run Behavior\ReadHtmlCacheBehavior [ RunTime:0.000207s ]
INFO: [ app_begin ] --END-- [ RunTime:0.000226s ]
INFO: [ view_parse ] --START--
INFO: [ template_filter ] --START--
INFO: Run Behavior\ContentReplaceBehavior [ RunTime:0.000091s ]
INFO: [ template_filter ] --END-- [ RunTime:0.000113s ]
INFO: Run Behavior\ParseTemplateBehavior [ RunTime:0.005363s ]
INFO: [ view_parse ] --END-- [ RunTime:0.005381s ]
INFO: [ view_filter ] --START--
INFO: Run Behavior\WriteHtmlCacheBehavior [ RunTime:0.000083s ]
INFO: [ view_filter ] --END-- [ RunTime:0.000095s ]
INFO: [ app_end ] --START--
INFO: Run Behavior\ShowPageTraceBehavior [ RunTime:0.000252s ]
INFO: [ app_end ] --END-- [ RunTime:0.000267s ]

[ 2018-12-15T12:23:08+08:00 ] 125.39.46.19 /index.php/Home/Index/recruit.html
INFO: [ app_init ] --START--
INFO: Run Behavior\BuildLiteBehavior [ RunTime:0.000015s ]
INFO: [ app_init ] --END-- [ RunTime:0.000202s ]
INFO: [ app_begin ] --START--
INFO: Run Behavior\ReadHtmlCacheBehavior [ RunTime:0.000206s ]
INFO: [ app_begin ] --END-- [ RunTime:0.000224s ]
INFO: [ view_parse ] --START--
INFO: [ template_filter ] --START--
INFO: Run Behavior\ContentReplaceBehavior [ RunTime:0.000106s ]
INFO: [ template_filter ] --END-- [ RunTime:0.000131s ]
INFO: Run Behavior\ParseTemplateBehavior [ RunTime:0.005571s ]
INFO: [ view_parse ] --END-- [ RunTime:0.005591s ]
INFO: [ view_filter ] --START--
INFO: Run Behavior\WriteHtmlCacheBehavior [ RunTime:0.000084s ]
INFO: [ view_filter ] --END-- [ RunTime:0.000097s ]
INFO: [ app_end ] --START--
INFO: Run Behavior\ShowPageTraceBehavior [ RunTime:0.000330s ]
INFO: [ app_end ] --END-- [ RunTime:0.000346s ]

[ 2018-12-15T12:23:11+08:00 ] 125.39.46.19 /index.php/Home/Index/classify
INFO: [ app_init ] --START--
INFO: Run Behavior\BuildLiteBehavior [ RunTime:0.000007s ]
INFO: [ app_init ] --END-- [ RunTime:0.000160s ]
INFO: [ app_begin ] --START--
INFO: Run Behavior\ReadHtmlCacheBehavior [ RunTime:0.000233s ]
INFO: [ app_begin ] --END-- [ RunTime:0.000251s ]
INFO: [ view_parse ] --START--
INFO: [ template_filter ] --START--
INFO: Run Behavior\ContentReplaceBehavior [ RunTime:0.000160s ]
INFO: [ template_filter ] --END-- [ RunTime:0.000183s ]
INFO: Run Behavior\ParseTemplateBehavior [ RunTime:0.007992s ]
INFO: [ view_parse ] --END-- [ RunTime:0.008010s ]
INFO: [ view_filter ] --START--
INFO: Run Behavior\WriteHtmlCacheBehavior [ RunTime:0.000083s ]
INFO: [ view_filter ] --END-- [ RunTime:0.000095s ]
INFO: [ app_end ] --START--
INFO: Run Behavior\ShowPageTraceBehavior [ RunTime:0.000248s ]
INFO: [ app_end ] --END-- [ RunTime:0.000264s ]

[ 2018-12-15T12:23:13+08:00 ] 125.39.46.19 /index.php/Home/Index/index
INFO: [ app_init ] --START--
INFO: Run Behavior\BuildLiteBehavior [ RunTime:0.000010s ]
INFO: [ app_init ] --END-- [ RunTime:0.000205s ]
INFO: [ app_begin ] --START--
INFO: Run Behavior\ReadHtmlCacheBehavior [ RunTime:0.000221s ]
INFO: [ app_begin ] --END-- [ RunTime:0.000239s ]
INFO: [ view_parse ] --START--
INFO: [ template_filter ] --START--
INFO: Run Behavior\ContentReplaceBehavior [ RunTime:0.000353s ]
INFO: [ template_filter ] --END-- [ RunTime:0.000391s ]
INFO: Run Behavior\ParseTemplateBehavior [ RunTime:0.015150s ]
INFO: [ view_parse ] --END-- [ RunTime:0.015169s ]
INFO: [ view_filter ] --START--
INFO: Run Behavior\WriteHtmlCacheBehavior [ RunTime:0.000126s ]
INFO: [ view_filter ] --END-- [ RunTime:0.000142s ]
INFO: [ app_end ] --START--
INFO: Run Behavior\ShowPageTraceBehavior [ RunTime:0.000293s ]
INFO: [ app_end ] --END-- [ RunTime:0.000310s ]

[ 2018-12-15T12:23:32+08:00 ] 101.91.62.89 /
INFO: [ app_init ] --START--
INFO: Run Behavior\BuildLiteBehavior [ RunTime:0.000010s ]
INFO: [ app_init ] --END-- [ RunTime:0.000233s ]
INFO: [ app_begin ] --START--
INFO: Run Behavior\ReadHtmlCacheBehavior [ RunTime:0.000229s ]
INFO: [ app_begin ] --END-- [ RunTime:0.000247s ]
INFO: [ view_parse ] --START--
INFO: [ template_filter ] --START--
INFO: Run Behavior\ContentReplaceBehavior [ RunTime:0.000360s ]
INFO: [ template_filter ] --END-- [ RunTime:0.000394s ]
INFO: Run Behavior\ParseTemplateBehavior [ RunTime:0.014420s ]
INFO: [ view_parse ] --END-- [ RunTime:0.014446s ]
INFO: [ view_filter ] --START--
INFO: Run Behavior\WriteHtmlCacheBehavior [ RunTime:0.000104s ]
INFO: [ view_filter ] --END-- [ RunTime:0.000117s ]
INFO: [ app_end ] --START--
INFO: Run Behavior\ShowPageTraceBehavior [ RunTime:0.000310s ]
INFO: [ app_end ] --END-- [ RunTime:0.000327s ]

[ 2018-12-15T12:23:47+08:00 ] 61.151.178.165 /index.php/Home/Index/classify
INFO: [ app_init ] --START--
INFO: Run Behavior\BuildLiteBehavior [ RunTime:0.000008s ]
INFO: [ app_init ] --END-- [ RunTime:0.000185s ]
INFO: [ app_begin ] --START--
INFO: Run Behavior\ReadHtmlCacheBehavior [ RunTime:0.000232s ]
INFO: [ app_begin ] --END-- [ RunTime:0.000253s ]
INFO: [ view_parse ] --START--
INFO: [ template_filter ] --START--
INFO: Run Behavior\ContentReplaceBehavior [ RunTime:0.000177s ]
INFO: [ template_filter ] --END-- [ RunTime:0.000209s ]
INFO: Run Behavior\ParseTemplateBehavior [ RunTime:0.006992s ]
INFO: [ view_parse ] --END-- [ RunTime:0.007010s ]
INFO: [ view_filter ] --START--
INFO: Run Behavior\WriteHtmlCacheBehavior [ RunTime:0.000081s ]
INFO: [ view_filter ] --END-- [ RunTime:0.000094s ]
INFO: [ app_end ] --START--
INFO: Run Behavior\ShowPageTraceBehavior [ RunTime:0.000268s ]
INFO: [ app_end ] --END-- [ RunTime:0.000284s ]

[ 2018-12-15T12:23:52+08:00 ] 101.91.60.108 /index.php/Home/Index/recruit.html
INFO: [ app_init ] --START--
INFO: Run Behavior\BuildLiteBehavior [ RunTime:0.000007s ]
INFO: [ app_init ] --END-- [ RunTime:0.000169s ]
INFO: [ app_begin ] --START--
INFO: Run Behavior\ReadHtmlCacheBehavior [ RunTime:0.000239s ]
INFO: [ app_begin ] --END-- [ RunTime:0.000259s ]
INFO: [ view_parse ] --START--
INFO: [ template_filter ] --START--
INFO: Run Behavior\ContentReplaceBehavior [ RunTime:0.000122s ]
INFO: [ template_filter ] --END-- [ RunTime:0.000157s ]
INFO: Run Behavior\ParseTemplateBehavior [ RunTime:0.006032s ]
INFO: [ view_parse ] --END-- [ RunTime:0.006050s ]
INFO: [ view_filter ] --START--
INFO: Run Behavior\WriteHtmlCacheBehavior [ RunTime:0.000099s ]
INFO: [ view_filter ] --END-- [ RunTime:0.000111s ]
INFO: [ app_end ] --START--
INFO: Run Behavior\ShowPageTraceBehavior [ RunTime:0.000383s ]
INFO: [ app_end ] --END-- [ RunTime:0.000400s ]

[ 2018-12-15T12:23:58+08:00 ] 61.129.6.251 /index.php/Home/Index/security.html
INFO: [ app_init ] --START--
INFO: Run Behavior\BuildLiteBehavior [ RunTime:0.000007s ]
INFO: [ app_init ] --END-- [ RunTime:0.000163s ]
INFO: [ app_begin ] --START--
INFO: Run Behavior\ReadHtmlCacheBehavior [ RunTime:0.000219s ]
INFO: [ app_begin ] --END-- [ RunTime:0.000237s ]
INFO: [ view_parse ] --START--
INFO: [ template_filter ] --START--
INFO: Run Behavior\ContentReplaceBehavior [ RunTime:0.000097s ]
INFO: [ template_filter ] --END-- [ RunTime:0.000118s ]
INFO: Run Behavior\ParseTemplateBehavior [ RunTime:0.005373s ]
INFO: [ view_parse ] --END-- [ RunTime:0.005390s ]
INFO: [ view_filter ] --START--
INFO: Run Behavior\WriteHtmlCacheBehavior [ RunTime:0.000092s ]
INFO: [ view_filter ] --END-- [ RunTime:0.000104s ]
INFO: [ app_end ] --START--
INFO: Run Behavior\ShowPageTraceBehavior [ RunTime:0.000283s ]
INFO: [ app_end ] --END-- [ RunTime:0.000302s ]

[ 2018-12-15T12:24:13+08:00 ] 61.129.6.151 /index.php/Home/Index/index
INFO: [ app_init ] --START--
INFO: Run Behavior\BuildLiteBehavior [ RunTime:0.000007s ]
INFO: [ app_init ] --END-- [ RunTime:0.000165s ]
INFO: [ app_begin ] --START--
INFO: Run Behavior\ReadHtmlCacheBehavior [ RunTime:0.000268s ]
INFO: [ app_begin ] --END-- [ RunTime:0.000286s ]
INFO: [ view_parse ] --START--
INFO: [ template_filter ] --START--
INFO: Run Behavior\ContentReplaceBehavior [ RunTime:0.000379s ]
INFO: [ template_filter ] --END-- [ RunTime:0.000413s ]
INFO: Run Behavior\ParseTemplateBehavior [ RunTime:0.015110s ]
INFO: [ view_parse ] --END-- [ RunTime:0.015134s ]
INFO: [ view_filter ] --START--
INFO: Run Behavior\WriteHtmlCacheBehavior [ RunTime:0.000119s ]
INFO: [ view_filter ] --END-- [ RunTime:0.000138s ]
INFO: [ app_end ] --START--
INFO: Run Behavior\ShowPageTraceBehavior [ RunTime:0.000319s ]
INFO: [ app_end ] --END-- [ RunTime:0.000341s ]

[ 2018-12-15T15:03:26+08:00 ] 112.224.17.175 /
INFO: [ app_init ] --START--
INFO: Run Behavior\BuildLiteBehavior [ RunTime:0.000007s ]
INFO: [ app_init ] --END-- [ RunTime:0.000180s ]
INFO: [ app_begin ] --START--
INFO: Run Behavior\ReadHtmlCacheBehavior [ RunTime:0.000227s ]
INFO: [ app_begin ] --END-- [ RunTime:0.000245s ]
INFO: [ view_parse ] --START--
INFO: [ template_filter ] --START--
INFO: Run Behavior\ContentReplaceBehavior [ RunTime:0.000353s ]
INFO: [ template_filter ] --END-- [ RunTime:0.000391s ]
INFO: Run Behavior\ParseTemplateBehavior [ RunTime:0.013525s ]
INFO: [ view_parse ] --END-- [ RunTime:0.013544s ]
INFO: [ view_filter ] --START--
INFO: Run Behavior\WriteHtmlCacheBehavior [ RunTime:0.000112s ]
INFO: [ view_filter ] --END-- [ RunTime:0.000125s ]
INFO: [ app_end ] --START--
INFO: Run Behavior\ShowPageTraceBehavior [ RunTime:0.000302s ]
INFO: [ app_end ] --END-- [ RunTime:0.000318s ]

[ 2018-12-15T15:04:20+08:00 ] 61.151.178.175 /
INFO: [ app_init ] --START--
INFO: Run Behavior\BuildLiteBehavior [ RunTime:0.000010s ]
INFO: [ app_init ] --END-- [ RunTime:0.000246s ]
INFO: [ app_begin ] --START--
INFO: Run Behavior\ReadHtmlCacheBehavior [ RunTime:0.000303s ]
INFO: [ app_begin ] --END-- [ RunTime:0.000327s ]
INFO: [ view_parse ] --START--
INFO: [ template_filter ] --START--
INFO: Run Behavior\ContentReplaceBehavior [ RunTime:0.000342s ]
INFO: [ template_filter ] --END-- [ RunTime:0.000382s ]
INFO: Run Behavior\ParseTemplateBehavior [ RunTime:0.013718s ]
INFO: [ view_parse ] --END-- [ RunTime:0.013737s ]
INFO: [ view_filter ] --START--
INFO: Run Behavior\WriteHtmlCacheBehavior [ RunTime:0.000122s ]
INFO: [ view_filter ] --END-- [ RunTime:0.000134s ]
INFO: [ app_end ] --START--
INFO: Run Behavior\ShowPageTraceBehavior [ RunTime:0.000327s ]
INFO: [ app_end ] --END-- [ RunTime:0.000348s ]

