[ 2018-12-10T03:05:47+08:00 ] 111.14.152.43 /index.php/JY/Mgt/lunbo
INFO: [ app_init ] --START--
INFO: Run Behavior\BuildLiteBehavior [ RunTime:0.000007s ]
INFO: [ app_init ] --END-- [ RunTime:0.000178s ]
INFO: [ app_begin ] --START--
INFO: Run Behavior\ReadHtmlCacheBehavior [ RunTime:0.000435s ]
INFO: [ app_begin ] --END-- [ RunTime:0.000475s ]
SQL: SHOW COLUMNS FROM `qm_lb` [ RunTime:0.0004s ]
SQL: SELECT * FROM `qm_lb`  [ RunTime:0.0002s ]
INFO: [ view_parse ] --START--
INFO: [ template_filter ] --START--
INFO: Run Behavior\ContentReplaceBehavior [ RunTime:0.000037s ]
INFO: [ template_filter ] --END-- [ RunTime:0.000065s ]
NOTIC: [8] Undefined variable: pageinfo /www/wwwroot/jy.juhuaian.cn/Application/Runtime/Cache/JY/c59c2d682e7a4d124238f796e6b4c382.php 第 67 行.
INFO: Run Behavior\ParseTemplateBehavior [ RunTime:0.140157s ]
INFO: [ view_parse ] --END-- [ RunTime:0.140185s ]
INFO: [ view_filter ] --START--
INFO: Run Behavior\WriteHtmlCacheBehavior [ RunTime:0.011745s ]
INFO: [ view_filter ] --END-- [ RunTime:0.011777s ]
INFO: [ app_end ] --START--
INFO: Run Behavior\ShowPageTraceBehavior [ RunTime:0.008456s ]
INFO: [ app_end ] --END-- [ RunTime:0.008482s ]

