[ 2018-12-06T10:42:44+08:00 ] 112.230.157.41 /index.php/JY/Mgt/flgl
INFO: [ app_init ] --START--
INFO: Run Behavior\BuildLiteBehavior [ RunTime:0.000010s ]
INFO: [ app_init ] --END-- [ RunTime:0.000230s ]
INFO: [ app_begin ] --START--
INFO: Run Behavior\ReadHtmlCacheBehavior [ RunTime:0.000326s ]
INFO: [ app_begin ] --END-- [ RunTime:0.000360s ]
SQL: SHOW COLUMNS FROM `qm_fl` [ RunTime:0.0005s ]
SQL: SELECT * FROM `qm_fl` WHERE ( prentid=0 )  [ RunTime:0.0002s ]
SQL: SELECT * FROM `qm_fl` WHERE ( prentid=6 )  [ RunTime:0.0001s ]
SQL: SELECT * FROM `qm_fl` WHERE ( prentid=7 )  [ RunTime:0.0001s ]
SQL: SELECT * FROM `qm_fl` WHERE ( prentid=11 )  [ RunTime:0.0001s ]
SQL: SELECT * FROM `qm_fl` WHERE ( prentid=12 )  [ RunTime:0.0001s ]
SQL: SELECT * FROM `qm_fl` WHERE ( prentid=22 )  [ RunTime:0.0001s ]
SQL: SELECT * FROM `qm_fl` WHERE ( prentid=24 )  [ RunTime:0.0001s ]
SQL: SELECT * FROM `qm_fl` WHERE ( prentid=25 )  [ RunTime:0.0001s ]
INFO: [ view_parse ] --START--
INFO: [ template_filter ] --START--
INFO: Run Behavior\ContentReplaceBehavior [ RunTime:0.000053s ]
INFO: [ template_filter ] --END-- [ RunTime:0.000082s ]
NOTIC: [8] Undefined variable: pageinfo /www/wwwroot/jy.juhuaian.cn/Application/Runtime/Cache/JY/d4b778cc5d107e5f3961237b360911d2.php 第 96 行.
INFO: Run Behavior\ParseTemplateBehavior [ RunTime:0.036375s ]
INFO: [ view_parse ] --END-- [ RunTime:0.036405s ]
INFO: [ view_filter ] --START--
INFO: Run Behavior\WriteHtmlCacheBehavior [ RunTime:0.000106s ]
INFO: [ view_filter ] --END-- [ RunTime:0.000119s ]
INFO: [ app_end ] --START--
INFO: Run Behavior\ShowPageTraceBehavior [ RunTime:0.000281s ]
INFO: [ app_end ] --END-- [ RunTime:0.000296s ]

[ 2018-12-06T10:42:46+08:00 ] 112.230.157.41 /index.php/JY/Mgt/lunbo
INFO: [ app_init ] --START--
INFO: Run Behavior\BuildLiteBehavior [ RunTime:0.000006s ]
INFO: [ app_init ] --END-- [ RunTime:0.000177s ]
INFO: [ app_begin ] --START--
INFO: Run Behavior\ReadHtmlCacheBehavior [ RunTime:0.000257s ]
INFO: [ app_begin ] --END-- [ RunTime:0.000276s ]
SQL: SHOW COLUMNS FROM `qm_lb` [ RunTime:0.0005s ]
SQL: SELECT * FROM `qm_lb`  [ RunTime:0.0001s ]
INFO: [ view_parse ] --START--
INFO: [ template_filter ] --START--
INFO: Run Behavior\ContentReplaceBehavior [ RunTime:0.000037s ]
INFO: [ template_filter ] --END-- [ RunTime:0.000061s ]
NOTIC: [8] Undefined variable: pageinfo /www/wwwroot/jy.juhuaian.cn/Application/Runtime/Cache/JY/c59c2d682e7a4d124238f796e6b4c382.php 第 58 行.
INFO: Run Behavior\ParseTemplateBehavior [ RunTime:0.008763s ]
INFO: [ view_parse ] --END-- [ RunTime:0.008781s ]
INFO: [ view_filter ] --START--
INFO: Run Behavior\WriteHtmlCacheBehavior [ RunTime:0.000082s ]
INFO: [ view_filter ] --END-- [ RunTime:0.000095s ]
INFO: [ app_end ] --START--
INFO: Run Behavior\ShowPageTraceBehavior [ RunTime:0.000266s ]
INFO: [ app_end ] --END-- [ RunTime:0.000281s ]

[ 2018-12-06T10:43:12+08:00 ] 112.230.157.41 /index.php/JY/Mgt/flgl
INFO: [ app_init ] --START--
INFO: Run Behavior\BuildLiteBehavior [ RunTime:0.000009s ]
INFO: [ app_init ] --END-- [ RunTime:0.000181s ]
INFO: [ app_begin ] --START--
INFO: Run Behavior\ReadHtmlCacheBehavior [ RunTime:0.000229s ]
INFO: [ app_begin ] --END-- [ RunTime:0.000248s ]
SQL: SHOW COLUMNS FROM `qm_fl` [ RunTime:0.0005s ]
SQL: SELECT * FROM `qm_fl` WHERE ( prentid=0 )  [ RunTime:0.0001s ]
SQL: SELECT * FROM `qm_fl` WHERE ( prentid=6 )  [ RunTime:0.0000s ]
SQL: SELECT * FROM `qm_fl` WHERE ( prentid=7 )  [ RunTime:0.0000s ]
SQL: SELECT * FROM `qm_fl` WHERE ( prentid=11 )  [ RunTime:0.0000s ]
SQL: SELECT * FROM `qm_fl` WHERE ( prentid=12 )  [ RunTime:0.0000s ]
SQL: SELECT * FROM `qm_fl` WHERE ( prentid=22 )  [ RunTime:0.0000s ]
SQL: SELECT * FROM `qm_fl` WHERE ( prentid=24 )  [ RunTime:0.0000s ]
SQL: SELECT * FROM `qm_fl` WHERE ( prentid=25 )  [ RunTime:0.0000s ]
INFO: [ view_parse ] --START--
INFO: [ template_filter ] --START--
INFO: Run Behavior\ContentReplaceBehavior [ RunTime:0.000048s ]
INFO: [ template_filter ] --END-- [ RunTime:0.000069s ]
NOTIC: [8] Undefined variable: pageinfo /www/wwwroot/jy.juhuaian.cn/Application/Runtime/Cache/JY/d4b778cc5d107e5f3961237b360911d2.php 第 96 行.
INFO: Run Behavior\ParseTemplateBehavior [ RunTime:0.004175s ]
INFO: [ view_parse ] --END-- [ RunTime:0.004190s ]
INFO: [ view_filter ] --START--
INFO: Run Behavior\WriteHtmlCacheBehavior [ RunTime:0.000099s ]
INFO: [ view_filter ] --END-- [ RunTime:0.000113s ]
INFO: [ app_end ] --START--
INFO: Run Behavior\ShowPageTraceBehavior [ RunTime:0.000277s ]
INFO: [ app_end ] --END-- [ RunTime:0.000294s ]

[ 2018-12-06T10:58:19+08:00 ] 112.230.157.41 /index.php/JY/Index/index.html
INFO: [ app_init ] --START--
INFO: Run Behavior\BuildLiteBehavior [ RunTime:0.000010s ]
INFO: [ app_init ] --END-- [ RunTime:0.000251s ]
INFO: [ app_begin ] --START--
INFO: Run Behavior\ReadHtmlCacheBehavior [ RunTime:0.000310s ]
INFO: [ app_begin ] --END-- [ RunTime:0.000332s ]
SQL: SHOW COLUMNS FROM `qm_adminus` [ RunTime:0.0081s ]
SQL: SELECT `role_id` FROM `qm_adminus` WHERE `id` = 1 LIMIT 1   [ RunTime:0.0013s ]
SQL: SHOW COLUMNS FROM `qm_role_right` [ RunTime:0.0162s ]
SQL: SELECT `right_id` FROM `qm_role_right` WHERE ( role_id='1' )  [ RunTime:0.0014s ]
SQL: SHOW COLUMNS FROM `qm_right` [ RunTime:0.0182s ]
SQL: SELECT * FROM `qm_right` WHERE ( id in ('32','30','29','28','27','26','25','24','23','22','33','21','20','19','18','17','16','14','13','12','11','10','9','8','7','6','5','4','3','2','1') and parent_id=0 )  [ RunTime:0.0021s ]
SQL: SELECT * FROM `qm_right` WHERE ( id in ('32','30','29','28','27','26','25','24','23','22','33','21','20','19','18','17','16','14','13','12','11','10','9','8','7','6','5','4','3','2','1') and parent_id>0 )  [ RunTime:0.0002s ]
INFO: [ view_parse ] --START--
INFO: [ template_filter ] --START--
INFO: Run Behavior\ContentReplaceBehavior [ RunTime:0.000071s ]
INFO: [ template_filter ] --END-- [ RunTime:0.000097s ]
INFO: Run Behavior\ParseTemplateBehavior [ RunTime:0.027267s ]
INFO: [ view_parse ] --END-- [ RunTime:0.027298s ]
INFO: [ view_filter ] --START--
INFO: Run Behavior\WriteHtmlCacheBehavior [ RunTime:0.000081s ]
INFO: [ view_filter ] --END-- [ RunTime:0.000093s ]
INFO: [ app_end ] --START--
INFO: Run Behavior\ShowPageTraceBehavior [ RunTime:0.000276s ]
INFO: [ app_end ] --END-- [ RunTime:0.000292s ]

[ 2018-12-06T10:58:19+08:00 ] 112.230.157.41 /index.php/JY/Index/img/icon/baidu.png
INFO: [ app_init ] --START--
INFO: Run Behavior\BuildLiteBehavior [ RunTime:0.000007s ]
INFO: [ app_init ] --END-- [ RunTime:0.000170s ]

[ 2018-12-06T10:58:19+08:00 ] 112.230.157.41 /index.php/JY/Index/img/presentation/1.png
INFO: [ app_init ] --START--
INFO: Run Behavior\BuildLiteBehavior [ RunTime:0.000008s ]
INFO: [ app_init ] --END-- [ RunTime:0.000174s ]

[ 2018-12-06T10:58:23+08:00 ] 112.230.157.41 /index.php/JY/Mgt/flgl
INFO: [ app_init ] --START--
INFO: Run Behavior\BuildLiteBehavior [ RunTime:0.000009s ]
INFO: [ app_init ] --END-- [ RunTime:0.000229s ]
INFO: [ app_begin ] --START--
INFO: Run Behavior\ReadHtmlCacheBehavior [ RunTime:0.000331s ]
INFO: [ app_begin ] --END-- [ RunTime:0.000354s ]
SQL: SHOW COLUMNS FROM `qm_fl` [ RunTime:0.0005s ]
SQL: SELECT * FROM `qm_fl` WHERE ( prentid=0 )  [ RunTime:0.0001s ]
SQL: SELECT * FROM `qm_fl` WHERE ( prentid=6 )  [ RunTime:0.0000s ]
SQL: SELECT * FROM `qm_fl` WHERE ( prentid=7 )  [ RunTime:0.0001s ]
SQL: SELECT * FROM `qm_fl` WHERE ( prentid=11 )  [ RunTime:0.0000s ]
SQL: SELECT * FROM `qm_fl` WHERE ( prentid=12 )  [ RunTime:0.0000s ]
SQL: SELECT * FROM `qm_fl` WHERE ( prentid=22 )  [ RunTime:0.0000s ]
SQL: SELECT * FROM `qm_fl` WHERE ( prentid=24 )  [ RunTime:0.0000s ]
SQL: SELECT * FROM `qm_fl` WHERE ( prentid=25 )  [ RunTime:0.0000s ]
INFO: [ view_parse ] --START--
INFO: [ template_filter ] --START--
INFO: Run Behavior\ContentReplaceBehavior [ RunTime:0.000067s ]
INFO: [ template_filter ] --END-- [ RunTime:0.000090s ]
NOTIC: [8] Undefined variable: pageinfo /www/wwwroot/jy.juhuaian.cn/Application/Runtime/Cache/JY/d4b778cc5d107e5f3961237b360911d2.php 第 96 行.
INFO: Run Behavior\ParseTemplateBehavior [ RunTime:0.003967s ]
INFO: [ view_parse ] --END-- [ RunTime:0.003983s ]
INFO: [ view_filter ] --START--
INFO: Run Behavior\WriteHtmlCacheBehavior [ RunTime:0.000089s ]
INFO: [ view_filter ] --END-- [ RunTime:0.000101s ]
INFO: [ app_end ] --START--
INFO: Run Behavior\ShowPageTraceBehavior [ RunTime:0.000260s ]
INFO: [ app_end ] --END-- [ RunTime:0.000278s ]

[ 2018-12-06T10:58:29+08:00 ] 112.230.157.41 /index.php/JY/Mgt/delfl.html
INFO: [ app_init ] --START--
INFO: Run Behavior\BuildLiteBehavior [ RunTime:0.000008s ]
INFO: [ app_init ] --END-- [ RunTime:0.000170s ]
INFO: [ app_begin ] --START--
INFO: Run Behavior\ReadHtmlCacheBehavior [ RunTime:0.000216s ]
INFO: [ app_begin ] --END-- [ RunTime:0.000240s ]
SQL: SHOW COLUMNS FROM `qm_fl` [ RunTime:0.0004s ]
SQL: SELECT * FROM `qm_fl` WHERE ( prentid='6' )  [ RunTime:0.0002s ]

[ 2018-12-06T10:58:30+08:00 ] 112.230.157.41 /index.php/JY/Mgt/delfl.html
INFO: [ app_init ] --START--
INFO: Run Behavior\BuildLiteBehavior [ RunTime:0.000010s ]
INFO: [ app_init ] --END-- [ RunTime:0.000244s ]
INFO: [ app_begin ] --START--
INFO: Run Behavior\ReadHtmlCacheBehavior [ RunTime:0.000287s ]
INFO: [ app_begin ] --END-- [ RunTime:0.000307s ]
SQL: SHOW COLUMNS FROM `qm_fl` [ RunTime:0.0004s ]
SQL: SELECT * FROM `qm_fl` WHERE ( prentid='6' )  [ RunTime:0.0001s ]

[ 2018-12-06T10:58:35+08:00 ] 112.230.157.41 /index.php/JY/Mgt/delfl.html
INFO: [ app_init ] --START--
INFO: Run Behavior\BuildLiteBehavior [ RunTime:0.000007s ]
INFO: [ app_init ] --END-- [ RunTime:0.000180s ]
INFO: [ app_begin ] --START--
INFO: Run Behavior\ReadHtmlCacheBehavior [ RunTime:0.000261s ]
INFO: [ app_begin ] --END-- [ RunTime:0.000280s ]
SQL: SHOW COLUMNS FROM `qm_fl` [ RunTime:0.0004s ]
SQL: SELECT * FROM `qm_fl` WHERE ( prentid='8' )  [ RunTime:0.0002s ]
SQL: DELETE FROM `qm_fl` WHERE ( id='8' ) [ RunTime:0.0144s ]

[ 2018-12-06T10:58:35+08:00 ] 112.230.157.41 /index.php/JY/Mgt/flgl
INFO: [ app_init ] --START--
INFO: Run Behavior\BuildLiteBehavior [ RunTime:0.000006s ]
INFO: [ app_init ] --END-- [ RunTime:0.000209s ]
INFO: [ app_begin ] --START--
INFO: Run Behavior\ReadHtmlCacheBehavior [ RunTime:0.000212s ]
INFO: [ app_begin ] --END-- [ RunTime:0.000228s ]
SQL: SHOW COLUMNS FROM `qm_fl` [ RunTime:0.0004s ]
SQL: SELECT * FROM `qm_fl` WHERE ( prentid=0 )  [ RunTime:0.0002s ]
SQL: SELECT * FROM `qm_fl` WHERE ( prentid=6 )  [ RunTime:0.0001s ]
SQL: SELECT * FROM `qm_fl` WHERE ( prentid=7 )  [ RunTime:0.0001s ]
SQL: SELECT * FROM `qm_fl` WHERE ( prentid=11 )  [ RunTime:0.0001s ]
SQL: SELECT * FROM `qm_fl` WHERE ( prentid=12 )  [ RunTime:0.0001s ]
SQL: SELECT * FROM `qm_fl` WHERE ( prentid=22 )  [ RunTime:0.0001s ]
SQL: SELECT * FROM `qm_fl` WHERE ( prentid=24 )  [ RunTime:0.0001s ]
SQL: SELECT * FROM `qm_fl` WHERE ( prentid=25 )  [ RunTime:0.0001s ]
INFO: [ view_parse ] --START--
INFO: [ template_filter ] --START--
INFO: Run Behavior\ContentReplaceBehavior [ RunTime:0.000044s ]
INFO: [ template_filter ] --END-- [ RunTime:0.000064s ]
NOTIC: [8] Undefined variable: pageinfo /www/wwwroot/jy.juhuaian.cn/Application/Runtime/Cache/JY/d4b778cc5d107e5f3961237b360911d2.php 第 96 行.
INFO: Run Behavior\ParseTemplateBehavior [ RunTime:0.004126s ]
INFO: [ view_parse ] --END-- [ RunTime:0.004142s ]
INFO: [ view_filter ] --START--
INFO: Run Behavior\WriteHtmlCacheBehavior [ RunTime:0.000091s ]
INFO: [ view_filter ] --END-- [ RunTime:0.000103s ]
INFO: [ app_end ] --START--
INFO: Run Behavior\ShowPageTraceBehavior [ RunTime:0.000331s ]
INFO: [ app_end ] --END-- [ RunTime:0.000348s ]

[ 2018-12-06T10:58:36+08:00 ] 112.230.157.41 /index.php/JY/Mgt/delfl.html
INFO: [ app_init ] --START--
INFO: Run Behavior\BuildLiteBehavior [ RunTime:0.000008s ]
INFO: [ app_init ] --END-- [ RunTime:0.000229s ]
INFO: [ app_begin ] --START--
INFO: Run Behavior\ReadHtmlCacheBehavior [ RunTime:0.000242s ]
INFO: [ app_begin ] --END-- [ RunTime:0.000264s ]
SQL: SHOW COLUMNS FROM `qm_fl` [ RunTime:0.0005s ]
SQL: SELECT * FROM `qm_fl` WHERE ( prentid='7' )  [ RunTime:0.0002s ]

[ 2018-12-06T10:58:39+08:00 ] 112.230.157.41 /index.php/JY/Mgt/delfl.html
INFO: [ app_init ] --START--
INFO: Run Behavior\BuildLiteBehavior [ RunTime:0.000007s ]
INFO: [ app_init ] --END-- [ RunTime:0.000171s ]
INFO: [ app_begin ] --START--
INFO: Run Behavior\ReadHtmlCacheBehavior [ RunTime:0.000260s ]
INFO: [ app_begin ] --END-- [ RunTime:0.000279s ]
SQL: SHOW COLUMNS FROM `qm_fl` [ RunTime:0.0004s ]
SQL: SELECT * FROM `qm_fl` WHERE ( prentid='10' )  [ RunTime:0.0002s ]
SQL: DELETE FROM `qm_fl` WHERE ( id='10' ) [ RunTime:0.0152s ]

[ 2018-12-06T10:58:39+08:00 ] 112.230.157.41 /index.php/JY/Mgt/flgl
INFO: [ app_init ] --START--
INFO: Run Behavior\BuildLiteBehavior [ RunTime:0.000006s ]
INFO: [ app_init ] --END-- [ RunTime:0.000180s ]
INFO: [ app_begin ] --START--
INFO: Run Behavior\ReadHtmlCacheBehavior [ RunTime:0.000246s ]
INFO: [ app_begin ] --END-- [ RunTime:0.000266s ]
SQL: SHOW COLUMNS FROM `qm_fl` [ RunTime:0.0005s ]
SQL: SELECT * FROM `qm_fl` WHERE ( prentid=0 )  [ RunTime:0.0002s ]
SQL: SELECT * FROM `qm_fl` WHERE ( prentid=6 )  [ RunTime:0.0001s ]
SQL: SELECT * FROM `qm_fl` WHERE ( prentid=7 )  [ RunTime:0.0001s ]
SQL: SELECT * FROM `qm_fl` WHERE ( prentid=11 )  [ RunTime:0.0001s ]
SQL: SELECT * FROM `qm_fl` WHERE ( prentid=12 )  [ RunTime:0.0001s ]
SQL: SELECT * FROM `qm_fl` WHERE ( prentid=22 )  [ RunTime:0.0001s ]
SQL: SELECT * FROM `qm_fl` WHERE ( prentid=24 )  [ RunTime:0.0001s ]
SQL: SELECT * FROM `qm_fl` WHERE ( prentid=25 )  [ RunTime:0.0001s ]
INFO: [ view_parse ] --START--
INFO: [ template_filter ] --START--
INFO: Run Behavior\ContentReplaceBehavior [ RunTime:0.000042s ]
INFO: [ template_filter ] --END-- [ RunTime:0.000060s ]
NOTIC: [8] Undefined variable: pageinfo /www/wwwroot/jy.juhuaian.cn/Application/Runtime/Cache/JY/d4b778cc5d107e5f3961237b360911d2.php 第 96 行.
INFO: Run Behavior\ParseTemplateBehavior [ RunTime:0.003889s ]
INFO: [ view_parse ] --END-- [ RunTime:0.003904s ]
INFO: [ view_filter ] --START--
INFO: Run Behavior\WriteHtmlCacheBehavior [ RunTime:0.000086s ]
INFO: [ view_filter ] --END-- [ RunTime:0.000100s ]
INFO: [ app_end ] --START--
INFO: Run Behavior\ShowPageTraceBehavior [ RunTime:0.000250s ]
INFO: [ app_end ] --END-- [ RunTime:0.000267s ]

[ 2018-12-06T10:58:41+08:00 ] 112.230.157.41 /index.php/JY/Mgt/delfl.html
INFO: [ app_init ] --START--
INFO: Run Behavior\BuildLiteBehavior [ RunTime:0.000007s ]
INFO: [ app_init ] --END-- [ RunTime:0.000181s ]
INFO: [ app_begin ] --START--
INFO: Run Behavior\ReadHtmlCacheBehavior [ RunTime:0.000261s ]
INFO: [ app_begin ] --END-- [ RunTime:0.000278s ]
SQL: SHOW COLUMNS FROM `qm_fl` [ RunTime:0.0004s ]
SQL: SELECT * FROM `qm_fl` WHERE ( prentid='6' )  [ RunTime:0.0002s ]
SQL: DELETE FROM `qm_fl` WHERE ( id='6' ) [ RunTime:0.0146s ]

[ 2018-12-06T10:58:41+08:00 ] 112.230.157.41 /index.php/JY/Mgt/flgl
INFO: [ app_init ] --START--
INFO: Run Behavior\BuildLiteBehavior [ RunTime:0.000007s ]
INFO: [ app_init ] --END-- [ RunTime:0.000189s ]
INFO: [ app_begin ] --START--
INFO: Run Behavior\ReadHtmlCacheBehavior [ RunTime:0.000225s ]
INFO: [ app_begin ] --END-- [ RunTime:0.000247s ]
SQL: SHOW COLUMNS FROM `qm_fl` [ RunTime:0.0004s ]
SQL: SELECT * FROM `qm_fl` WHERE ( prentid=0 )  [ RunTime:0.0002s ]
SQL: SELECT * FROM `qm_fl` WHERE ( prentid=7 )  [ RunTime:0.0001s ]
SQL: SELECT * FROM `qm_fl` WHERE ( prentid=11 )  [ RunTime:0.0001s ]
SQL: SELECT * FROM `qm_fl` WHERE ( prentid=12 )  [ RunTime:0.0001s ]
SQL: SELECT * FROM `qm_fl` WHERE ( prentid=22 )  [ RunTime:0.0001s ]
SQL: SELECT * FROM `qm_fl` WHERE ( prentid=24 )  [ RunTime:0.0001s ]
SQL: SELECT * FROM `qm_fl` WHERE ( prentid=25 )  [ RunTime:0.0001s ]
INFO: [ view_parse ] --START--
INFO: [ template_filter ] --START--
INFO: Run Behavior\ContentReplaceBehavior [ RunTime:0.000050s ]
INFO: [ template_filter ] --END-- [ RunTime:0.000072s ]
NOTIC: [8] Undefined variable: pageinfo /www/wwwroot/jy.juhuaian.cn/Application/Runtime/Cache/JY/d4b778cc5d107e5f3961237b360911d2.php 第 96 行.
INFO: Run Behavior\ParseTemplateBehavior [ RunTime:0.004024s ]
INFO: [ view_parse ] --END-- [ RunTime:0.004043s ]
INFO: [ view_filter ] --START--
INFO: Run Behavior\WriteHtmlCacheBehavior [ RunTime:0.000086s ]
INFO: [ view_filter ] --END-- [ RunTime:0.000099s ]
INFO: [ app_end ] --START--
INFO: Run Behavior\ShowPageTraceBehavior [ RunTime:0.000272s ]
INFO: [ app_end ] --END-- [ RunTime:0.000292s ]

[ 2018-12-06T10:58:42+08:00 ] 112.230.157.41 /index.php/JY/Mgt/delfl.html
INFO: [ app_init ] --START--
INFO: Run Behavior\BuildLiteBehavior [ RunTime:0.000007s ]
INFO: [ app_init ] --END-- [ RunTime:0.000197s ]
INFO: [ app_begin ] --START--
INFO: Run Behavior\ReadHtmlCacheBehavior [ RunTime:0.000207s ]
INFO: [ app_begin ] --END-- [ RunTime:0.000224s ]
SQL: SHOW COLUMNS FROM `qm_fl` [ RunTime:0.0005s ]
SQL: SELECT * FROM `qm_fl` WHERE ( prentid='7' )  [ RunTime:0.0002s ]

[ 2018-12-06T10:58:46+08:00 ] 112.230.157.41 /index.php/JY/Mgt/delfl.html
INFO: [ app_init ] --START--
INFO: Run Behavior\BuildLiteBehavior [ RunTime:0.000010s ]
INFO: [ app_init ] --END-- [ RunTime:0.000239s ]
INFO: [ app_begin ] --START--
INFO: Run Behavior\ReadHtmlCacheBehavior [ RunTime:0.000374s ]
INFO: [ app_begin ] --END-- [ RunTime:0.000397s ]
SQL: SHOW COLUMNS FROM `qm_fl` [ RunTime:0.0005s ]
SQL: SELECT * FROM `qm_fl` WHERE ( prentid='9' )  [ RunTime:0.0002s ]
SQL: DELETE FROM `qm_fl` WHERE ( id='9' ) [ RunTime:0.0125s ]

[ 2018-12-06T10:58:46+08:00 ] 112.230.157.41 /index.php/JY/Mgt/flgl
INFO: [ app_init ] --START--
INFO: Run Behavior\BuildLiteBehavior [ RunTime:0.000007s ]
INFO: [ app_init ] --END-- [ RunTime:0.000200s ]
INFO: [ app_begin ] --START--
INFO: Run Behavior\ReadHtmlCacheBehavior [ RunTime:0.000249s ]
INFO: [ app_begin ] --END-- [ RunTime:0.000270s ]
SQL: SHOW COLUMNS FROM `qm_fl` [ RunTime:0.0004s ]
SQL: SELECT * FROM `qm_fl` WHERE ( prentid=0 )  [ RunTime:0.0002s ]
SQL: SELECT * FROM `qm_fl` WHERE ( prentid=7 )  [ RunTime:0.0001s ]
SQL: SELECT * FROM `qm_fl` WHERE ( prentid=11 )  [ RunTime:0.0001s ]
SQL: SELECT * FROM `qm_fl` WHERE ( prentid=12 )  [ RunTime:0.0001s ]
SQL: SELECT * FROM `qm_fl` WHERE ( prentid=22 )  [ RunTime:0.0001s ]
SQL: SELECT * FROM `qm_fl` WHERE ( prentid=24 )  [ RunTime:0.0001s ]
SQL: SELECT * FROM `qm_fl` WHERE ( prentid=25 )  [ RunTime:0.0001s ]
INFO: [ view_parse ] --START--
INFO: [ template_filter ] --START--
INFO: Run Behavior\ContentReplaceBehavior [ RunTime:0.000043s ]
INFO: [ template_filter ] --END-- [ RunTime:0.000061s ]
NOTIC: [8] Undefined variable: pageinfo /www/wwwroot/jy.juhuaian.cn/Application/Runtime/Cache/JY/d4b778cc5d107e5f3961237b360911d2.php 第 96 行.
INFO: Run Behavior\ParseTemplateBehavior [ RunTime:0.003794s ]
INFO: [ view_parse ] --END-- [ RunTime:0.003833s ]
INFO: [ view_filter ] --START--
INFO: Run Behavior\WriteHtmlCacheBehavior [ RunTime:0.000089s ]
INFO: [ view_filter ] --END-- [ RunTime:0.000103s ]
INFO: [ app_end ] --START--
INFO: Run Behavior\ShowPageTraceBehavior [ RunTime:0.000282s ]
INFO: [ app_end ] --END-- [ RunTime:0.000298s ]

[ 2018-12-06T10:58:47+08:00 ] 112.230.157.41 /index.php/JY/Mgt/delfl.html
INFO: [ app_init ] --START--
INFO: Run Behavior\BuildLiteBehavior [ RunTime:0.000009s ]
INFO: [ app_init ] --END-- [ RunTime:0.000223s ]
INFO: [ app_begin ] --START--
INFO: Run Behavior\ReadHtmlCacheBehavior [ RunTime:0.000218s ]
INFO: [ app_begin ] --END-- [ RunTime:0.000235s ]
SQL: SHOW COLUMNS FROM `qm_fl` [ RunTime:0.0004s ]
SQL: SELECT * FROM `qm_fl` WHERE ( prentid='7' )  [ RunTime:0.0002s ]
SQL: DELETE FROM `qm_fl` WHERE ( id='7' ) [ RunTime:0.0146s ]

[ 2018-12-06T10:58:47+08:00 ] 112.230.157.41 /index.php/JY/Mgt/flgl
INFO: [ app_init ] --START--
INFO: Run Behavior\BuildLiteBehavior [ RunTime:0.000007s ]
INFO: [ app_init ] --END-- [ RunTime:0.000191s ]
INFO: [ app_begin ] --START--
INFO: Run Behavior\ReadHtmlCacheBehavior [ RunTime:0.000241s ]
INFO: [ app_begin ] --END-- [ RunTime:0.000258s ]
SQL: SHOW COLUMNS FROM `qm_fl` [ RunTime:0.0005s ]
SQL: SELECT * FROM `qm_fl` WHERE ( prentid=0 )  [ RunTime:0.0002s ]
SQL: SELECT * FROM `qm_fl` WHERE ( prentid=11 )  [ RunTime:0.0001s ]
SQL: SELECT * FROM `qm_fl` WHERE ( prentid=12 )  [ RunTime:0.0002s ]
SQL: SELECT * FROM `qm_fl` WHERE ( prentid=22 )  [ RunTime:0.0001s ]
SQL: SELECT * FROM `qm_fl` WHERE ( prentid=24 )  [ RunTime:0.0001s ]
SQL: SELECT * FROM `qm_fl` WHERE ( prentid=25 )  [ RunTime:0.0001s ]
INFO: [ view_parse ] --START--
INFO: [ template_filter ] --START--
INFO: Run Behavior\ContentReplaceBehavior [ RunTime:0.000043s ]
INFO: [ template_filter ] --END-- [ RunTime:0.000060s ]
NOTIC: [8] Undefined variable: pageinfo /www/wwwroot/jy.juhuaian.cn/Application/Runtime/Cache/JY/d4b778cc5d107e5f3961237b360911d2.php 第 96 行.
INFO: Run Behavior\ParseTemplateBehavior [ RunTime:0.004103s ]
INFO: [ view_parse ] --END-- [ RunTime:0.004121s ]
INFO: [ view_filter ] --START--
INFO: Run Behavior\WriteHtmlCacheBehavior [ RunTime:0.000107s ]
INFO: [ view_filter ] --END-- [ RunTime:0.000125s ]
INFO: [ app_end ] --START--
INFO: Run Behavior\ShowPageTraceBehavior [ RunTime:0.000354s ]
INFO: [ app_end ] --END-- [ RunTime:0.000377s ]

[ 2018-12-06T10:58:48+08:00 ] 112.230.157.41 /index.php/JY/Mgt/flxg/id/11
INFO: [ app_init ] --START--
INFO: Run Behavior\BuildLiteBehavior [ RunTime:0.000007s ]
INFO: [ app_init ] --END-- [ RunTime:0.000172s ]
INFO: [ app_begin ] --START--
INFO: Run Behavior\ReadHtmlCacheBehavior [ RunTime:0.000215s ]
INFO: [ app_begin ] --END-- [ RunTime:0.000231s ]
SQL: SHOW COLUMNS FROM `qm_fl` [ RunTime:0.0004s ]
SQL: SELECT * FROM `qm_fl` WHERE ( id=11 ) LIMIT 1   [ RunTime:0.0002s ]
INFO: [ view_parse ] --START--
INFO: [ template_filter ] --START--
INFO: Run Behavior\ContentReplaceBehavior [ RunTime:0.000037s ]
INFO: [ template_filter ] --END-- [ RunTime:0.000068s ]
INFO: Run Behavior\ParseTemplateBehavior [ RunTime:0.012183s ]
INFO: [ view_parse ] --END-- [ RunTime:0.012202s ]
INFO: [ view_filter ] --START--
INFO: Run Behavior\WriteHtmlCacheBehavior [ RunTime:0.000115s ]
INFO: [ view_filter ] --END-- [ RunTime:0.000130s ]
INFO: [ app_end ] --START--
INFO: Run Behavior\ShowPageTraceBehavior [ RunTime:0.000412s ]
INFO: [ app_end ] --END-- [ RunTime:0.000427s ]

[ 2018-12-06T10:58:50+08:00 ] 112.230.157.41 /index.php/JY/Mgt/flgl
INFO: [ app_init ] --START--
INFO: Run Behavior\BuildLiteBehavior [ RunTime:0.000006s ]
INFO: [ app_init ] --END-- [ RunTime:0.000168s ]
INFO: [ app_begin ] --START--
INFO: Run Behavior\ReadHtmlCacheBehavior [ RunTime:0.000207s ]
INFO: [ app_begin ] --END-- [ RunTime:0.000225s ]
SQL: SHOW COLUMNS FROM `qm_fl` [ RunTime:0.0005s ]
SQL: SELECT * FROM `qm_fl` WHERE ( prentid=0 )  [ RunTime:0.0001s ]
SQL: SELECT * FROM `qm_fl` WHERE ( prentid=11 )  [ RunTime:0.0000s ]
SQL: SELECT * FROM `qm_fl` WHERE ( prentid=12 )  [ RunTime:0.0000s ]
SQL: SELECT * FROM `qm_fl` WHERE ( prentid=22 )  [ RunTime:0.0000s ]
SQL: SELECT * FROM `qm_fl` WHERE ( prentid=24 )  [ RunTime:0.0000s ]
SQL: SELECT * FROM `qm_fl` WHERE ( prentid=25 )  [ RunTime:0.0000s ]
INFO: [ view_parse ] --START--
INFO: [ template_filter ] --START--
INFO: Run Behavior\ContentReplaceBehavior [ RunTime:0.000050s ]
INFO: [ template_filter ] --END-- [ RunTime:0.000069s ]
NOTIC: [8] Undefined variable: pageinfo /www/wwwroot/jy.juhuaian.cn/Application/Runtime/Cache/JY/d4b778cc5d107e5f3961237b360911d2.php 第 96 行.
INFO: Run Behavior\ParseTemplateBehavior [ RunTime:0.004941s ]
INFO: [ view_parse ] --END-- [ RunTime:0.004957s ]
INFO: [ view_filter ] --START--
INFO: Run Behavior\WriteHtmlCacheBehavior [ RunTime:0.000083s ]
INFO: [ view_filter ] --END-- [ RunTime:0.000094s ]
INFO: [ app_end ] --START--
INFO: Run Behavior\ShowPageTraceBehavior [ RunTime:0.000280s ]
INFO: [ app_end ] --END-- [ RunTime:0.000295s ]

[ 2018-12-06T10:58:53+08:00 ] 112.230.157.41 /index.php/JY/Mgt/delfl.html
INFO: [ app_init ] --START--
INFO: Run Behavior\BuildLiteBehavior [ RunTime:0.000009s ]
INFO: [ app_init ] --END-- [ RunTime:0.000199s ]
INFO: [ app_begin ] --START--
INFO: Run Behavior\ReadHtmlCacheBehavior [ RunTime:0.000207s ]
INFO: [ app_begin ] --END-- [ RunTime:0.000224s ]
SQL: SHOW COLUMNS FROM `qm_fl` [ RunTime:0.0005s ]
SQL: SELECT * FROM `qm_fl` WHERE ( prentid='11' )  [ RunTime:0.0002s ]
SQL: DELETE FROM `qm_fl` WHERE ( id='11' ) [ RunTime:0.0373s ]

[ 2018-12-06T10:58:53+08:00 ] 112.230.157.41 /index.php/JY/Mgt/flgl
INFO: [ app_init ] --START--
INFO: Run Behavior\BuildLiteBehavior [ RunTime:0.000007s ]
INFO: [ app_init ] --END-- [ RunTime:0.000184s ]
INFO: [ app_begin ] --START--
INFO: Run Behavior\ReadHtmlCacheBehavior [ RunTime:0.000238s ]
INFO: [ app_begin ] --END-- [ RunTime:0.000256s ]
SQL: SHOW COLUMNS FROM `qm_fl` [ RunTime:0.0004s ]
SQL: SELECT * FROM `qm_fl` WHERE ( prentid=0 )  [ RunTime:0.0002s ]
SQL: SELECT * FROM `qm_fl` WHERE ( prentid=12 )  [ RunTime:0.0001s ]
SQL: SELECT * FROM `qm_fl` WHERE ( prentid=22 )  [ RunTime:0.0001s ]
SQL: SELECT * FROM `qm_fl` WHERE ( prentid=24 )  [ RunTime:0.0001s ]
SQL: SELECT * FROM `qm_fl` WHERE ( prentid=25 )  [ RunTime:0.0001s ]
INFO: [ view_parse ] --START--
INFO: [ template_filter ] --START--
INFO: Run Behavior\ContentReplaceBehavior [ RunTime:0.000049s ]
INFO: [ template_filter ] --END-- [ RunTime:0.000071s ]
NOTIC: [8] Undefined variable: pageinfo /www/wwwroot/jy.juhuaian.cn/Application/Runtime/Cache/JY/d4b778cc5d107e5f3961237b360911d2.php 第 96 行.
INFO: Run Behavior\ParseTemplateBehavior [ RunTime:0.003823s ]
INFO: [ view_parse ] --END-- [ RunTime:0.003838s ]
INFO: [ view_filter ] --START--
INFO: Run Behavior\WriteHtmlCacheBehavior [ RunTime:0.000101s ]
INFO: [ view_filter ] --END-- [ RunTime:0.000114s ]
INFO: [ app_end ] --START--
INFO: Run Behavior\ShowPageTraceBehavior [ RunTime:0.000249s ]
INFO: [ app_end ] --END-- [ RunTime:0.000264s ]

[ 2018-12-06T10:58:57+08:00 ] 112.230.157.41 /index.php/JY/Mgt/delfl.html
INFO: [ app_init ] --START--
INFO: Run Behavior\BuildLiteBehavior [ RunTime:0.000008s ]
INFO: [ app_init ] --END-- [ RunTime:0.000189s ]
INFO: [ app_begin ] --START--
INFO: Run Behavior\ReadHtmlCacheBehavior [ RunTime:0.000288s ]
INFO: [ app_begin ] --END-- [ RunTime:0.000309s ]
SQL: SHOW COLUMNS FROM `qm_fl` [ RunTime:0.0004s ]
SQL: SELECT * FROM `qm_fl` WHERE ( prentid='13' )  [ RunTime:0.0002s ]
SQL: DELETE FROM `qm_fl` WHERE ( id='13' ) [ RunTime:0.0154s ]

[ 2018-12-06T10:58:57+08:00 ] 112.230.157.41 /index.php/JY/Mgt/flgl
INFO: [ app_init ] --START--
INFO: Run Behavior\BuildLiteBehavior [ RunTime:0.000011s ]
INFO: [ app_init ] --END-- [ RunTime:0.000239s ]
INFO: [ app_begin ] --START--
INFO: Run Behavior\ReadHtmlCacheBehavior [ RunTime:0.000244s ]
INFO: [ app_begin ] --END-- [ RunTime:0.000263s ]
SQL: SHOW COLUMNS FROM `qm_fl` [ RunTime:0.0005s ]
SQL: SELECT * FROM `qm_fl` WHERE ( prentid=0 )  [ RunTime:0.0002s ]
SQL: SELECT * FROM `qm_fl` WHERE ( prentid=12 )  [ RunTime:0.0001s ]
SQL: SELECT * FROM `qm_fl` WHERE ( prentid=22 )  [ RunTime:0.0001s ]
SQL: SELECT * FROM `qm_fl` WHERE ( prentid=24 )  [ RunTime:0.0001s ]
SQL: SELECT * FROM `qm_fl` WHERE ( prentid=25 )  [ RunTime:0.0001s ]
INFO: [ view_parse ] --START--
INFO: [ template_filter ] --START--
INFO: Run Behavior\ContentReplaceBehavior [ RunTime:0.000042s ]
INFO: [ template_filter ] --END-- [ RunTime:0.000062s ]
NOTIC: [8] Undefined variable: pageinfo /www/wwwroot/jy.juhuaian.cn/Application/Runtime/Cache/JY/d4b778cc5d107e5f3961237b360911d2.php 第 96 行.
INFO: Run Behavior\ParseTemplateBehavior [ RunTime:0.005142s ]
INFO: [ view_parse ] --END-- [ RunTime:0.005157s ]
INFO: [ view_filter ] --START--
INFO: Run Behavior\WriteHtmlCacheBehavior [ RunTime:0.000081s ]
INFO: [ view_filter ] --END-- [ RunTime:0.000095s ]
INFO: [ app_end ] --START--
INFO: Run Behavior\ShowPageTraceBehavior [ RunTime:0.000293s ]
INFO: [ app_end ] --END-- [ RunTime:0.000314s ]

[ 2018-12-06T10:59:01+08:00 ] 112.230.157.41 /index.php/JY/Mgt/delfl.html
INFO: [ app_init ] --START--
INFO: Run Behavior\BuildLiteBehavior [ RunTime:0.000007s ]
INFO: [ app_init ] --END-- [ RunTime:0.000194s ]
INFO: [ app_begin ] --START--
INFO: Run Behavior\ReadHtmlCacheBehavior [ RunTime:0.000221s ]
INFO: [ app_begin ] --END-- [ RunTime:0.000240s ]
SQL: SHOW COLUMNS FROM `qm_fl` [ RunTime:0.0006s ]
SQL: SELECT * FROM `qm_fl` WHERE ( prentid='22' )  [ RunTime:0.0002s ]

[ 2018-12-06T10:59:04+08:00 ] 112.230.157.41 /index.php/JY/Mgt/delfl.html
INFO: [ app_init ] --START--
INFO: Run Behavior\BuildLiteBehavior [ RunTime:0.000010s ]
INFO: [ app_init ] --END-- [ RunTime:0.000224s ]
INFO: [ app_begin ] --START--
INFO: Run Behavior\ReadHtmlCacheBehavior [ RunTime:0.000393s ]
INFO: [ app_begin ] --END-- [ RunTime:0.000417s ]
SQL: SHOW COLUMNS FROM `qm_fl` [ RunTime:0.0006s ]
SQL: SELECT * FROM `qm_fl` WHERE ( prentid='23' )  [ RunTime:0.0002s ]
SQL: DELETE FROM `qm_fl` WHERE ( id='23' ) [ RunTime:0.0349s ]

[ 2018-12-06T10:59:04+08:00 ] 112.230.157.41 /index.php/JY/Mgt/flgl
INFO: [ app_init ] --START--
INFO: Run Behavior\BuildLiteBehavior [ RunTime:0.000010s ]
INFO: [ app_init ] --END-- [ RunTime:0.000219s ]
INFO: [ app_begin ] --START--
INFO: Run Behavior\ReadHtmlCacheBehavior [ RunTime:0.000226s ]
INFO: [ app_begin ] --END-- [ RunTime:0.000243s ]
SQL: SHOW COLUMNS FROM `qm_fl` [ RunTime:0.0004s ]
SQL: SELECT * FROM `qm_fl` WHERE ( prentid=0 )  [ RunTime:0.0002s ]
SQL: SELECT * FROM `qm_fl` WHERE ( prentid=12 )  [ RunTime:0.0002s ]
SQL: SELECT * FROM `qm_fl` WHERE ( prentid=22 )  [ RunTime:0.0001s ]
SQL: SELECT * FROM `qm_fl` WHERE ( prentid=24 )  [ RunTime:0.0001s ]
SQL: SELECT * FROM `qm_fl` WHERE ( prentid=25 )  [ RunTime:0.0001s ]
INFO: [ view_parse ] --START--
INFO: [ template_filter ] --START--
INFO: Run Behavior\ContentReplaceBehavior [ RunTime:0.000046s ]
INFO: [ template_filter ] --END-- [ RunTime:0.000067s ]
NOTIC: [8] Undefined variable: pageinfo /www/wwwroot/jy.juhuaian.cn/Application/Runtime/Cache/JY/d4b778cc5d107e5f3961237b360911d2.php 第 96 行.
INFO: Run Behavior\ParseTemplateBehavior [ RunTime:0.005195s ]
INFO: [ view_parse ] --END-- [ RunTime:0.005211s ]
INFO: [ view_filter ] --START--
INFO: Run Behavior\WriteHtmlCacheBehavior [ RunTime:0.000087s ]
INFO: [ view_filter ] --END-- [ RunTime:0.000100s ]
INFO: [ app_end ] --START--
INFO: Run Behavior\ShowPageTraceBehavior [ RunTime:0.000278s ]
INFO: [ app_end ] --END-- [ RunTime:0.000294s ]

[ 2018-12-06T10:59:05+08:00 ] 112.230.157.41 /index.php/JY/Mgt/delfl.html
INFO: [ app_init ] --START--
INFO: Run Behavior\BuildLiteBehavior [ RunTime:0.000010s ]
INFO: [ app_init ] --END-- [ RunTime:0.000252s ]
INFO: [ app_begin ] --START--
INFO: Run Behavior\ReadHtmlCacheBehavior [ RunTime:0.000244s ]
INFO: [ app_begin ] --END-- [ RunTime:0.000263s ]
SQL: SHOW COLUMNS FROM `qm_fl` [ RunTime:0.0005s ]
SQL: SELECT * FROM `qm_fl` WHERE ( prentid='22' )  [ RunTime:0.0002s ]
SQL: DELETE FROM `qm_fl` WHERE ( id='22' ) [ RunTime:0.0148s ]

[ 2018-12-06T10:59:05+08:00 ] 112.230.157.41 /index.php/JY/Mgt/flgl
INFO: [ app_init ] --START--
INFO: Run Behavior\BuildLiteBehavior [ RunTime:0.000010s ]
INFO: [ app_init ] --END-- [ RunTime:0.000183s ]
INFO: [ app_begin ] --START--
INFO: Run Behavior\ReadHtmlCacheBehavior [ RunTime:0.000231s ]
INFO: [ app_begin ] --END-- [ RunTime:0.000249s ]
SQL: SHOW COLUMNS FROM `qm_fl` [ RunTime:0.0005s ]
SQL: SELECT * FROM `qm_fl` WHERE ( prentid=0 )  [ RunTime:0.0002s ]
SQL: SELECT * FROM `qm_fl` WHERE ( prentid=12 )  [ RunTime:0.0001s ]
SQL: SELECT * FROM `qm_fl` WHERE ( prentid=24 )  [ RunTime:0.0001s ]
SQL: SELECT * FROM `qm_fl` WHERE ( prentid=25 )  [ RunTime:0.0001s ]
INFO: [ view_parse ] --START--
INFO: [ template_filter ] --START--
INFO: Run Behavior\ContentReplaceBehavior [ RunTime:0.000043s ]
INFO: [ template_filter ] --END-- [ RunTime:0.000062s ]
NOTIC: [8] Undefined variable: pageinfo /www/wwwroot/jy.juhuaian.cn/Application/Runtime/Cache/JY/d4b778cc5d107e5f3961237b360911d2.php 第 96 行.
INFO: Run Behavior\ParseTemplateBehavior [ RunTime:0.003749s ]
INFO: [ view_parse ] --END-- [ RunTime:0.003765s ]
INFO: [ view_filter ] --START--
INFO: Run Behavior\WriteHtmlCacheBehavior [ RunTime:0.000083s ]
INFO: [ view_filter ] --END-- [ RunTime:0.000096s ]
INFO: [ app_end ] --START--
INFO: Run Behavior\ShowPageTraceBehavior [ RunTime:0.000273s ]
INFO: [ app_end ] --END-- [ RunTime:0.000289s ]

[ 2018-12-06T10:59:09+08:00 ] 112.230.157.41 /index.php/JY/Mgt/delfl.html
INFO: [ app_init ] --START--
INFO: Run Behavior\BuildLiteBehavior [ RunTime:0.000010s ]
INFO: [ app_init ] --END-- [ RunTime:0.000215s ]
INFO: [ app_begin ] --START--
INFO: Run Behavior\ReadHtmlCacheBehavior [ RunTime:0.000290s ]
INFO: [ app_begin ] --END-- [ RunTime:0.000309s ]
SQL: SHOW COLUMNS FROM `qm_fl` [ RunTime:0.0006s ]
SQL: SELECT * FROM `qm_fl` WHERE ( prentid='24' )  [ RunTime:0.0002s ]
SQL: DELETE FROM `qm_fl` WHERE ( id='24' ) [ RunTime:0.0204s ]

[ 2018-12-06T10:59:09+08:00 ] 112.230.157.41 /index.php/JY/Mgt/flgl
INFO: [ app_init ] --START--
INFO: Run Behavior\BuildLiteBehavior [ RunTime:0.000010s ]
INFO: [ app_init ] --END-- [ RunTime:0.000247s ]
INFO: [ app_begin ] --START--
INFO: Run Behavior\ReadHtmlCacheBehavior [ RunTime:0.000237s ]
INFO: [ app_begin ] --END-- [ RunTime:0.000256s ]
SQL: SHOW COLUMNS FROM `qm_fl` [ RunTime:0.0006s ]
SQL: SELECT * FROM `qm_fl` WHERE ( prentid=0 )  [ RunTime:0.0002s ]
SQL: SELECT * FROM `qm_fl` WHERE ( prentid=12 )  [ RunTime:0.0001s ]
SQL: SELECT * FROM `qm_fl` WHERE ( prentid=25 )  [ RunTime:0.0001s ]
INFO: [ view_parse ] --START--
INFO: [ template_filter ] --START--
INFO: Run Behavior\ContentReplaceBehavior [ RunTime:0.000043s ]
INFO: [ template_filter ] --END-- [ RunTime:0.000063s ]
NOTIC: [8] Undefined variable: pageinfo /www/wwwroot/jy.juhuaian.cn/Application/Runtime/Cache/JY/d4b778cc5d107e5f3961237b360911d2.php 第 96 行.
INFO: Run Behavior\ParseTemplateBehavior [ RunTime:0.004430s ]
INFO: [ view_parse ] --END-- [ RunTime:0.004446s ]
INFO: [ view_filter ] --START--
INFO: Run Behavior\WriteHtmlCacheBehavior [ RunTime:0.000100s ]
INFO: [ view_filter ] --END-- [ RunTime:0.000115s ]
INFO: [ app_end ] --START--
INFO: Run Behavior\ShowPageTraceBehavior [ RunTime:0.000324s ]
INFO: [ app_end ] --END-- [ RunTime:0.000344s ]

[ 2018-12-06T10:59:38+08:00 ] 112.230.157.41 /index.php/JY/Mgt/flxg/id/12
INFO: [ app_init ] --START--
INFO: Run Behavior\BuildLiteBehavior [ RunTime:0.000009s ]
INFO: [ app_init ] --END-- [ RunTime:0.000234s ]
INFO: [ app_begin ] --START--
INFO: Run Behavior\ReadHtmlCacheBehavior [ RunTime:0.000316s ]
INFO: [ app_begin ] --END-- [ RunTime:0.000339s ]
SQL: SHOW COLUMNS FROM `qm_fl` [ RunTime:0.0005s ]
SQL: SELECT * FROM `qm_fl` WHERE ( id=12 ) LIMIT 1   [ RunTime:0.0002s ]
INFO: [ view_parse ] --START--
INFO: [ template_filter ] --START--
INFO: Run Behavior\ContentReplaceBehavior [ RunTime:0.000040s ]
INFO: [ template_filter ] --END-- [ RunTime:0.000063s ]
INFO: Run Behavior\ParseTemplateBehavior [ RunTime:0.003360s ]
INFO: [ view_parse ] --END-- [ RunTime:0.003383s ]
INFO: [ view_filter ] --START--
INFO: Run Behavior\WriteHtmlCacheBehavior [ RunTime:0.000105s ]
INFO: [ view_filter ] --END-- [ RunTime:0.000122s ]
INFO: [ app_end ] --START--
INFO: Run Behavior\ShowPageTraceBehavior [ RunTime:0.000338s ]
INFO: [ app_end ] --END-- [ RunTime:0.000361s ]

[ 2018-12-06T11:00:19+08:00 ] 112.230.157.41 /index.php/JY/Mgt/eidtfl
INFO: [ app_init ] --START--
INFO: Run Behavior\BuildLiteBehavior [ RunTime:0.000007s ]
INFO: [ app_init ] --END-- [ RunTime:0.000166s ]
INFO: [ app_begin ] --START--
INFO: Run Behavior\ReadHtmlCacheBehavior [ RunTime:0.000221s ]
INFO: [ app_begin ] --END-- [ RunTime:0.000241s ]
NOTIC: [2] call_user_func() expects parameter 1 to be a valid callback, no array or string given /www/wwwroot/jy.juhuaian.cn/ThinkPHP/Library/Think/Upload.class.php 第 170 行.
SQL: SHOW COLUMNS FROM `qm_fl` [ RunTime:0.0006s ]
SQL: UPDATE `qm_fl` SET `pic`='uploads/2018-12-06/1544065219_556522626.png',`name`='热门推荐',`stat`='0',`sname`='1',`svalue`='  1' WHERE ( id=12 ) [ RunTime:0.0175s ]
INFO: [ view_parse ] --START--
INFO: [ template_filter ] --START--
INFO: Run Behavior\ContentReplaceBehavior [ RunTime:0.000025s ]
INFO: [ template_filter ] --END-- [ RunTime:0.000051s ]
INFO: Run Behavior\ParseTemplateBehavior [ RunTime:0.009742s ]
INFO: [ view_parse ] --END-- [ RunTime:0.009762s ]
INFO: [ view_filter ] --START--
INFO: Run Behavior\WriteHtmlCacheBehavior [ RunTime:0.000079s ]
INFO: [ view_filter ] --END-- [ RunTime:0.000090s ]
INFO: [ app_end ] --START--
INFO: Run Behavior\ShowPageTraceBehavior [ RunTime:0.000288s ]
INFO: [ app_end ] --END-- [ RunTime:0.000304s ]

[ 2018-12-06T11:00:20+08:00 ] 112.230.157.41 /index.php/JY/Mgt/flgl.html
INFO: [ app_init ] --START--
INFO: Run Behavior\BuildLiteBehavior [ RunTime:0.000010s ]
INFO: [ app_init ] --END-- [ RunTime:0.000181s ]
INFO: [ app_begin ] --START--
INFO: Run Behavior\ReadHtmlCacheBehavior [ RunTime:0.000310s ]
INFO: [ app_begin ] --END-- [ RunTime:0.000329s ]
SQL: SHOW COLUMNS FROM `qm_fl` [ RunTime:0.0005s ]
SQL: SELECT * FROM `qm_fl` WHERE ( prentid=0 )  [ RunTime:0.0002s ]
SQL: SELECT * FROM `qm_fl` WHERE ( prentid=12 )  [ RunTime:0.0001s ]
SQL: SELECT * FROM `qm_fl` WHERE ( prentid=25 )  [ RunTime:0.0001s ]
INFO: [ view_parse ] --START--
INFO: [ template_filter ] --START--
INFO: Run Behavior\ContentReplaceBehavior [ RunTime:0.000043s ]
INFO: [ template_filter ] --END-- [ RunTime:0.000061s ]
NOTIC: [8] Undefined variable: pageinfo /www/wwwroot/jy.juhuaian.cn/Application/Runtime/Cache/JY/d4b778cc5d107e5f3961237b360911d2.php 第 96 行.
INFO: Run Behavior\ParseTemplateBehavior [ RunTime:0.004306s ]
INFO: [ view_parse ] --END-- [ RunTime:0.004322s ]
INFO: [ view_filter ] --START--
INFO: Run Behavior\WriteHtmlCacheBehavior [ RunTime:0.000085s ]
INFO: [ view_filter ] --END-- [ RunTime:0.000097s ]
INFO: [ app_end ] --START--
INFO: Run Behavior\ShowPageTraceBehavior [ RunTime:0.000257s ]
INFO: [ app_end ] --END-- [ RunTime:0.000273s ]

[ 2018-12-06T11:00:26+08:00 ] 112.230.157.41 /index.php/JY/Mgt/flxg/id/25
INFO: [ app_init ] --START--
INFO: Run Behavior\BuildLiteBehavior [ RunTime:0.000009s ]
INFO: [ app_init ] --END-- [ RunTime:0.000223s ]
INFO: [ app_begin ] --START--
INFO: Run Behavior\ReadHtmlCacheBehavior [ RunTime:0.000401s ]
INFO: [ app_begin ] --END-- [ RunTime:0.000451s ]
SQL: SHOW COLUMNS FROM `qm_fl` [ RunTime:0.0007s ]
SQL: SELECT * FROM `qm_fl` WHERE ( id=25 ) LIMIT 1   [ RunTime:0.0002s ]
INFO: [ view_parse ] --START--
INFO: [ template_filter ] --START--
INFO: Run Behavior\ContentReplaceBehavior [ RunTime:0.000049s ]
INFO: [ template_filter ] --END-- [ RunTime:0.000076s ]
INFO: Run Behavior\ParseTemplateBehavior [ RunTime:0.005794s ]
INFO: [ view_parse ] --END-- [ RunTime:0.005814s ]
INFO: [ view_filter ] --START--
INFO: Run Behavior\WriteHtmlCacheBehavior [ RunTime:0.000100s ]
INFO: [ view_filter ] --END-- [ RunTime:0.000112s ]
INFO: [ app_end ] --START--
INFO: Run Behavior\ShowPageTraceBehavior [ RunTime:0.000304s ]
INFO: [ app_end ] --END-- [ RunTime:0.000318s ]

[ 2018-12-06T11:00:33+08:00 ] 112.230.157.41 /index.php/JY/Mgt/eidtfl
INFO: [ app_init ] --START--
INFO: Run Behavior\BuildLiteBehavior [ RunTime:0.000008s ]
INFO: [ app_init ] --END-- [ RunTime:0.000197s ]
INFO: [ app_begin ] --START--
INFO: Run Behavior\ReadHtmlCacheBehavior [ RunTime:0.000217s ]
INFO: [ app_begin ] --END-- [ RunTime:0.000234s ]
NOTIC: [2] call_user_func() expects parameter 1 to be a valid callback, no array or string given /www/wwwroot/jy.juhuaian.cn/ThinkPHP/Library/Think/Upload.class.php 第 170 行.
SQL: SHOW COLUMNS FROM `qm_fl` [ RunTime:0.0005s ]
SQL: UPDATE `qm_fl` SET `pic`='uploads/2018-12-06/1544065233_1717465231.png',`name`='     休闲娱乐',`stat`='0',`sname`='1',`svalue`='1' WHERE ( id=25 ) [ RunTime:0.0155s ]
INFO: [ view_parse ] --START--
INFO: [ template_filter ] --START--
INFO: Run Behavior\ContentReplaceBehavior [ RunTime:0.000019s ]
INFO: [ template_filter ] --END-- [ RunTime:0.000038s ]
INFO: Run Behavior\ParseTemplateBehavior [ RunTime:0.002648s ]
INFO: [ view_parse ] --END-- [ RunTime:0.002665s ]
INFO: [ view_filter ] --START--
INFO: Run Behavior\WriteHtmlCacheBehavior [ RunTime:0.000077s ]
INFO: [ view_filter ] --END-- [ RunTime:0.000089s ]
INFO: [ app_end ] --START--
INFO: Run Behavior\ShowPageTraceBehavior [ RunTime:0.000264s ]
INFO: [ app_end ] --END-- [ RunTime:0.000349s ]

[ 2018-12-06T11:00:34+08:00 ] 112.230.157.41 /index.php/JY/Mgt/flgl.html
INFO: [ app_init ] --START--
INFO: Run Behavior\BuildLiteBehavior [ RunTime:0.000007s ]
INFO: [ app_init ] --END-- [ RunTime:0.000170s ]
INFO: [ app_begin ] --START--
INFO: Run Behavior\ReadHtmlCacheBehavior [ RunTime:0.000254s ]
INFO: [ app_begin ] --END-- [ RunTime:0.000277s ]
SQL: SHOW COLUMNS FROM `qm_fl` [ RunTime:0.0006s ]
SQL: SELECT * FROM `qm_fl` WHERE ( prentid=0 )  [ RunTime:0.0002s ]
SQL: SELECT * FROM `qm_fl` WHERE ( prentid=12 )  [ RunTime:0.0001s ]
SQL: SELECT * FROM `qm_fl` WHERE ( prentid=25 )  [ RunTime:0.0001s ]
INFO: [ view_parse ] --START--
INFO: [ template_filter ] --START--
INFO: Run Behavior\ContentReplaceBehavior [ RunTime:0.000046s ]
INFO: [ template_filter ] --END-- [ RunTime:0.000070s ]
NOTIC: [8] Undefined variable: pageinfo /www/wwwroot/jy.juhuaian.cn/Application/Runtime/Cache/JY/d4b778cc5d107e5f3961237b360911d2.php 第 96 行.
INFO: Run Behavior\ParseTemplateBehavior [ RunTime:0.004036s ]
INFO: [ view_parse ] --END-- [ RunTime:0.004052s ]
INFO: [ view_filter ] --START--
INFO: Run Behavior\WriteHtmlCacheBehavior [ RunTime:0.000083s ]
INFO: [ view_filter ] --END-- [ RunTime:0.000095s ]
INFO: [ app_end ] --START--
INFO: Run Behavior\ShowPageTraceBehavior [ RunTime:0.000281s ]
INFO: [ app_end ] --END-- [ RunTime:0.000297s ]

[ 2018-12-06T13:02:55+08:00 ] 112.230.157.41 /index.php/JY/Mgt/add_fl
INFO: [ app_init ] --START--
INFO: Run Behavior\BuildLiteBehavior [ RunTime:0.000007s ]
INFO: [ app_init ] --END-- [ RunTime:0.000177s ]
INFO: [ app_begin ] --START--
INFO: Run Behavior\ReadHtmlCacheBehavior [ RunTime:0.000232s ]
INFO: [ app_begin ] --END-- [ RunTime:0.000249s ]
SQL: SHOW COLUMNS FROM `qm_fl` [ RunTime:0.0004s ]
SQL: SELECT * FROM `qm_fl` WHERE ( prentid=0 )  [ RunTime:0.0001s ]
INFO: [ view_parse ] --START--
INFO: [ template_filter ] --START--
INFO: Run Behavior\ContentReplaceBehavior [ RunTime:0.000037s ]
INFO: [ template_filter ] --END-- [ RunTime:0.000066s ]
INFO: Run Behavior\ParseTemplateBehavior [ RunTime:0.022898s ]
INFO: [ view_parse ] --END-- [ RunTime:0.022928s ]
INFO: [ view_filter ] --START--
INFO: Run Behavior\WriteHtmlCacheBehavior [ RunTime:0.000123s ]
INFO: [ view_filter ] --END-- [ RunTime:0.000143s ]
INFO: [ app_end ] --START--
INFO: Run Behavior\ShowPageTraceBehavior [ RunTime:0.000308s ]
INFO: [ app_end ] --END-- [ RunTime:0.000328s ]

[ 2018-12-06T13:02:55+08:00 ] 112.230.157.41 /index.php/JY/Mgt/sodel.html
INFO: [ app_init ] --START--
INFO: Run Behavior\BuildLiteBehavior [ RunTime:0.000007s ]
INFO: [ app_init ] --END-- [ RunTime:0.000182s ]
INFO: [ app_begin ] --START--
INFO: Run Behavior\ReadHtmlCacheBehavior [ RunTime:0.000246s ]
INFO: [ app_begin ] --END-- [ RunTime:0.000265s ]
ERR: 非法操作:sodel

[ 2018-12-06T15:04:21+08:00 ] 112.230.157.41 /index.php/JY/Index/index.html
INFO: [ app_init ] --START--
INFO: Run Behavior\BuildLiteBehavior [ RunTime:0.000008s ]
INFO: [ app_init ] --END-- [ RunTime:0.000212s ]
INFO: [ app_begin ] --START--
INFO: Run Behavior\ReadHtmlCacheBehavior [ RunTime:0.000269s ]
INFO: [ app_begin ] --END-- [ RunTime:0.000289s ]
NOTIC: [8] Undefined index: id /www/wwwroot/jy.juhuaian.cn/Application/JY/Controller/IndexController.class.php 第 6 行.
SQL: SHOW COLUMNS FROM `qm_adminus` [ RunTime:0.0004s ]
SQL: SELECT `role_id` FROM `qm_adminus` WHERE `id` = null LIMIT 1   [ RunTime:0.0001s ]
SQL: SHOW COLUMNS FROM `qm_role_right` [ RunTime:0.0003s ]
SQL: SELECT `right_id` FROM `qm_role_right` WHERE ( role_id='' )  [ RunTime:0.0002s ]
NOTIC: [2] implode(): Invalid arguments passed /www/wwwroot/jy.juhuaian.cn/Application/JY/Controller/IndexController.class.php 第 9 行.
SQL: SHOW COLUMNS FROM `qm_right` [ RunTime:0.0004s ]
SQL: SELECT * FROM `qm_right` WHERE ( id in ('') and parent_id=0 )  [ RunTime:0.0001s ]
SQL: SELECT * FROM `qm_right` WHERE ( id in ('') and parent_id>0 )  [ RunTime:0.0001s ]
NOTIC: [8] Undefined index: id /www/wwwroot/jy.juhuaian.cn/Application/JY/Controller/IndexController.class.php 第 14 行.
INFO: [ view_parse ] --START--
INFO: [ template_filter ] --START--
INFO: Run Behavior\ContentReplaceBehavior [ RunTime:0.000019s ]
INFO: [ template_filter ] --END-- [ RunTime:0.000036s ]
INFO: Run Behavior\ParseTemplateBehavior [ RunTime:0.002562s ]
INFO: [ view_parse ] --END-- [ RunTime:0.002623s ]
INFO: [ view_filter ] --START--
INFO: Run Behavior\WriteHtmlCacheBehavior [ RunTime:0.000097s ]
INFO: [ view_filter ] --END-- [ RunTime:0.000110s ]
INFO: [ app_end ] --START--
INFO: Run Behavior\ShowPageTraceBehavior [ RunTime:0.000329s ]
INFO: [ app_end ] --END-- [ RunTime:0.000347s ]

[ 2018-12-06T15:04:23+08:00 ] 112.230.157.41 /index.php/JY/Login/login.html
INFO: [ app_init ] --START--
INFO: Run Behavior\BuildLiteBehavior [ RunTime:0.000008s ]
INFO: [ app_init ] --END-- [ RunTime:0.000174s ]
INFO: [ app_begin ] --START--
INFO: Run Behavior\ReadHtmlCacheBehavior [ RunTime:0.000213s ]
INFO: [ app_begin ] --END-- [ RunTime:0.000231s ]
INFO: [ view_parse ] --START--
INFO: [ template_filter ] --START--
INFO: Run Behavior\ContentReplaceBehavior [ RunTime:0.000043s ]
INFO: [ template_filter ] --END-- [ RunTime:0.000072s ]
INFO: Run Behavior\ParseTemplateBehavior [ RunTime:0.024397s ]
INFO: [ view_parse ] --END-- [ RunTime:0.024430s ]
INFO: [ view_filter ] --START--
INFO: Run Behavior\WriteHtmlCacheBehavior [ RunTime:0.000092s ]
INFO: [ view_filter ] --END-- [ RunTime:0.000106s ]
INFO: [ app_end ] --START--
INFO: Run Behavior\ShowPageTraceBehavior [ RunTime:0.000255s ]
INFO: [ app_end ] --END-- [ RunTime:0.000284s ]

[ 2018-12-06T15:04:23+08:00 ] 112.230.157.41 /index.php/JY/Login/css/layui_1.css
INFO: [ app_init ] --START--
INFO: Run Behavior\BuildLiteBehavior [ RunTime:0.000007s ]
INFO: [ app_init ] --END-- [ RunTime:0.000172s ]
INFO: [ app_begin ] --START--
INFO: Run Behavior\ReadHtmlCacheBehavior [ RunTime:0.000242s ]
INFO: [ app_begin ] --END-- [ RunTime:0.000259s ]
ERR: 非法操作:css

[ 2018-12-06T15:04:23+08:00 ] 112.230.157.41 /index.php/JY/Login/css/layui_1.css
INFO: [ app_init ] --START--
INFO: Run Behavior\BuildLiteBehavior [ RunTime:0.000008s ]
INFO: [ app_init ] --END-- [ RunTime:0.000198s ]
INFO: [ app_begin ] --START--
INFO: Run Behavior\ReadHtmlCacheBehavior [ RunTime:0.000223s ]
INFO: [ app_begin ] --END-- [ RunTime:0.000243s ]
ERR: 非法操作:css

[ 2018-12-06T15:04:27+08:00 ] 112.230.157.41 /index.php/JY/Login/checklogin
INFO: [ app_init ] --START--
INFO: Run Behavior\BuildLiteBehavior [ RunTime:0.000007s ]
INFO: [ app_init ] --END-- [ RunTime:0.000176s ]
INFO: [ app_begin ] --START--
INFO: Run Behavior\ReadHtmlCacheBehavior [ RunTime:0.000211s ]
INFO: [ app_begin ] --END-- [ RunTime:0.000231s ]
SQL: SHOW COLUMNS FROM `qm_adminus` [ RunTime:0.0005s ]
SQL: SELECT * FROM `qm_adminus` WHERE ( username='123' AND password='123' ) LIMIT 1   [ RunTime:0.0002s ]
INFO: [ view_parse ] --START--
INFO: [ template_filter ] --START--
INFO: Run Behavior\ContentReplaceBehavior [ RunTime:0.000018s ]
INFO: [ template_filter ] --END-- [ RunTime:0.000034s ]
INFO: Run Behavior\ParseTemplateBehavior [ RunTime:0.003020s ]
INFO: [ view_parse ] --END-- [ RunTime:0.003044s ]
INFO: [ view_filter ] --START--
INFO: Run Behavior\WriteHtmlCacheBehavior [ RunTime:0.000124s ]
INFO: [ view_filter ] --END-- [ RunTime:0.000142s ]
INFO: [ app_end ] --START--
INFO: Run Behavior\ShowPageTraceBehavior [ RunTime:0.000271s ]
INFO: [ app_end ] --END-- [ RunTime:0.000285s ]

[ 2018-12-06T15:04:30+08:00 ] 112.230.157.41 /index.php/JY/Index/index.html
INFO: [ app_init ] --START--
INFO: Run Behavior\BuildLiteBehavior [ RunTime:0.000007s ]
INFO: [ app_init ] --END-- [ RunTime:0.000176s ]
INFO: [ app_begin ] --START--
INFO: Run Behavior\ReadHtmlCacheBehavior [ RunTime:0.000229s ]
INFO: [ app_begin ] --END-- [ RunTime:0.000246s ]
SQL: SHOW COLUMNS FROM `qm_adminus` [ RunTime:0.0004s ]
SQL: SELECT `role_id` FROM `qm_adminus` WHERE `id` = 1 LIMIT 1   [ RunTime:0.0000s ]
SQL: SHOW COLUMNS FROM `qm_role_right` [ RunTime:0.0003s ]
SQL: SELECT `right_id` FROM `qm_role_right` WHERE ( role_id='1' )  [ RunTime:0.0000s ]
SQL: SHOW COLUMNS FROM `qm_right` [ RunTime:0.0003s ]
SQL: SELECT * FROM `qm_right` WHERE ( id in ('32','30','29','28','27','26','25','24','23','22','33','21','20','19','18','17','16','14','13','12','11','10','9','8','7','6','5','4','3','2','1') and parent_id=0 )  [ RunTime:0.0001s ]
SQL: SELECT * FROM `qm_right` WHERE ( id in ('32','30','29','28','27','26','25','24','23','22','33','21','20','19','18','17','16','14','13','12','11','10','9','8','7','6','5','4','3','2','1') and parent_id>0 )  [ RunTime:0.0000s ]
INFO: [ view_parse ] --START--
INFO: [ template_filter ] --START--
INFO: Run Behavior\ContentReplaceBehavior [ RunTime:0.000081s ]
INFO: [ template_filter ] --END-- [ RunTime:0.000103s ]
INFO: Run Behavior\ParseTemplateBehavior [ RunTime:0.003968s ]
INFO: [ view_parse ] --END-- [ RunTime:0.003986s ]
INFO: [ view_filter ] --START--
INFO: Run Behavior\WriteHtmlCacheBehavior [ RunTime:0.000083s ]
INFO: [ view_filter ] --END-- [ RunTime:0.000096s ]
INFO: [ app_end ] --START--
INFO: Run Behavior\ShowPageTraceBehavior [ RunTime:0.000246s ]
INFO: [ app_end ] --END-- [ RunTime:0.000261s ]

[ 2018-12-06T15:04:30+08:00 ] 112.230.157.41 /index.php/JY/Index/img/icon/baidu.png
INFO: [ app_init ] --START--
INFO: Run Behavior\BuildLiteBehavior [ RunTime:0.000006s ]
INFO: [ app_init ] --END-- [ RunTime:0.000172s ]

[ 2018-12-06T15:04:30+08:00 ] 112.230.157.41 /index.php/JY/Index/img/presentation/1.png
INFO: [ app_init ] --START--
INFO: Run Behavior\BuildLiteBehavior [ RunTime:0.000006s ]
INFO: [ app_init ] --END-- [ RunTime:0.000249s ]

[ 2018-12-06T15:05:31+08:00 ] 112.230.157.41 /index.php/JY/Mgt/flgl
INFO: [ app_init ] --START--
INFO: Run Behavior\BuildLiteBehavior [ RunTime:0.000006s ]
INFO: [ app_init ] --END-- [ RunTime:0.000167s ]
INFO: [ app_begin ] --START--
INFO: Run Behavior\ReadHtmlCacheBehavior [ RunTime:0.000222s ]
INFO: [ app_begin ] --END-- [ RunTime:0.000239s ]
SQL: SHOW COLUMNS FROM `qm_fl` [ RunTime:0.0004s ]
SQL: SELECT * FROM `qm_fl` WHERE ( prentid=0 )  [ RunTime:0.0001s ]
SQL: SELECT * FROM `qm_fl` WHERE ( prentid=12 )  [ RunTime:0.0000s ]
SQL: SELECT * FROM `qm_fl` WHERE ( prentid=25 )  [ RunTime:0.0000s ]
INFO: [ view_parse ] --START--
INFO: [ template_filter ] --START--
INFO: Run Behavior\ContentReplaceBehavior [ RunTime:0.000041s ]
INFO: [ template_filter ] --END-- [ RunTime:0.000057s ]
NOTIC: [8] Undefined variable: pageinfo /www/wwwroot/jy.juhuaian.cn/Application/Runtime/Cache/JY/d4b778cc5d107e5f3961237b360911d2.php 第 96 行.
INFO: Run Behavior\ParseTemplateBehavior [ RunTime:0.003694s ]
INFO: [ view_parse ] --END-- [ RunTime:0.003709s ]
INFO: [ view_filter ] --START--
INFO: Run Behavior\WriteHtmlCacheBehavior [ RunTime:0.000089s ]
INFO: [ view_filter ] --END-- [ RunTime:0.000102s ]
INFO: [ app_end ] --START--
INFO: Run Behavior\ShowPageTraceBehavior [ RunTime:0.000266s ]
INFO: [ app_end ] --END-- [ RunTime:0.000282s ]

[ 2018-12-06T15:07:47+08:00 ] 112.230.157.41 /index.php/JY/Mgt/add_fl
INFO: [ app_init ] --START--
INFO: Run Behavior\BuildLiteBehavior [ RunTime:0.000009s ]
INFO: [ app_init ] --END-- [ RunTime:0.000203s ]
INFO: [ app_begin ] --START--
INFO: Run Behavior\ReadHtmlCacheBehavior [ RunTime:0.000236s ]
INFO: [ app_begin ] --END-- [ RunTime:0.000258s ]
SQL: SHOW COLUMNS FROM `qm_fl` [ RunTime:0.0004s ]
SQL: SELECT * FROM `qm_fl` WHERE ( prentid=0 )  [ RunTime:0.0001s ]
INFO: [ view_parse ] --START--
INFO: [ template_filter ] --START--
INFO: Run Behavior\ContentReplaceBehavior [ RunTime:0.000034s ]
INFO: [ template_filter ] --END-- [ RunTime:0.000051s ]
INFO: Run Behavior\ParseTemplateBehavior [ RunTime:0.003076s ]
INFO: [ view_parse ] --END-- [ RunTime:0.003094s ]
INFO: [ view_filter ] --START--
INFO: Run Behavior\WriteHtmlCacheBehavior [ RunTime:0.000091s ]
INFO: [ view_filter ] --END-- [ RunTime:0.000106s ]
INFO: [ app_end ] --START--
INFO: Run Behavior\ShowPageTraceBehavior [ RunTime:0.000278s ]
INFO: [ app_end ] --END-- [ RunTime:0.000294s ]

[ 2018-12-06T15:07:47+08:00 ] 112.230.157.41 /index.php/JY/Mgt/sodel.html
INFO: [ app_init ] --START--
INFO: Run Behavior\BuildLiteBehavior [ RunTime:0.000006s ]
INFO: [ app_init ] --END-- [ RunTime:0.000165s ]
INFO: [ app_begin ] --START--
INFO: Run Behavior\ReadHtmlCacheBehavior [ RunTime:0.000209s ]
INFO: [ app_begin ] --END-- [ RunTime:0.000226s ]
ERR: 非法操作:sodel

[ 2018-12-06T16:02:37+08:00 ] 112.230.157.41 /index.php/JY/Mgt/flgl
INFO: [ app_init ] --START--
INFO: Run Behavior\BuildLiteBehavior [ RunTime:0.000009s ]
INFO: [ app_init ] --END-- [ RunTime:0.000240s ]
INFO: [ app_begin ] --START--
INFO: Run Behavior\ReadHtmlCacheBehavior [ RunTime:0.000245s ]
INFO: [ app_begin ] --END-- [ RunTime:0.000266s ]
SQL: SHOW COLUMNS FROM `qm_fl` [ RunTime:0.0004s ]
SQL: SELECT * FROM `qm_fl` WHERE ( prentid=0 )  [ RunTime:0.0001s ]
SQL: SELECT * FROM `qm_fl` WHERE ( prentid=12 )  [ RunTime:0.0000s ]
SQL: SELECT * FROM `qm_fl` WHERE ( prentid=25 )  [ RunTime:0.0000s ]
INFO: [ view_parse ] --START--
INFO: [ template_filter ] --START--
INFO: Run Behavior\ContentReplaceBehavior [ RunTime:0.000042s ]
INFO: [ template_filter ] --END-- [ RunTime:0.000060s ]
NOTIC: [8] Undefined variable: pageinfo /www/wwwroot/jy.juhuaian.cn/Application/Runtime/Cache/JY/d4b778cc5d107e5f3961237b360911d2.php 第 96 行.
INFO: Run Behavior\ParseTemplateBehavior [ RunTime:0.003797s ]
INFO: [ view_parse ] --END-- [ RunTime:0.003811s ]
INFO: [ view_filter ] --START--
INFO: Run Behavior\WriteHtmlCacheBehavior [ RunTime:0.000079s ]
INFO: [ view_filter ] --END-- [ RunTime:0.000091s ]
INFO: [ app_end ] --START--
INFO: Run Behavior\ShowPageTraceBehavior [ RunTime:0.000269s ]
INFO: [ app_end ] --END-- [ RunTime:0.000285s ]

[ 2018-12-06T16:05:04+08:00 ] 112.230.157.41 /index.php/JY/Mgt/lunbo
INFO: [ app_init ] --START--
INFO: Run Behavior\BuildLiteBehavior [ RunTime:0.000008s ]
INFO: [ app_init ] --END-- [ RunTime:0.000200s ]
INFO: [ app_begin ] --START--
INFO: Run Behavior\ReadHtmlCacheBehavior [ RunTime:0.000245s ]
INFO: [ app_begin ] --END-- [ RunTime:0.000264s ]
SQL: SHOW COLUMNS FROM `qm_lb` [ RunTime:0.0005s ]
SQL: SELECT * FROM `qm_lb`  [ RunTime:0.0000s ]
INFO: [ view_parse ] --START--
INFO: [ template_filter ] --START--
INFO: Run Behavior\ContentReplaceBehavior [ RunTime:0.000042s ]
INFO: [ template_filter ] --END-- [ RunTime:0.000087s ]
NOTIC: [8] Undefined variable: pageinfo /www/wwwroot/jy.juhuaian.cn/Application/Runtime/Cache/JY/c59c2d682e7a4d124238f796e6b4c382.php 第 58 行.
INFO: Run Behavior\ParseTemplateBehavior [ RunTime:0.003328s ]
INFO: [ view_parse ] --END-- [ RunTime:0.003343s ]
INFO: [ view_filter ] --START--
INFO: Run Behavior\WriteHtmlCacheBehavior [ RunTime:0.000087s ]
INFO: [ view_filter ] --END-- [ RunTime:0.000103s ]
INFO: [ app_end ] --START--
INFO: Run Behavior\ShowPageTraceBehavior [ RunTime:0.000401s ]
INFO: [ app_end ] --END-- [ RunTime:0.000419s ]

[ 2018-12-06T16:06:21+08:00 ] 112.230.157.41 /index.php/JY/Index/index.html
INFO: [ app_init ] --START--
INFO: Run Behavior\BuildLiteBehavior [ RunTime:0.000006s ]
INFO: [ app_init ] --END-- [ RunTime:0.000165s ]
INFO: [ app_begin ] --START--
INFO: Run Behavior\ReadHtmlCacheBehavior [ RunTime:0.000230s ]
INFO: [ app_begin ] --END-- [ RunTime:0.000248s ]
SQL: SHOW COLUMNS FROM `qm_adminus` [ RunTime:0.0004s ]
SQL: SELECT `role_id` FROM `qm_adminus` WHERE `id` = 1 LIMIT 1   [ RunTime:0.0000s ]
SQL: SHOW COLUMNS FROM `qm_role_right` [ RunTime:0.0002s ]
SQL: SELECT `right_id` FROM `qm_role_right` WHERE ( role_id='1' )  [ RunTime:0.0001s ]
SQL: SHOW COLUMNS FROM `qm_right` [ RunTime:0.0003s ]
SQL: SELECT * FROM `qm_right` WHERE ( id in ('32','30','29','28','27','26','25','24','23','22','33','21','20','19','18','17','16','14','13','12','11','10','9','8','7','6','5','4','3','2','1') and parent_id=0 )  [ RunTime:0.0000s ]
SQL: SELECT * FROM `qm_right` WHERE ( id in ('32','30','29','28','27','26','25','24','23','22','33','21','20','19','18','17','16','14','13','12','11','10','9','8','7','6','5','4','3','2','1') and parent_id>0 )  [ RunTime:0.0000s ]
INFO: [ view_parse ] --START--
INFO: [ template_filter ] --START--
INFO: Run Behavior\ContentReplaceBehavior [ RunTime:0.000087s ]
INFO: [ template_filter ] --END-- [ RunTime:0.000108s ]
INFO: Run Behavior\ParseTemplateBehavior [ RunTime:0.003970s ]
INFO: [ view_parse ] --END-- [ RunTime:0.003988s ]
INFO: [ view_filter ] --START--
INFO: Run Behavior\WriteHtmlCacheBehavior [ RunTime:0.000079s ]
INFO: [ view_filter ] --END-- [ RunTime:0.000092s ]
INFO: [ app_end ] --START--
INFO: Run Behavior\ShowPageTraceBehavior [ RunTime:0.000245s ]
INFO: [ app_end ] --END-- [ RunTime:0.000259s ]

[ 2018-12-06T16:06:21+08:00 ] 112.230.157.41 /index.php/JY/Index/img/icon/baidu.png
INFO: [ app_init ] --START--
INFO: Run Behavior\BuildLiteBehavior [ RunTime:0.000008s ]
INFO: [ app_init ] --END-- [ RunTime:0.000176s ]

[ 2018-12-06T16:06:22+08:00 ] 112.230.157.41 /index.php/JY/Index/img/presentation/1.png
INFO: [ app_init ] --START--
INFO: Run Behavior\BuildLiteBehavior [ RunTime:0.000006s ]
INFO: [ app_init ] --END-- [ RunTime:0.000165s ]

[ 2018-12-06T16:06:23+08:00 ] 112.230.157.41 /index.php/JY/Mgt/lunbo
INFO: [ app_init ] --START--
INFO: Run Behavior\BuildLiteBehavior [ RunTime:0.000007s ]
INFO: [ app_init ] --END-- [ RunTime:0.000186s ]
INFO: [ app_begin ] --START--
INFO: Run Behavior\ReadHtmlCacheBehavior [ RunTime:0.000216s ]
INFO: [ app_begin ] --END-- [ RunTime:0.000235s ]
SQL: SHOW COLUMNS FROM `qm_lb` [ RunTime:0.0005s ]
SQL: SELECT * FROM `qm_lb`  [ RunTime:0.0001s ]
ERR: 模板不存在:./Application/JY/View/Mgt/lunbo.html

[ 2018-12-06T16:06:23+08:00 ] 112.230.157.41 /index.php/JY/Mgt/lunbo
INFO: [ app_init ] --START--
INFO: Run Behavior\BuildLiteBehavior [ RunTime:0.000009s ]
INFO: [ app_init ] --END-- [ RunTime:0.000177s ]
INFO: [ app_begin ] --START--
INFO: Run Behavior\ReadHtmlCacheBehavior [ RunTime:0.000211s ]
INFO: [ app_begin ] --END-- [ RunTime:0.000228s ]
SQL: SHOW COLUMNS FROM `qm_lb` [ RunTime:0.0004s ]
SQL: SELECT * FROM `qm_lb`  [ RunTime:0.0001s ]
ERR: 模板不存在:./Application/JY/View/Mgt/lunbo.html

[ 2018-12-06T16:07:38+08:00 ] 112.230.157.41 /index.php/JY/Index/index.html
INFO: [ app_init ] --START--
INFO: Run Behavior\BuildLiteBehavior [ RunTime:0.000010s ]
INFO: [ app_init ] --END-- [ RunTime:0.000243s ]
INFO: [ app_begin ] --START--
INFO: Run Behavior\ReadHtmlCacheBehavior [ RunTime:0.000366s ]
INFO: [ app_begin ] --END-- [ RunTime:0.000389s ]
SQL: SHOW COLUMNS FROM `qm_adminus` [ RunTime:0.0004s ]
SQL: SELECT `role_id` FROM `qm_adminus` WHERE `id` = 1 LIMIT 1   [ RunTime:0.0001s ]
SQL: SHOW COLUMNS FROM `qm_role_right` [ RunTime:0.0002s ]
SQL: SELECT `right_id` FROM `qm_role_right` WHERE ( role_id='1' )  [ RunTime:0.0000s ]
SQL: SHOW COLUMNS FROM `qm_right` [ RunTime:0.0003s ]
SQL: SELECT * FROM `qm_right` WHERE ( id in ('32','30','29','28','27','26','25','24','23','22','33','21','20','19','18','17','16','14','13','12','11','10','9','8','7','6','5','4','3','2','1') and parent_id=0 )  [ RunTime:0.0000s ]
SQL: SELECT * FROM `qm_right` WHERE ( id in ('32','30','29','28','27','26','25','24','23','22','33','21','20','19','18','17','16','14','13','12','11','10','9','8','7','6','5','4','3','2','1') and parent_id>0 )  [ RunTime:0.0000s ]
INFO: [ view_parse ] --START--
INFO: [ template_filter ] --START--
INFO: Run Behavior\ContentReplaceBehavior [ RunTime:0.000097s ]
INFO: [ template_filter ] --END-- [ RunTime:0.000124s ]
INFO: Run Behavior\ParseTemplateBehavior [ RunTime:0.003875s ]
INFO: [ view_parse ] --END-- [ RunTime:0.003893s ]
INFO: [ view_filter ] --START--
INFO: Run Behavior\WriteHtmlCacheBehavior [ RunTime:0.000087s ]
INFO: [ view_filter ] --END-- [ RunTime:0.000102s ]
INFO: [ app_end ] --START--
INFO: Run Behavior\ShowPageTraceBehavior [ RunTime:0.000249s ]
INFO: [ app_end ] --END-- [ RunTime:0.000265s ]

[ 2018-12-06T16:07:38+08:00 ] 112.230.157.41 /index.php/JY/Index/img/icon/baidu.png
INFO: [ app_init ] --START--
INFO: Run Behavior\BuildLiteBehavior [ RunTime:0.000007s ]
INFO: [ app_init ] --END-- [ RunTime:0.000182s ]

[ 2018-12-06T16:07:38+08:00 ] 112.230.157.41 /index.php/JY/Index/img/presentation/1.png
INFO: [ app_init ] --START--
INFO: Run Behavior\BuildLiteBehavior [ RunTime:0.000008s ]
INFO: [ app_init ] --END-- [ RunTime:0.000180s ]

[ 2018-12-06T16:07:40+08:00 ] 112.230.157.41 /index.php/JY/Mgt/lunbo
INFO: [ app_init ] --START--
INFO: Run Behavior\BuildLiteBehavior [ RunTime:0.000009s ]
INFO: [ app_init ] --END-- [ RunTime:0.000176s ]
INFO: [ app_begin ] --START--
INFO: Run Behavior\ReadHtmlCacheBehavior [ RunTime:0.000231s ]
INFO: [ app_begin ] --END-- [ RunTime:0.000252s ]
SQL: SHOW COLUMNS FROM `qm_lb` [ RunTime:0.0004s ]
SQL: SELECT * FROM `qm_lb`  [ RunTime:0.0001s ]
INFO: [ view_parse ] --START--
INFO: [ template_filter ] --START--
INFO: Run Behavior\ContentReplaceBehavior [ RunTime:0.000038s ]
INFO: [ template_filter ] --END-- [ RunTime:0.000060s ]
NOTIC: [8] Undefined variable: pageinfo /www/wwwroot/jy.juhuaian.cn/Application/Runtime/Cache/JY/c59c2d682e7a4d124238f796e6b4c382.php 第 58 行.
INFO: Run Behavior\ParseTemplateBehavior [ RunTime:0.003205s ]
INFO: [ view_parse ] --END-- [ RunTime:0.003223s ]
INFO: [ view_filter ] --START--
INFO: Run Behavior\WriteHtmlCacheBehavior [ RunTime:0.000101s ]
INFO: [ view_filter ] --END-- [ RunTime:0.000118s ]
INFO: [ app_end ] --START--
INFO: Run Behavior\ShowPageTraceBehavior [ RunTime:0.000265s ]
INFO: [ app_end ] --END-- [ RunTime:0.000282s ]

[ 2018-12-06T16:07:40+08:00 ] 112.230.157.41 /index.php/JY/Mgt/lunbo
INFO: [ app_init ] --START--
INFO: Run Behavior\BuildLiteBehavior [ RunTime:0.000007s ]
INFO: [ app_init ] --END-- [ RunTime:0.000190s ]
INFO: [ app_begin ] --START--
INFO: Run Behavior\ReadHtmlCacheBehavior [ RunTime:0.000214s ]
INFO: [ app_begin ] --END-- [ RunTime:0.000231s ]
SQL: SHOW COLUMNS FROM `qm_lb` [ RunTime:0.0005s ]
SQL: SELECT * FROM `qm_lb`  [ RunTime:0.0001s ]
INFO: [ view_parse ] --START--
INFO: [ template_filter ] --START--
INFO: Run Behavior\ContentReplaceBehavior [ RunTime:0.000032s ]
INFO: [ template_filter ] --END-- [ RunTime:0.000049s ]
NOTIC: [8] Undefined variable: pageinfo /www/wwwroot/jy.juhuaian.cn/Application/Runtime/Cache/JY/c59c2d682e7a4d124238f796e6b4c382.php 第 58 行.
INFO: Run Behavior\ParseTemplateBehavior [ RunTime:0.002979s ]
INFO: [ view_parse ] --END-- [ RunTime:0.002995s ]
INFO: [ view_filter ] --START--
INFO: Run Behavior\WriteHtmlCacheBehavior [ RunTime:0.000079s ]
INFO: [ view_filter ] --END-- [ RunTime:0.000091s ]
INFO: [ app_end ] --START--
INFO: Run Behavior\ShowPageTraceBehavior [ RunTime:0.000241s ]
INFO: [ app_end ] --END-- [ RunTime:0.000255s ]

[ 2018-12-06T16:11:13+08:00 ] 112.230.157.41 /index.php/JY/Index/index.html
INFO: [ app_init ] --START--
INFO: Run Behavior\BuildLiteBehavior [ RunTime:0.000007s ]
INFO: [ app_init ] --END-- [ RunTime:0.000167s ]
INFO: [ app_begin ] --START--
INFO: Run Behavior\ReadHtmlCacheBehavior [ RunTime:0.000220s ]
INFO: [ app_begin ] --END-- [ RunTime:0.000237s ]
SQL: SHOW COLUMNS FROM `qm_adminus` [ RunTime:0.0005s ]
SQL: SELECT `role_id` FROM `qm_adminus` WHERE `id` = 1 LIMIT 1   [ RunTime:0.0001s ]
SQL: SHOW COLUMNS FROM `qm_role_right` [ RunTime:0.0003s ]
SQL: SELECT `right_id` FROM `qm_role_right` WHERE ( role_id='1' )  [ RunTime:0.0001s ]
SQL: SHOW COLUMNS FROM `qm_right` [ RunTime:0.0003s ]
SQL: SELECT * FROM `qm_right` WHERE ( id in ('32','30','29','28','27','26','25','24','23','22','33','21','20','19','18','17','16','14','13','12','11','10','9','8','7','6','5','4','3','2','1') and parent_id=0 )  [ RunTime:0.0001s ]
SQL: SELECT * FROM `qm_right` WHERE ( id in ('32','30','29','28','27','26','25','24','23','22','33','21','20','19','18','17','16','14','13','12','11','10','9','8','7','6','5','4','3','2','1') and parent_id>0 )  [ RunTime:0.0000s ]
INFO: [ view_parse ] --START--
INFO: [ template_filter ] --START--
INFO: Run Behavior\ContentReplaceBehavior [ RunTime:0.000069s ]
INFO: [ template_filter ] --END-- [ RunTime:0.000088s ]
INFO: Run Behavior\ParseTemplateBehavior [ RunTime:0.004207s ]
INFO: [ view_parse ] --END-- [ RunTime:0.004226s ]
INFO: [ view_filter ] --START--
INFO: Run Behavior\WriteHtmlCacheBehavior [ RunTime:0.000083s ]
INFO: [ view_filter ] --END-- [ RunTime:0.000108s ]
INFO: [ app_end ] --START--
INFO: Run Behavior\ShowPageTraceBehavior [ RunTime:0.000261s ]
INFO: [ app_end ] --END-- [ RunTime:0.000279s ]

[ 2018-12-06T16:11:13+08:00 ] 112.230.157.41 /index.php/JY/Index/img/icon/baidu.png
INFO: [ app_init ] --START--
INFO: Run Behavior\BuildLiteBehavior [ RunTime:0.000020s ]
INFO: [ app_init ] --END-- [ RunTime:0.000183s ]

[ 2018-12-06T16:11:13+08:00 ] 112.230.157.41 /index.php/JY/Index/img/presentation/1.png
INFO: [ app_init ] --START--
INFO: Run Behavior\BuildLiteBehavior [ RunTime:0.000007s ]
INFO: [ app_init ] --END-- [ RunTime:0.000199s ]

[ 2018-12-06T16:11:15+08:00 ] 112.230.157.41 /index.php/JY/Mgt/flgl
INFO: [ app_init ] --START--
INFO: Run Behavior\BuildLiteBehavior [ RunTime:0.000007s ]
INFO: [ app_init ] --END-- [ RunTime:0.000175s ]
INFO: [ app_begin ] --START--
INFO: Run Behavior\ReadHtmlCacheBehavior [ RunTime:0.000225s ]
INFO: [ app_begin ] --END-- [ RunTime:0.000243s ]
SQL: SHOW COLUMNS FROM `qm_fl` [ RunTime:0.0005s ]
SQL: SELECT * FROM `qm_fl` WHERE ( prentid=0 )  [ RunTime:0.0001s ]
SQL: SELECT * FROM `qm_fl` WHERE ( prentid=12 )  [ RunTime:0.0000s ]
SQL: SELECT * FROM `qm_fl` WHERE ( prentid=25 )  [ RunTime:0.0000s ]
INFO: [ view_parse ] --START--
INFO: [ template_filter ] --START--
INFO: Run Behavior\ContentReplaceBehavior [ RunTime:0.000042s ]
INFO: [ template_filter ] --END-- [ RunTime:0.000061s ]
NOTIC: [8] Undefined variable: pageinfo /www/wwwroot/jy.juhuaian.cn/Application/Runtime/Cache/JY/d4b778cc5d107e5f3961237b360911d2.php 第 96 行.
INFO: Run Behavior\ParseTemplateBehavior [ RunTime:0.003794s ]
INFO: [ view_parse ] --END-- [ RunTime:0.003808s ]
INFO: [ view_filter ] --START--
INFO: Run Behavior\WriteHtmlCacheBehavior [ RunTime:0.000080s ]
INFO: [ view_filter ] --END-- [ RunTime:0.000092s ]
INFO: [ app_end ] --START--
INFO: Run Behavior\ShowPageTraceBehavior [ RunTime:0.000262s ]
INFO: [ app_end ] --END-- [ RunTime:0.000278s ]

[ 2018-12-06T16:11:15+08:00 ] 112.230.157.41 /index.php/JY/Mgt/flgl
INFO: [ app_init ] --START--
INFO: Run Behavior\BuildLiteBehavior [ RunTime:0.000008s ]
INFO: [ app_init ] --END-- [ RunTime:0.000197s ]
INFO: [ app_begin ] --START--
INFO: Run Behavior\ReadHtmlCacheBehavior [ RunTime:0.000231s ]
INFO: [ app_begin ] --END-- [ RunTime:0.000248s ]
SQL: SHOW COLUMNS FROM `qm_fl` [ RunTime:0.0004s ]
SQL: SELECT * FROM `qm_fl` WHERE ( prentid=0 )  [ RunTime:0.0001s ]
SQL: SELECT * FROM `qm_fl` WHERE ( prentid=12 )  [ RunTime:0.0001s ]
SQL: SELECT * FROM `qm_fl` WHERE ( prentid=25 )  [ RunTime:0.0001s ]
INFO: [ view_parse ] --START--
INFO: [ template_filter ] --START--
INFO: Run Behavior\ContentReplaceBehavior [ RunTime:0.000050s ]
INFO: [ template_filter ] --END-- [ RunTime:0.000070s ]
NOTIC: [8] Undefined variable: pageinfo /www/wwwroot/jy.juhuaian.cn/Application/Runtime/Cache/JY/d4b778cc5d107e5f3961237b360911d2.php 第 96 行.
INFO: Run Behavior\ParseTemplateBehavior [ RunTime:0.004345s ]
INFO: [ view_parse ] --END-- [ RunTime:0.004367s ]
INFO: [ view_filter ] --START--
INFO: Run Behavior\WriteHtmlCacheBehavior [ RunTime:0.000083s ]
INFO: [ view_filter ] --END-- [ RunTime:0.000095s ]
INFO: [ app_end ] --START--
INFO: Run Behavior\ShowPageTraceBehavior [ RunTime:0.000251s ]
INFO: [ app_end ] --END-- [ RunTime:0.000265s ]

[ 2018-12-06T16:11:19+08:00 ] 112.230.157.41 /index.php/JY/Mgt/sodel.html
INFO: [ app_init ] --START--
INFO: Run Behavior\BuildLiteBehavior [ RunTime:0.000007s ]
INFO: [ app_init ] --END-- [ RunTime:0.000191s ]
INFO: [ app_begin ] --START--
INFO: Run Behavior\ReadHtmlCacheBehavior [ RunTime:0.000225s ]
INFO: [ app_begin ] --END-- [ RunTime:0.000243s ]
ERR: 非法操作:sodel

[ 2018-12-06T16:11:19+08:00 ] 112.230.157.41 /index.php/JY/Mgt/add_fl
INFO: [ app_init ] --START--
INFO: Run Behavior\BuildLiteBehavior [ RunTime:0.000006s ]
INFO: [ app_init ] --END-- [ RunTime:0.000166s ]
INFO: [ app_begin ] --START--
INFO: Run Behavior\ReadHtmlCacheBehavior [ RunTime:0.000212s ]
INFO: [ app_begin ] --END-- [ RunTime:0.000233s ]
SQL: SHOW COLUMNS FROM `qm_fl` [ RunTime:0.0004s ]
SQL: SELECT * FROM `qm_fl` WHERE ( prentid=0 )  [ RunTime:0.0001s ]
INFO: [ view_parse ] --START--
INFO: [ template_filter ] --START--
INFO: Run Behavior\ContentReplaceBehavior [ RunTime:0.000039s ]
INFO: [ template_filter ] --END-- [ RunTime:0.000059s ]
INFO: Run Behavior\ParseTemplateBehavior [ RunTime:0.002895s ]
INFO: [ view_parse ] --END-- [ RunTime:0.002914s ]
INFO: [ view_filter ] --START--
INFO: Run Behavior\WriteHtmlCacheBehavior [ RunTime:0.000082s ]
INFO: [ view_filter ] --END-- [ RunTime:0.000097s ]
INFO: [ app_end ] --START--
INFO: Run Behavior\ShowPageTraceBehavior [ RunTime:0.000284s ]
INFO: [ app_end ] --END-- [ RunTime:0.000300s ]

