[ 2019-01-14T10:20:50+08:00 ] 112.36.194.105 /index.php/JY/Index/index.html
INFO: [ app_init ] --START--
INFO: Run Behavior\BuildLiteBehavior [ RunTime:0.000010s ]
INFO: [ app_init ] --END-- [ RunTime:0.000193s ]
INFO: [ app_begin ] --START--
INFO: Run Behavior\ReadHtmlCacheBehavior [ RunTime:0.000373s ]
INFO: [ app_begin ] --END-- [ RunTime:0.000410s ]
NOTIC: [8] Undefined index: id /www/wwwroot/jy.juhuaian.cn/Application/JY/Controller/IndexController.class.php 第 6 行.
SQL: SHOW COLUMNS FROM `qm_adminus` [ RunTime:0.0180s ]
SQL: SELECT `role_id` FROM `qm_adminus` WHERE `id` = null LIMIT 1   [ RunTime:0.0002s ]
SQL: SHOW COLUMNS FROM `qm_role_right` [ RunTime:0.0163s ]
SQL: SELECT `right_id` FROM `qm_role_right` WHERE ( role_id='' )  [ RunTime:0.0014s ]
NOTIC: [2] implode(): Invalid arguments passed /www/wwwroot/jy.juhuaian.cn/Application/JY/Controller/IndexController.class.php 第 9 行.
SQL: SHOW COLUMNS FROM `qm_right` [ RunTime:0.0191s ]
SQL: SELECT * FROM `qm_right` WHERE ( id in ('') and parent_id=0 )  [ RunTime:0.0002s ]
SQL: SELECT * FROM `qm_right` WHERE ( id in ('') and parent_id>0 )  [ RunTime:0.0001s ]
NOTIC: [8] Undefined index: id /www/wwwroot/jy.juhuaian.cn/Application/JY/Controller/IndexController.class.php 第 14 行.
INFO: [ view_parse ] --START--
INFO: [ template_filter ] --START--
INFO: Run Behavior\ContentReplaceBehavior [ RunTime:0.000022s ]
INFO: [ template_filter ] --END-- [ RunTime:0.000052s ]
INFO: Run Behavior\ParseTemplateBehavior [ RunTime:0.139320s ]
INFO: [ view_parse ] --END-- [ RunTime:0.139365s ]
INFO: [ view_filter ] --START--
INFO: Run Behavior\WriteHtmlCacheBehavior [ RunTime:0.010247s ]
INFO: [ view_filter ] --END-- [ RunTime:0.010304s ]
INFO: [ app_end ] --START--
INFO: Run Behavior\ShowPageTraceBehavior [ RunTime:0.008334s ]
INFO: [ app_end ] --END-- [ RunTime:0.008367s ]

[ 2019-01-14T10:20:51+08:00 ] 112.36.194.105 /index.php/JY/Index/index.html
INFO: [ app_init ] --START--
INFO: Run Behavior\BuildLiteBehavior [ RunTime:0.000010s ]
INFO: [ app_init ] --END-- [ RunTime:0.000222s ]
INFO: [ app_begin ] --START--
INFO: Run Behavior\ReadHtmlCacheBehavior [ RunTime:0.000247s ]
INFO: [ app_begin ] --END-- [ RunTime:0.000268s ]
NOTIC: [8] Undefined index: id /www/wwwroot/jy.juhuaian.cn/Application/JY/Controller/IndexController.class.php 第 6 行.
SQL: SHOW COLUMNS FROM `qm_adminus` [ RunTime:0.0005s ]
SQL: SELECT `role_id` FROM `qm_adminus` WHERE `id` = null LIMIT 1   [ RunTime:0.0001s ]
SQL: SHOW COLUMNS FROM `qm_role_right` [ RunTime:0.0003s ]
SQL: SELECT `right_id` FROM `qm_role_right` WHERE ( role_id='' )  [ RunTime:0.0000s ]
NOTIC: [2] implode(): Invalid arguments passed /www/wwwroot/jy.juhuaian.cn/Application/JY/Controller/IndexController.class.php 第 9 行.
SQL: SHOW COLUMNS FROM `qm_right` [ RunTime:0.0003s ]
SQL: SELECT * FROM `qm_right` WHERE ( id in ('') and parent_id=0 )  [ RunTime:0.0001s ]
SQL: SELECT * FROM `qm_right` WHERE ( id in ('') and parent_id>0 )  [ RunTime:0.0001s ]
NOTIC: [8] Undefined index: id /www/wwwroot/jy.juhuaian.cn/Application/JY/Controller/IndexController.class.php 第 14 行.
INFO: [ view_parse ] --START--
INFO: [ template_filter ] --START--
INFO: Run Behavior\ContentReplaceBehavior [ RunTime:0.000022s ]
INFO: [ template_filter ] --END-- [ RunTime:0.000045s ]
INFO: Run Behavior\ParseTemplateBehavior [ RunTime:0.003586s ]
INFO: [ view_parse ] --END-- [ RunTime:0.003603s ]
INFO: [ view_filter ] --START--
INFO: Run Behavior\WriteHtmlCacheBehavior [ RunTime:0.000080s ]
INFO: [ view_filter ] --END-- [ RunTime:0.000092s ]
INFO: [ app_end ] --START--
INFO: Run Behavior\ShowPageTraceBehavior [ RunTime:0.000299s ]
INFO: [ app_end ] --END-- [ RunTime:0.000315s ]

[ 2019-01-14T11:55:07+08:00 ] 112.36.194.105 /index.php/JY/Index/index.html
INFO: [ app_init ] --START--
INFO: Run Behavior\BuildLiteBehavior [ RunTime:0.000008s ]
INFO: [ app_init ] --END-- [ RunTime:0.000227s ]
INFO: [ app_begin ] --START--
INFO: Run Behavior\ReadHtmlCacheBehavior [ RunTime:0.000329s ]
INFO: [ app_begin ] --END-- [ RunTime:0.000354s ]
NOTIC: [8] Undefined index: id /www/wwwroot/jy.juhuaian.cn/Application/JY/Controller/IndexController.class.php 第 6 行.
SQL: SHOW COLUMNS FROM `qm_adminus` [ RunTime:0.0005s ]
SQL: SELECT `role_id` FROM `qm_adminus` WHERE `id` = null LIMIT 1   [ RunTime:0.0000s ]
SQL: SHOW COLUMNS FROM `qm_role_right` [ RunTime:0.0002s ]
SQL: SELECT `right_id` FROM `qm_role_right` WHERE ( role_id='' )  [ RunTime:0.0000s ]
NOTIC: [2] implode(): Invalid arguments passed /www/wwwroot/jy.juhuaian.cn/Application/JY/Controller/IndexController.class.php 第 9 行.
SQL: SHOW COLUMNS FROM `qm_right` [ RunTime:0.0003s ]
SQL: SELECT * FROM `qm_right` WHERE ( id in ('') and parent_id=0 )  [ RunTime:0.0000s ]
SQL: SELECT * FROM `qm_right` WHERE ( id in ('') and parent_id>0 )  [ RunTime:0.0000s ]
NOTIC: [8] Undefined index: id /www/wwwroot/jy.juhuaian.cn/Application/JY/Controller/IndexController.class.php 第 14 行.
INFO: [ view_parse ] --START--
INFO: [ template_filter ] --START--
INFO: Run Behavior\ContentReplaceBehavior [ RunTime:0.000018s ]
INFO: [ template_filter ] --END-- [ RunTime:0.000035s ]
INFO: Run Behavior\ParseTemplateBehavior [ RunTime:0.002519s ]
INFO: [ view_parse ] --END-- [ RunTime:0.002537s ]
INFO: [ view_filter ] --START--
INFO: Run Behavior\WriteHtmlCacheBehavior [ RunTime:0.000090s ]
INFO: [ view_filter ] --END-- [ RunTime:0.000102s ]
INFO: [ app_end ] --START--
INFO: Run Behavior\ShowPageTraceBehavior [ RunTime:0.000270s ]
INFO: [ app_end ] --END-- [ RunTime:0.000289s ]

[ 2019-01-14T11:55:11+08:00 ] 112.36.194.105 /index.php/JY/Login/login.html
INFO: [ app_init ] --START--
INFO: Run Behavior\BuildLiteBehavior [ RunTime:0.000007s ]
INFO: [ app_init ] --END-- [ RunTime:0.000175s ]
INFO: [ app_begin ] --START--
INFO: Run Behavior\ReadHtmlCacheBehavior [ RunTime:0.000235s ]
INFO: [ app_begin ] --END-- [ RunTime:0.000252s ]
INFO: [ view_parse ] --START--
INFO: [ template_filter ] --START--
INFO: Run Behavior\ContentReplaceBehavior [ RunTime:0.000045s ]
INFO: [ template_filter ] --END-- [ RunTime:0.000076s ]
INFO: Run Behavior\ParseTemplateBehavior [ RunTime:0.012179s ]
INFO: [ view_parse ] --END-- [ RunTime:0.012251s ]
INFO: [ view_filter ] --START--
INFO: Run Behavior\WriteHtmlCacheBehavior [ RunTime:0.000085s ]
INFO: [ view_filter ] --END-- [ RunTime:0.000096s ]
INFO: [ app_end ] --START--
INFO: Run Behavior\ShowPageTraceBehavior [ RunTime:0.000273s ]
INFO: [ app_end ] --END-- [ RunTime:0.000290s ]

[ 2019-01-14T11:55:11+08:00 ] 112.36.194.105 /index.php/JY/Login/css/layui_1.css
INFO: [ app_init ] --START--
INFO: Run Behavior\BuildLiteBehavior [ RunTime:0.000007s ]
INFO: [ app_init ] --END-- [ RunTime:0.000177s ]
INFO: [ app_begin ] --START--
INFO: Run Behavior\ReadHtmlCacheBehavior [ RunTime:0.000215s ]
INFO: [ app_begin ] --END-- [ RunTime:0.000236s ]
ERR: 非法操作:css

[ 2019-01-14T11:55:16+08:00 ] 112.36.194.105 /index.php/JY/Login/checklogin
INFO: [ app_init ] --START--
INFO: Run Behavior\BuildLiteBehavior [ RunTime:0.000008s ]
INFO: [ app_init ] --END-- [ RunTime:0.000206s ]
INFO: [ app_begin ] --START--
INFO: Run Behavior\ReadHtmlCacheBehavior [ RunTime:0.000233s ]
INFO: [ app_begin ] --END-- [ RunTime:0.000255s ]
SQL: SHOW COLUMNS FROM `qm_adminus` [ RunTime:0.0006s ]
SQL: SELECT * FROM `qm_adminus` WHERE ( username='123' AND password='123' ) LIMIT 1   [ RunTime:0.0141s ]
INFO: [ view_parse ] --START--
INFO: [ template_filter ] --START--
INFO: Run Behavior\ContentReplaceBehavior [ RunTime:0.000020s ]
INFO: [ template_filter ] --END-- [ RunTime:0.000049s ]
INFO: Run Behavior\ParseTemplateBehavior [ RunTime:0.003857s ]
INFO: [ view_parse ] --END-- [ RunTime:0.003882s ]
INFO: [ view_filter ] --START--
INFO: Run Behavior\WriteHtmlCacheBehavior [ RunTime:0.000090s ]
INFO: [ view_filter ] --END-- [ RunTime:0.000105s ]
INFO: [ app_end ] --START--
INFO: Run Behavior\ShowPageTraceBehavior [ RunTime:0.000307s ]
INFO: [ app_end ] --END-- [ RunTime:0.000326s ]

[ 2019-01-14T11:55:19+08:00 ] 112.36.194.105 /index.php/JY/Index/index.html
INFO: [ app_init ] --START--
INFO: Run Behavior\BuildLiteBehavior [ RunTime:0.000008s ]
INFO: [ app_init ] --END-- [ RunTime:0.000185s ]
INFO: [ app_begin ] --START--
INFO: Run Behavior\ReadHtmlCacheBehavior [ RunTime:0.000221s ]
INFO: [ app_begin ] --END-- [ RunTime:0.000239s ]
SQL: SHOW COLUMNS FROM `qm_adminus` [ RunTime:0.0004s ]
SQL: SELECT `role_id` FROM `qm_adminus` WHERE `id` = 1 LIMIT 1   [ RunTime:0.0001s ]
SQL: SHOW COLUMNS FROM `qm_role_right` [ RunTime:0.0003s ]
SQL: SELECT `right_id` FROM `qm_role_right` WHERE ( role_id='1' )  [ RunTime:0.0001s ]
SQL: SHOW COLUMNS FROM `qm_right` [ RunTime:0.0003s ]
SQL: SELECT * FROM `qm_right` WHERE ( id in ('32','30','29','28','27','26','25','24','23','22','33','21','20','19','18','17','16','14','13','12','11','10','9','8','7','6','5','4','3','2','1') and parent_id=0 )  [ RunTime:0.0123s ]
SQL: SELECT * FROM `qm_right` WHERE ( id in ('32','30','29','28','27','26','25','24','23','22','33','21','20','19','18','17','16','14','13','12','11','10','9','8','7','6','5','4','3','2','1') and parent_id>0 )  [ RunTime:0.0003s ]
INFO: [ view_parse ] --START--
INFO: [ template_filter ] --START--
INFO: Run Behavior\ContentReplaceBehavior [ RunTime:0.000092s ]
INFO: [ template_filter ] --END-- [ RunTime:0.000128s ]
INFO: Run Behavior\ParseTemplateBehavior [ RunTime:0.023035s ]
INFO: [ view_parse ] --END-- [ RunTime:0.023077s ]
INFO: [ view_filter ] --START--
INFO: Run Behavior\WriteHtmlCacheBehavior [ RunTime:0.000165s ]
INFO: [ view_filter ] --END-- [ RunTime:0.000184s ]
INFO: [ app_end ] --START--
INFO: Run Behavior\ShowPageTraceBehavior [ RunTime:0.000379s ]
INFO: [ app_end ] --END-- [ RunTime:0.000402s ]

[ 2019-01-14T11:55:19+08:00 ] 112.36.194.105 /index.php/JY/Index/img/icon/baidu.png
INFO: [ app_init ] --START--
INFO: Run Behavior\BuildLiteBehavior [ RunTime:0.000010s ]
INFO: [ app_init ] --END-- [ RunTime:0.000241s ]

[ 2019-01-14T11:55:19+08:00 ] 112.36.194.105 /index.php/JY/Index/img/presentation/1.png
INFO: [ app_init ] --START--
INFO: Run Behavior\BuildLiteBehavior [ RunTime:0.000009s ]
INFO: [ app_init ] --END-- [ RunTime:0.000175s ]

[ 2019-01-14T11:55:19+08:00 ] 112.36.194.105 /index.php/JY/Index/img/icon/baidu.png
INFO: [ app_init ] --START--
INFO: Run Behavior\BuildLiteBehavior [ RunTime:0.000006s ]
INFO: [ app_init ] --END-- [ RunTime:0.000204s ]

[ 2019-01-14T11:55:23+08:00 ] 112.36.194.105 /index.php/JY/Mgt/userlist
INFO: [ app_init ] --START--
INFO: Run Behavior\BuildLiteBehavior [ RunTime:0.000010s ]
INFO: [ app_init ] --END-- [ RunTime:0.000247s ]
INFO: [ app_begin ] --START--
INFO: Run Behavior\ReadHtmlCacheBehavior [ RunTime:0.000269s ]
INFO: [ app_begin ] --END-- [ RunTime:0.000287s ]
SQL: SHOW COLUMNS FROM `qm_user` [ RunTime:0.0006s ]
SQL: SELECT COUNT(*) AS tp_Count FROM `qm_user` LIMIT 1   [ RunTime:0.0002s ]
SQL: SELECT * FROM `qm_user` LIMIT 0,7   [ RunTime:0.0004s ]
INFO: [ view_parse ] --START--
INFO: [ template_filter ] --START--
INFO: Run Behavior\ContentReplaceBehavior [ RunTime:0.000041s ]
INFO: [ template_filter ] --END-- [ RunTime:0.000067s ]
NOTIC: [8] Undefined index: sex /www/wwwroot/jy.juhuaian.cn/Application/Runtime/Cache/JY/d29cc9c9e498b14fa0bbbdaf6fd8dade.php 第 67 行.
NOTIC: [8] Undefined index: email /www/wwwroot/jy.juhuaian.cn/Application/Runtime/Cache/JY/d29cc9c9e498b14fa0bbbdaf6fd8dade.php 第 80 行.
NOTIC: [8] Undefined index: qq /www/wwwroot/jy.juhuaian.cn/Application/Runtime/Cache/JY/d29cc9c9e498b14fa0bbbdaf6fd8dade.php 第 81 行.
NOTIC: [8] Undefined index: sex /www/wwwroot/jy.juhuaian.cn/Application/Runtime/Cache/JY/d29cc9c9e498b14fa0bbbdaf6fd8dade.php 第 67 行.
NOTIC: [8] Undefined index: email /www/wwwroot/jy.juhuaian.cn/Application/Runtime/Cache/JY/d29cc9c9e498b14fa0bbbdaf6fd8dade.php 第 80 行.
NOTIC: [8] Undefined index: qq /www/wwwroot/jy.juhuaian.cn/Application/Runtime/Cache/JY/d29cc9c9e498b14fa0bbbdaf6fd8dade.php 第 81 行.
NOTIC: [8] Undefined index: sex /www/wwwroot/jy.juhuaian.cn/Application/Runtime/Cache/JY/d29cc9c9e498b14fa0bbbdaf6fd8dade.php 第 67 行.
NOTIC: [8] Undefined index: email /www/wwwroot/jy.juhuaian.cn/Application/Runtime/Cache/JY/d29cc9c9e498b14fa0bbbdaf6fd8dade.php 第 80 行.
NOTIC: [8] Undefined index: qq /www/wwwroot/jy.juhuaian.cn/Application/Runtime/Cache/JY/d29cc9c9e498b14fa0bbbdaf6fd8dade.php 第 81 行.
NOTIC: [8] Undefined index: sex /www/wwwroot/jy.juhuaian.cn/Application/Runtime/Cache/JY/d29cc9c9e498b14fa0bbbdaf6fd8dade.php 第 67 行.
NOTIC: [8] Undefined index: email /www/wwwroot/jy.juhuaian.cn/Application/Runtime/Cache/JY/d29cc9c9e498b14fa0bbbdaf6fd8dade.php 第 80 行.
NOTIC: [8] Undefined index: qq /www/wwwroot/jy.juhuaian.cn/Application/Runtime/Cache/JY/d29cc9c9e498b14fa0bbbdaf6fd8dade.php 第 81 行.
NOTIC: [8] Undefined index: sex /www/wwwroot/jy.juhuaian.cn/Application/Runtime/Cache/JY/d29cc9c9e498b14fa0bbbdaf6fd8dade.php 第 67 行.
NOTIC: [8] Undefined index: email /www/wwwroot/jy.juhuaian.cn/Application/Runtime/Cache/JY/d29cc9c9e498b14fa0bbbdaf6fd8dade.php 第 80 行.
NOTIC: [8] Undefined index: qq /www/wwwroot/jy.juhuaian.cn/Application/Runtime/Cache/JY/d29cc9c9e498b14fa0bbbdaf6fd8dade.php 第 81 行.
NOTIC: [8] Undefined index: sex /www/wwwroot/jy.juhuaian.cn/Application/Runtime/Cache/JY/d29cc9c9e498b14fa0bbbdaf6fd8dade.php 第 67 行.
NOTIC: [8] Undefined index: email /www/wwwroot/jy.juhuaian.cn/Application/Runtime/Cache/JY/d29cc9c9e498b14fa0bbbdaf6fd8dade.php 第 80 行.
NOTIC: [8] Undefined index: qq /www/wwwroot/jy.juhuaian.cn/Application/Runtime/Cache/JY/d29cc9c9e498b14fa0bbbdaf6fd8dade.php 第 81 行.
NOTIC: [8] Undefined index: sex /www/wwwroot/jy.juhuaian.cn/Application/Runtime/Cache/JY/d29cc9c9e498b14fa0bbbdaf6fd8dade.php 第 67 行.
NOTIC: [8] Undefined index: email /www/wwwroot/jy.juhuaian.cn/Application/Runtime/Cache/JY/d29cc9c9e498b14fa0bbbdaf6fd8dade.php 第 80 行.
NOTIC: [8] Undefined index: qq /www/wwwroot/jy.juhuaian.cn/Application/Runtime/Cache/JY/d29cc9c9e498b14fa0bbbdaf6fd8dade.php 第 81 行.
INFO: Run Behavior\ParseTemplateBehavior [ RunTime:0.032491s ]
INFO: [ view_parse ] --END-- [ RunTime:0.032524s ]
INFO: [ view_filter ] --START--
INFO: Run Behavior\WriteHtmlCacheBehavior [ RunTime:0.000112s ]
INFO: [ view_filter ] --END-- [ RunTime:0.000127s ]
INFO: [ app_end ] --START--
INFO: Run Behavior\ShowPageTraceBehavior [ RunTime:0.000380s ]
INFO: [ app_end ] --END-- [ RunTime:0.000397s ]

[ 2019-01-14T11:55:28+08:00 ] 112.36.194.105 /index.php/JY/Mgt/userlist/p/2.html
INFO: [ app_init ] --START--
INFO: Run Behavior\BuildLiteBehavior [ RunTime:0.000009s ]
INFO: [ app_init ] --END-- [ RunTime:0.000244s ]
INFO: [ app_begin ] --START--
INFO: Run Behavior\ReadHtmlCacheBehavior [ RunTime:0.000307s ]
INFO: [ app_begin ] --END-- [ RunTime:0.000332s ]
SQL: SHOW COLUMNS FROM `qm_user` [ RunTime:0.0007s ]
SQL: SELECT COUNT(*) AS tp_Count FROM `qm_user` LIMIT 1   [ RunTime:0.0000s ]
SQL: SELECT * FROM `qm_user` LIMIT 7,7   [ RunTime:0.0003s ]
INFO: [ view_parse ] --START--
INFO: [ template_filter ] --START--
INFO: Run Behavior\ContentReplaceBehavior [ RunTime:0.000045s ]
INFO: [ template_filter ] --END-- [ RunTime:0.000068s ]
NOTIC: [8] Undefined index: sex /www/wwwroot/jy.juhuaian.cn/Application/Runtime/Cache/JY/d29cc9c9e498b14fa0bbbdaf6fd8dade.php 第 67 行.
NOTIC: [8] Undefined index: email /www/wwwroot/jy.juhuaian.cn/Application/Runtime/Cache/JY/d29cc9c9e498b14fa0bbbdaf6fd8dade.php 第 80 行.
NOTIC: [8] Undefined index: qq /www/wwwroot/jy.juhuaian.cn/Application/Runtime/Cache/JY/d29cc9c9e498b14fa0bbbdaf6fd8dade.php 第 81 行.
NOTIC: [8] Undefined index: sex /www/wwwroot/jy.juhuaian.cn/Application/Runtime/Cache/JY/d29cc9c9e498b14fa0bbbdaf6fd8dade.php 第 67 行.
NOTIC: [8] Undefined index: email /www/wwwroot/jy.juhuaian.cn/Application/Runtime/Cache/JY/d29cc9c9e498b14fa0bbbdaf6fd8dade.php 第 80 行.
NOTIC: [8] Undefined index: qq /www/wwwroot/jy.juhuaian.cn/Application/Runtime/Cache/JY/d29cc9c9e498b14fa0bbbdaf6fd8dade.php 第 81 行.
NOTIC: [8] Undefined index: sex /www/wwwroot/jy.juhuaian.cn/Application/Runtime/Cache/JY/d29cc9c9e498b14fa0bbbdaf6fd8dade.php 第 67 行.
NOTIC: [8] Undefined index: email /www/wwwroot/jy.juhuaian.cn/Application/Runtime/Cache/JY/d29cc9c9e498b14fa0bbbdaf6fd8dade.php 第 80 行.
NOTIC: [8] Undefined index: qq /www/wwwroot/jy.juhuaian.cn/Application/Runtime/Cache/JY/d29cc9c9e498b14fa0bbbdaf6fd8dade.php 第 81 行.
NOTIC: [8] Undefined index: sex /www/wwwroot/jy.juhuaian.cn/Application/Runtime/Cache/JY/d29cc9c9e498b14fa0bbbdaf6fd8dade.php 第 67 行.
NOTIC: [8] Undefined index: email /www/wwwroot/jy.juhuaian.cn/Application/Runtime/Cache/JY/d29cc9c9e498b14fa0bbbdaf6fd8dade.php 第 80 行.
NOTIC: [8] Undefined index: qq /www/wwwroot/jy.juhuaian.cn/Application/Runtime/Cache/JY/d29cc9c9e498b14fa0bbbdaf6fd8dade.php 第 81 行.
NOTIC: [8] Undefined index: sex /www/wwwroot/jy.juhuaian.cn/Application/Runtime/Cache/JY/d29cc9c9e498b14fa0bbbdaf6fd8dade.php 第 67 行.
NOTIC: [8] Undefined index: email /www/wwwroot/jy.juhuaian.cn/Application/Runtime/Cache/JY/d29cc9c9e498b14fa0bbbdaf6fd8dade.php 第 80 行.
NOTIC: [8] Undefined index: qq /www/wwwroot/jy.juhuaian.cn/Application/Runtime/Cache/JY/d29cc9c9e498b14fa0bbbdaf6fd8dade.php 第 81 行.
NOTIC: [8] Undefined index: sex /www/wwwroot/jy.juhuaian.cn/Application/Runtime/Cache/JY/d29cc9c9e498b14fa0bbbdaf6fd8dade.php 第 67 行.
NOTIC: [8] Undefined index: email /www/wwwroot/jy.juhuaian.cn/Application/Runtime/Cache/JY/d29cc9c9e498b14fa0bbbdaf6fd8dade.php 第 80 行.
NOTIC: [8] Undefined index: qq /www/wwwroot/jy.juhuaian.cn/Application/Runtime/Cache/JY/d29cc9c9e498b14fa0bbbdaf6fd8dade.php 第 81 行.
NOTIC: [8] Undefined index: sex /www/wwwroot/jy.juhuaian.cn/Application/Runtime/Cache/JY/d29cc9c9e498b14fa0bbbdaf6fd8dade.php 第 67 行.
NOTIC: [8] Undefined index: email /www/wwwroot/jy.juhuaian.cn/Application/Runtime/Cache/JY/d29cc9c9e498b14fa0bbbdaf6fd8dade.php 第 80 行.
NOTIC: [8] Undefined index: qq /www/wwwroot/jy.juhuaian.cn/Application/Runtime/Cache/JY/d29cc9c9e498b14fa0bbbdaf6fd8dade.php 第 81 行.
INFO: Run Behavior\ParseTemplateBehavior [ RunTime:0.004780s ]
INFO: [ view_parse ] --END-- [ RunTime:0.004796s ]
INFO: [ view_filter ] --START--
INFO: Run Behavior\WriteHtmlCacheBehavior [ RunTime:0.000085s ]
INFO: [ view_filter ] --END-- [ RunTime:0.000097s ]
INFO: [ app_end ] --START--
INFO: Run Behavior\ShowPageTraceBehavior [ RunTime:0.000282s ]
INFO: [ app_end ] --END-- [ RunTime:0.000297s ]

[ 2019-01-14T11:55:37+08:00 ] 112.36.194.105 /index.php/JY/Mgt/userlist/p/3.html
INFO: [ app_init ] --START--
INFO: Run Behavior\BuildLiteBehavior [ RunTime:0.000007s ]
INFO: [ app_init ] --END-- [ RunTime:0.000188s ]
INFO: [ app_begin ] --START--
INFO: Run Behavior\ReadHtmlCacheBehavior [ RunTime:0.000259s ]
INFO: [ app_begin ] --END-- [ RunTime:0.000281s ]
SQL: SHOW COLUMNS FROM `qm_user` [ RunTime:0.0006s ]
SQL: SELECT COUNT(*) AS tp_Count FROM `qm_user` LIMIT 1   [ RunTime:0.0001s ]
SQL: SELECT * FROM `qm_user` LIMIT 14,7   [ RunTime:0.0003s ]
INFO: [ view_parse ] --START--
INFO: [ template_filter ] --START--
INFO: Run Behavior\ContentReplaceBehavior [ RunTime:0.000050s ]
INFO: [ template_filter ] --END-- [ RunTime:0.000072s ]
NOTIC: [8] Undefined index: sex /www/wwwroot/jy.juhuaian.cn/Application/Runtime/Cache/JY/d29cc9c9e498b14fa0bbbdaf6fd8dade.php 第 67 行.
NOTIC: [8] Undefined index: email /www/wwwroot/jy.juhuaian.cn/Application/Runtime/Cache/JY/d29cc9c9e498b14fa0bbbdaf6fd8dade.php 第 80 行.
NOTIC: [8] Undefined index: qq /www/wwwroot/jy.juhuaian.cn/Application/Runtime/Cache/JY/d29cc9c9e498b14fa0bbbdaf6fd8dade.php 第 81 行.
NOTIC: [8] Undefined index: sex /www/wwwroot/jy.juhuaian.cn/Application/Runtime/Cache/JY/d29cc9c9e498b14fa0bbbdaf6fd8dade.php 第 67 行.
NOTIC: [8] Undefined index: email /www/wwwroot/jy.juhuaian.cn/Application/Runtime/Cache/JY/d29cc9c9e498b14fa0bbbdaf6fd8dade.php 第 80 行.
NOTIC: [8] Undefined index: qq /www/wwwroot/jy.juhuaian.cn/Application/Runtime/Cache/JY/d29cc9c9e498b14fa0bbbdaf6fd8dade.php 第 81 行.
NOTIC: [8] Undefined index: sex /www/wwwroot/jy.juhuaian.cn/Application/Runtime/Cache/JY/d29cc9c9e498b14fa0bbbdaf6fd8dade.php 第 67 行.
NOTIC: [8] Undefined index: email /www/wwwroot/jy.juhuaian.cn/Application/Runtime/Cache/JY/d29cc9c9e498b14fa0bbbdaf6fd8dade.php 第 80 行.
NOTIC: [8] Undefined index: qq /www/wwwroot/jy.juhuaian.cn/Application/Runtime/Cache/JY/d29cc9c9e498b14fa0bbbdaf6fd8dade.php 第 81 行.
NOTIC: [8] Undefined index: sex /www/wwwroot/jy.juhuaian.cn/Application/Runtime/Cache/JY/d29cc9c9e498b14fa0bbbdaf6fd8dade.php 第 67 行.
NOTIC: [8] Undefined index: email /www/wwwroot/jy.juhuaian.cn/Application/Runtime/Cache/JY/d29cc9c9e498b14fa0bbbdaf6fd8dade.php 第 80 行.
NOTIC: [8] Undefined index: qq /www/wwwroot/jy.juhuaian.cn/Application/Runtime/Cache/JY/d29cc9c9e498b14fa0bbbdaf6fd8dade.php 第 81 行.
NOTIC: [8] Undefined index: sex /www/wwwroot/jy.juhuaian.cn/Application/Runtime/Cache/JY/d29cc9c9e498b14fa0bbbdaf6fd8dade.php 第 67 行.
NOTIC: [8] Undefined index: email /www/wwwroot/jy.juhuaian.cn/Application/Runtime/Cache/JY/d29cc9c9e498b14fa0bbbdaf6fd8dade.php 第 80 行.
NOTIC: [8] Undefined index: qq /www/wwwroot/jy.juhuaian.cn/Application/Runtime/Cache/JY/d29cc9c9e498b14fa0bbbdaf6fd8dade.php 第 81 行.
NOTIC: [8] Undefined index: sex /www/wwwroot/jy.juhuaian.cn/Application/Runtime/Cache/JY/d29cc9c9e498b14fa0bbbdaf6fd8dade.php 第 67 行.
NOTIC: [8] Undefined index: email /www/wwwroot/jy.juhuaian.cn/Application/Runtime/Cache/JY/d29cc9c9e498b14fa0bbbdaf6fd8dade.php 第 80 行.
NOTIC: [8] Undefined index: qq /www/wwwroot/jy.juhuaian.cn/Application/Runtime/Cache/JY/d29cc9c9e498b14fa0bbbdaf6fd8dade.php 第 81 行.
NOTIC: [8] Undefined index: sex /www/wwwroot/jy.juhuaian.cn/Application/Runtime/Cache/JY/d29cc9c9e498b14fa0bbbdaf6fd8dade.php 第 67 行.
NOTIC: [8] Undefined index: email /www/wwwroot/jy.juhuaian.cn/Application/Runtime/Cache/JY/d29cc9c9e498b14fa0bbbdaf6fd8dade.php 第 80 行.
NOTIC: [8] Undefined index: qq /www/wwwroot/jy.juhuaian.cn/Application/Runtime/Cache/JY/d29cc9c9e498b14fa0bbbdaf6fd8dade.php 第 81 行.
INFO: Run Behavior\ParseTemplateBehavior [ RunTime:0.004281s ]
INFO: [ view_parse ] --END-- [ RunTime:0.004298s ]
INFO: [ view_filter ] --START--
INFO: Run Behavior\WriteHtmlCacheBehavior [ RunTime:0.000098s ]
INFO: [ view_filter ] --END-- [ RunTime:0.000133s ]
INFO: [ app_end ] --START--
INFO: Run Behavior\ShowPageTraceBehavior [ RunTime:0.000304s ]
INFO: [ app_end ] --END-- [ RunTime:0.000324s ]

[ 2019-01-14T11:55:43+08:00 ] 112.36.194.105 /index.php/JY/Mgt/userlist/p/4.html
INFO: [ app_init ] --START--
INFO: Run Behavior\BuildLiteBehavior [ RunTime:0.000007s ]
INFO: [ app_init ] --END-- [ RunTime:0.000175s ]
INFO: [ app_begin ] --START--
INFO: Run Behavior\ReadHtmlCacheBehavior [ RunTime:0.000227s ]
INFO: [ app_begin ] --END-- [ RunTime:0.000245s ]
SQL: SHOW COLUMNS FROM `qm_user` [ RunTime:0.0007s ]
SQL: SELECT COUNT(*) AS tp_Count FROM `qm_user` LIMIT 1   [ RunTime:0.0001s ]
SQL: SELECT * FROM `qm_user` LIMIT 21,7   [ RunTime:0.0003s ]
INFO: [ view_parse ] --START--
INFO: [ template_filter ] --START--
INFO: Run Behavior\ContentReplaceBehavior [ RunTime:0.000042s ]
INFO: [ template_filter ] --END-- [ RunTime:0.000064s ]
NOTIC: [8] Undefined index: sex /www/wwwroot/jy.juhuaian.cn/Application/Runtime/Cache/JY/d29cc9c9e498b14fa0bbbdaf6fd8dade.php 第 67 行.
NOTIC: [8] Undefined index: email /www/wwwroot/jy.juhuaian.cn/Application/Runtime/Cache/JY/d29cc9c9e498b14fa0bbbdaf6fd8dade.php 第 80 行.
NOTIC: [8] Undefined index: qq /www/wwwroot/jy.juhuaian.cn/Application/Runtime/Cache/JY/d29cc9c9e498b14fa0bbbdaf6fd8dade.php 第 81 行.
NOTIC: [8] Undefined index: sex /www/wwwroot/jy.juhuaian.cn/Application/Runtime/Cache/JY/d29cc9c9e498b14fa0bbbdaf6fd8dade.php 第 67 行.
NOTIC: [8] Undefined index: email /www/wwwroot/jy.juhuaian.cn/Application/Runtime/Cache/JY/d29cc9c9e498b14fa0bbbdaf6fd8dade.php 第 80 行.
NOTIC: [8] Undefined index: qq /www/wwwroot/jy.juhuaian.cn/Application/Runtime/Cache/JY/d29cc9c9e498b14fa0bbbdaf6fd8dade.php 第 81 行.
NOTIC: [8] Undefined index: sex /www/wwwroot/jy.juhuaian.cn/Application/Runtime/Cache/JY/d29cc9c9e498b14fa0bbbdaf6fd8dade.php 第 67 行.
NOTIC: [8] Undefined index: email /www/wwwroot/jy.juhuaian.cn/Application/Runtime/Cache/JY/d29cc9c9e498b14fa0bbbdaf6fd8dade.php 第 80 行.
NOTIC: [8] Undefined index: qq /www/wwwroot/jy.juhuaian.cn/Application/Runtime/Cache/JY/d29cc9c9e498b14fa0bbbdaf6fd8dade.php 第 81 行.
NOTIC: [8] Undefined index: sex /www/wwwroot/jy.juhuaian.cn/Application/Runtime/Cache/JY/d29cc9c9e498b14fa0bbbdaf6fd8dade.php 第 67 行.
NOTIC: [8] Undefined index: email /www/wwwroot/jy.juhuaian.cn/Application/Runtime/Cache/JY/d29cc9c9e498b14fa0bbbdaf6fd8dade.php 第 80 行.
NOTIC: [8] Undefined index: qq /www/wwwroot/jy.juhuaian.cn/Application/Runtime/Cache/JY/d29cc9c9e498b14fa0bbbdaf6fd8dade.php 第 81 行.
NOTIC: [8] Undefined index: sex /www/wwwroot/jy.juhuaian.cn/Application/Runtime/Cache/JY/d29cc9c9e498b14fa0bbbdaf6fd8dade.php 第 67 行.
NOTIC: [8] Undefined index: email /www/wwwroot/jy.juhuaian.cn/Application/Runtime/Cache/JY/d29cc9c9e498b14fa0bbbdaf6fd8dade.php 第 80 行.
NOTIC: [8] Undefined index: qq /www/wwwroot/jy.juhuaian.cn/Application/Runtime/Cache/JY/d29cc9c9e498b14fa0bbbdaf6fd8dade.php 第 81 行.
INFO: Run Behavior\ParseTemplateBehavior [ RunTime:0.005266s ]
INFO: [ view_parse ] --END-- [ RunTime:0.005283s ]
INFO: [ view_filter ] --START--
INFO: Run Behavior\WriteHtmlCacheBehavior [ RunTime:0.000088s ]
INFO: [ view_filter ] --END-- [ RunTime:0.000100s ]
INFO: [ app_end ] --START--
INFO: Run Behavior\ShowPageTraceBehavior [ RunTime:0.000347s ]
INFO: [ app_end ] --END-- [ RunTime:0.000364s ]

[ 2019-01-14T11:56:12+08:00 ] 112.36.194.105 /index.php/JY/Mgt/jngl
INFO: [ app_init ] --START--
INFO: Run Behavior\BuildLiteBehavior [ RunTime:0.000008s ]
INFO: [ app_init ] --END-- [ RunTime:0.000207s ]
INFO: [ app_begin ] --START--
INFO: Run Behavior\ReadHtmlCacheBehavior [ RunTime:0.000253s ]
INFO: [ app_begin ] --END-- [ RunTime:0.000272s ]
SQL: SHOW COLUMNS FROM `qm_fbjn` [ RunTime:0.0345s ]
SQL: SELECT COUNT(*) AS tp_Count FROM `qm_fbjn` LIMIT 1   [ RunTime:0.0002s ]
SQL: SELECT * FROM `qm_fbjn` LIMIT 0,7   [ RunTime:0.0002s ]
SQL: SHOW COLUMNS FROM `qm_jineng` [ RunTime:0.0442s ]
SQL: SELECT `jname` FROM `qm_jineng` WHERE ( id=149 ) LIMIT 1   [ RunTime:0.0002s ]
SQL: SHOW COLUMNS FROM `qm_user` [ RunTime:0.0006s ]
SQL: SELECT `username` FROM `qm_user` WHERE ( id=1007 ) LIMIT 1   [ RunTime:0.0001s ]
SQL: SELECT `jname` FROM `qm_jineng` WHERE ( id=148 ) LIMIT 1   [ RunTime:0.0001s ]
SQL: SELECT `username` FROM `qm_user` WHERE ( id=1008 ) LIMIT 1   [ RunTime:0.0001s ]
SQL: SELECT `jname` FROM `qm_jineng` WHERE ( id=150 ) LIMIT 1   [ RunTime:0.0001s ]
SQL: SELECT `username` FROM `qm_user` WHERE ( id=1007 ) LIMIT 1   [ RunTime:0.0000s ]
SQL: SELECT `jname` FROM `qm_jineng` WHERE ( id=147 ) LIMIT 1   [ RunTime:0.0004s ]
SQL: SELECT `username` FROM `qm_user` WHERE ( id=1008 ) LIMIT 1   [ RunTime:0.0001s ]
SQL: SELECT `jname` FROM `qm_jineng` WHERE ( id=146 ) LIMIT 1   [ RunTime:0.0002s ]
SQL: SELECT `username` FROM `qm_user` WHERE ( id=1008 ) LIMIT 1   [ RunTime:0.0000s ]
SQL: SELECT `jname` FROM `qm_jineng` WHERE ( id=130 ) LIMIT 1   [ RunTime:0.0001s ]
SQL: SELECT `username` FROM `qm_user` WHERE ( id=57103676 ) LIMIT 1   [ RunTime:0.0001s ]
SQL: SELECT `jname` FROM `qm_jineng` WHERE ( id=129 ) LIMIT 1   [ RunTime:0.0001s ]
SQL: SELECT `username` FROM `qm_user` WHERE ( id=57103676 ) LIMIT 1   [ RunTime:0.0002s ]
INFO: [ view_parse ] --START--
INFO: [ template_filter ] --START--
INFO: Run Behavior\ContentReplaceBehavior [ RunTime:0.000036s ]
INFO: [ template_filter ] --END-- [ RunTime:0.000068s ]
INFO: Run Behavior\ParseTemplateBehavior [ RunTime:0.020038s ]
INFO: [ view_parse ] --END-- [ RunTime:0.020064s ]
INFO: [ view_filter ] --START--
INFO: Run Behavior\WriteHtmlCacheBehavior [ RunTime:0.000109s ]
INFO: [ view_filter ] --END-- [ RunTime:0.000125s ]
INFO: [ app_end ] --START--
INFO: Run Behavior\ShowPageTraceBehavior [ RunTime:0.000298s ]
INFO: [ app_end ] --END-- [ RunTime:0.000315s ]

[ 2019-01-14T11:56:27+08:00 ] 112.36.194.105 /index.php/JY/Mgt/jngl/p/2.html
INFO: [ app_init ] --START--
INFO: Run Behavior\BuildLiteBehavior [ RunTime:0.000008s ]
INFO: [ app_init ] --END-- [ RunTime:0.000306s ]
INFO: [ app_begin ] --START--
INFO: Run Behavior\ReadHtmlCacheBehavior [ RunTime:0.000230s ]
INFO: [ app_begin ] --END-- [ RunTime:0.000249s ]
SQL: SHOW COLUMNS FROM `qm_fbjn` [ RunTime:0.0005s ]
SQL: SELECT COUNT(*) AS tp_Count FROM `qm_fbjn` LIMIT 1   [ RunTime:0.0000s ]
SQL: SELECT * FROM `qm_fbjn` LIMIT 7,7   [ RunTime:0.0002s ]
SQL: SHOW COLUMNS FROM `qm_jineng` [ RunTime:0.0003s ]
SQL: SELECT `jname` FROM `qm_jineng` WHERE ( id=130 ) LIMIT 1   [ RunTime:0.0000s ]
SQL: SHOW COLUMNS FROM `qm_user` [ RunTime:0.0006s ]
SQL: SELECT `username` FROM `qm_user` WHERE ( id=1008 ) LIMIT 1   [ RunTime:0.0000s ]
SQL: SELECT `jname` FROM `qm_jineng` WHERE ( id=129 ) LIMIT 1   [ RunTime:0.0000s ]
SQL: SELECT `username` FROM `qm_user` WHERE ( id=57103676 ) LIMIT 1   [ RunTime:0.0000s ]
SQL: SELECT `jname` FROM `qm_jineng` WHERE ( id=128 ) LIMIT 1   [ RunTime:0.0001s ]
SQL: SELECT `username` FROM `qm_user` WHERE ( id=1007 ) LIMIT 1   [ RunTime:0.0000s ]
SQL: SELECT `jname` FROM `qm_jineng` WHERE ( id=127 ) LIMIT 1   [ RunTime:0.0001s ]
SQL: SELECT `username` FROM `qm_user` WHERE ( id=1007 ) LIMIT 1   [ RunTime:0.0000s ]
SQL: SELECT `jname` FROM `qm_jineng` WHERE ( id=126 ) LIMIT 1   [ RunTime:0.0001s ]
SQL: SELECT `username` FROM `qm_user` WHERE ( id=57103676 ) LIMIT 1   [ RunTime:0.0000s ]
SQL: SELECT `jname` FROM `qm_jineng` WHERE ( id=125 ) LIMIT 1   [ RunTime:0.0001s ]
SQL: SELECT `username` FROM `qm_user` WHERE ( id=57103676 ) LIMIT 1   [ RunTime:0.0000s ]
SQL: SELECT `jname` FROM `qm_jineng` WHERE ( id=1 ) LIMIT 1   [ RunTime:0.0001s ]
SQL: SELECT `username` FROM `qm_user` WHERE ( id=57103676 ) LIMIT 1   [ RunTime:0.0000s ]
INFO: [ view_parse ] --START--
INFO: [ template_filter ] --START--
INFO: Run Behavior\ContentReplaceBehavior [ RunTime:0.000070s ]
INFO: [ template_filter ] --END-- [ RunTime:0.000094s ]
INFO: Run Behavior\ParseTemplateBehavior [ RunTime:0.003020s ]
INFO: [ view_parse ] --END-- [ RunTime:0.003036s ]
INFO: [ view_filter ] --START--
INFO: Run Behavior\WriteHtmlCacheBehavior [ RunTime:0.000100s ]
INFO: [ view_filter ] --END-- [ RunTime:0.000114s ]
INFO: [ app_end ] --START--
INFO: Run Behavior\ShowPageTraceBehavior [ RunTime:0.000315s ]
INFO: [ app_end ] --END-- [ RunTime:0.000332s ]

[ 2019-01-14T11:56:28+08:00 ] 112.36.194.105 /index.php/JY/Mgt/jngl/p/3.html
INFO: [ app_init ] --START--
INFO: Run Behavior\BuildLiteBehavior [ RunTime:0.000010s ]
INFO: [ app_init ] --END-- [ RunTime:0.000197s ]
INFO: [ app_begin ] --START--
INFO: Run Behavior\ReadHtmlCacheBehavior [ RunTime:0.000253s ]
INFO: [ app_begin ] --END-- [ RunTime:0.000271s ]
SQL: SHOW COLUMNS FROM `qm_fbjn` [ RunTime:0.0005s ]
SQL: SELECT COUNT(*) AS tp_Count FROM `qm_fbjn` LIMIT 1   [ RunTime:0.0000s ]
SQL: SELECT * FROM `qm_fbjn` LIMIT 14,7   [ RunTime:0.0002s ]
SQL: SHOW COLUMNS FROM `qm_jineng` [ RunTime:0.0003s ]
SQL: SELECT `jname` FROM `qm_jineng` WHERE ( id=147 ) LIMIT 1   [ RunTime:0.0000s ]
SQL: SHOW COLUMNS FROM `qm_user` [ RunTime:0.0005s ]
SQL: SELECT `username` FROM `qm_user` WHERE ( id=57103676 ) LIMIT 1   [ RunTime:0.0000s ]
SQL: SELECT `jname` FROM `qm_jineng` WHERE ( id=149 ) LIMIT 1   [ RunTime:0.0000s ]
SQL: SELECT `username` FROM `qm_user` WHERE ( id=57103676 ) LIMIT 1   [ RunTime:0.0000s ]
SQL: SELECT `jname` FROM `qm_jineng` WHERE ( id=47 ) LIMIT 1   [ RunTime:0.0001s ]
SQL: SELECT `username` FROM `qm_user` WHERE ( id=57103681 ) LIMIT 1   [ RunTime:0.0001s ]
SQL: SELECT `jname` FROM `qm_jineng` WHERE ( id=2 ) LIMIT 1   [ RunTime:0.0001s ]
SQL: SELECT `username` FROM `qm_user` WHERE ( id=57103682 ) LIMIT 1   [ RunTime:0.0001s ]
SQL: SELECT `jname` FROM `qm_jineng` WHERE ( id=2 ) LIMIT 1   [ RunTime:0.0000s ]
SQL: SELECT `username` FROM `qm_user` WHERE ( id=57103688 ) LIMIT 1   [ RunTime:0.0001s ]
SQL: SELECT `jname` FROM `qm_jineng` WHERE ( id=78 ) LIMIT 1   [ RunTime:0.0001s ]
SQL: SELECT `username` FROM `qm_user` WHERE ( id=57103678 ) LIMIT 1   [ RunTime:0.0001s ]
SQL: SELECT `jname` FROM `qm_jineng` WHERE ( id=152 ) LIMIT 1   [ RunTime:0.0001s ]
SQL: SELECT `username` FROM `qm_user` WHERE ( id=57103690 ) LIMIT 1   [ RunTime:0.0001s ]
INFO: [ view_parse ] --START--
INFO: [ template_filter ] --START--
INFO: Run Behavior\ContentReplaceBehavior [ RunTime:0.000031s ]
INFO: [ template_filter ] --END-- [ RunTime:0.000053s ]
INFO: Run Behavior\ParseTemplateBehavior [ RunTime:0.004292s ]
INFO: [ view_parse ] --END-- [ RunTime:0.004308s ]
INFO: [ view_filter ] --START--
INFO: Run Behavior\WriteHtmlCacheBehavior [ RunTime:0.000080s ]
INFO: [ view_filter ] --END-- [ RunTime:0.000091s ]
INFO: [ app_end ] --START--
INFO: Run Behavior\ShowPageTraceBehavior [ RunTime:0.000256s ]
INFO: [ app_end ] --END-- [ RunTime:0.000271s ]

[ 2019-01-14T11:56:30+08:00 ] 112.36.194.105 /index.php/JY/Mgt/jngl/p/4.html
INFO: [ app_init ] --START--
INFO: Run Behavior\BuildLiteBehavior [ RunTime:0.000007s ]
INFO: [ app_init ] --END-- [ RunTime:0.000170s ]
INFO: [ app_begin ] --START--
INFO: Run Behavior\ReadHtmlCacheBehavior [ RunTime:0.000236s ]
INFO: [ app_begin ] --END-- [ RunTime:0.000254s ]
SQL: SHOW COLUMNS FROM `qm_fbjn` [ RunTime:0.0004s ]
SQL: SELECT COUNT(*) AS tp_Count FROM `qm_fbjn` LIMIT 1   [ RunTime:0.0001s ]
SQL: SELECT * FROM `qm_fbjn` LIMIT 21,7   [ RunTime:0.0002s ]
SQL: SHOW COLUMNS FROM `qm_jineng` [ RunTime:0.0004s ]
SQL: SELECT `jname` FROM `qm_jineng` WHERE ( id=146 ) LIMIT 1   [ RunTime:0.0000s ]
SQL: SHOW COLUMNS FROM `qm_user` [ RunTime:0.0004s ]
SQL: SELECT `username` FROM `qm_user` WHERE ( id=57103685 ) LIMIT 1   [ RunTime:0.0002s ]
SQL: SELECT `jname` FROM `qm_jineng` WHERE ( id=147 ) LIMIT 1   [ RunTime:0.0000s ]
SQL: SELECT `username` FROM `qm_user` WHERE ( id=57103685 ) LIMIT 1   [ RunTime:0.0000s ]
SQL: SELECT `jname` FROM `qm_jineng` WHERE ( id=151 ) LIMIT 1   [ RunTime:0.0001s ]
SQL: SELECT `username` FROM `qm_user` WHERE ( id=57103685 ) LIMIT 1   [ RunTime:0.0000s ]
SQL: SELECT `jname` FROM `qm_jineng` WHERE ( id=64 ) LIMIT 1   [ RunTime:0.0001s ]
SQL: SELECT `username` FROM `qm_user` WHERE ( id=57103685 ) LIMIT 1   [ RunTime:0.0000s ]
INFO: [ view_parse ] --START--
INFO: [ template_filter ] --START--
INFO: Run Behavior\ContentReplaceBehavior [ RunTime:0.000030s ]
INFO: [ template_filter ] --END-- [ RunTime:0.000054s ]
INFO: Run Behavior\ParseTemplateBehavior [ RunTime:0.003509s ]
INFO: [ view_parse ] --END-- [ RunTime:0.003534s ]
INFO: [ view_filter ] --START--
INFO: Run Behavior\WriteHtmlCacheBehavior [ RunTime:0.000124s ]
INFO: [ view_filter ] --END-- [ RunTime:0.000138s ]
INFO: [ app_end ] --START--
INFO: Run Behavior\ShowPageTraceBehavior [ RunTime:0.000264s ]
INFO: [ app_end ] --END-- [ RunTime:0.000281s ]

[ 2019-01-14T11:56:43+08:00 ] 112.36.194.105 /index.php/JY/Goods/index
INFO: [ app_init ] --START--
INFO: Run Behavior\BuildLiteBehavior [ RunTime:0.000010s ]
INFO: [ app_init ] --END-- [ RunTime:0.000242s ]
INFO: [ app_begin ] --START--
INFO: Run Behavior\ReadHtmlCacheBehavior [ RunTime:0.000380s ]
INFO: [ app_begin ] --END-- [ RunTime:0.000405s ]
SQL: SHOW COLUMNS FROM `qm_goods` [ RunTime:0.0005s ]
SQL: SELECT COUNT(*) AS tp_Count FROM `qm_goods` LIMIT 1   [ RunTime:0.0001s ]
SQL: SELECT * FROM `qm_goods` ORDER BY code,addtime desc LIMIT 0,10   [ RunTime:0.0206s ]
INFO: [ view_parse ] --START--
INFO: [ template_filter ] --START--
INFO: Run Behavior\ContentReplaceBehavior [ RunTime:0.000038s ]
INFO: [ template_filter ] --END-- [ RunTime:0.000065s ]
INFO: Run Behavior\ParseTemplateBehavior [ RunTime:0.013176s ]
INFO: [ view_parse ] --END-- [ RunTime:0.013203s ]
INFO: [ view_filter ] --START--
INFO: Run Behavior\WriteHtmlCacheBehavior [ RunTime:0.000101s ]
INFO: [ view_filter ] --END-- [ RunTime:0.000115s ]
INFO: [ app_end ] --START--
INFO: Run Behavior\ShowPageTraceBehavior [ RunTime:0.000281s ]
INFO: [ app_end ] --END-- [ RunTime:0.000297s ]

[ 2019-01-14T16:14:59+08:00 ] 183.57.53.177 /index.php/JY/Mgt/userlist/p/2.html
INFO: [ app_init ] --START--
INFO: Run Behavior\BuildLiteBehavior [ RunTime:0.000012s ]
INFO: [ app_init ] --END-- [ RunTime:0.000315s ]
INFO: [ app_begin ] --START--
INFO: Run Behavior\ReadHtmlCacheBehavior [ RunTime:0.000348s ]
INFO: [ app_begin ] --END-- [ RunTime:0.000375s ]
SQL: SHOW COLUMNS FROM `qm_user` [ RunTime:0.0008s ]
SQL: SELECT COUNT(*) AS tp_Count FROM `qm_user` LIMIT 1   [ RunTime:0.0002s ]
SQL: SELECT * FROM `qm_user` LIMIT 7,7   [ RunTime:0.0003s ]
INFO: [ view_parse ] --START--
INFO: [ template_filter ] --START--
INFO: Run Behavior\ContentReplaceBehavior [ RunTime:0.000054s ]
INFO: [ template_filter ] --END-- [ RunTime:0.000088s ]
NOTIC: [8] Undefined index: sex /www/wwwroot/jy.juhuaian.cn/Application/Runtime/Cache/JY/d29cc9c9e498b14fa0bbbdaf6fd8dade.php 第 67 行.
NOTIC: [8] Undefined index: email /www/wwwroot/jy.juhuaian.cn/Application/Runtime/Cache/JY/d29cc9c9e498b14fa0bbbdaf6fd8dade.php 第 80 行.
NOTIC: [8] Undefined index: qq /www/wwwroot/jy.juhuaian.cn/Application/Runtime/Cache/JY/d29cc9c9e498b14fa0bbbdaf6fd8dade.php 第 81 行.
NOTIC: [8] Undefined index: sex /www/wwwroot/jy.juhuaian.cn/Application/Runtime/Cache/JY/d29cc9c9e498b14fa0bbbdaf6fd8dade.php 第 67 行.
NOTIC: [8] Undefined index: email /www/wwwroot/jy.juhuaian.cn/Application/Runtime/Cache/JY/d29cc9c9e498b14fa0bbbdaf6fd8dade.php 第 80 行.
NOTIC: [8] Undefined index: qq /www/wwwroot/jy.juhuaian.cn/Application/Runtime/Cache/JY/d29cc9c9e498b14fa0bbbdaf6fd8dade.php 第 81 行.
NOTIC: [8] Undefined index: sex /www/wwwroot/jy.juhuaian.cn/Application/Runtime/Cache/JY/d29cc9c9e498b14fa0bbbdaf6fd8dade.php 第 67 行.
NOTIC: [8] Undefined index: email /www/wwwroot/jy.juhuaian.cn/Application/Runtime/Cache/JY/d29cc9c9e498b14fa0bbbdaf6fd8dade.php 第 80 行.
NOTIC: [8] Undefined index: qq /www/wwwroot/jy.juhuaian.cn/Application/Runtime/Cache/JY/d29cc9c9e498b14fa0bbbdaf6fd8dade.php 第 81 行.
NOTIC: [8] Undefined index: sex /www/wwwroot/jy.juhuaian.cn/Application/Runtime/Cache/JY/d29cc9c9e498b14fa0bbbdaf6fd8dade.php 第 67 行.
NOTIC: [8] Undefined index: email /www/wwwroot/jy.juhuaian.cn/Application/Runtime/Cache/JY/d29cc9c9e498b14fa0bbbdaf6fd8dade.php 第 80 行.
NOTIC: [8] Undefined index: qq /www/wwwroot/jy.juhuaian.cn/Application/Runtime/Cache/JY/d29cc9c9e498b14fa0bbbdaf6fd8dade.php 第 81 行.
NOTIC: [8] Undefined index: sex /www/wwwroot/jy.juhuaian.cn/Application/Runtime/Cache/JY/d29cc9c9e498b14fa0bbbdaf6fd8dade.php 第 67 行.
NOTIC: [8] Undefined index: email /www/wwwroot/jy.juhuaian.cn/Application/Runtime/Cache/JY/d29cc9c9e498b14fa0bbbdaf6fd8dade.php 第 80 行.
NOTIC: [8] Undefined index: qq /www/wwwroot/jy.juhuaian.cn/Application/Runtime/Cache/JY/d29cc9c9e498b14fa0bbbdaf6fd8dade.php 第 81 行.
NOTIC: [8] Undefined index: sex /www/wwwroot/jy.juhuaian.cn/Application/Runtime/Cache/JY/d29cc9c9e498b14fa0bbbdaf6fd8dade.php 第 67 行.
NOTIC: [8] Undefined index: email /www/wwwroot/jy.juhuaian.cn/Application/Runtime/Cache/JY/d29cc9c9e498b14fa0bbbdaf6fd8dade.php 第 80 行.
NOTIC: [8] Undefined index: qq /www/wwwroot/jy.juhuaian.cn/Application/Runtime/Cache/JY/d29cc9c9e498b14fa0bbbdaf6fd8dade.php 第 81 行.
NOTIC: [8] Undefined index: sex /www/wwwroot/jy.juhuaian.cn/Application/Runtime/Cache/JY/d29cc9c9e498b14fa0bbbdaf6fd8dade.php 第 67 行.
NOTIC: [8] Undefined index: email /www/wwwroot/jy.juhuaian.cn/Application/Runtime/Cache/JY/d29cc9c9e498b14fa0bbbdaf6fd8dade.php 第 80 行.
NOTIC: [8] Undefined index: qq /www/wwwroot/jy.juhuaian.cn/Application/Runtime/Cache/JY/d29cc9c9e498b14fa0bbbdaf6fd8dade.php 第 81 行.
INFO: Run Behavior\ParseTemplateBehavior [ RunTime:0.005521s ]
INFO: [ view_parse ] --END-- [ RunTime:0.005543s ]
INFO: [ view_filter ] --START--
INFO: Run Behavior\WriteHtmlCacheBehavior [ RunTime:0.000113s ]
INFO: [ view_filter ] --END-- [ RunTime:0.000129s ]
INFO: [ app_end ] --START--
INFO: Run Behavior\ShowPageTraceBehavior [ RunTime:0.000377s ]
INFO: [ app_end ] --END-- [ RunTime:0.000400s ]

[ 2019-01-14T16:26:57+08:00 ] 59.36.119.226 /index.php/JY/Mgt/jngl/p/3.html
INFO: [ app_init ] --START--
INFO: Run Behavior\BuildLiteBehavior [ RunTime:0.000007s ]
INFO: [ app_init ] --END-- [ RunTime:0.000187s ]
INFO: [ app_begin ] --START--
INFO: Run Behavior\ReadHtmlCacheBehavior [ RunTime:0.000214s ]
INFO: [ app_begin ] --END-- [ RunTime:0.000230s ]
SQL: SHOW COLUMNS FROM `qm_fbjn` [ RunTime:0.0004s ]
SQL: SELECT COUNT(*) AS tp_Count FROM `qm_fbjn` LIMIT 1   [ RunTime:0.0000s ]
SQL: SELECT * FROM `qm_fbjn` LIMIT 14,7   [ RunTime:0.0001s ]
SQL: SHOW COLUMNS FROM `qm_jineng` [ RunTime:0.0003s ]
SQL: SELECT `jname` FROM `qm_jineng` WHERE ( id=147 ) LIMIT 1   [ RunTime:0.0000s ]
SQL: SHOW COLUMNS FROM `qm_user` [ RunTime:0.0006s ]
SQL: SELECT `username` FROM `qm_user` WHERE ( id=57103676 ) LIMIT 1   [ RunTime:0.0002s ]
SQL: SELECT `jname` FROM `qm_jineng` WHERE ( id=149 ) LIMIT 1   [ RunTime:0.0000s ]
SQL: SELECT `username` FROM `qm_user` WHERE ( id=57103676 ) LIMIT 1   [ RunTime:0.0000s ]
SQL: SELECT `jname` FROM `qm_jineng` WHERE ( id=47 ) LIMIT 1   [ RunTime:0.0000s ]
SQL: SELECT `username` FROM `qm_user` WHERE ( id=57103681 ) LIMIT 1   [ RunTime:0.0001s ]
SQL: SELECT `jname` FROM `qm_jineng` WHERE ( id=2 ) LIMIT 1   [ RunTime:0.0000s ]
SQL: SELECT `username` FROM `qm_user` WHERE ( id=57103682 ) LIMIT 1   [ RunTime:0.0001s ]
SQL: SELECT `jname` FROM `qm_jineng` WHERE ( id=2 ) LIMIT 1   [ RunTime:0.0000s ]
SQL: SELECT `username` FROM `qm_user` WHERE ( id=57103688 ) LIMIT 1   [ RunTime:0.0001s ]
SQL: SELECT `jname` FROM `qm_jineng` WHERE ( id=78 ) LIMIT 1   [ RunTime:0.0000s ]
SQL: SELECT `username` FROM `qm_user` WHERE ( id=57103678 ) LIMIT 1   [ RunTime:0.0001s ]
SQL: SELECT `jname` FROM `qm_jineng` WHERE ( id=152 ) LIMIT 1   [ RunTime:0.0000s ]
SQL: SELECT `username` FROM `qm_user` WHERE ( id=57103690 ) LIMIT 1   [ RunTime:0.0001s ]
INFO: [ view_parse ] --START--
INFO: [ template_filter ] --START--
INFO: Run Behavior\ContentReplaceBehavior [ RunTime:0.000038s ]
INFO: [ template_filter ] --END-- [ RunTime:0.000064s ]
INFO: Run Behavior\ParseTemplateBehavior [ RunTime:0.004276s ]
INFO: [ view_parse ] --END-- [ RunTime:0.004304s ]
INFO: [ view_filter ] --START--
INFO: Run Behavior\WriteHtmlCacheBehavior [ RunTime:0.000107s ]
INFO: [ view_filter ] --END-- [ RunTime:0.000127s ]
INFO: [ app_end ] --START--
INFO: Run Behavior\ShowPageTraceBehavior [ RunTime:0.000348s ]
INFO: [ app_end ] --END-- [ RunTime:0.000367s ]

[ 2019-01-14T17:44:07+08:00 ] 101.226.102.70 /index.php/JY/Goods/index
INFO: [ app_init ] --START--
INFO: Run Behavior\BuildLiteBehavior [ RunTime:0.000007s ]
INFO: [ app_init ] --END-- [ RunTime:0.000174s ]
INFO: [ app_begin ] --START--
INFO: Run Behavior\ReadHtmlCacheBehavior [ RunTime:0.000256s ]
INFO: [ app_begin ] --END-- [ RunTime:0.000278s ]
SQL: SHOW COLUMNS FROM `qm_goods` [ RunTime:0.0006s ]
SQL: SELECT COUNT(*) AS tp_Count FROM `qm_goods` LIMIT 1   [ RunTime:0.0000s ]
SQL: SELECT * FROM `qm_goods` ORDER BY code,addtime desc LIMIT 0,10   [ RunTime:0.0001s ]
INFO: [ view_parse ] --START--
INFO: [ template_filter ] --START--
INFO: Run Behavior\ContentReplaceBehavior [ RunTime:0.000041s ]
INFO: [ template_filter ] --END-- [ RunTime:0.000060s ]
INFO: Run Behavior\ParseTemplateBehavior [ RunTime:0.003622s ]
INFO: [ view_parse ] --END-- [ RunTime:0.003642s ]
INFO: [ view_filter ] --START--
INFO: Run Behavior\WriteHtmlCacheBehavior [ RunTime:0.000107s ]
INFO: [ view_filter ] --END-- [ RunTime:0.000125s ]
INFO: [ app_end ] --START--
INFO: Run Behavior\ShowPageTraceBehavior [ RunTime:0.000369s ]
INFO: [ app_end ] --END-- [ RunTime:0.000396s ]

[ 2019-01-14T17:54:18+08:00 ] 14.17.3.65 /index.php/JY/Mgt/userlist/p/3.html
INFO: [ app_init ] --START--
INFO: Run Behavior\BuildLiteBehavior [ RunTime:0.000007s ]
INFO: [ app_init ] --END-- [ RunTime:0.000202s ]
INFO: [ app_begin ] --START--
INFO: Run Behavior\ReadHtmlCacheBehavior [ RunTime:0.000232s ]
INFO: [ app_begin ] --END-- [ RunTime:0.000250s ]
SQL: SHOW COLUMNS FROM `qm_user` [ RunTime:0.0007s ]
SQL: SELECT COUNT(*) AS tp_Count FROM `qm_user` LIMIT 1   [ RunTime:0.0001s ]
SQL: SELECT * FROM `qm_user` LIMIT 14,7   [ RunTime:0.0003s ]
INFO: [ view_parse ] --START--
INFO: [ template_filter ] --START--
INFO: Run Behavior\ContentReplaceBehavior [ RunTime:0.000040s ]
INFO: [ template_filter ] --END-- [ RunTime:0.000057s ]
NOTIC: [8] Undefined index: sex /www/wwwroot/jy.juhuaian.cn/Application/Runtime/Cache/JY/d29cc9c9e498b14fa0bbbdaf6fd8dade.php 第 67 行.
NOTIC: [8] Undefined index: email /www/wwwroot/jy.juhuaian.cn/Application/Runtime/Cache/JY/d29cc9c9e498b14fa0bbbdaf6fd8dade.php 第 80 行.
NOTIC: [8] Undefined index: qq /www/wwwroot/jy.juhuaian.cn/Application/Runtime/Cache/JY/d29cc9c9e498b14fa0bbbdaf6fd8dade.php 第 81 行.
NOTIC: [8] Undefined index: sex /www/wwwroot/jy.juhuaian.cn/Application/Runtime/Cache/JY/d29cc9c9e498b14fa0bbbdaf6fd8dade.php 第 67 行.
NOTIC: [8] Undefined index: email /www/wwwroot/jy.juhuaian.cn/Application/Runtime/Cache/JY/d29cc9c9e498b14fa0bbbdaf6fd8dade.php 第 80 行.
NOTIC: [8] Undefined index: qq /www/wwwroot/jy.juhuaian.cn/Application/Runtime/Cache/JY/d29cc9c9e498b14fa0bbbdaf6fd8dade.php 第 81 行.
NOTIC: [8] Undefined index: sex /www/wwwroot/jy.juhuaian.cn/Application/Runtime/Cache/JY/d29cc9c9e498b14fa0bbbdaf6fd8dade.php 第 67 行.
NOTIC: [8] Undefined index: email /www/wwwroot/jy.juhuaian.cn/Application/Runtime/Cache/JY/d29cc9c9e498b14fa0bbbdaf6fd8dade.php 第 80 行.
NOTIC: [8] Undefined index: qq /www/wwwroot/jy.juhuaian.cn/Application/Runtime/Cache/JY/d29cc9c9e498b14fa0bbbdaf6fd8dade.php 第 81 行.
NOTIC: [8] Undefined index: sex /www/wwwroot/jy.juhuaian.cn/Application/Runtime/Cache/JY/d29cc9c9e498b14fa0bbbdaf6fd8dade.php 第 67 行.
NOTIC: [8] Undefined index: email /www/wwwroot/jy.juhuaian.cn/Application/Runtime/Cache/JY/d29cc9c9e498b14fa0bbbdaf6fd8dade.php 第 80 行.
NOTIC: [8] Undefined index: qq /www/wwwroot/jy.juhuaian.cn/Application/Runtime/Cache/JY/d29cc9c9e498b14fa0bbbdaf6fd8dade.php 第 81 行.
NOTIC: [8] Undefined index: sex /www/wwwroot/jy.juhuaian.cn/Application/Runtime/Cache/JY/d29cc9c9e498b14fa0bbbdaf6fd8dade.php 第 67 行.
NOTIC: [8] Undefined index: email /www/wwwroot/jy.juhuaian.cn/Application/Runtime/Cache/JY/d29cc9c9e498b14fa0bbbdaf6fd8dade.php 第 80 行.
NOTIC: [8] Undefined index: qq /www/wwwroot/jy.juhuaian.cn/Application/Runtime/Cache/JY/d29cc9c9e498b14fa0bbbdaf6fd8dade.php 第 81 行.
NOTIC: [8] Undefined index: sex /www/wwwroot/jy.juhuaian.cn/Application/Runtime/Cache/JY/d29cc9c9e498b14fa0bbbdaf6fd8dade.php 第 67 行.
NOTIC: [8] Undefined index: email /www/wwwroot/jy.juhuaian.cn/Application/Runtime/Cache/JY/d29cc9c9e498b14fa0bbbdaf6fd8dade.php 第 80 行.
NOTIC: [8] Undefined index: qq /www/wwwroot/jy.juhuaian.cn/Application/Runtime/Cache/JY/d29cc9c9e498b14fa0bbbdaf6fd8dade.php 第 81 行.
NOTIC: [8] Undefined index: sex /www/wwwroot/jy.juhuaian.cn/Application/Runtime/Cache/JY/d29cc9c9e498b14fa0bbbdaf6fd8dade.php 第 67 行.
NOTIC: [8] Undefined index: email /www/wwwroot/jy.juhuaian.cn/Application/Runtime/Cache/JY/d29cc9c9e498b14fa0bbbdaf6fd8dade.php 第 80 行.
NOTIC: [8] Undefined index: qq /www/wwwroot/jy.juhuaian.cn/Application/Runtime/Cache/JY/d29cc9c9e498b14fa0bbbdaf6fd8dade.php 第 81 行.
INFO: Run Behavior\ParseTemplateBehavior [ RunTime:0.003582s ]
INFO: [ view_parse ] --END-- [ RunTime:0.003597s ]
INFO: [ view_filter ] --START--
INFO: Run Behavior\WriteHtmlCacheBehavior [ RunTime:0.000091s ]
INFO: [ view_filter ] --END-- [ RunTime:0.000102s ]
INFO: [ app_end ] --START--
INFO: Run Behavior\ShowPageTraceBehavior [ RunTime:0.000275s ]
INFO: [ app_end ] --END-- [ RunTime:0.000291s ]

[ 2019-01-14T19:44:15+08:00 ] 123.232.180.0 /index.php/JY
INFO: [ app_init ] --START--
INFO: Run Behavior\BuildLiteBehavior [ RunTime:0.000007s ]
INFO: [ app_init ] --END-- [ RunTime:0.000183s ]
INFO: [ app_begin ] --START--
INFO: Run Behavior\ReadHtmlCacheBehavior [ RunTime:0.000237s ]
INFO: [ app_begin ] --END-- [ RunTime:0.000255s ]
NOTIC: [8] Undefined index: id /www/wwwroot/jy.juhuaian.cn/Application/JY/Controller/IndexController.class.php 第 6 行.
SQL: SHOW COLUMNS FROM `qm_adminus` [ RunTime:0.0005s ]
SQL: SELECT `role_id` FROM `qm_adminus` WHERE `id` = null LIMIT 1   [ RunTime:0.0001s ]
SQL: SHOW COLUMNS FROM `qm_role_right` [ RunTime:0.0003s ]
SQL: SELECT `right_id` FROM `qm_role_right` WHERE ( role_id='' )  [ RunTime:0.0001s ]
NOTIC: [2] implode(): Invalid arguments passed /www/wwwroot/jy.juhuaian.cn/Application/JY/Controller/IndexController.class.php 第 9 行.
SQL: SHOW COLUMNS FROM `qm_right` [ RunTime:0.0003s ]
SQL: SELECT * FROM `qm_right` WHERE ( id in ('') and parent_id=0 )  [ RunTime:0.0001s ]
SQL: SELECT * FROM `qm_right` WHERE ( id in ('') and parent_id>0 )  [ RunTime:0.0001s ]
NOTIC: [8] Undefined index: id /www/wwwroot/jy.juhuaian.cn/Application/JY/Controller/IndexController.class.php 第 14 行.
INFO: [ view_parse ] --START--
INFO: [ template_filter ] --START--
INFO: Run Behavior\ContentReplaceBehavior [ RunTime:0.000027s ]
INFO: [ template_filter ] --END-- [ RunTime:0.000060s ]
INFO: Run Behavior\ParseTemplateBehavior [ RunTime:0.003468s ]
INFO: [ view_parse ] --END-- [ RunTime:0.003486s ]
INFO: [ view_filter ] --START--
INFO: Run Behavior\WriteHtmlCacheBehavior [ RunTime:0.000081s ]
INFO: [ view_filter ] --END-- [ RunTime:0.000093s ]
INFO: [ app_end ] --START--
INFO: Run Behavior\ShowPageTraceBehavior [ RunTime:0.000332s ]
INFO: [ app_end ] --END-- [ RunTime:0.000351s ]

[ 2019-01-14T19:44:17+08:00 ] 123.232.180.0 /index.php/JY/Login/login.html
INFO: [ app_init ] --START--
INFO: Run Behavior\BuildLiteBehavior [ RunTime:0.000008s ]
INFO: [ app_init ] --END-- [ RunTime:0.000208s ]
INFO: [ app_begin ] --START--
INFO: Run Behavior\ReadHtmlCacheBehavior [ RunTime:0.000247s ]
INFO: [ app_begin ] --END-- [ RunTime:0.000264s ]
INFO: [ view_parse ] --START--
INFO: [ template_filter ] --START--
INFO: Run Behavior\ContentReplaceBehavior [ RunTime:0.000038s ]
INFO: [ template_filter ] --END-- [ RunTime:0.000058s ]
INFO: Run Behavior\ParseTemplateBehavior [ RunTime:0.002766s ]
INFO: [ view_parse ] --END-- [ RunTime:0.002784s ]
INFO: [ view_filter ] --START--
INFO: Run Behavior\WriteHtmlCacheBehavior [ RunTime:0.000088s ]
INFO: [ view_filter ] --END-- [ RunTime:0.000101s ]
INFO: [ app_end ] --START--
INFO: Run Behavior\ShowPageTraceBehavior [ RunTime:0.000252s ]
INFO: [ app_end ] --END-- [ RunTime:0.000266s ]

[ 2019-01-14T19:44:17+08:00 ] 123.232.180.0 /index.php/JY/Login/css/layui_1.css
INFO: [ app_init ] --START--
INFO: Run Behavior\BuildLiteBehavior [ RunTime:0.000008s ]
INFO: [ app_init ] --END-- [ RunTime:0.000214s ]
INFO: [ app_begin ] --START--
INFO: Run Behavior\ReadHtmlCacheBehavior [ RunTime:0.000209s ]
INFO: [ app_begin ] --END-- [ RunTime:0.000228s ]
ERR: 非法操作:css

[ 2019-01-14T19:44:21+08:00 ] 123.232.180.0 /index.php/JY/Login/checklogin
INFO: [ app_init ] --START--
INFO: Run Behavior\BuildLiteBehavior [ RunTime:0.000007s ]
INFO: [ app_init ] --END-- [ RunTime:0.000170s ]
INFO: [ app_begin ] --START--
INFO: Run Behavior\ReadHtmlCacheBehavior [ RunTime:0.000212s ]
INFO: [ app_begin ] --END-- [ RunTime:0.000234s ]
SQL: SHOW COLUMNS FROM `qm_adminus` [ RunTime:0.0005s ]
SQL: SELECT * FROM `qm_adminus` WHERE ( username='123' AND password='123' ) LIMIT 1   [ RunTime:0.0000s ]
INFO: [ view_parse ] --START--
INFO: [ template_filter ] --START--
INFO: Run Behavior\ContentReplaceBehavior [ RunTime:0.000019s ]
INFO: [ template_filter ] --END-- [ RunTime:0.000042s ]
INFO: Run Behavior\ParseTemplateBehavior [ RunTime:0.002925s ]
INFO: [ view_parse ] --END-- [ RunTime:0.002946s ]
INFO: [ view_filter ] --START--
INFO: Run Behavior\WriteHtmlCacheBehavior [ RunTime:0.000078s ]
INFO: [ view_filter ] --END-- [ RunTime:0.000090s ]
INFO: [ app_end ] --START--
INFO: Run Behavior\ShowPageTraceBehavior [ RunTime:0.000254s ]
INFO: [ app_end ] --END-- [ RunTime:0.000268s ]

[ 2019-01-14T19:44:22+08:00 ] 123.232.180.0 /index.php/JY/Index/index.html
INFO: [ app_init ] --START--
INFO: Run Behavior\BuildLiteBehavior [ RunTime:0.000011s ]
INFO: [ app_init ] --END-- [ RunTime:0.000349s ]
INFO: [ app_begin ] --START--
INFO: Run Behavior\ReadHtmlCacheBehavior [ RunTime:0.000335s ]
INFO: [ app_begin ] --END-- [ RunTime:0.000357s ]
SQL: SHOW COLUMNS FROM `qm_adminus` [ RunTime:0.0005s ]
SQL: SELECT `role_id` FROM `qm_adminus` WHERE `id` = 1 LIMIT 1   [ RunTime:0.0001s ]
SQL: SHOW COLUMNS FROM `qm_role_right` [ RunTime:0.0004s ]
SQL: SELECT `right_id` FROM `qm_role_right` WHERE ( role_id='1' )  [ RunTime:0.0001s ]
SQL: SHOW COLUMNS FROM `qm_right` [ RunTime:0.0004s ]
SQL: SELECT * FROM `qm_right` WHERE ( id in ('32','30','29','28','27','26','25','24','23','22','33','21','20','19','18','17','16','14','13','12','11','10','9','8','7','6','5','4','3','2','1') and parent_id=0 )  [ RunTime:0.0001s ]
SQL: SELECT * FROM `qm_right` WHERE ( id in ('32','30','29','28','27','26','25','24','23','22','33','21','20','19','18','17','16','14','13','12','11','10','9','8','7','6','5','4','3','2','1') and parent_id>0 )  [ RunTime:0.0001s ]
INFO: [ view_parse ] --START--
INFO: [ template_filter ] --START--
INFO: Run Behavior\ContentReplaceBehavior [ RunTime:0.000077s ]
INFO: [ template_filter ] --END-- [ RunTime:0.000108s ]
INFO: Run Behavior\ParseTemplateBehavior [ RunTime:0.005284s ]
INFO: [ view_parse ] --END-- [ RunTime:0.005311s ]
INFO: [ view_filter ] --START--
INFO: Run Behavior\WriteHtmlCacheBehavior [ RunTime:0.000154s ]
INFO: [ view_filter ] --END-- [ RunTime:0.000173s ]
INFO: [ app_end ] --START--
INFO: Run Behavior\ShowPageTraceBehavior [ RunTime:0.000395s ]
INFO: [ app_end ] --END-- [ RunTime:0.000418s ]

[ 2019-01-14T19:44:22+08:00 ] 123.232.180.0 /index.php/JY/Index/img/icon/baidu.png
INFO: [ app_init ] --START--
INFO: Run Behavior\BuildLiteBehavior [ RunTime:0.000008s ]
INFO: [ app_init ] --END-- [ RunTime:0.000205s ]

[ 2019-01-14T19:44:22+08:00 ] 123.232.180.0 /index.php/JY/Index/img/presentation/1.png
INFO: [ app_init ] --START--
INFO: Run Behavior\BuildLiteBehavior [ RunTime:0.000011s ]
INFO: [ app_init ] --END-- [ RunTime:0.000260s ]

[ 2019-01-14T19:44:26+08:00 ] 123.232.180.0 /index.php/JY/Mgt/userlist
INFO: [ app_init ] --START--
INFO: Run Behavior\BuildLiteBehavior [ RunTime:0.000009s ]
INFO: [ app_init ] --END-- [ RunTime:0.000249s ]
INFO: [ app_begin ] --START--
INFO: Run Behavior\ReadHtmlCacheBehavior [ RunTime:0.000256s ]
INFO: [ app_begin ] --END-- [ RunTime:0.000278s ]
SQL: SHOW COLUMNS FROM `qm_user` [ RunTime:0.0007s ]
SQL: SELECT COUNT(*) AS tp_Count FROM `qm_user` LIMIT 1   [ RunTime:0.0002s ]
SQL: SELECT * FROM `qm_user` LIMIT 0,7   [ RunTime:0.0003s ]
INFO: [ view_parse ] --START--
INFO: [ template_filter ] --START--
INFO: Run Behavior\ContentReplaceBehavior [ RunTime:0.000049s ]
INFO: [ template_filter ] --END-- [ RunTime:0.000078s ]
NOTIC: [8] Undefined index: sex /www/wwwroot/jy.juhuaian.cn/Application/Runtime/Cache/JY/d29cc9c9e498b14fa0bbbdaf6fd8dade.php 第 67 行.
NOTIC: [8] Undefined index: email /www/wwwroot/jy.juhuaian.cn/Application/Runtime/Cache/JY/d29cc9c9e498b14fa0bbbdaf6fd8dade.php 第 80 行.
NOTIC: [8] Undefined index: qq /www/wwwroot/jy.juhuaian.cn/Application/Runtime/Cache/JY/d29cc9c9e498b14fa0bbbdaf6fd8dade.php 第 81 行.
NOTIC: [8] Undefined index: sex /www/wwwroot/jy.juhuaian.cn/Application/Runtime/Cache/JY/d29cc9c9e498b14fa0bbbdaf6fd8dade.php 第 67 行.
NOTIC: [8] Undefined index: email /www/wwwroot/jy.juhuaian.cn/Application/Runtime/Cache/JY/d29cc9c9e498b14fa0bbbdaf6fd8dade.php 第 80 行.
NOTIC: [8] Undefined index: qq /www/wwwroot/jy.juhuaian.cn/Application/Runtime/Cache/JY/d29cc9c9e498b14fa0bbbdaf6fd8dade.php 第 81 行.
NOTIC: [8] Undefined index: sex /www/wwwroot/jy.juhuaian.cn/Application/Runtime/Cache/JY/d29cc9c9e498b14fa0bbbdaf6fd8dade.php 第 67 行.
NOTIC: [8] Undefined index: email /www/wwwroot/jy.juhuaian.cn/Application/Runtime/Cache/JY/d29cc9c9e498b14fa0bbbdaf6fd8dade.php 第 80 行.
NOTIC: [8] Undefined index: qq /www/wwwroot/jy.juhuaian.cn/Application/Runtime/Cache/JY/d29cc9c9e498b14fa0bbbdaf6fd8dade.php 第 81 行.
NOTIC: [8] Undefined index: sex /www/wwwroot/jy.juhuaian.cn/Application/Runtime/Cache/JY/d29cc9c9e498b14fa0bbbdaf6fd8dade.php 第 67 行.
NOTIC: [8] Undefined index: email /www/wwwroot/jy.juhuaian.cn/Application/Runtime/Cache/JY/d29cc9c9e498b14fa0bbbdaf6fd8dade.php 第 80 行.
NOTIC: [8] Undefined index: qq /www/wwwroot/jy.juhuaian.cn/Application/Runtime/Cache/JY/d29cc9c9e498b14fa0bbbdaf6fd8dade.php 第 81 行.
NOTIC: [8] Undefined index: sex /www/wwwroot/jy.juhuaian.cn/Application/Runtime/Cache/JY/d29cc9c9e498b14fa0bbbdaf6fd8dade.php 第 67 行.
NOTIC: [8] Undefined index: email /www/wwwroot/jy.juhuaian.cn/Application/Runtime/Cache/JY/d29cc9c9e498b14fa0bbbdaf6fd8dade.php 第 80 行.
NOTIC: [8] Undefined index: qq /www/wwwroot/jy.juhuaian.cn/Application/Runtime/Cache/JY/d29cc9c9e498b14fa0bbbdaf6fd8dade.php 第 81 行.
NOTIC: [8] Undefined index: sex /www/wwwroot/jy.juhuaian.cn/Application/Runtime/Cache/JY/d29cc9c9e498b14fa0bbbdaf6fd8dade.php 第 67 行.
NOTIC: [8] Undefined index: email /www/wwwroot/jy.juhuaian.cn/Application/Runtime/Cache/JY/d29cc9c9e498b14fa0bbbdaf6fd8dade.php 第 80 行.
NOTIC: [8] Undefined index: qq /www/wwwroot/jy.juhuaian.cn/Application/Runtime/Cache/JY/d29cc9c9e498b14fa0bbbdaf6fd8dade.php 第 81 行.
NOTIC: [8] Undefined index: sex /www/wwwroot/jy.juhuaian.cn/Application/Runtime/Cache/JY/d29cc9c9e498b14fa0bbbdaf6fd8dade.php 第 67 行.
NOTIC: [8] Undefined index: email /www/wwwroot/jy.juhuaian.cn/Application/Runtime/Cache/JY/d29cc9c9e498b14fa0bbbdaf6fd8dade.php 第 80 行.
NOTIC: [8] Undefined index: qq /www/wwwroot/jy.juhuaian.cn/Application/Runtime/Cache/JY/d29cc9c9e498b14fa0bbbdaf6fd8dade.php 第 81 行.
INFO: Run Behavior\ParseTemplateBehavior [ RunTime:0.004544s ]
INFO: [ view_parse ] --END-- [ RunTime:0.004559s ]
INFO: [ view_filter ] --START--
INFO: Run Behavior\WriteHtmlCacheBehavior [ RunTime:0.000096s ]
INFO: [ view_filter ] --END-- [ RunTime:0.000108s ]
INFO: [ app_end ] --START--
INFO: Run Behavior\ShowPageTraceBehavior [ RunTime:0.000292s ]
INFO: [ app_end ] --END-- [ RunTime:0.000308s ]

[ 2019-01-14T19:44:27+08:00 ] 123.232.180.0 /index.php/JY/Mgt/mexj/id/1007
INFO: [ app_init ] --START--
INFO: Run Behavior\BuildLiteBehavior [ RunTime:0.000010s ]
INFO: [ app_init ] --END-- [ RunTime:0.000298s ]
INFO: [ app_begin ] --START--
INFO: Run Behavior\ReadHtmlCacheBehavior [ RunTime:0.000446s ]
INFO: [ app_begin ] --END-- [ RunTime:0.000472s ]
SQL: SHOW COLUMNS FROM `qm_user` [ RunTime:0.0010s ]
SQL: SELECT * FROM `qm_user` WHERE ( fid=1007 )  [ RunTime:0.0004s ]
INFO: [ view_parse ] --START--
INFO: [ template_filter ] --START--
INFO: Run Behavior\ContentReplaceBehavior [ RunTime:0.000046s ]
INFO: [ template_filter ] --END-- [ RunTime:0.000069s ]
NOTIC: [8] Undefined variable: pageinfo /www/wwwroot/jy.juhuaian.cn/Application/Runtime/Cache/JY/dab0580dfba24f904778edf703f48507.php 第 116 行.
INFO: Run Behavior\ParseTemplateBehavior [ RunTime:0.004175s ]
INFO: [ view_parse ] --END-- [ RunTime:0.004193s ]
INFO: [ view_filter ] --START--
INFO: Run Behavior\WriteHtmlCacheBehavior [ RunTime:0.000088s ]
INFO: [ view_filter ] --END-- [ RunTime:0.000101s ]
INFO: [ app_end ] --START--
INFO: Run Behavior\ShowPageTraceBehavior [ RunTime:0.000262s ]
INFO: [ app_end ] --END-- [ RunTime:0.000277s ]

[ 2019-01-14T19:44:29+08:00 ] 123.232.180.0 /index.php/JY/Mgt/userlist
INFO: [ app_init ] --START--
INFO: Run Behavior\BuildLiteBehavior [ RunTime:0.000007s ]
INFO: [ app_init ] --END-- [ RunTime:0.000171s ]
INFO: [ app_begin ] --START--
INFO: Run Behavior\ReadHtmlCacheBehavior [ RunTime:0.000248s ]
INFO: [ app_begin ] --END-- [ RunTime:0.000271s ]
SQL: SHOW COLUMNS FROM `qm_user` [ RunTime:0.0006s ]
SQL: SELECT COUNT(*) AS tp_Count FROM `qm_user` LIMIT 1   [ RunTime:0.0000s ]
SQL: SELECT * FROM `qm_user` LIMIT 0,7   [ RunTime:0.0001s ]
INFO: [ view_parse ] --START--
INFO: [ template_filter ] --START--
INFO: Run Behavior\ContentReplaceBehavior [ RunTime:0.000039s ]
INFO: [ template_filter ] --END-- [ RunTime:0.000069s ]
NOTIC: [8] Undefined index: sex /www/wwwroot/jy.juhuaian.cn/Application/Runtime/Cache/JY/d29cc9c9e498b14fa0bbbdaf6fd8dade.php 第 67 行.
NOTIC: [8] Undefined index: email /www/wwwroot/jy.juhuaian.cn/Application/Runtime/Cache/JY/d29cc9c9e498b14fa0bbbdaf6fd8dade.php 第 80 行.
NOTIC: [8] Undefined index: qq /www/wwwroot/jy.juhuaian.cn/Application/Runtime/Cache/JY/d29cc9c9e498b14fa0bbbdaf6fd8dade.php 第 81 行.
NOTIC: [8] Undefined index: sex /www/wwwroot/jy.juhuaian.cn/Application/Runtime/Cache/JY/d29cc9c9e498b14fa0bbbdaf6fd8dade.php 第 67 行.
NOTIC: [8] Undefined index: email /www/wwwroot/jy.juhuaian.cn/Application/Runtime/Cache/JY/d29cc9c9e498b14fa0bbbdaf6fd8dade.php 第 80 行.
NOTIC: [8] Undefined index: qq /www/wwwroot/jy.juhuaian.cn/Application/Runtime/Cache/JY/d29cc9c9e498b14fa0bbbdaf6fd8dade.php 第 81 行.
NOTIC: [8] Undefined index: sex /www/wwwroot/jy.juhuaian.cn/Application/Runtime/Cache/JY/d29cc9c9e498b14fa0bbbdaf6fd8dade.php 第 67 行.
NOTIC: [8] Undefined index: email /www/wwwroot/jy.juhuaian.cn/Application/Runtime/Cache/JY/d29cc9c9e498b14fa0bbbdaf6fd8dade.php 第 80 行.
NOTIC: [8] Undefined index: qq /www/wwwroot/jy.juhuaian.cn/Application/Runtime/Cache/JY/d29cc9c9e498b14fa0bbbdaf6fd8dade.php 第 81 行.
NOTIC: [8] Undefined index: sex /www/wwwroot/jy.juhuaian.cn/Application/Runtime/Cache/JY/d29cc9c9e498b14fa0bbbdaf6fd8dade.php 第 67 行.
NOTIC: [8] Undefined index: email /www/wwwroot/jy.juhuaian.cn/Application/Runtime/Cache/JY/d29cc9c9e498b14fa0bbbdaf6fd8dade.php 第 80 行.
NOTIC: [8] Undefined index: qq /www/wwwroot/jy.juhuaian.cn/Application/Runtime/Cache/JY/d29cc9c9e498b14fa0bbbdaf6fd8dade.php 第 81 行.
NOTIC: [8] Undefined index: sex /www/wwwroot/jy.juhuaian.cn/Application/Runtime/Cache/JY/d29cc9c9e498b14fa0bbbdaf6fd8dade.php 第 67 行.
NOTIC: [8] Undefined index: email /www/wwwroot/jy.juhuaian.cn/Application/Runtime/Cache/JY/d29cc9c9e498b14fa0bbbdaf6fd8dade.php 第 80 行.
NOTIC: [8] Undefined index: qq /www/wwwroot/jy.juhuaian.cn/Application/Runtime/Cache/JY/d29cc9c9e498b14fa0bbbdaf6fd8dade.php 第 81 行.
NOTIC: [8] Undefined index: sex /www/wwwroot/jy.juhuaian.cn/Application/Runtime/Cache/JY/d29cc9c9e498b14fa0bbbdaf6fd8dade.php 第 67 行.
NOTIC: [8] Undefined index: email /www/wwwroot/jy.juhuaian.cn/Application/Runtime/Cache/JY/d29cc9c9e498b14fa0bbbdaf6fd8dade.php 第 80 行.
NOTIC: [8] Undefined index: qq /www/wwwroot/jy.juhuaian.cn/Application/Runtime/Cache/JY/d29cc9c9e498b14fa0bbbdaf6fd8dade.php 第 81 行.
NOTIC: [8] Undefined index: sex /www/wwwroot/jy.juhuaian.cn/Application/Runtime/Cache/JY/d29cc9c9e498b14fa0bbbdaf6fd8dade.php 第 67 行.
NOTIC: [8] Undefined index: email /www/wwwroot/jy.juhuaian.cn/Application/Runtime/Cache/JY/d29cc9c9e498b14fa0bbbdaf6fd8dade.php 第 80 行.
NOTIC: [8] Undefined index: qq /www/wwwroot/jy.juhuaian.cn/Application/Runtime/Cache/JY/d29cc9c9e498b14fa0bbbdaf6fd8dade.php 第 81 行.
INFO: Run Behavior\ParseTemplateBehavior [ RunTime:0.003704s ]
INFO: [ view_parse ] --END-- [ RunTime:0.003722s ]
INFO: [ view_filter ] --START--
INFO: Run Behavior\WriteHtmlCacheBehavior [ RunTime:0.000091s ]
INFO: [ view_filter ] --END-- [ RunTime:0.000103s ]
INFO: [ app_end ] --START--
INFO: Run Behavior\ShowPageTraceBehavior [ RunTime:0.000374s ]
INFO: [ app_end ] --END-- [ RunTime:0.000392s ]

[ 2019-01-14T19:44:30+08:00 ] 123.232.180.0 /index.php/JY/Mgt/mexj/id/1007
INFO: [ app_init ] --START--
INFO: Run Behavior\BuildLiteBehavior [ RunTime:0.000008s ]
INFO: [ app_init ] --END-- [ RunTime:0.000202s ]
INFO: [ app_begin ] --START--
INFO: Run Behavior\ReadHtmlCacheBehavior [ RunTime:0.000265s ]
INFO: [ app_begin ] --END-- [ RunTime:0.000282s ]
SQL: SHOW COLUMNS FROM `qm_user` [ RunTime:0.0011s ]
SQL: SELECT * FROM `qm_user` WHERE ( fid=1007 )  [ RunTime:0.0001s ]
INFO: [ view_parse ] --START--
INFO: [ template_filter ] --START--
INFO: Run Behavior\ContentReplaceBehavior [ RunTime:0.000052s ]
INFO: [ template_filter ] --END-- [ RunTime:0.000083s ]
NOTIC: [8] Undefined variable: pageinfo /www/wwwroot/jy.juhuaian.cn/Application/Runtime/Cache/JY/dab0580dfba24f904778edf703f48507.php 第 116 行.
INFO: Run Behavior\ParseTemplateBehavior [ RunTime:0.005351s ]
INFO: [ view_parse ] --END-- [ RunTime:0.005373s ]
INFO: [ view_filter ] --START--
INFO: Run Behavior\WriteHtmlCacheBehavior [ RunTime:0.000123s ]
INFO: [ view_filter ] --END-- [ RunTime:0.000142s ]
INFO: [ app_end ] --START--
INFO: Run Behavior\ShowPageTraceBehavior [ RunTime:0.000372s ]
INFO: [ app_end ] --END-- [ RunTime:0.000393s ]

[ 2019-01-14T19:44:31+08:00 ] 123.232.180.0 /index.php/JY/Mgt/userlist
INFO: [ app_init ] --START--
INFO: Run Behavior\BuildLiteBehavior [ RunTime:0.000010s ]
INFO: [ app_init ] --END-- [ RunTime:0.000331s ]
INFO: [ app_begin ] --START--
INFO: Run Behavior\ReadHtmlCacheBehavior [ RunTime:0.000328s ]
INFO: [ app_begin ] --END-- [ RunTime:0.000351s ]
SQL: SHOW COLUMNS FROM `qm_user` [ RunTime:0.0009s ]
SQL: SELECT COUNT(*) AS tp_Count FROM `qm_user` LIMIT 1   [ RunTime:0.0001s ]
SQL: SELECT * FROM `qm_user` LIMIT 0,7   [ RunTime:0.0001s ]
INFO: [ view_parse ] --START--
INFO: [ template_filter ] --START--
INFO: Run Behavior\ContentReplaceBehavior [ RunTime:0.000053s ]
INFO: [ template_filter ] --END-- [ RunTime:0.000084s ]
NOTIC: [8] Undefined index: sex /www/wwwroot/jy.juhuaian.cn/Application/Runtime/Cache/JY/d29cc9c9e498b14fa0bbbdaf6fd8dade.php 第 67 行.
NOTIC: [8] Undefined index: email /www/wwwroot/jy.juhuaian.cn/Application/Runtime/Cache/JY/d29cc9c9e498b14fa0bbbdaf6fd8dade.php 第 80 行.
NOTIC: [8] Undefined index: qq /www/wwwroot/jy.juhuaian.cn/Application/Runtime/Cache/JY/d29cc9c9e498b14fa0bbbdaf6fd8dade.php 第 81 行.
NOTIC: [8] Undefined index: sex /www/wwwroot/jy.juhuaian.cn/Application/Runtime/Cache/JY/d29cc9c9e498b14fa0bbbdaf6fd8dade.php 第 67 行.
NOTIC: [8] Undefined index: email /www/wwwroot/jy.juhuaian.cn/Application/Runtime/Cache/JY/d29cc9c9e498b14fa0bbbdaf6fd8dade.php 第 80 行.
NOTIC: [8] Undefined index: qq /www/wwwroot/jy.juhuaian.cn/Application/Runtime/Cache/JY/d29cc9c9e498b14fa0bbbdaf6fd8dade.php 第 81 行.
NOTIC: [8] Undefined index: sex /www/wwwroot/jy.juhuaian.cn/Application/Runtime/Cache/JY/d29cc9c9e498b14fa0bbbdaf6fd8dade.php 第 67 行.
NOTIC: [8] Undefined index: email /www/wwwroot/jy.juhuaian.cn/Application/Runtime/Cache/JY/d29cc9c9e498b14fa0bbbdaf6fd8dade.php 第 80 行.
NOTIC: [8] Undefined index: qq /www/wwwroot/jy.juhuaian.cn/Application/Runtime/Cache/JY/d29cc9c9e498b14fa0bbbdaf6fd8dade.php 第 81 行.
NOTIC: [8] Undefined index: sex /www/wwwroot/jy.juhuaian.cn/Application/Runtime/Cache/JY/d29cc9c9e498b14fa0bbbdaf6fd8dade.php 第 67 行.
NOTIC: [8] Undefined index: email /www/wwwroot/jy.juhuaian.cn/Application/Runtime/Cache/JY/d29cc9c9e498b14fa0bbbdaf6fd8dade.php 第 80 行.
NOTIC: [8] Undefined index: qq /www/wwwroot/jy.juhuaian.cn/Application/Runtime/Cache/JY/d29cc9c9e498b14fa0bbbdaf6fd8dade.php 第 81 行.
NOTIC: [8] Undefined index: sex /www/wwwroot/jy.juhuaian.cn/Application/Runtime/Cache/JY/d29cc9c9e498b14fa0bbbdaf6fd8dade.php 第 67 行.
NOTIC: [8] Undefined index: email /www/wwwroot/jy.juhuaian.cn/Application/Runtime/Cache/JY/d29cc9c9e498b14fa0bbbdaf6fd8dade.php 第 80 行.
NOTIC: [8] Undefined index: qq /www/wwwroot/jy.juhuaian.cn/Application/Runtime/Cache/JY/d29cc9c9e498b14fa0bbbdaf6fd8dade.php 第 81 行.
NOTIC: [8] Undefined index: sex /www/wwwroot/jy.juhuaian.cn/Application/Runtime/Cache/JY/d29cc9c9e498b14fa0bbbdaf6fd8dade.php 第 67 行.
NOTIC: [8] Undefined index: email /www/wwwroot/jy.juhuaian.cn/Application/Runtime/Cache/JY/d29cc9c9e498b14fa0bbbdaf6fd8dade.php 第 80 行.
NOTIC: [8] Undefined index: qq /www/wwwroot/jy.juhuaian.cn/Application/Runtime/Cache/JY/d29cc9c9e498b14fa0bbbdaf6fd8dade.php 第 81 行.
NOTIC: [8] Undefined index: sex /www/wwwroot/jy.juhuaian.cn/Application/Runtime/Cache/JY/d29cc9c9e498b14fa0bbbdaf6fd8dade.php 第 67 行.
NOTIC: [8] Undefined index: email /www/wwwroot/jy.juhuaian.cn/Application/Runtime/Cache/JY/d29cc9c9e498b14fa0bbbdaf6fd8dade.php 第 80 行.
NOTIC: [8] Undefined index: qq /www/wwwroot/jy.juhuaian.cn/Application/Runtime/Cache/JY/d29cc9c9e498b14fa0bbbdaf6fd8dade.php 第 81 行.
INFO: Run Behavior\ParseTemplateBehavior [ RunTime:0.005317s ]
INFO: [ view_parse ] --END-- [ RunTime:0.005337s ]
INFO: [ view_filter ] --START--
INFO: Run Behavior\WriteHtmlCacheBehavior [ RunTime:0.000103s ]
INFO: [ view_filter ] --END-- [ RunTime:0.000117s ]
INFO: [ app_end ] --START--
INFO: Run Behavior\ShowPageTraceBehavior [ RunTime:0.000357s ]
INFO: [ app_end ] --END-- [ RunTime:0.000377s ]

