[ 2019-01-12T12:09:40+08:00 ] 221.0.53.30 /index.php/JY
INFO: [ app_init ] --START--
INFO: Run Behavior\BuildLiteBehavior [ RunTime:0.000007s ]
INFO: [ app_init ] --END-- [ RunTime:0.000189s ]
INFO: [ app_begin ] --START--
INFO: Run Behavior\ReadHtmlCacheBehavior [ RunTime:0.000455s ]
INFO: [ app_begin ] --END-- [ RunTime:0.000536s ]
NOTIC: [8] Undefined index: id /www/wwwroot/jy.juhuaian.cn/Application/JY/Controller/IndexController.class.php 第 6 行.
SQL: SHOW COLUMNS FROM `qm_adminus` [ RunTime:0.0005s ]
SQL: SELECT `role_id` FROM `qm_adminus` WHERE `id` = null LIMIT 1   [ RunTime:0.0001s ]
SQL: SHOW COLUMNS FROM `qm_role_right` [ RunTime:0.0004s ]
SQL: SELECT `right_id` FROM `qm_role_right` WHERE ( role_id='' )  [ RunTime:0.0001s ]
NOTIC: [2] implode(): Invalid arguments passed /www/wwwroot/jy.juhuaian.cn/Application/JY/Controller/IndexController.class.php 第 9 行.
SQL: SHOW COLUMNS FROM `qm_right` [ RunTime:0.0004s ]
SQL: SELECT * FROM `qm_right` WHERE ( id in ('') and parent_id=0 )  [ RunTime:0.0002s ]
SQL: SELECT * FROM `qm_right` WHERE ( id in ('') and parent_id>0 )  [ RunTime:0.0001s ]
NOTIC: [8] Undefined index: id /www/wwwroot/jy.juhuaian.cn/Application/JY/Controller/IndexController.class.php 第 14 行.
INFO: [ view_parse ] --START--
INFO: [ template_filter ] --START--
INFO: Run Behavior\ContentReplaceBehavior [ RunTime:0.000023s ]
INFO: [ template_filter ] --END-- [ RunTime:0.000057s ]
INFO: Run Behavior\ParseTemplateBehavior [ RunTime:0.075710s ]
INFO: [ view_parse ] --END-- [ RunTime:0.075748s ]
INFO: [ view_filter ] --START--
INFO: Run Behavior\WriteHtmlCacheBehavior [ RunTime:0.020362s ]
INFO: [ view_filter ] --END-- [ RunTime:0.020404s ]
INFO: [ app_end ] --START--
INFO: Run Behavior\ShowPageTraceBehavior [ RunTime:0.008439s ]
INFO: [ app_end ] --END-- [ RunTime:0.008477s ]

[ 2019-01-12T12:09:41+08:00 ] 221.0.53.30 /index.php/JY/Login/login.html
INFO: [ app_init ] --START--
INFO: Run Behavior\BuildLiteBehavior [ RunTime:0.000007s ]
INFO: [ app_init ] --END-- [ RunTime:0.000179s ]
INFO: [ app_begin ] --START--
INFO: Run Behavior\ReadHtmlCacheBehavior [ RunTime:0.000236s ]
INFO: [ app_begin ] --END-- [ RunTime:0.000253s ]
INFO: [ view_parse ] --START--
INFO: [ template_filter ] --START--
INFO: Run Behavior\ContentReplaceBehavior [ RunTime:0.000049s ]
INFO: [ template_filter ] --END-- [ RunTime:0.000084s ]
INFO: Run Behavior\ParseTemplateBehavior [ RunTime:0.016806s ]
INFO: [ view_parse ] --END-- [ RunTime:0.016831s ]
INFO: [ view_filter ] --START--
INFO: Run Behavior\WriteHtmlCacheBehavior [ RunTime:0.000104s ]
INFO: [ view_filter ] --END-- [ RunTime:0.000117s ]
INFO: [ app_end ] --START--
INFO: Run Behavior\ShowPageTraceBehavior [ RunTime:0.000296s ]
INFO: [ app_end ] --END-- [ RunTime:0.000314s ]

[ 2019-01-12T12:09:41+08:00 ] 221.0.53.30 /index.php/JY/Login/css/layui_1.css
INFO: [ app_init ] --START--
INFO: Run Behavior\BuildLiteBehavior [ RunTime:0.000007s ]
INFO: [ app_init ] --END-- [ RunTime:0.000175s ]
INFO: [ app_begin ] --START--
INFO: Run Behavior\ReadHtmlCacheBehavior [ RunTime:0.000212s ]
INFO: [ app_begin ] --END-- [ RunTime:0.000230s ]
ERR: 非法操作:css

[ 2019-01-12T12:09:43+08:00 ] 221.0.53.30 /index.php/JY/Login/checklogin
INFO: [ app_init ] --START--
INFO: Run Behavior\BuildLiteBehavior [ RunTime:0.000010s ]
INFO: [ app_init ] --END-- [ RunTime:0.000178s ]
INFO: [ app_begin ] --START--
INFO: Run Behavior\ReadHtmlCacheBehavior [ RunTime:0.000237s ]
INFO: [ app_begin ] --END-- [ RunTime:0.000256s ]
SQL: SHOW COLUMNS FROM `qm_adminus` [ RunTime:0.0006s ]
SQL: SELECT * FROM `qm_adminus` WHERE ( username='123' AND password='123' ) LIMIT 1   [ RunTime:0.0002s ]
INFO: [ view_parse ] --START--
INFO: [ template_filter ] --START--
INFO: Run Behavior\ContentReplaceBehavior [ RunTime:0.000024s ]
INFO: [ template_filter ] --END-- [ RunTime:0.000045s ]
INFO: Run Behavior\ParseTemplateBehavior [ RunTime:0.002578s ]
INFO: [ view_parse ] --END-- [ RunTime:0.002611s ]
INFO: [ view_filter ] --START--
INFO: Run Behavior\WriteHtmlCacheBehavior [ RunTime:0.000081s ]
INFO: [ view_filter ] --END-- [ RunTime:0.000097s ]
INFO: [ app_end ] --START--
INFO: Run Behavior\ShowPageTraceBehavior [ RunTime:0.000287s ]
INFO: [ app_end ] --END-- [ RunTime:0.000305s ]

[ 2019-01-12T12:09:44+08:00 ] 221.0.53.30 /index.php/JY/Index/index.html
INFO: [ app_init ] --START--
INFO: Run Behavior\BuildLiteBehavior [ RunTime:0.000008s ]
INFO: [ app_init ] --END-- [ RunTime:0.000174s ]
INFO: [ app_begin ] --START--
INFO: Run Behavior\ReadHtmlCacheBehavior [ RunTime:0.000301s ]
INFO: [ app_begin ] --END-- [ RunTime:0.000321s ]
SQL: SHOW COLUMNS FROM `qm_adminus` [ RunTime:0.0005s ]
SQL: SELECT `role_id` FROM `qm_adminus` WHERE `id` = 1 LIMIT 1   [ RunTime:0.0002s ]
SQL: SHOW COLUMNS FROM `qm_role_right` [ RunTime:0.0004s ]
SQL: SELECT `right_id` FROM `qm_role_right` WHERE ( role_id='1' )  [ RunTime:0.0001s ]
SQL: SHOW COLUMNS FROM `qm_right` [ RunTime:0.0003s ]
SQL: SELECT * FROM `qm_right` WHERE ( id in ('32','30','29','28','27','26','25','24','23','22','33','21','20','19','18','17','16','14','13','12','11','10','9','8','7','6','5','4','3','2','1') and parent_id=0 )  [ RunTime:0.0002s ]
SQL: SELECT * FROM `qm_right` WHERE ( id in ('32','30','29','28','27','26','25','24','23','22','33','21','20','19','18','17','16','14','13','12','11','10','9','8','7','6','5','4','3','2','1') and parent_id>0 )  [ RunTime:0.0002s ]
INFO: [ view_parse ] --START--
INFO: [ template_filter ] --START--
INFO: Run Behavior\ContentReplaceBehavior [ RunTime:0.000082s ]
INFO: [ template_filter ] --END-- [ RunTime:0.000110s ]
INFO: Run Behavior\ParseTemplateBehavior [ RunTime:0.007985s ]
INFO: [ view_parse ] --END-- [ RunTime:0.008009s ]
INFO: [ view_filter ] --START--
INFO: Run Behavior\WriteHtmlCacheBehavior [ RunTime:0.000099s ]
INFO: [ view_filter ] --END-- [ RunTime:0.000111s ]
INFO: [ app_end ] --START--
INFO: Run Behavior\ShowPageTraceBehavior [ RunTime:0.000281s ]
INFO: [ app_end ] --END-- [ RunTime:0.000297s ]

[ 2019-01-12T12:09:44+08:00 ] 221.0.53.30 /index.php/JY/Index/img/icon/baidu.png
INFO: [ app_init ] --START--
INFO: Run Behavior\BuildLiteBehavior [ RunTime:0.000007s ]
INFO: [ app_init ] --END-- [ RunTime:0.000204s ]

[ 2019-01-12T12:09:44+08:00 ] 221.0.53.30 /index.php/JY/Index/img/presentation/1.png
INFO: [ app_init ] --START--
INFO: Run Behavior\BuildLiteBehavior [ RunTime:0.000008s ]
INFO: [ app_init ] --END-- [ RunTime:0.000194s ]

[ 2019-01-12T12:09:48+08:00 ] 221.0.53.30 /index.php/JY/Mgt/flgl
INFO: [ app_init ] --START--
INFO: Run Behavior\BuildLiteBehavior [ RunTime:0.000012s ]
INFO: [ app_init ] --END-- [ RunTime:0.000281s ]
INFO: [ app_begin ] --START--
INFO: Run Behavior\ReadHtmlCacheBehavior [ RunTime:0.000353s ]
INFO: [ app_begin ] --END-- [ RunTime:0.000386s ]
SQL: SHOW COLUMNS FROM `qm_fl` [ RunTime:0.0008s ]
SQL: SELECT * FROM `qm_fl` WHERE ( prentid=0 )  [ RunTime:0.0003s ]
SQL: SELECT * FROM `qm_fl` WHERE ( prentid=12 )  [ RunTime:0.0003s ]
SQL: SELECT * FROM `qm_fl` WHERE ( prentid=25 )  [ RunTime:0.0002s ]
SQL: SELECT * FROM `qm_fl` WHERE ( prentid=27 )  [ RunTime:0.0002s ]
SQL: SELECT * FROM `qm_fl` WHERE ( prentid=28 )  [ RunTime:0.0003s ]
SQL: SELECT * FROM `qm_fl` WHERE ( prentid=29 )  [ RunTime:0.0002s ]
SQL: SELECT * FROM `qm_fl` WHERE ( prentid=30 )  [ RunTime:0.0002s ]
SQL: SELECT * FROM `qm_fl` WHERE ( prentid=31 )  [ RunTime:0.0001s ]
SQL: SELECT * FROM `qm_fl` WHERE ( prentid=33 )  [ RunTime:0.0001s ]
SQL: SELECT * FROM `qm_fl` WHERE ( prentid=34 )  [ RunTime:0.0001s ]
SQL: SELECT * FROM `qm_fl` WHERE ( prentid=35 )  [ RunTime:0.0001s ]
SQL: SELECT * FROM `qm_fl` WHERE ( prentid=36 )  [ RunTime:0.0002s ]
SQL: SELECT * FROM `qm_fl` WHERE ( prentid=37 )  [ RunTime:0.0001s ]
SQL: SELECT * FROM `qm_fl` WHERE ( prentid=40 )  [ RunTime:0.0002s ]
INFO: [ view_parse ] --START--
INFO: [ template_filter ] --START--
INFO: Run Behavior\ContentReplaceBehavior [ RunTime:0.000087s ]
INFO: [ template_filter ] --END-- [ RunTime:0.000116s ]
NOTIC: [8] Undefined variable: pageinfo /www/wwwroot/jy.juhuaian.cn/Application/Runtime/Cache/JY/d4b778cc5d107e5f3961237b360911d2.php 第 96 行.
INFO: Run Behavior\ParseTemplateBehavior [ RunTime:0.021688s ]
INFO: [ view_parse ] --END-- [ RunTime:0.021713s ]
INFO: [ view_filter ] --START--
INFO: Run Behavior\WriteHtmlCacheBehavior [ RunTime:0.000095s ]
INFO: [ view_filter ] --END-- [ RunTime:0.000107s ]
INFO: [ app_end ] --START--
INFO: Run Behavior\ShowPageTraceBehavior [ RunTime:0.000344s ]
INFO: [ app_end ] --END-- [ RunTime:0.000360s ]

[ 2019-01-12T12:09:48+08:00 ] 221.0.53.30 /index.php/JY/Mgt/userlist
INFO: [ app_init ] --START--
INFO: Run Behavior\BuildLiteBehavior [ RunTime:0.000011s ]
INFO: [ app_init ] --END-- [ RunTime:0.000309s ]
INFO: [ app_begin ] --START--
INFO: Run Behavior\ReadHtmlCacheBehavior [ RunTime:0.000342s ]
INFO: [ app_begin ] --END-- [ RunTime:0.000366s ]
SQL: SHOW COLUMNS FROM `qm_user` [ RunTime:0.0008s ]
SQL: SELECT COUNT(*) AS tp_Count FROM `qm_user` LIMIT 1   [ RunTime:0.0001s ]
SQL: SELECT * FROM `qm_user` LIMIT 0,7   [ RunTime:0.0004s ]
INFO: [ view_parse ] --START--
INFO: [ template_filter ] --START--
INFO: Run Behavior\ContentReplaceBehavior [ RunTime:0.000053s ]
INFO: [ template_filter ] --END-- [ RunTime:0.000089s ]
NOTIC: [8] Undefined index: sex /www/wwwroot/jy.juhuaian.cn/Application/Runtime/Cache/JY/d29cc9c9e498b14fa0bbbdaf6fd8dade.php 第 67 行.
NOTIC: [8] Undefined index: email /www/wwwroot/jy.juhuaian.cn/Application/Runtime/Cache/JY/d29cc9c9e498b14fa0bbbdaf6fd8dade.php 第 80 行.
NOTIC: [8] Undefined index: qq /www/wwwroot/jy.juhuaian.cn/Application/Runtime/Cache/JY/d29cc9c9e498b14fa0bbbdaf6fd8dade.php 第 81 行.
NOTIC: [8] Undefined index: sex /www/wwwroot/jy.juhuaian.cn/Application/Runtime/Cache/JY/d29cc9c9e498b14fa0bbbdaf6fd8dade.php 第 67 行.
NOTIC: [8] Undefined index: email /www/wwwroot/jy.juhuaian.cn/Application/Runtime/Cache/JY/d29cc9c9e498b14fa0bbbdaf6fd8dade.php 第 80 行.
NOTIC: [8] Undefined index: qq /www/wwwroot/jy.juhuaian.cn/Application/Runtime/Cache/JY/d29cc9c9e498b14fa0bbbdaf6fd8dade.php 第 81 行.
NOTIC: [8] Undefined index: sex /www/wwwroot/jy.juhuaian.cn/Application/Runtime/Cache/JY/d29cc9c9e498b14fa0bbbdaf6fd8dade.php 第 67 行.
NOTIC: [8] Undefined index: email /www/wwwroot/jy.juhuaian.cn/Application/Runtime/Cache/JY/d29cc9c9e498b14fa0bbbdaf6fd8dade.php 第 80 行.
NOTIC: [8] Undefined index: qq /www/wwwroot/jy.juhuaian.cn/Application/Runtime/Cache/JY/d29cc9c9e498b14fa0bbbdaf6fd8dade.php 第 81 行.
NOTIC: [8] Undefined index: sex /www/wwwroot/jy.juhuaian.cn/Application/Runtime/Cache/JY/d29cc9c9e498b14fa0bbbdaf6fd8dade.php 第 67 行.
NOTIC: [8] Undefined index: email /www/wwwroot/jy.juhuaian.cn/Application/Runtime/Cache/JY/d29cc9c9e498b14fa0bbbdaf6fd8dade.php 第 80 行.
NOTIC: [8] Undefined index: qq /www/wwwroot/jy.juhuaian.cn/Application/Runtime/Cache/JY/d29cc9c9e498b14fa0bbbdaf6fd8dade.php 第 81 行.
NOTIC: [8] Undefined index: sex /www/wwwroot/jy.juhuaian.cn/Application/Runtime/Cache/JY/d29cc9c9e498b14fa0bbbdaf6fd8dade.php 第 67 行.
NOTIC: [8] Undefined index: email /www/wwwroot/jy.juhuaian.cn/Application/Runtime/Cache/JY/d29cc9c9e498b14fa0bbbdaf6fd8dade.php 第 80 行.
NOTIC: [8] Undefined index: qq /www/wwwroot/jy.juhuaian.cn/Application/Runtime/Cache/JY/d29cc9c9e498b14fa0bbbdaf6fd8dade.php 第 81 行.
NOTIC: [8] Undefined index: sex /www/wwwroot/jy.juhuaian.cn/Application/Runtime/Cache/JY/d29cc9c9e498b14fa0bbbdaf6fd8dade.php 第 67 行.
NOTIC: [8] Undefined index: email /www/wwwroot/jy.juhuaian.cn/Application/Runtime/Cache/JY/d29cc9c9e498b14fa0bbbdaf6fd8dade.php 第 80 行.
NOTIC: [8] Undefined index: qq /www/wwwroot/jy.juhuaian.cn/Application/Runtime/Cache/JY/d29cc9c9e498b14fa0bbbdaf6fd8dade.php 第 81 行.
NOTIC: [8] Undefined index: sex /www/wwwroot/jy.juhuaian.cn/Application/Runtime/Cache/JY/d29cc9c9e498b14fa0bbbdaf6fd8dade.php 第 67 行.
NOTIC: [8] Undefined index: email /www/wwwroot/jy.juhuaian.cn/Application/Runtime/Cache/JY/d29cc9c9e498b14fa0bbbdaf6fd8dade.php 第 80 行.
NOTIC: [8] Undefined index: qq /www/wwwroot/jy.juhuaian.cn/Application/Runtime/Cache/JY/d29cc9c9e498b14fa0bbbdaf6fd8dade.php 第 81 行.
INFO: Run Behavior\ParseTemplateBehavior [ RunTime:0.012618s ]
INFO: [ view_parse ] --END-- [ RunTime:0.012638s ]
INFO: [ view_filter ] --START--
INFO: Run Behavior\WriteHtmlCacheBehavior [ RunTime:0.000121s ]
INFO: [ view_filter ] --END-- [ RunTime:0.000138s ]
INFO: [ app_end ] --START--
INFO: Run Behavior\ShowPageTraceBehavior [ RunTime:0.000419s ]
INFO: [ app_end ] --END-- [ RunTime:0.000442s ]

[ 2019-01-12T12:09:48+08:00 ] 221.0.53.30 /index.php/JY/Mgt/jngl
INFO: [ app_init ] --START--
INFO: Run Behavior\BuildLiteBehavior [ RunTime:0.000007s ]
INFO: [ app_init ] --END-- [ RunTime:0.000183s ]
INFO: [ app_begin ] --START--
INFO: Run Behavior\ReadHtmlCacheBehavior [ RunTime:0.000229s ]
INFO: [ app_begin ] --END-- [ RunTime:0.000246s ]
SQL: SHOW COLUMNS FROM `qm_fbjn` [ RunTime:0.0007s ]
SQL: SELECT COUNT(*) AS tp_Count FROM `qm_fbjn` LIMIT 1   [ RunTime:0.0001s ]
SQL: SELECT * FROM `qm_fbjn` LIMIT 0,7   [ RunTime:0.0001s ]
SQL: SHOW COLUMNS FROM `qm_jineng` [ RunTime:0.0003s ]
SQL: SELECT `jname` FROM `qm_jineng` WHERE ( id=149 ) LIMIT 1   [ RunTime:0.0001s ]
SQL: SHOW COLUMNS FROM `qm_user` [ RunTime:0.0006s ]
SQL: SELECT `username` FROM `qm_user` WHERE ( id=1007 ) LIMIT 1   [ RunTime:0.0001s ]
SQL: SELECT `jname` FROM `qm_jineng` WHERE ( id=148 ) LIMIT 1   [ RunTime:0.0001s ]
SQL: SELECT `username` FROM `qm_user` WHERE ( id=1008 ) LIMIT 1   [ RunTime:0.0001s ]
SQL: SELECT `jname` FROM `qm_jineng` WHERE ( id=150 ) LIMIT 1   [ RunTime:0.0001s ]
SQL: SELECT `username` FROM `qm_user` WHERE ( id=1007 ) LIMIT 1   [ RunTime:0.0000s ]
SQL: SELECT `jname` FROM `qm_jineng` WHERE ( id=147 ) LIMIT 1   [ RunTime:0.0001s ]
SQL: SELECT `username` FROM `qm_user` WHERE ( id=1008 ) LIMIT 1   [ RunTime:0.0000s ]
SQL: SELECT `jname` FROM `qm_jineng` WHERE ( id=146 ) LIMIT 1   [ RunTime:0.0001s ]
SQL: SELECT `username` FROM `qm_user` WHERE ( id=1008 ) LIMIT 1   [ RunTime:0.0000s ]
SQL: SELECT `jname` FROM `qm_jineng` WHERE ( id=130 ) LIMIT 1   [ RunTime:0.0001s ]
SQL: SELECT `username` FROM `qm_user` WHERE ( id=57103676 ) LIMIT 1   [ RunTime:0.0001s ]
SQL: SELECT `jname` FROM `qm_jineng` WHERE ( id=129 ) LIMIT 1   [ RunTime:0.0001s ]
SQL: SELECT `username` FROM `qm_user` WHERE ( id=57103676 ) LIMIT 1   [ RunTime:0.0000s ]
INFO: [ view_parse ] --START--
INFO: [ template_filter ] --START--
INFO: Run Behavior\ContentReplaceBehavior [ RunTime:0.000030s ]
INFO: [ template_filter ] --END-- [ RunTime:0.000057s ]
INFO: Run Behavior\ParseTemplateBehavior [ RunTime:0.020076s ]
INFO: [ view_parse ] --END-- [ RunTime:0.020111s ]
INFO: [ view_filter ] --START--
INFO: Run Behavior\WriteHtmlCacheBehavior [ RunTime:0.000086s ]
INFO: [ view_filter ] --END-- [ RunTime:0.000098s ]
INFO: [ app_end ] --START--
INFO: Run Behavior\ShowPageTraceBehavior [ RunTime:0.000263s ]
INFO: [ app_end ] --END-- [ RunTime:0.000278s ]

[ 2019-01-12T12:09:49+08:00 ] 221.0.53.30 /index.php/JY/Mgt/xxgl
INFO: [ app_init ] --START--
INFO: Run Behavior\BuildLiteBehavior [ RunTime:0.000007s ]
INFO: [ app_init ] --END-- [ RunTime:0.000175s ]
INFO: [ app_begin ] --START--
INFO: Run Behavior\ReadHtmlCacheBehavior [ RunTime:0.000266s ]
INFO: [ app_begin ] --END-- [ RunTime:0.000286s ]
SQL: SHOW COLUMNS FROM `qm_fbxq` [ RunTime:0.0005s ]
SQL: SELECT COUNT(*) AS tp_Count FROM `qm_fbxq` LIMIT 1   [ RunTime:0.0002s ]
SQL: SELECT * FROM `qm_fbxq` LIMIT 0,7   [ RunTime:0.0001s ]
SQL: SHOW COLUMNS FROM `qm_jineng` [ RunTime:0.0003s ]
SQL: SELECT `jname` FROM `qm_jineng` WHERE ( id=150 ) LIMIT 1   [ RunTime:0.0000s ]
SQL: SHOW COLUMNS FROM `qm_user` [ RunTime:0.0007s ]
SQL: SELECT `username` FROM `qm_user` WHERE ( id=1007 ) LIMIT 1   [ RunTime:0.0001s ]
SQL: SELECT `jname` FROM `qm_jineng` WHERE ( id=153 ) LIMIT 1   [ RunTime:0.0001s ]
SQL: SELECT `username` FROM `qm_user` WHERE ( id=1008 ) LIMIT 1   [ RunTime:0.0000s ]
SQL: SELECT `jname` FROM `qm_jineng` WHERE ( id=151 ) LIMIT 1   [ RunTime:0.0001s ]
SQL: SELECT `username` FROM `qm_user` WHERE ( id=1008 ) LIMIT 1   [ RunTime:0.0000s ]
SQL: SELECT `jname` FROM `qm_jineng` WHERE ( id=147 ) LIMIT 1   [ RunTime:0.0000s ]
SQL: SELECT `username` FROM `qm_user` WHERE ( id=1007 ) LIMIT 1   [ RunTime:0.0000s ]
SQL: SELECT `jname` FROM `qm_jineng` WHERE ( id=146 ) LIMIT 1   [ RunTime:0.0000s ]
SQL: SELECT `username` FROM `qm_user` WHERE ( id=1008 ) LIMIT 1   [ RunTime:0.0000s ]
SQL: SELECT `jname` FROM `qm_jineng` WHERE ( id=144 ) LIMIT 1   [ RunTime:0.0001s ]
SQL: SELECT `username` FROM `qm_user` WHERE ( id=1008 ) LIMIT 1   [ RunTime:0.0000s ]
SQL: SELECT `jname` FROM `qm_jineng` WHERE ( id=142 ) LIMIT 1   [ RunTime:0.0001s ]
SQL: SELECT `username` FROM `qm_user` WHERE ( id=1007 ) LIMIT 1   [ RunTime:0.0000s ]
INFO: [ view_parse ] --START--
INFO: [ template_filter ] --START--
INFO: Run Behavior\ContentReplaceBehavior [ RunTime:0.000031s ]
INFO: [ template_filter ] --END-- [ RunTime:0.000056s ]
INFO: Run Behavior\ParseTemplateBehavior [ RunTime:0.010064s ]
INFO: [ view_parse ] --END-- [ RunTime:0.010086s ]
INFO: [ view_filter ] --START--
INFO: Run Behavior\WriteHtmlCacheBehavior [ RunTime:0.000127s ]
INFO: [ view_filter ] --END-- [ RunTime:0.000141s ]
INFO: [ app_end ] --START--
INFO: Run Behavior\ShowPageTraceBehavior [ RunTime:0.000322s ]
INFO: [ app_end ] --END-- [ RunTime:0.000343s ]

[ 2019-01-12T12:09:49+08:00 ] 221.0.53.30 /index.php/JY/Mgt/order
INFO: [ app_init ] --START--
INFO: Run Behavior\BuildLiteBehavior [ RunTime:0.000007s ]
INFO: [ app_init ] --END-- [ RunTime:0.000191s ]
INFO: [ app_begin ] --START--
INFO: Run Behavior\ReadHtmlCacheBehavior [ RunTime:0.000238s ]
INFO: [ app_begin ] --END-- [ RunTime:0.000257s ]
SQL: SHOW COLUMNS FROM `qm_order` [ RunTime:0.0005s ]
SQL: SELECT * FROM `qm_order`  [ RunTime:0.0002s ]
SQL: SHOW COLUMNS FROM `qm_user` [ RunTime:0.0008s ]
SQL: SELECT `username` FROM `qm_user` WHERE ( id=57103678 ) LIMIT 1   [ RunTime:0.0002s ]
SQL: SELECT `pic` FROM `qm_user` WHERE ( id=57103678 ) LIMIT 1   [ RunTime:0.0001s ]
SQL: SHOW COLUMNS FROM `qm_goods` [ RunTime:0.0004s ]
SQL: SELECT `content` FROM `qm_goods` WHERE ( id=827 ) LIMIT 1   [ RunTime:0.0001s ]
SQL: SELECT `username` FROM `qm_user` WHERE ( id=57103678 ) LIMIT 1   [ RunTime:0.0000s ]
SQL: SELECT `pic` FROM `qm_user` WHERE ( id=57103678 ) LIMIT 1   [ RunTime:0.0000s ]
SQL: SELECT `content` FROM `qm_goods` WHERE ( id=827 ) LIMIT 1   [ RunTime:0.0000s ]
SQL: SELECT `username` FROM `qm_user` WHERE ( id=57103678 ) LIMIT 1   [ RunTime:0.0000s ]
SQL: SELECT `pic` FROM `qm_user` WHERE ( id=57103678 ) LIMIT 1   [ RunTime:0.0000s ]
SQL: SELECT `content` FROM `qm_goods` WHERE ( id=827 ) LIMIT 1   [ RunTime:0.0000s ]
SQL: SELECT `username` FROM `qm_user` WHERE ( id=57103678 ) LIMIT 1   [ RunTime:0.0000s ]
SQL: SELECT `pic` FROM `qm_user` WHERE ( id=57103678 ) LIMIT 1   [ RunTime:0.0000s ]
SQL: SELECT `content` FROM `qm_goods` WHERE ( id=827 ) LIMIT 1   [ RunTime:0.0000s ]
SQL: SELECT `username` FROM `qm_user` WHERE ( id=57103678 ) LIMIT 1   [ RunTime:0.0000s ]
SQL: SELECT `pic` FROM `qm_user` WHERE ( id=57103678 ) LIMIT 1   [ RunTime:0.0000s ]
SQL: SELECT `content` FROM `qm_goods` WHERE ( id=827 ) LIMIT 1   [ RunTime:0.0000s ]
SQL: SELECT `username` FROM `qm_user` WHERE ( id=57103678 ) LIMIT 1   [ RunTime:0.0000s ]
SQL: SELECT `pic` FROM `qm_user` WHERE ( id=57103678 ) LIMIT 1   [ RunTime:0.0000s ]
SQL: SELECT `content` FROM `qm_goods` WHERE ( id=826 ) LIMIT 1   [ RunTime:0.0001s ]
SQL: SELECT `username` FROM `qm_user` WHERE ( id=57103678 ) LIMIT 1   [ RunTime:0.0000s ]
SQL: SELECT `pic` FROM `qm_user` WHERE ( id=57103678 ) LIMIT 1   [ RunTime:0.0000s ]
SQL: SELECT `content` FROM `qm_goods` WHERE ( id=825 ) LIMIT 1   [ RunTime:0.0001s ]
SQL: SELECT `username` FROM `qm_user` WHERE ( id=57103678 ) LIMIT 1   [ RunTime:0.0000s ]
SQL: SELECT `pic` FROM `qm_user` WHERE ( id=57103678 ) LIMIT 1   [ RunTime:0.0000s ]
SQL: SELECT `content` FROM `qm_goods` WHERE ( id=827 ) LIMIT 1   [ RunTime:0.0000s ]
SQL: SELECT `username` FROM `qm_user` WHERE ( id=57103678 ) LIMIT 1   [ RunTime:0.0000s ]
SQL: SELECT `pic` FROM `qm_user` WHERE ( id=57103678 ) LIMIT 1   [ RunTime:0.0000s ]
SQL: SELECT `content` FROM `qm_goods` WHERE ( id=825 ) LIMIT 1   [ RunTime:0.0000s ]
SQL: SELECT `username` FROM `qm_user` WHERE ( id=57103676 ) LIMIT 1   [ RunTime:0.0000s ]
SQL: SELECT `pic` FROM `qm_user` WHERE ( id=57103676 ) LIMIT 1   [ RunTime:0.0001s ]
SQL: SELECT `content` FROM `qm_goods` WHERE ( id=592 ) LIMIT 1   [ RunTime:0.0001s ]
SQL: SELECT `username` FROM `qm_user` WHERE ( id=57103676 ) LIMIT 1   [ RunTime:0.0000s ]
SQL: SELECT `pic` FROM `qm_user` WHERE ( id=57103676 ) LIMIT 1   [ RunTime:0.0000s ]
SQL: SELECT `content` FROM `qm_goods` WHERE ( id=591 ) LIMIT 1   [ RunTime:0.0001s ]
SQL: SELECT `username` FROM `qm_user` WHERE ( id=1007 ) LIMIT 1   [ RunTime:0.0001s ]
SQL: SELECT `pic` FROM `qm_user` WHERE ( id=1007 ) LIMIT 1   [ RunTime:0.0001s ]
SQL: SELECT `content` FROM `qm_goods` WHERE ( id=592 ) LIMIT 1   [ RunTime:0.0000s ]
SQL: SELECT `username` FROM `qm_user` WHERE ( id=57103679 ) LIMIT 1   [ RunTime:0.0001s ]
SQL: SELECT `pic` FROM `qm_user` WHERE ( id=57103679 ) LIMIT 1   [ RunTime:0.0001s ]
SQL: SELECT `content` FROM `qm_goods` WHERE ( id=590 ) LIMIT 1   [ RunTime:0.0001s ]
SQL: SELECT `username` FROM `qm_user` WHERE ( id=57103678 ) LIMIT 1   [ RunTime:0.0000s ]
SQL: SELECT `pic` FROM `qm_user` WHERE ( id=57103678 ) LIMIT 1   [ RunTime:0.0000s ]
SQL: SELECT `content` FROM `qm_goods` WHERE ( id=592 ) LIMIT 1   [ RunTime:0.0000s ]
SQL: SELECT `username` FROM `qm_user` WHERE ( id=57103676 ) LIMIT 1   [ RunTime:0.0000s ]
SQL: SELECT `pic` FROM `qm_user` WHERE ( id=57103676 ) LIMIT 1   [ RunTime:0.0000s ]
SQL: SELECT `content` FROM `qm_goods` WHERE ( id=591 ) LIMIT 1   [ RunTime:0.0000s ]
SQL: SELECT `username` FROM `qm_user` WHERE ( id=57103676 ) LIMIT 1   [ RunTime:0.0000s ]
SQL: SELECT `pic` FROM `qm_user` WHERE ( id=57103676 ) LIMIT 1   [ RunTime:0.0000s ]
SQL: SELECT `content` FROM `qm_goods` WHERE ( id=592 ) LIMIT 1   [ RunTime:0.0000s ]
INFO: [ view_parse ] --START--
INFO: [ template_filter ] --START--
INFO: Run Behavior\ContentReplaceBehavior [ RunTime:0.000039s ]
INFO: [ template_filter ] --END-- [ RunTime:0.000061s ]
NOTIC: [8] Undefined variable: pageinfo /www/wwwroot/jy.juhuaian.cn/Application/Runtime/Cache/JY/bd4a6fe098d5c9d2fa6909b709381de9.php 第 103 行.
INFO: Run Behavior\ParseTemplateBehavior [ RunTime:0.010991s ]
INFO: [ view_parse ] --END-- [ RunTime:0.011007s ]
INFO: [ view_filter ] --START--
INFO: Run Behavior\WriteHtmlCacheBehavior [ RunTime:0.000085s ]
INFO: [ view_filter ] --END-- [ RunTime:0.000098s ]
INFO: [ app_end ] --START--
INFO: Run Behavior\ShowPageTraceBehavior [ RunTime:0.000282s ]
INFO: [ app_end ] --END-- [ RunTime:0.000303s ]

[ 2019-01-12T12:09:50+08:00 ] 221.0.53.30 /index.php/JY/Goods/index
INFO: [ app_init ] --START--
INFO: Run Behavior\BuildLiteBehavior [ RunTime:0.000008s ]
INFO: [ app_init ] --END-- [ RunTime:0.000163s ]
INFO: [ app_begin ] --START--
INFO: Run Behavior\ReadHtmlCacheBehavior [ RunTime:0.000209s ]
INFO: [ app_begin ] --END-- [ RunTime:0.000230s ]
SQL: SHOW COLUMNS FROM `qm_goods` [ RunTime:0.0049s ]
SQL: SELECT COUNT(*) AS tp_Count FROM `qm_goods` LIMIT 1   [ RunTime:0.0001s ]
SQL: SELECT * FROM `qm_goods` ORDER BY code,addtime desc LIMIT 0,10   [ RunTime:0.0004s ]
INFO: [ view_parse ] --START--
INFO: [ template_filter ] --START--
INFO: Run Behavior\ContentReplaceBehavior [ RunTime:0.000037s ]
INFO: [ template_filter ] --END-- [ RunTime:0.000061s ]
INFO: Run Behavior\ParseTemplateBehavior [ RunTime:0.011427s ]
INFO: [ view_parse ] --END-- [ RunTime:0.011455s ]
INFO: [ view_filter ] --START--
INFO: Run Behavior\WriteHtmlCacheBehavior [ RunTime:0.000095s ]
INFO: [ view_filter ] --END-- [ RunTime:0.000113s ]
INFO: [ app_end ] --START--
INFO: Run Behavior\ShowPageTraceBehavior [ RunTime:0.000347s ]
INFO: [ app_end ] --END-- [ RunTime:0.000366s ]

[ 2019-01-12T12:10:11+08:00 ] 221.0.53.30 /index.php/JY/Mgt/userlist
INFO: [ app_init ] --START--
INFO: Run Behavior\BuildLiteBehavior [ RunTime:0.000011s ]
INFO: [ app_init ] --END-- [ RunTime:0.000278s ]
INFO: [ app_begin ] --START--
INFO: Run Behavior\ReadHtmlCacheBehavior [ RunTime:0.000368s ]
INFO: [ app_begin ] --END-- [ RunTime:0.000393s ]
SQL: SHOW COLUMNS FROM `qm_user` [ RunTime:0.0007s ]
SQL: SELECT COUNT(*) AS tp_Count FROM `qm_user` LIMIT 1   [ RunTime:0.0000s ]
SQL: SELECT * FROM `qm_user` LIMIT 0,7   [ RunTime:0.0001s ]
INFO: [ view_parse ] --START--
INFO: [ template_filter ] --START--
INFO: Run Behavior\ContentReplaceBehavior [ RunTime:0.000040s ]
INFO: [ template_filter ] --END-- [ RunTime:0.000060s ]
NOTIC: [8] Undefined index: sex /www/wwwroot/jy.juhuaian.cn/Application/Runtime/Cache/JY/d29cc9c9e498b14fa0bbbdaf6fd8dade.php 第 67 行.
NOTIC: [8] Undefined index: email /www/wwwroot/jy.juhuaian.cn/Application/Runtime/Cache/JY/d29cc9c9e498b14fa0bbbdaf6fd8dade.php 第 80 行.
NOTIC: [8] Undefined index: qq /www/wwwroot/jy.juhuaian.cn/Application/Runtime/Cache/JY/d29cc9c9e498b14fa0bbbdaf6fd8dade.php 第 81 行.
NOTIC: [8] Undefined index: sex /www/wwwroot/jy.juhuaian.cn/Application/Runtime/Cache/JY/d29cc9c9e498b14fa0bbbdaf6fd8dade.php 第 67 行.
NOTIC: [8] Undefined index: email /www/wwwroot/jy.juhuaian.cn/Application/Runtime/Cache/JY/d29cc9c9e498b14fa0bbbdaf6fd8dade.php 第 80 行.
NOTIC: [8] Undefined index: qq /www/wwwroot/jy.juhuaian.cn/Application/Runtime/Cache/JY/d29cc9c9e498b14fa0bbbdaf6fd8dade.php 第 81 行.
NOTIC: [8] Undefined index: sex /www/wwwroot/jy.juhuaian.cn/Application/Runtime/Cache/JY/d29cc9c9e498b14fa0bbbdaf6fd8dade.php 第 67 行.
NOTIC: [8] Undefined index: email /www/wwwroot/jy.juhuaian.cn/Application/Runtime/Cache/JY/d29cc9c9e498b14fa0bbbdaf6fd8dade.php 第 80 行.
NOTIC: [8] Undefined index: qq /www/wwwroot/jy.juhuaian.cn/Application/Runtime/Cache/JY/d29cc9c9e498b14fa0bbbdaf6fd8dade.php 第 81 行.
NOTIC: [8] Undefined index: sex /www/wwwroot/jy.juhuaian.cn/Application/Runtime/Cache/JY/d29cc9c9e498b14fa0bbbdaf6fd8dade.php 第 67 行.
NOTIC: [8] Undefined index: email /www/wwwroot/jy.juhuaian.cn/Application/Runtime/Cache/JY/d29cc9c9e498b14fa0bbbdaf6fd8dade.php 第 80 行.
NOTIC: [8] Undefined index: qq /www/wwwroot/jy.juhuaian.cn/Application/Runtime/Cache/JY/d29cc9c9e498b14fa0bbbdaf6fd8dade.php 第 81 行.
NOTIC: [8] Undefined index: sex /www/wwwroot/jy.juhuaian.cn/Application/Runtime/Cache/JY/d29cc9c9e498b14fa0bbbdaf6fd8dade.php 第 67 行.
NOTIC: [8] Undefined index: email /www/wwwroot/jy.juhuaian.cn/Application/Runtime/Cache/JY/d29cc9c9e498b14fa0bbbdaf6fd8dade.php 第 80 行.
NOTIC: [8] Undefined index: qq /www/wwwroot/jy.juhuaian.cn/Application/Runtime/Cache/JY/d29cc9c9e498b14fa0bbbdaf6fd8dade.php 第 81 行.
NOTIC: [8] Undefined index: sex /www/wwwroot/jy.juhuaian.cn/Application/Runtime/Cache/JY/d29cc9c9e498b14fa0bbbdaf6fd8dade.php 第 67 行.
NOTIC: [8] Undefined index: email /www/wwwroot/jy.juhuaian.cn/Application/Runtime/Cache/JY/d29cc9c9e498b14fa0bbbdaf6fd8dade.php 第 80 行.
NOTIC: [8] Undefined index: qq /www/wwwroot/jy.juhuaian.cn/Application/Runtime/Cache/JY/d29cc9c9e498b14fa0bbbdaf6fd8dade.php 第 81 行.
NOTIC: [8] Undefined index: sex /www/wwwroot/jy.juhuaian.cn/Application/Runtime/Cache/JY/d29cc9c9e498b14fa0bbbdaf6fd8dade.php 第 67 行.
NOTIC: [8] Undefined index: email /www/wwwroot/jy.juhuaian.cn/Application/Runtime/Cache/JY/d29cc9c9e498b14fa0bbbdaf6fd8dade.php 第 80 行.
NOTIC: [8] Undefined index: qq /www/wwwroot/jy.juhuaian.cn/Application/Runtime/Cache/JY/d29cc9c9e498b14fa0bbbdaf6fd8dade.php 第 81 行.
INFO: Run Behavior\ParseTemplateBehavior [ RunTime:0.003924s ]
INFO: [ view_parse ] --END-- [ RunTime:0.003939s ]
INFO: [ view_filter ] --START--
INFO: Run Behavior\WriteHtmlCacheBehavior [ RunTime:0.000085s ]
INFO: [ view_filter ] --END-- [ RunTime:0.000096s ]
INFO: [ app_end ] --START--
INFO: Run Behavior\ShowPageTraceBehavior [ RunTime:0.000275s ]
INFO: [ app_end ] --END-- [ RunTime:0.000293s ]

[ 2019-01-12T12:10:12+08:00 ] 221.0.53.30 /index.php/JY/Mgt/flgl
INFO: [ app_init ] --START--
INFO: Run Behavior\BuildLiteBehavior [ RunTime:0.000007s ]
INFO: [ app_init ] --END-- [ RunTime:0.000203s ]
INFO: [ app_begin ] --START--
INFO: Run Behavior\ReadHtmlCacheBehavior [ RunTime:0.000213s ]
INFO: [ app_begin ] --END-- [ RunTime:0.000230s ]
SQL: SHOW COLUMNS FROM `qm_fl` [ RunTime:0.0005s ]
SQL: SELECT * FROM `qm_fl` WHERE ( prentid=0 )  [ RunTime:0.0001s ]
SQL: SELECT * FROM `qm_fl` WHERE ( prentid=12 )  [ RunTime:0.0000s ]
SQL: SELECT * FROM `qm_fl` WHERE ( prentid=25 )  [ RunTime:0.0000s ]
SQL: SELECT * FROM `qm_fl` WHERE ( prentid=27 )  [ RunTime:0.0000s ]
SQL: SELECT * FROM `qm_fl` WHERE ( prentid=28 )  [ RunTime:0.0000s ]
SQL: SELECT * FROM `qm_fl` WHERE ( prentid=29 )  [ RunTime:0.0000s ]
SQL: SELECT * FROM `qm_fl` WHERE ( prentid=30 )  [ RunTime:0.0000s ]
SQL: SELECT * FROM `qm_fl` WHERE ( prentid=31 )  [ RunTime:0.0000s ]
SQL: SELECT * FROM `qm_fl` WHERE ( prentid=33 )  [ RunTime:0.0000s ]
SQL: SELECT * FROM `qm_fl` WHERE ( prentid=34 )  [ RunTime:0.0000s ]
SQL: SELECT * FROM `qm_fl` WHERE ( prentid=35 )  [ RunTime:0.0000s ]
SQL: SELECT * FROM `qm_fl` WHERE ( prentid=36 )  [ RunTime:0.0000s ]
SQL: SELECT * FROM `qm_fl` WHERE ( prentid=37 )  [ RunTime:0.0000s ]
SQL: SELECT * FROM `qm_fl` WHERE ( prentid=40 )  [ RunTime:0.0000s ]
INFO: [ view_parse ] --START--
INFO: [ template_filter ] --START--
INFO: Run Behavior\ContentReplaceBehavior [ RunTime:0.000048s ]
INFO: [ template_filter ] --END-- [ RunTime:0.000070s ]
NOTIC: [8] Undefined variable: pageinfo /www/wwwroot/jy.juhuaian.cn/Application/Runtime/Cache/JY/d4b778cc5d107e5f3961237b360911d2.php 第 96 行.
INFO: Run Behavior\ParseTemplateBehavior [ RunTime:0.004214s ]
INFO: [ view_parse ] --END-- [ RunTime:0.004229s ]
INFO: [ view_filter ] --START--
INFO: Run Behavior\WriteHtmlCacheBehavior [ RunTime:0.000089s ]
INFO: [ view_filter ] --END-- [ RunTime:0.000101s ]
INFO: [ app_end ] --START--
INFO: Run Behavior\ShowPageTraceBehavior [ RunTime:0.000265s ]
INFO: [ app_end ] --END-- [ RunTime:0.000282s ]

