[ 2019-01-11T11:01:51+08:00 ] 112.230.145.235 /index.php/JY/Login/login.html
INFO: [ app_init ] --START--
INFO: Run Behavior\BuildLiteBehavior [ RunTime:0.000007s ]
INFO: [ app_init ] --END-- [ RunTime:0.000170s ]
INFO: [ app_begin ] --START--
INFO: Run Behavior\ReadHtmlCacheBehavior [ RunTime:0.000317s ]
INFO: [ app_begin ] --END-- [ RunTime:0.000347s ]
INFO: [ view_parse ] --START--
INFO: [ template_filter ] --START--
INFO: Run Behavior\ContentReplaceBehavior [ RunTime:0.000050s ]
INFO: [ template_filter ] --END-- [ RunTime:0.000079s ]
INFO: Run Behavior\ParseTemplateBehavior [ RunTime:0.025616s ]
INFO: [ view_parse ] --END-- [ RunTime:0.025664s ]
INFO: [ view_filter ] --START--
INFO: Run Behavior\WriteHtmlCacheBehavior [ RunTime:0.000124s ]
INFO: [ view_filter ] --END-- [ RunTime:0.000141s ]
INFO: [ app_end ] --START--
INFO: Run Behavior\ShowPageTraceBehavior [ RunTime:0.000326s ]
INFO: [ app_end ] --END-- [ RunTime:0.000348s ]

[ 2019-01-11T11:01:51+08:00 ] 112.230.145.235 /index.php/JY/Login/css/layui_1.css
INFO: [ app_init ] --START--
INFO: Run Behavior\BuildLiteBehavior [ RunTime:0.000025s ]
INFO: [ app_init ] --END-- [ RunTime:0.000256s ]
INFO: [ app_begin ] --START--
INFO: Run Behavior\ReadHtmlCacheBehavior [ RunTime:0.000255s ]
INFO: [ app_begin ] --END-- [ RunTime:0.000276s ]
ERR: 非法操作:css

[ 2019-01-11T11:01:51+08:00 ] 112.230.145.235 /index.php/JY/Login/css/layui_1.css
INFO: [ app_init ] --START--
INFO: Run Behavior\BuildLiteBehavior [ RunTime:0.000011s ]
INFO: [ app_init ] --END-- [ RunTime:0.000234s ]
INFO: [ app_begin ] --START--
INFO: Run Behavior\ReadHtmlCacheBehavior [ RunTime:0.000332s ]
INFO: [ app_begin ] --END-- [ RunTime:0.000356s ]
ERR: 非法操作:css

[ 2019-01-11T11:01:59+08:00 ] 112.230.145.235 /index.php/JY/Login/checklogin
INFO: [ app_init ] --START--
INFO: Run Behavior\BuildLiteBehavior [ RunTime:0.000010s ]
INFO: [ app_init ] --END-- [ RunTime:0.000274s ]
INFO: [ app_begin ] --START--
INFO: Run Behavior\ReadHtmlCacheBehavior [ RunTime:0.000211s ]
INFO: [ app_begin ] --END-- [ RunTime:0.000229s ]
SQL: SHOW COLUMNS FROM `qm_adminus` [ RunTime:0.0004s ]
SQL: SELECT * FROM `qm_adminus` WHERE ( username='123' AND password='123' ) LIMIT 1   [ RunTime:0.0092s ]
INFO: [ view_parse ] --START--
INFO: [ template_filter ] --START--
INFO: Run Behavior\ContentReplaceBehavior [ RunTime:0.000026s ]
INFO: [ template_filter ] --END-- [ RunTime:0.000053s ]
INFO: Run Behavior\ParseTemplateBehavior [ RunTime:0.015597s ]
INFO: [ view_parse ] --END-- [ RunTime:0.015625s ]
INFO: [ view_filter ] --START--
INFO: Run Behavior\WriteHtmlCacheBehavior [ RunTime:0.000095s ]
INFO: [ view_filter ] --END-- [ RunTime:0.000110s ]
INFO: [ app_end ] --START--
INFO: Run Behavior\ShowPageTraceBehavior [ RunTime:0.000344s ]
INFO: [ app_end ] --END-- [ RunTime:0.000360s ]

[ 2019-01-11T11:02:02+08:00 ] 112.230.145.235 /index.php/JY/Index/index.html
INFO: [ app_init ] --START--
INFO: Run Behavior\BuildLiteBehavior [ RunTime:0.000007s ]
INFO: [ app_init ] --END-- [ RunTime:0.000176s ]
INFO: [ app_begin ] --START--
INFO: Run Behavior\ReadHtmlCacheBehavior [ RunTime:0.000255s ]
INFO: [ app_begin ] --END-- [ RunTime:0.000273s ]
SQL: SHOW COLUMNS FROM `qm_adminus` [ RunTime:0.0006s ]
SQL: SELECT `role_id` FROM `qm_adminus` WHERE `id` = 1 LIMIT 1   [ RunTime:0.0002s ]
SQL: SHOW COLUMNS FROM `qm_role_right` [ RunTime:0.0004s ]
SQL: SELECT `right_id` FROM `qm_role_right` WHERE ( role_id='1' )  [ RunTime:0.0002s ]
SQL: SHOW COLUMNS FROM `qm_right` [ RunTime:0.0006s ]
SQL: SELECT * FROM `qm_right` WHERE ( id in ('32','30','29','28','27','26','25','24','23','22','33','21','20','19','18','17','16','14','13','12','11','10','9','8','7','6','5','4','3','2','1') and parent_id=0 )  [ RunTime:0.0003s ]
SQL: SELECT * FROM `qm_right` WHERE ( id in ('32','30','29','28','27','26','25','24','23','22','33','21','20','19','18','17','16','14','13','12','11','10','9','8','7','6','5','4','3','2','1') and parent_id>0 )  [ RunTime:0.0002s ]
INFO: [ view_parse ] --START--
INFO: [ template_filter ] --START--
INFO: Run Behavior\ContentReplaceBehavior [ RunTime:0.000129s ]
INFO: [ template_filter ] --END-- [ RunTime:0.000171s ]
INFO: Run Behavior\ParseTemplateBehavior [ RunTime:0.026821s ]
INFO: [ view_parse ] --END-- [ RunTime:0.026862s ]
INFO: [ view_filter ] --START--
INFO: Run Behavior\WriteHtmlCacheBehavior [ RunTime:0.000131s ]
INFO: [ view_filter ] --END-- [ RunTime:0.000150s ]
INFO: [ app_end ] --START--
INFO: Run Behavior\ShowPageTraceBehavior [ RunTime:0.000394s ]
INFO: [ app_end ] --END-- [ RunTime:0.000419s ]

[ 2019-01-11T11:02:03+08:00 ] 112.230.145.235 /index.php/JY/Index/img/icon/baidu.png
INFO: [ app_init ] --START--
INFO: Run Behavior\BuildLiteBehavior [ RunTime:0.000008s ]
INFO: [ app_init ] --END-- [ RunTime:0.000205s ]

[ 2019-01-11T11:02:03+08:00 ] 112.230.145.235 /index.php/JY/Index/img/presentation/1.png
INFO: [ app_init ] --START--
INFO: Run Behavior\BuildLiteBehavior [ RunTime:0.000008s ]
INFO: [ app_init ] --END-- [ RunTime:0.000190s ]

[ 2019-01-11T11:02:48+08:00 ] 112.230.145.235 /index.php/JY/Mgt/lunbo
INFO: [ app_init ] --START--
INFO: Run Behavior\BuildLiteBehavior [ RunTime:0.000007s ]
INFO: [ app_init ] --END-- [ RunTime:0.000178s ]
INFO: [ app_begin ] --START--
INFO: Run Behavior\ReadHtmlCacheBehavior [ RunTime:0.000211s ]
INFO: [ app_begin ] --END-- [ RunTime:0.000228s ]
SQL: SHOW COLUMNS FROM `qm_lb` [ RunTime:0.0006s ]
SQL: SELECT * FROM `qm_lb` ORDER BY id desc  [ RunTime:0.0002s ]
INFO: [ view_parse ] --START--
INFO: [ template_filter ] --START--
INFO: Run Behavior\ContentReplaceBehavior [ RunTime:0.000037s ]
INFO: [ template_filter ] --END-- [ RunTime:0.000066s ]
NOTIC: [8] Undefined variable: pageinfo /www/wwwroot/jy.juhuaian.cn/Application/Runtime/Cache/JY/c59c2d682e7a4d124238f796e6b4c382.php 第 69 行.
INFO: Run Behavior\ParseTemplateBehavior [ RunTime:0.014857s ]
INFO: [ view_parse ] --END-- [ RunTime:0.014891s ]
INFO: [ view_filter ] --START--
INFO: Run Behavior\WriteHtmlCacheBehavior [ RunTime:0.000082s ]
INFO: [ view_filter ] --END-- [ RunTime:0.000094s ]
INFO: [ app_end ] --START--
INFO: Run Behavior\ShowPageTraceBehavior [ RunTime:0.000270s ]
INFO: [ app_end ] --END-- [ RunTime:0.000286s ]

[ 2019-01-11T11:14:26+08:00 ] 112.230.145.235 /index.php/JY/Goods/index
INFO: [ app_init ] --START--
INFO: Run Behavior\BuildLiteBehavior [ RunTime:0.000007s ]
INFO: [ app_init ] --END-- [ RunTime:0.000283s ]
INFO: [ app_begin ] --START--
INFO: Run Behavior\ReadHtmlCacheBehavior [ RunTime:0.000232s ]
INFO: [ app_begin ] --END-- [ RunTime:0.000249s ]
SQL: SHOW COLUMNS FROM `qm_goods` [ RunTime:0.0006s ]
SQL: SELECT COUNT(*) AS tp_Count FROM `qm_goods` LIMIT 1   [ RunTime:0.0001s ]
SQL: SELECT * FROM `qm_goods` ORDER BY code,addtime desc LIMIT 0,10   [ RunTime:0.0005s ]
INFO: [ view_parse ] --START--
INFO: [ template_filter ] --START--
INFO: Run Behavior\ContentReplaceBehavior [ RunTime:0.000046s ]
INFO: [ template_filter ] --END-- [ RunTime:0.000079s ]
INFO: Run Behavior\ParseTemplateBehavior [ RunTime:0.021029s ]
INFO: [ view_parse ] --END-- [ RunTime:0.021073s ]
INFO: [ view_filter ] --START--
INFO: Run Behavior\WriteHtmlCacheBehavior [ RunTime:0.000095s ]
INFO: [ view_filter ] --END-- [ RunTime:0.000118s ]
INFO: [ app_end ] --START--
INFO: Run Behavior\ShowPageTraceBehavior [ RunTime:0.000290s ]
INFO: [ app_end ] --END-- [ RunTime:0.000307s ]

[ 2019-01-11T11:14:37+08:00 ] 112.230.145.235 /index.php/JY/Rermissions/index
INFO: [ app_init ] --START--
INFO: Run Behavior\BuildLiteBehavior [ RunTime:0.000010s ]
INFO: [ app_init ] --END-- [ RunTime:0.000259s ]
INFO: [ app_begin ] --START--
INFO: Run Behavior\ReadHtmlCacheBehavior [ RunTime:0.000382s ]
INFO: [ app_begin ] --END-- [ RunTime:0.000407s ]
SQL: SHOW COLUMNS FROM `qm_adminus` [ RunTime:0.0004s ]
SQL: SELECT * FROM `qm_adminus`  [ RunTime:0.0001s ]
SQL: SHOW COLUMNS FROM `qm_role` [ RunTime:0.0003s ]
SQL: SELECT `name` FROM `qm_role` WHERE ( id='1' ) LIMIT 1   [ RunTime:0.0001s ]
SQL: SELECT `name` FROM `qm_role` WHERE ( id='1' ) LIMIT 1   [ RunTime:0.0000s ]
SQL: SELECT `name` FROM `qm_role` WHERE ( id='2' ) LIMIT 1   [ RunTime:0.0001s ]
SQL: SELECT `name` FROM `qm_role` WHERE ( id='16' ) LIMIT 1   [ RunTime:0.0001s ]
SQL: SELECT `name` FROM `qm_role` WHERE ( id='4' ) LIMIT 1   [ RunTime:0.0001s ]
INFO: [ view_parse ] --START--
INFO: [ template_filter ] --START--
INFO: Run Behavior\ContentReplaceBehavior [ RunTime:0.000040s ]
INFO: [ template_filter ] --END-- [ RunTime:0.000077s ]
NOTIC: [8] Undefined variable: page /www/wwwroot/jy.juhuaian.cn/Application/Runtime/Cache/JY/92ec72a33bdae785e9c1caec47662e8f.php 第 56 行.
INFO: Run Behavior\ParseTemplateBehavior [ RunTime:0.046882s ]
INFO: [ view_parse ] --END-- [ RunTime:0.046911s ]
INFO: [ view_filter ] --START--
INFO: Run Behavior\WriteHtmlCacheBehavior [ RunTime:0.000115s ]
INFO: [ view_filter ] --END-- [ RunTime:0.000131s ]
INFO: [ app_end ] --START--
INFO: Run Behavior\ShowPageTraceBehavior [ RunTime:0.000380s ]
INFO: [ app_end ] --END-- [ RunTime:0.000402s ]

[ 2019-01-11T11:14:50+08:00 ] 112.230.145.235 /index.php/JY/Rermissions/role
INFO: [ app_init ] --START--
INFO: Run Behavior\BuildLiteBehavior [ RunTime:0.000008s ]
INFO: [ app_init ] --END-- [ RunTime:0.000169s ]
INFO: [ app_begin ] --START--
INFO: Run Behavior\ReadHtmlCacheBehavior [ RunTime:0.000216s ]
INFO: [ app_begin ] --END-- [ RunTime:0.000241s ]
SQL: SHOW COLUMNS FROM `qm_role` [ RunTime:0.0006s ]
SQL: SELECT * FROM `qm_role`  [ RunTime:0.0001s ]
INFO: [ view_parse ] --START--
INFO: [ template_filter ] --START--
INFO: Run Behavior\ContentReplaceBehavior [ RunTime:0.000048s ]
INFO: [ template_filter ] --END-- [ RunTime:0.000088s ]
NOTIC: [8] Undefined variable: page /www/wwwroot/jy.juhuaian.cn/Application/Runtime/Cache/JY/9b4a607212727d447e20f7caf43b9ac2.php 第 49 行.
INFO: Run Behavior\ParseTemplateBehavior [ RunTime:0.011222s ]
INFO: [ view_parse ] --END-- [ RunTime:0.011246s ]
INFO: [ view_filter ] --START--
INFO: Run Behavior\WriteHtmlCacheBehavior [ RunTime:0.000137s ]
INFO: [ view_filter ] --END-- [ RunTime:0.000156s ]
INFO: [ app_end ] --START--
INFO: Run Behavior\ShowPageTraceBehavior [ RunTime:0.000390s ]
INFO: [ app_end ] --END-- [ RunTime:0.000412s ]

[ 2019-01-11T11:14:56+08:00 ] 112.230.145.235 /index.php/JY/Mgt/userlist
INFO: [ app_init ] --START--
INFO: Run Behavior\BuildLiteBehavior [ RunTime:0.000007s ]
INFO: [ app_init ] --END-- [ RunTime:0.000181s ]
INFO: [ app_begin ] --START--
INFO: Run Behavior\ReadHtmlCacheBehavior [ RunTime:0.000222s ]
INFO: [ app_begin ] --END-- [ RunTime:0.000240s ]
SQL: SHOW COLUMNS FROM `qm_user` [ RunTime:0.0009s ]
SQL: SELECT COUNT(*) AS tp_Count FROM `qm_user` LIMIT 1   [ RunTime:0.0002s ]
SQL: SELECT * FROM `qm_user` LIMIT 0,7   [ RunTime:0.0003s ]
INFO: [ view_parse ] --START--
INFO: [ template_filter ] --START--
INFO: Run Behavior\ContentReplaceBehavior [ RunTime:0.000054s ]
INFO: [ template_filter ] --END-- [ RunTime:0.000095s ]
NOTIC: [8] Undefined index: sex /www/wwwroot/jy.juhuaian.cn/Application/Runtime/Cache/JY/d29cc9c9e498b14fa0bbbdaf6fd8dade.php 第 67 行.
NOTIC: [8] Undefined index: email /www/wwwroot/jy.juhuaian.cn/Application/Runtime/Cache/JY/d29cc9c9e498b14fa0bbbdaf6fd8dade.php 第 80 行.
NOTIC: [8] Undefined index: qq /www/wwwroot/jy.juhuaian.cn/Application/Runtime/Cache/JY/d29cc9c9e498b14fa0bbbdaf6fd8dade.php 第 81 行.
NOTIC: [8] Undefined index: sex /www/wwwroot/jy.juhuaian.cn/Application/Runtime/Cache/JY/d29cc9c9e498b14fa0bbbdaf6fd8dade.php 第 67 行.
NOTIC: [8] Undefined index: email /www/wwwroot/jy.juhuaian.cn/Application/Runtime/Cache/JY/d29cc9c9e498b14fa0bbbdaf6fd8dade.php 第 80 行.
NOTIC: [8] Undefined index: qq /www/wwwroot/jy.juhuaian.cn/Application/Runtime/Cache/JY/d29cc9c9e498b14fa0bbbdaf6fd8dade.php 第 81 行.
NOTIC: [8] Undefined index: sex /www/wwwroot/jy.juhuaian.cn/Application/Runtime/Cache/JY/d29cc9c9e498b14fa0bbbdaf6fd8dade.php 第 67 行.
NOTIC: [8] Undefined index: email /www/wwwroot/jy.juhuaian.cn/Application/Runtime/Cache/JY/d29cc9c9e498b14fa0bbbdaf6fd8dade.php 第 80 行.
NOTIC: [8] Undefined index: qq /www/wwwroot/jy.juhuaian.cn/Application/Runtime/Cache/JY/d29cc9c9e498b14fa0bbbdaf6fd8dade.php 第 81 行.
NOTIC: [8] Undefined index: sex /www/wwwroot/jy.juhuaian.cn/Application/Runtime/Cache/JY/d29cc9c9e498b14fa0bbbdaf6fd8dade.php 第 67 行.
NOTIC: [8] Undefined index: email /www/wwwroot/jy.juhuaian.cn/Application/Runtime/Cache/JY/d29cc9c9e498b14fa0bbbdaf6fd8dade.php 第 80 行.
NOTIC: [8] Undefined index: qq /www/wwwroot/jy.juhuaian.cn/Application/Runtime/Cache/JY/d29cc9c9e498b14fa0bbbdaf6fd8dade.php 第 81 行.
NOTIC: [8] Undefined index: sex /www/wwwroot/jy.juhuaian.cn/Application/Runtime/Cache/JY/d29cc9c9e498b14fa0bbbdaf6fd8dade.php 第 67 行.
NOTIC: [8] Undefined index: email /www/wwwroot/jy.juhuaian.cn/Application/Runtime/Cache/JY/d29cc9c9e498b14fa0bbbdaf6fd8dade.php 第 80 行.
NOTIC: [8] Undefined index: qq /www/wwwroot/jy.juhuaian.cn/Application/Runtime/Cache/JY/d29cc9c9e498b14fa0bbbdaf6fd8dade.php 第 81 行.
NOTIC: [8] Undefined index: sex /www/wwwroot/jy.juhuaian.cn/Application/Runtime/Cache/JY/d29cc9c9e498b14fa0bbbdaf6fd8dade.php 第 67 行.
NOTIC: [8] Undefined index: email /www/wwwroot/jy.juhuaian.cn/Application/Runtime/Cache/JY/d29cc9c9e498b14fa0bbbdaf6fd8dade.php 第 80 行.
NOTIC: [8] Undefined index: qq /www/wwwroot/jy.juhuaian.cn/Application/Runtime/Cache/JY/d29cc9c9e498b14fa0bbbdaf6fd8dade.php 第 81 行.
NOTIC: [8] Undefined index: sex /www/wwwroot/jy.juhuaian.cn/Application/Runtime/Cache/JY/d29cc9c9e498b14fa0bbbdaf6fd8dade.php 第 67 行.
NOTIC: [8] Undefined index: email /www/wwwroot/jy.juhuaian.cn/Application/Runtime/Cache/JY/d29cc9c9e498b14fa0bbbdaf6fd8dade.php 第 80 行.
NOTIC: [8] Undefined index: qq /www/wwwroot/jy.juhuaian.cn/Application/Runtime/Cache/JY/d29cc9c9e498b14fa0bbbdaf6fd8dade.php 第 81 行.
INFO: Run Behavior\ParseTemplateBehavior [ RunTime:0.011129s ]
INFO: [ view_parse ] --END-- [ RunTime:0.011154s ]
INFO: [ view_filter ] --START--
INFO: Run Behavior\WriteHtmlCacheBehavior [ RunTime:0.000145s ]
INFO: [ view_filter ] --END-- [ RunTime:0.000164s ]
INFO: [ app_end ] --START--
INFO: Run Behavior\ShowPageTraceBehavior [ RunTime:0.000439s ]
INFO: [ app_end ] --END-- [ RunTime:0.000463s ]

[ 2019-01-11T11:15:13+08:00 ] 112.230.145.235 /index.php/JY/Mgt/update/id/57103674
INFO: [ app_init ] --START--
INFO: Run Behavior\BuildLiteBehavior [ RunTime:0.000009s ]
INFO: [ app_init ] --END-- [ RunTime:0.000251s ]
INFO: [ app_begin ] --START--
INFO: Run Behavior\ReadHtmlCacheBehavior [ RunTime:0.000261s ]
INFO: [ app_begin ] --END-- [ RunTime:0.000279s ]
SQL: SHOW COLUMNS FROM `qm_user` [ RunTime:0.0033s ]
SQL: SELECT * FROM `qm_user` WHERE ( id=57103674 ) LIMIT 1   [ RunTime:0.0003s ]
INFO: [ view_parse ] --START--
INFO: [ template_filter ] --START--
INFO: Run Behavior\ContentReplaceBehavior [ RunTime:0.000044s ]
INFO: [ template_filter ] --END-- [ RunTime:0.000073s ]
INFO: Run Behavior\ParseTemplateBehavior [ RunTime:0.013022s ]
INFO: [ view_parse ] --END-- [ RunTime:0.013039s ]
INFO: [ view_filter ] --START--
INFO: Run Behavior\WriteHtmlCacheBehavior [ RunTime:0.000084s ]
INFO: [ view_filter ] --END-- [ RunTime:0.000097s ]
INFO: [ app_end ] --START--
INFO: Run Behavior\ShowPageTraceBehavior [ RunTime:0.000260s ]
INFO: [ app_end ] --END-- [ RunTime:0.000274s ]

[ 2019-01-11T11:17:08+08:00 ] 112.230.145.235 /index.php/JY/Mgt/userlist
INFO: [ app_init ] --START--
INFO: Run Behavior\BuildLiteBehavior [ RunTime:0.000007s ]
INFO: [ app_init ] --END-- [ RunTime:0.000180s ]
INFO: [ app_begin ] --START--
INFO: Run Behavior\ReadHtmlCacheBehavior [ RunTime:0.000252s ]
INFO: [ app_begin ] --END-- [ RunTime:0.000270s ]
SQL: SHOW COLUMNS FROM `qm_user` [ RunTime:0.0007s ]
SQL: SELECT COUNT(*) AS tp_Count FROM `qm_user` LIMIT 1   [ RunTime:0.0000s ]
SQL: SELECT * FROM `qm_user` LIMIT 0,7   [ RunTime:0.0001s ]
INFO: [ view_parse ] --START--
INFO: [ template_filter ] --START--
INFO: Run Behavior\ContentReplaceBehavior [ RunTime:0.000042s ]
INFO: [ template_filter ] --END-- [ RunTime:0.000062s ]
NOTIC: [8] Undefined index: sex /www/wwwroot/jy.juhuaian.cn/Application/Runtime/Cache/JY/d29cc9c9e498b14fa0bbbdaf6fd8dade.php 第 67 行.
NOTIC: [8] Undefined index: email /www/wwwroot/jy.juhuaian.cn/Application/Runtime/Cache/JY/d29cc9c9e498b14fa0bbbdaf6fd8dade.php 第 80 行.
NOTIC: [8] Undefined index: qq /www/wwwroot/jy.juhuaian.cn/Application/Runtime/Cache/JY/d29cc9c9e498b14fa0bbbdaf6fd8dade.php 第 81 行.
NOTIC: [8] Undefined index: sex /www/wwwroot/jy.juhuaian.cn/Application/Runtime/Cache/JY/d29cc9c9e498b14fa0bbbdaf6fd8dade.php 第 67 行.
NOTIC: [8] Undefined index: email /www/wwwroot/jy.juhuaian.cn/Application/Runtime/Cache/JY/d29cc9c9e498b14fa0bbbdaf6fd8dade.php 第 80 行.
NOTIC: [8] Undefined index: qq /www/wwwroot/jy.juhuaian.cn/Application/Runtime/Cache/JY/d29cc9c9e498b14fa0bbbdaf6fd8dade.php 第 81 行.
NOTIC: [8] Undefined index: sex /www/wwwroot/jy.juhuaian.cn/Application/Runtime/Cache/JY/d29cc9c9e498b14fa0bbbdaf6fd8dade.php 第 67 行.
NOTIC: [8] Undefined index: email /www/wwwroot/jy.juhuaian.cn/Application/Runtime/Cache/JY/d29cc9c9e498b14fa0bbbdaf6fd8dade.php 第 80 行.
NOTIC: [8] Undefined index: qq /www/wwwroot/jy.juhuaian.cn/Application/Runtime/Cache/JY/d29cc9c9e498b14fa0bbbdaf6fd8dade.php 第 81 行.
NOTIC: [8] Undefined index: sex /www/wwwroot/jy.juhuaian.cn/Application/Runtime/Cache/JY/d29cc9c9e498b14fa0bbbdaf6fd8dade.php 第 67 行.
NOTIC: [8] Undefined index: email /www/wwwroot/jy.juhuaian.cn/Application/Runtime/Cache/JY/d29cc9c9e498b14fa0bbbdaf6fd8dade.php 第 80 行.
NOTIC: [8] Undefined index: qq /www/wwwroot/jy.juhuaian.cn/Application/Runtime/Cache/JY/d29cc9c9e498b14fa0bbbdaf6fd8dade.php 第 81 行.
NOTIC: [8] Undefined index: sex /www/wwwroot/jy.juhuaian.cn/Application/Runtime/Cache/JY/d29cc9c9e498b14fa0bbbdaf6fd8dade.php 第 67 行.
NOTIC: [8] Undefined index: email /www/wwwroot/jy.juhuaian.cn/Application/Runtime/Cache/JY/d29cc9c9e498b14fa0bbbdaf6fd8dade.php 第 80 行.
NOTIC: [8] Undefined index: qq /www/wwwroot/jy.juhuaian.cn/Application/Runtime/Cache/JY/d29cc9c9e498b14fa0bbbdaf6fd8dade.php 第 81 行.
NOTIC: [8] Undefined index: sex /www/wwwroot/jy.juhuaian.cn/Application/Runtime/Cache/JY/d29cc9c9e498b14fa0bbbdaf6fd8dade.php 第 67 行.
NOTIC: [8] Undefined index: email /www/wwwroot/jy.juhuaian.cn/Application/Runtime/Cache/JY/d29cc9c9e498b14fa0bbbdaf6fd8dade.php 第 80 行.
NOTIC: [8] Undefined index: qq /www/wwwroot/jy.juhuaian.cn/Application/Runtime/Cache/JY/d29cc9c9e498b14fa0bbbdaf6fd8dade.php 第 81 行.
NOTIC: [8] Undefined index: sex /www/wwwroot/jy.juhuaian.cn/Application/Runtime/Cache/JY/d29cc9c9e498b14fa0bbbdaf6fd8dade.php 第 67 行.
NOTIC: [8] Undefined index: email /www/wwwroot/jy.juhuaian.cn/Application/Runtime/Cache/JY/d29cc9c9e498b14fa0bbbdaf6fd8dade.php 第 80 行.
NOTIC: [8] Undefined index: qq /www/wwwroot/jy.juhuaian.cn/Application/Runtime/Cache/JY/d29cc9c9e498b14fa0bbbdaf6fd8dade.php 第 81 行.
INFO: Run Behavior\ParseTemplateBehavior [ RunTime:0.004211s ]
INFO: [ view_parse ] --END-- [ RunTime:0.004226s ]
INFO: [ view_filter ] --START--
INFO: Run Behavior\WriteHtmlCacheBehavior [ RunTime:0.000085s ]
INFO: [ view_filter ] --END-- [ RunTime:0.000097s ]
INFO: [ app_end ] --START--
INFO: Run Behavior\ShowPageTraceBehavior [ RunTime:0.000288s ]
INFO: [ app_end ] --END-- [ RunTime:0.000303s ]

[ 2019-01-11T11:18:52+08:00 ] 112.230.145.235 /index.php/JY/Mgt/jngl
INFO: [ app_init ] --START--
INFO: Run Behavior\BuildLiteBehavior [ RunTime:0.000010s ]
INFO: [ app_init ] --END-- [ RunTime:0.000194s ]
INFO: [ app_begin ] --START--
INFO: Run Behavior\ReadHtmlCacheBehavior [ RunTime:0.000257s ]
INFO: [ app_begin ] --END-- [ RunTime:0.000275s ]
SQL: SHOW COLUMNS FROM `qm_fbjn` [ RunTime:0.0005s ]
SQL: SELECT COUNT(*) AS tp_Count FROM `qm_fbjn` LIMIT 1   [ RunTime:0.0001s ]
SQL: SELECT * FROM `qm_fbjn` LIMIT 0,7   [ RunTime:0.0001s ]
SQL: SHOW COLUMNS FROM `qm_jineng` [ RunTime:0.0003s ]
SQL: SELECT `jname` FROM `qm_jineng` WHERE ( id=149 ) LIMIT 1   [ RunTime:0.0001s ]
SQL: SHOW COLUMNS FROM `qm_user` [ RunTime:0.0005s ]
SQL: SELECT `username` FROM `qm_user` WHERE ( id=1007 ) LIMIT 1   [ RunTime:0.0001s ]
SQL: SELECT `jname` FROM `qm_jineng` WHERE ( id=148 ) LIMIT 1   [ RunTime:0.0001s ]
SQL: SELECT `username` FROM `qm_user` WHERE ( id=1008 ) LIMIT 1   [ RunTime:0.0001s ]
SQL: SELECT `jname` FROM `qm_jineng` WHERE ( id=150 ) LIMIT 1   [ RunTime:0.0000s ]
SQL: SELECT `username` FROM `qm_user` WHERE ( id=1007 ) LIMIT 1   [ RunTime:0.0000s ]
SQL: SELECT `jname` FROM `qm_jineng` WHERE ( id=147 ) LIMIT 1   [ RunTime:0.0000s ]
SQL: SELECT `username` FROM `qm_user` WHERE ( id=1008 ) LIMIT 1   [ RunTime:0.0000s ]
SQL: SELECT `jname` FROM `qm_jineng` WHERE ( id=146 ) LIMIT 1   [ RunTime:0.0000s ]
SQL: SELECT `username` FROM `qm_user` WHERE ( id=1008 ) LIMIT 1   [ RunTime:0.0000s ]
SQL: SELECT `jname` FROM `qm_jineng` WHERE ( id=130 ) LIMIT 1   [ RunTime:0.0001s ]
SQL: SELECT `username` FROM `qm_user` WHERE ( id=57103676 ) LIMIT 1   [ RunTime:0.0001s ]
SQL: SELECT `jname` FROM `qm_jineng` WHERE ( id=129 ) LIMIT 1   [ RunTime:0.0001s ]
SQL: SELECT `username` FROM `qm_user` WHERE ( id=57103676 ) LIMIT 1   [ RunTime:0.0000s ]
INFO: [ view_parse ] --START--
INFO: [ template_filter ] --START--
INFO: Run Behavior\ContentReplaceBehavior [ RunTime:0.000034s ]
INFO: [ template_filter ] --END-- [ RunTime:0.000063s ]
INFO: Run Behavior\ParseTemplateBehavior [ RunTime:0.015851s ]
INFO: [ view_parse ] --END-- [ RunTime:0.015870s ]
INFO: [ view_filter ] --START--
INFO: Run Behavior\WriteHtmlCacheBehavior [ RunTime:0.000093s ]
INFO: [ view_filter ] --END-- [ RunTime:0.000108s ]
INFO: [ app_end ] --START--
INFO: Run Behavior\ShowPageTraceBehavior [ RunTime:0.000284s ]
INFO: [ app_end ] --END-- [ RunTime:0.000302s ]

[ 2019-01-11T11:19:01+08:00 ] 112.230.145.235 /index.php/JY/Mgt/jngl/p/2.html
INFO: [ app_init ] --START--
INFO: Run Behavior\BuildLiteBehavior [ RunTime:0.000010s ]
INFO: [ app_init ] --END-- [ RunTime:0.000244s ]
INFO: [ app_begin ] --START--
INFO: Run Behavior\ReadHtmlCacheBehavior [ RunTime:0.000326s ]
INFO: [ app_begin ] --END-- [ RunTime:0.000351s ]
SQL: SHOW COLUMNS FROM `qm_fbjn` [ RunTime:0.0007s ]
SQL: SELECT COUNT(*) AS tp_Count FROM `qm_fbjn` LIMIT 1   [ RunTime:0.0001s ]
SQL: SELECT * FROM `qm_fbjn` LIMIT 7,7   [ RunTime:0.0002s ]
SQL: SHOW COLUMNS FROM `qm_jineng` [ RunTime:0.0004s ]
SQL: SELECT `jname` FROM `qm_jineng` WHERE ( id=130 ) LIMIT 1   [ RunTime:0.0000s ]
SQL: SHOW COLUMNS FROM `qm_user` [ RunTime:0.0008s ]
SQL: SELECT `username` FROM `qm_user` WHERE ( id=1008 ) LIMIT 1   [ RunTime:0.0001s ]
SQL: SELECT `jname` FROM `qm_jineng` WHERE ( id=129 ) LIMIT 1   [ RunTime:0.0001s ]
SQL: SELECT `username` FROM `qm_user` WHERE ( id=57103676 ) LIMIT 1   [ RunTime:0.0000s ]
SQL: SELECT `jname` FROM `qm_jineng` WHERE ( id=128 ) LIMIT 1   [ RunTime:0.0002s ]
SQL: SELECT `username` FROM `qm_user` WHERE ( id=1007 ) LIMIT 1   [ RunTime:0.0000s ]
SQL: SELECT `jname` FROM `qm_jineng` WHERE ( id=127 ) LIMIT 1   [ RunTime:0.0001s ]
SQL: SELECT `username` FROM `qm_user` WHERE ( id=1007 ) LIMIT 1   [ RunTime:0.0000s ]
SQL: SELECT `jname` FROM `qm_jineng` WHERE ( id=126 ) LIMIT 1   [ RunTime:0.0001s ]
SQL: SELECT `username` FROM `qm_user` WHERE ( id=57103676 ) LIMIT 1   [ RunTime:0.0000s ]
SQL: SELECT `jname` FROM `qm_jineng` WHERE ( id=125 ) LIMIT 1   [ RunTime:0.0001s ]
SQL: SELECT `username` FROM `qm_user` WHERE ( id=57103676 ) LIMIT 1   [ RunTime:0.0000s ]
SQL: SELECT `jname` FROM `qm_jineng` WHERE ( id=1 ) LIMIT 1   [ RunTime:0.0001s ]
SQL: SELECT `username` FROM `qm_user` WHERE ( id=57103676 ) LIMIT 1   [ RunTime:0.0000s ]
INFO: [ view_parse ] --START--
INFO: [ template_filter ] --START--
INFO: Run Behavior\ContentReplaceBehavior [ RunTime:0.000039s ]
INFO: [ template_filter ] --END-- [ RunTime:0.000068s ]
INFO: Run Behavior\ParseTemplateBehavior [ RunTime:0.004633s ]
INFO: [ view_parse ] --END-- [ RunTime:0.004656s ]
INFO: [ view_filter ] --START--
INFO: Run Behavior\WriteHtmlCacheBehavior [ RunTime:0.000118s ]
INFO: [ view_filter ] --END-- [ RunTime:0.000137s ]
INFO: [ app_end ] --START--
INFO: Run Behavior\ShowPageTraceBehavior [ RunTime:0.000491s ]
INFO: [ app_end ] --END-- [ RunTime:0.000513s ]

[ 2019-01-11T11:19:04+08:00 ] 112.230.145.235 /index.php/JY/Mgt/jngl/p/3.html
INFO: [ app_init ] --START--
INFO: Run Behavior\BuildLiteBehavior [ RunTime:0.000007s ]
INFO: [ app_init ] --END-- [ RunTime:0.000177s ]
INFO: [ app_begin ] --START--
INFO: Run Behavior\ReadHtmlCacheBehavior [ RunTime:0.000242s ]
INFO: [ app_begin ] --END-- [ RunTime:0.000261s ]
SQL: SHOW COLUMNS FROM `qm_fbjn` [ RunTime:0.0005s ]
SQL: SELECT COUNT(*) AS tp_Count FROM `qm_fbjn` LIMIT 1   [ RunTime:0.0001s ]
SQL: SELECT * FROM `qm_fbjn` LIMIT 14,7   [ RunTime:0.0002s ]
SQL: SHOW COLUMNS FROM `qm_jineng` [ RunTime:0.0004s ]
SQL: SELECT `jname` FROM `qm_jineng` WHERE ( id=147 ) LIMIT 1   [ RunTime:0.0000s ]
SQL: SHOW COLUMNS FROM `qm_user` [ RunTime:0.0005s ]
SQL: SELECT `username` FROM `qm_user` WHERE ( id=57103676 ) LIMIT 1   [ RunTime:0.0000s ]
SQL: SELECT `jname` FROM `qm_jineng` WHERE ( id=149 ) LIMIT 1   [ RunTime:0.0000s ]
SQL: SELECT `username` FROM `qm_user` WHERE ( id=57103676 ) LIMIT 1   [ RunTime:0.0000s ]
SQL: SELECT `jname` FROM `qm_jineng` WHERE ( id=47 ) LIMIT 1   [ RunTime:0.0001s ]
SQL: SELECT `username` FROM `qm_user` WHERE ( id=57103681 ) LIMIT 1   [ RunTime:0.0001s ]
SQL: SELECT `jname` FROM `qm_jineng` WHERE ( id=2 ) LIMIT 1   [ RunTime:0.0001s ]
SQL: SELECT `username` FROM `qm_user` WHERE ( id=57103682 ) LIMIT 1   [ RunTime:0.0001s ]
SQL: SELECT `jname` FROM `qm_jineng` WHERE ( id=2 ) LIMIT 1   [ RunTime:0.0000s ]
SQL: SELECT `username` FROM `qm_user` WHERE ( id=57103688 ) LIMIT 1   [ RunTime:0.0001s ]
SQL: SELECT `jname` FROM `qm_jineng` WHERE ( id=78 ) LIMIT 1   [ RunTime:0.0000s ]
SQL: SELECT `username` FROM `qm_user` WHERE ( id=57103678 ) LIMIT 1   [ RunTime:0.0001s ]
SQL: SELECT `jname` FROM `qm_jineng` WHERE ( id=152 ) LIMIT 1   [ RunTime:0.0000s ]
SQL: SELECT `username` FROM `qm_user` WHERE ( id=57103690 ) LIMIT 1   [ RunTime:0.0001s ]
INFO: [ view_parse ] --START--
INFO: [ template_filter ] --START--
INFO: Run Behavior\ContentReplaceBehavior [ RunTime:0.000040s ]
INFO: [ template_filter ] --END-- [ RunTime:0.000064s ]
INFO: Run Behavior\ParseTemplateBehavior [ RunTime:0.004275s ]
INFO: [ view_parse ] --END-- [ RunTime:0.004291s ]
INFO: [ view_filter ] --START--
INFO: Run Behavior\WriteHtmlCacheBehavior [ RunTime:0.000086s ]
INFO: [ view_filter ] --END-- [ RunTime:0.000098s ]
INFO: [ app_end ] --START--
INFO: Run Behavior\ShowPageTraceBehavior [ RunTime:0.000299s ]
INFO: [ app_end ] --END-- [ RunTime:0.000313s ]

[ 2019-01-11T11:19:14+08:00 ] 112.230.145.235 /index.php/JY/Mgt/jngl/p/4.html
INFO: [ app_init ] --START--
INFO: Run Behavior\BuildLiteBehavior [ RunTime:0.000007s ]
INFO: [ app_init ] --END-- [ RunTime:0.000189s ]
INFO: [ app_begin ] --START--
INFO: Run Behavior\ReadHtmlCacheBehavior [ RunTime:0.000215s ]
INFO: [ app_begin ] --END-- [ RunTime:0.000234s ]
SQL: SHOW COLUMNS FROM `qm_fbjn` [ RunTime:0.0006s ]
SQL: SELECT COUNT(*) AS tp_Count FROM `qm_fbjn` LIMIT 1   [ RunTime:0.0001s ]
SQL: SELECT * FROM `qm_fbjn` LIMIT 21,7   [ RunTime:0.0002s ]
SQL: SHOW COLUMNS FROM `qm_jineng` [ RunTime:0.0005s ]
SQL: SELECT `jname` FROM `qm_jineng` WHERE ( id=146 ) LIMIT 1   [ RunTime:0.0000s ]
SQL: SHOW COLUMNS FROM `qm_user` [ RunTime:0.0007s ]
SQL: SELECT `username` FROM `qm_user` WHERE ( id=57103685 ) LIMIT 1   [ RunTime:0.0001s ]
SQL: SELECT `jname` FROM `qm_jineng` WHERE ( id=147 ) LIMIT 1   [ RunTime:0.0000s ]
SQL: SELECT `username` FROM `qm_user` WHERE ( id=57103685 ) LIMIT 1   [ RunTime:0.0000s ]
SQL: SELECT `jname` FROM `qm_jineng` WHERE ( id=151 ) LIMIT 1   [ RunTime:0.0000s ]
SQL: SELECT `username` FROM `qm_user` WHERE ( id=57103685 ) LIMIT 1   [ RunTime:0.0000s ]
SQL: SELECT `jname` FROM `qm_jineng` WHERE ( id=64 ) LIMIT 1   [ RunTime:0.0001s ]
SQL: SELECT `username` FROM `qm_user` WHERE ( id=57103685 ) LIMIT 1   [ RunTime:0.0000s ]
INFO: [ view_parse ] --START--
INFO: [ template_filter ] --START--
INFO: Run Behavior\ContentReplaceBehavior [ RunTime:0.000038s ]
INFO: [ template_filter ] --END-- [ RunTime:0.000067s ]
INFO: Run Behavior\ParseTemplateBehavior [ RunTime:0.003251s ]
INFO: [ view_parse ] --END-- [ RunTime:0.003267s ]
INFO: [ view_filter ] --START--
INFO: Run Behavior\WriteHtmlCacheBehavior [ RunTime:0.000082s ]
INFO: [ view_filter ] --END-- [ RunTime:0.000094s ]
INFO: [ app_end ] --START--
INFO: Run Behavior\ShowPageTraceBehavior [ RunTime:0.000263s ]
INFO: [ app_end ] --END-- [ RunTime:0.000277s ]

[ 2019-01-11T11:19:42+08:00 ] 112.230.145.235 /index.php/JY/Mgt/userlist
INFO: [ app_init ] --START--
INFO: Run Behavior\BuildLiteBehavior [ RunTime:0.000011s ]
INFO: [ app_init ] --END-- [ RunTime:0.000237s ]
INFO: [ app_begin ] --START--
INFO: Run Behavior\ReadHtmlCacheBehavior [ RunTime:0.000306s ]
INFO: [ app_begin ] --END-- [ RunTime:0.000328s ]
SQL: SHOW COLUMNS FROM `qm_user` [ RunTime:0.0006s ]
SQL: SELECT COUNT(*) AS tp_Count FROM `qm_user` LIMIT 1   [ RunTime:0.0000s ]
SQL: SELECT * FROM `qm_user` LIMIT 0,7   [ RunTime:0.0001s ]
INFO: [ view_parse ] --START--
INFO: [ template_filter ] --START--
INFO: Run Behavior\ContentReplaceBehavior [ RunTime:0.000042s ]
INFO: [ template_filter ] --END-- [ RunTime:0.000060s ]
NOTIC: [8] Undefined index: sex /www/wwwroot/jy.juhuaian.cn/Application/Runtime/Cache/JY/d29cc9c9e498b14fa0bbbdaf6fd8dade.php 第 67 行.
NOTIC: [8] Undefined index: email /www/wwwroot/jy.juhuaian.cn/Application/Runtime/Cache/JY/d29cc9c9e498b14fa0bbbdaf6fd8dade.php 第 80 行.
NOTIC: [8] Undefined index: qq /www/wwwroot/jy.juhuaian.cn/Application/Runtime/Cache/JY/d29cc9c9e498b14fa0bbbdaf6fd8dade.php 第 81 行.
NOTIC: [8] Undefined index: sex /www/wwwroot/jy.juhuaian.cn/Application/Runtime/Cache/JY/d29cc9c9e498b14fa0bbbdaf6fd8dade.php 第 67 行.
NOTIC: [8] Undefined index: email /www/wwwroot/jy.juhuaian.cn/Application/Runtime/Cache/JY/d29cc9c9e498b14fa0bbbdaf6fd8dade.php 第 80 行.
NOTIC: [8] Undefined index: qq /www/wwwroot/jy.juhuaian.cn/Application/Runtime/Cache/JY/d29cc9c9e498b14fa0bbbdaf6fd8dade.php 第 81 行.
NOTIC: [8] Undefined index: sex /www/wwwroot/jy.juhuaian.cn/Application/Runtime/Cache/JY/d29cc9c9e498b14fa0bbbdaf6fd8dade.php 第 67 行.
NOTIC: [8] Undefined index: email /www/wwwroot/jy.juhuaian.cn/Application/Runtime/Cache/JY/d29cc9c9e498b14fa0bbbdaf6fd8dade.php 第 80 行.
NOTIC: [8] Undefined index: qq /www/wwwroot/jy.juhuaian.cn/Application/Runtime/Cache/JY/d29cc9c9e498b14fa0bbbdaf6fd8dade.php 第 81 行.
NOTIC: [8] Undefined index: sex /www/wwwroot/jy.juhuaian.cn/Application/Runtime/Cache/JY/d29cc9c9e498b14fa0bbbdaf6fd8dade.php 第 67 行.
NOTIC: [8] Undefined index: email /www/wwwroot/jy.juhuaian.cn/Application/Runtime/Cache/JY/d29cc9c9e498b14fa0bbbdaf6fd8dade.php 第 80 行.
NOTIC: [8] Undefined index: qq /www/wwwroot/jy.juhuaian.cn/Application/Runtime/Cache/JY/d29cc9c9e498b14fa0bbbdaf6fd8dade.php 第 81 行.
NOTIC: [8] Undefined index: sex /www/wwwroot/jy.juhuaian.cn/Application/Runtime/Cache/JY/d29cc9c9e498b14fa0bbbdaf6fd8dade.php 第 67 行.
NOTIC: [8] Undefined index: email /www/wwwroot/jy.juhuaian.cn/Application/Runtime/Cache/JY/d29cc9c9e498b14fa0bbbdaf6fd8dade.php 第 80 行.
NOTIC: [8] Undefined index: qq /www/wwwroot/jy.juhuaian.cn/Application/Runtime/Cache/JY/d29cc9c9e498b14fa0bbbdaf6fd8dade.php 第 81 行.
NOTIC: [8] Undefined index: sex /www/wwwroot/jy.juhuaian.cn/Application/Runtime/Cache/JY/d29cc9c9e498b14fa0bbbdaf6fd8dade.php 第 67 行.
NOTIC: [8] Undefined index: email /www/wwwroot/jy.juhuaian.cn/Application/Runtime/Cache/JY/d29cc9c9e498b14fa0bbbdaf6fd8dade.php 第 80 行.
NOTIC: [8] Undefined index: qq /www/wwwroot/jy.juhuaian.cn/Application/Runtime/Cache/JY/d29cc9c9e498b14fa0bbbdaf6fd8dade.php 第 81 行.
NOTIC: [8] Undefined index: sex /www/wwwroot/jy.juhuaian.cn/Application/Runtime/Cache/JY/d29cc9c9e498b14fa0bbbdaf6fd8dade.php 第 67 行.
NOTIC: [8] Undefined index: email /www/wwwroot/jy.juhuaian.cn/Application/Runtime/Cache/JY/d29cc9c9e498b14fa0bbbdaf6fd8dade.php 第 80 行.
NOTIC: [8] Undefined index: qq /www/wwwroot/jy.juhuaian.cn/Application/Runtime/Cache/JY/d29cc9c9e498b14fa0bbbdaf6fd8dade.php 第 81 行.
INFO: Run Behavior\ParseTemplateBehavior [ RunTime:0.003614s ]
INFO: [ view_parse ] --END-- [ RunTime:0.003630s ]
INFO: [ view_filter ] --START--
INFO: Run Behavior\WriteHtmlCacheBehavior [ RunTime:0.000088s ]
INFO: [ view_filter ] --END-- [ RunTime:0.000100s ]
INFO: [ app_end ] --START--
INFO: Run Behavior\ShowPageTraceBehavior [ RunTime:0.000255s ]
INFO: [ app_end ] --END-- [ RunTime:0.000271s ]

[ 2019-01-11T11:25:48+08:00 ] 112.230.145.235 /index.php/JY/Mgt/lunbo
INFO: [ app_init ] --START--
INFO: Run Behavior\BuildLiteBehavior [ RunTime:0.000007s ]
INFO: [ app_init ] --END-- [ RunTime:0.000184s ]
INFO: [ app_begin ] --START--
INFO: Run Behavior\ReadHtmlCacheBehavior [ RunTime:0.000218s ]
INFO: [ app_begin ] --END-- [ RunTime:0.000236s ]
SQL: SHOW COLUMNS FROM `qm_lb` [ RunTime:0.0005s ]
SQL: SELECT * FROM `qm_lb` ORDER BY id desc  [ RunTime:0.0001s ]
INFO: [ view_parse ] --START--
INFO: [ template_filter ] --START--
INFO: Run Behavior\ContentReplaceBehavior [ RunTime:0.000036s ]
INFO: [ template_filter ] --END-- [ RunTime:0.000057s ]
NOTIC: [8] Undefined variable: pageinfo /www/wwwroot/jy.juhuaian.cn/Application/Runtime/Cache/JY/c59c2d682e7a4d124238f796e6b4c382.php 第 69 行.
INFO: Run Behavior\ParseTemplateBehavior [ RunTime:0.004719s ]
INFO: [ view_parse ] --END-- [ RunTime:0.004735s ]
INFO: [ view_filter ] --START--
INFO: Run Behavior\WriteHtmlCacheBehavior [ RunTime:0.000084s ]
INFO: [ view_filter ] --END-- [ RunTime:0.000095s ]
INFO: [ app_end ] --START--
INFO: Run Behavior\ShowPageTraceBehavior [ RunTime:0.000331s ]
INFO: [ app_end ] --END-- [ RunTime:0.000348s ]

[ 2019-01-11T13:58:04+08:00 ] 112.36.193.95 /index.php/JY/Index/index.html
INFO: [ app_init ] --START--
INFO: Run Behavior\BuildLiteBehavior [ RunTime:0.000011s ]
INFO: [ app_init ] --END-- [ RunTime:0.000246s ]
INFO: [ app_begin ] --START--
INFO: Run Behavior\ReadHtmlCacheBehavior [ RunTime:0.000310s ]
INFO: [ app_begin ] --END-- [ RunTime:0.000332s ]
NOTIC: [8] Undefined index: id /www/wwwroot/jy.juhuaian.cn/Application/JY/Controller/IndexController.class.php 第 6 行.
SQL: SHOW COLUMNS FROM `qm_adminus` [ RunTime:0.0005s ]
SQL: SELECT `role_id` FROM `qm_adminus` WHERE `id` = null LIMIT 1   [ RunTime:0.0002s ]
SQL: SHOW COLUMNS FROM `qm_role_right` [ RunTime:0.0003s ]
SQL: SELECT `right_id` FROM `qm_role_right` WHERE ( role_id='' )  [ RunTime:0.0001s ]
NOTIC: [2] implode(): Invalid arguments passed /www/wwwroot/jy.juhuaian.cn/Application/JY/Controller/IndexController.class.php 第 9 行.
SQL: SHOW COLUMNS FROM `qm_right` [ RunTime:0.0004s ]
SQL: SELECT * FROM `qm_right` WHERE ( id in ('') and parent_id=0 )  [ RunTime:0.0001s ]
SQL: SELECT * FROM `qm_right` WHERE ( id in ('') and parent_id>0 )  [ RunTime:0.0001s ]
NOTIC: [8] Undefined index: id /www/wwwroot/jy.juhuaian.cn/Application/JY/Controller/IndexController.class.php 第 14 行.
INFO: [ view_parse ] --START--
INFO: [ template_filter ] --START--
INFO: Run Behavior\ContentReplaceBehavior [ RunTime:0.000021s ]
INFO: [ template_filter ] --END-- [ RunTime:0.000043s ]
INFO: Run Behavior\ParseTemplateBehavior [ RunTime:0.002667s ]
INFO: [ view_parse ] --END-- [ RunTime:0.002764s ]
INFO: [ view_filter ] --START--
INFO: Run Behavior\WriteHtmlCacheBehavior [ RunTime:0.000106s ]
INFO: [ view_filter ] --END-- [ RunTime:0.000129s ]
INFO: [ app_end ] --START--
INFO: Run Behavior\ShowPageTraceBehavior [ RunTime:0.000316s ]
INFO: [ app_end ] --END-- [ RunTime:0.000333s ]

[ 2019-01-11T13:58:04+08:00 ] 112.36.193.95 /index.php/JY/Index/index.html
INFO: [ app_init ] --START--
INFO: Run Behavior\BuildLiteBehavior [ RunTime:0.000009s ]
INFO: [ app_init ] --END-- [ RunTime:0.000173s ]
INFO: [ app_begin ] --START--
INFO: Run Behavior\ReadHtmlCacheBehavior [ RunTime:0.000242s ]
INFO: [ app_begin ] --END-- [ RunTime:0.000260s ]
NOTIC: [8] Undefined index: id /www/wwwroot/jy.juhuaian.cn/Application/JY/Controller/IndexController.class.php 第 6 行.
SQL: SHOW COLUMNS FROM `qm_adminus` [ RunTime:0.0006s ]
SQL: SELECT `role_id` FROM `qm_adminus` WHERE `id` = null LIMIT 1   [ RunTime:0.0000s ]
SQL: SHOW COLUMNS FROM `qm_role_right` [ RunTime:0.0003s ]
SQL: SELECT `right_id` FROM `qm_role_right` WHERE ( role_id='' )  [ RunTime:0.0000s ]
NOTIC: [2] implode(): Invalid arguments passed /www/wwwroot/jy.juhuaian.cn/Application/JY/Controller/IndexController.class.php 第 9 行.
SQL: SHOW COLUMNS FROM `qm_right` [ RunTime:0.0003s ]
SQL: SELECT * FROM `qm_right` WHERE ( id in ('') and parent_id=0 )  [ RunTime:0.0001s ]
SQL: SELECT * FROM `qm_right` WHERE ( id in ('') and parent_id>0 )  [ RunTime:0.0000s ]
NOTIC: [8] Undefined index: id /www/wwwroot/jy.juhuaian.cn/Application/JY/Controller/IndexController.class.php 第 14 行.
INFO: [ view_parse ] --START--
INFO: [ template_filter ] --START--
INFO: Run Behavior\ContentReplaceBehavior [ RunTime:0.000024s ]
INFO: [ template_filter ] --END-- [ RunTime:0.000045s ]
INFO: Run Behavior\ParseTemplateBehavior [ RunTime:0.002661s ]
INFO: [ view_parse ] --END-- [ RunTime:0.002682s ]
INFO: [ view_filter ] --START--
INFO: Run Behavior\WriteHtmlCacheBehavior [ RunTime:0.000102s ]
INFO: [ view_filter ] --END-- [ RunTime:0.000115s ]
INFO: [ app_end ] --START--
INFO: Run Behavior\ShowPageTraceBehavior [ RunTime:0.000282s ]
INFO: [ app_end ] --END-- [ RunTime:0.000302s ]

