[ 2019-02-14T10:35:32+08:00 ] 112.36.194.11 /index.php/JY/Index/index.html
INFO: [ app_init ] --START--
INFO: Run Behavior\BuildLiteBehavior [ RunTime:0.000008s ]
INFO: [ app_init ] --END-- [ RunTime:0.000214s ]
INFO: [ app_begin ] --START--
INFO: Run Behavior\ReadHtmlCacheBehavior [ RunTime:0.000337s ]
INFO: [ app_begin ] --END-- [ RunTime:0.000374s ]
NOTIC: [8] Undefined index: id /www/wwwroot/jy.juhuaian.cn/Application/JY/Controller/IndexController.class.php 第 6 行.
SQL: SHOW COLUMNS FROM `qm_adminus` [ RunTime:0.0323s ]
SQL: SELECT `role_id` FROM `qm_adminus` WHERE `id` = null LIMIT 1   [ RunTime:0.0001s ]
SQL: SHOW COLUMNS FROM `qm_role_right` [ RunTime:0.0004s ]
SQL: SELECT `right_id` FROM `qm_role_right` WHERE ( role_id='' )  [ RunTime:0.0159s ]
NOTIC: [2] implode(): Invalid arguments passed /www/wwwroot/jy.juhuaian.cn/Application/JY/Controller/IndexController.class.php 第 9 行.
SQL: SHOW COLUMNS FROM `qm_right` [ RunTime:0.0006s ]
SQL: SELECT * FROM `qm_right` WHERE ( id in ('') and parent_id=0 )  [ RunTime:0.0002s ]
SQL: SELECT * FROM `qm_right` WHERE ( id in ('') and parent_id>0 )  [ RunTime:0.0001s ]
NOTIC: [8] Undefined index: id /www/wwwroot/jy.juhuaian.cn/Application/JY/Controller/IndexController.class.php 第 14 行.
INFO: [ view_parse ] --START--
INFO: [ template_filter ] --START--
INFO: Run Behavior\ContentReplaceBehavior [ RunTime:0.000048s ]
INFO: [ template_filter ] --END-- [ RunTime:0.000091s ]
INFO: Run Behavior\ParseTemplateBehavior [ RunTime:0.039756s ]
INFO: [ view_parse ] --END-- [ RunTime:0.039803s ]
INFO: [ view_filter ] --START--
INFO: Run Behavior\WriteHtmlCacheBehavior [ RunTime:0.000163s ]
INFO: [ view_filter ] --END-- [ RunTime:0.000182s ]
INFO: [ app_end ] --START--
INFO: Run Behavior\ShowPageTraceBehavior [ RunTime:0.000581s ]
INFO: [ app_end ] --END-- [ RunTime:0.000605s ]

[ 2019-02-14T10:35:32+08:00 ] 112.36.194.11 /index.php/JY/Index/index.html
INFO: [ app_init ] --START--
INFO: Run Behavior\BuildLiteBehavior [ RunTime:0.000008s ]
INFO: [ app_init ] --END-- [ RunTime:0.000210s ]
INFO: [ app_begin ] --START--
INFO: Run Behavior\ReadHtmlCacheBehavior [ RunTime:0.000239s ]
INFO: [ app_begin ] --END-- [ RunTime:0.000263s ]
NOTIC: [8] Undefined index: id /www/wwwroot/jy.juhuaian.cn/Application/JY/Controller/IndexController.class.php 第 6 行.
SQL: SHOW COLUMNS FROM `qm_adminus` [ RunTime:0.0006s ]
SQL: SELECT `role_id` FROM `qm_adminus` WHERE `id` = null LIMIT 1   [ RunTime:0.0000s ]
SQL: SHOW COLUMNS FROM `qm_role_right` [ RunTime:0.0003s ]
SQL: SELECT `right_id` FROM `qm_role_right` WHERE ( role_id='' )  [ RunTime:0.0001s ]
NOTIC: [2] implode(): Invalid arguments passed /www/wwwroot/jy.juhuaian.cn/Application/JY/Controller/IndexController.class.php 第 9 行.
SQL: SHOW COLUMNS FROM `qm_right` [ RunTime:0.0003s ]
SQL: SELECT * FROM `qm_right` WHERE ( id in ('') and parent_id=0 )  [ RunTime:0.0000s ]
SQL: SELECT * FROM `qm_right` WHERE ( id in ('') and parent_id>0 )  [ RunTime:0.0000s ]
NOTIC: [8] Undefined index: id /www/wwwroot/jy.juhuaian.cn/Application/JY/Controller/IndexController.class.php 第 14 行.
INFO: [ view_parse ] --START--
INFO: [ template_filter ] --START--
INFO: Run Behavior\ContentReplaceBehavior [ RunTime:0.000027s ]
INFO: [ template_filter ] --END-- [ RunTime:0.000065s ]
INFO: Run Behavior\ParseTemplateBehavior [ RunTime:0.002598s ]
INFO: [ view_parse ] --END-- [ RunTime:0.002616s ]
INFO: [ view_filter ] --START--
INFO: Run Behavior\WriteHtmlCacheBehavior [ RunTime:0.000077s ]
INFO: [ view_filter ] --END-- [ RunTime:0.000088s ]
INFO: [ app_end ] --START--
INFO: Run Behavior\ShowPageTraceBehavior [ RunTime:0.000245s ]
INFO: [ app_end ] --END-- [ RunTime:0.000259s ]

[ 2019-02-14T10:43:53+08:00 ] 112.36.194.11 /index.php/JY/Index/index.html
INFO: [ app_init ] --START--
INFO: Run Behavior\BuildLiteBehavior [ RunTime:0.000008s ]
INFO: [ app_init ] --END-- [ RunTime:0.000182s ]
INFO: [ app_begin ] --START--
INFO: Run Behavior\ReadHtmlCacheBehavior [ RunTime:0.000349s ]
INFO: [ app_begin ] --END-- [ RunTime:0.000371s ]
NOTIC: [8] Undefined index: id /www/wwwroot/jy.juhuaian.cn/Application/JY/Controller/IndexController.class.php 第 6 行.
SQL: SHOW COLUMNS FROM `qm_adminus` [ RunTime:0.0005s ]
SQL: SELECT `role_id` FROM `qm_adminus` WHERE `id` = null LIMIT 1   [ RunTime:0.0000s ]
SQL: SHOW COLUMNS FROM `qm_role_right` [ RunTime:0.0004s ]
SQL: SELECT `right_id` FROM `qm_role_right` WHERE ( role_id='' )  [ RunTime:0.0000s ]
NOTIC: [2] implode(): Invalid arguments passed /www/wwwroot/jy.juhuaian.cn/Application/JY/Controller/IndexController.class.php 第 9 行.
SQL: SHOW COLUMNS FROM `qm_right` [ RunTime:0.0003s ]
SQL: SELECT * FROM `qm_right` WHERE ( id in ('') and parent_id=0 )  [ RunTime:0.0001s ]
SQL: SELECT * FROM `qm_right` WHERE ( id in ('') and parent_id>0 )  [ RunTime:0.0000s ]
NOTIC: [8] Undefined index: id /www/wwwroot/jy.juhuaian.cn/Application/JY/Controller/IndexController.class.php 第 14 行.
INFO: [ view_parse ] --START--
INFO: [ template_filter ] --START--
INFO: Run Behavior\ContentReplaceBehavior [ RunTime:0.000019s ]
INFO: [ template_filter ] --END-- [ RunTime:0.000037s ]
INFO: Run Behavior\ParseTemplateBehavior [ RunTime:0.002690s ]
INFO: [ view_parse ] --END-- [ RunTime:0.002711s ]
INFO: [ view_filter ] --START--
INFO: Run Behavior\WriteHtmlCacheBehavior [ RunTime:0.000089s ]
INFO: [ view_filter ] --END-- [ RunTime:0.000101s ]
INFO: [ app_end ] --START--
INFO: Run Behavior\ShowPageTraceBehavior [ RunTime:0.000287s ]
INFO: [ app_end ] --END-- [ RunTime:0.000305s ]

[ 2019-02-14T10:43:57+08:00 ] 112.36.194.11 /index.php/JY/Login/css/layui_1.css
INFO: [ app_init ] --START--
INFO: Run Behavior\BuildLiteBehavior [ RunTime:0.000008s ]
INFO: [ app_init ] --END-- [ RunTime:0.000192s ]
INFO: [ app_begin ] --START--
INFO: Run Behavior\ReadHtmlCacheBehavior [ RunTime:0.000287s ]
INFO: [ app_begin ] --END-- [ RunTime:0.000307s ]
ERR: 非法操作:css

[ 2019-02-14T10:43:57+08:00 ] 112.36.194.11 /index.php/JY/Login/login.html
INFO: [ app_init ] --START--
INFO: Run Behavior\BuildLiteBehavior [ RunTime:0.000007s ]
INFO: [ app_init ] --END-- [ RunTime:0.000181s ]
INFO: [ app_begin ] --START--
INFO: Run Behavior\ReadHtmlCacheBehavior [ RunTime:0.000242s ]
INFO: [ app_begin ] --END-- [ RunTime:0.000260s ]
INFO: [ view_parse ] --START--
INFO: [ template_filter ] --START--
INFO: Run Behavior\ContentReplaceBehavior [ RunTime:0.000056s ]
INFO: [ template_filter ] --END-- [ RunTime:0.000095s ]
INFO: Run Behavior\ParseTemplateBehavior [ RunTime:0.046542s ]
INFO: [ view_parse ] --END-- [ RunTime:0.046586s ]
INFO: [ view_filter ] --START--
INFO: Run Behavior\WriteHtmlCacheBehavior [ RunTime:0.000134s ]
INFO: [ view_filter ] --END-- [ RunTime:0.000153s ]
INFO: [ app_end ] --START--
INFO: Run Behavior\ShowPageTraceBehavior [ RunTime:0.000383s ]
INFO: [ app_end ] --END-- [ RunTime:0.000405s ]

[ 2019-02-14T10:44:05+08:00 ] 112.36.194.11 /index.php/JY/Login/checklogin
INFO: [ app_init ] --START--
INFO: Run Behavior\BuildLiteBehavior [ RunTime:0.000008s ]
INFO: [ app_init ] --END-- [ RunTime:0.000194s ]
INFO: [ app_begin ] --START--
INFO: Run Behavior\ReadHtmlCacheBehavior [ RunTime:0.000231s ]
INFO: [ app_begin ] --END-- [ RunTime:0.000253s ]
SQL: SHOW COLUMNS FROM `qm_adminus` [ RunTime:0.0004s ]
SQL: SELECT * FROM `qm_adminus` WHERE ( username='Alan马' AND password='wjma' ) LIMIT 1   [ RunTime:0.0064s ]
INFO: [ view_parse ] --START--
INFO: [ template_filter ] --START--
INFO: Run Behavior\ContentReplaceBehavior [ RunTime:0.000036s ]
INFO: [ template_filter ] --END-- [ RunTime:0.000063s ]
INFO: Run Behavior\ParseTemplateBehavior [ RunTime:0.003877s ]
INFO: [ view_parse ] --END-- [ RunTime:0.003896s ]
INFO: [ view_filter ] --START--
INFO: Run Behavior\WriteHtmlCacheBehavior [ RunTime:0.000089s ]
INFO: [ view_filter ] --END-- [ RunTime:0.000102s ]
INFO: [ app_end ] --START--
INFO: Run Behavior\ShowPageTraceBehavior [ RunTime:0.000267s ]
INFO: [ app_end ] --END-- [ RunTime:0.000280s ]

[ 2019-02-14T10:44:08+08:00 ] 112.36.194.11 /index.php/JY/Index/index.html
INFO: [ app_init ] --START--
INFO: Run Behavior\BuildLiteBehavior [ RunTime:0.000009s ]
INFO: [ app_init ] --END-- [ RunTime:0.000209s ]
INFO: [ app_begin ] --START--
INFO: Run Behavior\ReadHtmlCacheBehavior [ RunTime:0.000234s ]
INFO: [ app_begin ] --END-- [ RunTime:0.000254s ]
SQL: SHOW COLUMNS FROM `qm_adminus` [ RunTime:0.0005s ]
SQL: SELECT `role_id` FROM `qm_adminus` WHERE `id` = 1 LIMIT 1   [ RunTime:0.0002s ]
SQL: SHOW COLUMNS FROM `qm_role_right` [ RunTime:0.0004s ]
SQL: SELECT `right_id` FROM `qm_role_right` WHERE ( role_id='1' )  [ RunTime:0.0001s ]
SQL: SHOW COLUMNS FROM `qm_right` [ RunTime:0.0003s ]
SQL: SELECT * FROM `qm_right` WHERE ( id in ('36','35','34','20','19','12','9','5','4','3','2','1','37') and parent_id=0 )  [ RunTime:0.0121s ]
SQL: SELECT * FROM `qm_right` WHERE ( id in ('36','35','34','20','19','12','9','5','4','3','2','1','37') and parent_id>0 )  [ RunTime:0.0002s ]
INFO: [ view_parse ] --START--
INFO: [ template_filter ] --START--
INFO: Run Behavior\ContentReplaceBehavior [ RunTime:0.000094s ]
INFO: [ template_filter ] --END-- [ RunTime:0.000135s ]
INFO: Run Behavior\ParseTemplateBehavior [ RunTime:0.020179s ]
INFO: [ view_parse ] --END-- [ RunTime:0.020228s ]
INFO: [ view_filter ] --START--
INFO: Run Behavior\WriteHtmlCacheBehavior [ RunTime:0.000154s ]
INFO: [ view_filter ] --END-- [ RunTime:0.000176s ]
INFO: [ app_end ] --START--
INFO: Run Behavior\ShowPageTraceBehavior [ RunTime:0.000397s ]
INFO: [ app_end ] --END-- [ RunTime:0.000421s ]

[ 2019-02-14T10:44:08+08:00 ] 112.36.194.11 /index.php/JY/Index/img/icon/baidu.png
INFO: [ app_init ] --START--
INFO: Run Behavior\BuildLiteBehavior [ RunTime:0.000008s ]
INFO: [ app_init ] --END-- [ RunTime:0.000254s ]

[ 2019-02-14T10:44:09+08:00 ] 112.36.194.11 /index.php/JY/Index/img/icon/baidu.png
INFO: [ app_init ] --START--
INFO: Run Behavior\BuildLiteBehavior [ RunTime:0.000006s ]
INFO: [ app_init ] --END-- [ RunTime:0.000191s ]

[ 2019-02-14T10:44:09+08:00 ] 112.36.194.11 /index.php/JY/Index/img/presentation/1.png
INFO: [ app_init ] --START--
INFO: Run Behavior\BuildLiteBehavior [ RunTime:0.000009s ]
INFO: [ app_init ] --END-- [ RunTime:0.000269s ]

[ 2019-02-14T10:44:13+08:00 ] 112.36.194.11 /index.php/JY/Mgt/cyjgl
INFO: [ app_init ] --START--
INFO: Run Behavior\BuildLiteBehavior [ RunTime:0.000008s ]
INFO: [ app_init ] --END-- [ RunTime:0.000210s ]
INFO: [ app_begin ] --START--
INFO: Run Behavior\ReadHtmlCacheBehavior [ RunTime:0.000259s ]
INFO: [ app_begin ] --END-- [ RunTime:0.000277s ]
SQL: SHOW COLUMNS FROM `qm_guyong` [ RunTime:0.0004s ]
SQL: SELECT * FROM `qm_guyong` WHERE ( id=1 ) LIMIT 1   [ RunTime:0.0002s ]
SQL: SELECT * FROM `qm_guyong` WHERE ( id=2 ) LIMIT 1   [ RunTime:0.0001s ]
SQL: SELECT * FROM `qm_guyong` WHERE ( id=3 ) LIMIT 1   [ RunTime:0.0001s ]
SQL: SELECT * FROM `qm_guyong` WHERE ( id=4 ) LIMIT 1   [ RunTime:0.0001s ]
INFO: [ view_parse ] --START--
INFO: [ template_filter ] --START--
INFO: Run Behavior\ContentReplaceBehavior [ RunTime:0.000049s ]
INFO: [ template_filter ] --END-- [ RunTime:0.000095s ]
NOTIC: [8] Undefined variable: data /www/wwwroot/jy.juhuaian.cn/Application/Runtime/Cache/JY/be8bdd7376d4eb3b65fe936e116b9485.php 第 35 行.
INFO: Run Behavior\ParseTemplateBehavior [ RunTime:0.019587s ]
INFO: [ view_parse ] --END-- [ RunTime:0.019623s ]
INFO: [ view_filter ] --START--
INFO: Run Behavior\WriteHtmlCacheBehavior [ RunTime:0.000122s ]
INFO: [ view_filter ] --END-- [ RunTime:0.000139s ]
INFO: [ app_end ] --START--
INFO: Run Behavior\ShowPageTraceBehavior [ RunTime:0.000388s ]
INFO: [ app_end ] --END-- [ RunTime:0.000408s ]

[ 2019-02-14T10:44:30+08:00 ] 112.36.194.11 /index.php/JY/Mgt/userlist
INFO: [ app_init ] --START--
INFO: Run Behavior\BuildLiteBehavior [ RunTime:0.000007s ]
INFO: [ app_init ] --END-- [ RunTime:0.000208s ]
INFO: [ app_begin ] --START--
INFO: Run Behavior\ReadHtmlCacheBehavior [ RunTime:0.000241s ]
INFO: [ app_begin ] --END-- [ RunTime:0.000260s ]
SQL: SHOW COLUMNS FROM `qm_user` [ RunTime:0.0007s ]
SQL: SELECT COUNT(*) AS tp_Count FROM `qm_user` LIMIT 1   [ RunTime:0.0002s ]
SQL: SELECT * FROM `qm_user` LIMIT 0,7   [ RunTime:0.0004s ]
INFO: [ view_parse ] --START--
INFO: [ template_filter ] --START--
INFO: Run Behavior\ContentReplaceBehavior [ RunTime:0.000068s ]
INFO: [ template_filter ] --END-- [ RunTime:0.000105s ]
NOTIC: [8] Undefined index: sex /www/wwwroot/jy.juhuaian.cn/Application/Runtime/Cache/JY/d29cc9c9e498b14fa0bbbdaf6fd8dade.php 第 67 行.
NOTIC: [8] Undefined index: email /www/wwwroot/jy.juhuaian.cn/Application/Runtime/Cache/JY/d29cc9c9e498b14fa0bbbdaf6fd8dade.php 第 80 行.
NOTIC: [8] Undefined index: qq /www/wwwroot/jy.juhuaian.cn/Application/Runtime/Cache/JY/d29cc9c9e498b14fa0bbbdaf6fd8dade.php 第 81 行.
NOTIC: [8] Undefined index: sex /www/wwwroot/jy.juhuaian.cn/Application/Runtime/Cache/JY/d29cc9c9e498b14fa0bbbdaf6fd8dade.php 第 67 行.
NOTIC: [8] Undefined index: email /www/wwwroot/jy.juhuaian.cn/Application/Runtime/Cache/JY/d29cc9c9e498b14fa0bbbdaf6fd8dade.php 第 80 行.
NOTIC: [8] Undefined index: qq /www/wwwroot/jy.juhuaian.cn/Application/Runtime/Cache/JY/d29cc9c9e498b14fa0bbbdaf6fd8dade.php 第 81 行.
NOTIC: [8] Undefined index: sex /www/wwwroot/jy.juhuaian.cn/Application/Runtime/Cache/JY/d29cc9c9e498b14fa0bbbdaf6fd8dade.php 第 67 行.
NOTIC: [8] Undefined index: email /www/wwwroot/jy.juhuaian.cn/Application/Runtime/Cache/JY/d29cc9c9e498b14fa0bbbdaf6fd8dade.php 第 80 行.
NOTIC: [8] Undefined index: qq /www/wwwroot/jy.juhuaian.cn/Application/Runtime/Cache/JY/d29cc9c9e498b14fa0bbbdaf6fd8dade.php 第 81 行.
NOTIC: [8] Undefined index: sex /www/wwwroot/jy.juhuaian.cn/Application/Runtime/Cache/JY/d29cc9c9e498b14fa0bbbdaf6fd8dade.php 第 67 行.
NOTIC: [8] Undefined index: email /www/wwwroot/jy.juhuaian.cn/Application/Runtime/Cache/JY/d29cc9c9e498b14fa0bbbdaf6fd8dade.php 第 80 行.
NOTIC: [8] Undefined index: qq /www/wwwroot/jy.juhuaian.cn/Application/Runtime/Cache/JY/d29cc9c9e498b14fa0bbbdaf6fd8dade.php 第 81 行.
NOTIC: [8] Undefined index: sex /www/wwwroot/jy.juhuaian.cn/Application/Runtime/Cache/JY/d29cc9c9e498b14fa0bbbdaf6fd8dade.php 第 67 行.
NOTIC: [8] Undefined index: email /www/wwwroot/jy.juhuaian.cn/Application/Runtime/Cache/JY/d29cc9c9e498b14fa0bbbdaf6fd8dade.php 第 80 行.
NOTIC: [8] Undefined index: qq /www/wwwroot/jy.juhuaian.cn/Application/Runtime/Cache/JY/d29cc9c9e498b14fa0bbbdaf6fd8dade.php 第 81 行.
NOTIC: [8] Undefined index: sex /www/wwwroot/jy.juhuaian.cn/Application/Runtime/Cache/JY/d29cc9c9e498b14fa0bbbdaf6fd8dade.php 第 67 行.
NOTIC: [8] Undefined index: email /www/wwwroot/jy.juhuaian.cn/Application/Runtime/Cache/JY/d29cc9c9e498b14fa0bbbdaf6fd8dade.php 第 80 行.
NOTIC: [8] Undefined index: qq /www/wwwroot/jy.juhuaian.cn/Application/Runtime/Cache/JY/d29cc9c9e498b14fa0bbbdaf6fd8dade.php 第 81 行.
NOTIC: [8] Undefined index: sex /www/wwwroot/jy.juhuaian.cn/Application/Runtime/Cache/JY/d29cc9c9e498b14fa0bbbdaf6fd8dade.php 第 67 行.
NOTIC: [8] Undefined index: email /www/wwwroot/jy.juhuaian.cn/Application/Runtime/Cache/JY/d29cc9c9e498b14fa0bbbdaf6fd8dade.php 第 80 行.
NOTIC: [8] Undefined index: qq /www/wwwroot/jy.juhuaian.cn/Application/Runtime/Cache/JY/d29cc9c9e498b14fa0bbbdaf6fd8dade.php 第 81 行.
INFO: Run Behavior\ParseTemplateBehavior [ RunTime:0.044191s ]
INFO: [ view_parse ] --END-- [ RunTime:0.044224s ]
INFO: [ view_filter ] --START--
INFO: Run Behavior\WriteHtmlCacheBehavior [ RunTime:0.000171s ]
INFO: [ view_filter ] --END-- [ RunTime:0.000191s ]
INFO: [ app_end ] --START--
INFO: Run Behavior\ShowPageTraceBehavior [ RunTime:0.000434s ]
INFO: [ app_end ] --END-- [ RunTime:0.000456s ]

[ 2019-02-14T10:44:32+08:00 ] 112.36.194.11 /index.php/JY/Mgt/userlist/p/22.html
INFO: [ app_init ] --START--
INFO: Run Behavior\BuildLiteBehavior [ RunTime:0.000010s ]
INFO: [ app_init ] --END-- [ RunTime:0.000272s ]
INFO: [ app_begin ] --START--
INFO: Run Behavior\ReadHtmlCacheBehavior [ RunTime:0.000343s ]
INFO: [ app_begin ] --END-- [ RunTime:0.000364s ]
SQL: SHOW COLUMNS FROM `qm_user` [ RunTime:0.0007s ]
SQL: SELECT COUNT(*) AS tp_Count FROM `qm_user` LIMIT 1   [ RunTime:0.0000s ]
SQL: SELECT * FROM `qm_user` LIMIT 147,7   [ RunTime:0.0005s ]
INFO: [ view_parse ] --START--
INFO: [ template_filter ] --START--
INFO: Run Behavior\ContentReplaceBehavior [ RunTime:0.000041s ]
INFO: [ template_filter ] --END-- [ RunTime:0.000065s ]
NOTIC: [8] Undefined index: sex /www/wwwroot/jy.juhuaian.cn/Application/Runtime/Cache/JY/d29cc9c9e498b14fa0bbbdaf6fd8dade.php 第 67 行.
NOTIC: [8] Undefined index: email /www/wwwroot/jy.juhuaian.cn/Application/Runtime/Cache/JY/d29cc9c9e498b14fa0bbbdaf6fd8dade.php 第 80 行.
NOTIC: [8] Undefined index: qq /www/wwwroot/jy.juhuaian.cn/Application/Runtime/Cache/JY/d29cc9c9e498b14fa0bbbdaf6fd8dade.php 第 81 行.
NOTIC: [8] Undefined index: sex /www/wwwroot/jy.juhuaian.cn/Application/Runtime/Cache/JY/d29cc9c9e498b14fa0bbbdaf6fd8dade.php 第 67 行.
NOTIC: [8] Undefined index: email /www/wwwroot/jy.juhuaian.cn/Application/Runtime/Cache/JY/d29cc9c9e498b14fa0bbbdaf6fd8dade.php 第 80 行.
NOTIC: [8] Undefined index: qq /www/wwwroot/jy.juhuaian.cn/Application/Runtime/Cache/JY/d29cc9c9e498b14fa0bbbdaf6fd8dade.php 第 81 行.
NOTIC: [8] Undefined index: sex /www/wwwroot/jy.juhuaian.cn/Application/Runtime/Cache/JY/d29cc9c9e498b14fa0bbbdaf6fd8dade.php 第 67 行.
NOTIC: [8] Undefined index: email /www/wwwroot/jy.juhuaian.cn/Application/Runtime/Cache/JY/d29cc9c9e498b14fa0bbbdaf6fd8dade.php 第 80 行.
NOTIC: [8] Undefined index: qq /www/wwwroot/jy.juhuaian.cn/Application/Runtime/Cache/JY/d29cc9c9e498b14fa0bbbdaf6fd8dade.php 第 81 行.
NOTIC: [8] Undefined index: sex /www/wwwroot/jy.juhuaian.cn/Application/Runtime/Cache/JY/d29cc9c9e498b14fa0bbbdaf6fd8dade.php 第 67 行.
NOTIC: [8] Undefined index: email /www/wwwroot/jy.juhuaian.cn/Application/Runtime/Cache/JY/d29cc9c9e498b14fa0bbbdaf6fd8dade.php 第 80 行.
NOTIC: [8] Undefined index: qq /www/wwwroot/jy.juhuaian.cn/Application/Runtime/Cache/JY/d29cc9c9e498b14fa0bbbdaf6fd8dade.php 第 81 行.
NOTIC: [8] Undefined index: sex /www/wwwroot/jy.juhuaian.cn/Application/Runtime/Cache/JY/d29cc9c9e498b14fa0bbbdaf6fd8dade.php 第 67 行.
NOTIC: [8] Undefined index: email /www/wwwroot/jy.juhuaian.cn/Application/Runtime/Cache/JY/d29cc9c9e498b14fa0bbbdaf6fd8dade.php 第 80 行.
NOTIC: [8] Undefined index: qq /www/wwwroot/jy.juhuaian.cn/Application/Runtime/Cache/JY/d29cc9c9e498b14fa0bbbdaf6fd8dade.php 第 81 行.
NOTIC: [8] Undefined index: sex /www/wwwroot/jy.juhuaian.cn/Application/Runtime/Cache/JY/d29cc9c9e498b14fa0bbbdaf6fd8dade.php 第 67 行.
NOTIC: [8] Undefined index: email /www/wwwroot/jy.juhuaian.cn/Application/Runtime/Cache/JY/d29cc9c9e498b14fa0bbbdaf6fd8dade.php 第 80 行.
NOTIC: [8] Undefined index: qq /www/wwwroot/jy.juhuaian.cn/Application/Runtime/Cache/JY/d29cc9c9e498b14fa0bbbdaf6fd8dade.php 第 81 行.
INFO: Run Behavior\ParseTemplateBehavior [ RunTime:0.003910s ]
INFO: [ view_parse ] --END-- [ RunTime:0.003926s ]
INFO: [ view_filter ] --START--
INFO: Run Behavior\WriteHtmlCacheBehavior [ RunTime:0.000102s ]
INFO: [ view_filter ] --END-- [ RunTime:0.000120s ]
INFO: [ app_end ] --START--
INFO: Run Behavior\ShowPageTraceBehavior [ RunTime:0.000266s ]
INFO: [ app_end ] --END-- [ RunTime:0.000283s ]

[ 2019-02-14T10:44:39+08:00 ] 112.36.194.11 /index.php/JY/Mgt/cyjgl
INFO: [ app_init ] --START--
INFO: Run Behavior\BuildLiteBehavior [ RunTime:0.000008s ]
INFO: [ app_init ] --END-- [ RunTime:0.000179s ]
INFO: [ app_begin ] --START--
INFO: Run Behavior\ReadHtmlCacheBehavior [ RunTime:0.000233s ]
INFO: [ app_begin ] --END-- [ RunTime:0.000250s ]
SQL: SHOW COLUMNS FROM `qm_guyong` [ RunTime:0.0008s ]
SQL: SELECT * FROM `qm_guyong` WHERE ( id=1 ) LIMIT 1   [ RunTime:0.0001s ]
SQL: SELECT * FROM `qm_guyong` WHERE ( id=2 ) LIMIT 1   [ RunTime:0.0000s ]
SQL: SELECT * FROM `qm_guyong` WHERE ( id=3 ) LIMIT 1   [ RunTime:0.0000s ]
SQL: SELECT * FROM `qm_guyong` WHERE ( id=4 ) LIMIT 1   [ RunTime:0.0000s ]
INFO: [ view_parse ] --START--
INFO: [ template_filter ] --START--
INFO: Run Behavior\ContentReplaceBehavior [ RunTime:0.000054s ]
INFO: [ template_filter ] --END-- [ RunTime:0.000090s ]
NOTIC: [8] Undefined variable: data /www/wwwroot/jy.juhuaian.cn/Application/Runtime/Cache/JY/be8bdd7376d4eb3b65fe936e116b9485.php 第 35 行.
INFO: Run Behavior\ParseTemplateBehavior [ RunTime:0.005862s ]
INFO: [ view_parse ] --END-- [ RunTime:0.005881s ]
INFO: [ view_filter ] --START--
INFO: Run Behavior\WriteHtmlCacheBehavior [ RunTime:0.000126s ]
INFO: [ view_filter ] --END-- [ RunTime:0.000143s ]
INFO: [ app_end ] --START--
INFO: Run Behavior\ShowPageTraceBehavior [ RunTime:0.000390s ]
INFO: [ app_end ] --END-- [ RunTime:0.000411s ]

[ 2019-02-14T10:44:55+08:00 ] 112.36.194.11 /index.php/JY/Mgt/tcry
INFO: [ app_init ] --START--
INFO: Run Behavior\BuildLiteBehavior [ RunTime:0.000008s ]
INFO: [ app_init ] --END-- [ RunTime:0.000193s ]
INFO: [ app_begin ] --START--
INFO: Run Behavior\ReadHtmlCacheBehavior [ RunTime:0.000224s ]
INFO: [ app_begin ] --END-- [ RunTime:0.000241s ]
SQL: SHOW COLUMNS FROM `qm_ry` [ RunTime:0.0004s ]
SQL: SELECT * FROM `qm_ry` WHERE ( id=1 ) LIMIT 1   [ RunTime:0.0002s ]
SQL: SELECT * FROM `qm_ry` WHERE ( id=2 ) LIMIT 1   [ RunTime:0.0001s ]
SQL: SELECT * FROM `qm_ry` WHERE ( id=3 ) LIMIT 1   [ RunTime:0.0001s ]
SQL: SELECT * FROM `qm_ry` WHERE ( id=4 ) LIMIT 1   [ RunTime:0.0001s ]
SQL: SELECT * FROM `qm_ry` WHERE ( id=5 ) LIMIT 1   [ RunTime:0.0001s ]
SQL: SELECT * FROM `qm_ry` WHERE ( id=6 ) LIMIT 1   [ RunTime:0.0001s ]
INFO: [ view_parse ] --START--
INFO: [ template_filter ] --START--
INFO: Run Behavior\ContentReplaceBehavior [ RunTime:0.000045s ]
INFO: [ template_filter ] --END-- [ RunTime:0.000076s ]
NOTIC: [8] Undefined variable: data /www/wwwroot/jy.juhuaian.cn/Application/Runtime/Cache/JY/1fe040c59a5997e6dd98092183925d8c.php 第 35 行.
INFO: Run Behavior\ParseTemplateBehavior [ RunTime:0.014096s ]
INFO: [ view_parse ] --END-- [ RunTime:0.014114s ]
INFO: [ view_filter ] --START--
INFO: Run Behavior\WriteHtmlCacheBehavior [ RunTime:0.000152s ]
INFO: [ view_filter ] --END-- [ RunTime:0.000170s ]
INFO: [ app_end ] --START--
INFO: Run Behavior\ShowPageTraceBehavior [ RunTime:0.000348s ]
INFO: [ app_end ] --END-- [ RunTime:0.000373s ]

[ 2019-02-14T10:45:05+08:00 ] 112.36.194.11 /index.php/JY/Mgt/userlist
INFO: [ app_init ] --START--
INFO: Run Behavior\BuildLiteBehavior [ RunTime:0.000008s ]
INFO: [ app_init ] --END-- [ RunTime:0.000244s ]
INFO: [ app_begin ] --START--
INFO: Run Behavior\ReadHtmlCacheBehavior [ RunTime:0.000279s ]
INFO: [ app_begin ] --END-- [ RunTime:0.000299s ]
SQL: SHOW COLUMNS FROM `qm_user` [ RunTime:0.0009s ]
SQL: SELECT COUNT(*) AS tp_Count FROM `qm_user` LIMIT 1   [ RunTime:0.0005s ]
SQL: SELECT * FROM `qm_user` LIMIT 0,7   [ RunTime:0.0003s ]
INFO: [ view_parse ] --START--
INFO: [ template_filter ] --START--
INFO: Run Behavior\ContentReplaceBehavior [ RunTime:0.000038s ]
INFO: [ template_filter ] --END-- [ RunTime:0.000057s ]
NOTIC: [8] Undefined index: sex /www/wwwroot/jy.juhuaian.cn/Application/Runtime/Cache/JY/d29cc9c9e498b14fa0bbbdaf6fd8dade.php 第 67 行.
NOTIC: [8] Undefined index: email /www/wwwroot/jy.juhuaian.cn/Application/Runtime/Cache/JY/d29cc9c9e498b14fa0bbbdaf6fd8dade.php 第 80 行.
NOTIC: [8] Undefined index: qq /www/wwwroot/jy.juhuaian.cn/Application/Runtime/Cache/JY/d29cc9c9e498b14fa0bbbdaf6fd8dade.php 第 81 行.
NOTIC: [8] Undefined index: sex /www/wwwroot/jy.juhuaian.cn/Application/Runtime/Cache/JY/d29cc9c9e498b14fa0bbbdaf6fd8dade.php 第 67 行.
NOTIC: [8] Undefined index: email /www/wwwroot/jy.juhuaian.cn/Application/Runtime/Cache/JY/d29cc9c9e498b14fa0bbbdaf6fd8dade.php 第 80 行.
NOTIC: [8] Undefined index: qq /www/wwwroot/jy.juhuaian.cn/Application/Runtime/Cache/JY/d29cc9c9e498b14fa0bbbdaf6fd8dade.php 第 81 行.
NOTIC: [8] Undefined index: sex /www/wwwroot/jy.juhuaian.cn/Application/Runtime/Cache/JY/d29cc9c9e498b14fa0bbbdaf6fd8dade.php 第 67 行.
NOTIC: [8] Undefined index: email /www/wwwroot/jy.juhuaian.cn/Application/Runtime/Cache/JY/d29cc9c9e498b14fa0bbbdaf6fd8dade.php 第 80 行.
NOTIC: [8] Undefined index: qq /www/wwwroot/jy.juhuaian.cn/Application/Runtime/Cache/JY/d29cc9c9e498b14fa0bbbdaf6fd8dade.php 第 81 行.
NOTIC: [8] Undefined index: sex /www/wwwroot/jy.juhuaian.cn/Application/Runtime/Cache/JY/d29cc9c9e498b14fa0bbbdaf6fd8dade.php 第 67 行.
NOTIC: [8] Undefined index: email /www/wwwroot/jy.juhuaian.cn/Application/Runtime/Cache/JY/d29cc9c9e498b14fa0bbbdaf6fd8dade.php 第 80 行.
NOTIC: [8] Undefined index: qq /www/wwwroot/jy.juhuaian.cn/Application/Runtime/Cache/JY/d29cc9c9e498b14fa0bbbdaf6fd8dade.php 第 81 行.
NOTIC: [8] Undefined index: sex /www/wwwroot/jy.juhuaian.cn/Application/Runtime/Cache/JY/d29cc9c9e498b14fa0bbbdaf6fd8dade.php 第 67 行.
NOTIC: [8] Undefined index: email /www/wwwroot/jy.juhuaian.cn/Application/Runtime/Cache/JY/d29cc9c9e498b14fa0bbbdaf6fd8dade.php 第 80 行.
NOTIC: [8] Undefined index: qq /www/wwwroot/jy.juhuaian.cn/Application/Runtime/Cache/JY/d29cc9c9e498b14fa0bbbdaf6fd8dade.php 第 81 行.
NOTIC: [8] Undefined index: sex /www/wwwroot/jy.juhuaian.cn/Application/Runtime/Cache/JY/d29cc9c9e498b14fa0bbbdaf6fd8dade.php 第 67 行.
NOTIC: [8] Undefined index: email /www/wwwroot/jy.juhuaian.cn/Application/Runtime/Cache/JY/d29cc9c9e498b14fa0bbbdaf6fd8dade.php 第 80 行.
NOTIC: [8] Undefined index: qq /www/wwwroot/jy.juhuaian.cn/Application/Runtime/Cache/JY/d29cc9c9e498b14fa0bbbdaf6fd8dade.php 第 81 行.
NOTIC: [8] Undefined index: sex /www/wwwroot/jy.juhuaian.cn/Application/Runtime/Cache/JY/d29cc9c9e498b14fa0bbbdaf6fd8dade.php 第 67 行.
NOTIC: [8] Undefined index: email /www/wwwroot/jy.juhuaian.cn/Application/Runtime/Cache/JY/d29cc9c9e498b14fa0bbbdaf6fd8dade.php 第 80 行.
NOTIC: [8] Undefined index: qq /www/wwwroot/jy.juhuaian.cn/Application/Runtime/Cache/JY/d29cc9c9e498b14fa0bbbdaf6fd8dade.php 第 81 行.
INFO: Run Behavior\ParseTemplateBehavior [ RunTime:0.004000s ]
INFO: [ view_parse ] --END-- [ RunTime:0.004017s ]
INFO: [ view_filter ] --START--
INFO: Run Behavior\WriteHtmlCacheBehavior [ RunTime:0.000092s ]
INFO: [ view_filter ] --END-- [ RunTime:0.000108s ]
INFO: [ app_end ] --START--
INFO: Run Behavior\ShowPageTraceBehavior [ RunTime:0.000305s ]
INFO: [ app_end ] --END-- [ RunTime:0.000321s ]

[ 2019-02-14T10:45:12+08:00 ] 112.36.194.11 /index.php/JY/Mgt/userlist/p/2.html
INFO: [ app_init ] --START--
INFO: Run Behavior\BuildLiteBehavior [ RunTime:0.000093s ]
INFO: [ app_init ] --END-- [ RunTime:0.000320s ]
INFO: [ app_begin ] --START--
INFO: Run Behavior\ReadHtmlCacheBehavior [ RunTime:0.000232s ]
INFO: [ app_begin ] --END-- [ RunTime:0.000255s ]
SQL: SHOW COLUMNS FROM `qm_user` [ RunTime:0.0017s ]
SQL: SELECT COUNT(*) AS tp_Count FROM `qm_user` LIMIT 1   [ RunTime:0.0001s ]
SQL: SELECT * FROM `qm_user` LIMIT 7,7   [ RunTime:0.0004s ]
INFO: [ view_parse ] --START--
INFO: [ template_filter ] --START--
INFO: Run Behavior\ContentReplaceBehavior [ RunTime:0.000042s ]
INFO: [ template_filter ] --END-- [ RunTime:0.000066s ]
NOTIC: [8] Undefined index: sex /www/wwwroot/jy.juhuaian.cn/Application/Runtime/Cache/JY/d29cc9c9e498b14fa0bbbdaf6fd8dade.php 第 67 行.
NOTIC: [8] Undefined index: email /www/wwwroot/jy.juhuaian.cn/Application/Runtime/Cache/JY/d29cc9c9e498b14fa0bbbdaf6fd8dade.php 第 80 行.
NOTIC: [8] Undefined index: qq /www/wwwroot/jy.juhuaian.cn/Application/Runtime/Cache/JY/d29cc9c9e498b14fa0bbbdaf6fd8dade.php 第 81 行.
NOTIC: [8] Undefined index: sex /www/wwwroot/jy.juhuaian.cn/Application/Runtime/Cache/JY/d29cc9c9e498b14fa0bbbdaf6fd8dade.php 第 67 行.
NOTIC: [8] Undefined index: email /www/wwwroot/jy.juhuaian.cn/Application/Runtime/Cache/JY/d29cc9c9e498b14fa0bbbdaf6fd8dade.php 第 80 行.
NOTIC: [8] Undefined index: qq /www/wwwroot/jy.juhuaian.cn/Application/Runtime/Cache/JY/d29cc9c9e498b14fa0bbbdaf6fd8dade.php 第 81 行.
NOTIC: [8] Undefined index: sex /www/wwwroot/jy.juhuaian.cn/Application/Runtime/Cache/JY/d29cc9c9e498b14fa0bbbdaf6fd8dade.php 第 67 行.
NOTIC: [8] Undefined index: email /www/wwwroot/jy.juhuaian.cn/Application/Runtime/Cache/JY/d29cc9c9e498b14fa0bbbdaf6fd8dade.php 第 80 行.
NOTIC: [8] Undefined index: qq /www/wwwroot/jy.juhuaian.cn/Application/Runtime/Cache/JY/d29cc9c9e498b14fa0bbbdaf6fd8dade.php 第 81 行.
NOTIC: [8] Undefined index: sex /www/wwwroot/jy.juhuaian.cn/Application/Runtime/Cache/JY/d29cc9c9e498b14fa0bbbdaf6fd8dade.php 第 67 行.
NOTIC: [8] Undefined index: email /www/wwwroot/jy.juhuaian.cn/Application/Runtime/Cache/JY/d29cc9c9e498b14fa0bbbdaf6fd8dade.php 第 80 行.
NOTIC: [8] Undefined index: qq /www/wwwroot/jy.juhuaian.cn/Application/Runtime/Cache/JY/d29cc9c9e498b14fa0bbbdaf6fd8dade.php 第 81 行.
NOTIC: [8] Undefined index: sex /www/wwwroot/jy.juhuaian.cn/Application/Runtime/Cache/JY/d29cc9c9e498b14fa0bbbdaf6fd8dade.php 第 67 行.
NOTIC: [8] Undefined index: email /www/wwwroot/jy.juhuaian.cn/Application/Runtime/Cache/JY/d29cc9c9e498b14fa0bbbdaf6fd8dade.php 第 80 行.
NOTIC: [8] Undefined index: qq /www/wwwroot/jy.juhuaian.cn/Application/Runtime/Cache/JY/d29cc9c9e498b14fa0bbbdaf6fd8dade.php 第 81 行.
NOTIC: [8] Undefined index: sex /www/wwwroot/jy.juhuaian.cn/Application/Runtime/Cache/JY/d29cc9c9e498b14fa0bbbdaf6fd8dade.php 第 67 行.
NOTIC: [8] Undefined index: email /www/wwwroot/jy.juhuaian.cn/Application/Runtime/Cache/JY/d29cc9c9e498b14fa0bbbdaf6fd8dade.php 第 80 行.
NOTIC: [8] Undefined index: qq /www/wwwroot/jy.juhuaian.cn/Application/Runtime/Cache/JY/d29cc9c9e498b14fa0bbbdaf6fd8dade.php 第 81 行.
NOTIC: [8] Undefined index: sex /www/wwwroot/jy.juhuaian.cn/Application/Runtime/Cache/JY/d29cc9c9e498b14fa0bbbdaf6fd8dade.php 第 67 行.
NOTIC: [8] Undefined index: email /www/wwwroot/jy.juhuaian.cn/Application/Runtime/Cache/JY/d29cc9c9e498b14fa0bbbdaf6fd8dade.php 第 80 行.
NOTIC: [8] Undefined index: qq /www/wwwroot/jy.juhuaian.cn/Application/Runtime/Cache/JY/d29cc9c9e498b14fa0bbbdaf6fd8dade.php 第 81 行.
INFO: Run Behavior\ParseTemplateBehavior [ RunTime:0.006419s ]
INFO: [ view_parse ] --END-- [ RunTime:0.006436s ]
INFO: [ view_filter ] --START--
INFO: Run Behavior\WriteHtmlCacheBehavior [ RunTime:0.000100s ]
INFO: [ view_filter ] --END-- [ RunTime:0.000113s ]
INFO: [ app_end ] --START--
INFO: Run Behavior\ShowPageTraceBehavior [ RunTime:0.000304s ]
INFO: [ app_end ] --END-- [ RunTime:0.000320s ]

[ 2019-02-14T10:45:16+08:00 ] 112.36.194.11 /index.php/JY/Mgt/userlist/p/3.html
INFO: [ app_init ] --START--
INFO: Run Behavior\BuildLiteBehavior [ RunTime:0.000007s ]
INFO: [ app_init ] --END-- [ RunTime:0.000184s ]
INFO: [ app_begin ] --START--
INFO: Run Behavior\ReadHtmlCacheBehavior [ RunTime:0.000242s ]
INFO: [ app_begin ] --END-- [ RunTime:0.000259s ]
SQL: SHOW COLUMNS FROM `qm_user` [ RunTime:0.0006s ]
SQL: SELECT COUNT(*) AS tp_Count FROM `qm_user` LIMIT 1   [ RunTime:0.0000s ]
SQL: SELECT * FROM `qm_user` LIMIT 14,7   [ RunTime:0.0003s ]
INFO: [ view_parse ] --START--
INFO: [ template_filter ] --START--
INFO: Run Behavior\ContentReplaceBehavior [ RunTime:0.000042s ]
INFO: [ template_filter ] --END-- [ RunTime:0.000070s ]
NOTIC: [8] Undefined index: sex /www/wwwroot/jy.juhuaian.cn/Application/Runtime/Cache/JY/d29cc9c9e498b14fa0bbbdaf6fd8dade.php 第 67 行.
NOTIC: [8] Undefined index: email /www/wwwroot/jy.juhuaian.cn/Application/Runtime/Cache/JY/d29cc9c9e498b14fa0bbbdaf6fd8dade.php 第 80 行.
NOTIC: [8] Undefined index: qq /www/wwwroot/jy.juhuaian.cn/Application/Runtime/Cache/JY/d29cc9c9e498b14fa0bbbdaf6fd8dade.php 第 81 行.
NOTIC: [8] Undefined index: sex /www/wwwroot/jy.juhuaian.cn/Application/Runtime/Cache/JY/d29cc9c9e498b14fa0bbbdaf6fd8dade.php 第 67 行.
NOTIC: [8] Undefined index: email /www/wwwroot/jy.juhuaian.cn/Application/Runtime/Cache/JY/d29cc9c9e498b14fa0bbbdaf6fd8dade.php 第 80 行.
NOTIC: [8] Undefined index: qq /www/wwwroot/jy.juhuaian.cn/Application/Runtime/Cache/JY/d29cc9c9e498b14fa0bbbdaf6fd8dade.php 第 81 行.
NOTIC: [8] Undefined index: sex /www/wwwroot/jy.juhuaian.cn/Application/Runtime/Cache/JY/d29cc9c9e498b14fa0bbbdaf6fd8dade.php 第 67 行.
NOTIC: [8] Undefined index: email /www/wwwroot/jy.juhuaian.cn/Application/Runtime/Cache/JY/d29cc9c9e498b14fa0bbbdaf6fd8dade.php 第 80 行.
NOTIC: [8] Undefined index: qq /www/wwwroot/jy.juhuaian.cn/Application/Runtime/Cache/JY/d29cc9c9e498b14fa0bbbdaf6fd8dade.php 第 81 行.
NOTIC: [8] Undefined index: sex /www/wwwroot/jy.juhuaian.cn/Application/Runtime/Cache/JY/d29cc9c9e498b14fa0bbbdaf6fd8dade.php 第 67 行.
NOTIC: [8] Undefined index: email /www/wwwroot/jy.juhuaian.cn/Application/Runtime/Cache/JY/d29cc9c9e498b14fa0bbbdaf6fd8dade.php 第 80 行.
NOTIC: [8] Undefined index: qq /www/wwwroot/jy.juhuaian.cn/Application/Runtime/Cache/JY/d29cc9c9e498b14fa0bbbdaf6fd8dade.php 第 81 行.
NOTIC: [8] Undefined index: sex /www/wwwroot/jy.juhuaian.cn/Application/Runtime/Cache/JY/d29cc9c9e498b14fa0bbbdaf6fd8dade.php 第 67 行.
NOTIC: [8] Undefined index: email /www/wwwroot/jy.juhuaian.cn/Application/Runtime/Cache/JY/d29cc9c9e498b14fa0bbbdaf6fd8dade.php 第 80 行.
NOTIC: [8] Undefined index: qq /www/wwwroot/jy.juhuaian.cn/Application/Runtime/Cache/JY/d29cc9c9e498b14fa0bbbdaf6fd8dade.php 第 81 行.
NOTIC: [8] Undefined index: sex /www/wwwroot/jy.juhuaian.cn/Application/Runtime/Cache/JY/d29cc9c9e498b14fa0bbbdaf6fd8dade.php 第 67 行.
NOTIC: [8] Undefined index: email /www/wwwroot/jy.juhuaian.cn/Application/Runtime/Cache/JY/d29cc9c9e498b14fa0bbbdaf6fd8dade.php 第 80 行.
NOTIC: [8] Undefined index: qq /www/wwwroot/jy.juhuaian.cn/Application/Runtime/Cache/JY/d29cc9c9e498b14fa0bbbdaf6fd8dade.php 第 81 行.
NOTIC: [8] Undefined index: sex /www/wwwroot/jy.juhuaian.cn/Application/Runtime/Cache/JY/d29cc9c9e498b14fa0bbbdaf6fd8dade.php 第 67 行.
NOTIC: [8] Undefined index: email /www/wwwroot/jy.juhuaian.cn/Application/Runtime/Cache/JY/d29cc9c9e498b14fa0bbbdaf6fd8dade.php 第 80 行.
NOTIC: [8] Undefined index: qq /www/wwwroot/jy.juhuaian.cn/Application/Runtime/Cache/JY/d29cc9c9e498b14fa0bbbdaf6fd8dade.php 第 81 行.
INFO: Run Behavior\ParseTemplateBehavior [ RunTime:0.005248s ]
INFO: [ view_parse ] --END-- [ RunTime:0.005265s ]
INFO: [ view_filter ] --START--
INFO: Run Behavior\WriteHtmlCacheBehavior [ RunTime:0.000095s ]
INFO: [ view_filter ] --END-- [ RunTime:0.000107s ]
INFO: [ app_end ] --START--
INFO: Run Behavior\ShowPageTraceBehavior [ RunTime:0.000285s ]
INFO: [ app_end ] --END-- [ RunTime:0.000300s ]

[ 2019-02-14T10:45:19+08:00 ] 112.36.194.11 /index.php/JY/Mgt/userlist/p/4.html
INFO: [ app_init ] --START--
INFO: Run Behavior\BuildLiteBehavior [ RunTime:0.000011s ]
INFO: [ app_init ] --END-- [ RunTime:0.000235s ]
INFO: [ app_begin ] --START--
INFO: Run Behavior\ReadHtmlCacheBehavior [ RunTime:0.000266s ]
INFO: [ app_begin ] --END-- [ RunTime:0.000285s ]
SQL: SHOW COLUMNS FROM `qm_user` [ RunTime:0.0007s ]
SQL: SELECT COUNT(*) AS tp_Count FROM `qm_user` LIMIT 1   [ RunTime:0.0000s ]
SQL: SELECT * FROM `qm_user` LIMIT 21,7   [ RunTime:0.0003s ]
INFO: [ view_parse ] --START--
INFO: [ template_filter ] --START--
INFO: Run Behavior\ContentReplaceBehavior [ RunTime:0.000095s ]
INFO: [ template_filter ] --END-- [ RunTime:0.000117s ]
NOTIC: [8] Undefined index: sex /www/wwwroot/jy.juhuaian.cn/Application/Runtime/Cache/JY/d29cc9c9e498b14fa0bbbdaf6fd8dade.php 第 67 行.
NOTIC: [8] Undefined index: email /www/wwwroot/jy.juhuaian.cn/Application/Runtime/Cache/JY/d29cc9c9e498b14fa0bbbdaf6fd8dade.php 第 80 行.
NOTIC: [8] Undefined index: qq /www/wwwroot/jy.juhuaian.cn/Application/Runtime/Cache/JY/d29cc9c9e498b14fa0bbbdaf6fd8dade.php 第 81 行.
NOTIC: [8] Undefined index: sex /www/wwwroot/jy.juhuaian.cn/Application/Runtime/Cache/JY/d29cc9c9e498b14fa0bbbdaf6fd8dade.php 第 67 行.
NOTIC: [8] Undefined index: email /www/wwwroot/jy.juhuaian.cn/Application/Runtime/Cache/JY/d29cc9c9e498b14fa0bbbdaf6fd8dade.php 第 80 行.
NOTIC: [8] Undefined index: qq /www/wwwroot/jy.juhuaian.cn/Application/Runtime/Cache/JY/d29cc9c9e498b14fa0bbbdaf6fd8dade.php 第 81 行.
NOTIC: [8] Undefined index: sex /www/wwwroot/jy.juhuaian.cn/Application/Runtime/Cache/JY/d29cc9c9e498b14fa0bbbdaf6fd8dade.php 第 67 行.
NOTIC: [8] Undefined index: email /www/wwwroot/jy.juhuaian.cn/Application/Runtime/Cache/JY/d29cc9c9e498b14fa0bbbdaf6fd8dade.php 第 80 行.
NOTIC: [8] Undefined index: qq /www/wwwroot/jy.juhuaian.cn/Application/Runtime/Cache/JY/d29cc9c9e498b14fa0bbbdaf6fd8dade.php 第 81 行.
NOTIC: [8] Undefined index: sex /www/wwwroot/jy.juhuaian.cn/Application/Runtime/Cache/JY/d29cc9c9e498b14fa0bbbdaf6fd8dade.php 第 67 行.
NOTIC: [8] Undefined index: email /www/wwwroot/jy.juhuaian.cn/Application/Runtime/Cache/JY/d29cc9c9e498b14fa0bbbdaf6fd8dade.php 第 80 行.
NOTIC: [8] Undefined index: qq /www/wwwroot/jy.juhuaian.cn/Application/Runtime/Cache/JY/d29cc9c9e498b14fa0bbbdaf6fd8dade.php 第 81 行.
NOTIC: [8] Undefined index: sex /www/wwwroot/jy.juhuaian.cn/Application/Runtime/Cache/JY/d29cc9c9e498b14fa0bbbdaf6fd8dade.php 第 67 行.
NOTIC: [8] Undefined index: email /www/wwwroot/jy.juhuaian.cn/Application/Runtime/Cache/JY/d29cc9c9e498b14fa0bbbdaf6fd8dade.php 第 80 行.
NOTIC: [8] Undefined index: qq /www/wwwroot/jy.juhuaian.cn/Application/Runtime/Cache/JY/d29cc9c9e498b14fa0bbbdaf6fd8dade.php 第 81 行.
NOTIC: [8] Undefined index: sex /www/wwwroot/jy.juhuaian.cn/Application/Runtime/Cache/JY/d29cc9c9e498b14fa0bbbdaf6fd8dade.php 第 67 行.
NOTIC: [8] Undefined index: email /www/wwwroot/jy.juhuaian.cn/Application/Runtime/Cache/JY/d29cc9c9e498b14fa0bbbdaf6fd8dade.php 第 80 行.
NOTIC: [8] Undefined index: qq /www/wwwroot/jy.juhuaian.cn/Application/Runtime/Cache/JY/d29cc9c9e498b14fa0bbbdaf6fd8dade.php 第 81 行.
NOTIC: [8] Undefined index: sex /www/wwwroot/jy.juhuaian.cn/Application/Runtime/Cache/JY/d29cc9c9e498b14fa0bbbdaf6fd8dade.php 第 67 行.
NOTIC: [8] Undefined index: email /www/wwwroot/jy.juhuaian.cn/Application/Runtime/Cache/JY/d29cc9c9e498b14fa0bbbdaf6fd8dade.php 第 80 行.
NOTIC: [8] Undefined index: qq /www/wwwroot/jy.juhuaian.cn/Application/Runtime/Cache/JY/d29cc9c9e498b14fa0bbbdaf6fd8dade.php 第 81 行.
INFO: Run Behavior\ParseTemplateBehavior [ RunTime:0.004150s ]
INFO: [ view_parse ] --END-- [ RunTime:0.004168s ]
INFO: [ view_filter ] --START--
INFO: Run Behavior\WriteHtmlCacheBehavior [ RunTime:0.000082s ]
INFO: [ view_filter ] --END-- [ RunTime:0.000093s ]
INFO: [ app_end ] --START--
INFO: Run Behavior\ShowPageTraceBehavior [ RunTime:0.000367s ]
INFO: [ app_end ] --END-- [ RunTime:0.000387s ]

[ 2019-02-14T10:45:23+08:00 ] 112.36.194.11 /index.php/JY/Mgt/userlist/p/5.html
INFO: [ app_init ] --START--
INFO: Run Behavior\BuildLiteBehavior [ RunTime:0.000010s ]
INFO: [ app_init ] --END-- [ RunTime:0.000281s ]
INFO: [ app_begin ] --START--
INFO: Run Behavior\ReadHtmlCacheBehavior [ RunTime:0.000290s ]
INFO: [ app_begin ] --END-- [ RunTime:0.000309s ]
SQL: SHOW COLUMNS FROM `qm_user` [ RunTime:0.0011s ]
SQL: SELECT COUNT(*) AS tp_Count FROM `qm_user` LIMIT 1   [ RunTime:0.0001s ]
SQL: SELECT * FROM `qm_user` LIMIT 28,7   [ RunTime:0.0005s ]
INFO: [ view_parse ] --START--
INFO: [ template_filter ] --START--
INFO: Run Behavior\ContentReplaceBehavior [ RunTime:0.000057s ]
INFO: [ template_filter ] --END-- [ RunTime:0.000095s ]
NOTIC: [8] Undefined index: sex /www/wwwroot/jy.juhuaian.cn/Application/Runtime/Cache/JY/d29cc9c9e498b14fa0bbbdaf6fd8dade.php 第 67 行.
NOTIC: [8] Undefined index: email /www/wwwroot/jy.juhuaian.cn/Application/Runtime/Cache/JY/d29cc9c9e498b14fa0bbbdaf6fd8dade.php 第 80 行.
NOTIC: [8] Undefined index: qq /www/wwwroot/jy.juhuaian.cn/Application/Runtime/Cache/JY/d29cc9c9e498b14fa0bbbdaf6fd8dade.php 第 81 行.
NOTIC: [8] Undefined index: sex /www/wwwroot/jy.juhuaian.cn/Application/Runtime/Cache/JY/d29cc9c9e498b14fa0bbbdaf6fd8dade.php 第 67 行.
NOTIC: [8] Undefined index: email /www/wwwroot/jy.juhuaian.cn/Application/Runtime/Cache/JY/d29cc9c9e498b14fa0bbbdaf6fd8dade.php 第 80 行.
NOTIC: [8] Undefined index: qq /www/wwwroot/jy.juhuaian.cn/Application/Runtime/Cache/JY/d29cc9c9e498b14fa0bbbdaf6fd8dade.php 第 81 行.
NOTIC: [8] Undefined index: sex /www/wwwroot/jy.juhuaian.cn/Application/Runtime/Cache/JY/d29cc9c9e498b14fa0bbbdaf6fd8dade.php 第 67 行.
NOTIC: [8] Undefined index: email /www/wwwroot/jy.juhuaian.cn/Application/Runtime/Cache/JY/d29cc9c9e498b14fa0bbbdaf6fd8dade.php 第 80 行.
NOTIC: [8] Undefined index: qq /www/wwwroot/jy.juhuaian.cn/Application/Runtime/Cache/JY/d29cc9c9e498b14fa0bbbdaf6fd8dade.php 第 81 行.
NOTIC: [8] Undefined index: sex /www/wwwroot/jy.juhuaian.cn/Application/Runtime/Cache/JY/d29cc9c9e498b14fa0bbbdaf6fd8dade.php 第 67 行.
NOTIC: [8] Undefined index: email /www/wwwroot/jy.juhuaian.cn/Application/Runtime/Cache/JY/d29cc9c9e498b14fa0bbbdaf6fd8dade.php 第 80 行.
NOTIC: [8] Undefined index: qq /www/wwwroot/jy.juhuaian.cn/Application/Runtime/Cache/JY/d29cc9c9e498b14fa0bbbdaf6fd8dade.php 第 81 行.
NOTIC: [8] Undefined index: sex /www/wwwroot/jy.juhuaian.cn/Application/Runtime/Cache/JY/d29cc9c9e498b14fa0bbbdaf6fd8dade.php 第 67 行.
NOTIC: [8] Undefined index: email /www/wwwroot/jy.juhuaian.cn/Application/Runtime/Cache/JY/d29cc9c9e498b14fa0bbbdaf6fd8dade.php 第 80 行.
NOTIC: [8] Undefined index: qq /www/wwwroot/jy.juhuaian.cn/Application/Runtime/Cache/JY/d29cc9c9e498b14fa0bbbdaf6fd8dade.php 第 81 行.
NOTIC: [8] Undefined index: sex /www/wwwroot/jy.juhuaian.cn/Application/Runtime/Cache/JY/d29cc9c9e498b14fa0bbbdaf6fd8dade.php 第 67 行.
NOTIC: [8] Undefined index: email /www/wwwroot/jy.juhuaian.cn/Application/Runtime/Cache/JY/d29cc9c9e498b14fa0bbbdaf6fd8dade.php 第 80 行.
NOTIC: [8] Undefined index: qq /www/wwwroot/jy.juhuaian.cn/Application/Runtime/Cache/JY/d29cc9c9e498b14fa0bbbdaf6fd8dade.php 第 81 行.
NOTIC: [8] Undefined index: sex /www/wwwroot/jy.juhuaian.cn/Application/Runtime/Cache/JY/d29cc9c9e498b14fa0bbbdaf6fd8dade.php 第 67 行.
NOTIC: [8] Undefined index: email /www/wwwroot/jy.juhuaian.cn/Application/Runtime/Cache/JY/d29cc9c9e498b14fa0bbbdaf6fd8dade.php 第 80 行.
NOTIC: [8] Undefined index: qq /www/wwwroot/jy.juhuaian.cn/Application/Runtime/Cache/JY/d29cc9c9e498b14fa0bbbdaf6fd8dade.php 第 81 行.
INFO: Run Behavior\ParseTemplateBehavior [ RunTime:0.006676s ]
INFO: [ view_parse ] --END-- [ RunTime:0.006703s ]
INFO: [ view_filter ] --START--
INFO: Run Behavior\WriteHtmlCacheBehavior [ RunTime:0.000147s ]
INFO: [ view_filter ] --END-- [ RunTime:0.000164s ]
INFO: [ app_end ] --START--
INFO: Run Behavior\ShowPageTraceBehavior [ RunTime:0.000462s ]
INFO: [ app_end ] --END-- [ RunTime:0.000484s ]

[ 2019-02-14T10:45:29+08:00 ] 112.36.194.11 /index.php/JY/Mgt/userlist/p/6.html
INFO: [ app_init ] --START--
INFO: Run Behavior\BuildLiteBehavior [ RunTime:0.000009s ]
INFO: [ app_init ] --END-- [ RunTime:0.000197s ]
INFO: [ app_begin ] --START--
INFO: Run Behavior\ReadHtmlCacheBehavior [ RunTime:0.000300s ]
INFO: [ app_begin ] --END-- [ RunTime:0.000324s ]
SQL: SHOW COLUMNS FROM `qm_user` [ RunTime:0.0059s ]
SQL: SELECT COUNT(*) AS tp_Count FROM `qm_user` LIMIT 1   [ RunTime:0.0001s ]
SQL: SELECT * FROM `qm_user` LIMIT 35,7   [ RunTime:0.0004s ]
INFO: [ view_parse ] --START--
INFO: [ template_filter ] --START--
INFO: Run Behavior\ContentReplaceBehavior [ RunTime:0.000039s ]
INFO: [ template_filter ] --END-- [ RunTime:0.000058s ]
NOTIC: [8] Undefined index: sex /www/wwwroot/jy.juhuaian.cn/Application/Runtime/Cache/JY/d29cc9c9e498b14fa0bbbdaf6fd8dade.php 第 67 行.
NOTIC: [8] Undefined index: email /www/wwwroot/jy.juhuaian.cn/Application/Runtime/Cache/JY/d29cc9c9e498b14fa0bbbdaf6fd8dade.php 第 80 行.
NOTIC: [8] Undefined index: qq /www/wwwroot/jy.juhuaian.cn/Application/Runtime/Cache/JY/d29cc9c9e498b14fa0bbbdaf6fd8dade.php 第 81 行.
NOTIC: [8] Undefined index: sex /www/wwwroot/jy.juhuaian.cn/Application/Runtime/Cache/JY/d29cc9c9e498b14fa0bbbdaf6fd8dade.php 第 67 行.
NOTIC: [8] Undefined index: email /www/wwwroot/jy.juhuaian.cn/Application/Runtime/Cache/JY/d29cc9c9e498b14fa0bbbdaf6fd8dade.php 第 80 行.
NOTIC: [8] Undefined index: qq /www/wwwroot/jy.juhuaian.cn/Application/Runtime/Cache/JY/d29cc9c9e498b14fa0bbbdaf6fd8dade.php 第 81 行.
NOTIC: [8] Undefined index: sex /www/wwwroot/jy.juhuaian.cn/Application/Runtime/Cache/JY/d29cc9c9e498b14fa0bbbdaf6fd8dade.php 第 67 行.
NOTIC: [8] Undefined index: email /www/wwwroot/jy.juhuaian.cn/Application/Runtime/Cache/JY/d29cc9c9e498b14fa0bbbdaf6fd8dade.php 第 80 行.
NOTIC: [8] Undefined index: qq /www/wwwroot/jy.juhuaian.cn/Application/Runtime/Cache/JY/d29cc9c9e498b14fa0bbbdaf6fd8dade.php 第 81 行.
NOTIC: [8] Undefined index: sex /www/wwwroot/jy.juhuaian.cn/Application/Runtime/Cache/JY/d29cc9c9e498b14fa0bbbdaf6fd8dade.php 第 67 行.
NOTIC: [8] Undefined index: email /www/wwwroot/jy.juhuaian.cn/Application/Runtime/Cache/JY/d29cc9c9e498b14fa0bbbdaf6fd8dade.php 第 80 行.
NOTIC: [8] Undefined index: qq /www/wwwroot/jy.juhuaian.cn/Application/Runtime/Cache/JY/d29cc9c9e498b14fa0bbbdaf6fd8dade.php 第 81 行.
NOTIC: [8] Undefined index: sex /www/wwwroot/jy.juhuaian.cn/Application/Runtime/Cache/JY/d29cc9c9e498b14fa0bbbdaf6fd8dade.php 第 67 行.
NOTIC: [8] Undefined index: email /www/wwwroot/jy.juhuaian.cn/Application/Runtime/Cache/JY/d29cc9c9e498b14fa0bbbdaf6fd8dade.php 第 80 行.
NOTIC: [8] Undefined index: qq /www/wwwroot/jy.juhuaian.cn/Application/Runtime/Cache/JY/d29cc9c9e498b14fa0bbbdaf6fd8dade.php 第 81 行.
NOTIC: [8] Undefined index: sex /www/wwwroot/jy.juhuaian.cn/Application/Runtime/Cache/JY/d29cc9c9e498b14fa0bbbdaf6fd8dade.php 第 67 行.
NOTIC: [8] Undefined index: email /www/wwwroot/jy.juhuaian.cn/Application/Runtime/Cache/JY/d29cc9c9e498b14fa0bbbdaf6fd8dade.php 第 80 行.
NOTIC: [8] Undefined index: qq /www/wwwroot/jy.juhuaian.cn/Application/Runtime/Cache/JY/d29cc9c9e498b14fa0bbbdaf6fd8dade.php 第 81 行.
NOTIC: [8] Undefined index: sex /www/wwwroot/jy.juhuaian.cn/Application/Runtime/Cache/JY/d29cc9c9e498b14fa0bbbdaf6fd8dade.php 第 67 行.
NOTIC: [8] Undefined index: email /www/wwwroot/jy.juhuaian.cn/Application/Runtime/Cache/JY/d29cc9c9e498b14fa0bbbdaf6fd8dade.php 第 80 行.
NOTIC: [8] Undefined index: qq /www/wwwroot/jy.juhuaian.cn/Application/Runtime/Cache/JY/d29cc9c9e498b14fa0bbbdaf6fd8dade.php 第 81 行.
INFO: Run Behavior\ParseTemplateBehavior [ RunTime:0.004014s ]
INFO: [ view_parse ] --END-- [ RunTime:0.004030s ]
INFO: [ view_filter ] --START--
INFO: Run Behavior\WriteHtmlCacheBehavior [ RunTime:0.000098s ]
INFO: [ view_filter ] --END-- [ RunTime:0.000111s ]
INFO: [ app_end ] --START--
INFO: Run Behavior\ShowPageTraceBehavior [ RunTime:0.000318s ]
INFO: [ app_end ] --END-- [ RunTime:0.000335s ]

[ 2019-02-14T10:45:48+08:00 ] 112.36.194.11 /index.php/JY/Mgt/userlist/p/7.html
INFO: [ app_init ] --START--
INFO: Run Behavior\BuildLiteBehavior [ RunTime:0.000009s ]
INFO: [ app_init ] --END-- [ RunTime:0.000255s ]
INFO: [ app_begin ] --START--
INFO: Run Behavior\ReadHtmlCacheBehavior [ RunTime:0.000287s ]
INFO: [ app_begin ] --END-- [ RunTime:0.000306s ]
SQL: SHOW COLUMNS FROM `qm_user` [ RunTime:0.0007s ]
SQL: SELECT COUNT(*) AS tp_Count FROM `qm_user` LIMIT 1   [ RunTime:0.0001s ]
SQL: SELECT * FROM `qm_user` LIMIT 42,7   [ RunTime:0.0004s ]
INFO: [ view_parse ] --START--
INFO: [ template_filter ] --START--
INFO: Run Behavior\ContentReplaceBehavior [ RunTime:0.000054s ]
INFO: [ template_filter ] --END-- [ RunTime:0.000092s ]
NOTIC: [8] Undefined index: sex /www/wwwroot/jy.juhuaian.cn/Application/Runtime/Cache/JY/d29cc9c9e498b14fa0bbbdaf6fd8dade.php 第 67 行.
NOTIC: [8] Undefined index: email /www/wwwroot/jy.juhuaian.cn/Application/Runtime/Cache/JY/d29cc9c9e498b14fa0bbbdaf6fd8dade.php 第 80 行.
NOTIC: [8] Undefined index: qq /www/wwwroot/jy.juhuaian.cn/Application/Runtime/Cache/JY/d29cc9c9e498b14fa0bbbdaf6fd8dade.php 第 81 行.
NOTIC: [8] Undefined index: sex /www/wwwroot/jy.juhuaian.cn/Application/Runtime/Cache/JY/d29cc9c9e498b14fa0bbbdaf6fd8dade.php 第 67 行.
NOTIC: [8] Undefined index: email /www/wwwroot/jy.juhuaian.cn/Application/Runtime/Cache/JY/d29cc9c9e498b14fa0bbbdaf6fd8dade.php 第 80 行.
NOTIC: [8] Undefined index: qq /www/wwwroot/jy.juhuaian.cn/Application/Runtime/Cache/JY/d29cc9c9e498b14fa0bbbdaf6fd8dade.php 第 81 行.
NOTIC: [8] Undefined index: sex /www/wwwroot/jy.juhuaian.cn/Application/Runtime/Cache/JY/d29cc9c9e498b14fa0bbbdaf6fd8dade.php 第 67 行.
NOTIC: [8] Undefined index: email /www/wwwroot/jy.juhuaian.cn/Application/Runtime/Cache/JY/d29cc9c9e498b14fa0bbbdaf6fd8dade.php 第 80 行.
NOTIC: [8] Undefined index: qq /www/wwwroot/jy.juhuaian.cn/Application/Runtime/Cache/JY/d29cc9c9e498b14fa0bbbdaf6fd8dade.php 第 81 行.
NOTIC: [8] Undefined index: sex /www/wwwroot/jy.juhuaian.cn/Application/Runtime/Cache/JY/d29cc9c9e498b14fa0bbbdaf6fd8dade.php 第 67 行.
NOTIC: [8] Undefined index: email /www/wwwroot/jy.juhuaian.cn/Application/Runtime/Cache/JY/d29cc9c9e498b14fa0bbbdaf6fd8dade.php 第 80 行.
NOTIC: [8] Undefined index: qq /www/wwwroot/jy.juhuaian.cn/Application/Runtime/Cache/JY/d29cc9c9e498b14fa0bbbdaf6fd8dade.php 第 81 行.
NOTIC: [8] Undefined index: sex /www/wwwroot/jy.juhuaian.cn/Application/Runtime/Cache/JY/d29cc9c9e498b14fa0bbbdaf6fd8dade.php 第 67 行.
NOTIC: [8] Undefined index: email /www/wwwroot/jy.juhuaian.cn/Application/Runtime/Cache/JY/d29cc9c9e498b14fa0bbbdaf6fd8dade.php 第 80 行.
NOTIC: [8] Undefined index: qq /www/wwwroot/jy.juhuaian.cn/Application/Runtime/Cache/JY/d29cc9c9e498b14fa0bbbdaf6fd8dade.php 第 81 行.
NOTIC: [8] Undefined index: sex /www/wwwroot/jy.juhuaian.cn/Application/Runtime/Cache/JY/d29cc9c9e498b14fa0bbbdaf6fd8dade.php 第 67 行.
NOTIC: [8] Undefined index: email /www/wwwroot/jy.juhuaian.cn/Application/Runtime/Cache/JY/d29cc9c9e498b14fa0bbbdaf6fd8dade.php 第 80 行.
NOTIC: [8] Undefined index: qq /www/wwwroot/jy.juhuaian.cn/Application/Runtime/Cache/JY/d29cc9c9e498b14fa0bbbdaf6fd8dade.php 第 81 行.
NOTIC: [8] Undefined index: sex /www/wwwroot/jy.juhuaian.cn/Application/Runtime/Cache/JY/d29cc9c9e498b14fa0bbbdaf6fd8dade.php 第 67 行.
NOTIC: [8] Undefined index: email /www/wwwroot/jy.juhuaian.cn/Application/Runtime/Cache/JY/d29cc9c9e498b14fa0bbbdaf6fd8dade.php 第 80 行.
NOTIC: [8] Undefined index: qq /www/wwwroot/jy.juhuaian.cn/Application/Runtime/Cache/JY/d29cc9c9e498b14fa0bbbdaf6fd8dade.php 第 81 行.
INFO: Run Behavior\ParseTemplateBehavior [ RunTime:0.006163s ]
INFO: [ view_parse ] --END-- [ RunTime:0.006249s ]
INFO: [ view_filter ] --START--
INFO: Run Behavior\WriteHtmlCacheBehavior [ RunTime:0.000112s ]
INFO: [ view_filter ] --END-- [ RunTime:0.000136s ]
INFO: [ app_end ] --START--
INFO: Run Behavior\ShowPageTraceBehavior [ RunTime:0.001334s ]
INFO: [ app_end ] --END-- [ RunTime:0.001353s ]

[ 2019-02-14T10:45:52+08:00 ] 112.36.194.11 /index.php/JY/Mgt/userlist/p/8.html
INFO: [ app_init ] --START--
INFO: Run Behavior\BuildLiteBehavior [ RunTime:0.000011s ]
INFO: [ app_init ] --END-- [ RunTime:0.000323s ]
INFO: [ app_begin ] --START--
INFO: Run Behavior\ReadHtmlCacheBehavior [ RunTime:0.000409s ]
INFO: [ app_begin ] --END-- [ RunTime:0.000435s ]
SQL: SHOW COLUMNS FROM `qm_user` [ RunTime:0.0011s ]
SQL: SELECT COUNT(*) AS tp_Count FROM `qm_user` LIMIT 1   [ RunTime:0.0001s ]
SQL: SELECT * FROM `qm_user` LIMIT 49,7   [ RunTime:0.0006s ]
INFO: [ view_parse ] --START--
INFO: [ template_filter ] --START--
INFO: Run Behavior\ContentReplaceBehavior [ RunTime:0.000044s ]
INFO: [ template_filter ] --END-- [ RunTime:0.000072s ]
NOTIC: [8] Undefined index: sex /www/wwwroot/jy.juhuaian.cn/Application/Runtime/Cache/JY/d29cc9c9e498b14fa0bbbdaf6fd8dade.php 第 67 行.
NOTIC: [8] Undefined index: email /www/wwwroot/jy.juhuaian.cn/Application/Runtime/Cache/JY/d29cc9c9e498b14fa0bbbdaf6fd8dade.php 第 80 行.
NOTIC: [8] Undefined index: qq /www/wwwroot/jy.juhuaian.cn/Application/Runtime/Cache/JY/d29cc9c9e498b14fa0bbbdaf6fd8dade.php 第 81 行.
NOTIC: [8] Undefined index: sex /www/wwwroot/jy.juhuaian.cn/Application/Runtime/Cache/JY/d29cc9c9e498b14fa0bbbdaf6fd8dade.php 第 67 行.
NOTIC: [8] Undefined index: email /www/wwwroot/jy.juhuaian.cn/Application/Runtime/Cache/JY/d29cc9c9e498b14fa0bbbdaf6fd8dade.php 第 80 行.
NOTIC: [8] Undefined index: qq /www/wwwroot/jy.juhuaian.cn/Application/Runtime/Cache/JY/d29cc9c9e498b14fa0bbbdaf6fd8dade.php 第 81 行.
NOTIC: [8] Undefined index: sex /www/wwwroot/jy.juhuaian.cn/Application/Runtime/Cache/JY/d29cc9c9e498b14fa0bbbdaf6fd8dade.php 第 67 行.
NOTIC: [8] Undefined index: email /www/wwwroot/jy.juhuaian.cn/Application/Runtime/Cache/JY/d29cc9c9e498b14fa0bbbdaf6fd8dade.php 第 80 行.
NOTIC: [8] Undefined index: qq /www/wwwroot/jy.juhuaian.cn/Application/Runtime/Cache/JY/d29cc9c9e498b14fa0bbbdaf6fd8dade.php 第 81 行.
NOTIC: [8] Undefined index: sex /www/wwwroot/jy.juhuaian.cn/Application/Runtime/Cache/JY/d29cc9c9e498b14fa0bbbdaf6fd8dade.php 第 67 行.
NOTIC: [8] Undefined index: email /www/wwwroot/jy.juhuaian.cn/Application/Runtime/Cache/JY/d29cc9c9e498b14fa0bbbdaf6fd8dade.php 第 80 行.
NOTIC: [8] Undefined index: qq /www/wwwroot/jy.juhuaian.cn/Application/Runtime/Cache/JY/d29cc9c9e498b14fa0bbbdaf6fd8dade.php 第 81 行.
NOTIC: [8] Undefined index: sex /www/wwwroot/jy.juhuaian.cn/Application/Runtime/Cache/JY/d29cc9c9e498b14fa0bbbdaf6fd8dade.php 第 67 行.
NOTIC: [8] Undefined index: email /www/wwwroot/jy.juhuaian.cn/Application/Runtime/Cache/JY/d29cc9c9e498b14fa0bbbdaf6fd8dade.php 第 80 行.
NOTIC: [8] Undefined index: qq /www/wwwroot/jy.juhuaian.cn/Application/Runtime/Cache/JY/d29cc9c9e498b14fa0bbbdaf6fd8dade.php 第 81 行.
NOTIC: [8] Undefined index: sex /www/wwwroot/jy.juhuaian.cn/Application/Runtime/Cache/JY/d29cc9c9e498b14fa0bbbdaf6fd8dade.php 第 67 行.
NOTIC: [8] Undefined index: email /www/wwwroot/jy.juhuaian.cn/Application/Runtime/Cache/JY/d29cc9c9e498b14fa0bbbdaf6fd8dade.php 第 80 行.
NOTIC: [8] Undefined index: qq /www/wwwroot/jy.juhuaian.cn/Application/Runtime/Cache/JY/d29cc9c9e498b14fa0bbbdaf6fd8dade.php 第 81 行.
NOTIC: [8] Undefined index: sex /www/wwwroot/jy.juhuaian.cn/Application/Runtime/Cache/JY/d29cc9c9e498b14fa0bbbdaf6fd8dade.php 第 67 行.
NOTIC: [8] Undefined index: email /www/wwwroot/jy.juhuaian.cn/Application/Runtime/Cache/JY/d29cc9c9e498b14fa0bbbdaf6fd8dade.php 第 80 行.
NOTIC: [8] Undefined index: qq /www/wwwroot/jy.juhuaian.cn/Application/Runtime/Cache/JY/d29cc9c9e498b14fa0bbbdaf6fd8dade.php 第 81 行.
INFO: Run Behavior\ParseTemplateBehavior [ RunTime:0.005508s ]
INFO: [ view_parse ] --END-- [ RunTime:0.005529s ]
INFO: [ view_filter ] --START--
INFO: Run Behavior\WriteHtmlCacheBehavior [ RunTime:0.000155s ]
INFO: [ view_filter ] --END-- [ RunTime:0.000174s ]
INFO: [ app_end ] --START--
INFO: Run Behavior\ShowPageTraceBehavior [ RunTime:0.000310s ]
INFO: [ app_end ] --END-- [ RunTime:0.000328s ]

[ 2019-02-14T10:45:58+08:00 ] 112.36.194.11 /index.php/JY/Mgt/userlist/p/9.html
INFO: [ app_init ] --START--
INFO: Run Behavior\BuildLiteBehavior [ RunTime:0.000010s ]
INFO: [ app_init ] --END-- [ RunTime:0.000199s ]
INFO: [ app_begin ] --START--
INFO: Run Behavior\ReadHtmlCacheBehavior [ RunTime:0.000247s ]
INFO: [ app_begin ] --END-- [ RunTime:0.000267s ]
SQL: SHOW COLUMNS FROM `qm_user` [ RunTime:0.0007s ]
SQL: SELECT COUNT(*) AS tp_Count FROM `qm_user` LIMIT 1   [ RunTime:0.0000s ]
SQL: SELECT * FROM `qm_user` LIMIT 56,7   [ RunTime:0.0005s ]
INFO: [ view_parse ] --START--
INFO: [ template_filter ] --START--
INFO: Run Behavior\ContentReplaceBehavior [ RunTime:0.000048s ]
INFO: [ template_filter ] --END-- [ RunTime:0.000083s ]
NOTIC: [8] Undefined index: sex /www/wwwroot/jy.juhuaian.cn/Application/Runtime/Cache/JY/d29cc9c9e498b14fa0bbbdaf6fd8dade.php 第 67 行.
NOTIC: [8] Undefined index: email /www/wwwroot/jy.juhuaian.cn/Application/Runtime/Cache/JY/d29cc9c9e498b14fa0bbbdaf6fd8dade.php 第 80 行.
NOTIC: [8] Undefined index: qq /www/wwwroot/jy.juhuaian.cn/Application/Runtime/Cache/JY/d29cc9c9e498b14fa0bbbdaf6fd8dade.php 第 81 行.
NOTIC: [8] Undefined index: sex /www/wwwroot/jy.juhuaian.cn/Application/Runtime/Cache/JY/d29cc9c9e498b14fa0bbbdaf6fd8dade.php 第 67 行.
NOTIC: [8] Undefined index: email /www/wwwroot/jy.juhuaian.cn/Application/Runtime/Cache/JY/d29cc9c9e498b14fa0bbbdaf6fd8dade.php 第 80 行.
NOTIC: [8] Undefined index: qq /www/wwwroot/jy.juhuaian.cn/Application/Runtime/Cache/JY/d29cc9c9e498b14fa0bbbdaf6fd8dade.php 第 81 行.
NOTIC: [8] Undefined index: sex /www/wwwroot/jy.juhuaian.cn/Application/Runtime/Cache/JY/d29cc9c9e498b14fa0bbbdaf6fd8dade.php 第 67 行.
NOTIC: [8] Undefined index: email /www/wwwroot/jy.juhuaian.cn/Application/Runtime/Cache/JY/d29cc9c9e498b14fa0bbbdaf6fd8dade.php 第 80 行.
NOTIC: [8] Undefined index: qq /www/wwwroot/jy.juhuaian.cn/Application/Runtime/Cache/JY/d29cc9c9e498b14fa0bbbdaf6fd8dade.php 第 81 行.
NOTIC: [8] Undefined index: sex /www/wwwroot/jy.juhuaian.cn/Application/Runtime/Cache/JY/d29cc9c9e498b14fa0bbbdaf6fd8dade.php 第 67 行.
NOTIC: [8] Undefined index: email /www/wwwroot/jy.juhuaian.cn/Application/Runtime/Cache/JY/d29cc9c9e498b14fa0bbbdaf6fd8dade.php 第 80 行.
NOTIC: [8] Undefined index: qq /www/wwwroot/jy.juhuaian.cn/Application/Runtime/Cache/JY/d29cc9c9e498b14fa0bbbdaf6fd8dade.php 第 81 行.
NOTIC: [8] Undefined index: sex /www/wwwroot/jy.juhuaian.cn/Application/Runtime/Cache/JY/d29cc9c9e498b14fa0bbbdaf6fd8dade.php 第 67 行.
NOTIC: [8] Undefined index: email /www/wwwroot/jy.juhuaian.cn/Application/Runtime/Cache/JY/d29cc9c9e498b14fa0bbbdaf6fd8dade.php 第 80 行.
NOTIC: [8] Undefined index: qq /www/wwwroot/jy.juhuaian.cn/Application/Runtime/Cache/JY/d29cc9c9e498b14fa0bbbdaf6fd8dade.php 第 81 行.
NOTIC: [8] Undefined index: sex /www/wwwroot/jy.juhuaian.cn/Application/Runtime/Cache/JY/d29cc9c9e498b14fa0bbbdaf6fd8dade.php 第 67 行.
NOTIC: [8] Undefined index: email /www/wwwroot/jy.juhuaian.cn/Application/Runtime/Cache/JY/d29cc9c9e498b14fa0bbbdaf6fd8dade.php 第 80 行.
NOTIC: [8] Undefined index: qq /www/wwwroot/jy.juhuaian.cn/Application/Runtime/Cache/JY/d29cc9c9e498b14fa0bbbdaf6fd8dade.php 第 81 行.
NOTIC: [8] Undefined index: sex /www/wwwroot/jy.juhuaian.cn/Application/Runtime/Cache/JY/d29cc9c9e498b14fa0bbbdaf6fd8dade.php 第 67 行.
NOTIC: [8] Undefined index: email /www/wwwroot/jy.juhuaian.cn/Application/Runtime/Cache/JY/d29cc9c9e498b14fa0bbbdaf6fd8dade.php 第 80 行.
NOTIC: [8] Undefined index: qq /www/wwwroot/jy.juhuaian.cn/Application/Runtime/Cache/JY/d29cc9c9e498b14fa0bbbdaf6fd8dade.php 第 81 行.
INFO: Run Behavior\ParseTemplateBehavior [ RunTime:0.006542s ]
INFO: [ view_parse ] --END-- [ RunTime:0.006566s ]
INFO: [ view_filter ] --START--
INFO: Run Behavior\WriteHtmlCacheBehavior [ RunTime:0.000111s ]
INFO: [ view_filter ] --END-- [ RunTime:0.000125s ]
INFO: [ app_end ] --START--
INFO: Run Behavior\ShowPageTraceBehavior [ RunTime:0.000303s ]
INFO: [ app_end ] --END-- [ RunTime:0.000321s ]

[ 2019-02-14T10:46:03+08:00 ] 112.36.194.11 /index.php/JY/Mgt/userlist/p/10.html
INFO: [ app_init ] --START--
INFO: Run Behavior\BuildLiteBehavior [ RunTime:0.000010s ]
INFO: [ app_init ] --END-- [ RunTime:0.000295s ]
INFO: [ app_begin ] --START--
INFO: Run Behavior\ReadHtmlCacheBehavior [ RunTime:0.000388s ]
INFO: [ app_begin ] --END-- [ RunTime:0.000412s ]
SQL: SHOW COLUMNS FROM `qm_user` [ RunTime:0.0011s ]
SQL: SELECT COUNT(*) AS tp_Count FROM `qm_user` LIMIT 1   [ RunTime:0.0001s ]
SQL: SELECT * FROM `qm_user` LIMIT 63,7   [ RunTime:0.0006s ]
INFO: [ view_parse ] --START--
INFO: [ template_filter ] --START--
INFO: Run Behavior\ContentReplaceBehavior [ RunTime:0.000059s ]
INFO: [ template_filter ] --END-- [ RunTime:0.000099s ]
NOTIC: [8] Undefined index: sex /www/wwwroot/jy.juhuaian.cn/Application/Runtime/Cache/JY/d29cc9c9e498b14fa0bbbdaf6fd8dade.php 第 67 行.
NOTIC: [8] Undefined index: email /www/wwwroot/jy.juhuaian.cn/Application/Runtime/Cache/JY/d29cc9c9e498b14fa0bbbdaf6fd8dade.php 第 80 行.
NOTIC: [8] Undefined index: qq /www/wwwroot/jy.juhuaian.cn/Application/Runtime/Cache/JY/d29cc9c9e498b14fa0bbbdaf6fd8dade.php 第 81 行.
NOTIC: [8] Undefined index: sex /www/wwwroot/jy.juhuaian.cn/Application/Runtime/Cache/JY/d29cc9c9e498b14fa0bbbdaf6fd8dade.php 第 67 行.
NOTIC: [8] Undefined index: email /www/wwwroot/jy.juhuaian.cn/Application/Runtime/Cache/JY/d29cc9c9e498b14fa0bbbdaf6fd8dade.php 第 80 行.
NOTIC: [8] Undefined index: qq /www/wwwroot/jy.juhuaian.cn/Application/Runtime/Cache/JY/d29cc9c9e498b14fa0bbbdaf6fd8dade.php 第 81 行.
NOTIC: [8] Undefined index: sex /www/wwwroot/jy.juhuaian.cn/Application/Runtime/Cache/JY/d29cc9c9e498b14fa0bbbdaf6fd8dade.php 第 67 行.
NOTIC: [8] Undefined index: email /www/wwwroot/jy.juhuaian.cn/Application/Runtime/Cache/JY/d29cc9c9e498b14fa0bbbdaf6fd8dade.php 第 80 行.
NOTIC: [8] Undefined index: qq /www/wwwroot/jy.juhuaian.cn/Application/Runtime/Cache/JY/d29cc9c9e498b14fa0bbbdaf6fd8dade.php 第 81 行.
NOTIC: [8] Undefined index: sex /www/wwwroot/jy.juhuaian.cn/Application/Runtime/Cache/JY/d29cc9c9e498b14fa0bbbdaf6fd8dade.php 第 67 行.
NOTIC: [8] Undefined index: email /www/wwwroot/jy.juhuaian.cn/Application/Runtime/Cache/JY/d29cc9c9e498b14fa0bbbdaf6fd8dade.php 第 80 行.
NOTIC: [8] Undefined index: qq /www/wwwroot/jy.juhuaian.cn/Application/Runtime/Cache/JY/d29cc9c9e498b14fa0bbbdaf6fd8dade.php 第 81 行.
NOTIC: [8] Undefined index: sex /www/wwwroot/jy.juhuaian.cn/Application/Runtime/Cache/JY/d29cc9c9e498b14fa0bbbdaf6fd8dade.php 第 67 行.
NOTIC: [8] Undefined index: email /www/wwwroot/jy.juhuaian.cn/Application/Runtime/Cache/JY/d29cc9c9e498b14fa0bbbdaf6fd8dade.php 第 80 行.
NOTIC: [8] Undefined index: qq /www/wwwroot/jy.juhuaian.cn/Application/Runtime/Cache/JY/d29cc9c9e498b14fa0bbbdaf6fd8dade.php 第 81 行.
NOTIC: [8] Undefined index: sex /www/wwwroot/jy.juhuaian.cn/Application/Runtime/Cache/JY/d29cc9c9e498b14fa0bbbdaf6fd8dade.php 第 67 行.
NOTIC: [8] Undefined index: email /www/wwwroot/jy.juhuaian.cn/Application/Runtime/Cache/JY/d29cc9c9e498b14fa0bbbdaf6fd8dade.php 第 80 行.
NOTIC: [8] Undefined index: qq /www/wwwroot/jy.juhuaian.cn/Application/Runtime/Cache/JY/d29cc9c9e498b14fa0bbbdaf6fd8dade.php 第 81 行.
NOTIC: [8] Undefined index: sex /www/wwwroot/jy.juhuaian.cn/Application/Runtime/Cache/JY/d29cc9c9e498b14fa0bbbdaf6fd8dade.php 第 67 行.
NOTIC: [8] Undefined index: email /www/wwwroot/jy.juhuaian.cn/Application/Runtime/Cache/JY/d29cc9c9e498b14fa0bbbdaf6fd8dade.php 第 80 行.
NOTIC: [8] Undefined index: qq /www/wwwroot/jy.juhuaian.cn/Application/Runtime/Cache/JY/d29cc9c9e498b14fa0bbbdaf6fd8dade.php 第 81 行.
INFO: Run Behavior\ParseTemplateBehavior [ RunTime:0.008124s ]
INFO: [ view_parse ] --END-- [ RunTime:0.008158s ]
INFO: [ view_filter ] --START--
INFO: Run Behavior\WriteHtmlCacheBehavior [ RunTime:0.000132s ]
INFO: [ view_filter ] --END-- [ RunTime:0.000149s ]
INFO: [ app_end ] --START--
INFO: Run Behavior\ShowPageTraceBehavior [ RunTime:0.000427s ]
INFO: [ app_end ] --END-- [ RunTime:0.000448s ]

[ 2019-02-14T10:46:09+08:00 ] 112.36.194.11 /index.php/JY/Mgt/userlist/p/11.html
INFO: [ app_init ] --START--
INFO: Run Behavior\BuildLiteBehavior [ RunTime:0.000010s ]
INFO: [ app_init ] --END-- [ RunTime:0.000308s ]
INFO: [ app_begin ] --START--
INFO: Run Behavior\ReadHtmlCacheBehavior [ RunTime:0.000292s ]
INFO: [ app_begin ] --END-- [ RunTime:0.000314s ]
SQL: SHOW COLUMNS FROM `qm_user` [ RunTime:0.0008s ]
SQL: SELECT COUNT(*) AS tp_Count FROM `qm_user` LIMIT 1   [ RunTime:0.0001s ]
SQL: SELECT * FROM `qm_user` LIMIT 70,7   [ RunTime:0.0004s ]
INFO: [ view_parse ] --START--
INFO: [ template_filter ] --START--
INFO: Run Behavior\ContentReplaceBehavior [ RunTime:0.000042s ]
INFO: [ template_filter ] --END-- [ RunTime:0.000063s ]
NOTIC: [8] Undefined index: sex /www/wwwroot/jy.juhuaian.cn/Application/Runtime/Cache/JY/d29cc9c9e498b14fa0bbbdaf6fd8dade.php 第 67 行.
NOTIC: [8] Undefined index: email /www/wwwroot/jy.juhuaian.cn/Application/Runtime/Cache/JY/d29cc9c9e498b14fa0bbbdaf6fd8dade.php 第 80 行.
NOTIC: [8] Undefined index: qq /www/wwwroot/jy.juhuaian.cn/Application/Runtime/Cache/JY/d29cc9c9e498b14fa0bbbdaf6fd8dade.php 第 81 行.
NOTIC: [8] Undefined index: sex /www/wwwroot/jy.juhuaian.cn/Application/Runtime/Cache/JY/d29cc9c9e498b14fa0bbbdaf6fd8dade.php 第 67 行.
NOTIC: [8] Undefined index: email /www/wwwroot/jy.juhuaian.cn/Application/Runtime/Cache/JY/d29cc9c9e498b14fa0bbbdaf6fd8dade.php 第 80 行.
NOTIC: [8] Undefined index: qq /www/wwwroot/jy.juhuaian.cn/Application/Runtime/Cache/JY/d29cc9c9e498b14fa0bbbdaf6fd8dade.php 第 81 行.
NOTIC: [8] Undefined index: sex /www/wwwroot/jy.juhuaian.cn/Application/Runtime/Cache/JY/d29cc9c9e498b14fa0bbbdaf6fd8dade.php 第 67 行.
NOTIC: [8] Undefined index: email /www/wwwroot/jy.juhuaian.cn/Application/Runtime/Cache/JY/d29cc9c9e498b14fa0bbbdaf6fd8dade.php 第 80 行.
NOTIC: [8] Undefined index: qq /www/wwwroot/jy.juhuaian.cn/Application/Runtime/Cache/JY/d29cc9c9e498b14fa0bbbdaf6fd8dade.php 第 81 行.
NOTIC: [8] Undefined index: sex /www/wwwroot/jy.juhuaian.cn/Application/Runtime/Cache/JY/d29cc9c9e498b14fa0bbbdaf6fd8dade.php 第 67 行.
NOTIC: [8] Undefined index: email /www/wwwroot/jy.juhuaian.cn/Application/Runtime/Cache/JY/d29cc9c9e498b14fa0bbbdaf6fd8dade.php 第 80 行.
NOTIC: [8] Undefined index: qq /www/wwwroot/jy.juhuaian.cn/Application/Runtime/Cache/JY/d29cc9c9e498b14fa0bbbdaf6fd8dade.php 第 81 行.
NOTIC: [8] Undefined index: sex /www/wwwroot/jy.juhuaian.cn/Application/Runtime/Cache/JY/d29cc9c9e498b14fa0bbbdaf6fd8dade.php 第 67 行.
NOTIC: [8] Undefined index: email /www/wwwroot/jy.juhuaian.cn/Application/Runtime/Cache/JY/d29cc9c9e498b14fa0bbbdaf6fd8dade.php 第 80 行.
NOTIC: [8] Undefined index: qq /www/wwwroot/jy.juhuaian.cn/Application/Runtime/Cache/JY/d29cc9c9e498b14fa0bbbdaf6fd8dade.php 第 81 行.
NOTIC: [8] Undefined index: sex /www/wwwroot/jy.juhuaian.cn/Application/Runtime/Cache/JY/d29cc9c9e498b14fa0bbbdaf6fd8dade.php 第 67 行.
NOTIC: [8] Undefined index: email /www/wwwroot/jy.juhuaian.cn/Application/Runtime/Cache/JY/d29cc9c9e498b14fa0bbbdaf6fd8dade.php 第 80 行.
NOTIC: [8] Undefined index: qq /www/wwwroot/jy.juhuaian.cn/Application/Runtime/Cache/JY/d29cc9c9e498b14fa0bbbdaf6fd8dade.php 第 81 行.
NOTIC: [8] Undefined index: sex /www/wwwroot/jy.juhuaian.cn/Application/Runtime/Cache/JY/d29cc9c9e498b14fa0bbbdaf6fd8dade.php 第 67 行.
NOTIC: [8] Undefined index: email /www/wwwroot/jy.juhuaian.cn/Application/Runtime/Cache/JY/d29cc9c9e498b14fa0bbbdaf6fd8dade.php 第 80 行.
NOTIC: [8] Undefined index: qq /www/wwwroot/jy.juhuaian.cn/Application/Runtime/Cache/JY/d29cc9c9e498b14fa0bbbdaf6fd8dade.php 第 81 行.
INFO: Run Behavior\ParseTemplateBehavior [ RunTime:0.004122s ]
INFO: [ view_parse ] --END-- [ RunTime:0.004140s ]
INFO: [ view_filter ] --START--
INFO: Run Behavior\WriteHtmlCacheBehavior [ RunTime:0.000090s ]
INFO: [ view_filter ] --END-- [ RunTime:0.000104s ]
INFO: [ app_end ] --START--
INFO: Run Behavior\ShowPageTraceBehavior [ RunTime:0.000294s ]
INFO: [ app_end ] --END-- [ RunTime:0.000311s ]

[ 2019-02-14T10:46:51+08:00 ] 112.36.194.11 /index.php/JY/Mgt/userlist/p/12.html
INFO: [ app_init ] --START--
INFO: Run Behavior\BuildLiteBehavior [ RunTime:0.000011s ]
INFO: [ app_init ] --END-- [ RunTime:0.000313s ]
INFO: [ app_begin ] --START--
INFO: Run Behavior\ReadHtmlCacheBehavior [ RunTime:0.000377s ]
INFO: [ app_begin ] --END-- [ RunTime:0.000401s ]
SQL: SHOW COLUMNS FROM `qm_user` [ RunTime:0.0010s ]
SQL: SELECT COUNT(*) AS tp_Count FROM `qm_user` LIMIT 1   [ RunTime:0.0001s ]
SQL: SELECT * FROM `qm_user` LIMIT 77,7   [ RunTime:0.0006s ]
INFO: [ view_parse ] --START--
INFO: [ template_filter ] --START--
INFO: Run Behavior\ContentReplaceBehavior [ RunTime:0.000051s ]
INFO: [ template_filter ] --END-- [ RunTime:0.000082s ]
NOTIC: [8] Undefined index: sex /www/wwwroot/jy.juhuaian.cn/Application/Runtime/Cache/JY/d29cc9c9e498b14fa0bbbdaf6fd8dade.php 第 67 行.
NOTIC: [8] Undefined index: email /www/wwwroot/jy.juhuaian.cn/Application/Runtime/Cache/JY/d29cc9c9e498b14fa0bbbdaf6fd8dade.php 第 80 行.
NOTIC: [8] Undefined index: qq /www/wwwroot/jy.juhuaian.cn/Application/Runtime/Cache/JY/d29cc9c9e498b14fa0bbbdaf6fd8dade.php 第 81 行.
NOTIC: [8] Undefined index: sex /www/wwwroot/jy.juhuaian.cn/Application/Runtime/Cache/JY/d29cc9c9e498b14fa0bbbdaf6fd8dade.php 第 67 行.
NOTIC: [8] Undefined index: email /www/wwwroot/jy.juhuaian.cn/Application/Runtime/Cache/JY/d29cc9c9e498b14fa0bbbdaf6fd8dade.php 第 80 行.
NOTIC: [8] Undefined index: qq /www/wwwroot/jy.juhuaian.cn/Application/Runtime/Cache/JY/d29cc9c9e498b14fa0bbbdaf6fd8dade.php 第 81 行.
NOTIC: [8] Undefined index: sex /www/wwwroot/jy.juhuaian.cn/Application/Runtime/Cache/JY/d29cc9c9e498b14fa0bbbdaf6fd8dade.php 第 67 行.
NOTIC: [8] Undefined index: email /www/wwwroot/jy.juhuaian.cn/Application/Runtime/Cache/JY/d29cc9c9e498b14fa0bbbdaf6fd8dade.php 第 80 行.
NOTIC: [8] Undefined index: qq /www/wwwroot/jy.juhuaian.cn/Application/Runtime/Cache/JY/d29cc9c9e498b14fa0bbbdaf6fd8dade.php 第 81 行.
NOTIC: [8] Undefined index: sex /www/wwwroot/jy.juhuaian.cn/Application/Runtime/Cache/JY/d29cc9c9e498b14fa0bbbdaf6fd8dade.php 第 67 行.
NOTIC: [8] Undefined index: email /www/wwwroot/jy.juhuaian.cn/Application/Runtime/Cache/JY/d29cc9c9e498b14fa0bbbdaf6fd8dade.php 第 80 行.
NOTIC: [8] Undefined index: qq /www/wwwroot/jy.juhuaian.cn/Application/Runtime/Cache/JY/d29cc9c9e498b14fa0bbbdaf6fd8dade.php 第 81 行.
NOTIC: [8] Undefined index: sex /www/wwwroot/jy.juhuaian.cn/Application/Runtime/Cache/JY/d29cc9c9e498b14fa0bbbdaf6fd8dade.php 第 67 行.
NOTIC: [8] Undefined index: email /www/wwwroot/jy.juhuaian.cn/Application/Runtime/Cache/JY/d29cc9c9e498b14fa0bbbdaf6fd8dade.php 第 80 行.
NOTIC: [8] Undefined index: qq /www/wwwroot/jy.juhuaian.cn/Application/Runtime/Cache/JY/d29cc9c9e498b14fa0bbbdaf6fd8dade.php 第 81 行.
NOTIC: [8] Undefined index: sex /www/wwwroot/jy.juhuaian.cn/Application/Runtime/Cache/JY/d29cc9c9e498b14fa0bbbdaf6fd8dade.php 第 67 行.
NOTIC: [8] Undefined index: email /www/wwwroot/jy.juhuaian.cn/Application/Runtime/Cache/JY/d29cc9c9e498b14fa0bbbdaf6fd8dade.php 第 80 行.
NOTIC: [8] Undefined index: qq /www/wwwroot/jy.juhuaian.cn/Application/Runtime/Cache/JY/d29cc9c9e498b14fa0bbbdaf6fd8dade.php 第 81 行.
NOTIC: [8] Undefined index: sex /www/wwwroot/jy.juhuaian.cn/Application/Runtime/Cache/JY/d29cc9c9e498b14fa0bbbdaf6fd8dade.php 第 67 行.
NOTIC: [8] Undefined index: email /www/wwwroot/jy.juhuaian.cn/Application/Runtime/Cache/JY/d29cc9c9e498b14fa0bbbdaf6fd8dade.php 第 80 行.
NOTIC: [8] Undefined index: qq /www/wwwroot/jy.juhuaian.cn/Application/Runtime/Cache/JY/d29cc9c9e498b14fa0bbbdaf6fd8dade.php 第 81 行.
INFO: Run Behavior\ParseTemplateBehavior [ RunTime:0.005510s ]
INFO: [ view_parse ] --END-- [ RunTime:0.005532s ]
INFO: [ view_filter ] --START--
INFO: Run Behavior\WriteHtmlCacheBehavior [ RunTime:0.000118s ]
INFO: [ view_filter ] --END-- [ RunTime:0.000134s ]
INFO: [ app_end ] --START--
INFO: Run Behavior\ShowPageTraceBehavior [ RunTime:0.000427s ]
INFO: [ app_end ] --END-- [ RunTime:0.000450s ]

[ 2019-02-14T10:46:56+08:00 ] 112.36.194.11 /index.php/JY/Mgt/userlist/p/13.html
INFO: [ app_init ] --START--
INFO: Run Behavior\BuildLiteBehavior [ RunTime:0.000007s ]
INFO: [ app_init ] --END-- [ RunTime:0.000182s ]
INFO: [ app_begin ] --START--
INFO: Run Behavior\ReadHtmlCacheBehavior [ RunTime:0.000245s ]
INFO: [ app_begin ] --END-- [ RunTime:0.000263s ]
SQL: SHOW COLUMNS FROM `qm_user` [ RunTime:0.0007s ]
SQL: SELECT COUNT(*) AS tp_Count FROM `qm_user` LIMIT 1   [ RunTime:0.0000s ]
SQL: SELECT * FROM `qm_user` LIMIT 84,7   [ RunTime:0.0006s ]
INFO: [ view_parse ] --START--
INFO: [ template_filter ] --START--
INFO: Run Behavior\ContentReplaceBehavior [ RunTime:0.000044s ]
INFO: [ template_filter ] --END-- [ RunTime:0.000067s ]
NOTIC: [8] Undefined index: sex /www/wwwroot/jy.juhuaian.cn/Application/Runtime/Cache/JY/d29cc9c9e498b14fa0bbbdaf6fd8dade.php 第 67 行.
NOTIC: [8] Undefined index: email /www/wwwroot/jy.juhuaian.cn/Application/Runtime/Cache/JY/d29cc9c9e498b14fa0bbbdaf6fd8dade.php 第 80 行.
NOTIC: [8] Undefined index: qq /www/wwwroot/jy.juhuaian.cn/Application/Runtime/Cache/JY/d29cc9c9e498b14fa0bbbdaf6fd8dade.php 第 81 行.
NOTIC: [8] Undefined index: sex /www/wwwroot/jy.juhuaian.cn/Application/Runtime/Cache/JY/d29cc9c9e498b14fa0bbbdaf6fd8dade.php 第 67 行.
NOTIC: [8] Undefined index: email /www/wwwroot/jy.juhuaian.cn/Application/Runtime/Cache/JY/d29cc9c9e498b14fa0bbbdaf6fd8dade.php 第 80 行.
NOTIC: [8] Undefined index: qq /www/wwwroot/jy.juhuaian.cn/Application/Runtime/Cache/JY/d29cc9c9e498b14fa0bbbdaf6fd8dade.php 第 81 行.
NOTIC: [8] Undefined index: sex /www/wwwroot/jy.juhuaian.cn/Application/Runtime/Cache/JY/d29cc9c9e498b14fa0bbbdaf6fd8dade.php 第 67 行.
NOTIC: [8] Undefined index: email /www/wwwroot/jy.juhuaian.cn/Application/Runtime/Cache/JY/d29cc9c9e498b14fa0bbbdaf6fd8dade.php 第 80 行.
NOTIC: [8] Undefined index: qq /www/wwwroot/jy.juhuaian.cn/Application/Runtime/Cache/JY/d29cc9c9e498b14fa0bbbdaf6fd8dade.php 第 81 行.
NOTIC: [8] Undefined index: sex /www/wwwroot/jy.juhuaian.cn/Application/Runtime/Cache/JY/d29cc9c9e498b14fa0bbbdaf6fd8dade.php 第 67 行.
NOTIC: [8] Undefined index: email /www/wwwroot/jy.juhuaian.cn/Application/Runtime/Cache/JY/d29cc9c9e498b14fa0bbbdaf6fd8dade.php 第 80 行.
NOTIC: [8] Undefined index: qq /www/wwwroot/jy.juhuaian.cn/Application/Runtime/Cache/JY/d29cc9c9e498b14fa0bbbdaf6fd8dade.php 第 81 行.
NOTIC: [8] Undefined index: sex /www/wwwroot/jy.juhuaian.cn/Application/Runtime/Cache/JY/d29cc9c9e498b14fa0bbbdaf6fd8dade.php 第 67 行.
NOTIC: [8] Undefined index: email /www/wwwroot/jy.juhuaian.cn/Application/Runtime/Cache/JY/d29cc9c9e498b14fa0bbbdaf6fd8dade.php 第 80 行.
NOTIC: [8] Undefined index: qq /www/wwwroot/jy.juhuaian.cn/Application/Runtime/Cache/JY/d29cc9c9e498b14fa0bbbdaf6fd8dade.php 第 81 行.
NOTIC: [8] Undefined index: sex /www/wwwroot/jy.juhuaian.cn/Application/Runtime/Cache/JY/d29cc9c9e498b14fa0bbbdaf6fd8dade.php 第 67 行.
NOTIC: [8] Undefined index: email /www/wwwroot/jy.juhuaian.cn/Application/Runtime/Cache/JY/d29cc9c9e498b14fa0bbbdaf6fd8dade.php 第 80 行.
NOTIC: [8] Undefined index: qq /www/wwwroot/jy.juhuaian.cn/Application/Runtime/Cache/JY/d29cc9c9e498b14fa0bbbdaf6fd8dade.php 第 81 行.
NOTIC: [8] Undefined index: sex /www/wwwroot/jy.juhuaian.cn/Application/Runtime/Cache/JY/d29cc9c9e498b14fa0bbbdaf6fd8dade.php 第 67 行.
NOTIC: [8] Undefined index: email /www/wwwroot/jy.juhuaian.cn/Application/Runtime/Cache/JY/d29cc9c9e498b14fa0bbbdaf6fd8dade.php 第 80 行.
NOTIC: [8] Undefined index: qq /www/wwwroot/jy.juhuaian.cn/Application/Runtime/Cache/JY/d29cc9c9e498b14fa0bbbdaf6fd8dade.php 第 81 行.
INFO: Run Behavior\ParseTemplateBehavior [ RunTime:0.003965s ]
INFO: [ view_parse ] --END-- [ RunTime:0.003980s ]
INFO: [ view_filter ] --START--
INFO: Run Behavior\WriteHtmlCacheBehavior [ RunTime:0.000081s ]
INFO: [ view_filter ] --END-- [ RunTime:0.000093s ]
INFO: [ app_end ] --START--
INFO: Run Behavior\ShowPageTraceBehavior [ RunTime:0.000364s ]
INFO: [ app_end ] --END-- [ RunTime:0.000382s ]

[ 2019-02-14T10:47:14+08:00 ] 112.36.194.11 /index.php/JY/Mgt/userlist/p/14.html
INFO: [ app_init ] --START--
INFO: Run Behavior\BuildLiteBehavior [ RunTime:0.000009s ]
INFO: [ app_init ] --END-- [ RunTime:0.000245s ]
INFO: [ app_begin ] --START--
INFO: Run Behavior\ReadHtmlCacheBehavior [ RunTime:0.000315s ]
INFO: [ app_begin ] --END-- [ RunTime:0.000337s ]
SQL: SHOW COLUMNS FROM `qm_user` [ RunTime:0.0010s ]
SQL: SELECT COUNT(*) AS tp_Count FROM `qm_user` LIMIT 1   [ RunTime:0.0001s ]
SQL: SELECT * FROM `qm_user` LIMIT 91,7   [ RunTime:0.0005s ]
INFO: [ view_parse ] --START--
INFO: [ template_filter ] --START--
INFO: Run Behavior\ContentReplaceBehavior [ RunTime:0.000049s ]
INFO: [ template_filter ] --END-- [ RunTime:0.000078s ]
NOTIC: [8] Undefined index: sex /www/wwwroot/jy.juhuaian.cn/Application/Runtime/Cache/JY/d29cc9c9e498b14fa0bbbdaf6fd8dade.php 第 67 行.
NOTIC: [8] Undefined index: email /www/wwwroot/jy.juhuaian.cn/Application/Runtime/Cache/JY/d29cc9c9e498b14fa0bbbdaf6fd8dade.php 第 80 行.
NOTIC: [8] Undefined index: qq /www/wwwroot/jy.juhuaian.cn/Application/Runtime/Cache/JY/d29cc9c9e498b14fa0bbbdaf6fd8dade.php 第 81 行.
NOTIC: [8] Undefined index: sex /www/wwwroot/jy.juhuaian.cn/Application/Runtime/Cache/JY/d29cc9c9e498b14fa0bbbdaf6fd8dade.php 第 67 行.
NOTIC: [8] Undefined index: email /www/wwwroot/jy.juhuaian.cn/Application/Runtime/Cache/JY/d29cc9c9e498b14fa0bbbdaf6fd8dade.php 第 80 行.
NOTIC: [8] Undefined index: qq /www/wwwroot/jy.juhuaian.cn/Application/Runtime/Cache/JY/d29cc9c9e498b14fa0bbbdaf6fd8dade.php 第 81 行.
NOTIC: [8] Undefined index: sex /www/wwwroot/jy.juhuaian.cn/Application/Runtime/Cache/JY/d29cc9c9e498b14fa0bbbdaf6fd8dade.php 第 67 行.
NOTIC: [8] Undefined index: email /www/wwwroot/jy.juhuaian.cn/Application/Runtime/Cache/JY/d29cc9c9e498b14fa0bbbdaf6fd8dade.php 第 80 行.
NOTIC: [8] Undefined index: qq /www/wwwroot/jy.juhuaian.cn/Application/Runtime/Cache/JY/d29cc9c9e498b14fa0bbbdaf6fd8dade.php 第 81 行.
NOTIC: [8] Undefined index: sex /www/wwwroot/jy.juhuaian.cn/Application/Runtime/Cache/JY/d29cc9c9e498b14fa0bbbdaf6fd8dade.php 第 67 行.
NOTIC: [8] Undefined index: email /www/wwwroot/jy.juhuaian.cn/Application/Runtime/Cache/JY/d29cc9c9e498b14fa0bbbdaf6fd8dade.php 第 80 行.
NOTIC: [8] Undefined index: qq /www/wwwroot/jy.juhuaian.cn/Application/Runtime/Cache/JY/d29cc9c9e498b14fa0bbbdaf6fd8dade.php 第 81 行.
NOTIC: [8] Undefined index: sex /www/wwwroot/jy.juhuaian.cn/Application/Runtime/Cache/JY/d29cc9c9e498b14fa0bbbdaf6fd8dade.php 第 67 行.
NOTIC: [8] Undefined index: email /www/wwwroot/jy.juhuaian.cn/Application/Runtime/Cache/JY/d29cc9c9e498b14fa0bbbdaf6fd8dade.php 第 80 行.
NOTIC: [8] Undefined index: qq /www/wwwroot/jy.juhuaian.cn/Application/Runtime/Cache/JY/d29cc9c9e498b14fa0bbbdaf6fd8dade.php 第 81 行.
NOTIC: [8] Undefined index: sex /www/wwwroot/jy.juhuaian.cn/Application/Runtime/Cache/JY/d29cc9c9e498b14fa0bbbdaf6fd8dade.php 第 67 行.
NOTIC: [8] Undefined index: email /www/wwwroot/jy.juhuaian.cn/Application/Runtime/Cache/JY/d29cc9c9e498b14fa0bbbdaf6fd8dade.php 第 80 行.
NOTIC: [8] Undefined index: qq /www/wwwroot/jy.juhuaian.cn/Application/Runtime/Cache/JY/d29cc9c9e498b14fa0bbbdaf6fd8dade.php 第 81 行.
NOTIC: [8] Undefined index: sex /www/wwwroot/jy.juhuaian.cn/Application/Runtime/Cache/JY/d29cc9c9e498b14fa0bbbdaf6fd8dade.php 第 67 行.
NOTIC: [8] Undefined index: email /www/wwwroot/jy.juhuaian.cn/Application/Runtime/Cache/JY/d29cc9c9e498b14fa0bbbdaf6fd8dade.php 第 80 行.
NOTIC: [8] Undefined index: qq /www/wwwroot/jy.juhuaian.cn/Application/Runtime/Cache/JY/d29cc9c9e498b14fa0bbbdaf6fd8dade.php 第 81 行.
INFO: Run Behavior\ParseTemplateBehavior [ RunTime:0.004701s ]
INFO: [ view_parse ] --END-- [ RunTime:0.004725s ]
INFO: [ view_filter ] --START--
INFO: Run Behavior\WriteHtmlCacheBehavior [ RunTime:0.000116s ]
INFO: [ view_filter ] --END-- [ RunTime:0.000133s ]
INFO: [ app_end ] --START--
INFO: Run Behavior\ShowPageTraceBehavior [ RunTime:0.000335s ]
INFO: [ app_end ] --END-- [ RunTime:0.000354s ]

[ 2019-02-14T10:47:19+08:00 ] 112.36.194.11 /index.php/JY/Mgt/userlist/p/15.html
INFO: [ app_init ] --START--
INFO: Run Behavior\BuildLiteBehavior [ RunTime:0.000010s ]
INFO: [ app_init ] --END-- [ RunTime:0.000247s ]
INFO: [ app_begin ] --START--
INFO: Run Behavior\ReadHtmlCacheBehavior [ RunTime:0.000433s ]
INFO: [ app_begin ] --END-- [ RunTime:0.000459s ]
SQL: SHOW COLUMNS FROM `qm_user` [ RunTime:0.0010s ]
SQL: SELECT COUNT(*) AS tp_Count FROM `qm_user` LIMIT 1   [ RunTime:0.0001s ]
SQL: SELECT * FROM `qm_user` LIMIT 98,7   [ RunTime:0.0006s ]
INFO: [ view_parse ] --START--
INFO: [ template_filter ] --START--
INFO: Run Behavior\ContentReplaceBehavior [ RunTime:0.000044s ]
INFO: [ template_filter ] --END-- [ RunTime:0.000067s ]
NOTIC: [8] Undefined index: sex /www/wwwroot/jy.juhuaian.cn/Application/Runtime/Cache/JY/d29cc9c9e498b14fa0bbbdaf6fd8dade.php 第 67 行.
NOTIC: [8] Undefined index: email /www/wwwroot/jy.juhuaian.cn/Application/Runtime/Cache/JY/d29cc9c9e498b14fa0bbbdaf6fd8dade.php 第 80 行.
NOTIC: [8] Undefined index: qq /www/wwwroot/jy.juhuaian.cn/Application/Runtime/Cache/JY/d29cc9c9e498b14fa0bbbdaf6fd8dade.php 第 81 行.
NOTIC: [8] Undefined index: sex /www/wwwroot/jy.juhuaian.cn/Application/Runtime/Cache/JY/d29cc9c9e498b14fa0bbbdaf6fd8dade.php 第 67 行.
NOTIC: [8] Undefined index: email /www/wwwroot/jy.juhuaian.cn/Application/Runtime/Cache/JY/d29cc9c9e498b14fa0bbbdaf6fd8dade.php 第 80 行.
NOTIC: [8] Undefined index: qq /www/wwwroot/jy.juhuaian.cn/Application/Runtime/Cache/JY/d29cc9c9e498b14fa0bbbdaf6fd8dade.php 第 81 行.
NOTIC: [8] Undefined index: sex /www/wwwroot/jy.juhuaian.cn/Application/Runtime/Cache/JY/d29cc9c9e498b14fa0bbbdaf6fd8dade.php 第 67 行.
NOTIC: [8] Undefined index: email /www/wwwroot/jy.juhuaian.cn/Application/Runtime/Cache/JY/d29cc9c9e498b14fa0bbbdaf6fd8dade.php 第 80 行.
NOTIC: [8] Undefined index: qq /www/wwwroot/jy.juhuaian.cn/Application/Runtime/Cache/JY/d29cc9c9e498b14fa0bbbdaf6fd8dade.php 第 81 行.
NOTIC: [8] Undefined index: sex /www/wwwroot/jy.juhuaian.cn/Application/Runtime/Cache/JY/d29cc9c9e498b14fa0bbbdaf6fd8dade.php 第 67 行.
NOTIC: [8] Undefined index: email /www/wwwroot/jy.juhuaian.cn/Application/Runtime/Cache/JY/d29cc9c9e498b14fa0bbbdaf6fd8dade.php 第 80 行.
NOTIC: [8] Undefined index: qq /www/wwwroot/jy.juhuaian.cn/Application/Runtime/Cache/JY/d29cc9c9e498b14fa0bbbdaf6fd8dade.php 第 81 行.
NOTIC: [8] Undefined index: sex /www/wwwroot/jy.juhuaian.cn/Application/Runtime/Cache/JY/d29cc9c9e498b14fa0bbbdaf6fd8dade.php 第 67 行.
NOTIC: [8] Undefined index: email /www/wwwroot/jy.juhuaian.cn/Application/Runtime/Cache/JY/d29cc9c9e498b14fa0bbbdaf6fd8dade.php 第 80 行.
NOTIC: [8] Undefined index: qq /www/wwwroot/jy.juhuaian.cn/Application/Runtime/Cache/JY/d29cc9c9e498b14fa0bbbdaf6fd8dade.php 第 81 行.
NOTIC: [8] Undefined index: sex /www/wwwroot/jy.juhuaian.cn/Application/Runtime/Cache/JY/d29cc9c9e498b14fa0bbbdaf6fd8dade.php 第 67 行.
NOTIC: [8] Undefined index: email /www/wwwroot/jy.juhuaian.cn/Application/Runtime/Cache/JY/d29cc9c9e498b14fa0bbbdaf6fd8dade.php 第 80 行.
NOTIC: [8] Undefined index: qq /www/wwwroot/jy.juhuaian.cn/Application/Runtime/Cache/JY/d29cc9c9e498b14fa0bbbdaf6fd8dade.php 第 81 行.
NOTIC: [8] Undefined index: sex /www/wwwroot/jy.juhuaian.cn/Application/Runtime/Cache/JY/d29cc9c9e498b14fa0bbbdaf6fd8dade.php 第 67 行.
NOTIC: [8] Undefined index: email /www/wwwroot/jy.juhuaian.cn/Application/Runtime/Cache/JY/d29cc9c9e498b14fa0bbbdaf6fd8dade.php 第 80 行.
NOTIC: [8] Undefined index: qq /www/wwwroot/jy.juhuaian.cn/Application/Runtime/Cache/JY/d29cc9c9e498b14fa0bbbdaf6fd8dade.php 第 81 行.
INFO: Run Behavior\ParseTemplateBehavior [ RunTime:0.004211s ]
INFO: [ view_parse ] --END-- [ RunTime:0.004244s ]
INFO: [ view_filter ] --START--
INFO: Run Behavior\WriteHtmlCacheBehavior [ RunTime:0.000089s ]
INFO: [ view_filter ] --END-- [ RunTime:0.000101s ]
INFO: [ app_end ] --START--
INFO: Run Behavior\ShowPageTraceBehavior [ RunTime:0.000262s ]
INFO: [ app_end ] --END-- [ RunTime:0.000278s ]

[ 2019-02-14T10:47:38+08:00 ] 112.36.194.11 /index.php/JY/Mgt/userlist/p/16.html
INFO: [ app_init ] --START--
INFO: Run Behavior\BuildLiteBehavior [ RunTime:0.000008s ]
INFO: [ app_init ] --END-- [ RunTime:0.000222s ]
INFO: [ app_begin ] --START--
INFO: Run Behavior\ReadHtmlCacheBehavior [ RunTime:0.000234s ]
INFO: [ app_begin ] --END-- [ RunTime:0.000251s ]
SQL: SHOW COLUMNS FROM `qm_user` [ RunTime:0.0010s ]
SQL: SELECT COUNT(*) AS tp_Count FROM `qm_user` LIMIT 1   [ RunTime:0.0000s ]
SQL: SELECT * FROM `qm_user` LIMIT 105,7   [ RunTime:0.0007s ]
INFO: [ view_parse ] --START--
INFO: [ template_filter ] --START--
INFO: Run Behavior\ContentReplaceBehavior [ RunTime:0.000046s ]
INFO: [ template_filter ] --END-- [ RunTime:0.000101s ]
NOTIC: [8] Undefined index: sex /www/wwwroot/jy.juhuaian.cn/Application/Runtime/Cache/JY/d29cc9c9e498b14fa0bbbdaf6fd8dade.php 第 67 行.
NOTIC: [8] Undefined index: email /www/wwwroot/jy.juhuaian.cn/Application/Runtime/Cache/JY/d29cc9c9e498b14fa0bbbdaf6fd8dade.php 第 80 行.
NOTIC: [8] Undefined index: qq /www/wwwroot/jy.juhuaian.cn/Application/Runtime/Cache/JY/d29cc9c9e498b14fa0bbbdaf6fd8dade.php 第 81 行.
NOTIC: [8] Undefined index: sex /www/wwwroot/jy.juhuaian.cn/Application/Runtime/Cache/JY/d29cc9c9e498b14fa0bbbdaf6fd8dade.php 第 67 行.
NOTIC: [8] Undefined index: email /www/wwwroot/jy.juhuaian.cn/Application/Runtime/Cache/JY/d29cc9c9e498b14fa0bbbdaf6fd8dade.php 第 80 行.
NOTIC: [8] Undefined index: qq /www/wwwroot/jy.juhuaian.cn/Application/Runtime/Cache/JY/d29cc9c9e498b14fa0bbbdaf6fd8dade.php 第 81 行.
NOTIC: [8] Undefined index: sex /www/wwwroot/jy.juhuaian.cn/Application/Runtime/Cache/JY/d29cc9c9e498b14fa0bbbdaf6fd8dade.php 第 67 行.
NOTIC: [8] Undefined index: email /www/wwwroot/jy.juhuaian.cn/Application/Runtime/Cache/JY/d29cc9c9e498b14fa0bbbdaf6fd8dade.php 第 80 行.
NOTIC: [8] Undefined index: qq /www/wwwroot/jy.juhuaian.cn/Application/Runtime/Cache/JY/d29cc9c9e498b14fa0bbbdaf6fd8dade.php 第 81 行.
NOTIC: [8] Undefined index: sex /www/wwwroot/jy.juhuaian.cn/Application/Runtime/Cache/JY/d29cc9c9e498b14fa0bbbdaf6fd8dade.php 第 67 行.
NOTIC: [8] Undefined index: email /www/wwwroot/jy.juhuaian.cn/Application/Runtime/Cache/JY/d29cc9c9e498b14fa0bbbdaf6fd8dade.php 第 80 行.
NOTIC: [8] Undefined index: qq /www/wwwroot/jy.juhuaian.cn/Application/Runtime/Cache/JY/d29cc9c9e498b14fa0bbbdaf6fd8dade.php 第 81 行.
NOTIC: [8] Undefined index: sex /www/wwwroot/jy.juhuaian.cn/Application/Runtime/Cache/JY/d29cc9c9e498b14fa0bbbdaf6fd8dade.php 第 67 行.
NOTIC: [8] Undefined index: email /www/wwwroot/jy.juhuaian.cn/Application/Runtime/Cache/JY/d29cc9c9e498b14fa0bbbdaf6fd8dade.php 第 80 行.
NOTIC: [8] Undefined index: qq /www/wwwroot/jy.juhuaian.cn/Application/Runtime/Cache/JY/d29cc9c9e498b14fa0bbbdaf6fd8dade.php 第 81 行.
NOTIC: [8] Undefined index: sex /www/wwwroot/jy.juhuaian.cn/Application/Runtime/Cache/JY/d29cc9c9e498b14fa0bbbdaf6fd8dade.php 第 67 行.
NOTIC: [8] Undefined index: email /www/wwwroot/jy.juhuaian.cn/Application/Runtime/Cache/JY/d29cc9c9e498b14fa0bbbdaf6fd8dade.php 第 80 行.
NOTIC: [8] Undefined index: qq /www/wwwroot/jy.juhuaian.cn/Application/Runtime/Cache/JY/d29cc9c9e498b14fa0bbbdaf6fd8dade.php 第 81 行.
NOTIC: [8] Undefined index: sex /www/wwwroot/jy.juhuaian.cn/Application/Runtime/Cache/JY/d29cc9c9e498b14fa0bbbdaf6fd8dade.php 第 67 行.
NOTIC: [8] Undefined index: email /www/wwwroot/jy.juhuaian.cn/Application/Runtime/Cache/JY/d29cc9c9e498b14fa0bbbdaf6fd8dade.php 第 80 行.
NOTIC: [8] Undefined index: qq /www/wwwroot/jy.juhuaian.cn/Application/Runtime/Cache/JY/d29cc9c9e498b14fa0bbbdaf6fd8dade.php 第 81 行.
INFO: Run Behavior\ParseTemplateBehavior [ RunTime:0.004460s ]
INFO: [ view_parse ] --END-- [ RunTime:0.004476s ]
INFO: [ view_filter ] --START--
INFO: Run Behavior\WriteHtmlCacheBehavior [ RunTime:0.000091s ]
INFO: [ view_filter ] --END-- [ RunTime:0.000106s ]
INFO: [ app_end ] --START--
INFO: Run Behavior\ShowPageTraceBehavior [ RunTime:0.000308s ]
INFO: [ app_end ] --END-- [ RunTime:0.000328s ]

[ 2019-02-14T10:47:42+08:00 ] 112.36.194.11 /index.php/JY/Mgt/userlist/p/17.html
INFO: [ app_init ] --START--
INFO: Run Behavior\BuildLiteBehavior [ RunTime:0.000009s ]
INFO: [ app_init ] --END-- [ RunTime:0.000252s ]
INFO: [ app_begin ] --START--
INFO: Run Behavior\ReadHtmlCacheBehavior [ RunTime:0.000294s ]
INFO: [ app_begin ] --END-- [ RunTime:0.000316s ]
SQL: SHOW COLUMNS FROM `qm_user` [ RunTime:0.0007s ]
SQL: SELECT COUNT(*) AS tp_Count FROM `qm_user` LIMIT 1   [ RunTime:0.0000s ]
SQL: SELECT * FROM `qm_user` LIMIT 112,7   [ RunTime:0.0006s ]
INFO: [ view_parse ] --START--
INFO: [ template_filter ] --START--
INFO: Run Behavior\ContentReplaceBehavior [ RunTime:0.000071s ]
INFO: [ template_filter ] --END-- [ RunTime:0.000091s ]
NOTIC: [8] Undefined index: sex /www/wwwroot/jy.juhuaian.cn/Application/Runtime/Cache/JY/d29cc9c9e498b14fa0bbbdaf6fd8dade.php 第 67 行.
NOTIC: [8] Undefined index: email /www/wwwroot/jy.juhuaian.cn/Application/Runtime/Cache/JY/d29cc9c9e498b14fa0bbbdaf6fd8dade.php 第 80 行.
NOTIC: [8] Undefined index: qq /www/wwwroot/jy.juhuaian.cn/Application/Runtime/Cache/JY/d29cc9c9e498b14fa0bbbdaf6fd8dade.php 第 81 行.
NOTIC: [8] Undefined index: sex /www/wwwroot/jy.juhuaian.cn/Application/Runtime/Cache/JY/d29cc9c9e498b14fa0bbbdaf6fd8dade.php 第 67 行.
NOTIC: [8] Undefined index: email /www/wwwroot/jy.juhuaian.cn/Application/Runtime/Cache/JY/d29cc9c9e498b14fa0bbbdaf6fd8dade.php 第 80 行.
NOTIC: [8] Undefined index: qq /www/wwwroot/jy.juhuaian.cn/Application/Runtime/Cache/JY/d29cc9c9e498b14fa0bbbdaf6fd8dade.php 第 81 行.
NOTIC: [8] Undefined index: sex /www/wwwroot/jy.juhuaian.cn/Application/Runtime/Cache/JY/d29cc9c9e498b14fa0bbbdaf6fd8dade.php 第 67 行.
NOTIC: [8] Undefined index: email /www/wwwroot/jy.juhuaian.cn/Application/Runtime/Cache/JY/d29cc9c9e498b14fa0bbbdaf6fd8dade.php 第 80 行.
NOTIC: [8] Undefined index: qq /www/wwwroot/jy.juhuaian.cn/Application/Runtime/Cache/JY/d29cc9c9e498b14fa0bbbdaf6fd8dade.php 第 81 行.
NOTIC: [8] Undefined index: sex /www/wwwroot/jy.juhuaian.cn/Application/Runtime/Cache/JY/d29cc9c9e498b14fa0bbbdaf6fd8dade.php 第 67 行.
NOTIC: [8] Undefined index: email /www/wwwroot/jy.juhuaian.cn/Application/Runtime/Cache/JY/d29cc9c9e498b14fa0bbbdaf6fd8dade.php 第 80 行.
NOTIC: [8] Undefined index: qq /www/wwwroot/jy.juhuaian.cn/Application/Runtime/Cache/JY/d29cc9c9e498b14fa0bbbdaf6fd8dade.php 第 81 行.
NOTIC: [8] Undefined index: sex /www/wwwroot/jy.juhuaian.cn/Application/Runtime/Cache/JY/d29cc9c9e498b14fa0bbbdaf6fd8dade.php 第 67 行.
NOTIC: [8] Undefined index: email /www/wwwroot/jy.juhuaian.cn/Application/Runtime/Cache/JY/d29cc9c9e498b14fa0bbbdaf6fd8dade.php 第 80 行.
NOTIC: [8] Undefined index: qq /www/wwwroot/jy.juhuaian.cn/Application/Runtime/Cache/JY/d29cc9c9e498b14fa0bbbdaf6fd8dade.php 第 81 行.
NOTIC: [8] Undefined index: sex /www/wwwroot/jy.juhuaian.cn/Application/Runtime/Cache/JY/d29cc9c9e498b14fa0bbbdaf6fd8dade.php 第 67 行.
NOTIC: [8] Undefined index: email /www/wwwroot/jy.juhuaian.cn/Application/Runtime/Cache/JY/d29cc9c9e498b14fa0bbbdaf6fd8dade.php 第 80 行.
NOTIC: [8] Undefined index: qq /www/wwwroot/jy.juhuaian.cn/Application/Runtime/Cache/JY/d29cc9c9e498b14fa0bbbdaf6fd8dade.php 第 81 行.
NOTIC: [8] Undefined index: sex /www/wwwroot/jy.juhuaian.cn/Application/Runtime/Cache/JY/d29cc9c9e498b14fa0bbbdaf6fd8dade.php 第 67 行.
NOTIC: [8] Undefined index: email /www/wwwroot/jy.juhuaian.cn/Application/Runtime/Cache/JY/d29cc9c9e498b14fa0bbbdaf6fd8dade.php 第 80 行.
NOTIC: [8] Undefined index: qq /www/wwwroot/jy.juhuaian.cn/Application/Runtime/Cache/JY/d29cc9c9e498b14fa0bbbdaf6fd8dade.php 第 81 行.
INFO: Run Behavior\ParseTemplateBehavior [ RunTime:0.004013s ]
INFO: [ view_parse ] --END-- [ RunTime:0.004030s ]
INFO: [ view_filter ] --START--
INFO: Run Behavior\WriteHtmlCacheBehavior [ RunTime:0.000082s ]
INFO: [ view_filter ] --END-- [ RunTime:0.000093s ]
INFO: [ app_end ] --START--
INFO: Run Behavior\ShowPageTraceBehavior [ RunTime:0.000414s ]
INFO: [ app_end ] --END-- [ RunTime:0.000432s ]

[ 2019-02-14T10:47:48+08:00 ] 112.36.194.11 /index.php/JY/Mgt/userlist/p/18.html
INFO: [ app_init ] --START--
INFO: Run Behavior\BuildLiteBehavior [ RunTime:0.000009s ]
INFO: [ app_init ] --END-- [ RunTime:0.000222s ]
INFO: [ app_begin ] --START--
INFO: Run Behavior\ReadHtmlCacheBehavior [ RunTime:0.000268s ]
INFO: [ app_begin ] --END-- [ RunTime:0.000290s ]
SQL: SHOW COLUMNS FROM `qm_user` [ RunTime:0.0008s ]
SQL: SELECT COUNT(*) AS tp_Count FROM `qm_user` LIMIT 1   [ RunTime:0.0001s ]
SQL: SELECT * FROM `qm_user` LIMIT 119,7   [ RunTime:0.0005s ]
INFO: [ view_parse ] --START--
INFO: [ template_filter ] --START--
INFO: Run Behavior\ContentReplaceBehavior [ RunTime:0.000039s ]
INFO: [ template_filter ] --END-- [ RunTime:0.000059s ]
NOTIC: [8] Undefined index: sex /www/wwwroot/jy.juhuaian.cn/Application/Runtime/Cache/JY/d29cc9c9e498b14fa0bbbdaf6fd8dade.php 第 67 行.
NOTIC: [8] Undefined index: email /www/wwwroot/jy.juhuaian.cn/Application/Runtime/Cache/JY/d29cc9c9e498b14fa0bbbdaf6fd8dade.php 第 80 行.
NOTIC: [8] Undefined index: qq /www/wwwroot/jy.juhuaian.cn/Application/Runtime/Cache/JY/d29cc9c9e498b14fa0bbbdaf6fd8dade.php 第 81 行.
NOTIC: [8] Undefined index: sex /www/wwwroot/jy.juhuaian.cn/Application/Runtime/Cache/JY/d29cc9c9e498b14fa0bbbdaf6fd8dade.php 第 67 行.
NOTIC: [8] Undefined index: email /www/wwwroot/jy.juhuaian.cn/Application/Runtime/Cache/JY/d29cc9c9e498b14fa0bbbdaf6fd8dade.php 第 80 行.
NOTIC: [8] Undefined index: qq /www/wwwroot/jy.juhuaian.cn/Application/Runtime/Cache/JY/d29cc9c9e498b14fa0bbbdaf6fd8dade.php 第 81 行.
NOTIC: [8] Undefined index: sex /www/wwwroot/jy.juhuaian.cn/Application/Runtime/Cache/JY/d29cc9c9e498b14fa0bbbdaf6fd8dade.php 第 67 行.
NOTIC: [8] Undefined index: email /www/wwwroot/jy.juhuaian.cn/Application/Runtime/Cache/JY/d29cc9c9e498b14fa0bbbdaf6fd8dade.php 第 80 行.
NOTIC: [8] Undefined index: qq /www/wwwroot/jy.juhuaian.cn/Application/Runtime/Cache/JY/d29cc9c9e498b14fa0bbbdaf6fd8dade.php 第 81 行.
NOTIC: [8] Undefined index: sex /www/wwwroot/jy.juhuaian.cn/Application/Runtime/Cache/JY/d29cc9c9e498b14fa0bbbdaf6fd8dade.php 第 67 行.
NOTIC: [8] Undefined index: email /www/wwwroot/jy.juhuaian.cn/Application/Runtime/Cache/JY/d29cc9c9e498b14fa0bbbdaf6fd8dade.php 第 80 行.
NOTIC: [8] Undefined index: qq /www/wwwroot/jy.juhuaian.cn/Application/Runtime/Cache/JY/d29cc9c9e498b14fa0bbbdaf6fd8dade.php 第 81 行.
NOTIC: [8] Undefined index: sex /www/wwwroot/jy.juhuaian.cn/Application/Runtime/Cache/JY/d29cc9c9e498b14fa0bbbdaf6fd8dade.php 第 67 行.
NOTIC: [8] Undefined index: email /www/wwwroot/jy.juhuaian.cn/Application/Runtime/Cache/JY/d29cc9c9e498b14fa0bbbdaf6fd8dade.php 第 80 行.
NOTIC: [8] Undefined index: qq /www/wwwroot/jy.juhuaian.cn/Application/Runtime/Cache/JY/d29cc9c9e498b14fa0bbbdaf6fd8dade.php 第 81 行.
NOTIC: [8] Undefined index: sex /www/wwwroot/jy.juhuaian.cn/Application/Runtime/Cache/JY/d29cc9c9e498b14fa0bbbdaf6fd8dade.php 第 67 行.
NOTIC: [8] Undefined index: email /www/wwwroot/jy.juhuaian.cn/Application/Runtime/Cache/JY/d29cc9c9e498b14fa0bbbdaf6fd8dade.php 第 80 行.
NOTIC: [8] Undefined index: qq /www/wwwroot/jy.juhuaian.cn/Application/Runtime/Cache/JY/d29cc9c9e498b14fa0bbbdaf6fd8dade.php 第 81 行.
NOTIC: [8] Undefined index: sex /www/wwwroot/jy.juhuaian.cn/Application/Runtime/Cache/JY/d29cc9c9e498b14fa0bbbdaf6fd8dade.php 第 67 行.
NOTIC: [8] Undefined index: email /www/wwwroot/jy.juhuaian.cn/Application/Runtime/Cache/JY/d29cc9c9e498b14fa0bbbdaf6fd8dade.php 第 80 行.
NOTIC: [8] Undefined index: qq /www/wwwroot/jy.juhuaian.cn/Application/Runtime/Cache/JY/d29cc9c9e498b14fa0bbbdaf6fd8dade.php 第 81 行.
INFO: Run Behavior\ParseTemplateBehavior [ RunTime:0.004020s ]
INFO: [ view_parse ] --END-- [ RunTime:0.004050s ]
INFO: [ view_filter ] --START--
INFO: Run Behavior\WriteHtmlCacheBehavior [ RunTime:0.000084s ]
INFO: [ view_filter ] --END-- [ RunTime:0.000096s ]
INFO: [ app_end ] --START--
INFO: Run Behavior\ShowPageTraceBehavior [ RunTime:0.000297s ]
INFO: [ app_end ] --END-- [ RunTime:0.000317s ]

[ 2019-02-14T10:50:42+08:00 ] 112.36.194.11 /index.php/JY/Mgt/tcry
INFO: [ app_init ] --START--
INFO: Run Behavior\BuildLiteBehavior [ RunTime:0.000006s ]
INFO: [ app_init ] --END-- [ RunTime:0.000171s ]
INFO: [ app_begin ] --START--
INFO: Run Behavior\ReadHtmlCacheBehavior [ RunTime:0.000241s ]
INFO: [ app_begin ] --END-- [ RunTime:0.000263s ]
SQL: SHOW COLUMNS FROM `qm_ry` [ RunTime:0.0004s ]
SQL: SELECT * FROM `qm_ry` WHERE ( id=1 ) LIMIT 1   [ RunTime:0.0000s ]
SQL: SELECT * FROM `qm_ry` WHERE ( id=2 ) LIMIT 1   [ RunTime:0.0000s ]
SQL: SELECT * FROM `qm_ry` WHERE ( id=3 ) LIMIT 1   [ RunTime:0.0000s ]
SQL: SELECT * FROM `qm_ry` WHERE ( id=4 ) LIMIT 1   [ RunTime:0.0001s ]
SQL: SELECT * FROM `qm_ry` WHERE ( id=5 ) LIMIT 1   [ RunTime:0.0000s ]
SQL: SELECT * FROM `qm_ry` WHERE ( id=6 ) LIMIT 1   [ RunTime:0.0000s ]
INFO: [ view_parse ] --START--
INFO: [ template_filter ] --START--
INFO: Run Behavior\ContentReplaceBehavior [ RunTime:0.000040s ]
INFO: [ template_filter ] --END-- [ RunTime:0.000060s ]
NOTIC: [8] Undefined variable: data /www/wwwroot/jy.juhuaian.cn/Application/Runtime/Cache/JY/1fe040c59a5997e6dd98092183925d8c.php 第 35 行.
INFO: Run Behavior\ParseTemplateBehavior [ RunTime:0.002970s ]
INFO: [ view_parse ] --END-- [ RunTime:0.002985s ]
INFO: [ view_filter ] --START--
INFO: Run Behavior\WriteHtmlCacheBehavior [ RunTime:0.000086s ]
INFO: [ view_filter ] --END-- [ RunTime:0.000098s ]
INFO: [ app_end ] --START--
INFO: Run Behavior\ShowPageTraceBehavior [ RunTime:0.000263s ]
INFO: [ app_end ] --END-- [ RunTime:0.000276s ]

[ 2019-02-14T10:51:47+08:00 ] 112.36.194.11 /index.php/JY/Mgt/xgry
INFO: [ app_init ] --START--
INFO: Run Behavior\BuildLiteBehavior [ RunTime:0.000010s ]
INFO: [ app_init ] --END-- [ RunTime:0.000303s ]
INFO: [ app_begin ] --START--
INFO: Run Behavior\ReadHtmlCacheBehavior [ RunTime:0.000344s ]
INFO: [ app_begin ] --END-- [ RunTime:0.000369s ]
SQL: SHOW COLUMNS FROM `qm_user` [ RunTime:0.0006s ]
SQL: SELECT * FROM `qm_user` WHERE ( id=57103685 ) LIMIT 1   [ RunTime:0.0001s ]
SQL: SELECT * FROM `qm_user` WHERE ( id=86425018 ) LIMIT 1   [ RunTime:0.0001s ]
SQL: SELECT * FROM `qm_user` WHERE ( id=86425019 ) LIMIT 1   [ RunTime:0.0002s ]
SQL: SELECT * FROM `qm_user` WHERE ( id=89250350 ) LIMIT 1   [ RunTime:0.0001s ]
SQL: SELECT * FROM `qm_user` WHERE ( id=89250363 ) LIMIT 1   [ RunTime:0.0000s ]
SQL: SELECT * FROM `qm_user` WHERE ( id=96430751 ) LIMIT 1   [ RunTime:0.0001s ]
SQL: SHOW COLUMNS FROM `qm_ry` [ RunTime:0.0003s ]
SQL: UPDATE `qm_ry` SET `uid`='57103685' WHERE ( id=1 ) [ RunTime:0.0188s ]
SQL: UPDATE `qm_ry` SET `uid`='86425018' WHERE ( id=2 ) [ RunTime:0.0179s ]
SQL: UPDATE `qm_ry` SET `uid`='86425019' WHERE ( id=3 ) [ RunTime:0.0134s ]
SQL: UPDATE `qm_ry` SET `uid`='89250350' WHERE ( id=4 ) [ RunTime:0.0138s ]
SQL: UPDATE `qm_ry` SET `uid`='89250363' WHERE ( id=5 ) [ RunTime:0.0138s ]
SQL: UPDATE `qm_ry` SET `uid`='96430751' WHERE ( id=6 ) [ RunTime:0.0154s ]
INFO: [ view_parse ] --START--
INFO: [ template_filter ] --START--
INFO: Run Behavior\ContentReplaceBehavior [ RunTime:0.000028s ]
INFO: [ template_filter ] --END-- [ RunTime:0.000063s ]
INFO: Run Behavior\ParseTemplateBehavior [ RunTime:0.004084s ]
INFO: [ view_parse ] --END-- [ RunTime:0.004109s ]
INFO: [ view_filter ] --START--
INFO: Run Behavior\WriteHtmlCacheBehavior [ RunTime:0.000106s ]
INFO: [ view_filter ] --END-- [ RunTime:0.000121s ]
INFO: [ app_end ] --START--
INFO: Run Behavior\ShowPageTraceBehavior [ RunTime:0.000410s ]
INFO: [ app_end ] --END-- [ RunTime:0.000431s ]

[ 2019-02-14T10:51:48+08:00 ] 112.36.194.11 /index.php/JY/Mgt/tcry.html
INFO: [ app_init ] --START--
INFO: Run Behavior\BuildLiteBehavior [ RunTime:0.000041s ]
INFO: [ app_init ] --END-- [ RunTime:0.000275s ]
INFO: [ app_begin ] --START--
INFO: Run Behavior\ReadHtmlCacheBehavior [ RunTime:0.000363s ]
INFO: [ app_begin ] --END-- [ RunTime:0.000388s ]
SQL: SHOW COLUMNS FROM `qm_ry` [ RunTime:0.0004s ]
SQL: SELECT * FROM `qm_ry` WHERE ( id=1 ) LIMIT 1   [ RunTime:0.0002s ]
SQL: SELECT * FROM `qm_ry` WHERE ( id=2 ) LIMIT 1   [ RunTime:0.0001s ]
SQL: SELECT * FROM `qm_ry` WHERE ( id=3 ) LIMIT 1   [ RunTime:0.0001s ]
SQL: SELECT * FROM `qm_ry` WHERE ( id=4 ) LIMIT 1   [ RunTime:0.0001s ]
SQL: SELECT * FROM `qm_ry` WHERE ( id=5 ) LIMIT 1   [ RunTime:0.0001s ]
SQL: SELECT * FROM `qm_ry` WHERE ( id=6 ) LIMIT 1   [ RunTime:0.0001s ]
INFO: [ view_parse ] --START--
INFO: [ template_filter ] --START--
INFO: Run Behavior\ContentReplaceBehavior [ RunTime:0.000034s ]
INFO: [ template_filter ] --END-- [ RunTime:0.000055s ]
NOTIC: [8] Undefined variable: data /www/wwwroot/jy.juhuaian.cn/Application/Runtime/Cache/JY/1fe040c59a5997e6dd98092183925d8c.php 第 35 行.
INFO: Run Behavior\ParseTemplateBehavior [ RunTime:0.002960s ]
INFO: [ view_parse ] --END-- [ RunTime:0.002975s ]
INFO: [ view_filter ] --START--
INFO: Run Behavior\WriteHtmlCacheBehavior [ RunTime:0.000081s ]
INFO: [ view_filter ] --END-- [ RunTime:0.000093s ]
INFO: [ app_end ] --START--
INFO: Run Behavior\ShowPageTraceBehavior [ RunTime:0.000259s ]
INFO: [ app_end ] --END-- [ RunTime:0.000274s ]

[ 2019-02-14T10:54:40+08:00 ] 112.36.194.11 /index.php/JY/Mgt/cyjgl
INFO: [ app_init ] --START--
INFO: Run Behavior\BuildLiteBehavior [ RunTime:0.000007s ]
INFO: [ app_init ] --END-- [ RunTime:0.000195s ]
INFO: [ app_begin ] --START--
INFO: Run Behavior\ReadHtmlCacheBehavior [ RunTime:0.000253s ]
INFO: [ app_begin ] --END-- [ RunTime:0.000272s ]
SQL: SHOW COLUMNS FROM `qm_guyong` [ RunTime:0.0005s ]
SQL: SELECT * FROM `qm_guyong` WHERE ( id=1 ) LIMIT 1   [ RunTime:0.0001s ]
SQL: SELECT * FROM `qm_guyong` WHERE ( id=2 ) LIMIT 1   [ RunTime:0.0000s ]
SQL: SELECT * FROM `qm_guyong` WHERE ( id=3 ) LIMIT 1   [ RunTime:0.0000s ]
SQL: SELECT * FROM `qm_guyong` WHERE ( id=4 ) LIMIT 1   [ RunTime:0.0000s ]
INFO: [ view_parse ] --START--
INFO: [ template_filter ] --START--
INFO: Run Behavior\ContentReplaceBehavior [ RunTime:0.000041s ]
INFO: [ template_filter ] --END-- [ RunTime:0.000060s ]
NOTIC: [8] Undefined variable: data /www/wwwroot/jy.juhuaian.cn/Application/Runtime/Cache/JY/be8bdd7376d4eb3b65fe936e116b9485.php 第 35 行.
INFO: Run Behavior\ParseTemplateBehavior [ RunTime:0.002878s ]
INFO: [ view_parse ] --END-- [ RunTime:0.002893s ]
INFO: [ view_filter ] --START--
INFO: Run Behavior\WriteHtmlCacheBehavior [ RunTime:0.000083s ]
INFO: [ view_filter ] --END-- [ RunTime:0.000094s ]
INFO: [ app_end ] --START--
INFO: Run Behavior\ShowPageTraceBehavior [ RunTime:0.000283s ]
INFO: [ app_end ] --END-- [ RunTime:0.000298s ]

