[ 2019-01-24T14:22:13+08:00 ] 112.36.202.2 /index.php/JY/Index/index.html
INFO: [ app_init ] --START--
INFO: Run Behavior\BuildLiteBehavior [ RunTime:0.000011s ]
INFO: [ app_init ] --END-- [ RunTime:0.000205s ]
INFO: [ app_begin ] --START--
INFO: Run Behavior\ReadHtmlCacheBehavior [ RunTime:0.000368s ]
INFO: [ app_begin ] --END-- [ RunTime:0.000398s ]
NOTIC: [8] Undefined index: id /www/wwwroot/jy.juhuaian.cn/Application/JY/Controller/IndexController.class.php 第 6 行.
SQL: SHOW COLUMNS FROM `qm_adminus` [ RunTime:0.0006s ]
SQL: SELECT `role_id` FROM `qm_adminus` WHERE `id` = null LIMIT 1   [ RunTime:0.0001s ]
SQL: SHOW COLUMNS FROM `qm_role_right` [ RunTime:0.0004s ]
SQL: SELECT `right_id` FROM `qm_role_right` WHERE ( role_id='' )  [ RunTime:0.0153s ]
NOTIC: [2] implode(): Invalid arguments passed /www/wwwroot/jy.juhuaian.cn/Application/JY/Controller/IndexController.class.php 第 9 行.
SQL: SHOW COLUMNS FROM `qm_right` [ RunTime:0.0006s ]
SQL: SELECT * FROM `qm_right` WHERE ( id in ('') and parent_id=0 )  [ RunTime:0.0002s ]
SQL: SELECT * FROM `qm_right` WHERE ( id in ('') and parent_id>0 )  [ RunTime:0.0001s ]
NOTIC: [8] Undefined index: id /www/wwwroot/jy.juhuaian.cn/Application/JY/Controller/IndexController.class.php 第 14 行.
INFO: [ view_parse ] --START--
INFO: [ template_filter ] --START--
INFO: Run Behavior\ContentReplaceBehavior [ RunTime:0.000027s ]
INFO: [ template_filter ] --END-- [ RunTime:0.000061s ]
INFO: Run Behavior\ParseTemplateBehavior [ RunTime:0.023945s ]
INFO: [ view_parse ] --END-- [ RunTime:0.023993s ]
INFO: [ view_filter ] --START--
INFO: Run Behavior\WriteHtmlCacheBehavior [ RunTime:0.000112s ]
INFO: [ view_filter ] --END-- [ RunTime:0.000126s ]
INFO: [ app_end ] --START--
INFO: Run Behavior\ShowPageTraceBehavior [ RunTime:0.000308s ]
INFO: [ app_end ] --END-- [ RunTime:0.000323s ]

[ 2019-01-24T14:22:16+08:00 ] 112.36.202.2 /index.php/JY/Login/css/layui_1.css
INFO: [ app_init ] --START--
INFO: Run Behavior\BuildLiteBehavior [ RunTime:0.000007s ]
INFO: [ app_init ] --END-- [ RunTime:0.000171s ]
INFO: [ app_begin ] --START--
INFO: Run Behavior\ReadHtmlCacheBehavior [ RunTime:0.000226s ]
INFO: [ app_begin ] --END-- [ RunTime:0.000243s ]
ERR: 非法操作:css

[ 2019-01-24T14:22:16+08:00 ] 112.36.202.2 /index.php/JY/Login/login.html
INFO: [ app_init ] --START--
INFO: Run Behavior\BuildLiteBehavior [ RunTime:0.000006s ]
INFO: [ app_init ] --END-- [ RunTime:0.000181s ]
INFO: [ app_begin ] --START--
INFO: Run Behavior\ReadHtmlCacheBehavior [ RunTime:0.000211s ]
INFO: [ app_begin ] --END-- [ RunTime:0.000227s ]
INFO: [ view_parse ] --START--
INFO: [ template_filter ] --START--
INFO: Run Behavior\ContentReplaceBehavior [ RunTime:0.000049s ]
INFO: [ template_filter ] --END-- [ RunTime:0.000080s ]
INFO: Run Behavior\ParseTemplateBehavior [ RunTime:0.049418s ]
INFO: [ view_parse ] --END-- [ RunTime:0.049467s ]
INFO: [ view_filter ] --START--
INFO: Run Behavior\WriteHtmlCacheBehavior [ RunTime:0.000133s ]
INFO: [ view_filter ] --END-- [ RunTime:0.000156s ]
INFO: [ app_end ] --START--
INFO: Run Behavior\ShowPageTraceBehavior [ RunTime:0.000384s ]
INFO: [ app_end ] --END-- [ RunTime:0.000400s ]

[ 2019-01-24T14:22:32+08:00 ] 112.36.202.2 /index.php/JY/Login/checklogin
INFO: [ app_init ] --START--
INFO: Run Behavior\BuildLiteBehavior [ RunTime:0.000009s ]
INFO: [ app_init ] --END-- [ RunTime:0.000226s ]
INFO: [ app_begin ] --START--
INFO: Run Behavior\ReadHtmlCacheBehavior [ RunTime:0.000303s ]
INFO: [ app_begin ] --END-- [ RunTime:0.000324s ]
SQL: SHOW COLUMNS FROM `qm_adminus` [ RunTime:0.0005s ]
SQL: SELECT * FROM `qm_adminus` WHERE ( username='Alan马' AND password='wjma' ) LIMIT 1   [ RunTime:0.0095s ]
INFO: [ view_parse ] --START--
INFO: [ template_filter ] --START--
INFO: Run Behavior\ContentReplaceBehavior [ RunTime:0.000021s ]
INFO: [ template_filter ] --END-- [ RunTime:0.000047s ]
INFO: Run Behavior\ParseTemplateBehavior [ RunTime:0.002862s ]
INFO: [ view_parse ] --END-- [ RunTime:0.002885s ]
INFO: [ view_filter ] --START--
INFO: Run Behavior\WriteHtmlCacheBehavior [ RunTime:0.000102s ]
INFO: [ view_filter ] --END-- [ RunTime:0.000118s ]
INFO: [ app_end ] --START--
INFO: Run Behavior\ShowPageTraceBehavior [ RunTime:0.000266s ]
INFO: [ app_end ] --END-- [ RunTime:0.000283s ]

[ 2019-01-24T14:22:35+08:00 ] 112.36.202.2 /index.php/JY/Index/index.html
INFO: [ app_init ] --START--
INFO: Run Behavior\BuildLiteBehavior [ RunTime:0.000008s ]
INFO: [ app_init ] --END-- [ RunTime:0.000177s ]
INFO: [ app_begin ] --START--
INFO: Run Behavior\ReadHtmlCacheBehavior [ RunTime:0.000264s ]
INFO: [ app_begin ] --END-- [ RunTime:0.000283s ]
SQL: SHOW COLUMNS FROM `qm_adminus` [ RunTime:0.0006s ]
SQL: SELECT `role_id` FROM `qm_adminus` WHERE `id` = 1 LIMIT 1   [ RunTime:0.0001s ]
SQL: SHOW COLUMNS FROM `qm_role_right` [ RunTime:0.0003s ]
SQL: SELECT `right_id` FROM `qm_role_right` WHERE ( role_id='1' )  [ RunTime:0.0002s ]
SQL: SHOW COLUMNS FROM `qm_right` [ RunTime:0.0003s ]
SQL: SELECT * FROM `qm_right` WHERE ( id in ('32','30','29','28','27','26','25','24','23','22','33','21','20','19','18','17','16','14','13','12','11','10','9','8','7','6','5','4','3','2','1') and parent_id=0 )  [ RunTime:0.0130s ]
SQL: SELECT * FROM `qm_right` WHERE ( id in ('32','30','29','28','27','26','25','24','23','22','33','21','20','19','18','17','16','14','13','12','11','10','9','8','7','6','5','4','3','2','1') and parent_id>0 )  [ RunTime:0.0002s ]
INFO: [ view_parse ] --START--
INFO: [ template_filter ] --START--
INFO: Run Behavior\ContentReplaceBehavior [ RunTime:0.000086s ]
INFO: [ template_filter ] --END-- [ RunTime:0.000118s ]
INFO: Run Behavior\ParseTemplateBehavior [ RunTime:0.017054s ]
INFO: [ view_parse ] --END-- [ RunTime:0.017090s ]
INFO: [ view_filter ] --START--
INFO: Run Behavior\WriteHtmlCacheBehavior [ RunTime:0.000110s ]
INFO: [ view_filter ] --END-- [ RunTime:0.000123s ]
INFO: [ app_end ] --START--
INFO: Run Behavior\ShowPageTraceBehavior [ RunTime:0.000295s ]
INFO: [ app_end ] --END-- [ RunTime:0.000311s ]

[ 2019-01-24T14:22:35+08:00 ] 112.36.202.2 /index.php/JY/Index/img/icon/baidu.png
INFO: [ app_init ] --START--
INFO: Run Behavior\BuildLiteBehavior [ RunTime:0.000009s ]
INFO: [ app_init ] --END-- [ RunTime:0.000211s ]

[ 2019-01-24T14:22:35+08:00 ] 112.36.202.2 /index.php/JY/Index/img/presentation/1.png
INFO: [ app_init ] --START--
INFO: Run Behavior\BuildLiteBehavior [ RunTime:0.000009s ]
INFO: [ app_init ] --END-- [ RunTime:0.000217s ]

[ 2019-01-24T14:22:35+08:00 ] 112.36.202.2 /index.php/JY/Index/img/icon/baidu.png
INFO: [ app_init ] --START--
INFO: Run Behavior\BuildLiteBehavior [ RunTime:0.000006s ]
INFO: [ app_init ] --END-- [ RunTime:0.000216s ]

[ 2019-01-24T14:22:37+08:00 ] 112.36.202.2 /index.php/JY/Mgt/userlist
INFO: [ app_init ] --START--
INFO: Run Behavior\BuildLiteBehavior [ RunTime:0.000010s ]
INFO: [ app_init ] --END-- [ RunTime:0.000205s ]
INFO: [ app_begin ] --START--
INFO: Run Behavior\ReadHtmlCacheBehavior [ RunTime:0.000264s ]
INFO: [ app_begin ] --END-- [ RunTime:0.000283s ]
SQL: SHOW COLUMNS FROM `qm_user` [ RunTime:0.0007s ]
SQL: SELECT COUNT(*) AS tp_Count FROM `qm_user` LIMIT 1   [ RunTime:0.0002s ]
SQL: SELECT * FROM `qm_user` LIMIT 0,7   [ RunTime:0.0006s ]
INFO: [ view_parse ] --START--
INFO: [ template_filter ] --START--
INFO: Run Behavior\ContentReplaceBehavior [ RunTime:0.000051s ]
INFO: [ template_filter ] --END-- [ RunTime:0.000087s ]
NOTIC: [8] Undefined index: sex /www/wwwroot/jy.juhuaian.cn/Application/Runtime/Cache/JY/d29cc9c9e498b14fa0bbbdaf6fd8dade.php 第 67 行.
NOTIC: [8] Undefined index: email /www/wwwroot/jy.juhuaian.cn/Application/Runtime/Cache/JY/d29cc9c9e498b14fa0bbbdaf6fd8dade.php 第 80 行.
NOTIC: [8] Undefined index: qq /www/wwwroot/jy.juhuaian.cn/Application/Runtime/Cache/JY/d29cc9c9e498b14fa0bbbdaf6fd8dade.php 第 81 行.
NOTIC: [8] Undefined index: sex /www/wwwroot/jy.juhuaian.cn/Application/Runtime/Cache/JY/d29cc9c9e498b14fa0bbbdaf6fd8dade.php 第 67 行.
NOTIC: [8] Undefined index: email /www/wwwroot/jy.juhuaian.cn/Application/Runtime/Cache/JY/d29cc9c9e498b14fa0bbbdaf6fd8dade.php 第 80 行.
NOTIC: [8] Undefined index: qq /www/wwwroot/jy.juhuaian.cn/Application/Runtime/Cache/JY/d29cc9c9e498b14fa0bbbdaf6fd8dade.php 第 81 行.
NOTIC: [8] Undefined index: sex /www/wwwroot/jy.juhuaian.cn/Application/Runtime/Cache/JY/d29cc9c9e498b14fa0bbbdaf6fd8dade.php 第 67 行.
NOTIC: [8] Undefined index: email /www/wwwroot/jy.juhuaian.cn/Application/Runtime/Cache/JY/d29cc9c9e498b14fa0bbbdaf6fd8dade.php 第 80 行.
NOTIC: [8] Undefined index: qq /www/wwwroot/jy.juhuaian.cn/Application/Runtime/Cache/JY/d29cc9c9e498b14fa0bbbdaf6fd8dade.php 第 81 行.
NOTIC: [8] Undefined index: sex /www/wwwroot/jy.juhuaian.cn/Application/Runtime/Cache/JY/d29cc9c9e498b14fa0bbbdaf6fd8dade.php 第 67 行.
NOTIC: [8] Undefined index: email /www/wwwroot/jy.juhuaian.cn/Application/Runtime/Cache/JY/d29cc9c9e498b14fa0bbbdaf6fd8dade.php 第 80 行.
NOTIC: [8] Undefined index: qq /www/wwwroot/jy.juhuaian.cn/Application/Runtime/Cache/JY/d29cc9c9e498b14fa0bbbdaf6fd8dade.php 第 81 行.
NOTIC: [8] Undefined index: sex /www/wwwroot/jy.juhuaian.cn/Application/Runtime/Cache/JY/d29cc9c9e498b14fa0bbbdaf6fd8dade.php 第 67 行.
NOTIC: [8] Undefined index: email /www/wwwroot/jy.juhuaian.cn/Application/Runtime/Cache/JY/d29cc9c9e498b14fa0bbbdaf6fd8dade.php 第 80 行.
NOTIC: [8] Undefined index: qq /www/wwwroot/jy.juhuaian.cn/Application/Runtime/Cache/JY/d29cc9c9e498b14fa0bbbdaf6fd8dade.php 第 81 行.
NOTIC: [8] Undefined index: sex /www/wwwroot/jy.juhuaian.cn/Application/Runtime/Cache/JY/d29cc9c9e498b14fa0bbbdaf6fd8dade.php 第 67 行.
NOTIC: [8] Undefined index: email /www/wwwroot/jy.juhuaian.cn/Application/Runtime/Cache/JY/d29cc9c9e498b14fa0bbbdaf6fd8dade.php 第 80 行.
NOTIC: [8] Undefined index: qq /www/wwwroot/jy.juhuaian.cn/Application/Runtime/Cache/JY/d29cc9c9e498b14fa0bbbdaf6fd8dade.php 第 81 行.
NOTIC: [8] Undefined index: sex /www/wwwroot/jy.juhuaian.cn/Application/Runtime/Cache/JY/d29cc9c9e498b14fa0bbbdaf6fd8dade.php 第 67 行.
NOTIC: [8] Undefined index: email /www/wwwroot/jy.juhuaian.cn/Application/Runtime/Cache/JY/d29cc9c9e498b14fa0bbbdaf6fd8dade.php 第 80 行.
NOTIC: [8] Undefined index: qq /www/wwwroot/jy.juhuaian.cn/Application/Runtime/Cache/JY/d29cc9c9e498b14fa0bbbdaf6fd8dade.php 第 81 行.
INFO: Run Behavior\ParseTemplateBehavior [ RunTime:0.078773s ]
INFO: [ view_parse ] --END-- [ RunTime:0.078806s ]
INFO: [ view_filter ] --START--
INFO: Run Behavior\WriteHtmlCacheBehavior [ RunTime:0.000116s ]
INFO: [ view_filter ] --END-- [ RunTime:0.000129s ]
INFO: [ app_end ] --START--
INFO: Run Behavior\ShowPageTraceBehavior [ RunTime:0.000316s ]
INFO: [ app_end ] --END-- [ RunTime:0.000361s ]

[ 2019-01-24T14:22:42+08:00 ] 112.36.202.2 /index.php/JY/Mgt/userlist/p/11.html
INFO: [ app_init ] --START--
INFO: Run Behavior\BuildLiteBehavior [ RunTime:0.000011s ]
INFO: [ app_init ] --END-- [ RunTime:0.000241s ]
INFO: [ app_begin ] --START--
INFO: Run Behavior\ReadHtmlCacheBehavior [ RunTime:0.000289s ]
INFO: [ app_begin ] --END-- [ RunTime:0.000325s ]
SQL: SHOW COLUMNS FROM `qm_user` [ RunTime:0.0006s ]
SQL: SELECT COUNT(*) AS tp_Count FROM `qm_user` LIMIT 1   [ RunTime:0.0001s ]
SQL: SELECT * FROM `qm_user` LIMIT 70,7   [ RunTime:0.0004s ]
INFO: [ view_parse ] --START--
INFO: [ template_filter ] --START--
INFO: Run Behavior\ContentReplaceBehavior [ RunTime:0.000043s ]
INFO: [ template_filter ] --END-- [ RunTime:0.000067s ]
NOTIC: [8] Undefined index: sex /www/wwwroot/jy.juhuaian.cn/Application/Runtime/Cache/JY/d29cc9c9e498b14fa0bbbdaf6fd8dade.php 第 67 行.
NOTIC: [8] Undefined index: email /www/wwwroot/jy.juhuaian.cn/Application/Runtime/Cache/JY/d29cc9c9e498b14fa0bbbdaf6fd8dade.php 第 80 行.
NOTIC: [8] Undefined index: qq /www/wwwroot/jy.juhuaian.cn/Application/Runtime/Cache/JY/d29cc9c9e498b14fa0bbbdaf6fd8dade.php 第 81 行.
NOTIC: [8] Undefined index: sex /www/wwwroot/jy.juhuaian.cn/Application/Runtime/Cache/JY/d29cc9c9e498b14fa0bbbdaf6fd8dade.php 第 67 行.
NOTIC: [8] Undefined index: email /www/wwwroot/jy.juhuaian.cn/Application/Runtime/Cache/JY/d29cc9c9e498b14fa0bbbdaf6fd8dade.php 第 80 行.
NOTIC: [8] Undefined index: qq /www/wwwroot/jy.juhuaian.cn/Application/Runtime/Cache/JY/d29cc9c9e498b14fa0bbbdaf6fd8dade.php 第 81 行.
NOTIC: [8] Undefined index: sex /www/wwwroot/jy.juhuaian.cn/Application/Runtime/Cache/JY/d29cc9c9e498b14fa0bbbdaf6fd8dade.php 第 67 行.
NOTIC: [8] Undefined index: email /www/wwwroot/jy.juhuaian.cn/Application/Runtime/Cache/JY/d29cc9c9e498b14fa0bbbdaf6fd8dade.php 第 80 行.
NOTIC: [8] Undefined index: qq /www/wwwroot/jy.juhuaian.cn/Application/Runtime/Cache/JY/d29cc9c9e498b14fa0bbbdaf6fd8dade.php 第 81 行.
NOTIC: [8] Undefined index: sex /www/wwwroot/jy.juhuaian.cn/Application/Runtime/Cache/JY/d29cc9c9e498b14fa0bbbdaf6fd8dade.php 第 67 行.
NOTIC: [8] Undefined index: email /www/wwwroot/jy.juhuaian.cn/Application/Runtime/Cache/JY/d29cc9c9e498b14fa0bbbdaf6fd8dade.php 第 80 行.
NOTIC: [8] Undefined index: qq /www/wwwroot/jy.juhuaian.cn/Application/Runtime/Cache/JY/d29cc9c9e498b14fa0bbbdaf6fd8dade.php 第 81 行.
NOTIC: [8] Undefined index: sex /www/wwwroot/jy.juhuaian.cn/Application/Runtime/Cache/JY/d29cc9c9e498b14fa0bbbdaf6fd8dade.php 第 67 行.
NOTIC: [8] Undefined index: email /www/wwwroot/jy.juhuaian.cn/Application/Runtime/Cache/JY/d29cc9c9e498b14fa0bbbdaf6fd8dade.php 第 80 行.
NOTIC: [8] Undefined index: qq /www/wwwroot/jy.juhuaian.cn/Application/Runtime/Cache/JY/d29cc9c9e498b14fa0bbbdaf6fd8dade.php 第 81 行.
NOTIC: [8] Undefined index: sex /www/wwwroot/jy.juhuaian.cn/Application/Runtime/Cache/JY/d29cc9c9e498b14fa0bbbdaf6fd8dade.php 第 67 行.
NOTIC: [8] Undefined index: email /www/wwwroot/jy.juhuaian.cn/Application/Runtime/Cache/JY/d29cc9c9e498b14fa0bbbdaf6fd8dade.php 第 80 行.
NOTIC: [8] Undefined index: qq /www/wwwroot/jy.juhuaian.cn/Application/Runtime/Cache/JY/d29cc9c9e498b14fa0bbbdaf6fd8dade.php 第 81 行.
NOTIC: [8] Undefined index: sex /www/wwwroot/jy.juhuaian.cn/Application/Runtime/Cache/JY/d29cc9c9e498b14fa0bbbdaf6fd8dade.php 第 67 行.
NOTIC: [8] Undefined index: email /www/wwwroot/jy.juhuaian.cn/Application/Runtime/Cache/JY/d29cc9c9e498b14fa0bbbdaf6fd8dade.php 第 80 行.
NOTIC: [8] Undefined index: qq /www/wwwroot/jy.juhuaian.cn/Application/Runtime/Cache/JY/d29cc9c9e498b14fa0bbbdaf6fd8dade.php 第 81 行.
INFO: Run Behavior\ParseTemplateBehavior [ RunTime:0.003682s ]
INFO: [ view_parse ] --END-- [ RunTime:0.003698s ]
INFO: [ view_filter ] --START--
INFO: Run Behavior\WriteHtmlCacheBehavior [ RunTime:0.000087s ]
INFO: [ view_filter ] --END-- [ RunTime:0.000099s ]
INFO: [ app_end ] --START--
INFO: Run Behavior\ShowPageTraceBehavior [ RunTime:0.000294s ]
INFO: [ app_end ] --END-- [ RunTime:0.000310s ]

[ 2019-01-24T14:22:47+08:00 ] 112.36.202.2 /index.php/JY/Mgt/userlist/p/13.html
INFO: [ app_init ] --START--
INFO: Run Behavior\BuildLiteBehavior [ RunTime:0.000008s ]
INFO: [ app_init ] --END-- [ RunTime:0.000208s ]
INFO: [ app_begin ] --START--
INFO: Run Behavior\ReadHtmlCacheBehavior [ RunTime:0.000304s ]
INFO: [ app_begin ] --END-- [ RunTime:0.000326s ]
SQL: SHOW COLUMNS FROM `qm_user` [ RunTime:0.0007s ]
SQL: SELECT COUNT(*) AS tp_Count FROM `qm_user` LIMIT 1   [ RunTime:0.0001s ]
SQL: SELECT * FROM `qm_user` LIMIT 84,7   [ RunTime:0.0004s ]
INFO: [ view_parse ] --START--
INFO: [ template_filter ] --START--
INFO: Run Behavior\ContentReplaceBehavior [ RunTime:0.000041s ]
INFO: [ template_filter ] --END-- [ RunTime:0.000063s ]
NOTIC: [8] Undefined index: sex /www/wwwroot/jy.juhuaian.cn/Application/Runtime/Cache/JY/d29cc9c9e498b14fa0bbbdaf6fd8dade.php 第 67 行.
NOTIC: [8] Undefined index: email /www/wwwroot/jy.juhuaian.cn/Application/Runtime/Cache/JY/d29cc9c9e498b14fa0bbbdaf6fd8dade.php 第 80 行.
NOTIC: [8] Undefined index: qq /www/wwwroot/jy.juhuaian.cn/Application/Runtime/Cache/JY/d29cc9c9e498b14fa0bbbdaf6fd8dade.php 第 81 行.
INFO: Run Behavior\ParseTemplateBehavior [ RunTime:0.004428s ]
INFO: [ view_parse ] --END-- [ RunTime:0.004452s ]
INFO: [ view_filter ] --START--
INFO: Run Behavior\WriteHtmlCacheBehavior [ RunTime:0.000103s ]
INFO: [ view_filter ] --END-- [ RunTime:0.000114s ]
INFO: [ app_end ] --START--
INFO: Run Behavior\ShowPageTraceBehavior [ RunTime:0.000290s ]
INFO: [ app_end ] --END-- [ RunTime:0.000305s ]

[ 2019-01-24T14:22:51+08:00 ] 112.36.202.2 /index.php/JY/Mgt/userlist/p/12.html
INFO: [ app_init ] --START--
INFO: Run Behavior\BuildLiteBehavior [ RunTime:0.000007s ]
INFO: [ app_init ] --END-- [ RunTime:0.000181s ]
INFO: [ app_begin ] --START--
INFO: Run Behavior\ReadHtmlCacheBehavior [ RunTime:0.000230s ]
INFO: [ app_begin ] --END-- [ RunTime:0.000246s ]
SQL: SHOW COLUMNS FROM `qm_user` [ RunTime:0.0006s ]
SQL: SELECT COUNT(*) AS tp_Count FROM `qm_user` LIMIT 1   [ RunTime:0.0000s ]
SQL: SELECT * FROM `qm_user` LIMIT 77,7   [ RunTime:0.0004s ]
INFO: [ view_parse ] --START--
INFO: [ template_filter ] --START--
INFO: Run Behavior\ContentReplaceBehavior [ RunTime:0.000038s ]
INFO: [ template_filter ] --END-- [ RunTime:0.000056s ]
NOTIC: [8] Undefined index: sex /www/wwwroot/jy.juhuaian.cn/Application/Runtime/Cache/JY/d29cc9c9e498b14fa0bbbdaf6fd8dade.php 第 67 行.
NOTIC: [8] Undefined index: email /www/wwwroot/jy.juhuaian.cn/Application/Runtime/Cache/JY/d29cc9c9e498b14fa0bbbdaf6fd8dade.php 第 80 行.
NOTIC: [8] Undefined index: qq /www/wwwroot/jy.juhuaian.cn/Application/Runtime/Cache/JY/d29cc9c9e498b14fa0bbbdaf6fd8dade.php 第 81 行.
NOTIC: [8] Undefined index: sex /www/wwwroot/jy.juhuaian.cn/Application/Runtime/Cache/JY/d29cc9c9e498b14fa0bbbdaf6fd8dade.php 第 67 行.
NOTIC: [8] Undefined index: email /www/wwwroot/jy.juhuaian.cn/Application/Runtime/Cache/JY/d29cc9c9e498b14fa0bbbdaf6fd8dade.php 第 80 行.
NOTIC: [8] Undefined index: qq /www/wwwroot/jy.juhuaian.cn/Application/Runtime/Cache/JY/d29cc9c9e498b14fa0bbbdaf6fd8dade.php 第 81 行.
NOTIC: [8] Undefined index: sex /www/wwwroot/jy.juhuaian.cn/Application/Runtime/Cache/JY/d29cc9c9e498b14fa0bbbdaf6fd8dade.php 第 67 行.
NOTIC: [8] Undefined index: email /www/wwwroot/jy.juhuaian.cn/Application/Runtime/Cache/JY/d29cc9c9e498b14fa0bbbdaf6fd8dade.php 第 80 行.
NOTIC: [8] Undefined index: qq /www/wwwroot/jy.juhuaian.cn/Application/Runtime/Cache/JY/d29cc9c9e498b14fa0bbbdaf6fd8dade.php 第 81 行.
NOTIC: [8] Undefined index: sex /www/wwwroot/jy.juhuaian.cn/Application/Runtime/Cache/JY/d29cc9c9e498b14fa0bbbdaf6fd8dade.php 第 67 行.
NOTIC: [8] Undefined index: email /www/wwwroot/jy.juhuaian.cn/Application/Runtime/Cache/JY/d29cc9c9e498b14fa0bbbdaf6fd8dade.php 第 80 行.
NOTIC: [8] Undefined index: qq /www/wwwroot/jy.juhuaian.cn/Application/Runtime/Cache/JY/d29cc9c9e498b14fa0bbbdaf6fd8dade.php 第 81 行.
NOTIC: [8] Undefined index: sex /www/wwwroot/jy.juhuaian.cn/Application/Runtime/Cache/JY/d29cc9c9e498b14fa0bbbdaf6fd8dade.php 第 67 行.
NOTIC: [8] Undefined index: email /www/wwwroot/jy.juhuaian.cn/Application/Runtime/Cache/JY/d29cc9c9e498b14fa0bbbdaf6fd8dade.php 第 80 行.
NOTIC: [8] Undefined index: qq /www/wwwroot/jy.juhuaian.cn/Application/Runtime/Cache/JY/d29cc9c9e498b14fa0bbbdaf6fd8dade.php 第 81 行.
NOTIC: [8] Undefined index: sex /www/wwwroot/jy.juhuaian.cn/Application/Runtime/Cache/JY/d29cc9c9e498b14fa0bbbdaf6fd8dade.php 第 67 行.
NOTIC: [8] Undefined index: email /www/wwwroot/jy.juhuaian.cn/Application/Runtime/Cache/JY/d29cc9c9e498b14fa0bbbdaf6fd8dade.php 第 80 行.
NOTIC: [8] Undefined index: qq /www/wwwroot/jy.juhuaian.cn/Application/Runtime/Cache/JY/d29cc9c9e498b14fa0bbbdaf6fd8dade.php 第 81 行.
NOTIC: [8] Undefined index: sex /www/wwwroot/jy.juhuaian.cn/Application/Runtime/Cache/JY/d29cc9c9e498b14fa0bbbdaf6fd8dade.php 第 67 行.
NOTIC: [8] Undefined index: email /www/wwwroot/jy.juhuaian.cn/Application/Runtime/Cache/JY/d29cc9c9e498b14fa0bbbdaf6fd8dade.php 第 80 行.
NOTIC: [8] Undefined index: qq /www/wwwroot/jy.juhuaian.cn/Application/Runtime/Cache/JY/d29cc9c9e498b14fa0bbbdaf6fd8dade.php 第 81 行.
INFO: Run Behavior\ParseTemplateBehavior [ RunTime:0.003710s ]
INFO: [ view_parse ] --END-- [ RunTime:0.003725s ]
INFO: [ view_filter ] --START--
INFO: Run Behavior\WriteHtmlCacheBehavior [ RunTime:0.000115s ]
INFO: [ view_filter ] --END-- [ RunTime:0.000129s ]
INFO: [ app_end ] --START--
INFO: Run Behavior\ShowPageTraceBehavior [ RunTime:0.000250s ]
INFO: [ app_end ] --END-- [ RunTime:0.000266s ]

[ 2019-01-24T14:23:41+08:00 ] 112.36.202.2 /index.php/JY/Mgt/jngl
INFO: [ app_init ] --START--
INFO: Run Behavior\BuildLiteBehavior [ RunTime:0.000007s ]
INFO: [ app_init ] --END-- [ RunTime:0.000184s ]
INFO: [ app_begin ] --START--
INFO: Run Behavior\ReadHtmlCacheBehavior [ RunTime:0.000249s ]
INFO: [ app_begin ] --END-- [ RunTime:0.000267s ]
SQL: SHOW COLUMNS FROM `qm_fbjn` [ RunTime:0.0004s ]
SQL: SELECT COUNT(*) AS tp_Count FROM `qm_fbjn` LIMIT 1   [ RunTime:0.0002s ]
SQL: SELECT * FROM `qm_fbjn` LIMIT 0,7   [ RunTime:0.0001s ]
SQL: SHOW COLUMNS FROM `qm_jineng` [ RunTime:0.0004s ]
SQL: SELECT `jname` FROM `qm_jineng` WHERE ( id=149 ) LIMIT 1   [ RunTime:0.0000s ]
SQL: SHOW COLUMNS FROM `qm_user` [ RunTime:0.0006s ]
SQL: SELECT `username` FROM `qm_user` WHERE ( id=57103675 ) LIMIT 1   [ RunTime:0.0001s ]
SQL: SELECT `jname` FROM `qm_jineng` WHERE ( id=148 ) LIMIT 1   [ RunTime:0.0000s ]
SQL: SELECT `username` FROM `qm_user` WHERE ( id=1008 ) LIMIT 1   [ RunTime:0.0001s ]
SQL: SELECT `jname` FROM `qm_jineng` WHERE ( id=150 ) LIMIT 1   [ RunTime:0.0000s ]
SQL: SELECT `username` FROM `qm_user` WHERE ( id=57103675 ) LIMIT 1   [ RunTime:0.0000s ]
SQL: SELECT `jname` FROM `qm_jineng` WHERE ( id=147 ) LIMIT 1   [ RunTime:0.0000s ]
SQL: SELECT `username` FROM `qm_user` WHERE ( id=1008 ) LIMIT 1   [ RunTime:0.0000s ]
SQL: SELECT `jname` FROM `qm_jineng` WHERE ( id=146 ) LIMIT 1   [ RunTime:0.0000s ]
SQL: SELECT `username` FROM `qm_user` WHERE ( id=1008 ) LIMIT 1   [ RunTime:0.0000s ]
SQL: SELECT `jname` FROM `qm_jineng` WHERE ( id=130 ) LIMIT 1   [ RunTime:0.0000s ]
SQL: SELECT `username` FROM `qm_user` WHERE ( id=57103676 ) LIMIT 1   [ RunTime:0.0001s ]
SQL: SELECT `jname` FROM `qm_jineng` WHERE ( id=129 ) LIMIT 1   [ RunTime:0.0000s ]
SQL: SELECT `username` FROM `qm_user` WHERE ( id=57103676 ) LIMIT 1   [ RunTime:0.0000s ]
INFO: [ view_parse ] --START--
INFO: [ template_filter ] --START--
INFO: Run Behavior\ContentReplaceBehavior [ RunTime:0.000044s ]
INFO: [ template_filter ] --END-- [ RunTime:0.000085s ]
INFO: Run Behavior\ParseTemplateBehavior [ RunTime:0.033832s ]
INFO: [ view_parse ] --END-- [ RunTime:0.033872s ]
INFO: [ view_filter ] --START--
INFO: Run Behavior\WriteHtmlCacheBehavior [ RunTime:0.000103s ]
INFO: [ view_filter ] --END-- [ RunTime:0.000116s ]
INFO: [ app_end ] --START--
INFO: Run Behavior\ShowPageTraceBehavior [ RunTime:0.000361s ]
INFO: [ app_end ] --END-- [ RunTime:0.000378s ]

[ 2019-01-24T14:23:44+08:00 ] 112.36.202.2 /index.php/JY/Mgt/jngl/p/11.html
INFO: [ app_init ] --START--
INFO: Run Behavior\BuildLiteBehavior [ RunTime:0.000007s ]
INFO: [ app_init ] --END-- [ RunTime:0.000188s ]
INFO: [ app_begin ] --START--
INFO: Run Behavior\ReadHtmlCacheBehavior [ RunTime:0.000210s ]
INFO: [ app_begin ] --END-- [ RunTime:0.000227s ]
SQL: SHOW COLUMNS FROM `qm_fbjn` [ RunTime:0.0006s ]
SQL: SELECT COUNT(*) AS tp_Count FROM `qm_fbjn` LIMIT 1   [ RunTime:0.0001s ]
SQL: SELECT * FROM `qm_fbjn` LIMIT 70,7   [ RunTime:0.0002s ]
SQL: SHOW COLUMNS FROM `qm_jineng` [ RunTime:0.0003s ]
SQL: SELECT `jname` FROM `qm_jineng` WHERE ( id=46 ) LIMIT 1   [ RunTime:0.0000s ]
SQL: SHOW COLUMNS FROM `qm_user` [ RunTime:0.0005s ]
SQL: SELECT `username` FROM `qm_user` WHERE ( id=86425033 ) LIMIT 1   [ RunTime:0.0002s ]
SQL: SELECT `jname` FROM `qm_jineng` WHERE ( id=84 ) LIMIT 1   [ RunTime:0.0000s ]
SQL: SELECT `username` FROM `qm_user` WHERE ( id=89250362 ) LIMIT 1   [ RunTime:0.0001s ]
SQL: SELECT `jname` FROM `qm_jineng` WHERE ( id=99 ) LIMIT 1   [ RunTime:0.0000s ]
SQL: SELECT `username` FROM `qm_user` WHERE ( id=96430722 ) LIMIT 1   [ RunTime:0.0001s ]
SQL: SELECT `jname` FROM `qm_jineng` WHERE ( id=17 ) LIMIT 1   [ RunTime:0.0000s ]
SQL: SELECT `username` FROM `qm_user` WHERE ( id=96430722 ) LIMIT 1   [ RunTime:0.0000s ]
INFO: [ view_parse ] --START--
INFO: [ template_filter ] --START--
INFO: Run Behavior\ContentReplaceBehavior [ RunTime:0.000029s ]
INFO: [ template_filter ] --END-- [ RunTime:0.000047s ]
INFO: Run Behavior\ParseTemplateBehavior [ RunTime:0.003053s ]
INFO: [ view_parse ] --END-- [ RunTime:0.003070s ]
INFO: [ view_filter ] --START--
INFO: Run Behavior\WriteHtmlCacheBehavior [ RunTime:0.000088s ]
INFO: [ view_filter ] --END-- [ RunTime:0.000105s ]
INFO: [ app_end ] --START--
INFO: Run Behavior\ShowPageTraceBehavior [ RunTime:0.000297s ]
INFO: [ app_end ] --END-- [ RunTime:0.000311s ]

[ 2019-01-24T14:57:01+08:00 ] 112.36.202.2 /index.php/JY/Mgt/userlist
INFO: [ app_init ] --START--
INFO: Run Behavior\BuildLiteBehavior [ RunTime:0.000009s ]
INFO: [ app_init ] --END-- [ RunTime:0.000263s ]
INFO: [ app_begin ] --START--
INFO: Run Behavior\ReadHtmlCacheBehavior [ RunTime:0.000313s ]
INFO: [ app_begin ] --END-- [ RunTime:0.000331s ]
SQL: SHOW COLUMNS FROM `qm_user` [ RunTime:0.0009s ]
SQL: SELECT COUNT(*) AS tp_Count FROM `qm_user` LIMIT 1   [ RunTime:0.0002s ]
SQL: SELECT * FROM `qm_user` LIMIT 0,7   [ RunTime:0.0002s ]
INFO: [ view_parse ] --START--
INFO: [ template_filter ] --START--
INFO: Run Behavior\ContentReplaceBehavior [ RunTime:0.000040s ]
INFO: [ template_filter ] --END-- [ RunTime:0.000060s ]
NOTIC: [8] Undefined index: sex /www/wwwroot/jy.juhuaian.cn/Application/Runtime/Cache/JY/d29cc9c9e498b14fa0bbbdaf6fd8dade.php 第 67 行.
NOTIC: [8] Undefined index: email /www/wwwroot/jy.juhuaian.cn/Application/Runtime/Cache/JY/d29cc9c9e498b14fa0bbbdaf6fd8dade.php 第 80 行.
NOTIC: [8] Undefined index: qq /www/wwwroot/jy.juhuaian.cn/Application/Runtime/Cache/JY/d29cc9c9e498b14fa0bbbdaf6fd8dade.php 第 81 行.
NOTIC: [8] Undefined index: sex /www/wwwroot/jy.juhuaian.cn/Application/Runtime/Cache/JY/d29cc9c9e498b14fa0bbbdaf6fd8dade.php 第 67 行.
NOTIC: [8] Undefined index: email /www/wwwroot/jy.juhuaian.cn/Application/Runtime/Cache/JY/d29cc9c9e498b14fa0bbbdaf6fd8dade.php 第 80 行.
NOTIC: [8] Undefined index: qq /www/wwwroot/jy.juhuaian.cn/Application/Runtime/Cache/JY/d29cc9c9e498b14fa0bbbdaf6fd8dade.php 第 81 行.
NOTIC: [8] Undefined index: sex /www/wwwroot/jy.juhuaian.cn/Application/Runtime/Cache/JY/d29cc9c9e498b14fa0bbbdaf6fd8dade.php 第 67 行.
NOTIC: [8] Undefined index: email /www/wwwroot/jy.juhuaian.cn/Application/Runtime/Cache/JY/d29cc9c9e498b14fa0bbbdaf6fd8dade.php 第 80 行.
NOTIC: [8] Undefined index: qq /www/wwwroot/jy.juhuaian.cn/Application/Runtime/Cache/JY/d29cc9c9e498b14fa0bbbdaf6fd8dade.php 第 81 行.
NOTIC: [8] Undefined index: sex /www/wwwroot/jy.juhuaian.cn/Application/Runtime/Cache/JY/d29cc9c9e498b14fa0bbbdaf6fd8dade.php 第 67 行.
NOTIC: [8] Undefined index: email /www/wwwroot/jy.juhuaian.cn/Application/Runtime/Cache/JY/d29cc9c9e498b14fa0bbbdaf6fd8dade.php 第 80 行.
NOTIC: [8] Undefined index: qq /www/wwwroot/jy.juhuaian.cn/Application/Runtime/Cache/JY/d29cc9c9e498b14fa0bbbdaf6fd8dade.php 第 81 行.
NOTIC: [8] Undefined index: sex /www/wwwroot/jy.juhuaian.cn/Application/Runtime/Cache/JY/d29cc9c9e498b14fa0bbbdaf6fd8dade.php 第 67 行.
NOTIC: [8] Undefined index: email /www/wwwroot/jy.juhuaian.cn/Application/Runtime/Cache/JY/d29cc9c9e498b14fa0bbbdaf6fd8dade.php 第 80 行.
NOTIC: [8] Undefined index: qq /www/wwwroot/jy.juhuaian.cn/Application/Runtime/Cache/JY/d29cc9c9e498b14fa0bbbdaf6fd8dade.php 第 81 行.
NOTIC: [8] Undefined index: sex /www/wwwroot/jy.juhuaian.cn/Application/Runtime/Cache/JY/d29cc9c9e498b14fa0bbbdaf6fd8dade.php 第 67 行.
NOTIC: [8] Undefined index: email /www/wwwroot/jy.juhuaian.cn/Application/Runtime/Cache/JY/d29cc9c9e498b14fa0bbbdaf6fd8dade.php 第 80 行.
NOTIC: [8] Undefined index: qq /www/wwwroot/jy.juhuaian.cn/Application/Runtime/Cache/JY/d29cc9c9e498b14fa0bbbdaf6fd8dade.php 第 81 行.
NOTIC: [8] Undefined index: sex /www/wwwroot/jy.juhuaian.cn/Application/Runtime/Cache/JY/d29cc9c9e498b14fa0bbbdaf6fd8dade.php 第 67 行.
NOTIC: [8] Undefined index: email /www/wwwroot/jy.juhuaian.cn/Application/Runtime/Cache/JY/d29cc9c9e498b14fa0bbbdaf6fd8dade.php 第 80 行.
NOTIC: [8] Undefined index: qq /www/wwwroot/jy.juhuaian.cn/Application/Runtime/Cache/JY/d29cc9c9e498b14fa0bbbdaf6fd8dade.php 第 81 行.
INFO: Run Behavior\ParseTemplateBehavior [ RunTime:0.003789s ]
INFO: [ view_parse ] --END-- [ RunTime:0.003805s ]
INFO: [ view_filter ] --START--
INFO: Run Behavior\WriteHtmlCacheBehavior [ RunTime:0.000088s ]
INFO: [ view_filter ] --END-- [ RunTime:0.000100s ]
INFO: [ app_end ] --START--
INFO: Run Behavior\ShowPageTraceBehavior [ RunTime:0.000291s ]
INFO: [ app_end ] --END-- [ RunTime:0.000313s ]

[ 2019-01-24T14:57:13+08:00 ] 112.36.202.2 /index.php/JY/Mgt/userlist/p/11.html
INFO: [ app_init ] --START--
INFO: Run Behavior\BuildLiteBehavior [ RunTime:0.000008s ]
INFO: [ app_init ] --END-- [ RunTime:0.000229s ]
INFO: [ app_begin ] --START--
INFO: Run Behavior\ReadHtmlCacheBehavior [ RunTime:0.000266s ]
INFO: [ app_begin ] --END-- [ RunTime:0.000287s ]
SQL: SHOW COLUMNS FROM `qm_user` [ RunTime:0.0010s ]
SQL: SELECT COUNT(*) AS tp_Count FROM `qm_user` LIMIT 1   [ RunTime:0.0001s ]
SQL: SELECT * FROM `qm_user` LIMIT 70,7   [ RunTime:0.0006s ]
INFO: [ view_parse ] --START--
INFO: [ template_filter ] --START--
INFO: Run Behavior\ContentReplaceBehavior [ RunTime:0.000046s ]
INFO: [ template_filter ] --END-- [ RunTime:0.000072s ]
NOTIC: [8] Undefined index: sex /www/wwwroot/jy.juhuaian.cn/Application/Runtime/Cache/JY/d29cc9c9e498b14fa0bbbdaf6fd8dade.php 第 67 行.
NOTIC: [8] Undefined index: email /www/wwwroot/jy.juhuaian.cn/Application/Runtime/Cache/JY/d29cc9c9e498b14fa0bbbdaf6fd8dade.php 第 80 行.
NOTIC: [8] Undefined index: qq /www/wwwroot/jy.juhuaian.cn/Application/Runtime/Cache/JY/d29cc9c9e498b14fa0bbbdaf6fd8dade.php 第 81 行.
NOTIC: [8] Undefined index: sex /www/wwwroot/jy.juhuaian.cn/Application/Runtime/Cache/JY/d29cc9c9e498b14fa0bbbdaf6fd8dade.php 第 67 行.
NOTIC: [8] Undefined index: email /www/wwwroot/jy.juhuaian.cn/Application/Runtime/Cache/JY/d29cc9c9e498b14fa0bbbdaf6fd8dade.php 第 80 行.
NOTIC: [8] Undefined index: qq /www/wwwroot/jy.juhuaian.cn/Application/Runtime/Cache/JY/d29cc9c9e498b14fa0bbbdaf6fd8dade.php 第 81 行.
NOTIC: [8] Undefined index: sex /www/wwwroot/jy.juhuaian.cn/Application/Runtime/Cache/JY/d29cc9c9e498b14fa0bbbdaf6fd8dade.php 第 67 行.
NOTIC: [8] Undefined index: email /www/wwwroot/jy.juhuaian.cn/Application/Runtime/Cache/JY/d29cc9c9e498b14fa0bbbdaf6fd8dade.php 第 80 行.
NOTIC: [8] Undefined index: qq /www/wwwroot/jy.juhuaian.cn/Application/Runtime/Cache/JY/d29cc9c9e498b14fa0bbbdaf6fd8dade.php 第 81 行.
NOTIC: [8] Undefined index: sex /www/wwwroot/jy.juhuaian.cn/Application/Runtime/Cache/JY/d29cc9c9e498b14fa0bbbdaf6fd8dade.php 第 67 行.
NOTIC: [8] Undefined index: email /www/wwwroot/jy.juhuaian.cn/Application/Runtime/Cache/JY/d29cc9c9e498b14fa0bbbdaf6fd8dade.php 第 80 行.
NOTIC: [8] Undefined index: qq /www/wwwroot/jy.juhuaian.cn/Application/Runtime/Cache/JY/d29cc9c9e498b14fa0bbbdaf6fd8dade.php 第 81 行.
NOTIC: [8] Undefined index: sex /www/wwwroot/jy.juhuaian.cn/Application/Runtime/Cache/JY/d29cc9c9e498b14fa0bbbdaf6fd8dade.php 第 67 行.
NOTIC: [8] Undefined index: email /www/wwwroot/jy.juhuaian.cn/Application/Runtime/Cache/JY/d29cc9c9e498b14fa0bbbdaf6fd8dade.php 第 80 行.
NOTIC: [8] Undefined index: qq /www/wwwroot/jy.juhuaian.cn/Application/Runtime/Cache/JY/d29cc9c9e498b14fa0bbbdaf6fd8dade.php 第 81 行.
NOTIC: [8] Undefined index: sex /www/wwwroot/jy.juhuaian.cn/Application/Runtime/Cache/JY/d29cc9c9e498b14fa0bbbdaf6fd8dade.php 第 67 行.
NOTIC: [8] Undefined index: email /www/wwwroot/jy.juhuaian.cn/Application/Runtime/Cache/JY/d29cc9c9e498b14fa0bbbdaf6fd8dade.php 第 80 行.
NOTIC: [8] Undefined index: qq /www/wwwroot/jy.juhuaian.cn/Application/Runtime/Cache/JY/d29cc9c9e498b14fa0bbbdaf6fd8dade.php 第 81 行.
NOTIC: [8] Undefined index: sex /www/wwwroot/jy.juhuaian.cn/Application/Runtime/Cache/JY/d29cc9c9e498b14fa0bbbdaf6fd8dade.php 第 67 行.
NOTIC: [8] Undefined index: email /www/wwwroot/jy.juhuaian.cn/Application/Runtime/Cache/JY/d29cc9c9e498b14fa0bbbdaf6fd8dade.php 第 80 行.
NOTIC: [8] Undefined index: qq /www/wwwroot/jy.juhuaian.cn/Application/Runtime/Cache/JY/d29cc9c9e498b14fa0bbbdaf6fd8dade.php 第 81 行.
INFO: Run Behavior\ParseTemplateBehavior [ RunTime:0.004856s ]
INFO: [ view_parse ] --END-- [ RunTime:0.004874s ]
INFO: [ view_filter ] --START--
INFO: Run Behavior\WriteHtmlCacheBehavior [ RunTime:0.000098s ]
INFO: [ view_filter ] --END-- [ RunTime:0.000114s ]
INFO: [ app_end ] --START--
INFO: Run Behavior\ShowPageTraceBehavior [ RunTime:0.000264s ]
INFO: [ app_end ] --END-- [ RunTime:0.000281s ]

[ 2019-01-24T14:57:19+08:00 ] 112.36.202.2 /index.php/JY/Mgt/userlist/p/13.html
INFO: [ app_init ] --START--
INFO: Run Behavior\BuildLiteBehavior [ RunTime:0.000007s ]
INFO: [ app_init ] --END-- [ RunTime:0.000173s ]
INFO: [ app_begin ] --START--
INFO: Run Behavior\ReadHtmlCacheBehavior [ RunTime:0.000236s ]
INFO: [ app_begin ] --END-- [ RunTime:0.000259s ]
SQL: SHOW COLUMNS FROM `qm_user` [ RunTime:0.0006s ]
SQL: SELECT COUNT(*) AS tp_Count FROM `qm_user` LIMIT 1   [ RunTime:0.0000s ]
SQL: SELECT * FROM `qm_user` LIMIT 84,7   [ RunTime:0.0004s ]
INFO: [ view_parse ] --START--
INFO: [ template_filter ] --START--
INFO: Run Behavior\ContentReplaceBehavior [ RunTime:0.000041s ]
INFO: [ template_filter ] --END-- [ RunTime:0.000065s ]
NOTIC: [8] Undefined index: sex /www/wwwroot/jy.juhuaian.cn/Application/Runtime/Cache/JY/d29cc9c9e498b14fa0bbbdaf6fd8dade.php 第 67 行.
NOTIC: [8] Undefined index: email /www/wwwroot/jy.juhuaian.cn/Application/Runtime/Cache/JY/d29cc9c9e498b14fa0bbbdaf6fd8dade.php 第 80 行.
NOTIC: [8] Undefined index: qq /www/wwwroot/jy.juhuaian.cn/Application/Runtime/Cache/JY/d29cc9c9e498b14fa0bbbdaf6fd8dade.php 第 81 行.
INFO: Run Behavior\ParseTemplateBehavior [ RunTime:0.004697s ]
INFO: [ view_parse ] --END-- [ RunTime:0.004713s ]
INFO: [ view_filter ] --START--
INFO: Run Behavior\WriteHtmlCacheBehavior [ RunTime:0.000083s ]
INFO: [ view_filter ] --END-- [ RunTime:0.000094s ]
INFO: [ app_end ] --START--
INFO: Run Behavior\ShowPageTraceBehavior [ RunTime:0.000261s ]
INFO: [ app_end ] --END-- [ RunTime:0.000276s ]

[ 2019-01-24T16:02:02+08:00 ] 112.36.202.2 /index.php/JY/Mgt/userlist
INFO: [ app_init ] --START--
INFO: Run Behavior\BuildLiteBehavior [ RunTime:0.000010s ]
INFO: [ app_init ] --END-- [ RunTime:0.000178s ]
INFO: [ app_begin ] --START--
INFO: Run Behavior\ReadHtmlCacheBehavior [ RunTime:0.000243s ]
INFO: [ app_begin ] --END-- [ RunTime:0.000267s ]
SQL: SHOW COLUMNS FROM `qm_user` [ RunTime:0.0008s ]
SQL: SELECT COUNT(*) AS tp_Count FROM `qm_user` LIMIT 1   [ RunTime:0.0002s ]
SQL: SELECT * FROM `qm_user` LIMIT 0,7   [ RunTime:0.0002s ]
INFO: [ view_parse ] --START--
INFO: [ template_filter ] --START--
INFO: Run Behavior\ContentReplaceBehavior [ RunTime:0.000040s ]
INFO: [ template_filter ] --END-- [ RunTime:0.000059s ]
NOTIC: [8] Undefined index: sex /www/wwwroot/jy.juhuaian.cn/Application/Runtime/Cache/JY/d29cc9c9e498b14fa0bbbdaf6fd8dade.php 第 67 行.
NOTIC: [8] Undefined index: email /www/wwwroot/jy.juhuaian.cn/Application/Runtime/Cache/JY/d29cc9c9e498b14fa0bbbdaf6fd8dade.php 第 80 行.
NOTIC: [8] Undefined index: qq /www/wwwroot/jy.juhuaian.cn/Application/Runtime/Cache/JY/d29cc9c9e498b14fa0bbbdaf6fd8dade.php 第 81 行.
NOTIC: [8] Undefined index: sex /www/wwwroot/jy.juhuaian.cn/Application/Runtime/Cache/JY/d29cc9c9e498b14fa0bbbdaf6fd8dade.php 第 67 行.
NOTIC: [8] Undefined index: email /www/wwwroot/jy.juhuaian.cn/Application/Runtime/Cache/JY/d29cc9c9e498b14fa0bbbdaf6fd8dade.php 第 80 行.
NOTIC: [8] Undefined index: qq /www/wwwroot/jy.juhuaian.cn/Application/Runtime/Cache/JY/d29cc9c9e498b14fa0bbbdaf6fd8dade.php 第 81 行.
NOTIC: [8] Undefined index: sex /www/wwwroot/jy.juhuaian.cn/Application/Runtime/Cache/JY/d29cc9c9e498b14fa0bbbdaf6fd8dade.php 第 67 行.
NOTIC: [8] Undefined index: email /www/wwwroot/jy.juhuaian.cn/Application/Runtime/Cache/JY/d29cc9c9e498b14fa0bbbdaf6fd8dade.php 第 80 行.
NOTIC: [8] Undefined index: qq /www/wwwroot/jy.juhuaian.cn/Application/Runtime/Cache/JY/d29cc9c9e498b14fa0bbbdaf6fd8dade.php 第 81 行.
NOTIC: [8] Undefined index: sex /www/wwwroot/jy.juhuaian.cn/Application/Runtime/Cache/JY/d29cc9c9e498b14fa0bbbdaf6fd8dade.php 第 67 行.
NOTIC: [8] Undefined index: email /www/wwwroot/jy.juhuaian.cn/Application/Runtime/Cache/JY/d29cc9c9e498b14fa0bbbdaf6fd8dade.php 第 80 行.
NOTIC: [8] Undefined index: qq /www/wwwroot/jy.juhuaian.cn/Application/Runtime/Cache/JY/d29cc9c9e498b14fa0bbbdaf6fd8dade.php 第 81 行.
NOTIC: [8] Undefined index: sex /www/wwwroot/jy.juhuaian.cn/Application/Runtime/Cache/JY/d29cc9c9e498b14fa0bbbdaf6fd8dade.php 第 67 行.
NOTIC: [8] Undefined index: email /www/wwwroot/jy.juhuaian.cn/Application/Runtime/Cache/JY/d29cc9c9e498b14fa0bbbdaf6fd8dade.php 第 80 行.
NOTIC: [8] Undefined index: qq /www/wwwroot/jy.juhuaian.cn/Application/Runtime/Cache/JY/d29cc9c9e498b14fa0bbbdaf6fd8dade.php 第 81 行.
NOTIC: [8] Undefined index: sex /www/wwwroot/jy.juhuaian.cn/Application/Runtime/Cache/JY/d29cc9c9e498b14fa0bbbdaf6fd8dade.php 第 67 行.
NOTIC: [8] Undefined index: email /www/wwwroot/jy.juhuaian.cn/Application/Runtime/Cache/JY/d29cc9c9e498b14fa0bbbdaf6fd8dade.php 第 80 行.
NOTIC: [8] Undefined index: qq /www/wwwroot/jy.juhuaian.cn/Application/Runtime/Cache/JY/d29cc9c9e498b14fa0bbbdaf6fd8dade.php 第 81 行.
NOTIC: [8] Undefined index: sex /www/wwwroot/jy.juhuaian.cn/Application/Runtime/Cache/JY/d29cc9c9e498b14fa0bbbdaf6fd8dade.php 第 67 行.
NOTIC: [8] Undefined index: email /www/wwwroot/jy.juhuaian.cn/Application/Runtime/Cache/JY/d29cc9c9e498b14fa0bbbdaf6fd8dade.php 第 80 行.
NOTIC: [8] Undefined index: qq /www/wwwroot/jy.juhuaian.cn/Application/Runtime/Cache/JY/d29cc9c9e498b14fa0bbbdaf6fd8dade.php 第 81 行.
INFO: Run Behavior\ParseTemplateBehavior [ RunTime:0.004006s ]
INFO: [ view_parse ] --END-- [ RunTime:0.004024s ]
INFO: [ view_filter ] --START--
INFO: Run Behavior\WriteHtmlCacheBehavior [ RunTime:0.000089s ]
INFO: [ view_filter ] --END-- [ RunTime:0.000100s ]
INFO: [ app_end ] --START--
INFO: Run Behavior\ShowPageTraceBehavior [ RunTime:0.000294s ]
INFO: [ app_end ] --END-- [ RunTime:0.000311s ]

[ 2019-01-24T16:02:05+08:00 ] 112.36.202.2 /index.php/JY/Mgt/userlist/p/13.html
INFO: [ app_init ] --START--
INFO: Run Behavior\BuildLiteBehavior [ RunTime:0.000009s ]
INFO: [ app_init ] --END-- [ RunTime:0.000205s ]
INFO: [ app_begin ] --START--
INFO: Run Behavior\ReadHtmlCacheBehavior [ RunTime:0.000279s ]
INFO: [ app_begin ] --END-- [ RunTime:0.000297s ]
SQL: SHOW COLUMNS FROM `qm_user` [ RunTime:0.0007s ]
SQL: SELECT COUNT(*) AS tp_Count FROM `qm_user` LIMIT 1   [ RunTime:0.0000s ]
SQL: SELECT * FROM `qm_user` LIMIT 84,7   [ RunTime:0.0004s ]
INFO: [ view_parse ] --START--
INFO: [ template_filter ] --START--
INFO: Run Behavior\ContentReplaceBehavior [ RunTime:0.000043s ]
INFO: [ template_filter ] --END-- [ RunTime:0.000067s ]
NOTIC: [8] Undefined index: sex /www/wwwroot/jy.juhuaian.cn/Application/Runtime/Cache/JY/d29cc9c9e498b14fa0bbbdaf6fd8dade.php 第 67 行.
NOTIC: [8] Undefined index: email /www/wwwroot/jy.juhuaian.cn/Application/Runtime/Cache/JY/d29cc9c9e498b14fa0bbbdaf6fd8dade.php 第 80 行.
NOTIC: [8] Undefined index: qq /www/wwwroot/jy.juhuaian.cn/Application/Runtime/Cache/JY/d29cc9c9e498b14fa0bbbdaf6fd8dade.php 第 81 行.
INFO: Run Behavior\ParseTemplateBehavior [ RunTime:0.003782s ]
INFO: [ view_parse ] --END-- [ RunTime:0.003798s ]
INFO: [ view_filter ] --START--
INFO: Run Behavior\WriteHtmlCacheBehavior [ RunTime:0.000086s ]
INFO: [ view_filter ] --END-- [ RunTime:0.000098s ]
INFO: [ app_end ] --START--
INFO: Run Behavior\ShowPageTraceBehavior [ RunTime:0.000339s ]
INFO: [ app_end ] --END-- [ RunTime:0.000357s ]

[ 2019-01-24T16:15:11+08:00 ] 112.36.202.2 /index.php/JY/Mgt/userlist
INFO: [ app_init ] --START--
INFO: Run Behavior\BuildLiteBehavior [ RunTime:0.000008s ]
INFO: [ app_init ] --END-- [ RunTime:0.000197s ]
INFO: [ app_begin ] --START--
INFO: Run Behavior\ReadHtmlCacheBehavior [ RunTime:0.000213s ]
INFO: [ app_begin ] --END-- [ RunTime:0.000230s ]
SQL: SHOW COLUMNS FROM `qm_user` [ RunTime:0.0009s ]
SQL: SELECT COUNT(*) AS tp_Count FROM `qm_user` LIMIT 1   [ RunTime:0.0002s ]
SQL: SELECT * FROM `qm_user` LIMIT 0,7   [ RunTime:0.0004s ]
INFO: [ view_parse ] --START--
INFO: [ template_filter ] --START--
INFO: Run Behavior\ContentReplaceBehavior [ RunTime:0.000053s ]
INFO: [ template_filter ] --END-- [ RunTime:0.000087s ]
NOTIC: [8] Undefined index: sex /www/wwwroot/jy.juhuaian.cn/Application/Runtime/Cache/JY/d29cc9c9e498b14fa0bbbdaf6fd8dade.php 第 67 行.
NOTIC: [8] Undefined index: email /www/wwwroot/jy.juhuaian.cn/Application/Runtime/Cache/JY/d29cc9c9e498b14fa0bbbdaf6fd8dade.php 第 80 行.
NOTIC: [8] Undefined index: qq /www/wwwroot/jy.juhuaian.cn/Application/Runtime/Cache/JY/d29cc9c9e498b14fa0bbbdaf6fd8dade.php 第 81 行.
NOTIC: [8] Undefined index: sex /www/wwwroot/jy.juhuaian.cn/Application/Runtime/Cache/JY/d29cc9c9e498b14fa0bbbdaf6fd8dade.php 第 67 行.
NOTIC: [8] Undefined index: email /www/wwwroot/jy.juhuaian.cn/Application/Runtime/Cache/JY/d29cc9c9e498b14fa0bbbdaf6fd8dade.php 第 80 行.
NOTIC: [8] Undefined index: qq /www/wwwroot/jy.juhuaian.cn/Application/Runtime/Cache/JY/d29cc9c9e498b14fa0bbbdaf6fd8dade.php 第 81 行.
NOTIC: [8] Undefined index: sex /www/wwwroot/jy.juhuaian.cn/Application/Runtime/Cache/JY/d29cc9c9e498b14fa0bbbdaf6fd8dade.php 第 67 行.
NOTIC: [8] Undefined index: email /www/wwwroot/jy.juhuaian.cn/Application/Runtime/Cache/JY/d29cc9c9e498b14fa0bbbdaf6fd8dade.php 第 80 行.
NOTIC: [8] Undefined index: qq /www/wwwroot/jy.juhuaian.cn/Application/Runtime/Cache/JY/d29cc9c9e498b14fa0bbbdaf6fd8dade.php 第 81 行.
NOTIC: [8] Undefined index: sex /www/wwwroot/jy.juhuaian.cn/Application/Runtime/Cache/JY/d29cc9c9e498b14fa0bbbdaf6fd8dade.php 第 67 行.
NOTIC: [8] Undefined index: email /www/wwwroot/jy.juhuaian.cn/Application/Runtime/Cache/JY/d29cc9c9e498b14fa0bbbdaf6fd8dade.php 第 80 行.
NOTIC: [8] Undefined index: qq /www/wwwroot/jy.juhuaian.cn/Application/Runtime/Cache/JY/d29cc9c9e498b14fa0bbbdaf6fd8dade.php 第 81 行.
NOTIC: [8] Undefined index: sex /www/wwwroot/jy.juhuaian.cn/Application/Runtime/Cache/JY/d29cc9c9e498b14fa0bbbdaf6fd8dade.php 第 67 行.
NOTIC: [8] Undefined index: email /www/wwwroot/jy.juhuaian.cn/Application/Runtime/Cache/JY/d29cc9c9e498b14fa0bbbdaf6fd8dade.php 第 80 行.
NOTIC: [8] Undefined index: qq /www/wwwroot/jy.juhuaian.cn/Application/Runtime/Cache/JY/d29cc9c9e498b14fa0bbbdaf6fd8dade.php 第 81 行.
NOTIC: [8] Undefined index: sex /www/wwwroot/jy.juhuaian.cn/Application/Runtime/Cache/JY/d29cc9c9e498b14fa0bbbdaf6fd8dade.php 第 67 行.
NOTIC: [8] Undefined index: email /www/wwwroot/jy.juhuaian.cn/Application/Runtime/Cache/JY/d29cc9c9e498b14fa0bbbdaf6fd8dade.php 第 80 行.
NOTIC: [8] Undefined index: qq /www/wwwroot/jy.juhuaian.cn/Application/Runtime/Cache/JY/d29cc9c9e498b14fa0bbbdaf6fd8dade.php 第 81 行.
NOTIC: [8] Undefined index: sex /www/wwwroot/jy.juhuaian.cn/Application/Runtime/Cache/JY/d29cc9c9e498b14fa0bbbdaf6fd8dade.php 第 67 行.
NOTIC: [8] Undefined index: email /www/wwwroot/jy.juhuaian.cn/Application/Runtime/Cache/JY/d29cc9c9e498b14fa0bbbdaf6fd8dade.php 第 80 行.
NOTIC: [8] Undefined index: qq /www/wwwroot/jy.juhuaian.cn/Application/Runtime/Cache/JY/d29cc9c9e498b14fa0bbbdaf6fd8dade.php 第 81 行.
INFO: Run Behavior\ParseTemplateBehavior [ RunTime:0.005386s ]
INFO: [ view_parse ] --END-- [ RunTime:0.005408s ]
INFO: [ view_filter ] --START--
INFO: Run Behavior\WriteHtmlCacheBehavior [ RunTime:0.000118s ]
INFO: [ view_filter ] --END-- [ RunTime:0.000135s ]
INFO: [ app_end ] --START--
INFO: Run Behavior\ShowPageTraceBehavior [ RunTime:0.000397s ]
INFO: [ app_end ] --END-- [ RunTime:0.000419s ]

[ 2019-01-24T16:15:13+08:00 ] 112.36.202.2 /index.php/JY/Mgt/userlist/p/13.html
INFO: [ app_init ] --START--
INFO: Run Behavior\BuildLiteBehavior [ RunTime:0.000008s ]
INFO: [ app_init ] --END-- [ RunTime:0.000183s ]
INFO: [ app_begin ] --START--
INFO: Run Behavior\ReadHtmlCacheBehavior [ RunTime:0.000256s ]
INFO: [ app_begin ] --END-- [ RunTime:0.000276s ]
SQL: SHOW COLUMNS FROM `qm_user` [ RunTime:0.0039s ]
SQL: SELECT COUNT(*) AS tp_Count FROM `qm_user` LIMIT 1   [ RunTime:0.0001s ]
SQL: SELECT * FROM `qm_user` LIMIT 84,7   [ RunTime:0.0004s ]
INFO: [ view_parse ] --START--
INFO: [ template_filter ] --START--
INFO: Run Behavior\ContentReplaceBehavior [ RunTime:0.000059s ]
INFO: [ template_filter ] --END-- [ RunTime:0.000090s ]
NOTIC: [8] Undefined index: sex /www/wwwroot/jy.juhuaian.cn/Application/Runtime/Cache/JY/d29cc9c9e498b14fa0bbbdaf6fd8dade.php 第 67 行.
NOTIC: [8] Undefined index: email /www/wwwroot/jy.juhuaian.cn/Application/Runtime/Cache/JY/d29cc9c9e498b14fa0bbbdaf6fd8dade.php 第 80 行.
NOTIC: [8] Undefined index: qq /www/wwwroot/jy.juhuaian.cn/Application/Runtime/Cache/JY/d29cc9c9e498b14fa0bbbdaf6fd8dade.php 第 81 行.
INFO: Run Behavior\ParseTemplateBehavior [ RunTime:0.004260s ]
INFO: [ view_parse ] --END-- [ RunTime:0.004279s ]
INFO: [ view_filter ] --START--
INFO: Run Behavior\WriteHtmlCacheBehavior [ RunTime:0.000108s ]
INFO: [ view_filter ] --END-- [ RunTime:0.000131s ]
INFO: [ app_end ] --START--
INFO: Run Behavior\ShowPageTraceBehavior [ RunTime:0.000315s ]
INFO: [ app_end ] --END-- [ RunTime:0.000332s ]

