[ 2017-08-27T12:26:02+08:00 ] 124.133.154.54 /V1.0.1/Public/2017-08-26/2B63F5BC-D183-4B4D-846D-FC720EC4
INFO: [ app_init ] --START--
INFO: Run Behavior\BuildLiteBehavior [ RunTime:0.000000s ]
INFO: [ app_init ] --END-- [ RunTime:0.000000s ]
ERR: 无法加载模块:Public

[ 2017-08-27T12:26:02+08:00 ] 124.133.154.54 /V1.0.1//member/templets/images/dfboy.png
INFO: [ app_init ] --START--
INFO: Run Behavior\BuildLiteBehavior [ RunTime:0.000000s ]
INFO: [ app_init ] --END-- [ RunTime:0.000000s ]
ERR: 无法加载模块:Member

[ 2017-08-27T12:26:02+08:00 ] 124.133.154.54 /V1.0.1//member/templets/images/dfboy.png
INFO: [ app_init ] --START--
INFO: Run Behavior\BuildLiteBehavior [ RunTime:0.000000s ]
INFO: [ app_init ] --END-- [ RunTime:0.015625s ]
ERR: 无法加载模块:Member

[ 2017-08-27T12:26:03+08:00 ] 124.133.154.54 /V1.0.1//member/templets/images/dfboy.png
INFO: [ app_init ] --START--
INFO: Run Behavior\BuildLiteBehavior [ RunTime:0.000000s ]
INFO: [ app_init ] --END-- [ RunTime:0.000000s ]
ERR: 无法加载模块:Member

[ 2017-08-27T12:26:03+08:00 ] 124.133.154.54 /V1.0.1//member/templets/images/dfboy.png
INFO: [ app_init ] --START--
INFO: Run Behavior\BuildLiteBehavior [ RunTime:0.000000s ]
INFO: [ app_init ] --END-- [ RunTime:0.000000s ]
ERR: 无法加载模块:Member

[ 2017-08-27T12:26:03+08:00 ] 124.133.154.54 /V1.0.1/public/images/face.jpg
INFO: [ app_init ] --START--
INFO: Run Behavior\BuildLiteBehavior [ RunTime:0.000000s ]
INFO: [ app_init ] --END-- [ RunTime:0.000000s ]
ERR: 无法加载模块:Public

[ 2017-08-27T12:26:03+08:00 ] 124.133.154.54 /V1.0.1/public/images/face.jpg
INFO: [ app_init ] --START--
INFO: Run Behavior\BuildLiteBehavior [ RunTime:0.000000s ]
INFO: [ app_init ] --END-- [ RunTime:0.000000s ]
ERR: 无法加载模块:Public

[ 2017-08-27T12:26:03+08:00 ] 124.133.154.54 /V1.0.1/public/images/face.jpg
INFO: [ app_init ] --START--
INFO: Run Behavior\BuildLiteBehavior [ RunTime:0.000000s ]
INFO: [ app_init ] --END-- [ RunTime:0.000000s ]
ERR: 无法加载模块:Public

[ 2017-08-27T12:26:31+08:00 ] 124.133.154.54 /V1.0.1/public/images
INFO: [ app_init ] --START--
INFO: Run Behavior\BuildLiteBehavior [ RunTime:0.000000s ]
INFO: [ app_init ] --END-- [ RunTime:0.000000s ]
ERR: 无法加载模块:Public

[ 2017-08-27T12:26:48+08:00 ] 124.133.154.54 /V1.0.1/index.php/public/images
INFO: [ app_init ] --START--
INFO: Run Behavior\BuildLiteBehavior [ RunTime:0.000000s ]
INFO: [ app_init ] --END-- [ RunTime:0.000000s ]
ERR: 无法加载模块:Public

[ 2017-08-27T12:27:02+08:00 ] 180.97.35.218 /V1.0.1/index.php/public/images
INFO: [ app_init ] --START--
INFO: Run Behavior\BuildLiteBehavior [ RunTime:0.000000s ]
INFO: [ app_init ] --END-- [ RunTime:0.000000s ]
ERR: 无法加载模块:Public

[ 2017-08-27T12:27:07+08:00 ] 124.133.154.54 /V1.0.1/index.php/Public/2017-08-26/D68EA48A-CC21-4C2C-8F2C-CA8FFCC4
INFO: [ app_init ] --START--
INFO: Run Behavior\BuildLiteBehavior [ RunTime:0.000000s ]
INFO: [ app_init ] --END-- [ RunTime:0.000000s ]
ERR: 无法加载模块:Public

[ 2017-08-27T12:27:29+08:00 ] 14.215.176.132 /V1.0.1/index.php/Public/2017-08-26/D68EA48A-CC21-4C2C-8F2C-CA8FFCC4
INFO: [ app_init ] --START--
INFO: Run Behavior\BuildLiteBehavior [ RunTime:0.000000s ]
INFO: [ app_init ] --END-- [ RunTime:0.000000s ]
ERR: 无法加载模块:Public

[ 2017-08-27T12:27:57+08:00 ] 124.133.154.54 /V1.0.1/Public/2017-08-26/2B63F5BC-D183-4B4D-846D-FC720EC4
INFO: [ app_init ] --START--
INFO: Run Behavior\BuildLiteBehavior [ RunTime:0.000000s ]
INFO: [ app_init ] --END-- [ RunTime:0.000000s ]
ERR: 无法加载模块:Public

[ 2017-08-27T12:28:45+08:00 ] 124.133.154.54 /V1.0.1/index.php/Public/2017-08-27/F71FE9FA-37A0-48E5-8C55-9548B156B406-3018-0000038A1B9E2784.jpg
INFO: [ app_init ] --START--
INFO: Run Behavior\BuildLiteBehavior [ RunTime:0.000000s ]
INFO: [ app_init ] --END-- [ RunTime:0.000000s ]
ERR: 无法加载模块:Public

[ 2017-08-27T12:29:08+08:00 ] 124.133.154.54 /V1.0.1//member/templets/images/dfboy.png
INFO: [ app_init ] --START--
INFO: Run Behavior\BuildLiteBehavior [ RunTime:0.000000s ]
INFO: [ app_init ] --END-- [ RunTime:0.000000s ]
ERR: 无法加载模块:Member

[ 2017-08-27T12:29:08+08:00 ] 124.133.154.54 /V1.0.1//member/templets/images/dfboy.png
INFO: [ app_init ] --START--
INFO: Run Behavior\BuildLiteBehavior [ RunTime:0.000000s ]
INFO: [ app_init ] --END-- [ RunTime:0.000000s ]
ERR: 无法加载模块:Member

[ 2017-08-27T12:29:08+08:00 ] 124.133.154.54 /V1.0.1/Public/2017-08-26/2B63F5BC-D183-4B4D-846D-FC720EC4
INFO: [ app_init ] --START--
INFO: Run Behavior\BuildLiteBehavior [ RunTime:0.000000s ]
INFO: [ app_init ] --END-- [ RunTime:0.000000s ]
ERR: 无法加载模块:Public

[ 2017-08-27T12:29:08+08:00 ] 124.133.154.54 /V1.0.1//member/templets/images/dfboy.png
INFO: [ app_init ] --START--
INFO: Run Behavior\BuildLiteBehavior [ RunTime:0.000000s ]
INFO: [ app_init ] --END-- [ RunTime:0.000000s ]
ERR: 无法加载模块:Member

[ 2017-08-27T12:29:08+08:00 ] 124.133.154.54 /V1.0.1//member/templets/images/dfboy.png
INFO: [ app_init ] --START--
INFO: Run Behavior\BuildLiteBehavior [ RunTime:0.000000s ]
INFO: [ app_init ] --END-- [ RunTime:0.000000s ]
ERR: 无法加载模块:Member

[ 2017-08-27T12:29:08+08:00 ] 124.133.154.54 /V1.0.1/public/images/face.jpg
INFO: [ app_init ] --START--
INFO: Run Behavior\BuildLiteBehavior [ RunTime:0.000000s ]
INFO: [ app_init ] --END-- [ RunTime:0.000000s ]
ERR: 无法加载模块:Public

[ 2017-08-27T12:29:08+08:00 ] 124.133.154.54 /V1.0.1/public/images/face.jpg
INFO: [ app_init ] --START--
INFO: Run Behavior\BuildLiteBehavior [ RunTime:0.000000s ]
INFO: [ app_init ] --END-- [ RunTime:0.000000s ]
ERR: 无法加载模块:Public

[ 2017-08-27T12:29:08+08:00 ] 124.133.154.54 /V1.0.1/public/images/face.jpg
INFO: [ app_init ] --START--
INFO: Run Behavior\BuildLiteBehavior [ RunTime:0.000000s ]
INFO: [ app_init ] --END-- [ RunTime:0.000000s ]
ERR: 无法加载模块:Public

[ 2017-08-27T12:29:15+08:00 ] 124.133.154.54 /V1.0.1/Public/2017-08-26/2B63F5BC-D183-4B4D-846D-FC720EC4
INFO: [ app_init ] --START--
INFO: Run Behavior\BuildLiteBehavior [ RunTime:0.000000s ]
INFO: [ app_init ] --END-- [ RunTime:0.000000s ]
ERR: 无法加载模块:Public

[ 2017-08-27T12:36:19+08:00 ] 14.215.176.10 /V1.0.1/public/images
INFO: [ app_init ] --START--
INFO: Run Behavior\BuildLiteBehavior [ RunTime:0.000000s ]
INFO: [ app_init ] --END-- [ RunTime:0.015625s ]
ERR: 无法加载模块:Public

