[ 2017-11-01T10:33:08+08:00 ] 39.71.53.144 /V1.0.1/null
INFO: [ app_init ] --START--
INFO: Run Behavior\BuildLiteBehavior [ RunTime:0.000000s ]
INFO: [ app_init ] --END-- [ RunTime:0.000000s ]
ERR: 无法加载模块:Null

[ 2017-11-01T10:37:24+08:00 ] 39.71.53.144 /V1.0.1/null
INFO: [ app_init ] --START--
INFO: Run Behavior\BuildLiteBehavior [ RunTime:0.000000s ]
INFO: [ app_init ] --END-- [ RunTime:0.000000s ]
ERR: 无法加载模块:Null

[ 2017-11-01T10:48:45+08:00 ] 1.197.177.71 /v1.0.1/Public/2017-10-23/10675DB9-A309-4602-938D-9DFA444BE217-2871-000005E7A8B475EB.jpg
INFO: [ app_init ] --START--
INFO: Run Behavior\BuildLiteBehavior [ RunTime:0.000000s ]
INFO: [ app_init ] --END-- [ RunTime:0.000000s ]
ERR: 无法加载模块:Public

[ 2017-11-01T15:05:20+08:00 ] 39.71.53.144 /V1.0.1/null
INFO: [ app_init ] --START--
INFO: Run Behavior\BuildLiteBehavior [ RunTime:0.000000s ]
INFO: [ app_init ] --END-- [ RunTime:0.000000s ]
ERR: 无法加载模块:Null

[ 2017-11-01T15:12:40+08:00 ] 39.71.53.144 /V1.0.1/null
INFO: [ app_init ] --START--
INFO: Run Behavior\BuildLiteBehavior [ RunTime:0.000000s ]
INFO: [ app_init ] --END-- [ RunTime:0.000000s ]
ERR: 无法加载模块:Null

[ 2017-11-01T15:17:36+08:00 ] 39.71.53.144 /V1.0.1/null
INFO: [ app_init ] --START--
INFO: Run Behavior\BuildLiteBehavior [ RunTime:0.000000s ]
INFO: [ app_init ] --END-- [ RunTime:0.000000s ]
ERR: 无法加载模块:Null

[ 2017-11-01T15:19:07+08:00 ] 39.71.53.144 /V1.0.1/null
INFO: [ app_init ] --START--
INFO: Run Behavior\BuildLiteBehavior [ RunTime:0.000000s ]
INFO: [ app_init ] --END-- [ RunTime:0.000000s ]
ERR: 无法加载模块:Null

[ 2017-11-01T15:20:22+08:00 ] 39.71.53.144 /v1.0.1/2017-08-23/599d153849d37.png
INFO: [ app_init ] --START--
INFO: Run Behavior\BuildLiteBehavior [ RunTime:0.000000s ]
INFO: [ app_init ] --END-- [ RunTime:0.000000s ]
ERR: 无法加载模块:2017-08-23

[ 2017-11-01T15:20:34+08:00 ] 39.71.53.144 /v1.0.1/2017-08-23/599d153849d37.png
INFO: [ app_init ] --START--
INFO: Run Behavior\BuildLiteBehavior [ RunTime:0.000000s ]
INFO: [ app_init ] --END-- [ RunTime:0.000000s ]
ERR: 无法加载模块:2017-08-23

[ 2017-11-01T15:20:36+08:00 ] 39.71.53.144 /v1.0.1/2017-08-23/599d153849d37.png
INFO: [ app_init ] --START--
INFO: Run Behavior\BuildLiteBehavior [ RunTime:0.000000s ]
INFO: [ app_init ] --END-- [ RunTime:0.000000s ]
ERR: 无法加载模块:2017-08-23

[ 2017-11-01T15:20:45+08:00 ] 39.71.53.144 /V1.0.1/2017-08-23/599d153849d37.png
INFO: [ app_init ] --START--
INFO: Run Behavior\BuildLiteBehavior [ RunTime:0.000000s ]
INFO: [ app_init ] --END-- [ RunTime:0.000000s ]
ERR: 无法加载模块:2017-08-23

[ 2017-11-01T15:27:24+08:00 ] 39.71.53.144 /V1.0.1/null
INFO: [ app_init ] --START--
INFO: Run Behavior\BuildLiteBehavior [ RunTime:0.000000s ]
INFO: [ app_init ] --END-- [ RunTime:0.000000s ]
ERR: 无法加载模块:Null

[ 2017-11-01T15:33:06+08:00 ] 39.71.53.144 /V1.0.1/null
INFO: [ app_init ] --START--
INFO: Run Behavior\BuildLiteBehavior [ RunTime:0.000000s ]
INFO: [ app_init ] --END-- [ RunTime:0.000000s ]
ERR: 无法加载模块:Null

[ 2017-11-01T15:34:18+08:00 ] 39.71.53.144 /v1.0.1/Public/2017-10-23/10675DB9-A309-4602-938D-9DFA444BE217-2871-000005E7A8B475EB.jpg
INFO: [ app_init ] --START--
INFO: Run Behavior\BuildLiteBehavior [ RunTime:0.000000s ]
INFO: [ app_init ] --END-- [ RunTime:0.000000s ]
ERR: 无法加载模块:Public

[ 2017-11-01T15:34:31+08:00 ] 39.71.53.144 /V1.0.1/Public/2017-10-23/10675DB9-A309-4602-938D-9DFA444BE217-2871-000005E7A8B475EB.jpg
INFO: [ app_init ] --START--
INFO: Run Behavior\BuildLiteBehavior [ RunTime:0.000000s ]
INFO: [ app_init ] --END-- [ RunTime:0.000000s ]
ERR: 无法加载模块:Public

