[ 2017-10-18T15:49:45+08:00 ] 112.230.6.160 /v1.0.1/2017-08-23/599d153849d37.png
INFO: [ app_init ] --START--
INFO: Run Behavior\BuildLiteBehavior [ RunTime:0.000000s ]
INFO: [ app_init ] --END-- [ RunTime:0.000000s ]
ERR: 无法加载模块:2017-08-23

[ 2017-10-18T15:50:47+08:00 ] 112.230.6.160 /v1.0.1/2017-08-23/599d153849d37.png
INFO: [ app_init ] --START--
INFO: Run Behavior\BuildLiteBehavior [ RunTime:0.000000s ]
INFO: [ app_init ] --END-- [ RunTime:0.000000s ]
ERR: 无法加载模块:2017-08-23

[ 2017-10-18T16:47:15+08:00 ] 112.230.6.160 /v1.0.1/2017-08-23/599d153849d37.png
INFO: [ app_init ] --START--
INFO: Run Behavior\BuildLiteBehavior [ RunTime:0.000000s ]
INFO: [ app_init ] --END-- [ RunTime:0.000000s ]
ERR: 无法加载模块:2017-08-23

[ 2017-10-18T16:55:00+08:00 ] 112.230.6.160 /V1.0.1/undefined
INFO: [ app_init ] --START--
INFO: Run Behavior\BuildLiteBehavior [ RunTime:0.000000s ]
INFO: [ app_init ] --END-- [ RunTime:0.015625s ]
ERR: 无法加载模块:Undefined

[ 2017-10-18T16:55:01+08:00 ] 112.230.6.160 /v1.0.1/2017-08-23/599d153849d37.png
INFO: [ app_init ] --START--
INFO: Run Behavior\BuildLiteBehavior [ RunTime:0.000000s ]
INFO: [ app_init ] --END-- [ RunTime:0.000000s ]
ERR: 无法加载模块:2017-08-23

[ 2017-10-18T16:55:31+08:00 ] 112.230.6.160 /V1.0.1/undefined
INFO: [ app_init ] --START--
INFO: Run Behavior\BuildLiteBehavior [ RunTime:0.000000s ]
INFO: [ app_init ] --END-- [ RunTime:0.000000s ]
ERR: 无法加载模块:Undefined

[ 2017-10-18T16:59:00+08:00 ] 112.230.6.160 /v1.0.1/2017-08-23/599d153849d37.png
INFO: [ app_init ] --START--
INFO: Run Behavior\BuildLiteBehavior [ RunTime:0.000000s ]
INFO: [ app_init ] --END-- [ RunTime:0.000000s ]
ERR: 无法加载模块:2017-08-23

[ 2017-10-18T17:14:04+08:00 ] 112.230.6.160 /v1.0.1/2017-08-23/599d153849d37.png
INFO: [ app_init ] --START--
INFO: Run Behavior\BuildLiteBehavior [ RunTime:0.000000s ]
INFO: [ app_init ] --END-- [ RunTime:0.000000s ]
ERR: 无法加载模块:2017-08-23

[ 2017-10-18T17:16:21+08:00 ] 112.230.6.160 /v1.0.1/2017-08-23/599d153849d37.png
INFO: [ app_init ] --START--
INFO: Run Behavior\BuildLiteBehavior [ RunTime:0.000000s ]
INFO: [ app_init ] --END-- [ RunTime:0.000000s ]
ERR: 无法加载模块:2017-08-23

[ 2017-10-18T17:17:59+08:00 ] 112.230.6.160 /v1.0.1/2017-08-23/599d153849d37.png
INFO: [ app_init ] --START--
INFO: Run Behavior\BuildLiteBehavior [ RunTime:0.000000s ]
INFO: [ app_init ] --END-- [ RunTime:0.000000s ]
ERR: 无法加载模块:2017-08-23

[ 2017-10-18T17:18:32+08:00 ] 112.230.6.160 /v1.0.1/2017-08-23/599d153849d37.png
INFO: [ app_init ] --START--
INFO: Run Behavior\BuildLiteBehavior [ RunTime:0.000000s ]
INFO: [ app_init ] --END-- [ RunTime:0.000000s ]
ERR: 无法加载模块:2017-08-23

[ 2017-10-18T17:23:23+08:00 ] 112.230.6.160 /v1.0.1/2017-08-23/599d153849d37.png
INFO: [ app_init ] --START--
INFO: Run Behavior\BuildLiteBehavior [ RunTime:0.000000s ]
INFO: [ app_init ] --END-- [ RunTime:0.000000s ]
ERR: 无法加载模块:2017-08-23

[ 2017-10-18T17:27:51+08:00 ] 112.230.6.160 /v1.0.1/2017-08-23/599d153849d37.png
INFO: [ app_init ] --START--
INFO: Run Behavior\BuildLiteBehavior [ RunTime:0.000000s ]
INFO: [ app_init ] --END-- [ RunTime:0.000000s ]
ERR: 无法加载模块:2017-08-23

[ 2017-10-18T17:29:27+08:00 ] 112.230.6.160 /v1.0.1/2017-08-23/599d153849d37.png
INFO: [ app_init ] --START--
INFO: Run Behavior\BuildLiteBehavior [ RunTime:0.000000s ]
INFO: [ app_init ] --END-- [ RunTime:0.000000s ]
ERR: 无法加载模块:2017-08-23

[ 2017-10-18T17:29:47+08:00 ] 112.230.6.160 /v1.0.1/2017-08-23/599d153849d37.png
INFO: [ app_init ] --START--
INFO: Run Behavior\BuildLiteBehavior [ RunTime:0.000000s ]
INFO: [ app_init ] --END-- [ RunTime:0.000000s ]
ERR: 无法加载模块:2017-08-23

[ 2017-10-18T17:33:39+08:00 ] 112.230.6.160 /v1.0.1/2017-08-23/599d153849d37.png
INFO: [ app_init ] --START--
INFO: Run Behavior\BuildLiteBehavior [ RunTime:0.000000s ]
INFO: [ app_init ] --END-- [ RunTime:0.000000s ]
ERR: 无法加载模块:2017-08-23

[ 2017-10-18T17:46:02+08:00 ] 112.230.6.160 /v1.0.1/2017-08-23/599d153849d37.png
INFO: [ app_init ] --START--
INFO: Run Behavior\BuildLiteBehavior [ RunTime:0.000000s ]
INFO: [ app_init ] --END-- [ RunTime:0.000000s ]
ERR: 无法加载模块:2017-08-23

[ 2017-10-18T18:02:14+08:00 ] 112.230.6.160 /v1.0.1/2017-08-23/599d153849d37.png
INFO: [ app_init ] --START--
INFO: Run Behavior\BuildLiteBehavior [ RunTime:0.000000s ]
INFO: [ app_init ] --END-- [ RunTime:0.000000s ]
ERR: 无法加载模块:2017-08-23

[ 2017-10-18T18:44:41+08:00 ] 112.230.6.160 /V1.0.1/2017-09-01/6.jpg
INFO: [ app_init ] --START--
INFO: Run Behavior\BuildLiteBehavior [ RunTime:0.000000s ]
INFO: [ app_init ] --END-- [ RunTime:0.000000s ]
ERR: 无法加载模块:2017-09-01

[ 2017-10-18T18:44:46+08:00 ] 112.230.6.160 /V1.0.1/2017-09-01/6.jpg
INFO: [ app_init ] --START--
INFO: Run Behavior\BuildLiteBehavior [ RunTime:0.000000s ]
INFO: [ app_init ] --END-- [ RunTime:0.000000s ]
ERR: 无法加载模块:2017-09-01

