[ 2017-10-14T11:34:00+08:00 ] 112.230.156.24 /v1.0.1/125
INFO: [ app_init ] --START--
INFO: Run Behavior\BuildLiteBehavior [ RunTime:0.000000s ]
INFO: [ app_init ] --END-- [ RunTime:0.000000s ]
ERR: 无法加载模块:125

[ 2017-10-14T11:34:00+08:00 ] 112.230.156.24 /v1.0.1/599
INFO: [ app_init ] --START--
INFO: Run Behavior\BuildLiteBehavior [ RunTime:0.000000s ]
INFO: [ app_init ] --END-- [ RunTime:0.000000s ]
ERR: 无法加载模块:599

[ 2017-10-14T11:34:00+08:00 ] 112.230.156.24 /v1.0.1/Public/2017-10-11/image_lib_201710110859303_src.png
INFO: [ app_init ] --START--
INFO: Run Behavior\BuildLiteBehavior [ RunTime:0.000000s ]
INFO: [ app_init ] --END-- [ RunTime:0.000000s ]
ERR: 无法加载模块:Public

[ 2017-10-14T11:34:00+08:00 ] 112.230.156.24 /v1.0.1/Public/2017-10-11/image_lib_201710110859304_src.png
INFO: [ app_init ] --START--
INFO: Run Behavior\BuildLiteBehavior [ RunTime:0.000000s ]
INFO: [ app_init ] --END-- [ RunTime:0.000000s ]
ERR: 无法加载模块:Public

[ 2017-10-14T11:34:00+08:00 ] 112.230.156.24 /v1.0.1/Public/2017-10-11/image_lib_201710110859292_src.png
INFO: [ app_init ] --START--
INFO: Run Behavior\BuildLiteBehavior [ RunTime:0.000000s ]
INFO: [ app_init ] --END-- [ RunTime:0.000000s ]
ERR: 无法加载模块:Public

[ 2017-10-14T11:34:00+08:00 ] 112.230.156.24 /v1.0.1/Public/2017-10-11/image_lib_201710110859291_src.png
INFO: [ app_init ] --START--
INFO: Run Behavior\BuildLiteBehavior [ RunTime:0.000000s ]
INFO: [ app_init ] --END-- [ RunTime:0.000000s ]
ERR: 无法加载模块:Public

[ 2017-10-14T11:34:00+08:00 ] 112.230.156.24 /v1.0.1/Public/2017-10-11/image_lib_201710110859317_src.png
INFO: [ app_init ] --START--
INFO: Run Behavior\BuildLiteBehavior [ RunTime:0.000000s ]
INFO: [ app_init ] --END-- [ RunTime:0.000000s ]
ERR: 无法加载模块:Public

[ 2017-10-14T11:34:00+08:00 ] 112.230.156.24 /v1.0.1/Public/2017-10-11/image_lib_201710110859318_src.png
INFO: [ app_init ] --START--
INFO: Run Behavior\BuildLiteBehavior [ RunTime:0.000000s ]
INFO: [ app_init ] --END-- [ RunTime:0.000000s ]
ERR: 无法加载模块:Public

[ 2017-10-14T11:34:00+08:00 ] 112.230.156.24 /v1.0.1/Public/2017-10-11/image_lib_201710110859305_src.png
INFO: [ app_init ] --START--
INFO: Run Behavior\BuildLiteBehavior [ RunTime:0.000000s ]
INFO: [ app_init ] --END-- [ RunTime:0.000000s ]
ERR: 无法加载模块:Public

[ 2017-10-14T11:34:00+08:00 ] 112.230.156.24 /v1.0.1/Public/2017-10-11/image_lib_201710110859306_src.png
INFO: [ app_init ] --START--
INFO: Run Behavior\BuildLiteBehavior [ RunTime:0.000000s ]
INFO: [ app_init ] --END-- [ RunTime:0.000000s ]
ERR: 无法加载模块:Public

[ 2017-10-14T11:34:00+08:00 ] 112.230.156.24 /v1.0.1/Public/2017-10-11/image_lib_201710110859280_src.png
INFO: [ app_init ] --START--
INFO: Run Behavior\BuildLiteBehavior [ RunTime:0.000000s ]
INFO: [ app_init ] --END-- [ RunTime:0.000000s ]
ERR: 无法加载模块:Public

[ 2017-10-14T11:34:00+08:00 ] 112.230.156.24 /v1.0.1/Public/2017-10-11/image_lib_201710110915271_src.png
INFO: [ app_init ] --START--
INFO: Run Behavior\BuildLiteBehavior [ RunTime:0.000000s ]
INFO: [ app_init ] --END-- [ RunTime:0.000000s ]
ERR: 无法加载模块:Public

[ 2017-10-14T11:34:08+08:00 ] 112.230.156.24 /v1.0.1/Public/2017-10-11/image_lib_201710110915272_src.png
INFO: [ app_init ] --START--
INFO: Run Behavior\BuildLiteBehavior [ RunTime:0.000000s ]
INFO: [ app_init ] --END-- [ RunTime:0.000000s ]
ERR: 无法加载模块:Public

[ 2017-10-14T11:34:08+08:00 ] 112.230.156.24 /v1.0.1/Public/2017-10-11/image_lib_201710110915285_src.png
INFO: [ app_init ] --START--
INFO: Run Behavior\BuildLiteBehavior [ RunTime:0.000000s ]
INFO: [ app_init ] --END-- [ RunTime:0.000000s ]
ERR: 无法加载模块:Public

[ 2017-10-14T11:34:08+08:00 ] 112.230.156.24 /v1.0.1/Public/2017-10-11/image_lib_201710110915270_src.png
INFO: [ app_init ] --START--
INFO: Run Behavior\BuildLiteBehavior [ RunTime:0.000000s ]
INFO: [ app_init ] --END-- [ RunTime:0.000000s ]
ERR: 无法加载模块:Public

[ 2017-10-14T11:34:08+08:00 ] 112.230.156.24 /v1.0.1/Public/2017-10-11/image_lib_201710110915297_src.png
INFO: [ app_init ] --START--
INFO: Run Behavior\BuildLiteBehavior [ RunTime:0.000000s ]
INFO: [ app_init ] --END-- [ RunTime:0.000000s ]
ERR: 无法加载模块:Public

[ 2017-10-14T11:34:08+08:00 ] 112.230.156.24 /v1.0.1/Public/2017-10-11/image_lib_201710110915284_src.png
INFO: [ app_init ] --START--
INFO: Run Behavior\BuildLiteBehavior [ RunTime:0.000000s ]
INFO: [ app_init ] --END-- [ RunTime:0.000000s ]
ERR: 无法加载模块:Public

[ 2017-10-14T11:34:08+08:00 ] 112.230.156.24 /v1.0.1/Public/2017-10-11/image_lib_201710110915298_src.png
INFO: [ app_init ] --START--
INFO: Run Behavior\BuildLiteBehavior [ RunTime:0.000000s ]
INFO: [ app_init ] --END-- [ RunTime:0.000000s ]
ERR: 无法加载模块:Public

[ 2017-10-14T11:34:08+08:00 ] 112.230.156.24 /v1.0.1/Public/2017-10-11/image_lib_201710110915283_src.png
INFO: [ app_init ] --START--
INFO: Run Behavior\BuildLiteBehavior [ RunTime:0.000000s ]
INFO: [ app_init ] --END-- [ RunTime:0.000000s ]
ERR: 无法加载模块:Public

[ 2017-10-14T11:34:08+08:00 ] 112.230.156.24 /v1.0.1/Public/2017-10-11/image_lib_201710110915286_src.png
INFO: [ app_init ] --START--
INFO: Run Behavior\BuildLiteBehavior [ RunTime:0.000000s ]
INFO: [ app_init ] --END-- [ RunTime:0.000000s ]
ERR: 无法加载模块:Public

[ 2017-10-14T11:45:51+08:00 ] 112.230.156.24 /v1.0.1/125
INFO: [ app_init ] --START--
INFO: Run Behavior\BuildLiteBehavior [ RunTime:0.000000s ]
INFO: [ app_init ] --END-- [ RunTime:0.000000s ]
ERR: 无法加载模块:125

[ 2017-10-14T11:45:51+08:00 ] 112.230.156.24 /v1.0.1/599
INFO: [ app_init ] --START--
INFO: Run Behavior\BuildLiteBehavior [ RunTime:0.000000s ]
INFO: [ app_init ] --END-- [ RunTime:0.000000s ]
ERR: 无法加载模块:599

[ 2017-10-14T11:45:51+08:00 ] 112.230.156.24 /v1.0.1/Public/2017-10-11/image_lib_201710110859303_src.png
INFO: [ app_init ] --START--
INFO: Run Behavior\BuildLiteBehavior [ RunTime:0.000000s ]
INFO: [ app_init ] --END-- [ RunTime:0.000000s ]
ERR: 无法加载模块:Public

[ 2017-10-14T11:45:51+08:00 ] 112.230.156.24 /v1.0.1/Public/2017-10-11/image_lib_201710110859304_src.png
INFO: [ app_init ] --START--
INFO: Run Behavior\BuildLiteBehavior [ RunTime:0.000000s ]
INFO: [ app_init ] --END-- [ RunTime:0.000000s ]
ERR: 无法加载模块:Public

[ 2017-10-14T11:45:51+08:00 ] 112.230.156.24 /v1.0.1/Public/2017-10-11/image_lib_201710110859292_src.png
INFO: [ app_init ] --START--
INFO: Run Behavior\BuildLiteBehavior [ RunTime:0.000000s ]
INFO: [ app_init ] --END-- [ RunTime:0.000000s ]
ERR: 无法加载模块:Public

[ 2017-10-14T11:45:52+08:00 ] 112.230.156.24 /v1.0.1/Public/2017-10-11/image_lib_201710110859291_src.png
INFO: [ app_init ] --START--
INFO: Run Behavior\BuildLiteBehavior [ RunTime:0.000000s ]
INFO: [ app_init ] --END-- [ RunTime:0.000000s ]
ERR: 无法加载模块:Public

[ 2017-10-14T11:45:52+08:00 ] 112.230.156.24 /v1.0.1/Public/2017-10-11/image_lib_201710110859317_src.png
INFO: [ app_init ] --START--
INFO: Run Behavior\BuildLiteBehavior [ RunTime:0.000000s ]
INFO: [ app_init ] --END-- [ RunTime:0.000000s ]
ERR: 无法加载模块:Public

[ 2017-10-14T11:45:52+08:00 ] 112.230.156.24 /v1.0.1/Public/2017-10-11/image_lib_201710110859318_src.png
INFO: [ app_init ] --START--
INFO: Run Behavior\BuildLiteBehavior [ RunTime:0.000000s ]
INFO: [ app_init ] --END-- [ RunTime:0.000000s ]
ERR: 无法加载模块:Public

[ 2017-10-14T11:45:52+08:00 ] 112.230.156.24 /v1.0.1/Public/2017-10-11/image_lib_201710110859305_src.png
INFO: [ app_init ] --START--
INFO: Run Behavior\BuildLiteBehavior [ RunTime:0.000000s ]
INFO: [ app_init ] --END-- [ RunTime:0.000000s ]
ERR: 无法加载模块:Public

[ 2017-10-14T11:45:53+08:00 ] 112.230.156.24 /v1.0.1/Public/2017-10-11/image_lib_201710110859306_src.png
INFO: [ app_init ] --START--
INFO: Run Behavior\BuildLiteBehavior [ RunTime:0.000000s ]
INFO: [ app_init ] --END-- [ RunTime:0.000000s ]
ERR: 无法加载模块:Public

[ 2017-10-14T11:45:53+08:00 ] 112.230.156.24 /v1.0.1/Public/2017-10-11/image_lib_201710110859280_src.png
INFO: [ app_init ] --START--
INFO: Run Behavior\BuildLiteBehavior [ RunTime:0.000000s ]
INFO: [ app_init ] --END-- [ RunTime:0.000000s ]
ERR: 无法加载模块:Public

[ 2017-10-14T11:45:53+08:00 ] 112.230.156.24 /v1.0.1/Public/2017-10-11/image_lib_201710110915271_src.png
INFO: [ app_init ] --START--
INFO: Run Behavior\BuildLiteBehavior [ RunTime:0.000000s ]
INFO: [ app_init ] --END-- [ RunTime:0.000000s ]
ERR: 无法加载模块:Public

[ 2017-10-14T11:45:53+08:00 ] 112.230.156.24 /v1.0.1/Public/2017-10-11/image_lib_201710110915272_src.png
INFO: [ app_init ] --START--
INFO: Run Behavior\BuildLiteBehavior [ RunTime:0.000000s ]
INFO: [ app_init ] --END-- [ RunTime:0.000000s ]
ERR: 无法加载模块:Public

[ 2017-10-14T11:45:54+08:00 ] 112.230.156.24 /v1.0.1/Public/2017-10-11/image_lib_201710110915285_src.png
INFO: [ app_init ] --START--
INFO: Run Behavior\BuildLiteBehavior [ RunTime:0.000000s ]
INFO: [ app_init ] --END-- [ RunTime:0.000000s ]
ERR: 无法加载模块:Public

[ 2017-10-14T11:45:54+08:00 ] 112.230.156.24 /v1.0.1/Public/2017-10-11/image_lib_201710110915270_src.png
INFO: [ app_init ] --START--
INFO: Run Behavior\BuildLiteBehavior [ RunTime:0.000000s ]
INFO: [ app_init ] --END-- [ RunTime:0.000000s ]
ERR: 无法加载模块:Public

[ 2017-10-14T11:45:54+08:00 ] 112.230.156.24 /v1.0.1/Public/2017-10-11/image_lib_201710110915297_src.png
INFO: [ app_init ] --START--
INFO: Run Behavior\BuildLiteBehavior [ RunTime:0.000000s ]
INFO: [ app_init ] --END-- [ RunTime:0.000000s ]
ERR: 无法加载模块:Public

[ 2017-10-14T11:46:01+08:00 ] 112.230.156.24 /v1.0.1/Public/2017-10-11/image_lib_201710110915284_src.png
INFO: [ app_init ] --START--
INFO: Run Behavior\BuildLiteBehavior [ RunTime:0.000000s ]
INFO: [ app_init ] --END-- [ RunTime:0.000000s ]
ERR: 无法加载模块:Public

[ 2017-10-14T11:46:01+08:00 ] 112.230.156.24 /v1.0.1/Public/2017-10-11/image_lib_201710110915298_src.png
INFO: [ app_init ] --START--
INFO: Run Behavior\BuildLiteBehavior [ RunTime:0.000000s ]
INFO: [ app_init ] --END-- [ RunTime:0.015625s ]
ERR: 无法加载模块:Public

[ 2017-10-14T11:46:01+08:00 ] 112.230.156.24 /v1.0.1/Public/2017-10-11/image_lib_201710110915283_src.png
INFO: [ app_init ] --START--
INFO: Run Behavior\BuildLiteBehavior [ RunTime:0.000000s ]
INFO: [ app_init ] --END-- [ RunTime:0.000000s ]
ERR: 无法加载模块:Public

[ 2017-10-14T11:46:01+08:00 ] 112.230.156.24 /v1.0.1/Public/2017-10-11/image_lib_201710110915286_src.png
INFO: [ app_init ] --START--
INFO: Run Behavior\BuildLiteBehavior [ RunTime:0.000000s ]
INFO: [ app_init ] --END-- [ RunTime:0.000000s ]
ERR: 无法加载模块:Public

[ 2017-10-14T13:29:32+08:00 ] 221.0.54.214 /v1.0.1/Public/2017-10-11/-4078911600gnph.png
INFO: [ app_init ] --START--
INFO: Run Behavior\BuildLiteBehavior [ RunTime:0.000000s ]
INFO: [ app_init ] --END-- [ RunTime:0.000000s ]
ERR: 无法加载模块:Public

