[ 2018-09-20T16:20:03+08:00 ] 39.82.151.189 /index.php/JRAPP/
INFO: [ app_init ] --START--
INFO: Run Behavior\BuildLiteBehavior [ RunTime:0.000013s ]
INFO: [ app_init ] --END-- [ RunTime:0.000209s ]
ERR: 无法加载模块:JRAPP

[ 2018-09-20T16:20:20+08:00 ] 39.82.151.189 /index.php/JRAPP/index
INFO: [ app_init ] --START--
INFO: Run Behavior\BuildLiteBehavior [ RunTime:0.000012s ]
INFO: [ app_init ] --END-- [ RunTime:0.000227s ]
ERR: 无法加载模块:JRAPP

[ 2018-09-20T16:20:25+08:00 ] 39.82.151.189 /index.php/JRAPP/index
INFO: [ app_init ] --START--
INFO: Run Behavior\BuildLiteBehavior [ RunTime:0.000011s ]
INFO: [ app_init ] --END-- [ RunTime:0.000257s ]
ERR: 无法加载模块:JRAPP

[ 2018-09-20T16:20:32+08:00 ] 39.82.151.189 /index.php/JRAPP/index
INFO: [ app_init ] --START--
INFO: Run Behavior\BuildLiteBehavior [ RunTime:0.000011s ]
INFO: [ app_init ] --END-- [ RunTime:0.000229s ]
ERR: 无法加载模块:JRAPP

[ 2018-09-20T16:20:44+08:00 ] 39.82.151.189 /index.php/JRAPP/index
INFO: [ app_init ] --START--
INFO: Run Behavior\BuildLiteBehavior [ RunTime:0.000022s ]
INFO: [ app_init ] --END-- [ RunTime:0.000325s ]
ERR: 无法加载模块:JRAPP

[ 2018-09-20T16:20:50+08:00 ] 39.82.151.189 /index.php/Jrapp
INFO: [ app_init ] --START--
INFO: Run Behavior\BuildLiteBehavior [ RunTime:0.000015s ]
INFO: [ app_init ] --END-- [ RunTime:0.000227s ]
ERR: 无法加载模块:Jrapp

[ 2018-09-20T16:20:56+08:00 ] 39.82.151.189 /index.php/Jrapp
INFO: [ app_init ] --START--
INFO: Run Behavior\BuildLiteBehavior [ RunTime:0.000011s ]
INFO: [ app_init ] --END-- [ RunTime:0.000214s ]
ERR: 无法加载模块:Jrapp

[ 2018-09-20T16:21:26+08:00 ] 39.82.151.189 /index.php/Jrapp
INFO: [ app_init ] --START--
INFO: Run Behavior\BuildLiteBehavior [ RunTime:0.000016s ]
INFO: [ app_init ] --END-- [ RunTime:0.000309s ]
ERR: 无法加载模块:Jrapp

[ 2018-09-20T16:21:27+08:00 ] 39.82.151.189 /index.php/JRAPP/index
INFO: [ app_init ] --START--
INFO: Run Behavior\BuildLiteBehavior [ RunTime:0.000010s ]
INFO: [ app_init ] --END-- [ RunTime:0.000205s ]
ERR: 无法加载模块:JRAPP

[ 2018-09-20T16:21:29+08:00 ] 39.82.151.189 /index.php/JRAPP/
INFO: [ app_init ] --START--
INFO: Run Behavior\BuildLiteBehavior [ RunTime:0.000010s ]
INFO: [ app_init ] --END-- [ RunTime:0.000224s ]
ERR: 无法加载模块:JRAPP

[ 2018-09-20T16:21:31+08:00 ] 39.82.151.189 /index.php/JRAPP/
INFO: [ app_init ] --START--
INFO: Run Behavior\BuildLiteBehavior [ RunTime:0.000014s ]
INFO: [ app_init ] --END-- [ RunTime:0.000255s ]
ERR: 无法加载模块:JRAPP

[ 2018-09-20T16:22:19+08:00 ] 39.82.151.189 /index.php/JRAPP/index
INFO: [ app_init ] --START--
INFO: Run Behavior\BuildLiteBehavior [ RunTime:0.000014s ]
INFO: [ app_init ] --END-- [ RunTime:0.000275s ]
ERR: 无法加载模块:JRAPP

