[ 2019-01-02T14:41:24+08:00 ] 112.230.149.50 /index.php/jy/index/login
INFO: [ app_init ] --START--
INFO: Run Behavior\BuildLiteBehavior [ RunTime:0.000011s ]
INFO: [ app_init ] --END-- [ RunTime:0.000293s ]
ERR: 无法加载模块:Jy

[ 2019-01-02T14:41:25+08:00 ] 112.230.149.50 /index.php/jy/index/login
INFO: [ app_init ] --START--
INFO: Run Behavior\BuildLiteBehavior [ RunTime:0.000007s ]
INFO: [ app_init ] --END-- [ RunTime:0.000177s ]
ERR: 无法加载模块:Jy

[ 2019-01-02T14:41:29+08:00 ] 112.230.149.50 /index.php/jy/index/login
INFO: [ app_init ] --START--
INFO: Run Behavior\BuildLiteBehavior [ RunTime:0.000008s ]
INFO: [ app_init ] --END-- [ RunTime:0.000271s ]
ERR: 无法加载模块:Jy

[ 2019-01-02T14:41:31+08:00 ] 112.230.149.50 /index.php/jy/index/jy
INFO: [ app_init ] --START--
INFO: Run Behavior\BuildLiteBehavior [ RunTime:0.000011s ]
INFO: [ app_init ] --END-- [ RunTime:0.000243s ]
ERR: 无法加载模块:Jy

[ 2019-01-02T14:41:37+08:00 ] 112.230.149.50 /index.php/jy/index/jy
INFO: [ app_init ] --START--
INFO: Run Behavior\BuildLiteBehavior [ RunTime:0.000007s ]
INFO: [ app_init ] --END-- [ RunTime:0.000181s ]
ERR: 无法加载模块:Jy

[ 2019-01-02T14:41:39+08:00 ] 112.230.149.50 /index.php/jy
INFO: [ app_init ] --START--
INFO: Run Behavior\BuildLiteBehavior [ RunTime:0.000006s ]
INFO: [ app_init ] --END-- [ RunTime:0.000172s ]
ERR: 无法加载模块:Jy

[ 2019-01-02T14:41:44+08:00 ] 112.230.149.50 /index.php/jy/index/jy
INFO: [ app_init ] --START--
INFO: Run Behavior\BuildLiteBehavior [ RunTime:0.000008s ]
INFO: [ app_init ] --END-- [ RunTime:0.000192s ]
ERR: 无法加载模块:Jy

[ 2019-01-02T14:41:47+08:00 ] 112.230.149.50 /index.php/jy/index/jy
INFO: [ app_init ] --START--
INFO: Run Behavior\BuildLiteBehavior [ RunTime:0.000008s ]
INFO: [ app_init ] --END-- [ RunTime:0.000205s ]
ERR: 无法加载模块:Jy

[ 2019-01-02T14:41:51+08:00 ] 112.230.149.50 /index.php/jy/index/login
INFO: [ app_init ] --START--
INFO: Run Behavior\BuildLiteBehavior [ RunTime:0.000010s ]
INFO: [ app_init ] --END-- [ RunTime:0.000243s ]
ERR: 无法加载模块:Jy

[ 2019-01-02T14:41:53+08:00 ] 112.230.149.50 /index.php/jy/index/login
INFO: [ app_init ] --START--
INFO: Run Behavior\BuildLiteBehavior [ RunTime:0.000007s ]
INFO: [ app_init ] --END-- [ RunTime:0.000229s ]
ERR: 无法加载模块:Jy

[ 2019-01-02T14:41:53+08:00 ] 112.230.149.50 /index.php/jy/index/login
INFO: [ app_init ] --START--
INFO: Run Behavior\BuildLiteBehavior [ RunTime:0.000009s ]
INFO: [ app_init ] --END-- [ RunTime:0.000200s ]
ERR: 无法加载模块:Jy

[ 2019-01-02T14:41:57+08:00 ] 112.230.149.50 /index.php/jy/index/login
INFO: [ app_init ] --START--
INFO: Run Behavior\BuildLiteBehavior [ RunTime:0.000008s ]
INFO: [ app_init ] --END-- [ RunTime:0.000202s ]
ERR: 无法加载模块:Jy

[ 2019-01-02T14:41:58+08:00 ] 112.230.149.50 /index.php/jy/index/jy
INFO: [ app_init ] --START--
INFO: Run Behavior\BuildLiteBehavior [ RunTime:0.000007s ]
INFO: [ app_init ] --END-- [ RunTime:0.000170s ]
ERR: 无法加载模块:Jy

