[ 2018-07-02T08:46:06+08:00 ] 119.164.77.23 /index.php/Api/Index/lblist
INFO: [ app_init ] --START--
INFO: Run Behavior\BuildLiteBehavior [ RunTime:0.000013s ]
INFO: [ app_init ] --END-- [ RunTime:0.000288s ]
INFO: [ app_begin ] --START--
INFO: Run Behavior\ReadHtmlCacheBehavior [ RunTime:0.000398s ]
INFO: [ app_begin ] --END-- [ RunTime:0.000428s ]
SQL: SHOW COLUMNS FROM `qm_lb` [ RunTime:0.0005s ]
SQL: SELECT * FROM `qm_lb`  [ RunTime:0.0001s ]

[ 2018-07-02T08:46:06+08:00 ] 119.164.77.23 /index.php/Api/Index/zxkz
INFO: [ app_init ] --START--
INFO: Run Behavior\BuildLiteBehavior [ RunTime:0.000009s ]
INFO: [ app_init ] --END-- [ RunTime:0.000239s ]
INFO: [ app_begin ] --START--
INFO: Run Behavior\ReadHtmlCacheBehavior [ RunTime:0.000306s ]
INFO: [ app_begin ] --END-- [ RunTime:0.000329s ]
SQL: SHOW COLUMNS FROM `qm_zxkz` [ RunTime:0.0006s ]
SQL: SELECT * FROM `qm_zxkz` WHERE ( stat=1 )  [ RunTime:0.0001s ]

[ 2018-07-02T08:46:07+08:00 ] 119.164.77.23 /index.php/Api/Index/xyk
INFO: [ app_init ] --START--
INFO: Run Behavior\BuildLiteBehavior [ RunTime:0.000008s ]
INFO: [ app_init ] --END-- [ RunTime:0.000235s ]
INFO: [ app_begin ] --START--
INFO: Run Behavior\ReadHtmlCacheBehavior [ RunTime:0.000307s ]
INFO: [ app_begin ] --END-- [ RunTime:0.000329s ]
SQL: SHOW COLUMNS FROM `qm_zxkz` [ RunTime:0.0006s ]
SQL: SELECT * FROM `qm_zxkz` WHERE ( stat=2 )  [ RunTime:0.0001s ]

[ 2018-07-02T08:46:07+08:00 ] 119.164.77.23 /index.php/Api/Index/gh
INFO: [ app_init ] --START--
INFO: Run Behavior\BuildLiteBehavior [ RunTime:0.000010s ]
INFO: [ app_init ] --END-- [ RunTime:0.000246s ]
INFO: [ app_begin ] --START--
INFO: Run Behavior\ReadHtmlCacheBehavior [ RunTime:0.000300s ]
INFO: [ app_begin ] --END-- [ RunTime:0.000322s ]
SQL: SHOW COLUMNS FROM `qm_zxkz` [ RunTime:0.0004s ]
SQL: SELECT * FROM `qm_zxkz` WHERE ( stat=3 )  [ RunTime:0.0001s ]

[ 2018-07-02T08:46:07+08:00 ] 119.164.77.23 /index.php/Api/Index/tjcp
INFO: [ app_init ] --START--
INFO: Run Behavior\BuildLiteBehavior [ RunTime:0.000009s ]
INFO: [ app_init ] --END-- [ RunTime:0.000248s ]
INFO: [ app_begin ] --START--
INFO: Run Behavior\ReadHtmlCacheBehavior [ RunTime:0.000381s ]
INFO: [ app_begin ] --END-- [ RunTime:0.000404s ]
SQL: SHOW COLUMNS FROM `qm_product` [ RunTime:0.0005s ]
SQL: SELECT * FROM `qm_product` WHERE ( iszx=1 )  [ RunTime:0.0001s ]

[ 2018-07-02T10:45:21+08:00 ] 119.164.77.23 /index.php/Api/Index/lblist
INFO: [ app_init ] --START--
INFO: Run Behavior\BuildLiteBehavior [ RunTime:0.000009s ]
INFO: [ app_init ] --END-- [ RunTime:0.000243s ]
INFO: [ app_begin ] --START--
INFO: Run Behavior\ReadHtmlCacheBehavior [ RunTime:0.000430s ]
INFO: [ app_begin ] --END-- [ RunTime:0.000466s ]
SQL: SHOW COLUMNS FROM `qm_lb` [ RunTime:0.0017s ]
SQL: SELECT * FROM `qm_lb`  [ RunTime:0.0001s ]

[ 2018-07-02T10:45:21+08:00 ] 119.164.77.23 /index.php/Api/Index/zxkz
INFO: [ app_init ] --START--
INFO: Run Behavior\BuildLiteBehavior [ RunTime:0.000007s ]
INFO: [ app_init ] --END-- [ RunTime:0.000189s ]
INFO: [ app_begin ] --START--
INFO: Run Behavior\ReadHtmlCacheBehavior [ RunTime:0.000222s ]
INFO: [ app_begin ] --END-- [ RunTime:0.000238s ]
SQL: SHOW COLUMNS FROM `qm_zxkz` [ RunTime:0.0005s ]
SQL: SELECT * FROM `qm_zxkz` WHERE ( stat=1 )  [ RunTime:0.0001s ]

[ 2018-07-02T10:45:22+08:00 ] 119.164.77.23 /index.php/Api/Index/xyk
INFO: [ app_init ] --START--
INFO: Run Behavior\BuildLiteBehavior [ RunTime:0.000007s ]
INFO: [ app_init ] --END-- [ RunTime:0.000240s ]
INFO: [ app_begin ] --START--
INFO: Run Behavior\ReadHtmlCacheBehavior [ RunTime:0.000284s ]
INFO: [ app_begin ] --END-- [ RunTime:0.000301s ]
SQL: SHOW COLUMNS FROM `qm_zxkz` [ RunTime:0.0006s ]
SQL: SELECT * FROM `qm_zxkz` WHERE ( stat=2 )  [ RunTime:0.0001s ]

[ 2018-07-02T10:45:22+08:00 ] 119.164.77.23 /index.php/Api/Index/gh
INFO: [ app_init ] --START--
INFO: Run Behavior\BuildLiteBehavior [ RunTime:0.000007s ]
INFO: [ app_init ] --END-- [ RunTime:0.000176s ]
INFO: [ app_begin ] --START--
INFO: Run Behavior\ReadHtmlCacheBehavior [ RunTime:0.000258s ]
INFO: [ app_begin ] --END-- [ RunTime:0.000276s ]
SQL: SHOW COLUMNS FROM `qm_zxkz` [ RunTime:0.0006s ]
SQL: SELECT * FROM `qm_zxkz` WHERE ( stat=3 )  [ RunTime:0.0001s ]

[ 2018-07-02T10:45:22+08:00 ] 119.164.77.23 /index.php/Api/Index/tjcp
INFO: [ app_init ] --START--
INFO: Run Behavior\BuildLiteBehavior [ RunTime:0.000007s ]
INFO: [ app_init ] --END-- [ RunTime:0.000252s ]
INFO: [ app_begin ] --START--
INFO: Run Behavior\ReadHtmlCacheBehavior [ RunTime:0.000235s ]
INFO: [ app_begin ] --END-- [ RunTime:0.000251s ]
SQL: SHOW COLUMNS FROM `qm_product` [ RunTime:0.0004s ]
SQL: SELECT * FROM `qm_product` WHERE ( iszx=1 )  [ RunTime:0.0001s ]

[ 2018-07-02T10:45:30+08:00 ] 119.164.77.23 /index.php/Api/Index/lblist
INFO: [ app_init ] --START--
INFO: Run Behavior\BuildLiteBehavior [ RunTime:0.000008s ]
INFO: [ app_init ] --END-- [ RunTime:0.000175s ]
INFO: [ app_begin ] --START--
INFO: Run Behavior\ReadHtmlCacheBehavior [ RunTime:0.000247s ]
INFO: [ app_begin ] --END-- [ RunTime:0.000270s ]
SQL: SHOW COLUMNS FROM `qm_lb` [ RunTime:0.0004s ]
SQL: SELECT * FROM `qm_lb`  [ RunTime:0.0001s ]

[ 2018-07-02T10:45:30+08:00 ] 119.164.77.23 /index.php/Api/Index/zxkz
INFO: [ app_init ] --START--
INFO: Run Behavior\BuildLiteBehavior [ RunTime:0.000007s ]
INFO: [ app_init ] --END-- [ RunTime:0.000369s ]
INFO: [ app_begin ] --START--
INFO: Run Behavior\ReadHtmlCacheBehavior [ RunTime:0.000570s ]
INFO: [ app_begin ] --END-- [ RunTime:0.000596s ]
SQL: SHOW COLUMNS FROM `qm_zxkz` [ RunTime:0.0005s ]
SQL: SELECT * FROM `qm_zxkz` WHERE ( stat=1 )  [ RunTime:0.0001s ]

[ 2018-07-02T10:45:30+08:00 ] 119.164.77.23 /index.php/Api/Index/xyk
INFO: [ app_init ] --START--
INFO: Run Behavior\BuildLiteBehavior [ RunTime:0.000010s ]
INFO: [ app_init ] --END-- [ RunTime:0.000304s ]
INFO: [ app_begin ] --START--
INFO: Run Behavior\ReadHtmlCacheBehavior [ RunTime:0.000366s ]
INFO: [ app_begin ] --END-- [ RunTime:0.000413s ]
SQL: SHOW COLUMNS FROM `qm_zxkz` [ RunTime:0.0004s ]
SQL: SELECT * FROM `qm_zxkz` WHERE ( stat=2 )  [ RunTime:0.0001s ]

[ 2018-07-02T10:45:30+08:00 ] 119.164.77.23 /index.php/Api/Index/gh
INFO: [ app_init ] --START--
INFO: Run Behavior\BuildLiteBehavior [ RunTime:0.000007s ]
INFO: [ app_init ] --END-- [ RunTime:0.000166s ]
INFO: [ app_begin ] --START--
INFO: Run Behavior\ReadHtmlCacheBehavior [ RunTime:0.000206s ]
INFO: [ app_begin ] --END-- [ RunTime:0.000222s ]
SQL: SHOW COLUMNS FROM `qm_zxkz` [ RunTime:0.0004s ]
SQL: SELECT * FROM `qm_zxkz` WHERE ( stat=3 )  [ RunTime:0.0001s ]

[ 2018-07-02T10:45:30+08:00 ] 119.164.77.23 /index.php/Api/Index/tjcp
INFO: [ app_init ] --START--
INFO: Run Behavior\BuildLiteBehavior [ RunTime:0.000007s ]
INFO: [ app_init ] --END-- [ RunTime:0.000169s ]
INFO: [ app_begin ] --START--
INFO: Run Behavior\ReadHtmlCacheBehavior [ RunTime:0.000210s ]
INFO: [ app_begin ] --END-- [ RunTime:0.000232s ]
SQL: SHOW COLUMNS FROM `qm_product` [ RunTime:0.0005s ]
SQL: SELECT * FROM `qm_product` WHERE ( iszx=1 )  [ RunTime:0.0001s ]

[ 2018-07-02T10:48:57+08:00 ] 119.164.77.23 /index.php/Api/Index/lblist
INFO: [ app_init ] --START--
INFO: Run Behavior\BuildLiteBehavior [ RunTime:0.000010s ]
INFO: [ app_init ] --END-- [ RunTime:0.000250s ]
INFO: [ app_begin ] --START--
INFO: Run Behavior\ReadHtmlCacheBehavior [ RunTime:0.000329s ]
INFO: [ app_begin ] --END-- [ RunTime:0.000355s ]
SQL: SHOW COLUMNS FROM `qm_lb` [ RunTime:0.0006s ]
SQL: SELECT * FROM `qm_lb`  [ RunTime:0.0001s ]

[ 2018-07-02T10:48:57+08:00 ] 119.164.77.23 /index.php/Api/Index/zxkz
INFO: [ app_init ] --START--
INFO: Run Behavior\BuildLiteBehavior [ RunTime:0.000007s ]
INFO: [ app_init ] --END-- [ RunTime:0.000166s ]
INFO: [ app_begin ] --START--
INFO: Run Behavior\ReadHtmlCacheBehavior [ RunTime:0.000256s ]
INFO: [ app_begin ] --END-- [ RunTime:0.000276s ]
SQL: SHOW COLUMNS FROM `qm_zxkz` [ RunTime:0.0005s ]
SQL: SELECT * FROM `qm_zxkz` WHERE ( stat=1 )  [ RunTime:0.0001s ]

[ 2018-07-02T10:48:57+08:00 ] 119.164.77.23 /index.php/Api/Index/xyk
INFO: [ app_init ] --START--
INFO: Run Behavior\BuildLiteBehavior [ RunTime:0.000010s ]
INFO: [ app_init ] --END-- [ RunTime:0.000210s ]
INFO: [ app_begin ] --START--
INFO: Run Behavior\ReadHtmlCacheBehavior [ RunTime:0.000220s ]
INFO: [ app_begin ] --END-- [ RunTime:0.000236s ]
SQL: SHOW COLUMNS FROM `qm_zxkz` [ RunTime:0.0004s ]
SQL: SELECT * FROM `qm_zxkz` WHERE ( stat=2 )  [ RunTime:0.0001s ]

[ 2018-07-02T10:48:58+08:00 ] 119.164.77.23 /index.php/Api/Index/gh
INFO: [ app_init ] --START--
INFO: Run Behavior\BuildLiteBehavior [ RunTime:0.000010s ]
INFO: [ app_init ] --END-- [ RunTime:0.000509s ]
INFO: [ app_begin ] --START--
INFO: Run Behavior\ReadHtmlCacheBehavior [ RunTime:0.000342s ]
INFO: [ app_begin ] --END-- [ RunTime:0.000366s ]
SQL: SHOW COLUMNS FROM `qm_zxkz` [ RunTime:0.0006s ]
SQL: SELECT * FROM `qm_zxkz` WHERE ( stat=3 )  [ RunTime:0.0001s ]

[ 2018-07-02T10:48:58+08:00 ] 119.164.77.23 /index.php/Api/Index/tjcp
INFO: [ app_init ] --START--
INFO: Run Behavior\BuildLiteBehavior [ RunTime:0.000008s ]
INFO: [ app_init ] --END-- [ RunTime:0.000233s ]
INFO: [ app_begin ] --START--
INFO: Run Behavior\ReadHtmlCacheBehavior [ RunTime:0.000333s ]
INFO: [ app_begin ] --END-- [ RunTime:0.000355s ]
SQL: SHOW COLUMNS FROM `qm_product` [ RunTime:0.0004s ]
SQL: SELECT * FROM `qm_product` WHERE ( iszx=1 )  [ RunTime:0.0001s ]

[ 2018-07-02T10:49:32+08:00 ] 119.164.77.23 /index.php/Api/Index/Login
INFO: [ app_init ] --START--
INFO: Run Behavior\BuildLiteBehavior [ RunTime:0.000010s ]
INFO: [ app_init ] --END-- [ RunTime:0.000308s ]
INFO: [ app_begin ] --START--
INFO: Run Behavior\ReadHtmlCacheBehavior [ RunTime:0.000233s ]
INFO: [ app_begin ] --END-- [ RunTime:0.000254s ]
SQL: SHOW COLUMNS FROM `qm_users` [ RunTime:0.0006s ]
SQL: SELECT * FROM `qm_users` WHERE ( username='18954545393' AND password='e10adc3949ba59abbe56e057f20f883e' ) LIMIT 1   [ RunTime:0.0001s ]
SQL: SELECT * FROM `qm_users` WHERE ( phone='18954545393' ) LIMIT 1   [ RunTime:0.0001s ]

[ 2018-07-02T10:50:07+08:00 ] 119.164.77.23 /index.php/Api/Index/xqwz
INFO: [ app_init ] --START--
INFO: Run Behavior\BuildLiteBehavior [ RunTime:0.000007s ]
INFO: [ app_init ] --END-- [ RunTime:0.000203s ]
INFO: [ app_begin ] --START--
INFO: Run Behavior\ReadHtmlCacheBehavior [ RunTime:0.000221s ]
INFO: [ app_begin ] --END-- [ RunTime:0.000238s ]
SQL: SHOW COLUMNS FROM `qm_zxkz` [ RunTime:0.0004s ]
SQL: SELECT * FROM `qm_zxkz` WHERE ( id=6 ) LIMIT 1   [ RunTime:0.0000s ]

[ 2018-07-02T10:59:58+08:00 ] 119.164.77.23 /index.php/Api/Index/isqc
INFO: [ app_init ] --START--
INFO: Run Behavior\BuildLiteBehavior [ RunTime:0.000010s ]
INFO: [ app_init ] --END-- [ RunTime:0.000254s ]
INFO: [ app_begin ] --START--
INFO: Run Behavior\ReadHtmlCacheBehavior [ RunTime:0.000327s ]
INFO: [ app_begin ] --END-- [ RunTime:0.000358s ]
SQL: SHOW COLUMNS FROM `qm_qczy` [ RunTime:0.0004s ]
SQL: SELECT * FROM `qm_qczy` WHERE ( stat=0 )  [ RunTime:0.0001s ]

[ 2018-07-02T11:00:28+08:00 ] 119.164.77.23 /index.php/Api/Index/isqc
INFO: [ app_init ] --START--
INFO: Run Behavior\BuildLiteBehavior [ RunTime:0.000010s ]
INFO: [ app_init ] --END-- [ RunTime:0.000261s ]
INFO: [ app_begin ] --START--
INFO: Run Behavior\ReadHtmlCacheBehavior [ RunTime:0.000325s ]
INFO: [ app_begin ] --END-- [ RunTime:0.000351s ]
SQL: SHOW COLUMNS FROM `qm_qczy` [ RunTime:0.0009s ]
SQL: SELECT * FROM `qm_qczy` WHERE ( stat=0 )  [ RunTime:0.0002s ]

[ 2018-07-02T11:06:30+08:00 ] 119.164.77.23 /index.php/Api/Index/createp
INFO: [ app_init ] --START--
INFO: Run Behavior\BuildLiteBehavior [ RunTime:0.000010s ]
INFO: [ app_init ] --END-- [ RunTime:0.000245s ]
INFO: [ app_begin ] --START--
INFO: Run Behavior\ReadHtmlCacheBehavior [ RunTime:0.000399s ]
INFO: [ app_begin ] --END-- [ RunTime:0.000424s ]
SQL: SHOW COLUMNS FROM `qm_product` [ RunTime:0.0006s ]
SQL: SELECT * FROM `qm_product` ORDER BY rand() LIMIT 6   [ RunTime:0.0004s ]

[ 2018-07-02T12:15:00+08:00 ] 119.164.77.23 /index.php/Api/Index/lblist
INFO: [ app_init ] --START--
INFO: Run Behavior\BuildLiteBehavior [ RunTime:0.000008s ]
INFO: [ app_init ] --END-- [ RunTime:0.000166s ]
INFO: [ app_begin ] --START--
INFO: Run Behavior\ReadHtmlCacheBehavior [ RunTime:0.000208s ]
INFO: [ app_begin ] --END-- [ RunTime:0.000224s ]
SQL: SHOW COLUMNS FROM `qm_lb` [ RunTime:0.0004s ]
SQL: SELECT * FROM `qm_lb`  [ RunTime:0.0000s ]

[ 2018-07-02T12:15:00+08:00 ] 119.164.77.23 /index.php/Api/Index/zxkz
INFO: [ app_init ] --START--
INFO: Run Behavior\BuildLiteBehavior [ RunTime:0.000007s ]
INFO: [ app_init ] --END-- [ RunTime:0.000163s ]
INFO: [ app_begin ] --START--
INFO: Run Behavior\ReadHtmlCacheBehavior [ RunTime:0.000215s ]
INFO: [ app_begin ] --END-- [ RunTime:0.000233s ]
SQL: SHOW COLUMNS FROM `qm_zxkz` [ RunTime:0.0004s ]
SQL: SELECT * FROM `qm_zxkz` WHERE ( stat=1 )  [ RunTime:0.0001s ]

[ 2018-07-02T12:15:00+08:00 ] 119.164.77.23 /index.php/Api/Index/xyk
INFO: [ app_init ] --START--
INFO: Run Behavior\BuildLiteBehavior [ RunTime:0.000011s ]
INFO: [ app_init ] --END-- [ RunTime:0.000245s ]
INFO: [ app_begin ] --START--
INFO: Run Behavior\ReadHtmlCacheBehavior [ RunTime:0.000328s ]
INFO: [ app_begin ] --END-- [ RunTime:0.000351s ]
SQL: SHOW COLUMNS FROM `qm_zxkz` [ RunTime:0.0008s ]
SQL: SELECT * FROM `qm_zxkz` WHERE ( stat=2 )  [ RunTime:0.0001s ]

[ 2018-07-02T12:15:00+08:00 ] 119.164.77.23 /index.php/Api/Index/gh
INFO: [ app_init ] --START--
INFO: Run Behavior\BuildLiteBehavior [ RunTime:0.000007s ]
INFO: [ app_init ] --END-- [ RunTime:0.000217s ]
INFO: [ app_begin ] --START--
INFO: Run Behavior\ReadHtmlCacheBehavior [ RunTime:0.000297s ]
INFO: [ app_begin ] --END-- [ RunTime:0.000314s ]
SQL: SHOW COLUMNS FROM `qm_zxkz` [ RunTime:0.0005s ]
SQL: SELECT * FROM `qm_zxkz` WHERE ( stat=3 )  [ RunTime:0.0001s ]

[ 2018-07-02T12:15:00+08:00 ] 119.164.77.23 /index.php/Api/Index/tjcp
INFO: [ app_init ] --START--
INFO: Run Behavior\BuildLiteBehavior [ RunTime:0.000011s ]
INFO: [ app_init ] --END-- [ RunTime:0.000250s ]
INFO: [ app_begin ] --START--
INFO: Run Behavior\ReadHtmlCacheBehavior [ RunTime:0.000387s ]
INFO: [ app_begin ] --END-- [ RunTime:0.000414s ]
SQL: SHOW COLUMNS FROM `qm_product` [ RunTime:0.0006s ]
SQL: SELECT * FROM `qm_product` WHERE ( iszx=1 )  [ RunTime:0.0001s ]

[ 2018-07-02T12:15:05+08:00 ] 119.164.77.23 /index.php/Api/Index/xqwz
INFO: [ app_init ] --START--
INFO: Run Behavior\BuildLiteBehavior [ RunTime:0.000007s ]
INFO: [ app_init ] --END-- [ RunTime:0.000184s ]
INFO: [ app_begin ] --START--
INFO: Run Behavior\ReadHtmlCacheBehavior [ RunTime:0.000213s ]
INFO: [ app_begin ] --END-- [ RunTime:0.000231s ]
SQL: SHOW COLUMNS FROM `qm_zxkz` [ RunTime:0.0005s ]
SQL: SELECT * FROM `qm_zxkz` WHERE ( id=8 ) LIMIT 1   [ RunTime:0.0001s ]

[ 2018-07-02T12:15:20+08:00 ] 119.164.77.23 /index.php/Api/Index/isqc
INFO: [ app_init ] --START--
INFO: Run Behavior\BuildLiteBehavior [ RunTime:0.000006s ]
INFO: [ app_init ] --END-- [ RunTime:0.000176s ]
INFO: [ app_begin ] --START--
INFO: Run Behavior\ReadHtmlCacheBehavior [ RunTime:0.000205s ]
INFO: [ app_begin ] --END-- [ RunTime:0.000223s ]
SQL: SHOW COLUMNS FROM `qm_qczy` [ RunTime:0.0005s ]
SQL: SELECT * FROM `qm_qczy` WHERE ( stat=0 )  [ RunTime:0.0001s ]

[ 2018-07-02T12:19:33+08:00 ] 223.104.186.167 /index.php/Api/Index/lblist
INFO: [ app_init ] --START--
INFO: Run Behavior\BuildLiteBehavior [ RunTime:0.000010s ]
INFO: [ app_init ] --END-- [ RunTime:0.000231s ]
INFO: [ app_begin ] --START--
INFO: Run Behavior\ReadHtmlCacheBehavior [ RunTime:0.000299s ]
INFO: [ app_begin ] --END-- [ RunTime:0.000323s ]
SQL: SHOW COLUMNS FROM `qm_lb` [ RunTime:0.0004s ]
SQL: SELECT * FROM `qm_lb`  [ RunTime:0.0001s ]

[ 2018-07-02T12:19:33+08:00 ] 223.104.186.167 /index.php/Api/Index/zxkz
INFO: [ app_init ] --START--
INFO: Run Behavior\BuildLiteBehavior [ RunTime:0.000009s ]
INFO: [ app_init ] --END-- [ RunTime:0.000193s ]
INFO: [ app_begin ] --START--
INFO: Run Behavior\ReadHtmlCacheBehavior [ RunTime:0.000277s ]
INFO: [ app_begin ] --END-- [ RunTime:0.000299s ]
SQL: SHOW COLUMNS FROM `qm_zxkz` [ RunTime:0.0006s ]
SQL: SELECT * FROM `qm_zxkz` WHERE ( stat=1 )  [ RunTime:0.0001s ]

[ 2018-07-02T12:19:33+08:00 ] 223.104.186.167 /index.php/Api/Index/xyk
INFO: [ app_init ] --START--
INFO: Run Behavior\BuildLiteBehavior [ RunTime:0.000007s ]
INFO: [ app_init ] --END-- [ RunTime:0.000159s ]
INFO: [ app_begin ] --START--
INFO: Run Behavior\ReadHtmlCacheBehavior [ RunTime:0.000208s ]
INFO: [ app_begin ] --END-- [ RunTime:0.000224s ]
SQL: SHOW COLUMNS FROM `qm_zxkz` [ RunTime:0.0004s ]
SQL: SELECT * FROM `qm_zxkz` WHERE ( stat=2 )  [ RunTime:0.0001s ]

[ 2018-07-02T12:19:33+08:00 ] 223.104.186.167 /index.php/Api/Index/gh
INFO: [ app_init ] --START--
INFO: Run Behavior\BuildLiteBehavior [ RunTime:0.000008s ]
INFO: [ app_init ] --END-- [ RunTime:0.000172s ]
INFO: [ app_begin ] --START--
INFO: Run Behavior\ReadHtmlCacheBehavior [ RunTime:0.000245s ]
INFO: [ app_begin ] --END-- [ RunTime:0.000262s ]
SQL: SHOW COLUMNS FROM `qm_zxkz` [ RunTime:0.0004s ]
SQL: SELECT * FROM `qm_zxkz` WHERE ( stat=3 )  [ RunTime:0.0000s ]

[ 2018-07-02T12:19:33+08:00 ] 223.104.186.167 /index.php/Api/Index/tjcp
INFO: [ app_init ] --START--
INFO: Run Behavior\BuildLiteBehavior [ RunTime:0.000007s ]
INFO: [ app_init ] --END-- [ RunTime:0.000214s ]
INFO: [ app_begin ] --START--
INFO: Run Behavior\ReadHtmlCacheBehavior [ RunTime:0.000213s ]
INFO: [ app_begin ] --END-- [ RunTime:0.000231s ]
SQL: SHOW COLUMNS FROM `qm_product` [ RunTime:0.0005s ]
SQL: SELECT * FROM `qm_product` WHERE ( iszx=1 )  [ RunTime:0.0001s ]

[ 2018-07-02T12:19:45+08:00 ] 223.104.186.167 /index.php/Api/Index/IsMerber
INFO: [ app_init ] --START--
INFO: Run Behavior\BuildLiteBehavior [ RunTime:0.000009s ]
INFO: [ app_init ] --END-- [ RunTime:0.000252s ]
INFO: [ app_begin ] --START--
INFO: Run Behavior\ReadHtmlCacheBehavior [ RunTime:0.000344s ]
INFO: [ app_begin ] --END-- [ RunTime:0.000364s ]
SQL: SHOW COLUMNS FROM `qm_users` [ RunTime:0.0007s ]
SQL: SELECT * FROM `qm_users` WHERE ( phone ='15063342277' ) LIMIT 1   [ RunTime:0.0001s ]

[ 2018-07-02T16:06:25+08:00 ] 119.164.77.23 /index.php/Api/Index/lblist
INFO: [ app_init ] --START--
INFO: Run Behavior\BuildLiteBehavior [ RunTime:0.000009s ]
INFO: [ app_init ] --END-- [ RunTime:0.000223s ]
INFO: [ app_begin ] --START--
INFO: Run Behavior\ReadHtmlCacheBehavior [ RunTime:0.000282s ]
INFO: [ app_begin ] --END-- [ RunTime:0.000301s ]
SQL: SHOW COLUMNS FROM `qm_lb` [ RunTime:0.0005s ]
SQL: SELECT * FROM `qm_lb`  [ RunTime:0.0001s ]

[ 2018-07-02T16:06:25+08:00 ] 119.164.77.23 /index.php/Api/Index/zxkz
INFO: [ app_init ] --START--
INFO: Run Behavior\BuildLiteBehavior [ RunTime:0.000007s ]
INFO: [ app_init ] --END-- [ RunTime:0.000170s ]
INFO: [ app_begin ] --START--
INFO: Run Behavior\ReadHtmlCacheBehavior [ RunTime:0.000234s ]
INFO: [ app_begin ] --END-- [ RunTime:0.000252s ]
SQL: SHOW COLUMNS FROM `qm_zxkz` [ RunTime:0.0006s ]
SQL: SELECT * FROM `qm_zxkz` WHERE ( stat=1 )  [ RunTime:0.0001s ]

[ 2018-07-02T16:06:25+08:00 ] 119.164.77.23 /index.php/Api/Index/xyk
INFO: [ app_init ] --START--
INFO: Run Behavior\BuildLiteBehavior [ RunTime:0.000009s ]
INFO: [ app_init ] --END-- [ RunTime:0.000238s ]
INFO: [ app_begin ] --START--
INFO: Run Behavior\ReadHtmlCacheBehavior [ RunTime:0.000369s ]
INFO: [ app_begin ] --END-- [ RunTime:0.000394s ]
SQL: SHOW COLUMNS FROM `qm_zxkz` [ RunTime:0.0004s ]
SQL: SELECT * FROM `qm_zxkz` WHERE ( stat=2 )  [ RunTime:0.0001s ]

[ 2018-07-02T16:06:25+08:00 ] 119.164.77.23 /index.php/Api/Index/gh
INFO: [ app_init ] --START--
INFO: Run Behavior\BuildLiteBehavior [ RunTime:0.000009s ]
INFO: [ app_init ] --END-- [ RunTime:0.000245s ]
INFO: [ app_begin ] --START--
INFO: Run Behavior\ReadHtmlCacheBehavior [ RunTime:0.000313s ]
INFO: [ app_begin ] --END-- [ RunTime:0.000338s ]
SQL: SHOW COLUMNS FROM `qm_zxkz` [ RunTime:0.0005s ]
SQL: SELECT * FROM `qm_zxkz` WHERE ( stat=3 )  [ RunTime:0.0001s ]

[ 2018-07-02T16:06:25+08:00 ] 119.164.77.23 /index.php/Api/Index/tjcp
INFO: [ app_init ] --START--
INFO: Run Behavior\BuildLiteBehavior [ RunTime:0.000007s ]
INFO: [ app_init ] --END-- [ RunTime:0.000194s ]
INFO: [ app_begin ] --START--
INFO: Run Behavior\ReadHtmlCacheBehavior [ RunTime:0.000264s ]
INFO: [ app_begin ] --END-- [ RunTime:0.000284s ]
SQL: SHOW COLUMNS FROM `qm_product` [ RunTime:0.0004s ]
SQL: SELECT * FROM `qm_product` WHERE ( iszx=1 )  [ RunTime:0.0001s ]

[ 2018-07-02T16:06:28+08:00 ] 119.164.77.23 /index.php/Api/Index/lblist
INFO: [ app_init ] --START--
INFO: Run Behavior\BuildLiteBehavior [ RunTime:0.000006s ]
INFO: [ app_init ] --END-- [ RunTime:0.000287s ]
INFO: [ app_begin ] --START--
INFO: Run Behavior\ReadHtmlCacheBehavior [ RunTime:0.000238s ]
INFO: [ app_begin ] --END-- [ RunTime:0.000256s ]
SQL: SHOW COLUMNS FROM `qm_lb` [ RunTime:0.0004s ]
SQL: SELECT * FROM `qm_lb`  [ RunTime:0.0001s ]

[ 2018-07-02T16:06:28+08:00 ] 119.164.77.23 /index.php/Api/Index/zxkz
INFO: [ app_init ] --START--
INFO: Run Behavior\BuildLiteBehavior [ RunTime:0.000008s ]
INFO: [ app_init ] --END-- [ RunTime:0.000194s ]
INFO: [ app_begin ] --START--
INFO: Run Behavior\ReadHtmlCacheBehavior [ RunTime:0.000208s ]
INFO: [ app_begin ] --END-- [ RunTime:0.000224s ]
SQL: SHOW COLUMNS FROM `qm_zxkz` [ RunTime:0.0004s ]
SQL: SELECT * FROM `qm_zxkz` WHERE ( stat=1 )  [ RunTime:0.0001s ]

[ 2018-07-02T16:06:29+08:00 ] 119.164.77.23 /index.php/Api/Index/xyk
INFO: [ app_init ] --START--
INFO: Run Behavior\BuildLiteBehavior [ RunTime:0.000008s ]
INFO: [ app_init ] --END-- [ RunTime:0.000200s ]
INFO: [ app_begin ] --START--
INFO: Run Behavior\ReadHtmlCacheBehavior [ RunTime:0.000218s ]
INFO: [ app_begin ] --END-- [ RunTime:0.000236s ]
SQL: SHOW COLUMNS FROM `qm_zxkz` [ RunTime:0.0004s ]
SQL: SELECT * FROM `qm_zxkz` WHERE ( stat=2 )  [ RunTime:0.0001s ]

[ 2018-07-02T16:06:29+08:00 ] 119.164.77.23 /index.php/Api/Index/gh
INFO: [ app_init ] --START--
INFO: Run Behavior\BuildLiteBehavior [ RunTime:0.000010s ]
INFO: [ app_init ] --END-- [ RunTime:0.000279s ]
INFO: [ app_begin ] --START--
INFO: Run Behavior\ReadHtmlCacheBehavior [ RunTime:0.000488s ]
INFO: [ app_begin ] --END-- [ RunTime:0.000512s ]
SQL: SHOW COLUMNS FROM `qm_zxkz` [ RunTime:0.0004s ]
SQL: SELECT * FROM `qm_zxkz` WHERE ( stat=3 )  [ RunTime:0.0000s ]

[ 2018-07-02T16:06:29+08:00 ] 119.164.77.23 /index.php/Api/Index/tjcp
INFO: [ app_init ] --START--
INFO: Run Behavior\BuildLiteBehavior [ RunTime:0.000007s ]
INFO: [ app_init ] --END-- [ RunTime:0.000190s ]
INFO: [ app_begin ] --START--
INFO: Run Behavior\ReadHtmlCacheBehavior [ RunTime:0.000246s ]
INFO: [ app_begin ] --END-- [ RunTime:0.000264s ]
SQL: SHOW COLUMNS FROM `qm_product` [ RunTime:0.0004s ]
SQL: SELECT * FROM `qm_product` WHERE ( iszx=1 )  [ RunTime:0.0001s ]

[ 2018-07-02T16:10:39+08:00 ] 119.164.77.23 /index.php/Api/Index/lblist
INFO: [ app_init ] --START--
INFO: Run Behavior\BuildLiteBehavior [ RunTime:0.000006s ]
INFO: [ app_init ] --END-- [ RunTime:0.000181s ]
INFO: [ app_begin ] --START--
INFO: Run Behavior\ReadHtmlCacheBehavior [ RunTime:0.000305s ]
INFO: [ app_begin ] --END-- [ RunTime:0.000328s ]
SQL: SHOW COLUMNS FROM `qm_lb` [ RunTime:0.0005s ]
SQL: SELECT * FROM `qm_lb`  [ RunTime:0.0001s ]

[ 2018-07-02T16:10:39+08:00 ] 119.164.77.23 /index.php/Api/Index/zxkz
INFO: [ app_init ] --START--
INFO: Run Behavior\BuildLiteBehavior [ RunTime:0.000008s ]
INFO: [ app_init ] --END-- [ RunTime:0.000197s ]
INFO: [ app_begin ] --START--
INFO: Run Behavior\ReadHtmlCacheBehavior [ RunTime:0.000266s ]
INFO: [ app_begin ] --END-- [ RunTime:0.000289s ]
SQL: SHOW COLUMNS FROM `qm_zxkz` [ RunTime:0.0004s ]
SQL: SELECT * FROM `qm_zxkz` WHERE ( stat=1 )  [ RunTime:0.0001s ]

[ 2018-07-02T16:10:39+08:00 ] 119.164.77.23 /index.php/Api/Index/xyk
INFO: [ app_init ] --START--
INFO: Run Behavior\BuildLiteBehavior [ RunTime:0.000008s ]
INFO: [ app_init ] --END-- [ RunTime:0.000224s ]
INFO: [ app_begin ] --START--
INFO: Run Behavior\ReadHtmlCacheBehavior [ RunTime:0.000413s ]
INFO: [ app_begin ] --END-- [ RunTime:0.000437s ]
SQL: SHOW COLUMNS FROM `qm_zxkz` [ RunTime:0.0004s ]
SQL: SELECT * FROM `qm_zxkz` WHERE ( stat=2 )  [ RunTime:0.0001s ]

[ 2018-07-02T16:10:39+08:00 ] 119.164.77.23 /index.php/Api/Index/gh
INFO: [ app_init ] --START--
INFO: Run Behavior\BuildLiteBehavior [ RunTime:0.000007s ]
INFO: [ app_init ] --END-- [ RunTime:0.000171s ]
INFO: [ app_begin ] --START--
INFO: Run Behavior\ReadHtmlCacheBehavior [ RunTime:0.000221s ]
INFO: [ app_begin ] --END-- [ RunTime:0.000239s ]
SQL: SHOW COLUMNS FROM `qm_zxkz` [ RunTime:0.0004s ]
SQL: SELECT * FROM `qm_zxkz` WHERE ( stat=3 )  [ RunTime:0.0000s ]

[ 2018-07-02T16:10:39+08:00 ] 119.164.77.23 /index.php/Api/Index/tjcp
INFO: [ app_init ] --START--
INFO: Run Behavior\BuildLiteBehavior [ RunTime:0.000007s ]
INFO: [ app_init ] --END-- [ RunTime:0.000182s ]
INFO: [ app_begin ] --START--
INFO: Run Behavior\ReadHtmlCacheBehavior [ RunTime:0.000219s ]
INFO: [ app_begin ] --END-- [ RunTime:0.000237s ]
SQL: SHOW COLUMNS FROM `qm_product` [ RunTime:0.0006s ]
SQL: SELECT * FROM `qm_product` WHERE ( iszx=1 )  [ RunTime:0.0001s ]

[ 2018-07-02T16:10:45+08:00 ] 119.164.77.23 /index.php/Api/Index/xqwz
INFO: [ app_init ] --START--
INFO: Run Behavior\BuildLiteBehavior [ RunTime:0.000010s ]
INFO: [ app_init ] --END-- [ RunTime:0.000243s ]
INFO: [ app_begin ] --START--
INFO: Run Behavior\ReadHtmlCacheBehavior [ RunTime:0.000285s ]
INFO: [ app_begin ] --END-- [ RunTime:0.000304s ]
SQL: SHOW COLUMNS FROM `qm_zxkz` [ RunTime:0.0004s ]
NOTIC: [8] Undefined index: id /www/wwwroot/dai.juhuaian.cn/Application/Api/Controller/IndexController.class.php 第 234 行.
ERR: 1064:You have an error in your SQL syntax; check the manual that corresponds to your MySQL server version for the right syntax to use near ') LIMIT 1' at line 1
 [ SQL语句 ] : SELECT * FROM `qm_zxkz` WHERE ( id= ) LIMIT 1  
ERR: 1064:You have an error in your SQL syntax; check the manual that corresponds to your MySQL server version for the right syntax to use near ') LIMIT 1' at line 1
 [ SQL语句 ] : SELECT * FROM `qm_zxkz` WHERE ( id= ) LIMIT 1  

[ 2018-07-02T16:12:18+08:00 ] 112.224.17.240 /index.php/Api/Index/lblist
INFO: [ app_init ] --START--
INFO: Run Behavior\BuildLiteBehavior [ RunTime:0.000006s ]
INFO: [ app_init ] --END-- [ RunTime:0.000217s ]
INFO: [ app_begin ] --START--
INFO: Run Behavior\ReadHtmlCacheBehavior [ RunTime:0.000215s ]
INFO: [ app_begin ] --END-- [ RunTime:0.000235s ]
SQL: SHOW COLUMNS FROM `qm_lb` [ RunTime:0.0004s ]
SQL: SELECT * FROM `qm_lb`  [ RunTime:0.0001s ]

[ 2018-07-02T16:12:18+08:00 ] 112.224.17.240 /index.php/Api/Index/zxkz
INFO: [ app_init ] --START--
INFO: Run Behavior\BuildLiteBehavior [ RunTime:0.000007s ]
INFO: [ app_init ] --END-- [ RunTime:0.000183s ]
INFO: [ app_begin ] --START--
INFO: Run Behavior\ReadHtmlCacheBehavior [ RunTime:0.000225s ]
INFO: [ app_begin ] --END-- [ RunTime:0.000244s ]
SQL: SHOW COLUMNS FROM `qm_zxkz` [ RunTime:0.0004s ]
SQL: SELECT * FROM `qm_zxkz` WHERE ( stat=1 )  [ RunTime:0.0001s ]

[ 2018-07-02T16:12:18+08:00 ] 112.224.17.240 /index.php/Api/Index/xyk
INFO: [ app_init ] --START--
INFO: Run Behavior\BuildLiteBehavior [ RunTime:0.000008s ]
INFO: [ app_init ] --END-- [ RunTime:0.000314s ]
INFO: [ app_begin ] --START--
INFO: Run Behavior\ReadHtmlCacheBehavior [ RunTime:0.000237s ]
INFO: [ app_begin ] --END-- [ RunTime:0.000255s ]
SQL: SHOW COLUMNS FROM `qm_zxkz` [ RunTime:0.0004s ]
SQL: SELECT * FROM `qm_zxkz` WHERE ( stat=2 )  [ RunTime:0.0001s ]

[ 2018-07-02T16:12:18+08:00 ] 112.224.17.240 /index.php/Api/Index/gh
INFO: [ app_init ] --START--
INFO: Run Behavior\BuildLiteBehavior [ RunTime:0.000008s ]
INFO: [ app_init ] --END-- [ RunTime:0.000204s ]
INFO: [ app_begin ] --START--
INFO: Run Behavior\ReadHtmlCacheBehavior [ RunTime:0.000282s ]
INFO: [ app_begin ] --END-- [ RunTime:0.000305s ]
SQL: SHOW COLUMNS FROM `qm_zxkz` [ RunTime:0.0005s ]
SQL: SELECT * FROM `qm_zxkz` WHERE ( stat=3 )  [ RunTime:0.0001s ]

[ 2018-07-02T16:12:19+08:00 ] 112.224.17.240 /index.php/Api/Index/tjcp
INFO: [ app_init ] --START--
INFO: Run Behavior\BuildLiteBehavior [ RunTime:0.000009s ]
INFO: [ app_init ] --END-- [ RunTime:0.000282s ]
INFO: [ app_begin ] --START--
INFO: Run Behavior\ReadHtmlCacheBehavior [ RunTime:0.000321s ]
INFO: [ app_begin ] --END-- [ RunTime:0.000343s ]
SQL: SHOW COLUMNS FROM `qm_product` [ RunTime:0.0006s ]
SQL: SELECT * FROM `qm_product` WHERE ( iszx=1 )  [ RunTime:0.0001s ]

[ 2018-07-02T16:12:37+08:00 ] 119.164.77.23 /index.php/Api/Index/lblist
INFO: [ app_init ] --START--
INFO: Run Behavior\BuildLiteBehavior [ RunTime:0.000009s ]
INFO: [ app_init ] --END-- [ RunTime:0.000213s ]
INFO: [ app_begin ] --START--
INFO: Run Behavior\ReadHtmlCacheBehavior [ RunTime:0.000236s ]
INFO: [ app_begin ] --END-- [ RunTime:0.000257s ]
SQL: SHOW COLUMNS FROM `qm_lb` [ RunTime:0.0004s ]
SQL: SELECT * FROM `qm_lb`  [ RunTime:0.0001s ]

[ 2018-07-02T16:12:37+08:00 ] 119.164.77.23 /index.php/Api/Index/zxkz
INFO: [ app_init ] --START--
INFO: Run Behavior\BuildLiteBehavior [ RunTime:0.000008s ]
INFO: [ app_init ] --END-- [ RunTime:0.000180s ]
INFO: [ app_begin ] --START--
INFO: Run Behavior\ReadHtmlCacheBehavior [ RunTime:0.000205s ]
INFO: [ app_begin ] --END-- [ RunTime:0.000222s ]
SQL: SHOW COLUMNS FROM `qm_zxkz` [ RunTime:0.0005s ]
SQL: SELECT * FROM `qm_zxkz` WHERE ( stat=1 )  [ RunTime:0.0001s ]

[ 2018-07-02T16:12:37+08:00 ] 119.164.77.23 /index.php/Api/Index/xyk
INFO: [ app_init ] --START--
INFO: Run Behavior\BuildLiteBehavior [ RunTime:0.000009s ]
INFO: [ app_init ] --END-- [ RunTime:0.000177s ]
INFO: [ app_begin ] --START--
INFO: Run Behavior\ReadHtmlCacheBehavior [ RunTime:0.000234s ]
INFO: [ app_begin ] --END-- [ RunTime:0.000254s ]
SQL: SHOW COLUMNS FROM `qm_zxkz` [ RunTime:0.0005s ]
SQL: SELECT * FROM `qm_zxkz` WHERE ( stat=2 )  [ RunTime:0.0001s ]

[ 2018-07-02T16:12:37+08:00 ] 119.164.77.23 /index.php/Api/Index/gh
INFO: [ app_init ] --START--
INFO: Run Behavior\BuildLiteBehavior [ RunTime:0.000011s ]
INFO: [ app_init ] --END-- [ RunTime:0.000231s ]
INFO: [ app_begin ] --START--
INFO: Run Behavior\ReadHtmlCacheBehavior [ RunTime:0.000311s ]
INFO: [ app_begin ] --END-- [ RunTime:0.000332s ]
SQL: SHOW COLUMNS FROM `qm_zxkz` [ RunTime:0.0004s ]
SQL: SELECT * FROM `qm_zxkz` WHERE ( stat=3 )  [ RunTime:0.0001s ]

[ 2018-07-02T16:12:38+08:00 ] 119.164.77.23 /index.php/Api/Index/tjcp
INFO: [ app_init ] --START--
INFO: Run Behavior\BuildLiteBehavior [ RunTime:0.000010s ]
INFO: [ app_init ] --END-- [ RunTime:0.000248s ]
INFO: [ app_begin ] --START--
INFO: Run Behavior\ReadHtmlCacheBehavior [ RunTime:0.000355s ]
INFO: [ app_begin ] --END-- [ RunTime:0.000378s ]
SQL: SHOW COLUMNS FROM `qm_product` [ RunTime:0.0007s ]
SQL: SELECT * FROM `qm_product` WHERE ( iszx=1 )  [ RunTime:0.0001s ]

[ 2018-07-02T16:13:19+08:00 ] 119.164.77.23 /index.php/Api/Index/lblist
INFO: [ app_init ] --START--
INFO: Run Behavior\BuildLiteBehavior [ RunTime:0.000007s ]
INFO: [ app_init ] --END-- [ RunTime:0.000198s ]
INFO: [ app_begin ] --START--
INFO: Run Behavior\ReadHtmlCacheBehavior [ RunTime:0.000246s ]
INFO: [ app_begin ] --END-- [ RunTime:0.000263s ]
SQL: SHOW COLUMNS FROM `qm_lb` [ RunTime:0.0004s ]
SQL: SELECT * FROM `qm_lb`  [ RunTime:0.0001s ]

[ 2018-07-02T16:13:19+08:00 ] 119.164.77.23 /index.php/Api/Index/zxkz
INFO: [ app_init ] --START--
INFO: Run Behavior\BuildLiteBehavior [ RunTime:0.000009s ]
INFO: [ app_init ] --END-- [ RunTime:0.000172s ]
INFO: [ app_begin ] --START--
INFO: Run Behavior\ReadHtmlCacheBehavior [ RunTime:0.000278s ]
INFO: [ app_begin ] --END-- [ RunTime:0.000295s ]
SQL: SHOW COLUMNS FROM `qm_zxkz` [ RunTime:0.0008s ]
SQL: SELECT * FROM `qm_zxkz` WHERE ( stat=1 )  [ RunTime:0.0001s ]

[ 2018-07-02T16:13:20+08:00 ] 119.164.77.23 /index.php/Api/Index/xyk
INFO: [ app_init ] --START--
INFO: Run Behavior\BuildLiteBehavior [ RunTime:0.000010s ]
INFO: [ app_init ] --END-- [ RunTime:0.000463s ]
INFO: [ app_begin ] --START--
INFO: Run Behavior\ReadHtmlCacheBehavior [ RunTime:0.000319s ]
INFO: [ app_begin ] --END-- [ RunTime:0.000343s ]
SQL: SHOW COLUMNS FROM `qm_zxkz` [ RunTime:0.0005s ]
SQL: SELECT * FROM `qm_zxkz` WHERE ( stat=2 )  [ RunTime:0.0001s ]

[ 2018-07-02T16:13:20+08:00 ] 119.164.77.23 /index.php/Api/Index/gh
INFO: [ app_init ] --START--
INFO: Run Behavior\BuildLiteBehavior [ RunTime:0.000009s ]
INFO: [ app_init ] --END-- [ RunTime:0.000234s ]
INFO: [ app_begin ] --START--
INFO: Run Behavior\ReadHtmlCacheBehavior [ RunTime:0.000330s ]
INFO: [ app_begin ] --END-- [ RunTime:0.000354s ]
SQL: SHOW COLUMNS FROM `qm_zxkz` [ RunTime:0.0005s ]
SQL: SELECT * FROM `qm_zxkz` WHERE ( stat=3 )  [ RunTime:0.0001s ]

[ 2018-07-02T16:13:20+08:00 ] 119.164.77.23 /index.php/Api/Index/tjcp
INFO: [ app_init ] --START--
INFO: Run Behavior\BuildLiteBehavior [ RunTime:0.000008s ]
INFO: [ app_init ] --END-- [ RunTime:0.000179s ]
INFO: [ app_begin ] --START--
INFO: Run Behavior\ReadHtmlCacheBehavior [ RunTime:0.000259s ]
INFO: [ app_begin ] --END-- [ RunTime:0.000278s ]
SQL: SHOW COLUMNS FROM `qm_product` [ RunTime:0.0004s ]
SQL: SELECT * FROM `qm_product` WHERE ( iszx=1 )  [ RunTime:0.0001s ]

[ 2018-07-02T16:14:04+08:00 ] 119.164.77.23 /index.php/Api/Index/xqwz
INFO: [ app_init ] --START--
INFO: Run Behavior\BuildLiteBehavior [ RunTime:0.000007s ]
INFO: [ app_init ] --END-- [ RunTime:0.000264s ]
INFO: [ app_begin ] --START--
INFO: Run Behavior\ReadHtmlCacheBehavior [ RunTime:0.000235s ]
INFO: [ app_begin ] --END-- [ RunTime:0.000256s ]
SQL: SHOW COLUMNS FROM `qm_zxkz` [ RunTime:0.0005s ]
SQL: SELECT * FROM `qm_zxkz` WHERE ( id=2 ) LIMIT 1   [ RunTime:0.0001s ]

[ 2018-07-02T16:14:14+08:00 ] 119.164.77.23 /index.php/Api/Index/lblist
INFO: [ app_init ] --START--
INFO: Run Behavior\BuildLiteBehavior [ RunTime:0.000010s ]
INFO: [ app_init ] --END-- [ RunTime:0.000297s ]
INFO: [ app_begin ] --START--
INFO: Run Behavior\ReadHtmlCacheBehavior [ RunTime:0.000333s ]
INFO: [ app_begin ] --END-- [ RunTime:0.000358s ]
SQL: SHOW COLUMNS FROM `qm_lb` [ RunTime:0.0004s ]
SQL: SELECT * FROM `qm_lb`  [ RunTime:0.0001s ]

[ 2018-07-02T16:14:14+08:00 ] 119.164.77.23 /index.php/Api/Index/zxkz
INFO: [ app_init ] --START--
INFO: Run Behavior\BuildLiteBehavior [ RunTime:0.000015s ]
INFO: [ app_init ] --END-- [ RunTime:0.000236s ]
INFO: [ app_begin ] --START--
INFO: Run Behavior\ReadHtmlCacheBehavior [ RunTime:0.000331s ]
INFO: [ app_begin ] --END-- [ RunTime:0.000355s ]
SQL: SHOW COLUMNS FROM `qm_zxkz` [ RunTime:0.0004s ]
SQL: SELECT * FROM `qm_zxkz` WHERE ( stat=1 )  [ RunTime:0.0001s ]

[ 2018-07-02T16:14:17+08:00 ] 119.164.77.23 /index.php/Api/Index/xyk
INFO: [ app_init ] --START--
INFO: Run Behavior\BuildLiteBehavior [ RunTime:0.000007s ]
INFO: [ app_init ] --END-- [ RunTime:0.000175s ]
INFO: [ app_begin ] --START--
INFO: Run Behavior\ReadHtmlCacheBehavior [ RunTime:0.000239s ]
INFO: [ app_begin ] --END-- [ RunTime:0.000256s ]
SQL: SHOW COLUMNS FROM `qm_zxkz` [ RunTime:0.0006s ]
SQL: SELECT * FROM `qm_zxkz` WHERE ( stat=2 )  [ RunTime:0.0001s ]

[ 2018-07-02T16:14:18+08:00 ] 119.164.77.23 /index.php/Api/Index/gh
INFO: [ app_init ] --START--
INFO: Run Behavior\BuildLiteBehavior [ RunTime:0.000007s ]
INFO: [ app_init ] --END-- [ RunTime:0.000195s ]
INFO: [ app_begin ] --START--
INFO: Run Behavior\ReadHtmlCacheBehavior [ RunTime:0.000252s ]
INFO: [ app_begin ] --END-- [ RunTime:0.000271s ]
SQL: SHOW COLUMNS FROM `qm_zxkz` [ RunTime:0.0005s ]
SQL: SELECT * FROM `qm_zxkz` WHERE ( stat=3 )  [ RunTime:0.0001s ]

[ 2018-07-02T16:14:18+08:00 ] 119.164.77.23 /index.php/Api/Index/tjcp
INFO: [ app_init ] --START--
INFO: Run Behavior\BuildLiteBehavior [ RunTime:0.000010s ]
INFO: [ app_init ] --END-- [ RunTime:0.000240s ]
INFO: [ app_begin ] --START--
INFO: Run Behavior\ReadHtmlCacheBehavior [ RunTime:0.000371s ]
INFO: [ app_begin ] --END-- [ RunTime:0.000397s ]
SQL: SHOW COLUMNS FROM `qm_product` [ RunTime:0.0004s ]
SQL: SELECT * FROM `qm_product` WHERE ( iszx=1 )  [ RunTime:0.0001s ]

[ 2018-07-02T16:16:19+08:00 ] 119.164.77.23 /index.php/Api/Index/medata
INFO: [ app_init ] --START--
INFO: Run Behavior\BuildLiteBehavior [ RunTime:0.000010s ]
INFO: [ app_init ] --END-- [ RunTime:0.000239s ]
INFO: [ app_begin ] --START--
INFO: Run Behavior\ReadHtmlCacheBehavior [ RunTime:0.000323s ]
INFO: [ app_begin ] --END-- [ RunTime:0.000368s ]
SQL: SHOW COLUMNS FROM `qm_users` [ RunTime:0.0006s ]
SQL: SELECT * FROM `qm_users` WHERE ( id=882657 ) LIMIT 1   [ RunTime:0.0001s ]

[ 2018-07-02T16:16:53+08:00 ] 119.164.77.23 /index.php/Api/Index/xqwz
INFO: [ app_init ] --START--
INFO: Run Behavior\BuildLiteBehavior [ RunTime:0.000007s ]
INFO: [ app_init ] --END-- [ RunTime:0.000176s ]
INFO: [ app_begin ] --START--
INFO: Run Behavior\ReadHtmlCacheBehavior [ RunTime:0.000270s ]
INFO: [ app_begin ] --END-- [ RunTime:0.000290s ]
SQL: SHOW COLUMNS FROM `qm_zxkz` [ RunTime:0.0004s ]
NOTIC: [8] Undefined index: id /www/wwwroot/dai.juhuaian.cn/Application/Api/Controller/IndexController.class.php 第 234 行.
ERR: 1064:You have an error in your SQL syntax; check the manual that corresponds to your MySQL server version for the right syntax to use near ') LIMIT 1' at line 1
 [ SQL语句 ] : SELECT * FROM `qm_zxkz` WHERE ( id= ) LIMIT 1  
ERR: 1064:You have an error in your SQL syntax; check the manual that corresponds to your MySQL server version for the right syntax to use near ') LIMIT 1' at line 1
 [ SQL语句 ] : SELECT * FROM `qm_zxkz` WHERE ( id= ) LIMIT 1  

[ 2018-07-02T16:17:03+08:00 ] 119.164.77.23 /index.php/Api/Index/xqwz
INFO: [ app_init ] --START--
INFO: Run Behavior\BuildLiteBehavior [ RunTime:0.000009s ]
INFO: [ app_init ] --END-- [ RunTime:0.000235s ]
INFO: [ app_begin ] --START--
INFO: Run Behavior\ReadHtmlCacheBehavior [ RunTime:0.000319s ]
INFO: [ app_begin ] --END-- [ RunTime:0.000342s ]
SQL: SHOW COLUMNS FROM `qm_zxkz` [ RunTime:0.0005s ]
NOTIC: [8] Undefined index: id /www/wwwroot/dai.juhuaian.cn/Application/Api/Controller/IndexController.class.php 第 234 行.
ERR: 1064:You have an error in your SQL syntax; check the manual that corresponds to your MySQL server version for the right syntax to use near ') LIMIT 1' at line 1
 [ SQL语句 ] : SELECT * FROM `qm_zxkz` WHERE ( id= ) LIMIT 1  
ERR: 1064:You have an error in your SQL syntax; check the manual that corresponds to your MySQL server version for the right syntax to use near ') LIMIT 1' at line 1
 [ SQL语句 ] : SELECT * FROM `qm_zxkz` WHERE ( id= ) LIMIT 1  

[ 2018-07-02T17:05:24+08:00 ] 119.164.77.23 /index.php/Api/Index/txjl
INFO: [ app_init ] --START--
INFO: Run Behavior\BuildLiteBehavior [ RunTime:0.000012s ]
INFO: [ app_init ] --END-- [ RunTime:0.000366s ]
INFO: [ app_begin ] --START--
INFO: Run Behavior\ReadHtmlCacheBehavior [ RunTime:0.000310s ]
INFO: [ app_begin ] --END-- [ RunTime:0.000332s ]
SQL: SHOW COLUMNS FROM `qm_txjl` [ RunTime:0.0005s ]
SQL: SELECT * FROM `qm_txjl`  [ RunTime:0.0003s ]

[ 2018-07-02T17:05:33+08:00 ] 119.164.77.23 /index.php/Api/Index/srmx
INFO: [ app_init ] --START--
INFO: Run Behavior\BuildLiteBehavior [ RunTime:0.000007s ]
INFO: [ app_init ] --END-- [ RunTime:0.000182s ]
INFO: [ app_begin ] --START--
INFO: Run Behavior\ReadHtmlCacheBehavior [ RunTime:0.000278s ]
INFO: [ app_begin ] --END-- [ RunTime:0.000296s ]
SQL: SHOW COLUMNS FROM `qm_srmx` [ RunTime:0.0004s ]
SQL: SELECT * FROM `qm_srmx`  [ RunTime:0.0001s ]

[ 2018-07-02T17:05:56+08:00 ] 119.164.77.23 /index.php/Api/Index/txjl
INFO: [ app_init ] --START--
INFO: Run Behavior\BuildLiteBehavior [ RunTime:0.000009s ]
INFO: [ app_init ] --END-- [ RunTime:0.000239s ]
INFO: [ app_begin ] --START--
INFO: Run Behavior\ReadHtmlCacheBehavior [ RunTime:0.000312s ]
INFO: [ app_begin ] --END-- [ RunTime:0.000335s ]
SQL: SHOW COLUMNS FROM `qm_txjl` [ RunTime:0.0005s ]
SQL: SELECT * FROM `qm_txjl`  [ RunTime:0.0001s ]

[ 2018-07-02T17:22:28+08:00 ] 119.164.77.23 /index.php/Api/Index/xqwz
INFO: [ app_init ] --START--
INFO: Run Behavior\BuildLiteBehavior [ RunTime:0.000007s ]
INFO: [ app_init ] --END-- [ RunTime:0.000224s ]
INFO: [ app_begin ] --START--
INFO: Run Behavior\ReadHtmlCacheBehavior [ RunTime:0.000228s ]
INFO: [ app_begin ] --END-- [ RunTime:0.000268s ]
SQL: SHOW COLUMNS FROM `qm_zxkz` [ RunTime:0.0004s ]
NOTIC: [8] Undefined index: id /www/wwwroot/dai.juhuaian.cn/Application/Api/Controller/IndexController.class.php 第 234 行.
ERR: 1064:You have an error in your SQL syntax; check the manual that corresponds to your MySQL server version for the right syntax to use near ') LIMIT 1' at line 1
 [ SQL语句 ] : SELECT * FROM `qm_zxkz` WHERE ( id= ) LIMIT 1  
ERR: 1064:You have an error in your SQL syntax; check the manual that corresponds to your MySQL server version for the right syntax to use near ') LIMIT 1' at line 1
 [ SQL语句 ] : SELECT * FROM `qm_zxkz` WHERE ( id= ) LIMIT 1  

[ 2018-07-02T18:26:51+08:00 ] 119.164.77.23 /index.php/Api/Index/txjl
INFO: [ app_init ] --START--
INFO: Run Behavior\BuildLiteBehavior [ RunTime:0.000008s ]
INFO: [ app_init ] --END-- [ RunTime:0.000181s ]
INFO: [ app_begin ] --START--
INFO: Run Behavior\ReadHtmlCacheBehavior [ RunTime:0.000305s ]
INFO: [ app_begin ] --END-- [ RunTime:0.000327s ]
SQL: SHOW COLUMNS FROM `qm_txjl` [ RunTime:0.0005s ]
SQL: SELECT * FROM `qm_txjl`  [ RunTime:0.0001s ]

[ 2018-07-02T18:54:27+08:00 ] 117.136.77.215 /index.php/Api/Index/lblist
INFO: [ app_init ] --START--
INFO: Run Behavior\BuildLiteBehavior [ RunTime:0.000008s ]
INFO: [ app_init ] --END-- [ RunTime:0.000195s ]
INFO: [ app_begin ] --START--
INFO: Run Behavior\ReadHtmlCacheBehavior [ RunTime:0.000301s ]
INFO: [ app_begin ] --END-- [ RunTime:0.000327s ]
SQL: SHOW COLUMNS FROM `qm_lb` [ RunTime:0.0004s ]
SQL: SELECT * FROM `qm_lb`  [ RunTime:0.0000s ]

[ 2018-07-02T18:54:27+08:00 ] 117.136.77.215 /index.php/Api/Index/zxkz
INFO: [ app_init ] --START--
INFO: Run Behavior\BuildLiteBehavior [ RunTime:0.000009s ]
INFO: [ app_init ] --END-- [ RunTime:0.000264s ]
INFO: [ app_begin ] --START--
INFO: Run Behavior\ReadHtmlCacheBehavior [ RunTime:0.000389s ]
INFO: [ app_begin ] --END-- [ RunTime:0.000413s ]
SQL: SHOW COLUMNS FROM `qm_zxkz` [ RunTime:0.0006s ]
SQL: SELECT * FROM `qm_zxkz` WHERE ( stat=1 )  [ RunTime:0.0001s ]

[ 2018-07-02T18:54:27+08:00 ] 117.136.77.215 /index.php/Api/Index/xyk
INFO: [ app_init ] --START--
INFO: Run Behavior\BuildLiteBehavior [ RunTime:0.000008s ]
INFO: [ app_init ] --END-- [ RunTime:0.000190s ]
INFO: [ app_begin ] --START--
INFO: Run Behavior\ReadHtmlCacheBehavior [ RunTime:0.000215s ]
INFO: [ app_begin ] --END-- [ RunTime:0.000256s ]
SQL: SHOW COLUMNS FROM `qm_zxkz` [ RunTime:0.0005s ]
SQL: SELECT * FROM `qm_zxkz` WHERE ( stat=2 )  [ RunTime:0.0001s ]

[ 2018-07-02T18:54:28+08:00 ] 117.136.77.215 /index.php/Api/Index/gh
INFO: [ app_init ] --START--
INFO: Run Behavior\BuildLiteBehavior [ RunTime:0.000008s ]
INFO: [ app_init ] --END-- [ RunTime:0.000186s ]
INFO: [ app_begin ] --START--
INFO: Run Behavior\ReadHtmlCacheBehavior [ RunTime:0.000342s ]
INFO: [ app_begin ] --END-- [ RunTime:0.000364s ]
SQL: SHOW COLUMNS FROM `qm_zxkz` [ RunTime:0.0004s ]
SQL: SELECT * FROM `qm_zxkz` WHERE ( stat=3 )  [ RunTime:0.0001s ]

[ 2018-07-02T18:54:28+08:00 ] 117.136.77.215 /index.php/Api/Index/tjcp
INFO: [ app_init ] --START--
INFO: Run Behavior\BuildLiteBehavior [ RunTime:0.000006s ]
INFO: [ app_init ] --END-- [ RunTime:0.000170s ]
INFO: [ app_begin ] --START--
INFO: Run Behavior\ReadHtmlCacheBehavior [ RunTime:0.000205s ]
INFO: [ app_begin ] --END-- [ RunTime:0.000222s ]
SQL: SHOW COLUMNS FROM `qm_product` [ RunTime:0.0004s ]
SQL: SELECT * FROM `qm_product` WHERE ( iszx=1 )  [ RunTime:0.0001s ]

[ 2018-07-02T18:54:41+08:00 ] 117.136.77.215 /index.php/Api/Index/IsMerber
INFO: [ app_init ] --START--
INFO: Run Behavior\BuildLiteBehavior [ RunTime:0.000007s ]
INFO: [ app_init ] --END-- [ RunTime:0.000160s ]
INFO: [ app_begin ] --START--
INFO: Run Behavior\ReadHtmlCacheBehavior [ RunTime:0.000221s ]
INFO: [ app_begin ] --END-- [ RunTime:0.000243s ]
SQL: SHOW COLUMNS FROM `qm_users` [ RunTime:0.0004s ]
SQL: SELECT * FROM `qm_users` WHERE ( phone ='15063342277' ) LIMIT 1   [ RunTime:0.0000s ]

[ 2018-07-02T18:55:46+08:00 ] 117.136.77.215 /index.php/Api/Index/IsMerber
INFO: [ app_init ] --START--
INFO: Run Behavior\BuildLiteBehavior [ RunTime:0.000008s ]
INFO: [ app_init ] --END-- [ RunTime:0.000170s ]
INFO: [ app_begin ] --START--
INFO: Run Behavior\ReadHtmlCacheBehavior [ RunTime:0.000250s ]
INFO: [ app_begin ] --END-- [ RunTime:0.000271s ]
SQL: SHOW COLUMNS FROM `qm_users` [ RunTime:0.0004s ]
SQL: SELECT * FROM `qm_users` WHERE ( phone ='15063342277' ) LIMIT 1   [ RunTime:0.0001s ]

[ 2018-07-02T18:56:01+08:00 ] 117.136.77.215 /index.php/Api/Index/doregister
INFO: [ app_init ] --START--
INFO: Run Behavior\BuildLiteBehavior [ RunTime:0.000010s ]
INFO: [ app_init ] --END-- [ RunTime:0.000244s ]
INFO: [ app_begin ] --START--
INFO: Run Behavior\ReadHtmlCacheBehavior [ RunTime:0.000339s ]
INFO: [ app_begin ] --END-- [ RunTime:0.000362s ]
SQL: SHOW COLUMNS FROM `qm_users` [ RunTime:0.0005s ]
SQL: INSERT INTO `qm_users` (`id`,`phone`,`username`,`password`,`pic`,`addtime`) VALUES ('676177','15063342277','15063342277','2f4b9c475540c98ed6f9405e91e18c60','/Public/img/mr.jpg','1530528961') [ RunTime:0.0019s ]

[ 2018-07-02T18:56:09+08:00 ] 117.136.77.215 /index.php/Api/Index/Login
INFO: [ app_init ] --START--
INFO: Run Behavior\BuildLiteBehavior [ RunTime:0.000009s ]
INFO: [ app_init ] --END-- [ RunTime:0.000301s ]
INFO: [ app_begin ] --START--
INFO: Run Behavior\ReadHtmlCacheBehavior [ RunTime:0.000313s ]
INFO: [ app_begin ] --END-- [ RunTime:0.000338s ]
SQL: SHOW COLUMNS FROM `qm_users` [ RunTime:0.0005s ]
SQL: SELECT * FROM `qm_users` WHERE ( username='15063342277' AND password='2f4b9c475540c98ed6f9405e91e18c60' ) LIMIT 1   [ RunTime:0.0002s ]
SQL: SELECT * FROM `qm_users` WHERE ( phone='15063342277' ) LIMIT 1   [ RunTime:0.0001s ]

[ 2018-07-02T18:56:44+08:00 ] 117.136.77.215 /index.php/Api/Index/isqc
INFO: [ app_init ] --START--
INFO: Run Behavior\BuildLiteBehavior [ RunTime:0.000010s ]
INFO: [ app_init ] --END-- [ RunTime:0.000208s ]
INFO: [ app_begin ] --START--
INFO: Run Behavior\ReadHtmlCacheBehavior [ RunTime:0.000244s ]
INFO: [ app_begin ] --END-- [ RunTime:0.000268s ]
SQL: SHOW COLUMNS FROM `qm_qczy` [ RunTime:0.0005s ]
SQL: SELECT * FROM `qm_qczy` WHERE ( stat=0 )  [ RunTime:0.0001s ]

[ 2018-07-02T18:59:46+08:00 ] 119.164.77.23 /index.php/Api/Index/zxkzone
INFO: [ app_init ] --START--
INFO: Run Behavior\BuildLiteBehavior [ RunTime:0.000008s ]
INFO: [ app_init ] --END-- [ RunTime:0.000168s ]
INFO: [ app_begin ] --START--
INFO: Run Behavior\ReadHtmlCacheBehavior [ RunTime:0.000320s ]
INFO: [ app_begin ] --END-- [ RunTime:0.000342s ]
SQL: SHOW COLUMNS FROM `qm_zxkzone` [ RunTime:0.0004s ]
SQL: SELECT * FROM `qm_zxkzone` WHERE ( id=1 ) LIMIT 1   [ RunTime:0.0001s ]

[ 2018-07-02T20:06:26+08:00 ] 117.136.94.168 /index.php/Api/Index/lblist
INFO: [ app_init ] --START--
INFO: Run Behavior\BuildLiteBehavior [ RunTime:0.000009s ]
INFO: [ app_init ] --END-- [ RunTime:0.000251s ]
INFO: [ app_begin ] --START--
INFO: Run Behavior\ReadHtmlCacheBehavior [ RunTime:0.000325s ]
INFO: [ app_begin ] --END-- [ RunTime:0.000347s ]
SQL: SHOW COLUMNS FROM `qm_lb` [ RunTime:0.0009s ]
SQL: SELECT * FROM `qm_lb`  [ RunTime:0.0001s ]

