[ 2018-11-03T09:06:08+08:00 ] 114.238.55.132 /index.php/Api/Index/lblist
INFO: [ app_init ] --START--
INFO: Run Behavior\BuildLiteBehavior [ RunTime:0.000012s ]
INFO: [ app_init ] --END-- [ RunTime:0.000243s ]
INFO: [ app_begin ] --START--
INFO: Run Behavior\ReadHtmlCacheBehavior [ RunTime:0.000262s ]
INFO: [ app_begin ] --END-- [ RunTime:0.000317s ]
SQL: SHOW COLUMNS FROM `qm_lb` [ RunTime:0.0004s ]
SQL: SELECT * FROM `qm_lb` WHERE ( stat=1 )  [ RunTime:0.0001s ]

[ 2018-11-03T09:06:08+08:00 ] 114.238.55.132 /index.php/Api/Index/zxkz
INFO: [ app_init ] --START--
INFO: Run Behavior\BuildLiteBehavior [ RunTime:0.000011s ]
INFO: [ app_init ] --END-- [ RunTime:0.000215s ]
INFO: [ app_begin ] --START--
INFO: Run Behavior\ReadHtmlCacheBehavior [ RunTime:0.000254s ]
INFO: [ app_begin ] --END-- [ RunTime:0.000294s ]
SQL: SHOW COLUMNS FROM `qm_zxkz` [ RunTime:0.0005s ]
SQL: SELECT * FROM `qm_zxkz` WHERE ( stat=1  ) ORDER BY id desc LIMIT 0,5   [ RunTime:0.0001s ]

[ 2018-11-03T09:06:08+08:00 ] 114.238.55.132 /index.php/Api/Index/xyk
INFO: [ app_init ] --START--
INFO: Run Behavior\BuildLiteBehavior [ RunTime:0.000011s ]
INFO: [ app_init ] --END-- [ RunTime:0.000276s ]
INFO: [ app_begin ] --START--
INFO: Run Behavior\ReadHtmlCacheBehavior [ RunTime:0.000305s ]
INFO: [ app_begin ] --END-- [ RunTime:0.000353s ]
SQL: SHOW COLUMNS FROM `qm_zxkz` [ RunTime:0.0005s ]
SQL: SELECT * FROM `qm_zxkz` WHERE ( stat=2 ) ORDER BY id desc LIMIT 0,5   [ RunTime:0.0001s ]

[ 2018-11-03T09:06:10+08:00 ] 114.238.55.132 /index.php/Api/Index/gh
INFO: [ app_init ] --START--
INFO: Run Behavior\BuildLiteBehavior [ RunTime:0.000011s ]
INFO: [ app_init ] --END-- [ RunTime:0.000217s ]
INFO: [ app_begin ] --START--
INFO: Run Behavior\ReadHtmlCacheBehavior [ RunTime:0.000279s ]
INFO: [ app_begin ] --END-- [ RunTime:0.000320s ]
SQL: SHOW COLUMNS FROM `qm_zxkz` [ RunTime:0.0005s ]
SQL: SELECT * FROM `qm_zxkz` WHERE ( stat=3 ) ORDER BY id desc LIMIT 0,5   [ RunTime:0.0001s ]

[ 2018-11-03T09:06:10+08:00 ] 114.238.55.132 /index.php/Api/Index/tjcp
INFO: [ app_init ] --START--
INFO: Run Behavior\BuildLiteBehavior [ RunTime:0.000014s ]
INFO: [ app_init ] --END-- [ RunTime:0.000256s ]
INFO: [ app_begin ] --START--
INFO: Run Behavior\ReadHtmlCacheBehavior [ RunTime:0.000261s ]
INFO: [ app_begin ] --END-- [ RunTime:0.000297s ]
SQL: SHOW COLUMNS FROM `qm_product` [ RunTime:0.0006s ]
SQL: SELECT * FROM `qm_product` WHERE ( iszx=1 )  [ RunTime:0.0002s ]

[ 2018-11-03T09:06:11+08:00 ] 114.238.55.132 /index.php/Api/Index/getggfir
INFO: [ app_init ] --START--
INFO: Run Behavior\BuildLiteBehavior [ RunTime:0.000015s ]
INFO: [ app_init ] --END-- [ RunTime:0.000338s ]
INFO: [ app_begin ] --START--
INFO: Run Behavior\ReadHtmlCacheBehavior [ RunTime:0.000436s ]
INFO: [ app_begin ] --END-- [ RunTime:0.000482s ]
SQL: SHOW COLUMNS FROM `qm_gggl` [ RunTime:0.0005s ]
SQL: SELECT * FROM `qm_gggl` ORDER BY id desc LIMIT 1   [ RunTime:0.0001s ]

[ 2018-11-03T09:06:11+08:00 ] 114.238.55.132 /index.php/Api/Index/getggfir
INFO: [ app_init ] --START--
INFO: Run Behavior\BuildLiteBehavior [ RunTime:0.000010s ]
INFO: [ app_init ] --END-- [ RunTime:0.000207s ]
INFO: [ app_begin ] --START--
INFO: Run Behavior\ReadHtmlCacheBehavior [ RunTime:0.000252s ]
INFO: [ app_begin ] --END-- [ RunTime:0.000284s ]
SQL: SHOW COLUMNS FROM `qm_gggl` [ RunTime:0.0009s ]
SQL: SELECT * FROM `qm_gggl` ORDER BY id desc LIMIT 1   [ RunTime:0.0001s ]

[ 2018-11-03T09:06:12+08:00 ] 114.238.55.132 /index.php/Api/Index/ticity
INFO: [ app_init ] --START--
INFO: Run Behavior\BuildLiteBehavior [ RunTime:0.000010s ]
INFO: [ app_init ] --END-- [ RunTime:0.000203s ]
INFO: [ app_begin ] --START--
INFO: Run Behavior\ReadHtmlCacheBehavior [ RunTime:0.000240s ]
INFO: [ app_begin ] --END-- [ RunTime:0.000280s ]
SQL: SHOW COLUMNS FROM `qm_users` [ RunTime:0.0006s ]
SQL: UPDATE `qm_users` SET `city`='淮安市' WHERE ( id=79503642 ) [ RunTime:0.0002s ]

[ 2018-11-03T09:06:14+08:00 ] 114.238.55.132 /index.php/Api/Index/vip_grade
INFO: [ app_init ] --START--
INFO: Run Behavior\BuildLiteBehavior [ RunTime:0.000014s ]
INFO: [ app_init ] --END-- [ RunTime:0.000229s ]
INFO: [ app_begin ] --START--
INFO: Run Behavior\ReadHtmlCacheBehavior [ RunTime:0.000241s ]
INFO: [ app_begin ] --END-- [ RunTime:0.000274s ]
SQL: SHOW COLUMNS FROM `qm_users` [ RunTime:0.0006s ]
SQL: SELECT * FROM `qm_users` WHERE ( id=79503642 ) LIMIT 1   [ RunTime:0.0002s ]

[ 2018-11-03T11:29:26+08:00 ] 223.104.2.163 /index.php/Api/Index/lblist
INFO: [ app_init ] --START--
INFO: Run Behavior\BuildLiteBehavior [ RunTime:0.000017s ]
INFO: [ app_init ] --END-- [ RunTime:0.000223s ]
INFO: [ app_begin ] --START--
INFO: Run Behavior\ReadHtmlCacheBehavior [ RunTime:0.000242s ]
INFO: [ app_begin ] --END-- [ RunTime:0.000281s ]
SQL: SHOW COLUMNS FROM `qm_lb` [ RunTime:0.0005s ]
SQL: SELECT * FROM `qm_lb` WHERE ( stat=1 )  [ RunTime:0.0002s ]

[ 2018-11-03T11:29:26+08:00 ] 223.104.2.163 /index.php/Api/Index/ticity
INFO: [ app_init ] --START--
INFO: Run Behavior\BuildLiteBehavior [ RunTime:0.000011s ]
INFO: [ app_init ] --END-- [ RunTime:0.000210s ]
INFO: [ app_begin ] --START--
INFO: Run Behavior\ReadHtmlCacheBehavior [ RunTime:0.000267s ]
INFO: [ app_begin ] --END-- [ RunTime:0.000313s ]
SQL: SHOW COLUMNS FROM `qm_users` [ RunTime:0.0006s ]
SQL: UPDATE `qm_users` SET `city`='德州市' WHERE ( id=17209456 ) [ RunTime:0.0002s ]
INFO: [ app_end ] --START--
INFO: Run Behavior\ShowPageTraceBehavior [ RunTime:0.000306s ]
INFO: [ app_end ] --END-- [ RunTime:0.000344s ]

[ 2018-11-03T11:29:26+08:00 ] 223.104.2.163 /index.php/Api/Index/zxkz
INFO: [ app_init ] --START--
INFO: Run Behavior\BuildLiteBehavior [ RunTime:0.000011s ]
INFO: [ app_init ] --END-- [ RunTime:0.000217s ]
INFO: [ app_begin ] --START--
INFO: Run Behavior\ReadHtmlCacheBehavior [ RunTime:0.000259s ]
INFO: [ app_begin ] --END-- [ RunTime:0.000290s ]
SQL: SHOW COLUMNS FROM `qm_zxkz` [ RunTime:0.0006s ]
SQL: SELECT * FROM `qm_zxkz` WHERE ( stat=1  ) ORDER BY id desc LIMIT 0,5   [ RunTime:0.0001s ]

[ 2018-11-03T11:29:26+08:00 ] 223.104.2.163 /index.php/Api/Index/xyk
INFO: [ app_init ] --START--
INFO: Run Behavior\BuildLiteBehavior [ RunTime:0.000012s ]
INFO: [ app_init ] --END-- [ RunTime:0.000223s ]
INFO: [ app_begin ] --START--
INFO: Run Behavior\ReadHtmlCacheBehavior [ RunTime:0.000259s ]
INFO: [ app_begin ] --END-- [ RunTime:0.000291s ]
SQL: SHOW COLUMNS FROM `qm_zxkz` [ RunTime:0.0005s ]
SQL: SELECT * FROM `qm_zxkz` WHERE ( stat=2 ) ORDER BY id desc LIMIT 0,5   [ RunTime:0.0001s ]

[ 2018-11-03T11:29:27+08:00 ] 223.104.2.163 /index.php/Api/Index/gh
INFO: [ app_init ] --START--
INFO: Run Behavior\BuildLiteBehavior [ RunTime:0.000018s ]
INFO: [ app_init ] --END-- [ RunTime:0.000314s ]
INFO: [ app_begin ] --START--
INFO: Run Behavior\ReadHtmlCacheBehavior [ RunTime:0.000380s ]
INFO: [ app_begin ] --END-- [ RunTime:0.000427s ]
SQL: SHOW COLUMNS FROM `qm_zxkz` [ RunTime:0.0007s ]
SQL: SELECT * FROM `qm_zxkz` WHERE ( stat=3 ) ORDER BY id desc LIMIT 0,5   [ RunTime:0.0001s ]

[ 2018-11-03T11:29:27+08:00 ] 223.104.2.163 /index.php/Api/Index/tjcp
INFO: [ app_init ] --START--
INFO: Run Behavior\BuildLiteBehavior [ RunTime:0.000011s ]
INFO: [ app_init ] --END-- [ RunTime:0.000208s ]
INFO: [ app_begin ] --START--
INFO: Run Behavior\ReadHtmlCacheBehavior [ RunTime:0.000245s ]
INFO: [ app_begin ] --END-- [ RunTime:0.000277s ]
SQL: SHOW COLUMNS FROM `qm_product` [ RunTime:0.0006s ]
SQL: SELECT * FROM `qm_product` WHERE ( iszx=1 )  [ RunTime:0.0001s ]

[ 2018-11-03T11:29:27+08:00 ] 223.104.2.163 /index.php/Api/Index/getggfir
INFO: [ app_init ] --START--
INFO: Run Behavior\BuildLiteBehavior [ RunTime:0.000012s ]
INFO: [ app_init ] --END-- [ RunTime:0.000279s ]
INFO: [ app_begin ] --START--
INFO: Run Behavior\ReadHtmlCacheBehavior [ RunTime:0.000266s ]
INFO: [ app_begin ] --END-- [ RunTime:0.000300s ]
SQL: SHOW COLUMNS FROM `qm_gggl` [ RunTime:0.0005s ]
SQL: SELECT * FROM `qm_gggl` ORDER BY id desc LIMIT 1   [ RunTime:0.0001s ]

[ 2018-11-03T11:29:28+08:00 ] 223.104.2.163 /index.php/Api/Index/getggfir
INFO: [ app_init ] --START--
INFO: Run Behavior\BuildLiteBehavior [ RunTime:0.000011s ]
INFO: [ app_init ] --END-- [ RunTime:0.000223s ]
INFO: [ app_begin ] --START--
INFO: Run Behavior\ReadHtmlCacheBehavior [ RunTime:0.000240s ]
INFO: [ app_begin ] --END-- [ RunTime:0.000272s ]
SQL: SHOW COLUMNS FROM `qm_gggl` [ RunTime:0.0005s ]
SQL: SELECT * FROM `qm_gggl` ORDER BY id desc LIMIT 1   [ RunTime:0.0001s ]

[ 2018-11-03T11:29:40+08:00 ] 223.104.2.163 /index.php/Api/Index/obtaingg
INFO: [ app_init ] --START--
INFO: Run Behavior\BuildLiteBehavior [ RunTime:0.000011s ]
INFO: [ app_init ] --END-- [ RunTime:0.000205s ]
INFO: [ app_begin ] --START--
INFO: Run Behavior\ReadHtmlCacheBehavior [ RunTime:0.000248s ]
INFO: [ app_begin ] --END-- [ RunTime:0.000281s ]
SQL: SHOW COLUMNS FROM `qm_gggl` [ RunTime:0.0005s ]
SQL: SELECT * FROM `qm_gggl` ORDER BY id desc  [ RunTime:0.0001s ]

[ 2018-11-03T11:29:40+08:00 ] 223.104.2.163 /index.php/Api/Index/sxlist
INFO: [ app_init ] --START--
INFO: Run Behavior\BuildLiteBehavior [ RunTime:0.000017s ]
INFO: [ app_init ] --END-- [ RunTime:0.000289s ]
INFO: [ app_begin ] --START--
INFO: Run Behavior\ReadHtmlCacheBehavior [ RunTime:0.000275s ]
INFO: [ app_begin ] --END-- [ RunTime:0.000316s ]
SQL: SHOW COLUMNS FROM `qm_sx` [ RunTime:0.0007s ]
SQL: SELECT * FROM `qm_sx` WHERE ( uid=17209456 ) ORDER BY id desc  [ RunTime:0.0041s ]

[ 2018-11-03T11:29:43+08:00 ] 223.104.2.163 /index.php/Api/Index/medata
INFO: [ app_init ] --START--
INFO: Run Behavior\BuildLiteBehavior [ RunTime:0.000011s ]
INFO: [ app_init ] --END-- [ RunTime:0.000299s ]
INFO: [ app_begin ] --START--
INFO: Run Behavior\ReadHtmlCacheBehavior [ RunTime:0.000239s ]
INFO: [ app_begin ] --END-- [ RunTime:0.000271s ]
SQL: SHOW COLUMNS FROM `qm_users` [ RunTime:0.0008s ]
SQL: SELECT * FROM `qm_users` WHERE ( id=17209456 ) LIMIT 1   [ RunTime:0.0002s ]

[ 2018-11-03T11:29:43+08:00 ] 223.104.2.163 /index.php/Api/Index/medata
INFO: [ app_init ] --START--
INFO: Run Behavior\BuildLiteBehavior [ RunTime:0.000011s ]
INFO: [ app_init ] --END-- [ RunTime:0.000214s ]
INFO: [ app_begin ] --START--
INFO: Run Behavior\ReadHtmlCacheBehavior [ RunTime:0.000269s ]
INFO: [ app_begin ] --END-- [ RunTime:0.000302s ]
SQL: SHOW COLUMNS FROM `qm_users` [ RunTime:0.0006s ]
SQL: SELECT * FROM `qm_users` WHERE ( id=52936140 ) LIMIT 1   [ RunTime:0.0002s ]

[ 2018-11-03T11:29:58+08:00 ] 223.104.2.163 /index.php/Api/Index/dtzq
INFO: [ app_init ] --START--
INFO: Run Behavior\BuildLiteBehavior [ RunTime:0.000012s ]
INFO: [ app_init ] --END-- [ RunTime:0.000228s ]
INFO: [ app_begin ] --START--
INFO: Run Behavior\ReadHtmlCacheBehavior [ RunTime:0.000237s ]
INFO: [ app_begin ] --END-- [ RunTime:0.000269s ]
SQL: SHOW COLUMNS FROM `qm_dt` [ RunTime:0.0005s ]
SQL: SELECT * FROM `qm_dt` ORDER BY px asc  [ RunTime:0.0002s ]

[ 2018-11-03T11:30:12+08:00 ] 223.104.2.163 /index.php/Api/Index/qdlist
INFO: [ app_init ] --START--
INFO: Run Behavior\BuildLiteBehavior [ RunTime:0.000015s ]
INFO: [ app_init ] --END-- [ RunTime:0.000245s ]
INFO: [ app_begin ] --START--
INFO: Run Behavior\ReadHtmlCacheBehavior [ RunTime:0.000297s ]
INFO: [ app_begin ] --END-- [ RunTime:0.000333s ]
SQL: SHOW COLUMNS FROM `qm_qd` [ RunTime:0.0008s ]
SQL: SELECT * FROM `qm_qd` WHERE ( stat = 1 ) ORDER BY id desc  [ RunTime:0.0001s ]

[ 2018-11-03T11:33:01+08:00 ] 223.104.2.163 /index.php/Api/Index/qdxq
INFO: [ app_init ] --START--
INFO: Run Behavior\BuildLiteBehavior [ RunTime:0.000016s ]
INFO: [ app_init ] --END-- [ RunTime:0.000245s ]
INFO: [ app_begin ] --START--
INFO: Run Behavior\ReadHtmlCacheBehavior [ RunTime:0.000265s ]
INFO: [ app_begin ] --END-- [ RunTime:0.000302s ]
SQL: SHOW COLUMNS FROM `qm_qd` [ RunTime:0.0007s ]
SQL: SELECT * FROM `qm_qd` WHERE ( id=12 ) LIMIT 1   [ RunTime:0.0002s ]

[ 2018-11-03T11:33:07+08:00 ] 223.104.2.163 /index.php/Api/Index/qd_phone
INFO: [ app_init ] --START--
INFO: Run Behavior\BuildLiteBehavior [ RunTime:0.000016s ]
INFO: [ app_init ] --END-- [ RunTime:0.000351s ]
INFO: [ app_begin ] --START--
INFO: Run Behavior\ReadHtmlCacheBehavior [ RunTime:0.000388s ]
INFO: [ app_begin ] --END-- [ RunTime:0.000441s ]
SQL: SHOW COLUMNS FROM `qm_users` [ RunTime:0.0006s ]
SQL: SELECT * FROM `qm_users` WHERE ( id=17209456 ) LIMIT 1   [ RunTime:0.0001s ]

[ 2018-11-03T11:33:08+08:00 ] 223.104.2.163 /index.php/Api/Index/qd_phone
INFO: [ app_init ] --START--
INFO: Run Behavior\BuildLiteBehavior [ RunTime:0.000012s ]
INFO: [ app_init ] --END-- [ RunTime:0.000212s ]
INFO: [ app_begin ] --START--
INFO: Run Behavior\ReadHtmlCacheBehavior [ RunTime:0.000249s ]
INFO: [ app_begin ] --END-- [ RunTime:0.000281s ]
SQL: SHOW COLUMNS FROM `qm_users` [ RunTime:0.0006s ]
SQL: SELECT * FROM `qm_users` WHERE ( id=17209456 ) LIMIT 1   [ RunTime:0.0001s ]

[ 2018-11-03T11:33:17+08:00 ] 223.104.2.163 /index.php/Api/Index/qdxq
INFO: [ app_init ] --START--
INFO: Run Behavior\BuildLiteBehavior [ RunTime:0.000010s ]
INFO: [ app_init ] --END-- [ RunTime:0.000207s ]
INFO: [ app_begin ] --START--
INFO: Run Behavior\ReadHtmlCacheBehavior [ RunTime:0.000308s ]
INFO: [ app_begin ] --END-- [ RunTime:0.000348s ]
SQL: SHOW COLUMNS FROM `qm_qd` [ RunTime:0.0007s ]
SQL: SELECT * FROM `qm_qd` WHERE ( id=13 ) LIMIT 1   [ RunTime:0.0002s ]

[ 2018-11-03T11:33:21+08:00 ] 223.104.2.163 /index.php/Api/Index/qdxq
INFO: [ app_init ] --START--
INFO: Run Behavior\BuildLiteBehavior [ RunTime:0.000011s ]
INFO: [ app_init ] --END-- [ RunTime:0.000260s ]
INFO: [ app_begin ] --START--
INFO: Run Behavior\ReadHtmlCacheBehavior [ RunTime:0.000314s ]
INFO: [ app_begin ] --END-- [ RunTime:0.000351s ]
SQL: SHOW COLUMNS FROM `qm_qd` [ RunTime:0.0007s ]
SQL: SELECT * FROM `qm_qd` WHERE ( id=15 ) LIMIT 1   [ RunTime:0.0001s ]

[ 2018-11-03T11:34:10+08:00 ] 223.104.2.163 /index.php/Api/Index/lblist
INFO: [ app_init ] --START--
INFO: Run Behavior\BuildLiteBehavior [ RunTime:0.000011s ]
INFO: [ app_init ] --END-- [ RunTime:0.000225s ]
INFO: [ app_begin ] --START--
INFO: Run Behavior\ReadHtmlCacheBehavior [ RunTime:0.000265s ]
INFO: [ app_begin ] --END-- [ RunTime:0.000301s ]
SQL: SHOW COLUMNS FROM `qm_lb` [ RunTime:0.0005s ]
SQL: SELECT * FROM `qm_lb` WHERE ( stat=1 )  [ RunTime:0.0001s ]

[ 2018-11-03T11:34:10+08:00 ] 223.104.2.163 /index.php/Api/Index/zxkz
INFO: [ app_init ] --START--
INFO: Run Behavior\BuildLiteBehavior [ RunTime:0.000010s ]
INFO: [ app_init ] --END-- [ RunTime:0.000223s ]
INFO: [ app_begin ] --START--
INFO: Run Behavior\ReadHtmlCacheBehavior [ RunTime:0.000256s ]
INFO: [ app_begin ] --END-- [ RunTime:0.000288s ]
SQL: SHOW COLUMNS FROM `qm_zxkz` [ RunTime:0.0005s ]
SQL: SELECT * FROM `qm_zxkz` WHERE ( stat=1  ) ORDER BY id desc LIMIT 0,5   [ RunTime:0.0001s ]

[ 2018-11-03T11:34:10+08:00 ] 223.104.2.163 /index.php/Api/Index/xyk
INFO: [ app_init ] --START--
INFO: Run Behavior\BuildLiteBehavior [ RunTime:0.000011s ]
INFO: [ app_init ] --END-- [ RunTime:0.000231s ]
INFO: [ app_begin ] --START--
INFO: Run Behavior\ReadHtmlCacheBehavior [ RunTime:0.000250s ]
INFO: [ app_begin ] --END-- [ RunTime:0.000284s ]
SQL: SHOW COLUMNS FROM `qm_zxkz` [ RunTime:0.0005s ]
SQL: SELECT * FROM `qm_zxkz` WHERE ( stat=2 ) ORDER BY id desc LIMIT 0,5   [ RunTime:0.0001s ]

[ 2018-11-03T11:34:11+08:00 ] 223.104.2.163 /index.php/Api/Index/gh
INFO: [ app_init ] --START--
INFO: Run Behavior\BuildLiteBehavior [ RunTime:0.000010s ]
INFO: [ app_init ] --END-- [ RunTime:0.000208s ]
INFO: [ app_begin ] --START--
INFO: Run Behavior\ReadHtmlCacheBehavior [ RunTime:0.000264s ]
INFO: [ app_begin ] --END-- [ RunTime:0.000302s ]
SQL: SHOW COLUMNS FROM `qm_zxkz` [ RunTime:0.0005s ]
SQL: SELECT * FROM `qm_zxkz` WHERE ( stat=3 ) ORDER BY id desc LIMIT 0,5   [ RunTime:0.0001s ]

[ 2018-11-03T11:34:11+08:00 ] 223.104.2.163 /index.php/Api/Index/ticity
INFO: [ app_init ] --START--
INFO: Run Behavior\BuildLiteBehavior [ RunTime:0.000010s ]
INFO: [ app_init ] --END-- [ RunTime:0.000216s ]
INFO: [ app_begin ] --START--
INFO: Run Behavior\ReadHtmlCacheBehavior [ RunTime:0.000277s ]
INFO: [ app_begin ] --END-- [ RunTime:0.000314s ]
SQL: SHOW COLUMNS FROM `qm_users` [ RunTime:0.0005s ]
SQL: UPDATE `qm_users` SET `city`='德州市' WHERE ( id=17209456 ) [ RunTime:0.0001s ]
INFO: [ app_end ] --START--
INFO: Run Behavior\ShowPageTraceBehavior [ RunTime:0.000316s ]
INFO: [ app_end ] --END-- [ RunTime:0.000348s ]

[ 2018-11-03T11:34:11+08:00 ] 223.104.2.163 /index.php/Api/Index/tjcp
INFO: [ app_init ] --START--
INFO: Run Behavior\BuildLiteBehavior [ RunTime:0.000009s ]
INFO: [ app_init ] --END-- [ RunTime:0.000221s ]
INFO: [ app_begin ] --START--
INFO: Run Behavior\ReadHtmlCacheBehavior [ RunTime:0.000292s ]
INFO: [ app_begin ] --END-- [ RunTime:0.000326s ]
SQL: SHOW COLUMNS FROM `qm_product` [ RunTime:0.0005s ]
SQL: SELECT * FROM `qm_product` WHERE ( iszx=1 )  [ RunTime:0.0001s ]

[ 2018-11-03T11:34:11+08:00 ] 223.104.2.163 /index.php/Api/Index/getggfir
INFO: [ app_init ] --START--
INFO: Run Behavior\BuildLiteBehavior [ RunTime:0.000011s ]
INFO: [ app_init ] --END-- [ RunTime:0.000209s ]
INFO: [ app_begin ] --START--
INFO: Run Behavior\ReadHtmlCacheBehavior [ RunTime:0.000246s ]
INFO: [ app_begin ] --END-- [ RunTime:0.000293s ]
SQL: SHOW COLUMNS FROM `qm_gggl` [ RunTime:0.0005s ]
SQL: SELECT * FROM `qm_gggl` ORDER BY id desc LIMIT 1   [ RunTime:0.0001s ]

[ 2018-11-03T11:34:12+08:00 ] 223.104.2.163 /index.php/Api/Index/getggfir
INFO: [ app_init ] --START--
INFO: Run Behavior\BuildLiteBehavior [ RunTime:0.000012s ]
INFO: [ app_init ] --END-- [ RunTime:0.000213s ]
INFO: [ app_begin ] --START--
INFO: Run Behavior\ReadHtmlCacheBehavior [ RunTime:0.000260s ]
INFO: [ app_begin ] --END-- [ RunTime:0.000297s ]
SQL: SHOW COLUMNS FROM `qm_gggl` [ RunTime:0.0005s ]
SQL: SELECT * FROM `qm_gggl` ORDER BY id desc LIMIT 1   [ RunTime:0.0001s ]

[ 2018-11-03T12:47:41+08:00 ] 117.136.77.237 /index.php/Api/Index/lblist
INFO: [ app_init ] --START--
INFO: Run Behavior\BuildLiteBehavior [ RunTime:0.000012s ]
INFO: [ app_init ] --END-- [ RunTime:0.000255s ]
INFO: [ app_begin ] --START--
INFO: Run Behavior\ReadHtmlCacheBehavior [ RunTime:0.000252s ]
INFO: [ app_begin ] --END-- [ RunTime:0.000283s ]
SQL: SHOW COLUMNS FROM `qm_lb` [ RunTime:0.0010s ]
SQL: SELECT * FROM `qm_lb` WHERE ( stat=1 )  [ RunTime:0.0001s ]

[ 2018-11-03T12:47:41+08:00 ] 117.136.77.237 /index.php/Api/Index/ticity
INFO: [ app_init ] --START--
INFO: Run Behavior\BuildLiteBehavior [ RunTime:0.000023s ]
INFO: [ app_init ] --END-- [ RunTime:0.000276s ]
INFO: [ app_begin ] --START--
INFO: Run Behavior\ReadHtmlCacheBehavior [ RunTime:0.000392s ]
INFO: [ app_begin ] --END-- [ RunTime:0.000437s ]
SQL: SHOW COLUMNS FROM `qm_users` [ RunTime:0.0005s ]
SQL: UPDATE `qm_users` SET `city`='济南市' WHERE ( id=676177 ) [ RunTime:0.0002s ]
INFO: [ app_end ] --START--
INFO: Run Behavior\ShowPageTraceBehavior [ RunTime:0.000295s ]
INFO: [ app_end ] --END-- [ RunTime:0.000325s ]

[ 2018-11-03T12:47:41+08:00 ] 117.136.77.237 /index.php/Api/Index/zxkz
INFO: [ app_init ] --START--
INFO: Run Behavior\BuildLiteBehavior [ RunTime:0.000012s ]
INFO: [ app_init ] --END-- [ RunTime:0.000245s ]
INFO: [ app_begin ] --START--
INFO: Run Behavior\ReadHtmlCacheBehavior [ RunTime:0.000348s ]
INFO: [ app_begin ] --END-- [ RunTime:0.000391s ]
SQL: SHOW COLUMNS FROM `qm_zxkz` [ RunTime:0.0004s ]
SQL: SELECT * FROM `qm_zxkz` WHERE ( stat=1  ) ORDER BY id desc LIMIT 0,5   [ RunTime:0.0001s ]

[ 2018-11-03T12:47:41+08:00 ] 117.136.77.237 /index.php/Api/Index/xyk
INFO: [ app_init ] --START--
INFO: Run Behavior\BuildLiteBehavior [ RunTime:0.000010s ]
INFO: [ app_init ] --END-- [ RunTime:0.000202s ]
INFO: [ app_begin ] --START--
INFO: Run Behavior\ReadHtmlCacheBehavior [ RunTime:0.000252s ]
INFO: [ app_begin ] --END-- [ RunTime:0.000284s ]
SQL: SHOW COLUMNS FROM `qm_zxkz` [ RunTime:0.0004s ]
SQL: SELECT * FROM `qm_zxkz` WHERE ( stat=2 ) ORDER BY id desc LIMIT 0,5   [ RunTime:0.0001s ]

[ 2018-11-03T12:47:41+08:00 ] 117.136.77.237 /index.php/Api/Index/gh
INFO: [ app_init ] --START--
INFO: Run Behavior\BuildLiteBehavior [ RunTime:0.000011s ]
INFO: [ app_init ] --END-- [ RunTime:0.000209s ]
INFO: [ app_begin ] --START--
INFO: Run Behavior\ReadHtmlCacheBehavior [ RunTime:0.000247s ]
INFO: [ app_begin ] --END-- [ RunTime:0.000279s ]
SQL: SHOW COLUMNS FROM `qm_zxkz` [ RunTime:0.0006s ]
SQL: SELECT * FROM `qm_zxkz` WHERE ( stat=3 ) ORDER BY id desc LIMIT 0,5   [ RunTime:0.0001s ]

[ 2018-11-03T12:47:42+08:00 ] 117.136.77.237 /index.php/Api/Index/tjcp
INFO: [ app_init ] --START--
INFO: Run Behavior\BuildLiteBehavior [ RunTime:0.000011s ]
INFO: [ app_init ] --END-- [ RunTime:0.000219s ]
INFO: [ app_begin ] --START--
INFO: Run Behavior\ReadHtmlCacheBehavior [ RunTime:0.000249s ]
INFO: [ app_begin ] --END-- [ RunTime:0.000281s ]
SQL: SHOW COLUMNS FROM `qm_product` [ RunTime:0.0005s ]
SQL: SELECT * FROM `qm_product` WHERE ( iszx=1 )  [ RunTime:0.0001s ]

[ 2018-11-03T12:47:42+08:00 ] 117.136.77.237 /index.php/Api/Index/getggfir
INFO: [ app_init ] --START--
INFO: Run Behavior\BuildLiteBehavior [ RunTime:0.000016s ]
INFO: [ app_init ] --END-- [ RunTime:0.000323s ]
INFO: [ app_begin ] --START--
INFO: Run Behavior\ReadHtmlCacheBehavior [ RunTime:0.000417s ]
INFO: [ app_begin ] --END-- [ RunTime:0.000468s ]
SQL: SHOW COLUMNS FROM `qm_gggl` [ RunTime:0.0005s ]
SQL: SELECT * FROM `qm_gggl` ORDER BY id desc LIMIT 1   [ RunTime:0.0001s ]

[ 2018-11-03T12:47:42+08:00 ] 117.136.77.237 /index.php/Api/Index/getggfir
INFO: [ app_init ] --START--
INFO: Run Behavior\BuildLiteBehavior [ RunTime:0.000014s ]
INFO: [ app_init ] --END-- [ RunTime:0.000293s ]
INFO: [ app_begin ] --START--
INFO: Run Behavior\ReadHtmlCacheBehavior [ RunTime:0.000355s ]
INFO: [ app_begin ] --END-- [ RunTime:0.000454s ]
SQL: SHOW COLUMNS FROM `qm_gggl` [ RunTime:0.0005s ]
SQL: SELECT * FROM `qm_gggl` ORDER BY id desc LIMIT 1   [ RunTime:0.0001s ]

[ 2018-11-03T12:47:59+08:00 ] 117.136.77.237 /index.php/Api/Index/obtaingg
INFO: [ app_init ] --START--
INFO: Run Behavior\BuildLiteBehavior [ RunTime:0.000009s ]
INFO: [ app_init ] --END-- [ RunTime:0.000216s ]
INFO: [ app_begin ] --START--
INFO: Run Behavior\ReadHtmlCacheBehavior [ RunTime:0.000257s ]
INFO: [ app_begin ] --END-- [ RunTime:0.000289s ]
SQL: SHOW COLUMNS FROM `qm_gggl` [ RunTime:0.0004s ]
SQL: SELECT * FROM `qm_gggl` ORDER BY id desc  [ RunTime:0.0001s ]

[ 2018-11-03T12:47:59+08:00 ] 117.136.77.237 /index.php/Api/Index/medata
INFO: [ app_init ] --START--
INFO: Run Behavior\BuildLiteBehavior [ RunTime:0.000009s ]
INFO: [ app_init ] --END-- [ RunTime:0.000208s ]
INFO: [ app_begin ] --START--
INFO: Run Behavior\ReadHtmlCacheBehavior [ RunTime:0.000241s ]
INFO: [ app_begin ] --END-- [ RunTime:0.000282s ]
SQL: SHOW COLUMNS FROM `qm_users` [ RunTime:0.0004s ]
SQL: SELECT * FROM `qm_users` WHERE ( id=676177 ) LIMIT 1   [ RunTime:0.0002s ]

[ 2018-11-03T12:47:59+08:00 ] 117.136.77.237 /index.php/Api/Index/sxlist
INFO: [ app_init ] --START--
INFO: Run Behavior\BuildLiteBehavior [ RunTime:0.000011s ]
INFO: [ app_init ] --END-- [ RunTime:0.000220s ]
INFO: [ app_begin ] --START--
INFO: Run Behavior\ReadHtmlCacheBehavior [ RunTime:0.000257s ]
INFO: [ app_begin ] --END-- [ RunTime:0.000290s ]
SQL: SHOW COLUMNS FROM `qm_sx` [ RunTime:0.0004s ]
SQL: SELECT * FROM `qm_sx` WHERE ( uid=676177 ) ORDER BY id desc  [ RunTime:0.0037s ]

[ 2018-11-03T15:29:41+08:00 ] 117.136.66.171 /index.php/Api/Index/lblist
INFO: [ app_init ] --START--
INFO: Run Behavior\BuildLiteBehavior [ RunTime:0.000011s ]
INFO: [ app_init ] --END-- [ RunTime:0.000203s ]
INFO: [ app_begin ] --START--
INFO: Run Behavior\ReadHtmlCacheBehavior [ RunTime:0.000264s ]
INFO: [ app_begin ] --END-- [ RunTime:0.000297s ]
SQL: SHOW COLUMNS FROM `qm_lb` [ RunTime:0.0005s ]
SQL: SELECT * FROM `qm_lb` WHERE ( stat=1 )  [ RunTime:0.0001s ]

[ 2018-11-03T15:29:42+08:00 ] 117.136.66.171 /index.php/Api/Index/zxkz
INFO: [ app_init ] --START--
INFO: Run Behavior\BuildLiteBehavior [ RunTime:0.000013s ]
INFO: [ app_init ] --END-- [ RunTime:0.000231s ]
INFO: [ app_begin ] --START--
INFO: Run Behavior\ReadHtmlCacheBehavior [ RunTime:0.000249s ]
INFO: [ app_begin ] --END-- [ RunTime:0.000293s ]
SQL: SHOW COLUMNS FROM `qm_zxkz` [ RunTime:0.0005s ]
SQL: SELECT * FROM `qm_zxkz` WHERE ( stat=1  ) ORDER BY id desc LIMIT 0,5   [ RunTime:0.0001s ]

[ 2018-11-03T15:29:43+08:00 ] 117.136.66.171 /index.php/Api/Index/xyk
INFO: [ app_init ] --START--
INFO: Run Behavior\BuildLiteBehavior [ RunTime:0.000009s ]
INFO: [ app_init ] --END-- [ RunTime:0.000232s ]
INFO: [ app_begin ] --START--
INFO: Run Behavior\ReadHtmlCacheBehavior [ RunTime:0.000246s ]
INFO: [ app_begin ] --END-- [ RunTime:0.000283s ]
SQL: SHOW COLUMNS FROM `qm_zxkz` [ RunTime:0.0006s ]
SQL: SELECT * FROM `qm_zxkz` WHERE ( stat=2 ) ORDER BY id desc LIMIT 0,5   [ RunTime:0.0001s ]

[ 2018-11-03T15:29:45+08:00 ] 117.136.66.171 /index.php/Api/Index/gh
INFO: [ app_init ] --START--
INFO: Run Behavior\BuildLiteBehavior [ RunTime:0.000011s ]
INFO: [ app_init ] --END-- [ RunTime:0.000220s ]
INFO: [ app_begin ] --START--
INFO: Run Behavior\ReadHtmlCacheBehavior [ RunTime:0.000410s ]
INFO: [ app_begin ] --END-- [ RunTime:0.000461s ]
SQL: SHOW COLUMNS FROM `qm_zxkz` [ RunTime:0.0006s ]
SQL: SELECT * FROM `qm_zxkz` WHERE ( stat=3 ) ORDER BY id desc LIMIT 0,5   [ RunTime:0.0001s ]

[ 2018-11-03T15:29:47+08:00 ] 117.136.66.171 /index.php/Api/Index/tjcp
INFO: [ app_init ] --START--
INFO: Run Behavior\BuildLiteBehavior [ RunTime:0.000009s ]
INFO: [ app_init ] --END-- [ RunTime:0.000217s ]
INFO: [ app_begin ] --START--
INFO: Run Behavior\ReadHtmlCacheBehavior [ RunTime:0.000295s ]
INFO: [ app_begin ] --END-- [ RunTime:0.000327s ]
SQL: SHOW COLUMNS FROM `qm_product` [ RunTime:0.0007s ]
SQL: SELECT * FROM `qm_product` WHERE ( iszx=1 )  [ RunTime:0.0002s ]

[ 2018-11-03T15:29:48+08:00 ] 117.136.66.171 /index.php/Api/Index/productfl
INFO: [ app_init ] --START--
INFO: Run Behavior\BuildLiteBehavior [ RunTime:0.000010s ]
INFO: [ app_init ] --END-- [ RunTime:0.000206s ]
INFO: [ app_begin ] --START--
INFO: Run Behavior\ReadHtmlCacheBehavior [ RunTime:0.000245s ]
INFO: [ app_begin ] --END-- [ RunTime:0.000277s ]
SQL: SHOW COLUMNS FROM `qm_product` [ RunTime:0.0005s ]
SQL: SELECT * FROM `qm_product` WHERE ( fid=1 ) ORDER BY px asc  [ RunTime:0.0002s ]

[ 2018-11-03T15:29:48+08:00 ] 117.136.66.171 /index.php/Api/Index/productfl
INFO: [ app_init ] --START--
INFO: Run Behavior\BuildLiteBehavior [ RunTime:0.000014s ]
INFO: [ app_init ] --END-- [ RunTime:0.000293s ]
INFO: [ app_begin ] --START--
INFO: Run Behavior\ReadHtmlCacheBehavior [ RunTime:0.000365s ]
INFO: [ app_begin ] --END-- [ RunTime:0.000409s ]
SQL: SHOW COLUMNS FROM `qm_product` [ RunTime:0.0008s ]
SQL: SELECT * FROM `qm_product` WHERE ( fid=2 ) ORDER BY px asc  [ RunTime:0.0001s ]

[ 2018-11-03T15:29:48+08:00 ] 117.136.66.171 /index.php/Api/Index/jxz
INFO: [ app_init ] --START--
INFO: Run Behavior\BuildLiteBehavior [ RunTime:0.000012s ]
INFO: [ app_init ] --END-- [ RunTime:0.000377s ]
INFO: [ app_begin ] --START--
INFO: Run Behavior\ReadHtmlCacheBehavior [ RunTime:0.000310s ]
INFO: [ app_begin ] --END-- [ RunTime:0.000349s ]
SQL: SHOW COLUMNS FROM `qm_jilu` [ RunTime:0.0007s ]
SQL: SELECT * FROM `qm_jilu` WHERE ( `stat` = 3 OR `stat` = 1 OR `stat` = 0 ) AND `uid` = 58203179  [ RunTime:0.0003s ]

[ 2018-11-03T15:29:48+08:00 ] 117.136.66.171 /index.php/Api/Index/ticity
INFO: [ app_init ] --START--
INFO: Run Behavior\BuildLiteBehavior [ RunTime:0.000013s ]
INFO: [ app_init ] --END-- [ RunTime:0.000302s ]
INFO: [ app_begin ] --START--
INFO: Run Behavior\ReadHtmlCacheBehavior [ RunTime:0.000466s ]
INFO: [ app_begin ] --END-- [ RunTime:0.000511s ]
SQL: SHOW COLUMNS FROM `qm_users` [ RunTime:0.0005s ]
SQL: UPDATE `qm_users` SET `city`='泰州市' WHERE ( id=58203179 ) [ RunTime:0.0001s ]
INFO: [ app_end ] --START--
INFO: Run Behavior\ShowPageTraceBehavior [ RunTime:0.000319s ]
INFO: [ app_end ] --END-- [ RunTime:0.000353s ]

[ 2018-11-03T15:29:48+08:00 ] 117.136.66.171 /index.php/Api/Index/getggfir
INFO: [ app_init ] --START--
INFO: Run Behavior\BuildLiteBehavior [ RunTime:0.000012s ]
INFO: [ app_init ] --END-- [ RunTime:0.000312s ]
INFO: [ app_begin ] --START--
INFO: Run Behavior\ReadHtmlCacheBehavior [ RunTime:0.000274s ]
INFO: [ app_begin ] --END-- [ RunTime:0.000312s ]
SQL: SHOW COLUMNS FROM `qm_gggl` [ RunTime:0.0008s ]
SQL: SELECT * FROM `qm_gggl` ORDER BY id desc LIMIT 1   [ RunTime:0.0002s ]

[ 2018-11-03T15:29:48+08:00 ] 117.136.66.171 /index.php/Api/Index/wc
INFO: [ app_init ] --START--
INFO: Run Behavior\BuildLiteBehavior [ RunTime:0.000010s ]
INFO: [ app_init ] --END-- [ RunTime:0.000202s ]
INFO: [ app_begin ] --START--
INFO: Run Behavior\ReadHtmlCacheBehavior [ RunTime:0.000267s ]
INFO: [ app_begin ] --END-- [ RunTime:0.000302s ]
SQL: SHOW COLUMNS FROM `qm_jilu` [ RunTime:0.0005s ]
SQL: SELECT * FROM `qm_jilu` WHERE ( uid=58203179 and stat =2  )  [ RunTime:0.0002s ]

[ 2018-11-03T15:29:49+08:00 ] 117.136.66.171 /index.php/Api/Index/getggfir
INFO: [ app_init ] --START--
INFO: Run Behavior\BuildLiteBehavior [ RunTime:0.000015s ]
INFO: [ app_init ] --END-- [ RunTime:0.000292s ]
INFO: [ app_begin ] --START--
INFO: Run Behavior\ReadHtmlCacheBehavior [ RunTime:0.000356s ]
INFO: [ app_begin ] --END-- [ RunTime:0.000404s ]
SQL: SHOW COLUMNS FROM `qm_gggl` [ RunTime:0.0005s ]
SQL: SELECT * FROM `qm_gggl` ORDER BY id desc LIMIT 1   [ RunTime:0.0001s ]

[ 2018-11-03T15:29:49+08:00 ] 117.136.66.171 /index.php/Api/Index/productfl
INFO: [ app_init ] --START--
INFO: Run Behavior\BuildLiteBehavior [ RunTime:0.000013s ]
INFO: [ app_init ] --END-- [ RunTime:0.000248s ]
INFO: [ app_begin ] --START--
INFO: Run Behavior\ReadHtmlCacheBehavior [ RunTime:0.000265s ]
INFO: [ app_begin ] --END-- [ RunTime:0.000298s ]
SQL: SHOW COLUMNS FROM `qm_product` [ RunTime:0.0005s ]
SQL: SELECT * FROM `qm_product` WHERE ( fid=10 ) ORDER BY px asc  [ RunTime:0.0001s ]

[ 2018-11-03T15:29:49+08:00 ] 117.136.66.171 /index.php/Api/Index/hqhh
INFO: [ app_init ] --START--
INFO: Run Behavior\BuildLiteBehavior [ RunTime:0.000019s ]
INFO: [ app_init ] --END-- [ RunTime:0.000368s ]
INFO: [ app_begin ] --START--
INFO: Run Behavior\ReadHtmlCacheBehavior [ RunTime:0.000626s ]
INFO: [ app_begin ] --END-- [ RunTime:0.000677s ]
SQL: SHOW COLUMNS FROM `qm_hh` [ RunTime:0.0005s ]
SQL: SELECT * FROM `qm_hh` WHERE ( id=1 ) LIMIT 1   [ RunTime:0.0001s ]

[ 2018-11-03T15:37:54+08:00 ] 117.136.66.171 /index.php/Api/Index/lblist
INFO: [ app_init ] --START--
INFO: Run Behavior\BuildLiteBehavior [ RunTime:0.000010s ]
INFO: [ app_init ] --END-- [ RunTime:0.000234s ]
INFO: [ app_begin ] --START--
INFO: Run Behavior\ReadHtmlCacheBehavior [ RunTime:0.000263s ]
INFO: [ app_begin ] --END-- [ RunTime:0.000304s ]
SQL: SHOW COLUMNS FROM `qm_lb` [ RunTime:0.0005s ]
SQL: SELECT * FROM `qm_lb` WHERE ( stat=1 )  [ RunTime:0.0001s ]

[ 2018-11-03T15:37:54+08:00 ] 117.136.66.171 /index.php/Api/Index/zxkz
INFO: [ app_init ] --START--
INFO: Run Behavior\BuildLiteBehavior [ RunTime:0.000011s ]
INFO: [ app_init ] --END-- [ RunTime:0.000263s ]
INFO: [ app_begin ] --START--
INFO: Run Behavior\ReadHtmlCacheBehavior [ RunTime:0.000248s ]
INFO: [ app_begin ] --END-- [ RunTime:0.000279s ]
SQL: SHOW COLUMNS FROM `qm_zxkz` [ RunTime:0.0007s ]
SQL: SELECT * FROM `qm_zxkz` WHERE ( stat=1  ) ORDER BY id desc LIMIT 0,5   [ RunTime:0.0001s ]

[ 2018-11-03T15:37:55+08:00 ] 117.136.66.171 /index.php/Api/Index/xyk
INFO: [ app_init ] --START--
INFO: Run Behavior\BuildLiteBehavior [ RunTime:0.000010s ]
INFO: [ app_init ] --END-- [ RunTime:0.000215s ]
INFO: [ app_begin ] --START--
INFO: Run Behavior\ReadHtmlCacheBehavior [ RunTime:0.000268s ]
INFO: [ app_begin ] --END-- [ RunTime:0.000306s ]
SQL: SHOW COLUMNS FROM `qm_zxkz` [ RunTime:0.0005s ]
SQL: SELECT * FROM `qm_zxkz` WHERE ( stat=2 ) ORDER BY id desc LIMIT 0,5   [ RunTime:0.0001s ]

[ 2018-11-03T15:37:55+08:00 ] 117.136.66.171 /index.php/Api/Index/gh
INFO: [ app_init ] --START--
INFO: Run Behavior\BuildLiteBehavior [ RunTime:0.000011s ]
INFO: [ app_init ] --END-- [ RunTime:0.000216s ]
INFO: [ app_begin ] --START--
INFO: Run Behavior\ReadHtmlCacheBehavior [ RunTime:0.000239s ]
INFO: [ app_begin ] --END-- [ RunTime:0.000271s ]
SQL: SHOW COLUMNS FROM `qm_zxkz` [ RunTime:0.0009s ]
SQL: SELECT * FROM `qm_zxkz` WHERE ( stat=3 ) ORDER BY id desc LIMIT 0,5   [ RunTime:0.0001s ]

[ 2018-11-03T15:37:55+08:00 ] 117.136.66.171 /index.php/Api/Index/ticity
INFO: [ app_init ] --START--
INFO: Run Behavior\BuildLiteBehavior [ RunTime:0.000012s ]
INFO: [ app_init ] --END-- [ RunTime:0.000246s ]
INFO: [ app_begin ] --START--
INFO: Run Behavior\ReadHtmlCacheBehavior [ RunTime:0.000271s ]
INFO: [ app_begin ] --END-- [ RunTime:0.000308s ]
SQL: SHOW COLUMNS FROM `qm_users` [ RunTime:0.0006s ]
SQL: UPDATE `qm_users` SET `city`='泰州市' WHERE ( id=58203179 ) [ RunTime:0.0001s ]
INFO: [ app_end ] --START--
INFO: Run Behavior\ShowPageTraceBehavior [ RunTime:0.000341s ]
INFO: [ app_end ] --END-- [ RunTime:0.000379s ]

[ 2018-11-03T15:37:55+08:00 ] 117.136.66.171 /index.php/Api/Index/tjcp
INFO: [ app_init ] --START--
INFO: Run Behavior\BuildLiteBehavior [ RunTime:0.000012s ]
INFO: [ app_init ] --END-- [ RunTime:0.000209s ]
INFO: [ app_begin ] --START--
INFO: Run Behavior\ReadHtmlCacheBehavior [ RunTime:0.000254s ]
INFO: [ app_begin ] --END-- [ RunTime:0.000304s ]
SQL: SHOW COLUMNS FROM `qm_product` [ RunTime:0.0006s ]
SQL: SELECT * FROM `qm_product` WHERE ( iszx=1 )  [ RunTime:0.0001s ]

[ 2018-11-03T15:37:56+08:00 ] 117.136.66.171 /index.php/Api/Index/getggfir
INFO: [ app_init ] --START--
INFO: Run Behavior\BuildLiteBehavior [ RunTime:0.000010s ]
INFO: [ app_init ] --END-- [ RunTime:0.000228s ]
INFO: [ app_begin ] --START--
INFO: Run Behavior\ReadHtmlCacheBehavior [ RunTime:0.000296s ]
INFO: [ app_begin ] --END-- [ RunTime:0.000338s ]
SQL: SHOW COLUMNS FROM `qm_gggl` [ RunTime:0.0004s ]
SQL: SELECT * FROM `qm_gggl` ORDER BY id desc LIMIT 1   [ RunTime:0.0001s ]

[ 2018-11-03T15:37:57+08:00 ] 117.136.66.171 /index.php/Api/Index/getggfir
INFO: [ app_init ] --START--
INFO: Run Behavior\BuildLiteBehavior [ RunTime:0.000012s ]
INFO: [ app_init ] --END-- [ RunTime:0.000219s ]
INFO: [ app_begin ] --START--
INFO: Run Behavior\ReadHtmlCacheBehavior [ RunTime:0.000270s ]
INFO: [ app_begin ] --END-- [ RunTime:0.000304s ]
SQL: SHOW COLUMNS FROM `qm_gggl` [ RunTime:0.0005s ]
SQL: SELECT * FROM `qm_gggl` ORDER BY id desc LIMIT 1   [ RunTime:0.0001s ]

[ 2018-11-03T15:38:01+08:00 ] 117.136.66.171 /index.php/Api/Index/productfl
INFO: [ app_init ] --START--
INFO: Run Behavior\BuildLiteBehavior [ RunTime:0.000016s ]
INFO: [ app_init ] --END-- [ RunTime:0.000325s ]
INFO: [ app_begin ] --START--
INFO: Run Behavior\ReadHtmlCacheBehavior [ RunTime:0.000363s ]
INFO: [ app_begin ] --END-- [ RunTime:0.000408s ]
SQL: SHOW COLUMNS FROM `qm_product` [ RunTime:0.0007s ]
SQL: SELECT * FROM `qm_product` WHERE ( fid=1 ) ORDER BY px asc  [ RunTime:0.0003s ]

[ 2018-11-03T15:38:01+08:00 ] 117.136.66.171 /index.php/Api/Index/jxz
INFO: [ app_init ] --START--
INFO: Run Behavior\BuildLiteBehavior [ RunTime:0.000017s ]
INFO: [ app_init ] --END-- [ RunTime:0.000313s ]
INFO: [ app_begin ] --START--
INFO: Run Behavior\ReadHtmlCacheBehavior [ RunTime:0.000380s ]
INFO: [ app_begin ] --END-- [ RunTime:0.000427s ]
SQL: SHOW COLUMNS FROM `qm_jilu` [ RunTime:0.0007s ]
SQL: SELECT * FROM `qm_jilu` WHERE ( `stat` = 3 OR `stat` = 1 OR `stat` = 0 ) AND `uid` = 58203179  [ RunTime:0.0001s ]

[ 2018-11-03T15:38:01+08:00 ] 117.136.66.171 /index.php/Api/Index/productfl
INFO: [ app_init ] --START--
INFO: Run Behavior\BuildLiteBehavior [ RunTime:0.000011s ]
INFO: [ app_init ] --END-- [ RunTime:0.000221s ]
INFO: [ app_begin ] --START--
INFO: Run Behavior\ReadHtmlCacheBehavior [ RunTime:0.000277s ]
INFO: [ app_begin ] --END-- [ RunTime:0.000309s ]
SQL: SHOW COLUMNS FROM `qm_product` [ RunTime:0.0006s ]
SQL: SELECT * FROM `qm_product` WHERE ( fid=2 ) ORDER BY px asc  [ RunTime:0.0001s ]

[ 2018-11-03T15:38:01+08:00 ] 117.136.66.171 /index.php/Api/Index/wc
INFO: [ app_init ] --START--
INFO: Run Behavior\BuildLiteBehavior [ RunTime:0.000012s ]
INFO: [ app_init ] --END-- [ RunTime:0.000277s ]
INFO: [ app_begin ] --START--
INFO: Run Behavior\ReadHtmlCacheBehavior [ RunTime:0.000286s ]
INFO: [ app_begin ] --END-- [ RunTime:0.000318s ]
SQL: SHOW COLUMNS FROM `qm_jilu` [ RunTime:0.0005s ]
SQL: SELECT * FROM `qm_jilu` WHERE ( uid=58203179 and stat =2  )  [ RunTime:0.0001s ]

[ 2018-11-03T15:38:02+08:00 ] 117.136.66.171 /index.php/Api/Index/productfl
INFO: [ app_init ] --START--
INFO: Run Behavior\BuildLiteBehavior [ RunTime:0.000016s ]
INFO: [ app_init ] --END-- [ RunTime:0.000451s ]
INFO: [ app_begin ] --START--
INFO: Run Behavior\ReadHtmlCacheBehavior [ RunTime:0.000377s ]
INFO: [ app_begin ] --END-- [ RunTime:0.000422s ]
SQL: SHOW COLUMNS FROM `qm_product` [ RunTime:0.0006s ]
SQL: SELECT * FROM `qm_product` WHERE ( fid=10 ) ORDER BY px asc  [ RunTime:0.0002s ]

[ 2018-11-03T15:38:02+08:00 ] 117.136.66.171 /index.php/Api/Index/hqhh
INFO: [ app_init ] --START--
INFO: Run Behavior\BuildLiteBehavior [ RunTime:0.000011s ]
INFO: [ app_init ] --END-- [ RunTime:0.000235s ]
INFO: [ app_begin ] --START--
INFO: Run Behavior\ReadHtmlCacheBehavior [ RunTime:0.000257s ]
INFO: [ app_begin ] --END-- [ RunTime:0.000293s ]
SQL: SHOW COLUMNS FROM `qm_hh` [ RunTime:0.0006s ]
SQL: SELECT * FROM `qm_hh` WHERE ( id=1 ) LIMIT 1   [ RunTime:0.0001s ]

[ 2018-11-03T18:34:51+08:00 ] 112.224.17.57 /index.php/Api/Index/lblist
INFO: [ app_init ] --START--
INFO: Run Behavior\BuildLiteBehavior [ RunTime:0.000010s ]
INFO: [ app_init ] --END-- [ RunTime:0.000214s ]
INFO: [ app_begin ] --START--
INFO: Run Behavior\ReadHtmlCacheBehavior [ RunTime:0.000253s ]
INFO: [ app_begin ] --END-- [ RunTime:0.000286s ]
SQL: SHOW COLUMNS FROM `qm_lb` [ RunTime:0.0005s ]
SQL: SELECT * FROM `qm_lb` WHERE ( stat=1 )  [ RunTime:0.0001s ]

[ 2018-11-03T18:34:51+08:00 ] 112.224.17.57 /index.php/Api/Index/zxkz
INFO: [ app_init ] --START--
INFO: Run Behavior\BuildLiteBehavior [ RunTime:0.000010s ]
INFO: [ app_init ] --END-- [ RunTime:0.000206s ]
INFO: [ app_begin ] --START--
INFO: Run Behavior\ReadHtmlCacheBehavior [ RunTime:0.000303s ]
INFO: [ app_begin ] --END-- [ RunTime:0.000335s ]
SQL: SHOW COLUMNS FROM `qm_zxkz` [ RunTime:0.0007s ]
SQL: SELECT * FROM `qm_zxkz` WHERE ( stat=1  ) ORDER BY id desc LIMIT 0,5   [ RunTime:0.0001s ]

[ 2018-11-03T18:34:52+08:00 ] 112.224.17.57 /index.php/Api/Index/xyk
INFO: [ app_init ] --START--
INFO: Run Behavior\BuildLiteBehavior [ RunTime:0.000010s ]
INFO: [ app_init ] --END-- [ RunTime:0.000204s ]
INFO: [ app_begin ] --START--
INFO: Run Behavior\ReadHtmlCacheBehavior [ RunTime:0.000265s ]
INFO: [ app_begin ] --END-- [ RunTime:0.000300s ]
SQL: SHOW COLUMNS FROM `qm_zxkz` [ RunTime:0.0005s ]
SQL: SELECT * FROM `qm_zxkz` WHERE ( stat=2 ) ORDER BY id desc LIMIT 0,5   [ RunTime:0.0001s ]

[ 2018-11-03T18:34:52+08:00 ] 112.224.17.57 /index.php/Api/Index/ticity
INFO: [ app_init ] --START--
INFO: Run Behavior\BuildLiteBehavior [ RunTime:0.000010s ]
INFO: [ app_init ] --END-- [ RunTime:0.000326s ]
INFO: [ app_begin ] --START--
INFO: Run Behavior\ReadHtmlCacheBehavior [ RunTime:0.000248s ]
INFO: [ app_begin ] --END-- [ RunTime:0.000280s ]
SQL: SHOW COLUMNS FROM `qm_users` [ RunTime:0.0005s ]
SQL: UPDATE `qm_users` SET `city`='淄博市' WHERE ( id=65708243 ) [ RunTime:0.0002s ]
INFO: [ app_end ] --START--
INFO: Run Behavior\ShowPageTraceBehavior [ RunTime:0.000285s ]
INFO: [ app_end ] --END-- [ RunTime:0.000319s ]

[ 2018-11-03T18:34:52+08:00 ] 112.224.17.57 /index.php/Api/Index/gh
INFO: [ app_init ] --START--
INFO: Run Behavior\BuildLiteBehavior [ RunTime:0.000012s ]
INFO: [ app_init ] --END-- [ RunTime:0.000264s ]
INFO: [ app_begin ] --START--
INFO: Run Behavior\ReadHtmlCacheBehavior [ RunTime:0.000277s ]
INFO: [ app_begin ] --END-- [ RunTime:0.000309s ]
SQL: SHOW COLUMNS FROM `qm_zxkz` [ RunTime:0.0005s ]
SQL: SELECT * FROM `qm_zxkz` WHERE ( stat=3 ) ORDER BY id desc LIMIT 0,5   [ RunTime:0.0001s ]

[ 2018-11-03T18:34:52+08:00 ] 112.224.17.57 /index.php/Api/Index/tjcp
INFO: [ app_init ] --START--
INFO: Run Behavior\BuildLiteBehavior [ RunTime:0.000010s ]
INFO: [ app_init ] --END-- [ RunTime:0.000201s ]
INFO: [ app_begin ] --START--
INFO: Run Behavior\ReadHtmlCacheBehavior [ RunTime:0.000240s ]
INFO: [ app_begin ] --END-- [ RunTime:0.000273s ]
SQL: SHOW COLUMNS FROM `qm_product` [ RunTime:0.0005s ]
SQL: SELECT * FROM `qm_product` WHERE ( iszx=1 )  [ RunTime:0.0001s ]

[ 2018-11-03T18:34:53+08:00 ] 112.224.17.57 /index.php/Api/Index/getggfir
INFO: [ app_init ] --START--
INFO: Run Behavior\BuildLiteBehavior [ RunTime:0.000011s ]
INFO: [ app_init ] --END-- [ RunTime:0.000219s ]
INFO: [ app_begin ] --START--
INFO: Run Behavior\ReadHtmlCacheBehavior [ RunTime:0.000311s ]
INFO: [ app_begin ] --END-- [ RunTime:0.000347s ]
SQL: SHOW COLUMNS FROM `qm_gggl` [ RunTime:0.0005s ]
SQL: SELECT * FROM `qm_gggl` ORDER BY id desc LIMIT 1   [ RunTime:0.0001s ]

[ 2018-11-03T18:34:53+08:00 ] 112.224.17.57 /index.php/Api/Index/getggfir
INFO: [ app_init ] --START--
INFO: Run Behavior\BuildLiteBehavior [ RunTime:0.000015s ]
INFO: [ app_init ] --END-- [ RunTime:0.000277s ]
INFO: [ app_begin ] --START--
INFO: Run Behavior\ReadHtmlCacheBehavior [ RunTime:0.000292s ]
INFO: [ app_begin ] --END-- [ RunTime:0.000334s ]
SQL: SHOW COLUMNS FROM `qm_gggl` [ RunTime:0.0004s ]
SQL: SELECT * FROM `qm_gggl` ORDER BY id desc LIMIT 1   [ RunTime:0.0001s ]

[ 2018-11-03T18:35:05+08:00 ] 112.224.17.57 /index.php/Api/Index/lblist
INFO: [ app_init ] --START--
INFO: Run Behavior\BuildLiteBehavior [ RunTime:0.000010s ]
INFO: [ app_init ] --END-- [ RunTime:0.000213s ]
INFO: [ app_begin ] --START--
INFO: Run Behavior\ReadHtmlCacheBehavior [ RunTime:0.000308s ]
INFO: [ app_begin ] --END-- [ RunTime:0.000345s ]
SQL: SHOW COLUMNS FROM `qm_lb` [ RunTime:0.0005s ]
SQL: SELECT * FROM `qm_lb` WHERE ( stat=1 )  [ RunTime:0.0001s ]

[ 2018-11-03T18:35:05+08:00 ] 112.224.17.57 /index.php/Api/Index/zxkz
INFO: [ app_init ] --START--
INFO: Run Behavior\BuildLiteBehavior [ RunTime:0.000012s ]
INFO: [ app_init ] --END-- [ RunTime:0.000247s ]
INFO: [ app_begin ] --START--
INFO: Run Behavior\ReadHtmlCacheBehavior [ RunTime:0.000307s ]
INFO: [ app_begin ] --END-- [ RunTime:0.000343s ]
SQL: SHOW COLUMNS FROM `qm_zxkz` [ RunTime:0.0005s ]
SQL: SELECT * FROM `qm_zxkz` WHERE ( stat=1  ) ORDER BY id desc LIMIT 0,5   [ RunTime:0.0001s ]

[ 2018-11-03T18:35:05+08:00 ] 112.224.17.57 /index.php/Api/Index/xyk
INFO: [ app_init ] --START--
INFO: Run Behavior\BuildLiteBehavior [ RunTime:0.000014s ]
INFO: [ app_init ] --END-- [ RunTime:0.000307s ]
INFO: [ app_begin ] --START--
INFO: Run Behavior\ReadHtmlCacheBehavior [ RunTime:0.000375s ]
INFO: [ app_begin ] --END-- [ RunTime:0.000421s ]
SQL: SHOW COLUMNS FROM `qm_zxkz` [ RunTime:0.0005s ]
SQL: SELECT * FROM `qm_zxkz` WHERE ( stat=2 ) ORDER BY id desc LIMIT 0,5   [ RunTime:0.0001s ]

[ 2018-11-03T18:35:05+08:00 ] 112.224.17.57 /index.php/Api/Index/ticity
INFO: [ app_init ] --START--
INFO: Run Behavior\BuildLiteBehavior [ RunTime:0.000015s ]
INFO: [ app_init ] --END-- [ RunTime:0.000278s ]
INFO: [ app_begin ] --START--
INFO: Run Behavior\ReadHtmlCacheBehavior [ RunTime:0.000262s ]
INFO: [ app_begin ] --END-- [ RunTime:0.000294s ]
SQL: SHOW COLUMNS FROM `qm_users` [ RunTime:0.0005s ]
SQL: UPDATE `qm_users` SET `city`='淄博市' WHERE ( id=65708243 ) [ RunTime:0.0002s ]
INFO: [ app_end ] --START--
INFO: Run Behavior\ShowPageTraceBehavior [ RunTime:0.000287s ]
INFO: [ app_end ] --END-- [ RunTime:0.000318s ]

[ 2018-11-03T18:35:05+08:00 ] 112.224.17.57 /index.php/Api/Index/gh
INFO: [ app_init ] --START--
INFO: Run Behavior\BuildLiteBehavior [ RunTime:0.000011s ]
INFO: [ app_init ] --END-- [ RunTime:0.000203s ]
INFO: [ app_begin ] --START--
INFO: Run Behavior\ReadHtmlCacheBehavior [ RunTime:0.000270s ]
INFO: [ app_begin ] --END-- [ RunTime:0.000310s ]
SQL: SHOW COLUMNS FROM `qm_zxkz` [ RunTime:0.0005s ]
SQL: SELECT * FROM `qm_zxkz` WHERE ( stat=3 ) ORDER BY id desc LIMIT 0,5   [ RunTime:0.0001s ]

[ 2018-11-03T18:35:05+08:00 ] 112.224.17.57 /index.php/Api/Index/tjcp
INFO: [ app_init ] --START--
INFO: Run Behavior\BuildLiteBehavior [ RunTime:0.000012s ]
INFO: [ app_init ] --END-- [ RunTime:0.000239s ]
INFO: [ app_begin ] --START--
INFO: Run Behavior\ReadHtmlCacheBehavior [ RunTime:0.000257s ]
INFO: [ app_begin ] --END-- [ RunTime:0.000292s ]
SQL: SHOW COLUMNS FROM `qm_product` [ RunTime:0.0006s ]
SQL: SELECT * FROM `qm_product` WHERE ( iszx=1 )  [ RunTime:0.0001s ]

[ 2018-11-03T18:35:06+08:00 ] 112.224.17.57 /index.php/Api/Index/getggfir
INFO: [ app_init ] --START--
INFO: Run Behavior\BuildLiteBehavior [ RunTime:0.000011s ]
INFO: [ app_init ] --END-- [ RunTime:0.000206s ]
INFO: [ app_begin ] --START--
INFO: Run Behavior\ReadHtmlCacheBehavior [ RunTime:0.000261s ]
INFO: [ app_begin ] --END-- [ RunTime:0.000296s ]
SQL: SHOW COLUMNS FROM `qm_gggl` [ RunTime:0.0004s ]
SQL: SELECT * FROM `qm_gggl` ORDER BY id desc LIMIT 1   [ RunTime:0.0001s ]

[ 2018-11-03T18:35:06+08:00 ] 112.224.17.57 /index.php/Api/Index/getggfir
INFO: [ app_init ] --START--
INFO: Run Behavior\BuildLiteBehavior [ RunTime:0.000012s ]
INFO: [ app_init ] --END-- [ RunTime:0.000222s ]
INFO: [ app_begin ] --START--
INFO: Run Behavior\ReadHtmlCacheBehavior [ RunTime:0.000262s ]
INFO: [ app_begin ] --END-- [ RunTime:0.000294s ]
SQL: SHOW COLUMNS FROM `qm_gggl` [ RunTime:0.0005s ]
SQL: SELECT * FROM `qm_gggl` ORDER BY id desc LIMIT 1   [ RunTime:0.0001s ]

