[ 2018-12-14T00:43:14+08:00 ] 112.232.107.175 /index.php/Api/index/toutiao
INFO: [ app_init ] --START--
INFO: Run Behavior\BuildLiteBehavior [ RunTime:0.000007s ]
INFO: [ app_init ] --END-- [ RunTime:0.000165s ]
INFO: [ app_begin ] --START--
INFO: Run Behavior\ReadHtmlCacheBehavior [ RunTime:0.000220s ]
INFO: [ app_begin ] --END-- [ RunTime:0.000238s ]
SQL: SHOW COLUMNS FROM `qm_toutiao` [ RunTime:0.0005s ]
SQL: SELECT `id`,`name`,`content` FROM `qm_toutiao` ORDER BY id desc LIMIT 0,10   [ RunTime:0.0001s ]

[ 2018-12-14T00:43:14+08:00 ] 112.232.107.175 /index.php/Api/index/fwxx
INFO: [ app_init ] --START--
INFO: Run Behavior\BuildLiteBehavior [ RunTime:0.000006s ]
INFO: [ app_init ] --END-- [ RunTime:0.000179s ]
INFO: [ app_begin ] --START--
INFO: Run Behavior\ReadHtmlCacheBehavior [ RunTime:0.000218s ]
INFO: [ app_begin ] --END-- [ RunTime:0.000237s ]
SQL: SHOW COLUMNS FROM `qm_user` [ RunTime:0.0007s ]
SQL: SELECT * FROM `qm_user` ORDER BY rand() LIMIT 3   [ RunTime:0.0004s ]

[ 2018-12-14T00:43:14+08:00 ] 112.232.107.175 /index.php/Api/index/fuwuyuan
INFO: [ app_init ] --START--
INFO: Run Behavior\BuildLiteBehavior [ RunTime:0.000006s ]
INFO: [ app_init ] --END-- [ RunTime:0.000200s ]
INFO: [ app_begin ] --START--
INFO: Run Behavior\ReadHtmlCacheBehavior [ RunTime:0.000226s ]
INFO: [ app_begin ] --END-- [ RunTime:0.000246s ]
SQL: SHOW COLUMNS FROM `qm_user` [ RunTime:0.0006s ]
SQL: SELECT * FROM `qm_user` WHERE ( fbzt>0 ) ORDER BY id desc LIMIT 0,6   [ RunTime:0.0001s ]
SQL: SHOW COLUMNS FROM `qm_grdt` [ RunTime:0.0005s ]
SQL: SELECT `image` FROM `qm_grdt` WHERE ( uid=8 ) LIMIT 1   [ RunTime:0.0000s ]

[ 2018-12-14T00:43:14+08:00 ] 112.232.107.175 /index.php/Api/index/lunbo
INFO: [ app_init ] --START--
INFO: Run Behavior\BuildLiteBehavior [ RunTime:0.000006s ]
INFO: [ app_init ] --END-- [ RunTime:0.000169s ]
INFO: [ app_begin ] --START--
INFO: Run Behavior\ReadHtmlCacheBehavior [ RunTime:0.000260s ]
INFO: [ app_begin ] --END-- [ RunTime:0.000281s ]
SQL: SHOW COLUMNS FROM `qm_lb` [ RunTime:0.0004s ]
SQL: SELECT * FROM `qm_lb` WHERE ( stat=0 )  [ RunTime:0.0001s ]

[ 2018-12-14T00:43:22+08:00 ] 112.232.107.175 /index.php/Api/index/fuwuyuanxq?id=8
INFO: [ app_init ] --START--
INFO: Run Behavior\BuildLiteBehavior [ RunTime:0.000007s ]
INFO: [ app_init ] --END-- [ RunTime:0.000164s ]
INFO: [ app_begin ] --START--
INFO: Run Behavior\ReadHtmlCacheBehavior [ RunTime:0.000223s ]
INFO: [ app_begin ] --END-- [ RunTime:0.000241s ]
SQL: SHOW COLUMNS FROM `qm_user` [ RunTime:0.0006s ]
SQL: SELECT * FROM `qm_user` WHERE ( id=8 )  [ RunTime:0.0001s ]
SQL: SELECT `pic` FROM `qm_user` ORDER BY rand() LIMIT 8   [ RunTime:0.0002s ]
SQL: SHOW COLUMNS FROM `qm_grdt` [ RunTime:0.0003s ]
SQL: SELECT `image` FROM `qm_grdt` WHERE ( uid=8 ) LIMIT 1   [ RunTime:0.0000s ]

[ 2018-12-14T07:15:45+08:00 ] 117.136.77.29 /index.php/Api/index/fuwuyuan
INFO: [ app_init ] --START--
INFO: Run Behavior\BuildLiteBehavior [ RunTime:0.000010s ]
INFO: [ app_init ] --END-- [ RunTime:0.012848s ]
INFO: [ app_begin ] --START--
INFO: Run Behavior\ReadHtmlCacheBehavior [ RunTime:0.001557s ]
INFO: [ app_begin ] --END-- [ RunTime:0.001590s ]
SQL: SHOW COLUMNS FROM `qm_user` [ RunTime:0.0321s ]
SQL: SELECT * FROM `qm_user` WHERE ( fbzt>0 ) ORDER BY id desc LIMIT 0,6   [ RunTime:0.0003s ]
SQL: SHOW COLUMNS FROM `qm_grdt` [ RunTime:0.0500s ]
SQL: SELECT `image` FROM `qm_grdt` WHERE ( uid=8 ) LIMIT 1   [ RunTime:0.0002s ]

[ 2018-12-14T07:15:45+08:00 ] 117.136.77.29 /index.php/Api/index/lunbo
INFO: [ app_init ] --START--
INFO: Run Behavior\BuildLiteBehavior [ RunTime:0.000013s ]
INFO: [ app_init ] --END-- [ RunTime:0.012848s ]
INFO: [ app_begin ] --START--
INFO: Run Behavior\ReadHtmlCacheBehavior [ RunTime:0.001586s ]
INFO: [ app_begin ] --END-- [ RunTime:0.001626s ]
SQL: SHOW COLUMNS FROM `qm_lb` [ RunTime:0.0176s ]
SQL: SELECT * FROM `qm_lb` WHERE ( stat=0 )  [ RunTime:0.0002s ]

[ 2018-12-14T07:15:45+08:00 ] 117.136.77.29 /index.php/Api/index/fwxx
INFO: [ app_init ] --START--
INFO: Run Behavior\BuildLiteBehavior [ RunTime:0.000009s ]
INFO: [ app_init ] --END-- [ RunTime:0.013112s ]
INFO: [ app_begin ] --START--
INFO: Run Behavior\ReadHtmlCacheBehavior [ RunTime:0.001977s ]
INFO: [ app_begin ] --END-- [ RunTime:0.002004s ]
SQL: SHOW COLUMNS FROM `qm_user` [ RunTime:0.0005s ]
SQL: SELECT * FROM `qm_user` ORDER BY rand() LIMIT 3   [ RunTime:0.0004s ]

[ 2018-12-14T07:15:45+08:00 ] 117.136.77.29 /index.php/Api/index/toutiao
INFO: [ app_init ] --START--
INFO: Run Behavior\BuildLiteBehavior [ RunTime:0.000010s ]
INFO: [ app_init ] --END-- [ RunTime:0.013142s ]
INFO: [ app_begin ] --START--
INFO: Run Behavior\ReadHtmlCacheBehavior [ RunTime:0.001840s ]
INFO: [ app_begin ] --END-- [ RunTime:0.001895s ]
SQL: SHOW COLUMNS FROM `qm_toutiao` [ RunTime:0.0102s ]
SQL: SELECT `id`,`name`,`content` FROM `qm_toutiao` ORDER BY id desc LIMIT 0,10   [ RunTime:0.0001s ]

[ 2018-12-14T07:16:13+08:00 ] 117.136.77.29 /index.php/Api/index/toutiao
INFO: [ app_init ] --START--
INFO: Run Behavior\BuildLiteBehavior [ RunTime:0.000006s ]
INFO: [ app_init ] --END-- [ RunTime:0.000189s ]
INFO: [ app_begin ] --START--
INFO: Run Behavior\ReadHtmlCacheBehavior [ RunTime:0.000224s ]
INFO: [ app_begin ] --END-- [ RunTime:0.000244s ]
SQL: SHOW COLUMNS FROM `qm_toutiao` [ RunTime:0.0008s ]
SQL: SELECT `id`,`name`,`content` FROM `qm_toutiao` ORDER BY id desc LIMIT 0,10   [ RunTime:0.0001s ]

[ 2018-12-14T07:16:13+08:00 ] 117.136.77.29 /index.php/Api/index/fuwuyuan
INFO: [ app_init ] --START--
INFO: Run Behavior\BuildLiteBehavior [ RunTime:0.000011s ]
INFO: [ app_init ] --END-- [ RunTime:0.000231s ]
INFO: [ app_begin ] --START--
INFO: Run Behavior\ReadHtmlCacheBehavior [ RunTime:0.000233s ]
INFO: [ app_begin ] --END-- [ RunTime:0.000253s ]
SQL: SHOW COLUMNS FROM `qm_user` [ RunTime:0.0006s ]
SQL: SELECT * FROM `qm_user` WHERE ( fbzt>0 ) ORDER BY id desc LIMIT 0,6   [ RunTime:0.0001s ]
SQL: SHOW COLUMNS FROM `qm_grdt` [ RunTime:0.0003s ]
SQL: SELECT `image` FROM `qm_grdt` WHERE ( uid=8 ) LIMIT 1   [ RunTime:0.0000s ]

[ 2018-12-14T07:16:13+08:00 ] 117.136.77.29 /index.php/Api/index/fwxx
INFO: [ app_init ] --START--
INFO: Run Behavior\BuildLiteBehavior [ RunTime:0.000007s ]
INFO: [ app_init ] --END-- [ RunTime:0.000188s ]
INFO: [ app_begin ] --START--
INFO: Run Behavior\ReadHtmlCacheBehavior [ RunTime:0.000215s ]
INFO: [ app_begin ] --END-- [ RunTime:0.000233s ]
SQL: SHOW COLUMNS FROM `qm_user` [ RunTime:0.0007s ]
SQL: SELECT * FROM `qm_user` ORDER BY rand() LIMIT 3   [ RunTime:0.0004s ]

[ 2018-12-14T07:16:13+08:00 ] 117.136.77.29 /index.php/Api/index/lunbo
INFO: [ app_init ] --START--
INFO: Run Behavior\BuildLiteBehavior [ RunTime:0.000007s ]
INFO: [ app_init ] --END-- [ RunTime:0.000222s ]
INFO: [ app_begin ] --START--
INFO: Run Behavior\ReadHtmlCacheBehavior [ RunTime:0.000209s ]
INFO: [ app_begin ] --END-- [ RunTime:0.000227s ]
SQL: SHOW COLUMNS FROM `qm_lb` [ RunTime:0.0004s ]
SQL: SELECT * FROM `qm_lb` WHERE ( stat=0 )  [ RunTime:0.0001s ]

[ 2018-12-14T07:17:01+08:00 ] 117.136.77.29 /index.php/Api/index/toutiao
INFO: [ app_init ] --START--
INFO: Run Behavior\BuildLiteBehavior [ RunTime:0.000006s ]
INFO: [ app_init ] --END-- [ RunTime:0.000189s ]
INFO: [ app_begin ] --START--
INFO: Run Behavior\ReadHtmlCacheBehavior [ RunTime:0.000253s ]
INFO: [ app_begin ] --END-- [ RunTime:0.000273s ]
SQL: SHOW COLUMNS FROM `qm_toutiao` [ RunTime:0.0004s ]
SQL: SELECT `id`,`name`,`content` FROM `qm_toutiao` ORDER BY id desc LIMIT 0,10   [ RunTime:0.0001s ]

[ 2018-12-14T07:17:01+08:00 ] 117.136.77.29 /index.php/Api/index/fwxx
INFO: [ app_init ] --START--
INFO: Run Behavior\BuildLiteBehavior [ RunTime:0.000010s ]
INFO: [ app_init ] --END-- [ RunTime:0.000197s ]
INFO: [ app_begin ] --START--
INFO: Run Behavior\ReadHtmlCacheBehavior [ RunTime:0.000221s ]
INFO: [ app_begin ] --END-- [ RunTime:0.000243s ]
SQL: SHOW COLUMNS FROM `qm_user` [ RunTime:0.0006s ]
SQL: SELECT * FROM `qm_user` ORDER BY rand() LIMIT 3   [ RunTime:0.0004s ]

[ 2018-12-14T07:17:01+08:00 ] 117.136.77.29 /index.php/Api/index/fuwuyuan
INFO: [ app_init ] --START--
INFO: Run Behavior\BuildLiteBehavior [ RunTime:0.000010s ]
INFO: [ app_init ] --END-- [ RunTime:0.000248s ]
INFO: [ app_begin ] --START--
INFO: Run Behavior\ReadHtmlCacheBehavior [ RunTime:0.001258s ]
INFO: [ app_begin ] --END-- [ RunTime:0.001280s ]
SQL: SHOW COLUMNS FROM `qm_user` [ RunTime:0.0006s ]
SQL: SELECT * FROM `qm_user` WHERE ( fbzt>0 ) ORDER BY id desc LIMIT 0,6   [ RunTime:0.0001s ]
SQL: SHOW COLUMNS FROM `qm_grdt` [ RunTime:0.0003s ]
SQL: SELECT `image` FROM `qm_grdt` WHERE ( uid=8 ) LIMIT 1   [ RunTime:0.0001s ]

[ 2018-12-14T07:17:01+08:00 ] 117.136.77.29 /index.php/Api/index/lunbo
INFO: [ app_init ] --START--
INFO: Run Behavior\BuildLiteBehavior [ RunTime:0.000012s ]
INFO: [ app_init ] --END-- [ RunTime:0.000280s ]
INFO: [ app_begin ] --START--
INFO: Run Behavior\ReadHtmlCacheBehavior [ RunTime:0.000379s ]
INFO: [ app_begin ] --END-- [ RunTime:0.000407s ]
SQL: SHOW COLUMNS FROM `qm_lb` [ RunTime:0.0006s ]
SQL: SELECT * FROM `qm_lb` WHERE ( stat=0 )  [ RunTime:0.0001s ]

[ 2018-12-14T07:28:51+08:00 ] 117.136.77.29 /index.php/Api/index/fwxx
INFO: [ app_init ] --START--
INFO: Run Behavior\BuildLiteBehavior [ RunTime:0.000009s ]
INFO: [ app_init ] --END-- [ RunTime:0.000231s ]
INFO: [ app_begin ] --START--
INFO: Run Behavior\ReadHtmlCacheBehavior [ RunTime:0.000219s ]
INFO: [ app_begin ] --END-- [ RunTime:0.000238s ]
SQL: SHOW COLUMNS FROM `qm_user` [ RunTime:0.0007s ]
SQL: SELECT * FROM `qm_user` ORDER BY rand() LIMIT 3   [ RunTime:0.0004s ]

[ 2018-12-14T07:28:51+08:00 ] 117.136.77.29 /index.php/Api/index/fuwuyuan
INFO: [ app_init ] --START--
INFO: Run Behavior\BuildLiteBehavior [ RunTime:0.000008s ]
INFO: [ app_init ] --END-- [ RunTime:0.000194s ]
INFO: [ app_begin ] --START--
INFO: Run Behavior\ReadHtmlCacheBehavior [ RunTime:0.000256s ]
INFO: [ app_begin ] --END-- [ RunTime:0.000285s ]
SQL: SHOW COLUMNS FROM `qm_user` [ RunTime:0.0006s ]
SQL: SELECT * FROM `qm_user` WHERE ( fbzt>0 ) ORDER BY id desc LIMIT 0,6   [ RunTime:0.0001s ]
SQL: SHOW COLUMNS FROM `qm_grdt` [ RunTime:0.0003s ]
SQL: SELECT `image` FROM `qm_grdt` WHERE ( uid=8 ) LIMIT 1   [ RunTime:0.0001s ]

[ 2018-12-14T07:28:51+08:00 ] 117.136.77.29 /index.php/Api/index/toutiao
INFO: [ app_init ] --START--
INFO: Run Behavior\BuildLiteBehavior [ RunTime:0.000005s ]
INFO: [ app_init ] --END-- [ RunTime:0.000165s ]
INFO: [ app_begin ] --START--
INFO: Run Behavior\ReadHtmlCacheBehavior [ RunTime:0.000416s ]
INFO: [ app_begin ] --END-- [ RunTime:0.000438s ]
SQL: SHOW COLUMNS FROM `qm_toutiao` [ RunTime:0.0004s ]
SQL: SELECT `id`,`name`,`content` FROM `qm_toutiao` ORDER BY id desc LIMIT 0,10   [ RunTime:0.0000s ]

[ 2018-12-14T07:28:51+08:00 ] 117.136.77.29 /index.php/Api/index/lunbo
INFO: [ app_init ] --START--
INFO: Run Behavior\BuildLiteBehavior [ RunTime:0.000006s ]
INFO: [ app_init ] --END-- [ RunTime:0.000167s ]
INFO: [ app_begin ] --START--
INFO: Run Behavior\ReadHtmlCacheBehavior [ RunTime:0.000225s ]
INFO: [ app_begin ] --END-- [ RunTime:0.000244s ]
SQL: SHOW COLUMNS FROM `qm_lb` [ RunTime:0.0004s ]
SQL: SELECT * FROM `qm_lb` WHERE ( stat=0 )  [ RunTime:0.0001s ]

[ 2018-12-14T07:29:20+08:00 ] 117.136.77.29 /index.php/Api/index/fuwuyuan
INFO: [ app_init ] --START--
INFO: Run Behavior\BuildLiteBehavior [ RunTime:0.000010s ]
INFO: [ app_init ] --END-- [ RunTime:0.000279s ]
INFO: [ app_begin ] --START--
INFO: Run Behavior\ReadHtmlCacheBehavior [ RunTime:0.000338s ]
INFO: [ app_begin ] --END-- [ RunTime:0.000364s ]
SQL: SHOW COLUMNS FROM `qm_user` [ RunTime:0.0006s ]
SQL: SELECT * FROM `qm_user` WHERE ( fbzt>0 ) ORDER BY id desc LIMIT 0,6   [ RunTime:0.0001s ]
SQL: SHOW COLUMNS FROM `qm_grdt` [ RunTime:0.0003s ]
SQL: SELECT `image` FROM `qm_grdt` WHERE ( uid=8 ) LIMIT 1   [ RunTime:0.0000s ]

[ 2018-12-14T07:29:47+08:00 ] 117.136.77.29 /index.php/Api/index/lunbo
INFO: [ app_init ] --START--
INFO: Run Behavior\BuildLiteBehavior [ RunTime:0.000008s ]
INFO: [ app_init ] --END-- [ RunTime:0.000179s ]
INFO: [ app_begin ] --START--
INFO: Run Behavior\ReadHtmlCacheBehavior [ RunTime:0.000231s ]
INFO: [ app_begin ] --END-- [ RunTime:0.000251s ]
SQL: SHOW COLUMNS FROM `qm_lb` [ RunTime:0.0012s ]
SQL: SELECT * FROM `qm_lb` WHERE ( stat=4 )  [ RunTime:0.0002s ]

[ 2018-12-14T07:29:47+08:00 ] 117.136.77.29 /index.php/Api/index/xqbl
INFO: [ app_init ] --START--
INFO: Run Behavior\BuildLiteBehavior [ RunTime:0.000009s ]
INFO: [ app_init ] --END-- [ RunTime:0.000199s ]
INFO: [ app_begin ] --START--
INFO: Run Behavior\ReadHtmlCacheBehavior [ RunTime:0.000213s ]
INFO: [ app_begin ] --END-- [ RunTime:0.000230s ]
SQL: SHOW COLUMNS FROM `qm_fbxq` [ RunTime:0.0064s ]
SQL: SELECT * FROM `qm_fbxq`  [ RunTime:0.0002s ]
SQL: SHOW COLUMNS FROM `qm_user` [ RunTime:0.0004s ]
SQL: SELECT * FROM `qm_user` WHERE ( id=1005 ) LIMIT 1   [ RunTime:0.0002s ]
SQL: SHOW COLUMNS FROM `qm_jineng` [ RunTime:0.0144s ]
SQL: SELECT `jname` FROM `qm_jineng` WHERE ( id=150 ) LIMIT 1   [ RunTime:0.0002s ]
SQL: SELECT * FROM `qm_user` WHERE ( id=1005 ) LIMIT 1   [ RunTime:0.0001s ]
SQL: SELECT `jname` FROM `qm_jineng` WHERE ( id=149 ) LIMIT 1   [ RunTime:0.0001s ]
SQL: SELECT * FROM `qm_user` WHERE ( id=1004 ) LIMIT 1   [ RunTime:0.0002s ]
SQL: SELECT `jname` FROM `qm_jineng` WHERE ( id=148 ) LIMIT 1   [ RunTime:0.0001s ]
SQL: SELECT * FROM `qm_user` WHERE ( id=1004 ) LIMIT 1   [ RunTime:0.0000s ]
SQL: SELECT `jname` FROM `qm_jineng` WHERE ( id=150 ) LIMIT 1   [ RunTime:0.0000s ]
SQL: SELECT * FROM `qm_user` WHERE ( id=8 ) LIMIT 1   [ RunTime:0.0001s ]
SQL: SELECT `jname` FROM `qm_jineng` WHERE ( id=153 ) LIMIT 1   [ RunTime:0.0001s ]
SQL: SELECT * FROM `qm_user` WHERE ( id=8 ) LIMIT 1   [ RunTime:0.0001s ]
SQL: SELECT `jname` FROM `qm_jineng` WHERE ( id=151 ) LIMIT 1   [ RunTime:0.0001s ]
SQL: SELECT * FROM `qm_user` WHERE ( id=1005 ) LIMIT 1   [ RunTime:0.0000s ]
SQL: SELECT `jname` FROM `qm_jineng` WHERE ( id=152 ) LIMIT 1   [ RunTime:0.0001s ]
SQL: SELECT * FROM `qm_user` WHERE ( id=1004 ) LIMIT 1   [ RunTime:0.0000s ]
SQL: SELECT `jname` FROM `qm_jineng` WHERE ( id=147 ) LIMIT 1   [ RunTime:0.0001s ]
SQL: SELECT * FROM `qm_user` WHERE ( id=8 ) LIMIT 1   [ RunTime:0.0000s ]
SQL: SELECT `jname` FROM `qm_jineng` WHERE ( id=146 ) LIMIT 1   [ RunTime:0.0001s ]
SQL: SELECT * FROM `qm_user` WHERE ( id=1005 ) LIMIT 1   [ RunTime:0.0000s ]
SQL: SELECT `jname` FROM `qm_jineng` WHERE ( id=145 ) LIMIT 1   [ RunTime:0.0001s ]
SQL: SELECT * FROM `qm_user` WHERE ( id=8 ) LIMIT 1   [ RunTime:0.0000s ]
SQL: SELECT `jname` FROM `qm_jineng` WHERE ( id=144 ) LIMIT 1   [ RunTime:0.0001s ]
SQL: SELECT * FROM `qm_user` WHERE ( id=1005 ) LIMIT 1   [ RunTime:0.0000s ]
SQL: SELECT `jname` FROM `qm_jineng` WHERE ( id=143 ) LIMIT 1   [ RunTime:0.0001s ]
SQL: SELECT * FROM `qm_user` WHERE ( id=1004 ) LIMIT 1   [ RunTime:0.0000s ]
SQL: SELECT `jname` FROM `qm_jineng` WHERE ( id=142 ) LIMIT 1   [ RunTime:0.0001s ]

[ 2018-12-14T07:29:47+08:00 ] 117.136.77.29 /index.php/Api/index/jnbl
INFO: [ app_init ] --START--
INFO: Run Behavior\BuildLiteBehavior [ RunTime:0.000007s ]
INFO: [ app_init ] --END-- [ RunTime:0.000173s ]
INFO: [ app_begin ] --START--
INFO: Run Behavior\ReadHtmlCacheBehavior [ RunTime:0.000226s ]
INFO: [ app_begin ] --END-- [ RunTime:0.000252s ]
SQL: SHOW COLUMNS FROM `qm_fbjn` [ RunTime:0.0122s ]
SQL: SELECT * FROM `qm_fbjn` WHERE ( fwpl=150 ) LIMIT 0,6   [ RunTime:0.0002s ]
SQL: SHOW COLUMNS FROM `qm_user` [ RunTime:0.0007s ]
SQL: SELECT * FROM `qm_user` WHERE ( id=1005 ) LIMIT 1   [ RunTime:0.0001s ]
SQL: SHOW COLUMNS FROM `qm_jineng` [ RunTime:0.0004s ]
SQL: SELECT `jname` FROM `qm_jineng` WHERE ( id=150 ) LIMIT 1   [ RunTime:0.0001s ]
SQL: SELECT * FROM `qm_user` WHERE ( id=1004 ) LIMIT 1   [ RunTime:0.0000s ]
SQL: SELECT `jname` FROM `qm_jineng` WHERE ( id=150 ) LIMIT 1   [ RunTime:0.0000s ]

[ 2018-12-14T08:32:09+08:00 ] 117.136.77.29 /index.php/Api/index/fuwuyuan
INFO: [ app_init ] --START--
INFO: Run Behavior\BuildLiteBehavior [ RunTime:0.000005s ]
INFO: [ app_init ] --END-- [ RunTime:0.000156s ]
INFO: [ app_begin ] --START--
INFO: Run Behavior\ReadHtmlCacheBehavior [ RunTime:0.000209s ]
INFO: [ app_begin ] --END-- [ RunTime:0.000226s ]
SQL: SHOW COLUMNS FROM `qm_user` [ RunTime:0.0006s ]
SQL: SELECT * FROM `qm_user` WHERE ( fbzt>0 ) ORDER BY id desc LIMIT 0,6   [ RunTime:0.0001s ]
SQL: SHOW COLUMNS FROM `qm_grdt` [ RunTime:0.0003s ]
SQL: SELECT `image` FROM `qm_grdt` WHERE ( uid=8 ) LIMIT 1   [ RunTime:0.0000s ]

[ 2018-12-14T08:32:09+08:00 ] 117.136.77.29 /index.php/Api/index/lunbo
INFO: [ app_init ] --START--
INFO: Run Behavior\BuildLiteBehavior [ RunTime:0.000006s ]
INFO: [ app_init ] --END-- [ RunTime:0.000173s ]
INFO: [ app_begin ] --START--
INFO: Run Behavior\ReadHtmlCacheBehavior [ RunTime:0.000237s ]
INFO: [ app_begin ] --END-- [ RunTime:0.000256s ]
SQL: SHOW COLUMNS FROM `qm_lb` [ RunTime:0.0004s ]
SQL: SELECT * FROM `qm_lb` WHERE ( stat=0 )  [ RunTime:0.0001s ]

[ 2018-12-14T08:32:09+08:00 ] 117.136.77.29 /index.php/Api/index/toutiao
INFO: [ app_init ] --START--
INFO: Run Behavior\BuildLiteBehavior [ RunTime:0.000006s ]
INFO: [ app_init ] --END-- [ RunTime:0.000166s ]
INFO: [ app_begin ] --START--
INFO: Run Behavior\ReadHtmlCacheBehavior [ RunTime:0.000231s ]
INFO: [ app_begin ] --END-- [ RunTime:0.000250s ]
SQL: SHOW COLUMNS FROM `qm_toutiao` [ RunTime:0.0004s ]
SQL: SELECT `id`,`name`,`content` FROM `qm_toutiao` ORDER BY id desc LIMIT 0,10   [ RunTime:0.0001s ]

[ 2018-12-14T08:32:09+08:00 ] 117.136.77.29 /index.php/Api/index/fwxx
INFO: [ app_init ] --START--
INFO: Run Behavior\BuildLiteBehavior [ RunTime:0.000007s ]
INFO: [ app_init ] --END-- [ RunTime:0.000168s ]
INFO: [ app_begin ] --START--
INFO: Run Behavior\ReadHtmlCacheBehavior [ RunTime:0.000262s ]
INFO: [ app_begin ] --END-- [ RunTime:0.000286s ]
SQL: SHOW COLUMNS FROM `qm_user` [ RunTime:0.0007s ]
SQL: SELECT * FROM `qm_user` ORDER BY rand() LIMIT 3   [ RunTime:0.0004s ]

[ 2018-12-14T08:32:35+08:00 ] 117.136.77.29 /index.php/Api/index/lunbo
INFO: [ app_init ] --START--
INFO: Run Behavior\BuildLiteBehavior [ RunTime:0.000007s ]
INFO: [ app_init ] --END-- [ RunTime:0.000181s ]
INFO: [ app_begin ] --START--
INFO: Run Behavior\ReadHtmlCacheBehavior [ RunTime:0.000212s ]
INFO: [ app_begin ] --END-- [ RunTime:0.000230s ]
SQL: SHOW COLUMNS FROM `qm_lb` [ RunTime:0.0004s ]
SQL: SELECT * FROM `qm_lb` WHERE ( stat=1 )  [ RunTime:0.0002s ]

[ 2018-12-14T08:32:35+08:00 ] 117.136.77.29 /index.php/Api/index/fwxx
INFO: [ app_init ] --START--
INFO: Run Behavior\BuildLiteBehavior [ RunTime:0.000009s ]
INFO: [ app_init ] --END-- [ RunTime:0.000179s ]
INFO: [ app_begin ] --START--
INFO: Run Behavior\ReadHtmlCacheBehavior [ RunTime:0.000225s ]
INFO: [ app_begin ] --END-- [ RunTime:0.000243s ]
SQL: SHOW COLUMNS FROM `qm_user` [ RunTime:0.0006s ]
SQL: SELECT * FROM `qm_user` ORDER BY rand() LIMIT 3   [ RunTime:0.0004s ]

[ 2018-12-14T08:32:35+08:00 ] 117.136.77.29 /index.php/Api/index/fuwuyuan
INFO: [ app_init ] --START--
INFO: Run Behavior\BuildLiteBehavior [ RunTime:0.000009s ]
INFO: [ app_init ] --END-- [ RunTime:0.000174s ]
INFO: [ app_begin ] --START--
INFO: Run Behavior\ReadHtmlCacheBehavior [ RunTime:0.000270s ]
INFO: [ app_begin ] --END-- [ RunTime:0.000297s ]
SQL: SHOW COLUMNS FROM `qm_user` [ RunTime:0.0006s ]
SQL: SELECT * FROM `qm_user` WHERE ( fbzt>0 ) ORDER BY id desc LIMIT 0,6   [ RunTime:0.0001s ]
SQL: SHOW COLUMNS FROM `qm_grdt` [ RunTime:0.0003s ]
SQL: SELECT `image` FROM `qm_grdt` WHERE ( uid=8 ) LIMIT 1   [ RunTime:0.0000s ]

[ 2018-12-14T08:32:47+08:00 ] 117.136.77.29 /index.php/Api/index/fuwuyuanxq?id=8
INFO: [ app_init ] --START--
INFO: Run Behavior\BuildLiteBehavior [ RunTime:0.000007s ]
INFO: [ app_init ] --END-- [ RunTime:0.000180s ]
INFO: [ app_begin ] --START--
INFO: Run Behavior\ReadHtmlCacheBehavior [ RunTime:0.000232s ]
INFO: [ app_begin ] --END-- [ RunTime:0.000251s ]
SQL: SHOW COLUMNS FROM `qm_user` [ RunTime:0.0007s ]
SQL: SELECT * FROM `qm_user` WHERE ( id=8 )  [ RunTime:0.0003s ]
SQL: SELECT `pic` FROM `qm_user` ORDER BY rand() LIMIT 8   [ RunTime:0.0003s ]
SQL: SHOW COLUMNS FROM `qm_grdt` [ RunTime:0.0004s ]
SQL: SELECT `image` FROM `qm_grdt` WHERE ( uid=8 ) LIMIT 1   [ RunTime:0.0000s ]

[ 2018-12-14T08:32:59+08:00 ] 117.136.77.29 /index.php/Api/index/fwxx
INFO: [ app_init ] --START--
INFO: Run Behavior\BuildLiteBehavior [ RunTime:0.000008s ]
INFO: [ app_init ] --END-- [ RunTime:0.000240s ]
INFO: [ app_begin ] --START--
INFO: Run Behavior\ReadHtmlCacheBehavior [ RunTime:0.000302s ]
INFO: [ app_begin ] --END-- [ RunTime:0.000326s ]
SQL: SHOW COLUMNS FROM `qm_user` [ RunTime:0.0006s ]
SQL: SELECT * FROM `qm_user` ORDER BY rand() LIMIT 3   [ RunTime:0.0004s ]

[ 2018-12-14T08:32:59+08:00 ] 117.136.77.29 /index.php/Api/index/fuwuyuan
INFO: [ app_init ] --START--
INFO: Run Behavior\BuildLiteBehavior [ RunTime:0.000016s ]
INFO: [ app_init ] --END-- [ RunTime:0.000229s ]
INFO: [ app_begin ] --START--
INFO: Run Behavior\ReadHtmlCacheBehavior [ RunTime:0.000327s ]
INFO: [ app_begin ] --END-- [ RunTime:0.000353s ]
SQL: SHOW COLUMNS FROM `qm_user` [ RunTime:0.0007s ]
SQL: SELECT * FROM `qm_user` WHERE ( fbzt>0 ) ORDER BY id desc LIMIT 0,6   [ RunTime:0.0001s ]
SQL: SHOW COLUMNS FROM `qm_grdt` [ RunTime:0.0003s ]
SQL: SELECT `image` FROM `qm_grdt` WHERE ( uid=8 ) LIMIT 1   [ RunTime:0.0000s ]

[ 2018-12-14T08:32:59+08:00 ] 117.136.77.29 /index.php/Api/index/lunbo
INFO: [ app_init ] --START--
INFO: Run Behavior\BuildLiteBehavior [ RunTime:0.000009s ]
INFO: [ app_init ] --END-- [ RunTime:0.000240s ]
INFO: [ app_begin ] --START--
INFO: Run Behavior\ReadHtmlCacheBehavior [ RunTime:0.000334s ]
INFO: [ app_begin ] --END-- [ RunTime:0.000360s ]
SQL: SHOW COLUMNS FROM `qm_lb` [ RunTime:0.0004s ]
SQL: SELECT * FROM `qm_lb` WHERE ( stat=2 )  [ RunTime:0.0002s ]

[ 2018-12-14T08:33:07+08:00 ] 117.136.77.29 /index.php/Api/index/jnbl
INFO: [ app_init ] --START--
INFO: Run Behavior\BuildLiteBehavior [ RunTime:0.000007s ]
INFO: [ app_init ] --END-- [ RunTime:0.000176s ]
INFO: [ app_begin ] --START--
INFO: Run Behavior\ReadHtmlCacheBehavior [ RunTime:0.000226s ]
INFO: [ app_begin ] --END-- [ RunTime:0.000248s ]
SQL: SHOW COLUMNS FROM `qm_fbjn` [ RunTime:0.0005s ]
SQL: SELECT * FROM `qm_fbjn` WHERE ( fwpl=1 ) LIMIT 0,6   [ RunTime:0.0002s ]

[ 2018-12-14T08:33:13+08:00 ] 117.136.77.29 /index.php/Api/index/jnbl
INFO: [ app_init ] --START--
INFO: Run Behavior\BuildLiteBehavior [ RunTime:0.000006s ]
INFO: [ app_init ] --END-- [ RunTime:0.000203s ]
INFO: [ app_begin ] --START--
INFO: Run Behavior\ReadHtmlCacheBehavior [ RunTime:0.000230s ]
INFO: [ app_begin ] --END-- [ RunTime:0.000250s ]
SQL: SHOW COLUMNS FROM `qm_fbjn` [ RunTime:0.0005s ]
SQL: SELECT * FROM `qm_fbjn` WHERE ( fwpl=3 ) LIMIT 0,6   [ RunTime:0.0002s ]

[ 2018-12-14T08:33:43+08:00 ] 117.136.77.29 /index.php/Api/index/lunbo
INFO: [ app_init ] --START--
INFO: Run Behavior\BuildLiteBehavior [ RunTime:0.000007s ]
INFO: [ app_init ] --END-- [ RunTime:0.000177s ]
INFO: [ app_begin ] --START--
INFO: Run Behavior\ReadHtmlCacheBehavior [ RunTime:0.000219s ]
INFO: [ app_begin ] --END-- [ RunTime:0.000241s ]
SQL: SHOW COLUMNS FROM `qm_lb` [ RunTime:0.0008s ]
SQL: SELECT * FROM `qm_lb` WHERE ( stat=5 )  [ RunTime:0.0003s ]

[ 2018-12-14T08:33:43+08:00 ] 117.136.77.29 /index.php/Api/index/fuwuyuan
INFO: [ app_init ] --START--
INFO: Run Behavior\BuildLiteBehavior [ RunTime:0.000008s ]
INFO: [ app_init ] --END-- [ RunTime:0.000240s ]
INFO: [ app_begin ] --START--
INFO: Run Behavior\ReadHtmlCacheBehavior [ RunTime:0.000338s ]
INFO: [ app_begin ] --END-- [ RunTime:0.000364s ]
SQL: SHOW COLUMNS FROM `qm_user` [ RunTime:0.0008s ]
SQL: SELECT * FROM `qm_user` WHERE ( fbzt>0 ) ORDER BY id desc LIMIT 0,6   [ RunTime:0.0001s ]
SQL: SHOW COLUMNS FROM `qm_grdt` [ RunTime:0.0004s ]
SQL: SELECT `image` FROM `qm_grdt` WHERE ( uid=8 ) LIMIT 1   [ RunTime:0.0000s ]

[ 2018-12-14T08:34:59+08:00 ] 117.136.77.29 /index.php/Api/User/Login
INFO: [ app_init ] --START--
INFO: Run Behavior\BuildLiteBehavior [ RunTime:0.000006s ]
INFO: [ app_init ] --END-- [ RunTime:0.000175s ]
INFO: [ app_begin ] --START--
INFO: Run Behavior\ReadHtmlCacheBehavior [ RunTime:0.000250s ]
INFO: [ app_begin ] --END-- [ RunTime:0.000271s ]
SQL: SHOW COLUMNS FROM `qm_user` [ RunTime:0.0007s ]
SQL: SELECT * FROM `qm_user` WHERE ( phone ='1' ) LIMIT 1   [ RunTime:0.0003s ]

[ 2018-12-14T08:35:06+08:00 ] 117.136.77.29 /index.php/Api/User/Login
INFO: [ app_init ] --START--
INFO: Run Behavior\BuildLiteBehavior [ RunTime:0.000006s ]
INFO: [ app_init ] --END-- [ RunTime:0.000184s ]
INFO: [ app_begin ] --START--
INFO: Run Behavior\ReadHtmlCacheBehavior [ RunTime:0.000231s ]
INFO: [ app_begin ] --END-- [ RunTime:0.000250s ]
SQL: SHOW COLUMNS FROM `qm_user` [ RunTime:0.0006s ]
SQL: SELECT * FROM `qm_user` WHERE ( phone ='123' ) LIMIT 1   [ RunTime:0.0002s ]

[ 2018-12-14T08:35:17+08:00 ] 117.136.77.29 /index.php/Api/User/IsMerber
INFO: [ app_init ] --START--
INFO: Run Behavior\BuildLiteBehavior [ RunTime:0.000006s ]
INFO: [ app_init ] --END-- [ RunTime:0.000163s ]
INFO: [ app_begin ] --START--
INFO: Run Behavior\ReadHtmlCacheBehavior [ RunTime:0.000215s ]
INFO: [ app_begin ] --END-- [ RunTime:0.000235s ]
SQL: SHOW COLUMNS FROM `qm_user` [ RunTime:0.0005s ]
SQL: SELECT * FROM `qm_user` WHERE ( phone ='15063342277' ) LIMIT 1   [ RunTime:0.0002s ]

[ 2018-12-14T08:35:39+08:00 ] 117.136.77.29 /index.php/Api/User/doregister
INFO: [ app_init ] --START--
INFO: Run Behavior\BuildLiteBehavior [ RunTime:0.000007s ]
INFO: [ app_init ] --END-- [ RunTime:0.000206s ]
INFO: [ app_begin ] --START--
INFO: Run Behavior\ReadHtmlCacheBehavior [ RunTime:0.000216s ]
INFO: [ app_begin ] --END-- [ RunTime:0.000237s ]
SQL: SHOW COLUMNS FROM `qm_user` [ RunTime:0.0007s ]
SQL: SELECT * FROM `qm_user` WHERE ( phone ='15063342277' ) LIMIT 1   [ RunTime:0.0001s ]
SQL: SELECT * FROM `qm_user` WHERE ( username ='刘' ) LIMIT 1   [ RunTime:0.0002s ]
SQL: INSERT INTO `qm_user` (`phone`,`username`,`password`,`pic`) VALUES ('15063342277','刘','e10adc3949ba59abbe56e057f20f883e','mr.jpg') [ RunTime:0.0369s ]

[ 2018-12-14T08:35:56+08:00 ] 117.136.77.29 /index.php/Api/User/Login
INFO: [ app_init ] --START--
INFO: Run Behavior\BuildLiteBehavior [ RunTime:0.000007s ]
INFO: [ app_init ] --END-- [ RunTime:0.000167s ]
INFO: [ app_begin ] --START--
INFO: Run Behavior\ReadHtmlCacheBehavior [ RunTime:0.000244s ]
INFO: [ app_begin ] --END-- [ RunTime:0.000263s ]
SQL: SHOW COLUMNS FROM `qm_user` [ RunTime:0.0006s ]
SQL: SELECT * FROM `qm_user` WHERE ( phone ='15063342277' ) LIMIT 1   [ RunTime:0.0002s ]
SQL: UPDATE `qm_user` SET `token`='rFmBxav457C+Nvf8kXH5E/XFj6bqk7cUCfP8Jl182Inr2InaBG6umTcajstCndtUpNNtYFGStclkdNwdX5brFw==' WHERE ( id = 1008 ) [ RunTime:0.0243s ]

[ 2018-12-14T08:36:00+08:00 ] 117.136.77.29 /index.php/Api/index/jnbl
INFO: [ app_init ] --START--
INFO: Run Behavior\BuildLiteBehavior [ RunTime:0.000009s ]
INFO: [ app_init ] --END-- [ RunTime:0.000193s ]
INFO: [ app_begin ] --START--
INFO: Run Behavior\ReadHtmlCacheBehavior [ RunTime:0.000206s ]
INFO: [ app_begin ] --END-- [ RunTime:0.000224s ]
SQL: SHOW COLUMNS FROM `qm_fbjn` [ RunTime:0.0005s ]
SQL: SELECT * FROM `qm_fbjn` WHERE ( fwpl=2 ) LIMIT 0,6   [ RunTime:0.0002s ]

[ 2018-12-14T09:31:09+08:00 ] 112.232.107.175 /index.php/Api/index/fwxx
INFO: [ app_init ] --START--
INFO: Run Behavior\BuildLiteBehavior [ RunTime:0.000007s ]
INFO: [ app_init ] --END-- [ RunTime:0.000190s ]
INFO: [ app_begin ] --START--
INFO: Run Behavior\ReadHtmlCacheBehavior [ RunTime:0.000234s ]
INFO: [ app_begin ] --END-- [ RunTime:0.000254s ]
SQL: SHOW COLUMNS FROM `qm_user` [ RunTime:0.0006s ]
SQL: SELECT * FROM `qm_user` ORDER BY rand() LIMIT 3   [ RunTime:0.0004s ]

[ 2018-12-14T09:31:09+08:00 ] 112.232.107.175 /index.php/Api/index/fuwuyuan
INFO: [ app_init ] --START--
INFO: Run Behavior\BuildLiteBehavior [ RunTime:0.000006s ]
INFO: [ app_init ] --END-- [ RunTime:0.000167s ]
INFO: [ app_begin ] --START--
INFO: Run Behavior\ReadHtmlCacheBehavior [ RunTime:0.000209s ]
INFO: [ app_begin ] --END-- [ RunTime:0.000227s ]
SQL: SHOW COLUMNS FROM `qm_user` [ RunTime:0.0008s ]
SQL: SELECT * FROM `qm_user` WHERE ( fbzt>0 ) ORDER BY id desc LIMIT 0,6   [ RunTime:0.0002s ]
SQL: SHOW COLUMNS FROM `qm_grdt` [ RunTime:0.0004s ]
SQL: SELECT `image` FROM `qm_grdt` WHERE ( uid=8 ) LIMIT 1   [ RunTime:0.0001s ]

[ 2018-12-14T09:31:09+08:00 ] 112.232.107.175 /index.php/Api/index/toutiao
INFO: [ app_init ] --START--
INFO: Run Behavior\BuildLiteBehavior [ RunTime:0.000006s ]
INFO: [ app_init ] --END-- [ RunTime:0.000168s ]
INFO: [ app_begin ] --START--
INFO: Run Behavior\ReadHtmlCacheBehavior [ RunTime:0.007071s ]
INFO: [ app_begin ] --END-- [ RunTime:0.007096s ]
SQL: SHOW COLUMNS FROM `qm_toutiao` [ RunTime:0.0004s ]
SQL: SELECT `id`,`name`,`content` FROM `qm_toutiao` ORDER BY id desc LIMIT 0,10   [ RunTime:0.0001s ]

[ 2018-12-14T09:31:09+08:00 ] 112.232.107.175 /index.php/Api/index/lunbo
INFO: [ app_init ] --START--
INFO: Run Behavior\BuildLiteBehavior [ RunTime:0.000006s ]
INFO: [ app_init ] --END-- [ RunTime:0.000171s ]
INFO: [ app_begin ] --START--
INFO: Run Behavior\ReadHtmlCacheBehavior [ RunTime:0.000220s ]
INFO: [ app_begin ] --END-- [ RunTime:0.000238s ]
SQL: SHOW COLUMNS FROM `qm_lb` [ RunTime:0.0004s ]
SQL: SELECT * FROM `qm_lb` WHERE ( stat=0 )  [ RunTime:0.0001s ]

[ 2018-12-14T11:27:14+08:00 ] 117.136.77.29 /index.php/Api/index/fwxx
INFO: [ app_init ] --START--
INFO: Run Behavior\BuildLiteBehavior [ RunTime:0.000006s ]
INFO: [ app_init ] --END-- [ RunTime:0.000161s ]
INFO: [ app_begin ] --START--
INFO: Run Behavior\ReadHtmlCacheBehavior [ RunTime:0.000236s ]
INFO: [ app_begin ] --END-- [ RunTime:0.000254s ]
SQL: SHOW COLUMNS FROM `qm_user` [ RunTime:0.0009s ]
SQL: SELECT * FROM `qm_user` ORDER BY rand() LIMIT 3   [ RunTime:0.0005s ]

[ 2018-12-14T11:27:14+08:00 ] 117.136.77.29 /index.php/Api/index/fuwuyuan
INFO: [ app_init ] --START--
INFO: Run Behavior\BuildLiteBehavior [ RunTime:0.000005s ]
INFO: [ app_init ] --END-- [ RunTime:0.000158s ]
INFO: [ app_begin ] --START--
INFO: Run Behavior\ReadHtmlCacheBehavior [ RunTime:0.000246s ]
INFO: [ app_begin ] --END-- [ RunTime:0.000267s ]
SQL: SHOW COLUMNS FROM `qm_user` [ RunTime:0.0006s ]
SQL: SELECT * FROM `qm_user` WHERE ( fbzt>0 ) ORDER BY id desc LIMIT 0,6   [ RunTime:0.0001s ]
SQL: SHOW COLUMNS FROM `qm_grdt` [ RunTime:0.0003s ]
SQL: SELECT `image` FROM `qm_grdt` WHERE ( uid=8 ) LIMIT 1   [ RunTime:0.0000s ]

[ 2018-12-14T11:27:14+08:00 ] 117.136.77.29 /index.php/Api/index/lunbo
INFO: [ app_init ] --START--
INFO: Run Behavior\BuildLiteBehavior [ RunTime:0.000005s ]
INFO: [ app_init ] --END-- [ RunTime:0.000166s ]
INFO: [ app_begin ] --START--
INFO: Run Behavior\ReadHtmlCacheBehavior [ RunTime:0.000213s ]
INFO: [ app_begin ] --END-- [ RunTime:0.000231s ]
SQL: SHOW COLUMNS FROM `qm_lb` [ RunTime:0.0007s ]
SQL: SELECT * FROM `qm_lb` WHERE ( stat=0 )  [ RunTime:0.0002s ]

[ 2018-12-14T11:27:14+08:00 ] 117.136.77.29 /index.php/Api/index/toutiao
INFO: [ app_init ] --START--
INFO: Run Behavior\BuildLiteBehavior [ RunTime:0.000006s ]
INFO: [ app_init ] --END-- [ RunTime:0.000158s ]
INFO: [ app_begin ] --START--
INFO: Run Behavior\ReadHtmlCacheBehavior [ RunTime:0.000294s ]
INFO: [ app_begin ] --END-- [ RunTime:0.000323s ]
SQL: SHOW COLUMNS FROM `qm_toutiao` [ RunTime:0.0005s ]
SQL: SELECT `id`,`name`,`content` FROM `qm_toutiao` ORDER BY id desc LIMIT 0,10   [ RunTime:0.0001s ]

[ 2018-12-14T11:38:22+08:00 ] 112.224.33.28 /index.php/Api/index/fuwuyuan
INFO: [ app_init ] --START--
INFO: Run Behavior\BuildLiteBehavior [ RunTime:0.000008s ]
INFO: [ app_init ] --END-- [ RunTime:0.000176s ]
INFO: [ app_begin ] --START--
INFO: Run Behavior\ReadHtmlCacheBehavior [ RunTime:0.000235s ]
INFO: [ app_begin ] --END-- [ RunTime:0.000255s ]
SQL: SHOW COLUMNS FROM `qm_user` [ RunTime:0.0006s ]
SQL: SELECT * FROM `qm_user` WHERE ( fbzt>0 ) ORDER BY id desc LIMIT 0,6   [ RunTime:0.0001s ]
SQL: SHOW COLUMNS FROM `qm_grdt` [ RunTime:0.0003s ]
SQL: SELECT `image` FROM `qm_grdt` WHERE ( uid=8 ) LIMIT 1   [ RunTime:0.0000s ]

[ 2018-12-14T11:38:22+08:00 ] 112.224.33.28 /index.php/Api/index/toutiao
INFO: [ app_init ] --START--
INFO: Run Behavior\BuildLiteBehavior [ RunTime:0.000007s ]
INFO: [ app_init ] --END-- [ RunTime:0.000176s ]
INFO: [ app_begin ] --START--
INFO: Run Behavior\ReadHtmlCacheBehavior [ RunTime:0.000252s ]
INFO: [ app_begin ] --END-- [ RunTime:0.000271s ]
SQL: SHOW COLUMNS FROM `qm_toutiao` [ RunTime:0.0004s ]
SQL: SELECT `id`,`name`,`content` FROM `qm_toutiao` ORDER BY id desc LIMIT 0,10   [ RunTime:0.0000s ]

[ 2018-12-14T11:38:22+08:00 ] 112.224.33.28 /index.php/Api/index/fuwuyuan
INFO: [ app_init ] --START--
INFO: Run Behavior\BuildLiteBehavior [ RunTime:0.000006s ]
INFO: [ app_init ] --END-- [ RunTime:0.000203s ]
INFO: [ app_begin ] --START--
INFO: Run Behavior\ReadHtmlCacheBehavior [ RunTime:0.000258s ]
INFO: [ app_begin ] --END-- [ RunTime:0.000279s ]
SQL: SHOW COLUMNS FROM `qm_user` [ RunTime:0.0006s ]
SQL: SELECT * FROM `qm_user` WHERE ( fbzt>0 ) ORDER BY id desc LIMIT 0,6   [ RunTime:0.0001s ]
SQL: SHOW COLUMNS FROM `qm_grdt` [ RunTime:0.0004s ]
SQL: SELECT `image` FROM `qm_grdt` WHERE ( uid=8 ) LIMIT 1   [ RunTime:0.0000s ]

[ 2018-12-14T11:38:22+08:00 ] 112.224.33.28 /index.php/Api/index/lunbo
INFO: [ app_init ] --START--
INFO: Run Behavior\BuildLiteBehavior [ RunTime:0.000005s ]
INFO: [ app_init ] --END-- [ RunTime:0.000158s ]
INFO: [ app_begin ] --START--
INFO: Run Behavior\ReadHtmlCacheBehavior [ RunTime:0.000245s ]
INFO: [ app_begin ] --END-- [ RunTime:0.000264s ]
SQL: SHOW COLUMNS FROM `qm_lb` [ RunTime:0.0005s ]
SQL: SELECT * FROM `qm_lb` WHERE ( stat=0 )  [ RunTime:0.0001s ]

[ 2018-12-14T11:38:22+08:00 ] 112.224.33.28 /index.php/Api/index/fwxx
INFO: [ app_init ] --START--
INFO: Run Behavior\BuildLiteBehavior [ RunTime:0.000011s ]
INFO: [ app_init ] --END-- [ RunTime:0.000265s ]
INFO: [ app_begin ] --START--
INFO: Run Behavior\ReadHtmlCacheBehavior [ RunTime:0.000323s ]
INFO: [ app_begin ] --END-- [ RunTime:0.000348s ]
SQL: SHOW COLUMNS FROM `qm_user` [ RunTime:0.0010s ]
SQL: SELECT * FROM `qm_user` ORDER BY rand() LIMIT 3   [ RunTime:0.0005s ]

[ 2018-12-14T11:38:59+08:00 ] 112.224.33.28 /index.php/Api/index/lunbo
INFO: [ app_init ] --START--
INFO: Run Behavior\BuildLiteBehavior [ RunTime:0.000006s ]
INFO: [ app_init ] --END-- [ RunTime:0.000162s ]
INFO: [ app_begin ] --START--
INFO: Run Behavior\ReadHtmlCacheBehavior [ RunTime:0.000225s ]
INFO: [ app_begin ] --END-- [ RunTime:0.000243s ]
SQL: SHOW COLUMNS FROM `qm_lb` [ RunTime:0.0005s ]
SQL: SELECT * FROM `qm_lb` WHERE ( stat=1 )  [ RunTime:0.0001s ]

[ 2018-12-14T11:38:59+08:00 ] 112.224.33.28 /index.php/Api/index/fwxx
INFO: [ app_init ] --START--
INFO: Run Behavior\BuildLiteBehavior [ RunTime:0.000006s ]
INFO: [ app_init ] --END-- [ RunTime:0.000175s ]
INFO: [ app_begin ] --START--
INFO: Run Behavior\ReadHtmlCacheBehavior [ RunTime:0.000234s ]
INFO: [ app_begin ] --END-- [ RunTime:0.000252s ]
SQL: SHOW COLUMNS FROM `qm_user` [ RunTime:0.0005s ]
SQL: SELECT * FROM `qm_user` ORDER BY rand() LIMIT 3   [ RunTime:0.0004s ]

[ 2018-12-14T11:38:59+08:00 ] 112.224.33.28 /index.php/Api/index/fuwuyuan
INFO: [ app_init ] --START--
INFO: Run Behavior\BuildLiteBehavior [ RunTime:0.000006s ]
INFO: [ app_init ] --END-- [ RunTime:0.000163s ]
INFO: [ app_begin ] --START--
INFO: Run Behavior\ReadHtmlCacheBehavior [ RunTime:0.000214s ]
INFO: [ app_begin ] --END-- [ RunTime:0.000231s ]
SQL: SHOW COLUMNS FROM `qm_user` [ RunTime:0.0007s ]
SQL: SELECT * FROM `qm_user` WHERE ( fbzt>0 ) ORDER BY id desc LIMIT 0,6   [ RunTime:0.0001s ]
SQL: SHOW COLUMNS FROM `qm_grdt` [ RunTime:0.0004s ]
SQL: SELECT `image` FROM `qm_grdt` WHERE ( uid=8 ) LIMIT 1   [ RunTime:0.0000s ]

[ 2018-12-14T11:39:24+08:00 ] 112.224.33.28 /index.php/Api/index/fuwuyuan
INFO: [ app_init ] --START--
INFO: Run Behavior\BuildLiteBehavior [ RunTime:0.000011s ]
INFO: [ app_init ] --END-- [ RunTime:0.000199s ]
INFO: [ app_begin ] --START--
INFO: Run Behavior\ReadHtmlCacheBehavior [ RunTime:0.000210s ]
INFO: [ app_begin ] --END-- [ RunTime:0.000228s ]
SQL: SHOW COLUMNS FROM `qm_user` [ RunTime:0.0007s ]
SQL: SELECT * FROM `qm_user` WHERE ( fbzt>0 ) ORDER BY id desc LIMIT 0,6   [ RunTime:0.0001s ]
SQL: SHOW COLUMNS FROM `qm_grdt` [ RunTime:0.0003s ]
SQL: SELECT `image` FROM `qm_grdt` WHERE ( uid=8 ) LIMIT 1   [ RunTime:0.0000s ]

[ 2018-12-14T11:39:24+08:00 ] 112.224.33.28 /index.php/Api/index/lunbo
INFO: [ app_init ] --START--
INFO: Run Behavior\BuildLiteBehavior [ RunTime:0.000007s ]
INFO: [ app_init ] --END-- [ RunTime:0.000176s ]
INFO: [ app_begin ] --START--
INFO: Run Behavior\ReadHtmlCacheBehavior [ RunTime:0.000320s ]
INFO: [ app_begin ] --END-- [ RunTime:0.000344s ]
SQL: SHOW COLUMNS FROM `qm_lb` [ RunTime:0.0004s ]
SQL: SELECT * FROM `qm_lb` WHERE ( stat=5 )  [ RunTime:0.0000s ]

[ 2018-12-14T12:11:55+08:00 ] 58.251.121.186 /index.php/Api/User/Login
INFO: [ app_init ] --START--
INFO: Run Behavior\BuildLiteBehavior [ RunTime:0.000010s ]
INFO: [ app_init ] --END-- [ RunTime:0.000240s ]
INFO: [ app_begin ] --START--
INFO: Run Behavior\ReadHtmlCacheBehavior [ RunTime:0.000298s ]
INFO: [ app_begin ] --END-- [ RunTime:0.000322s ]
NOTIC: [8] Undefined index: phone /www/wwwroot/jy.juhuaian.cn/Application/Api/Controller/UserController.class.php 第 298 行.
SQL: SHOW COLUMNS FROM `qm_user` [ RunTime:0.0009s ]
SQL: SELECT * FROM `qm_user` WHERE ( phone ='' ) LIMIT 1   [ RunTime:0.0002s ]
NOTIC: [8] Undefined index: password /www/wwwroot/jy.juhuaian.cn/Application/Api/Controller/UserController.class.php 第 308 行.

[ 2018-12-14T12:27:50+08:00 ] 14.17.3.64 /index.php/Api/index/toutiao
INFO: [ app_init ] --START--
INFO: Run Behavior\BuildLiteBehavior [ RunTime:0.000006s ]
INFO: [ app_init ] --END-- [ RunTime:0.000165s ]
INFO: [ app_begin ] --START--
INFO: Run Behavior\ReadHtmlCacheBehavior [ RunTime:0.000278s ]
INFO: [ app_begin ] --END-- [ RunTime:0.000298s ]
NOTIC: [8] Undefined index: x /www/wwwroot/jy.juhuaian.cn/Application/Api/Controller/IndexController.class.php 第 412 行.
NOTIC: [8] Undefined index: y /www/wwwroot/jy.juhuaian.cn/Application/Api/Controller/IndexController.class.php 第 413 行.
SQL: SHOW COLUMNS FROM `qm_toutiao` [ RunTime:0.0004s ]
SQL: SELECT `id`,`name`,`content` FROM `qm_toutiao` ORDER BY id desc  [ RunTime:0.0002s ]

[ 2018-12-14T12:50:31+08:00 ] 163.177.90.152 /index.php/Api/index/fwxx
INFO: [ app_init ] --START--
INFO: Run Behavior\BuildLiteBehavior [ RunTime:0.000007s ]
INFO: [ app_init ] --END-- [ RunTime:0.000200s ]
INFO: [ app_begin ] --START--
INFO: Run Behavior\ReadHtmlCacheBehavior [ RunTime:0.000216s ]
INFO: [ app_begin ] --END-- [ RunTime:0.000234s ]
SQL: SHOW COLUMNS FROM `qm_user` [ RunTime:0.0006s ]
SQL: SELECT * FROM `qm_user` ORDER BY rand() LIMIT 3   [ RunTime:0.0004s ]

[ 2018-12-14T15:06:13+08:00 ] 223.104.189.204 /index.php/Api/index/toutiao
INFO: [ app_init ] --START--
INFO: Run Behavior\BuildLiteBehavior [ RunTime:0.000008s ]
INFO: [ app_init ] --END-- [ RunTime:0.000219s ]
INFO: [ app_begin ] --START--
INFO: Run Behavior\ReadHtmlCacheBehavior [ RunTime:0.000319s ]
INFO: [ app_begin ] --END-- [ RunTime:0.000340s ]
SQL: SHOW COLUMNS FROM `qm_toutiao` [ RunTime:0.0007s ]
SQL: SELECT `id`,`name`,`content` FROM `qm_toutiao` ORDER BY id desc LIMIT 0,10   [ RunTime:0.0001s ]

[ 2018-12-14T15:06:13+08:00 ] 223.104.189.204 /index.php/Api/index/fwxx
INFO: [ app_init ] --START--
INFO: Run Behavior\BuildLiteBehavior [ RunTime:0.000006s ]
INFO: [ app_init ] --END-- [ RunTime:0.000157s ]
INFO: [ app_begin ] --START--
INFO: Run Behavior\ReadHtmlCacheBehavior [ RunTime:0.000217s ]
INFO: [ app_begin ] --END-- [ RunTime:0.000235s ]
SQL: SHOW COLUMNS FROM `qm_user` [ RunTime:0.0007s ]
SQL: SELECT * FROM `qm_user` ORDER BY rand() LIMIT 3   [ RunTime:0.0004s ]

[ 2018-12-14T15:06:13+08:00 ] 223.104.189.204 /index.php/Api/index/lunbo
INFO: [ app_init ] --START--
INFO: Run Behavior\BuildLiteBehavior [ RunTime:0.000006s ]
INFO: [ app_init ] --END-- [ RunTime:0.000169s ]
INFO: [ app_begin ] --START--
INFO: Run Behavior\ReadHtmlCacheBehavior [ RunTime:0.000218s ]
INFO: [ app_begin ] --END-- [ RunTime:0.000239s ]
SQL: SHOW COLUMNS FROM `qm_lb` [ RunTime:0.0005s ]
SQL: SELECT * FROM `qm_lb` WHERE ( stat=0 )  [ RunTime:0.0001s ]

[ 2018-12-14T15:06:13+08:00 ] 223.104.189.204 /index.php/Api/index/fuwuyuan
INFO: [ app_init ] --START--
INFO: Run Behavior\BuildLiteBehavior [ RunTime:0.000007s ]
INFO: [ app_init ] --END-- [ RunTime:0.000161s ]
INFO: [ app_begin ] --START--
INFO: Run Behavior\ReadHtmlCacheBehavior [ RunTime:0.000247s ]
INFO: [ app_begin ] --END-- [ RunTime:0.000268s ]
SQL: SHOW COLUMNS FROM `qm_user` [ RunTime:0.0007s ]
SQL: SELECT * FROM `qm_user` WHERE ( fbzt>0 ) ORDER BY id desc LIMIT 0,6   [ RunTime:0.0001s ]
SQL: SHOW COLUMNS FROM `qm_grdt` [ RunTime:0.0004s ]
SQL: SELECT `image` FROM `qm_grdt` WHERE ( uid=8 ) LIMIT 1   [ RunTime:0.0000s ]

[ 2018-12-14T15:06:16+08:00 ] 223.104.189.204 /index.php/Api/index/fuwuyuan
INFO: [ app_init ] --START--
INFO: Run Behavior\BuildLiteBehavior [ RunTime:0.000007s ]
INFO: [ app_init ] --END-- [ RunTime:0.000173s ]
INFO: [ app_begin ] --START--
INFO: Run Behavior\ReadHtmlCacheBehavior [ RunTime:0.000227s ]
INFO: [ app_begin ] --END-- [ RunTime:0.000245s ]
SQL: SHOW COLUMNS FROM `qm_user` [ RunTime:0.0007s ]
SQL: SELECT * FROM `qm_user` WHERE ( fbzt>0 ) ORDER BY id desc LIMIT 0,6   [ RunTime:0.0001s ]
SQL: SHOW COLUMNS FROM `qm_grdt` [ RunTime:0.0003s ]
SQL: SELECT `image` FROM `qm_grdt` WHERE ( uid=8 ) LIMIT 1   [ RunTime:0.0000s ]

[ 2018-12-14T16:27:44+08:00 ] 112.230.157.41 /index.php/Api/index/toutiao
INFO: [ app_init ] --START--
INFO: Run Behavior\BuildLiteBehavior [ RunTime:0.000006s ]
INFO: [ app_init ] --END-- [ RunTime:0.000238s ]
INFO: [ app_begin ] --START--
INFO: Run Behavior\ReadHtmlCacheBehavior [ RunTime:0.000238s ]
INFO: [ app_begin ] --END-- [ RunTime:0.000257s ]
SQL: SHOW COLUMNS FROM `qm_toutiao` [ RunTime:0.0005s ]
SQL: SELECT `id`,`name`,`content` FROM `qm_toutiao` ORDER BY id desc LIMIT 0,10   [ RunTime:0.0001s ]

[ 2018-12-14T16:27:44+08:00 ] 112.230.157.41 /index.php/Api/index/fwxx
INFO: [ app_init ] --START--
INFO: Run Behavior\BuildLiteBehavior [ RunTime:0.000008s ]
INFO: [ app_init ] --END-- [ RunTime:0.000206s ]
INFO: [ app_begin ] --START--
INFO: Run Behavior\ReadHtmlCacheBehavior [ RunTime:0.000231s ]
INFO: [ app_begin ] --END-- [ RunTime:0.000249s ]
SQL: SHOW COLUMNS FROM `qm_user` [ RunTime:0.0005s ]
SQL: SELECT * FROM `qm_user` ORDER BY rand() LIMIT 3   [ RunTime:0.0004s ]

[ 2018-12-14T16:27:44+08:00 ] 112.230.157.41 /index.php/Api/index/fuwuyuan
INFO: [ app_init ] --START--
INFO: Run Behavior\BuildLiteBehavior [ RunTime:0.000009s ]
INFO: [ app_init ] --END-- [ RunTime:0.000225s ]
INFO: [ app_begin ] --START--
INFO: Run Behavior\ReadHtmlCacheBehavior [ RunTime:0.000331s ]
INFO: [ app_begin ] --END-- [ RunTime:0.000355s ]
SQL: SHOW COLUMNS FROM `qm_user` [ RunTime:0.0004s ]
SQL: SELECT * FROM `qm_user` WHERE ( fbzt>0 ) ORDER BY id desc LIMIT 0,6   [ RunTime:0.0001s ]
SQL: SHOW COLUMNS FROM `qm_grdt` [ RunTime:0.0005s ]
SQL: SELECT `image` FROM `qm_grdt` WHERE ( uid=8 ) LIMIT 1   [ RunTime:0.0000s ]

[ 2018-12-14T16:27:44+08:00 ] 112.230.157.41 /index.php/Api/index/lunbo
INFO: [ app_init ] --START--
INFO: Run Behavior\BuildLiteBehavior [ RunTime:0.000006s ]
INFO: [ app_init ] --END-- [ RunTime:0.000190s ]
INFO: [ app_begin ] --START--
INFO: Run Behavior\ReadHtmlCacheBehavior [ RunTime:0.000219s ]
INFO: [ app_begin ] --END-- [ RunTime:0.000237s ]
SQL: SHOW COLUMNS FROM `qm_lb` [ RunTime:0.0006s ]
SQL: SELECT * FROM `qm_lb` WHERE ( stat=0 )  [ RunTime:0.0001s ]

[ 2018-12-14T16:31:32+08:00 ] 112.230.157.41 /index.php/Api/index/toutiao
INFO: [ app_init ] --START--
INFO: Run Behavior\BuildLiteBehavior [ RunTime:0.000006s ]
INFO: [ app_init ] --END-- [ RunTime:0.000170s ]
INFO: [ app_begin ] --START--
INFO: Run Behavior\ReadHtmlCacheBehavior [ RunTime:0.000216s ]
INFO: [ app_begin ] --END-- [ RunTime:0.000233s ]
SQL: SHOW COLUMNS FROM `qm_toutiao` [ RunTime:0.0004s ]
SQL: SELECT `id`,`name`,`content` FROM `qm_toutiao` ORDER BY id desc LIMIT 0,10   [ RunTime:0.0000s ]

[ 2018-12-14T16:31:32+08:00 ] 112.230.157.41 /index.php/Api/index/fuwuyuan
INFO: [ app_init ] --START--
INFO: Run Behavior\BuildLiteBehavior [ RunTime:0.000006s ]
INFO: [ app_init ] --END-- [ RunTime:0.000159s ]
INFO: [ app_begin ] --START--
INFO: Run Behavior\ReadHtmlCacheBehavior [ RunTime:0.000219s ]
INFO: [ app_begin ] --END-- [ RunTime:0.000237s ]
SQL: SHOW COLUMNS FROM `qm_user` [ RunTime:0.0006s ]
SQL: SELECT * FROM `qm_user` WHERE ( fbzt>0 ) ORDER BY id desc LIMIT 0,6   [ RunTime:0.0001s ]
SQL: SHOW COLUMNS FROM `qm_grdt` [ RunTime:0.0003s ]
SQL: SELECT `image` FROM `qm_grdt` WHERE ( uid=8 ) LIMIT 1   [ RunTime:0.0000s ]

[ 2018-12-14T16:31:32+08:00 ] 112.230.157.41 /index.php/Api/index/fwxx
INFO: [ app_init ] --START--
INFO: Run Behavior\BuildLiteBehavior [ RunTime:0.000007s ]
INFO: [ app_init ] --END-- [ RunTime:0.000181s ]
INFO: [ app_begin ] --START--
INFO: Run Behavior\ReadHtmlCacheBehavior [ RunTime:0.000227s ]
INFO: [ app_begin ] --END-- [ RunTime:0.000252s ]
SQL: SHOW COLUMNS FROM `qm_user` [ RunTime:0.0006s ]
SQL: SELECT * FROM `qm_user` ORDER BY rand() LIMIT 3   [ RunTime:0.0004s ]

[ 2018-12-14T16:31:32+08:00 ] 112.230.157.41 /index.php/Api/index/lunbo
INFO: [ app_init ] --START--
INFO: Run Behavior\BuildLiteBehavior [ RunTime:0.000005s ]
INFO: [ app_init ] --END-- [ RunTime:0.000170s ]
INFO: [ app_begin ] --START--
INFO: Run Behavior\ReadHtmlCacheBehavior [ RunTime:0.000221s ]
INFO: [ app_begin ] --END-- [ RunTime:0.000240s ]
SQL: SHOW COLUMNS FROM `qm_lb` [ RunTime:0.0004s ]
SQL: SELECT * FROM `qm_lb` WHERE ( stat=0 )  [ RunTime:0.0001s ]

[ 2018-12-14T16:31:38+08:00 ] 112.230.157.41 /index.php/Api/index/xqbl
INFO: [ app_init ] --START--
INFO: Run Behavior\BuildLiteBehavior [ RunTime:0.000007s ]
INFO: [ app_init ] --END-- [ RunTime:0.000181s ]
INFO: [ app_begin ] --START--
INFO: Run Behavior\ReadHtmlCacheBehavior [ RunTime:0.000219s ]
INFO: [ app_begin ] --END-- [ RunTime:0.000237s ]
SQL: SHOW COLUMNS FROM `qm_fbxq` [ RunTime:0.0005s ]
SQL: SELECT * FROM `qm_fbxq`  [ RunTime:0.0001s ]
SQL: SHOW COLUMNS FROM `qm_user` [ RunTime:0.0006s ]
SQL: SELECT * FROM `qm_user` WHERE ( id=1005 ) LIMIT 1   [ RunTime:0.0002s ]
SQL: SHOW COLUMNS FROM `qm_jineng` [ RunTime:0.0003s ]
SQL: SELECT `jname` FROM `qm_jineng` WHERE ( id=150 ) LIMIT 1   [ RunTime:0.0000s ]
SQL: SELECT * FROM `qm_user` WHERE ( id=1005 ) LIMIT 1   [ RunTime:0.0000s ]
SQL: SELECT `jname` FROM `qm_jineng` WHERE ( id=149 ) LIMIT 1   [ RunTime:0.0000s ]
SQL: SELECT * FROM `qm_user` WHERE ( id=1004 ) LIMIT 1   [ RunTime:0.0002s ]
SQL: SELECT `jname` FROM `qm_jineng` WHERE ( id=148 ) LIMIT 1   [ RunTime:0.0000s ]
SQL: SELECT * FROM `qm_user` WHERE ( id=1004 ) LIMIT 1   [ RunTime:0.0000s ]
SQL: SELECT `jname` FROM `qm_jineng` WHERE ( id=150 ) LIMIT 1   [ RunTime:0.0000s ]
SQL: SELECT * FROM `qm_user` WHERE ( id=8 ) LIMIT 1   [ RunTime:0.0001s ]
SQL: SELECT `jname` FROM `qm_jineng` WHERE ( id=153 ) LIMIT 1   [ RunTime:0.0000s ]
SQL: SELECT * FROM `qm_user` WHERE ( id=8 ) LIMIT 1   [ RunTime:0.0000s ]
SQL: SELECT `jname` FROM `qm_jineng` WHERE ( id=151 ) LIMIT 1   [ RunTime:0.0000s ]
SQL: SELECT * FROM `qm_user` WHERE ( id=1005 ) LIMIT 1   [ RunTime:0.0001s ]
SQL: SELECT `jname` FROM `qm_jineng` WHERE ( id=152 ) LIMIT 1   [ RunTime:0.0000s ]
SQL: SELECT * FROM `qm_user` WHERE ( id=1004 ) LIMIT 1   [ RunTime:0.0001s ]
SQL: SELECT `jname` FROM `qm_jineng` WHERE ( id=147 ) LIMIT 1   [ RunTime:0.0000s ]
SQL: SELECT * FROM `qm_user` WHERE ( id=8 ) LIMIT 1   [ RunTime:0.0000s ]
SQL: SELECT `jname` FROM `qm_jineng` WHERE ( id=146 ) LIMIT 1   [ RunTime:0.0000s ]
SQL: SELECT * FROM `qm_user` WHERE ( id=1005 ) LIMIT 1   [ RunTime:0.0000s ]
SQL: SELECT `jname` FROM `qm_jineng` WHERE ( id=145 ) LIMIT 1   [ RunTime:0.0000s ]
SQL: SELECT * FROM `qm_user` WHERE ( id=8 ) LIMIT 1   [ RunTime:0.0000s ]
SQL: SELECT `jname` FROM `qm_jineng` WHERE ( id=144 ) LIMIT 1   [ RunTime:0.0000s ]
SQL: SELECT * FROM `qm_user` WHERE ( id=1005 ) LIMIT 1   [ RunTime:0.0000s ]
SQL: SELECT `jname` FROM `qm_jineng` WHERE ( id=143 ) LIMIT 1   [ RunTime:0.0000s ]
SQL: SELECT * FROM `qm_user` WHERE ( id=1004 ) LIMIT 1   [ RunTime:0.0000s ]
SQL: SELECT `jname` FROM `qm_jineng` WHERE ( id=142 ) LIMIT 1   [ RunTime:0.0000s ]

[ 2018-12-14T16:31:38+08:00 ] 112.230.157.41 /index.php/Api/index/jnbl
INFO: [ app_init ] --START--
INFO: Run Behavior\BuildLiteBehavior [ RunTime:0.000005s ]
INFO: [ app_init ] --END-- [ RunTime:0.000170s ]
INFO: [ app_begin ] --START--
INFO: Run Behavior\ReadHtmlCacheBehavior [ RunTime:0.000208s ]
INFO: [ app_begin ] --END-- [ RunTime:0.000228s ]
SQL: SHOW COLUMNS FROM `qm_fbjn` [ RunTime:0.0004s ]
SQL: SELECT * FROM `qm_fbjn` WHERE ( fwpl=150 ) LIMIT 0,6   [ RunTime:0.0000s ]
SQL: SHOW COLUMNS FROM `qm_user` [ RunTime:0.0005s ]
SQL: SELECT * FROM `qm_user` WHERE ( id=1005 ) LIMIT 1   [ RunTime:0.0001s ]
SQL: SHOW COLUMNS FROM `qm_jineng` [ RunTime:0.0003s ]
SQL: SELECT `jname` FROM `qm_jineng` WHERE ( id=150 ) LIMIT 1   [ RunTime:0.0000s ]
SQL: SELECT * FROM `qm_user` WHERE ( id=1004 ) LIMIT 1   [ RunTime:0.0000s ]
SQL: SELECT `jname` FROM `qm_jineng` WHERE ( id=150 ) LIMIT 1   [ RunTime:0.0000s ]

[ 2018-12-14T16:31:38+08:00 ] 112.230.157.41 /index.php/Api/index/lunbo
INFO: [ app_init ] --START--
INFO: Run Behavior\BuildLiteBehavior [ RunTime:0.000005s ]
INFO: [ app_init ] --END-- [ RunTime:0.000156s ]
INFO: [ app_begin ] --START--
INFO: Run Behavior\ReadHtmlCacheBehavior [ RunTime:0.000257s ]
INFO: [ app_begin ] --END-- [ RunTime:0.000275s ]
SQL: SHOW COLUMNS FROM `qm_lb` [ RunTime:0.0005s ]
SQL: SELECT * FROM `qm_lb` WHERE ( stat=4 )  [ RunTime:0.0001s ]

[ 2018-12-14T16:31:46+08:00 ] 112.230.157.41 /index.php/Api/index/fuwuyuan
INFO: [ app_init ] --START--
INFO: Run Behavior\BuildLiteBehavior [ RunTime:0.000007s ]
INFO: [ app_init ] --END-- [ RunTime:0.000239s ]
INFO: [ app_begin ] --START--
INFO: Run Behavior\ReadHtmlCacheBehavior [ RunTime:0.000257s ]
INFO: [ app_begin ] --END-- [ RunTime:0.000276s ]
SQL: SHOW COLUMNS FROM `qm_user` [ RunTime:0.0007s ]
SQL: SELECT * FROM `qm_user` WHERE ( fbzt>0 ) ORDER BY id desc LIMIT 0,6   [ RunTime:0.0001s ]
SQL: SHOW COLUMNS FROM `qm_grdt` [ RunTime:0.0183s ]
SQL: SELECT `image` FROM `qm_grdt` WHERE ( uid=8 ) LIMIT 1   [ RunTime:0.0001s ]

[ 2018-12-14T16:33:16+08:00 ] 117.136.77.29 /index.php/Api/index/fwxx
INFO: [ app_init ] --START--
INFO: Run Behavior\BuildLiteBehavior [ RunTime:0.000007s ]
INFO: [ app_init ] --END-- [ RunTime:0.000205s ]
INFO: [ app_begin ] --START--
INFO: Run Behavior\ReadHtmlCacheBehavior [ RunTime:0.000208s ]
INFO: [ app_begin ] --END-- [ RunTime:0.000226s ]
SQL: SHOW COLUMNS FROM `qm_user` [ RunTime:0.0007s ]
SQL: SELECT * FROM `qm_user` ORDER BY rand() LIMIT 3   [ RunTime:0.0004s ]

[ 2018-12-14T16:33:16+08:00 ] 117.136.77.29 /index.php/Api/index/toutiao
INFO: [ app_init ] --START--
INFO: Run Behavior\BuildLiteBehavior [ RunTime:0.000006s ]
INFO: [ app_init ] --END-- [ RunTime:0.000173s ]
INFO: [ app_begin ] --START--
INFO: Run Behavior\ReadHtmlCacheBehavior [ RunTime:0.000219s ]
INFO: [ app_begin ] --END-- [ RunTime:0.000241s ]
SQL: SHOW COLUMNS FROM `qm_toutiao` [ RunTime:0.0005s ]
SQL: SELECT `id`,`name`,`content` FROM `qm_toutiao` ORDER BY id desc LIMIT 0,10   [ RunTime:0.0001s ]

[ 2018-12-14T16:33:16+08:00 ] 117.136.77.29 /index.php/Api/index/fuwuyuan
INFO: [ app_init ] --START--
INFO: Run Behavior\BuildLiteBehavior [ RunTime:0.000006s ]
INFO: [ app_init ] --END-- [ RunTime:0.000165s ]
INFO: [ app_begin ] --START--
INFO: Run Behavior\ReadHtmlCacheBehavior [ RunTime:0.000261s ]
INFO: [ app_begin ] --END-- [ RunTime:0.000279s ]
SQL: SHOW COLUMNS FROM `qm_user` [ RunTime:0.0006s ]
SQL: SELECT * FROM `qm_user` WHERE ( fbzt>0 ) ORDER BY id desc LIMIT 0,6   [ RunTime:0.0001s ]
SQL: SHOW COLUMNS FROM `qm_grdt` [ RunTime:0.0003s ]
SQL: SELECT `image` FROM `qm_grdt` WHERE ( uid=8 ) LIMIT 1   [ RunTime:0.0000s ]

[ 2018-12-14T16:33:16+08:00 ] 117.136.77.29 /index.php/Api/index/lunbo
INFO: [ app_init ] --START--
INFO: Run Behavior\BuildLiteBehavior [ RunTime:0.000015s ]
INFO: [ app_init ] --END-- [ RunTime:0.000178s ]
INFO: [ app_begin ] --START--
INFO: Run Behavior\ReadHtmlCacheBehavior [ RunTime:0.000227s ]
INFO: [ app_begin ] --END-- [ RunTime:0.000245s ]
SQL: SHOW COLUMNS FROM `qm_lb` [ RunTime:0.0005s ]
SQL: SELECT * FROM `qm_lb` WHERE ( stat=0 )  [ RunTime:0.0001s ]

[ 2018-12-14T16:35:30+08:00 ] 112.230.157.41 /index.php/Api/index/toutiao
INFO: [ app_init ] --START--
INFO: Run Behavior\BuildLiteBehavior [ RunTime:0.000008s ]
INFO: [ app_init ] --END-- [ RunTime:0.000202s ]
INFO: [ app_begin ] --START--
INFO: Run Behavior\ReadHtmlCacheBehavior [ RunTime:0.000220s ]
INFO: [ app_begin ] --END-- [ RunTime:0.000240s ]
SQL: SHOW COLUMNS FROM `qm_toutiao` [ RunTime:0.0005s ]
SQL: SELECT `id`,`name`,`content` FROM `qm_toutiao` ORDER BY id desc LIMIT 0,10   [ RunTime:0.0001s ]

[ 2018-12-14T16:35:30+08:00 ] 112.230.157.41 /index.php/Api/index/fuwuyuan
INFO: [ app_init ] --START--
INFO: Run Behavior\BuildLiteBehavior [ RunTime:0.000006s ]
INFO: [ app_init ] --END-- [ RunTime:0.000174s ]
INFO: [ app_begin ] --START--
INFO: Run Behavior\ReadHtmlCacheBehavior [ RunTime:0.000258s ]
INFO: [ app_begin ] --END-- [ RunTime:0.000277s ]
SQL: SHOW COLUMNS FROM `qm_user` [ RunTime:0.0006s ]
SQL: SELECT * FROM `qm_user` WHERE ( fbzt>0 ) ORDER BY id desc LIMIT 0,6   [ RunTime:0.0001s ]
SQL: SHOW COLUMNS FROM `qm_grdt` [ RunTime:0.0004s ]
SQL: SELECT `image` FROM `qm_grdt` WHERE ( uid=8 ) LIMIT 1   [ RunTime:0.0000s ]

[ 2018-12-14T16:35:30+08:00 ] 112.230.157.41 /index.php/Api/index/lunbo
INFO: [ app_init ] --START--
INFO: Run Behavior\BuildLiteBehavior [ RunTime:0.000005s ]
INFO: [ app_init ] --END-- [ RunTime:0.000152s ]
INFO: [ app_begin ] --START--
INFO: Run Behavior\ReadHtmlCacheBehavior [ RunTime:0.000207s ]
INFO: [ app_begin ] --END-- [ RunTime:0.000223s ]
SQL: SHOW COLUMNS FROM `qm_lb` [ RunTime:0.0004s ]
SQL: SELECT * FROM `qm_lb` WHERE ( stat=0 )  [ RunTime:0.0001s ]

[ 2018-12-14T16:35:30+08:00 ] 112.230.157.41 /index.php/Api/index/fwxx
INFO: [ app_init ] --START--
INFO: Run Behavior\BuildLiteBehavior [ RunTime:0.000006s ]
INFO: [ app_init ] --END-- [ RunTime:0.000195s ]
INFO: [ app_begin ] --START--
INFO: Run Behavior\ReadHtmlCacheBehavior [ RunTime:0.000278s ]
INFO: [ app_begin ] --END-- [ RunTime:0.000295s ]
SQL: SHOW COLUMNS FROM `qm_user` [ RunTime:0.0006s ]
SQL: SELECT * FROM `qm_user` ORDER BY rand() LIMIT 3   [ RunTime:0.0004s ]

[ 2018-12-14T16:35:37+08:00 ] 112.230.157.41 /index.php/Api/index/fuwuyuan
INFO: [ app_init ] --START--
INFO: Run Behavior\BuildLiteBehavior [ RunTime:0.000007s ]
INFO: [ app_init ] --END-- [ RunTime:0.000176s ]
INFO: [ app_begin ] --START--
INFO: Run Behavior\ReadHtmlCacheBehavior [ RunTime:0.000224s ]
INFO: [ app_begin ] --END-- [ RunTime:0.000249s ]
SQL: SHOW COLUMNS FROM `qm_user` [ RunTime:0.0008s ]
SQL: SELECT * FROM `qm_user` WHERE ( fbzt>0 ) ORDER BY id desc LIMIT 0,6   [ RunTime:0.0001s ]
SQL: SHOW COLUMNS FROM `qm_grdt` [ RunTime:0.0003s ]
SQL: SELECT `image` FROM `qm_grdt` WHERE ( uid=8 ) LIMIT 1   [ RunTime:0.0000s ]

[ 2018-12-14T16:37:37+08:00 ] 112.230.157.41 /index.php/Api/index/fuwuyuan
INFO: [ app_init ] --START--
INFO: Run Behavior\BuildLiteBehavior [ RunTime:0.000006s ]
INFO: [ app_init ] --END-- [ RunTime:0.000164s ]
INFO: [ app_begin ] --START--
INFO: Run Behavior\ReadHtmlCacheBehavior [ RunTime:0.000266s ]
INFO: [ app_begin ] --END-- [ RunTime:0.000285s ]
SQL: SHOW COLUMNS FROM `qm_user` [ RunTime:0.0007s ]
SQL: SELECT * FROM `qm_user` WHERE ( fbzt>0 ) ORDER BY id desc LIMIT 0,6   [ RunTime:0.0001s ]
SQL: SHOW COLUMNS FROM `qm_grdt` [ RunTime:0.0004s ]
SQL: SELECT `image` FROM `qm_grdt` WHERE ( uid=8 ) LIMIT 1   [ RunTime:0.0000s ]

[ 2018-12-14T16:37:37+08:00 ] 112.230.157.41 /index.php/Api/index/lunbo
INFO: [ app_init ] --START--
INFO: Run Behavior\BuildLiteBehavior [ RunTime:0.000006s ]
INFO: [ app_init ] --END-- [ RunTime:0.000161s ]
INFO: [ app_begin ] --START--
INFO: Run Behavior\ReadHtmlCacheBehavior [ RunTime:0.000252s ]
INFO: [ app_begin ] --END-- [ RunTime:0.000272s ]
SQL: SHOW COLUMNS FROM `qm_lb` [ RunTime:0.0004s ]
SQL: SELECT * FROM `qm_lb` WHERE ( stat=0 )  [ RunTime:0.0001s ]

[ 2018-12-14T16:37:37+08:00 ] 112.230.157.41 /index.php/Api/index/toutiao
INFO: [ app_init ] --START--
INFO: Run Behavior\BuildLiteBehavior [ RunTime:0.000005s ]
INFO: [ app_init ] --END-- [ RunTime:0.000163s ]
INFO: [ app_begin ] --START--
INFO: Run Behavior\ReadHtmlCacheBehavior [ RunTime:0.000252s ]
INFO: [ app_begin ] --END-- [ RunTime:0.000272s ]
SQL: SHOW COLUMNS FROM `qm_toutiao` [ RunTime:0.0005s ]
SQL: SELECT `id`,`name`,`content` FROM `qm_toutiao` ORDER BY id desc LIMIT 0,10   [ RunTime:0.0001s ]

[ 2018-12-14T16:37:37+08:00 ] 112.230.157.41 /index.php/Api/index/fwxx
INFO: [ app_init ] --START--
INFO: Run Behavior\BuildLiteBehavior [ RunTime:0.000007s ]
INFO: [ app_init ] --END-- [ RunTime:0.000208s ]
INFO: [ app_begin ] --START--
INFO: Run Behavior\ReadHtmlCacheBehavior [ RunTime:0.000287s ]
INFO: [ app_begin ] --END-- [ RunTime:0.000307s ]
SQL: SHOW COLUMNS FROM `qm_user` [ RunTime:0.0007s ]
SQL: SELECT * FROM `qm_user` ORDER BY rand() LIMIT 3   [ RunTime:0.0004s ]

[ 2018-12-14T16:37:42+08:00 ] 112.230.157.41 /index.php/Api/index/fuwuyuan
INFO: [ app_init ] --START--
INFO: Run Behavior\BuildLiteBehavior [ RunTime:0.000007s ]
INFO: [ app_init ] --END-- [ RunTime:0.000167s ]
INFO: [ app_begin ] --START--
INFO: Run Behavior\ReadHtmlCacheBehavior [ RunTime:0.000232s ]
INFO: [ app_begin ] --END-- [ RunTime:0.000251s ]
SQL: SHOW COLUMNS FROM `qm_user` [ RunTime:0.0007s ]
SQL: SELECT * FROM `qm_user` WHERE ( fbzt>0 ) ORDER BY id desc LIMIT 0,6   [ RunTime:0.0001s ]
SQL: SHOW COLUMNS FROM `qm_grdt` [ RunTime:0.0003s ]
SQL: SELECT `image` FROM `qm_grdt` WHERE ( uid=8 ) LIMIT 1   [ RunTime:0.0000s ]

[ 2018-12-14T16:39:14+08:00 ] 112.230.157.41 /index.php/Api/index/toutiao
INFO: [ app_init ] --START--
INFO: Run Behavior\BuildLiteBehavior [ RunTime:0.000006s ]
INFO: [ app_init ] --END-- [ RunTime:0.000164s ]
INFO: [ app_begin ] --START--
INFO: Run Behavior\ReadHtmlCacheBehavior [ RunTime:0.001285s ]
INFO: [ app_begin ] --END-- [ RunTime:0.001308s ]
SQL: SHOW COLUMNS FROM `qm_toutiao` [ RunTime:0.0004s ]
SQL: SELECT `id`,`name`,`content` FROM `qm_toutiao` ORDER BY id desc LIMIT 0,10   [ RunTime:0.0001s ]

[ 2018-12-14T16:39:14+08:00 ] 112.230.157.41 /index.php/Api/index/fwxx
INFO: [ app_init ] --START--
INFO: Run Behavior\BuildLiteBehavior [ RunTime:0.000006s ]
INFO: [ app_init ] --END-- [ RunTime:0.000153s ]
INFO: [ app_begin ] --START--
INFO: Run Behavior\ReadHtmlCacheBehavior [ RunTime:0.000213s ]
INFO: [ app_begin ] --END-- [ RunTime:0.000231s ]
SQL: SHOW COLUMNS FROM `qm_user` [ RunTime:0.0007s ]
SQL: SELECT * FROM `qm_user` ORDER BY rand() LIMIT 3   [ RunTime:0.0004s ]

[ 2018-12-14T16:39:14+08:00 ] 112.230.157.41 /index.php/Api/index/fuwuyuan
INFO: [ app_init ] --START--
INFO: Run Behavior\BuildLiteBehavior [ RunTime:0.000006s ]
INFO: [ app_init ] --END-- [ RunTime:0.000165s ]
INFO: [ app_begin ] --START--
INFO: Run Behavior\ReadHtmlCacheBehavior [ RunTime:0.000257s ]
INFO: [ app_begin ] --END-- [ RunTime:0.000275s ]
SQL: SHOW COLUMNS FROM `qm_user` [ RunTime:0.0006s ]
SQL: SELECT * FROM `qm_user` WHERE ( fbzt>0 ) ORDER BY id desc LIMIT 0,6   [ RunTime:0.0001s ]
SQL: SHOW COLUMNS FROM `qm_grdt` [ RunTime:0.0004s ]
SQL: SELECT `image` FROM `qm_grdt` WHERE ( uid=8 ) LIMIT 1   [ RunTime:0.0000s ]

[ 2018-12-14T16:39:14+08:00 ] 112.230.157.41 /index.php/Api/index/lunbo
INFO: [ app_init ] --START--
INFO: Run Behavior\BuildLiteBehavior [ RunTime:0.000006s ]
INFO: [ app_init ] --END-- [ RunTime:0.000158s ]
INFO: [ app_begin ] --START--
INFO: Run Behavior\ReadHtmlCacheBehavior [ RunTime:0.000209s ]
INFO: [ app_begin ] --END-- [ RunTime:0.000227s ]
SQL: SHOW COLUMNS FROM `qm_lb` [ RunTime:0.0006s ]
SQL: SELECT * FROM `qm_lb` WHERE ( stat=0 )  [ RunTime:0.0001s ]

[ 2018-12-14T16:39:18+08:00 ] 112.230.157.41 /index.php/Api/index/fuwuyuan
INFO: [ app_init ] --START--
INFO: Run Behavior\BuildLiteBehavior [ RunTime:0.000007s ]
INFO: [ app_init ] --END-- [ RunTime:0.000166s ]
INFO: [ app_begin ] --START--
INFO: Run Behavior\ReadHtmlCacheBehavior [ RunTime:0.000262s ]
INFO: [ app_begin ] --END-- [ RunTime:0.000284s ]
SQL: SHOW COLUMNS FROM `qm_user` [ RunTime:0.0006s ]
SQL: SELECT * FROM `qm_user` WHERE ( fbzt>0 ) ORDER BY id desc LIMIT 0,6   [ RunTime:0.0001s ]
SQL: SHOW COLUMNS FROM `qm_grdt` [ RunTime:0.0004s ]
SQL: SELECT `image` FROM `qm_grdt` WHERE ( uid=8 ) LIMIT 1   [ RunTime:0.0000s ]

[ 2018-12-14T16:39:56+08:00 ] 112.230.157.41 /index.php/Api/index/fuwuyuanxq?id=8
INFO: [ app_init ] --START--
INFO: Run Behavior\BuildLiteBehavior [ RunTime:0.000006s ]
INFO: [ app_init ] --END-- [ RunTime:0.000161s ]
INFO: [ app_begin ] --START--
INFO: Run Behavior\ReadHtmlCacheBehavior [ RunTime:0.000220s ]
INFO: [ app_begin ] --END-- [ RunTime:0.000238s ]
SQL: SHOW COLUMNS FROM `qm_user` [ RunTime:0.0007s ]
SQL: SELECT * FROM `qm_user` WHERE ( id=8 )  [ RunTime:0.0002s ]
SQL: SELECT `pic` FROM `qm_user` ORDER BY rand() LIMIT 8   [ RunTime:0.0002s ]
SQL: SHOW COLUMNS FROM `qm_grdt` [ RunTime:0.0003s ]
SQL: SELECT `image` FROM `qm_grdt` WHERE ( uid=8 ) LIMIT 1   [ RunTime:0.0000s ]

[ 2018-12-14T16:40:06+08:00 ] 112.230.157.41 /index.php/Api/index/fuwuyuanxq?id=8
INFO: [ app_init ] --START--
INFO: Run Behavior\BuildLiteBehavior [ RunTime:0.000013s ]
INFO: [ app_init ] --END-- [ RunTime:0.000194s ]
INFO: [ app_begin ] --START--
INFO: Run Behavior\ReadHtmlCacheBehavior [ RunTime:0.000232s ]
INFO: [ app_begin ] --END-- [ RunTime:0.000250s ]
SQL: SHOW COLUMNS FROM `qm_user` [ RunTime:0.0042s ]
SQL: SELECT * FROM `qm_user` WHERE ( id=8 )  [ RunTime:0.0001s ]
SQL: SELECT `pic` FROM `qm_user` ORDER BY rand() LIMIT 8   [ RunTime:0.0003s ]
SQL: SHOW COLUMNS FROM `qm_grdt` [ RunTime:0.0004s ]
SQL: SELECT `image` FROM `qm_grdt` WHERE ( uid=8 ) LIMIT 1   [ RunTime:0.0000s ]

[ 2018-12-14T16:40:10+08:00 ] 112.230.157.41 /index.php/Api/index/fuwuyuanxq?id=8
INFO: [ app_init ] --START--
INFO: Run Behavior\BuildLiteBehavior [ RunTime:0.000007s ]
INFO: [ app_init ] --END-- [ RunTime:0.000181s ]
INFO: [ app_begin ] --START--
INFO: Run Behavior\ReadHtmlCacheBehavior [ RunTime:0.000252s ]
INFO: [ app_begin ] --END-- [ RunTime:0.000270s ]
SQL: SHOW COLUMNS FROM `qm_user` [ RunTime:0.0006s ]
SQL: SELECT * FROM `qm_user` WHERE ( id=8 )  [ RunTime:0.0001s ]
SQL: SELECT `pic` FROM `qm_user` ORDER BY rand() LIMIT 8   [ RunTime:0.0002s ]
SQL: SHOW COLUMNS FROM `qm_grdt` [ RunTime:0.0003s ]
SQL: SELECT `image` FROM `qm_grdt` WHERE ( uid=8 ) LIMIT 1   [ RunTime:0.0000s ]

[ 2018-12-14T16:40:45+08:00 ] 112.230.157.41 /index.php/Api/index/fwxx
INFO: [ app_init ] --START--
INFO: Run Behavior\BuildLiteBehavior [ RunTime:0.000006s ]
INFO: [ app_init ] --END-- [ RunTime:0.000175s ]
INFO: [ app_begin ] --START--
INFO: Run Behavior\ReadHtmlCacheBehavior [ RunTime:0.000237s ]
INFO: [ app_begin ] --END-- [ RunTime:0.000257s ]
SQL: SHOW COLUMNS FROM `qm_user` [ RunTime:0.0006s ]
SQL: SELECT * FROM `qm_user` ORDER BY rand() LIMIT 3   [ RunTime:0.0004s ]

[ 2018-12-14T16:40:45+08:00 ] 112.230.157.41 /index.php/Api/index/fuwuyuan
INFO: [ app_init ] --START--
INFO: Run Behavior\BuildLiteBehavior [ RunTime:0.000005s ]
INFO: [ app_init ] --END-- [ RunTime:0.000205s ]
INFO: [ app_begin ] --START--
INFO: Run Behavior\ReadHtmlCacheBehavior [ RunTime:0.000217s ]
INFO: [ app_begin ] --END-- [ RunTime:0.000236s ]
SQL: SHOW COLUMNS FROM `qm_user` [ RunTime:0.0006s ]
SQL: SELECT * FROM `qm_user` WHERE ( fbzt>0 ) ORDER BY id desc LIMIT 0,6   [ RunTime:0.0001s ]
SQL: SHOW COLUMNS FROM `qm_grdt` [ RunTime:0.0004s ]
SQL: SELECT `image` FROM `qm_grdt` WHERE ( uid=8 ) LIMIT 1   [ RunTime:0.0000s ]

[ 2018-12-14T16:40:45+08:00 ] 112.230.157.41 /index.php/Api/index/lunbo
INFO: [ app_init ] --START--
INFO: Run Behavior\BuildLiteBehavior [ RunTime:0.000006s ]
INFO: [ app_init ] --END-- [ RunTime:0.000178s ]
INFO: [ app_begin ] --START--
INFO: Run Behavior\ReadHtmlCacheBehavior [ RunTime:0.000241s ]
INFO: [ app_begin ] --END-- [ RunTime:0.000261s ]
SQL: SHOW COLUMNS FROM `qm_lb` [ RunTime:0.0004s ]
SQL: SELECT * FROM `qm_lb` WHERE ( stat=2 )  [ RunTime:0.0001s ]

[ 2018-12-14T16:40:48+08:00 ] 112.230.157.41 /index.php/Api/index/lunbo
INFO: [ app_init ] --START--
INFO: Run Behavior\BuildLiteBehavior [ RunTime:0.000006s ]
INFO: [ app_init ] --END-- [ RunTime:0.000160s ]
INFO: [ app_begin ] --START--
INFO: Run Behavior\ReadHtmlCacheBehavior [ RunTime:0.000287s ]
INFO: [ app_begin ] --END-- [ RunTime:0.000305s ]
SQL: SHOW COLUMNS FROM `qm_lb` [ RunTime:0.0004s ]
SQL: SELECT * FROM `qm_lb` WHERE ( stat=5 )  [ RunTime:0.0001s ]

[ 2018-12-14T16:40:48+08:00 ] 112.230.157.41 /index.php/Api/index/fuwuyuan
INFO: [ app_init ] --START--
INFO: Run Behavior\BuildLiteBehavior [ RunTime:0.000006s ]
INFO: [ app_init ] --END-- [ RunTime:0.000170s ]
INFO: [ app_begin ] --START--
INFO: Run Behavior\ReadHtmlCacheBehavior [ RunTime:0.000220s ]
INFO: [ app_begin ] --END-- [ RunTime:0.000238s ]
SQL: SHOW COLUMNS FROM `qm_user` [ RunTime:0.0005s ]
SQL: SELECT * FROM `qm_user` WHERE ( fbzt>0 ) ORDER BY id desc LIMIT 0,6   [ RunTime:0.0001s ]
SQL: SHOW COLUMNS FROM `qm_grdt` [ RunTime:0.0003s ]
SQL: SELECT `image` FROM `qm_grdt` WHERE ( uid=8 ) LIMIT 1   [ RunTime:0.0000s ]

[ 2018-12-14T16:41:33+08:00 ] 112.230.157.41 /index.php/Api/index/lunbo
INFO: [ app_init ] --START--
INFO: Run Behavior\BuildLiteBehavior [ RunTime:0.000007s ]
INFO: [ app_init ] --END-- [ RunTime:0.000178s ]
INFO: [ app_begin ] --START--
INFO: Run Behavior\ReadHtmlCacheBehavior [ RunTime:0.000209s ]
INFO: [ app_begin ] --END-- [ RunTime:0.000227s ]
SQL: SHOW COLUMNS FROM `qm_lb` [ RunTime:0.0005s ]
SQL: SELECT * FROM `qm_lb` WHERE ( stat=0 )  [ RunTime:0.0001s ]

[ 2018-12-14T16:41:33+08:00 ] 112.230.157.41 /index.php/Api/index/fwxx
INFO: [ app_init ] --START--
INFO: Run Behavior\BuildLiteBehavior [ RunTime:0.000006s ]
INFO: [ app_init ] --END-- [ RunTime:0.000163s ]
INFO: [ app_begin ] --START--
INFO: Run Behavior\ReadHtmlCacheBehavior [ RunTime:0.000261s ]
INFO: [ app_begin ] --END-- [ RunTime:0.000280s ]
SQL: SHOW COLUMNS FROM `qm_user` [ RunTime:0.0007s ]
SQL: SELECT * FROM `qm_user` ORDER BY rand() LIMIT 3   [ RunTime:0.0004s ]

[ 2018-12-14T16:41:33+08:00 ] 112.230.157.41 /index.php/Api/index/toutiao
INFO: [ app_init ] --START--
INFO: Run Behavior\BuildLiteBehavior [ RunTime:0.000006s ]
INFO: [ app_init ] --END-- [ RunTime:0.000160s ]
INFO: [ app_begin ] --START--
INFO: Run Behavior\ReadHtmlCacheBehavior [ RunTime:0.000292s ]
INFO: [ app_begin ] --END-- [ RunTime:0.000314s ]
SQL: SHOW COLUMNS FROM `qm_toutiao` [ RunTime:0.0005s ]
SQL: SELECT `id`,`name`,`content` FROM `qm_toutiao` ORDER BY id desc LIMIT 0,10   [ RunTime:0.0001s ]

[ 2018-12-14T16:41:33+08:00 ] 112.230.157.41 /index.php/Api/index/fuwuyuan
INFO: [ app_init ] --START--
INFO: Run Behavior\BuildLiteBehavior [ RunTime:0.000009s ]
INFO: [ app_init ] --END-- [ RunTime:0.001239s ]
INFO: [ app_begin ] --START--
INFO: Run Behavior\ReadHtmlCacheBehavior [ RunTime:0.000228s ]
INFO: [ app_begin ] --END-- [ RunTime:0.000247s ]
SQL: SHOW COLUMNS FROM `qm_user` [ RunTime:0.0006s ]
SQL: SELECT * FROM `qm_user` WHERE ( fbzt>0 ) ORDER BY id desc LIMIT 0,6   [ RunTime:0.0001s ]
SQL: SHOW COLUMNS FROM `qm_grdt` [ RunTime:0.0004s ]
SQL: SELECT `image` FROM `qm_grdt` WHERE ( uid=8 ) LIMIT 1   [ RunTime:0.0000s ]

[ 2018-12-14T16:41:40+08:00 ] 112.230.157.41 /index.php/Api/index/lunbo
INFO: [ app_init ] --START--
INFO: Run Behavior\BuildLiteBehavior [ RunTime:0.000006s ]
INFO: [ app_init ] --END-- [ RunTime:0.000169s ]
INFO: [ app_begin ] --START--
INFO: Run Behavior\ReadHtmlCacheBehavior [ RunTime:0.000256s ]
INFO: [ app_begin ] --END-- [ RunTime:0.000275s ]
SQL: SHOW COLUMNS FROM `qm_lb` [ RunTime:0.0004s ]
SQL: SELECT * FROM `qm_lb` WHERE ( stat=5 )  [ RunTime:0.0000s ]

[ 2018-12-14T16:41:40+08:00 ] 112.230.157.41 /index.php/Api/index/fuwuyuan
INFO: [ app_init ] --START--
INFO: Run Behavior\BuildLiteBehavior [ RunTime:0.000006s ]
INFO: [ app_init ] --END-- [ RunTime:0.000177s ]
INFO: [ app_begin ] --START--
INFO: Run Behavior\ReadHtmlCacheBehavior [ RunTime:0.000286s ]
INFO: [ app_begin ] --END-- [ RunTime:0.000308s ]
SQL: SHOW COLUMNS FROM `qm_user` [ RunTime:0.0006s ]
SQL: SELECT * FROM `qm_user` WHERE ( fbzt>0 ) ORDER BY id desc LIMIT 0,6   [ RunTime:0.0001s ]
SQL: SHOW COLUMNS FROM `qm_grdt` [ RunTime:0.0003s ]
SQL: SELECT `image` FROM `qm_grdt` WHERE ( uid=8 ) LIMIT 1   [ RunTime:0.0000s ]

[ 2018-12-14T16:41:45+08:00 ] 112.230.157.41 /index.php/Api/index/fuwuyuan
INFO: [ app_init ] --START--
INFO: Run Behavior\BuildLiteBehavior [ RunTime:0.000006s ]
INFO: [ app_init ] --END-- [ RunTime:0.000209s ]
INFO: [ app_begin ] --START--
INFO: Run Behavior\ReadHtmlCacheBehavior [ RunTime:0.000227s ]
INFO: [ app_begin ] --END-- [ RunTime:0.000247s ]
SQL: SHOW COLUMNS FROM `qm_user` [ RunTime:0.0005s ]
SQL: SELECT * FROM `qm_user` WHERE ( fbzt>0 ) ORDER BY id desc LIMIT 0,6   [ RunTime:0.0001s ]
SQL: SHOW COLUMNS FROM `qm_grdt` [ RunTime:0.0003s ]
SQL: SELECT `image` FROM `qm_grdt` WHERE ( uid=8 ) LIMIT 1   [ RunTime:0.0000s ]

[ 2018-12-14T16:43:59+08:00 ] 112.230.157.41 /index.php/Api/index/fuwuyuan
INFO: [ app_init ] --START--
INFO: Run Behavior\BuildLiteBehavior [ RunTime:0.000006s ]
INFO: [ app_init ] --END-- [ RunTime:0.000168s ]
INFO: [ app_begin ] --START--
INFO: Run Behavior\ReadHtmlCacheBehavior [ RunTime:0.000214s ]
INFO: [ app_begin ] --END-- [ RunTime:0.000234s ]
SQL: SHOW COLUMNS FROM `qm_user` [ RunTime:0.0007s ]
SQL: SELECT * FROM `qm_user` WHERE ( fbzt>0 ) ORDER BY id desc LIMIT 0,6   [ RunTime:0.0001s ]
SQL: SHOW COLUMNS FROM `qm_grdt` [ RunTime:0.0003s ]
SQL: SELECT `image` FROM `qm_grdt` WHERE ( uid=8 ) LIMIT 1   [ RunTime:0.0000s ]

[ 2018-12-14T16:43:59+08:00 ] 112.230.157.41 /index.php/Api/index/toutiao
INFO: [ app_init ] --START--
INFO: Run Behavior\BuildLiteBehavior [ RunTime:0.000007s ]
INFO: [ app_init ] --END-- [ RunTime:0.000182s ]
INFO: [ app_begin ] --START--
INFO: Run Behavior\ReadHtmlCacheBehavior [ RunTime:0.000237s ]
INFO: [ app_begin ] --END-- [ RunTime:0.000255s ]
SQL: SHOW COLUMNS FROM `qm_toutiao` [ RunTime:0.0004s ]
SQL: SELECT `id`,`name`,`content` FROM `qm_toutiao` ORDER BY id desc LIMIT 0,10   [ RunTime:0.0001s ]

[ 2018-12-14T16:43:59+08:00 ] 112.230.157.41 /index.php/Api/index/fwxx
INFO: [ app_init ] --START--
INFO: Run Behavior\BuildLiteBehavior [ RunTime:0.000006s ]
INFO: [ app_init ] --END-- [ RunTime:0.000170s ]
INFO: [ app_begin ] --START--
INFO: Run Behavior\ReadHtmlCacheBehavior [ RunTime:0.000211s ]
INFO: [ app_begin ] --END-- [ RunTime:0.000231s ]
SQL: SHOW COLUMNS FROM `qm_user` [ RunTime:0.0005s ]
SQL: SELECT * FROM `qm_user` ORDER BY rand() LIMIT 3   [ RunTime:0.0004s ]

[ 2018-12-14T16:43:59+08:00 ] 112.230.157.41 /index.php/Api/index/lunbo
INFO: [ app_init ] --START--
INFO: Run Behavior\BuildLiteBehavior [ RunTime:0.000007s ]
INFO: [ app_init ] --END-- [ RunTime:0.000197s ]
INFO: [ app_begin ] --START--
INFO: Run Behavior\ReadHtmlCacheBehavior [ RunTime:0.000216s ]
INFO: [ app_begin ] --END-- [ RunTime:0.000233s ]
SQL: SHOW COLUMNS FROM `qm_lb` [ RunTime:0.0004s ]
SQL: SELECT * FROM `qm_lb` WHERE ( stat=0 )  [ RunTime:0.0000s ]

[ 2018-12-14T16:44:09+08:00 ] 112.230.157.41 /index.php/Api/index/fuwuyuan
INFO: [ app_init ] --START--
INFO: Run Behavior\BuildLiteBehavior [ RunTime:0.000006s ]
INFO: [ app_init ] --END-- [ RunTime:0.000163s ]
INFO: [ app_begin ] --START--
INFO: Run Behavior\ReadHtmlCacheBehavior [ RunTime:0.000226s ]
INFO: [ app_begin ] --END-- [ RunTime:0.000245s ]
SQL: SHOW COLUMNS FROM `qm_user` [ RunTime:0.0006s ]
SQL: SELECT * FROM `qm_user` WHERE ( fbzt>0 ) ORDER BY id desc LIMIT 0,6   [ RunTime:0.0001s ]
SQL: SHOW COLUMNS FROM `qm_grdt` [ RunTime:0.0004s ]
SQL: SELECT `image` FROM `qm_grdt` WHERE ( uid=8 ) LIMIT 1   [ RunTime:0.0000s ]

[ 2018-12-14T16:44:12+08:00 ] 183.61.51.69 /index.php/Api/index/fuwuyuan
INFO: [ app_init ] --START--
INFO: Run Behavior\BuildLiteBehavior [ RunTime:0.000006s ]
INFO: [ app_init ] --END-- [ RunTime:0.000195s ]
INFO: [ app_begin ] --START--
INFO: Run Behavior\ReadHtmlCacheBehavior [ RunTime:0.000234s ]
INFO: [ app_begin ] --END-- [ RunTime:0.000253s ]
SQL: SHOW COLUMNS FROM `qm_user` [ RunTime:0.0007s ]
SQL: SELECT * FROM `qm_user` WHERE ( fbzt>0 ) ORDER BY id desc LIMIT 0,6   [ RunTime:0.0001s ]
SQL: SHOW COLUMNS FROM `qm_grdt` [ RunTime:0.0003s ]
SQL: SELECT `image` FROM `qm_grdt` WHERE ( uid=8 ) LIMIT 1   [ RunTime:0.0001s ]

[ 2018-12-14T16:44:12+08:00 ] 183.61.51.69 /index.php/Api/index/lunbo
INFO: [ app_init ] --START--
INFO: Run Behavior\BuildLiteBehavior [ RunTime:0.000006s ]
INFO: [ app_init ] --END-- [ RunTime:0.000223s ]
INFO: [ app_begin ] --START--
INFO: Run Behavior\ReadHtmlCacheBehavior [ RunTime:0.000332s ]
INFO: [ app_begin ] --END-- [ RunTime:0.000356s ]
SQL: SHOW COLUMNS FROM `qm_lb` [ RunTime:0.0003s ]
SQL: SELECT * FROM `qm_lb` WHERE ( stat=0 )  [ RunTime:0.0002s ]

[ 2018-12-14T16:44:12+08:00 ] 183.61.51.69 /index.php/Api/index/toutiao
INFO: [ app_init ] --START--
INFO: Run Behavior\BuildLiteBehavior [ RunTime:0.000008s ]
INFO: [ app_init ] --END-- [ RunTime:0.000235s ]
INFO: [ app_begin ] --START--
INFO: Run Behavior\ReadHtmlCacheBehavior [ RunTime:0.000311s ]
INFO: [ app_begin ] --END-- [ RunTime:0.000336s ]
SQL: SHOW COLUMNS FROM `qm_toutiao` [ RunTime:0.0017s ]
SQL: SELECT `id`,`name`,`content` FROM `qm_toutiao` ORDER BY id desc LIMIT 0,10   [ RunTime:0.0001s ]

[ 2018-12-14T16:44:12+08:00 ] 183.61.51.69 /index.php/Api/index/fwxx
INFO: [ app_init ] --START--
INFO: Run Behavior\BuildLiteBehavior [ RunTime:0.000005s ]
INFO: [ app_init ] --END-- [ RunTime:0.000182s ]
INFO: [ app_begin ] --START--
INFO: Run Behavior\ReadHtmlCacheBehavior [ RunTime:0.000276s ]
INFO: [ app_begin ] --END-- [ RunTime:0.000298s ]
SQL: SHOW COLUMNS FROM `qm_user` [ RunTime:0.0006s ]
SQL: SELECT * FROM `qm_user` ORDER BY rand() LIMIT 3   [ RunTime:0.0004s ]

[ 2018-12-14T16:44:59+08:00 ] 183.61.51.69 /index.php/Api/index/fwxx
INFO: [ app_init ] --START--
INFO: Run Behavior\BuildLiteBehavior [ RunTime:0.000006s ]
INFO: [ app_init ] --END-- [ RunTime:0.000163s ]
INFO: [ app_begin ] --START--
INFO: Run Behavior\ReadHtmlCacheBehavior [ RunTime:0.000246s ]
INFO: [ app_begin ] --END-- [ RunTime:0.000264s ]
SQL: SHOW COLUMNS FROM `qm_user` [ RunTime:0.0007s ]
SQL: SELECT * FROM `qm_user` ORDER BY rand() LIMIT 3   [ RunTime:0.0004s ]

[ 2018-12-14T16:44:59+08:00 ] 183.61.51.69 /index.php/Api/index/fuwuyuan
INFO: [ app_init ] --START--
INFO: Run Behavior\BuildLiteBehavior [ RunTime:0.000006s ]
INFO: [ app_init ] --END-- [ RunTime:0.000175s ]
INFO: [ app_begin ] --START--
INFO: Run Behavior\ReadHtmlCacheBehavior [ RunTime:0.000252s ]
INFO: [ app_begin ] --END-- [ RunTime:0.000271s ]
SQL: SHOW COLUMNS FROM `qm_user` [ RunTime:0.0007s ]
SQL: SELECT * FROM `qm_user` WHERE ( fbzt>0 ) ORDER BY id desc LIMIT 0,6   [ RunTime:0.0001s ]
SQL: SHOW COLUMNS FROM `qm_grdt` [ RunTime:0.0004s ]
SQL: SELECT `image` FROM `qm_grdt` WHERE ( uid=8 ) LIMIT 1   [ RunTime:0.0000s ]

[ 2018-12-14T16:44:59+08:00 ] 183.61.51.69 /index.php/Api/index/lunbo
INFO: [ app_init ] --START--
INFO: Run Behavior\BuildLiteBehavior [ RunTime:0.000006s ]
INFO: [ app_init ] --END-- [ RunTime:0.000160s ]
INFO: [ app_begin ] --START--
INFO: Run Behavior\ReadHtmlCacheBehavior [ RunTime:0.000243s ]
INFO: [ app_begin ] --END-- [ RunTime:0.000261s ]
SQL: SHOW COLUMNS FROM `qm_lb` [ RunTime:0.0005s ]
SQL: SELECT * FROM `qm_lb` WHERE ( stat=0 )  [ RunTime:0.0001s ]

[ 2018-12-14T16:44:59+08:00 ] 183.61.51.69 /index.php/Api/index/toutiao
INFO: [ app_init ] --START--
INFO: Run Behavior\BuildLiteBehavior [ RunTime:0.000006s ]
INFO: [ app_init ] --END-- [ RunTime:0.000174s ]
INFO: [ app_begin ] --START--
INFO: Run Behavior\ReadHtmlCacheBehavior [ RunTime:0.000222s ]
INFO: [ app_begin ] --END-- [ RunTime:0.000241s ]
SQL: SHOW COLUMNS FROM `qm_toutiao` [ RunTime:0.0005s ]
SQL: SELECT `id`,`name`,`content` FROM `qm_toutiao` ORDER BY id desc LIMIT 0,10   [ RunTime:0.0001s ]

[ 2018-12-14T16:46:02+08:00 ] 112.230.157.41 /index.php/Api/index/fuwuyuan
INFO: [ app_init ] --START--
INFO: Run Behavior\BuildLiteBehavior [ RunTime:0.000008s ]
INFO: [ app_init ] --END-- [ RunTime:0.000244s ]
INFO: [ app_begin ] --START--
INFO: Run Behavior\ReadHtmlCacheBehavior [ RunTime:0.000315s ]
INFO: [ app_begin ] --END-- [ RunTime:0.000340s ]
SQL: SHOW COLUMNS FROM `qm_user` [ RunTime:0.0009s ]
SQL: SELECT * FROM `qm_user` WHERE ( fbzt>0 ) ORDER BY id desc LIMIT 0,6   [ RunTime:0.0001s ]
SQL: SHOW COLUMNS FROM `qm_grdt` [ RunTime:0.0005s ]
SQL: SELECT `image` FROM `qm_grdt` WHERE ( uid=8 ) LIMIT 1   [ RunTime:0.0000s ]

[ 2018-12-14T16:46:02+08:00 ] 112.230.157.41 /index.php/Api/index/toutiao
INFO: [ app_init ] --START--
INFO: Run Behavior\BuildLiteBehavior [ RunTime:0.000009s ]
INFO: [ app_init ] --END-- [ RunTime:0.000222s ]
INFO: [ app_begin ] --START--
INFO: Run Behavior\ReadHtmlCacheBehavior [ RunTime:0.000313s ]
INFO: [ app_begin ] --END-- [ RunTime:0.000337s ]
SQL: SHOW COLUMNS FROM `qm_toutiao` [ RunTime:0.0006s ]
SQL: SELECT `id`,`name`,`content` FROM `qm_toutiao` ORDER BY id desc LIMIT 0,10   [ RunTime:0.0001s ]

[ 2018-12-14T16:46:02+08:00 ] 112.230.157.41 /index.php/Api/index/fwxx
INFO: [ app_init ] --START--
INFO: Run Behavior\BuildLiteBehavior [ RunTime:0.000009s ]
INFO: [ app_init ] --END-- [ RunTime:0.000256s ]
INFO: [ app_begin ] --START--
INFO: Run Behavior\ReadHtmlCacheBehavior [ RunTime:0.000339s ]
INFO: [ app_begin ] --END-- [ RunTime:0.000365s ]
SQL: SHOW COLUMNS FROM `qm_user` [ RunTime:0.0010s ]
SQL: SELECT * FROM `qm_user` ORDER BY rand() LIMIT 3   [ RunTime:0.0005s ]

[ 2018-12-14T16:46:02+08:00 ] 112.230.157.41 /index.php/Api/index/lunbo
INFO: [ app_init ] --START--
INFO: Run Behavior\BuildLiteBehavior [ RunTime:0.000009s ]
INFO: [ app_init ] --END-- [ RunTime:0.000257s ]
INFO: [ app_begin ] --START--
INFO: Run Behavior\ReadHtmlCacheBehavior [ RunTime:0.000292s ]
INFO: [ app_begin ] --END-- [ RunTime:0.000317s ]
SQL: SHOW COLUMNS FROM `qm_lb` [ RunTime:0.0005s ]
SQL: SELECT * FROM `qm_lb` WHERE ( stat=0 )  [ RunTime:0.0001s ]

[ 2018-12-14T16:46:06+08:00 ] 112.230.157.41 /index.php/Api/index/fuwuyuan
INFO: [ app_init ] --START--
INFO: Run Behavior\BuildLiteBehavior [ RunTime:0.000006s ]
INFO: [ app_init ] --END-- [ RunTime:0.000181s ]
INFO: [ app_begin ] --START--
INFO: Run Behavior\ReadHtmlCacheBehavior [ RunTime:0.000212s ]
INFO: [ app_begin ] --END-- [ RunTime:0.000230s ]
SQL: SHOW COLUMNS FROM `qm_user` [ RunTime:0.0006s ]
SQL: SELECT * FROM `qm_user` WHERE ( fbzt>0 ) ORDER BY id desc LIMIT 0,6   [ RunTime:0.0001s ]
SQL: SHOW COLUMNS FROM `qm_grdt` [ RunTime:0.0003s ]
SQL: SELECT `image` FROM `qm_grdt` WHERE ( uid=8 ) LIMIT 1   [ RunTime:0.0000s ]

[ 2018-12-14T16:46:27+08:00 ] 101.91.62.99 /index.php/Api/index/toutiao
INFO: [ app_init ] --START--
INFO: Run Behavior\BuildLiteBehavior [ RunTime:0.000007s ]
INFO: [ app_init ] --END-- [ RunTime:0.000184s ]
INFO: [ app_begin ] --START--
INFO: Run Behavior\ReadHtmlCacheBehavior [ RunTime:0.000231s ]
INFO: [ app_begin ] --END-- [ RunTime:0.000248s ]
NOTIC: [8] Undefined index: x /www/wwwroot/jy.juhuaian.cn/Application/Api/Controller/IndexController.class.php 第 412 行.
NOTIC: [8] Undefined index: y /www/wwwroot/jy.juhuaian.cn/Application/Api/Controller/IndexController.class.php 第 413 行.
SQL: SHOW COLUMNS FROM `qm_toutiao` [ RunTime:0.0004s ]
SQL: SELECT `id`,`name`,`content` FROM `qm_toutiao` ORDER BY id desc  [ RunTime:0.0001s ]

[ 2018-12-14T16:46:27+08:00 ] 61.151.178.163 /index.php/Api/index/fuwuyuan
INFO: [ app_init ] --START--
INFO: Run Behavior\BuildLiteBehavior [ RunTime:0.000008s ]
INFO: [ app_init ] --END-- [ RunTime:0.000190s ]
INFO: [ app_begin ] --START--
INFO: Run Behavior\ReadHtmlCacheBehavior [ RunTime:0.000253s ]
INFO: [ app_begin ] --END-- [ RunTime:0.000273s ]
NOTIC: [8] Undefined index: x /www/wwwroot/jy.juhuaian.cn/Application/Api/Controller/IndexController.class.php 第 433 行.
NOTIC: [8] Undefined index: y /www/wwwroot/jy.juhuaian.cn/Application/Api/Controller/IndexController.class.php 第 434 行.
SQL: SHOW COLUMNS FROM `qm_user` [ RunTime:0.0007s ]
SQL: SELECT * FROM `qm_user` WHERE ( fbzt>0 ) ORDER BY id desc  [ RunTime:0.0002s ]
SQL: SHOW COLUMNS FROM `qm_grdt` [ RunTime:0.0003s ]
SQL: SELECT `image` FROM `qm_grdt` WHERE ( uid=8 ) LIMIT 1   [ RunTime:0.0000s ]

[ 2018-12-14T16:46:27+08:00 ] 61.129.8.179 /index.php/Api/index/fwxx
INFO: [ app_init ] --START--
INFO: Run Behavior\BuildLiteBehavior [ RunTime:0.000009s ]
INFO: [ app_init ] --END-- [ RunTime:0.000181s ]
INFO: [ app_begin ] --START--
INFO: Run Behavior\ReadHtmlCacheBehavior [ RunTime:0.000245s ]
INFO: [ app_begin ] --END-- [ RunTime:0.000265s ]
SQL: SHOW COLUMNS FROM `qm_user` [ RunTime:0.0007s ]
SQL: SELECT * FROM `qm_user` ORDER BY rand() LIMIT 3   [ RunTime:0.0004s ]

[ 2018-12-14T16:46:27+08:00 ] 101.89.239.230 /index.php/Api/index/lunbo
INFO: [ app_init ] --START--
INFO: Run Behavior\BuildLiteBehavior [ RunTime:0.000007s ]
INFO: [ app_init ] --END-- [ RunTime:0.000198s ]
INFO: [ app_begin ] --START--
INFO: Run Behavior\ReadHtmlCacheBehavior [ RunTime:0.000367s ]
INFO: [ app_begin ] --END-- [ RunTime:0.000389s ]
SQL: SHOW COLUMNS FROM `qm_lb` [ RunTime:0.0007s ]
NOTIC: [8] Undefined index: id /www/wwwroot/jy.juhuaian.cn/Application/Api/Controller/IndexController.class.php 第 113 行.
ERR: 1064:You have an error in your SQL syntax; check the manual that corresponds to your MySQL server version for the right syntax to use near ')' at line 1
 [ SQL语句 ] : SELECT * FROM `qm_lb` WHERE ( stat= ) 
ERR: 1064:You have an error in your SQL syntax; check the manual that corresponds to your MySQL server version for the right syntax to use near ')' at line 1
 [ SQL语句 ] : SELECT * FROM `qm_lb` WHERE ( stat= ) 

[ 2018-12-14T16:46:28+08:00 ] 101.91.62.65 /index.php/Api/index/fuwuyuan
INFO: [ app_init ] --START--
INFO: Run Behavior\BuildLiteBehavior [ RunTime:0.000007s ]
INFO: [ app_init ] --END-- [ RunTime:0.000166s ]
INFO: [ app_begin ] --START--
INFO: Run Behavior\ReadHtmlCacheBehavior [ RunTime:0.000271s ]
INFO: [ app_begin ] --END-- [ RunTime:0.000291s ]
NOTIC: [8] Undefined index: x /www/wwwroot/jy.juhuaian.cn/Application/Api/Controller/IndexController.class.php 第 433 行.
NOTIC: [8] Undefined index: y /www/wwwroot/jy.juhuaian.cn/Application/Api/Controller/IndexController.class.php 第 434 行.
SQL: SHOW COLUMNS FROM `qm_user` [ RunTime:0.0009s ]
SQL: SELECT * FROM `qm_user` WHERE ( fbzt>0 ) ORDER BY id desc  [ RunTime:0.0001s ]
SQL: SHOW COLUMNS FROM `qm_grdt` [ RunTime:0.0004s ]
SQL: SELECT `image` FROM `qm_grdt` WHERE ( uid=8 ) LIMIT 1   [ RunTime:0.0001s ]

[ 2018-12-14T16:46:30+08:00 ] 61.151.207.141 /index.php/Api/index/toutiao
INFO: [ app_init ] --START--
INFO: Run Behavior\BuildLiteBehavior [ RunTime:0.000010s ]
INFO: [ app_init ] --END-- [ RunTime:0.000246s ]
INFO: [ app_begin ] --START--
INFO: Run Behavior\ReadHtmlCacheBehavior [ RunTime:0.000384s ]
INFO: [ app_begin ] --END-- [ RunTime:0.000407s ]
NOTIC: [8] Undefined index: x /www/wwwroot/jy.juhuaian.cn/Application/Api/Controller/IndexController.class.php 第 412 行.
NOTIC: [8] Undefined index: y /www/wwwroot/jy.juhuaian.cn/Application/Api/Controller/IndexController.class.php 第 413 行.
SQL: SHOW COLUMNS FROM `qm_toutiao` [ RunTime:0.0004s ]
SQL: SELECT `id`,`name`,`content` FROM `qm_toutiao` ORDER BY id desc  [ RunTime:0.0001s ]

[ 2018-12-14T16:46:32+08:00 ] 61.151.207.205 /index.php/Api/index/fwxx
INFO: [ app_init ] --START--
INFO: Run Behavior\BuildLiteBehavior [ RunTime:0.000006s ]
INFO: [ app_init ] --END-- [ RunTime:0.000171s ]
INFO: [ app_begin ] --START--
INFO: Run Behavior\ReadHtmlCacheBehavior [ RunTime:0.000211s ]
INFO: [ app_begin ] --END-- [ RunTime:0.000228s ]
SQL: SHOW COLUMNS FROM `qm_user` [ RunTime:0.0008s ]
SQL: SELECT * FROM `qm_user` ORDER BY rand() LIMIT 3   [ RunTime:0.0004s ]

[ 2018-12-14T16:47:15+08:00 ] 112.230.157.41 /index.php/Api/index/jnbl
INFO: [ app_init ] --START--
INFO: Run Behavior\BuildLiteBehavior [ RunTime:0.000007s ]
INFO: [ app_init ] --END-- [ RunTime:0.000180s ]
INFO: [ app_begin ] --START--
INFO: Run Behavior\ReadHtmlCacheBehavior [ RunTime:0.000258s ]
INFO: [ app_begin ] --END-- [ RunTime:0.000276s ]
SQL: SHOW COLUMNS FROM `qm_fbjn` [ RunTime:0.0004s ]
SQL: SELECT * FROM `qm_fbjn` WHERE ( fwpl=150 ) LIMIT 0,6   [ RunTime:0.0001s ]
SQL: SHOW COLUMNS FROM `qm_user` [ RunTime:0.0005s ]
SQL: SELECT * FROM `qm_user` WHERE ( id=1005 ) LIMIT 1   [ RunTime:0.0001s ]
SQL: SHOW COLUMNS FROM `qm_jineng` [ RunTime:0.0003s ]
SQL: SELECT `jname` FROM `qm_jineng` WHERE ( id=150 ) LIMIT 1   [ RunTime:0.0000s ]
SQL: SELECT * FROM `qm_user` WHERE ( id=1004 ) LIMIT 1   [ RunTime:0.0000s ]
SQL: SELECT `jname` FROM `qm_jineng` WHERE ( id=150 ) LIMIT 1   [ RunTime:0.0000s ]

[ 2018-12-14T16:47:15+08:00 ] 112.230.157.41 /index.php/Api/index/lunbo
INFO: [ app_init ] --START--
INFO: Run Behavior\BuildLiteBehavior [ RunTime:0.000007s ]
INFO: [ app_init ] --END-- [ RunTime:0.000222s ]
INFO: [ app_begin ] --START--
INFO: Run Behavior\ReadHtmlCacheBehavior [ RunTime:0.000233s ]
INFO: [ app_begin ] --END-- [ RunTime:0.000256s ]
SQL: SHOW COLUMNS FROM `qm_lb` [ RunTime:0.0003s ]
SQL: SELECT * FROM `qm_lb` WHERE ( stat=4 )  [ RunTime:0.0001s ]

[ 2018-12-14T16:47:15+08:00 ] 112.230.157.41 /index.php/Api/index/xqbl
INFO: [ app_init ] --START--
INFO: Run Behavior\BuildLiteBehavior [ RunTime:0.000006s ]
INFO: [ app_init ] --END-- [ RunTime:0.000191s ]
INFO: [ app_begin ] --START--
INFO: Run Behavior\ReadHtmlCacheBehavior [ RunTime:0.000251s ]
INFO: [ app_begin ] --END-- [ RunTime:0.000268s ]
SQL: SHOW COLUMNS FROM `qm_fbxq` [ RunTime:0.0005s ]
SQL: SELECT * FROM `qm_fbxq`  [ RunTime:0.0004s ]
SQL: SHOW COLUMNS FROM `qm_user` [ RunTime:0.0006s ]
SQL: SELECT * FROM `qm_user` WHERE ( id=1005 ) LIMIT 1   [ RunTime:0.0001s ]
SQL: SHOW COLUMNS FROM `qm_jineng` [ RunTime:0.0003s ]
SQL: SELECT `jname` FROM `qm_jineng` WHERE ( id=150 ) LIMIT 1   [ RunTime:0.0000s ]
SQL: SELECT * FROM `qm_user` WHERE ( id=1005 ) LIMIT 1   [ RunTime:0.0000s ]
SQL: SELECT `jname` FROM `qm_jineng` WHERE ( id=149 ) LIMIT 1   [ RunTime:0.0000s ]
SQL: SELECT * FROM `qm_user` WHERE ( id=1004 ) LIMIT 1   [ RunTime:0.0001s ]
SQL: SELECT `jname` FROM `qm_jineng` WHERE ( id=148 ) LIMIT 1   [ RunTime:0.0000s ]
SQL: SELECT * FROM `qm_user` WHERE ( id=1004 ) LIMIT 1   [ RunTime:0.0000s ]
SQL: SELECT `jname` FROM `qm_jineng` WHERE ( id=150 ) LIMIT 1   [ RunTime:0.0001s ]
SQL: SELECT * FROM `qm_user` WHERE ( id=8 ) LIMIT 1   [ RunTime:0.0000s ]
SQL: SELECT `jname` FROM `qm_jineng` WHERE ( id=153 ) LIMIT 1   [ RunTime:0.0000s ]
SQL: SELECT * FROM `qm_user` WHERE ( id=8 ) LIMIT 1   [ RunTime:0.0000s ]
SQL: SELECT `jname` FROM `qm_jineng` WHERE ( id=151 ) LIMIT 1   [ RunTime:0.0000s ]
SQL: SELECT * FROM `qm_user` WHERE ( id=1005 ) LIMIT 1   [ RunTime:0.0000s ]
SQL: SELECT `jname` FROM `qm_jineng` WHERE ( id=152 ) LIMIT 1   [ RunTime:0.0000s ]
SQL: SELECT * FROM `qm_user` WHERE ( id=1004 ) LIMIT 1   [ RunTime:0.0000s ]
SQL: SELECT `jname` FROM `qm_jineng` WHERE ( id=147 ) LIMIT 1   [ RunTime:0.0000s ]
SQL: SELECT * FROM `qm_user` WHERE ( id=8 ) LIMIT 1   [ RunTime:0.0000s ]
SQL: SELECT `jname` FROM `qm_jineng` WHERE ( id=146 ) LIMIT 1   [ RunTime:0.0000s ]
SQL: SELECT * FROM `qm_user` WHERE ( id=1005 ) LIMIT 1   [ RunTime:0.0001s ]
SQL: SELECT `jname` FROM `qm_jineng` WHERE ( id=145 ) LIMIT 1   [ RunTime:0.0000s ]
SQL: SELECT * FROM `qm_user` WHERE ( id=8 ) LIMIT 1   [ RunTime:0.0001s ]
SQL: SELECT `jname` FROM `qm_jineng` WHERE ( id=144 ) LIMIT 1   [ RunTime:0.0000s ]
SQL: SELECT * FROM `qm_user` WHERE ( id=1005 ) LIMIT 1   [ RunTime:0.0000s ]
SQL: SELECT `jname` FROM `qm_jineng` WHERE ( id=143 ) LIMIT 1   [ RunTime:0.0000s ]
SQL: SELECT * FROM `qm_user` WHERE ( id=1004 ) LIMIT 1   [ RunTime:0.0001s ]
SQL: SELECT `jname` FROM `qm_jineng` WHERE ( id=142 ) LIMIT 1   [ RunTime:0.0000s ]

[ 2018-12-14T16:47:32+08:00 ] 112.230.157.41 /index.php/Api/index/fwxx
INFO: [ app_init ] --START--
INFO: Run Behavior\BuildLiteBehavior [ RunTime:0.000009s ]
INFO: [ app_init ] --END-- [ RunTime:0.000226s ]
INFO: [ app_begin ] --START--
INFO: Run Behavior\ReadHtmlCacheBehavior [ RunTime:0.000251s ]
INFO: [ app_begin ] --END-- [ RunTime:0.000273s ]
SQL: SHOW COLUMNS FROM `qm_user` [ RunTime:0.0007s ]
SQL: SELECT * FROM `qm_user` ORDER BY rand() LIMIT 3   [ RunTime:0.0004s ]

[ 2018-12-14T16:47:32+08:00 ] 112.230.157.41 /index.php/Api/index/fuwuyuan
INFO: [ app_init ] --START--
INFO: Run Behavior\BuildLiteBehavior [ RunTime:0.000006s ]
INFO: [ app_init ] --END-- [ RunTime:0.000193s ]
INFO: [ app_begin ] --START--
INFO: Run Behavior\ReadHtmlCacheBehavior [ RunTime:0.000249s ]
INFO: [ app_begin ] --END-- [ RunTime:0.000268s ]
SQL: SHOW COLUMNS FROM `qm_user` [ RunTime:0.0009s ]
SQL: SELECT * FROM `qm_user` WHERE ( fbzt>0 ) ORDER BY id desc LIMIT 0,6   [ RunTime:0.0001s ]
SQL: SHOW COLUMNS FROM `qm_grdt` [ RunTime:0.0004s ]
SQL: SELECT `image` FROM `qm_grdt` WHERE ( uid=8 ) LIMIT 1   [ RunTime:0.0000s ]

[ 2018-12-14T16:47:32+08:00 ] 112.230.157.41 /index.php/Api/index/lunbo
INFO: [ app_init ] --START--
INFO: Run Behavior\BuildLiteBehavior [ RunTime:0.000006s ]
INFO: [ app_init ] --END-- [ RunTime:0.000184s ]
INFO: [ app_begin ] --START--
INFO: Run Behavior\ReadHtmlCacheBehavior [ RunTime:0.000232s ]
INFO: [ app_begin ] --END-- [ RunTime:0.000250s ]
SQL: SHOW COLUMNS FROM `qm_lb` [ RunTime:0.0006s ]
SQL: SELECT * FROM `qm_lb` WHERE ( stat=1 )  [ RunTime:0.0001s ]

[ 2018-12-14T16:47:37+08:00 ] 112.230.157.41 /index.php/Api/index/fuwuyuanxq?id=8
INFO: [ app_init ] --START--
INFO: Run Behavior\BuildLiteBehavior [ RunTime:0.000006s ]
INFO: [ app_init ] --END-- [ RunTime:0.000167s ]
INFO: [ app_begin ] --START--
INFO: Run Behavior\ReadHtmlCacheBehavior [ RunTime:0.000213s ]
INFO: [ app_begin ] --END-- [ RunTime:0.000231s ]
SQL: SHOW COLUMNS FROM `qm_user` [ RunTime:0.0007s ]
SQL: SELECT * FROM `qm_user` WHERE ( id=8 )  [ RunTime:0.0001s ]
SQL: SELECT `pic` FROM `qm_user` ORDER BY rand() LIMIT 8   [ RunTime:0.0002s ]
SQL: SHOW COLUMNS FROM `qm_grdt` [ RunTime:0.0003s ]
SQL: SELECT `image` FROM `qm_grdt` WHERE ( uid=8 ) LIMIT 1   [ RunTime:0.0000s ]

[ 2018-12-14T16:47:42+08:00 ] 183.61.51.69 /index.php/Api/index/fuwuyuan
INFO: [ app_init ] --START--
INFO: Run Behavior\BuildLiteBehavior [ RunTime:0.000006s ]
INFO: [ app_init ] --END-- [ RunTime:0.000168s ]
INFO: [ app_begin ] --START--
INFO: Run Behavior\ReadHtmlCacheBehavior [ RunTime:0.000222s ]
INFO: [ app_begin ] --END-- [ RunTime:0.000243s ]
SQL: SHOW COLUMNS FROM `qm_user` [ RunTime:0.0007s ]
SQL: SELECT * FROM `qm_user` WHERE ( fbzt>0 ) ORDER BY id desc LIMIT 0,6   [ RunTime:0.0001s ]
SQL: SHOW COLUMNS FROM `qm_grdt` [ RunTime:0.0004s ]
SQL: SELECT `image` FROM `qm_grdt` WHERE ( uid=8 ) LIMIT 1   [ RunTime:0.0000s ]

[ 2018-12-14T16:47:42+08:00 ] 183.61.51.69 /index.php/Api/index/fwxx
INFO: [ app_init ] --START--
INFO: Run Behavior\BuildLiteBehavior [ RunTime:0.000007s ]
INFO: [ app_init ] --END-- [ RunTime:0.000167s ]
INFO: [ app_begin ] --START--
INFO: Run Behavior\ReadHtmlCacheBehavior [ RunTime:0.000213s ]
INFO: [ app_begin ] --END-- [ RunTime:0.000233s ]
SQL: SHOW COLUMNS FROM `qm_user` [ RunTime:0.0006s ]
SQL: SELECT * FROM `qm_user` ORDER BY rand() LIMIT 3   [ RunTime:0.0004s ]

[ 2018-12-14T16:47:42+08:00 ] 183.61.51.69 /index.php/Api/index/lunbo
INFO: [ app_init ] --START--
INFO: Run Behavior\BuildLiteBehavior [ RunTime:0.000006s ]
INFO: [ app_init ] --END-- [ RunTime:0.000189s ]
INFO: [ app_begin ] --START--
INFO: Run Behavior\ReadHtmlCacheBehavior [ RunTime:0.000210s ]
INFO: [ app_begin ] --END-- [ RunTime:0.000229s ]
SQL: SHOW COLUMNS FROM `qm_lb` [ RunTime:0.0004s ]
SQL: SELECT * FROM `qm_lb` WHERE ( stat=0 )  [ RunTime:0.0002s ]

[ 2018-12-14T16:47:42+08:00 ] 183.61.51.69 /index.php/Api/index/toutiao
INFO: [ app_init ] --START--
INFO: Run Behavior\BuildLiteBehavior [ RunTime:0.000006s ]
INFO: [ app_init ] --END-- [ RunTime:0.000166s ]
INFO: [ app_begin ] --START--
INFO: Run Behavior\ReadHtmlCacheBehavior [ RunTime:0.000226s ]
INFO: [ app_begin ] --END-- [ RunTime:0.000245s ]
SQL: SHOW COLUMNS FROM `qm_toutiao` [ RunTime:0.0004s ]
SQL: SELECT `id`,`name`,`content` FROM `qm_toutiao` ORDER BY id desc LIMIT 0,10   [ RunTime:0.0000s ]

[ 2018-12-14T16:47:42+08:00 ] 112.230.157.41 /index.php/Api/index/fuwuyuanxq?id=1007
INFO: [ app_init ] --START--
INFO: Run Behavior\BuildLiteBehavior [ RunTime:0.000006s ]
INFO: [ app_init ] --END-- [ RunTime:0.000188s ]
INFO: [ app_begin ] --START--
INFO: Run Behavior\ReadHtmlCacheBehavior [ RunTime:0.000242s ]
INFO: [ app_begin ] --END-- [ RunTime:0.000260s ]
SQL: SHOW COLUMNS FROM `qm_user` [ RunTime:0.0007s ]
SQL: SELECT * FROM `qm_user` WHERE ( id=1007 )  [ RunTime:0.0003s ]
SQL: SELECT `pic` FROM `qm_user` ORDER BY rand() LIMIT 8   [ RunTime:0.0002s ]
SQL: SHOW COLUMNS FROM `qm_grdt` [ RunTime:0.0004s ]
SQL: SELECT `image` FROM `qm_grdt` WHERE ( uid=1007 ) LIMIT 1   [ RunTime:0.0001s ]

[ 2018-12-14T16:48:31+08:00 ] 112.230.157.41 /index.php/Api/index/fuwuyuanxq?id=1005
INFO: [ app_init ] --START--
INFO: Run Behavior\BuildLiteBehavior [ RunTime:0.000010s ]
INFO: [ app_init ] --END-- [ RunTime:0.000271s ]
INFO: [ app_begin ] --START--
INFO: Run Behavior\ReadHtmlCacheBehavior [ RunTime:0.000314s ]
INFO: [ app_begin ] --END-- [ RunTime:0.000347s ]
SQL: SHOW COLUMNS FROM `qm_user` [ RunTime:0.0006s ]
SQL: SELECT * FROM `qm_user` WHERE ( id=1005 )  [ RunTime:0.0004s ]
SQL: SELECT `pic` FROM `qm_user` ORDER BY rand() LIMIT 8   [ RunTime:0.0003s ]
SQL: SHOW COLUMNS FROM `qm_grdt` [ RunTime:0.0004s ]
SQL: SELECT `image` FROM `qm_grdt` WHERE ( uid=1005 ) LIMIT 1   [ RunTime:0.0001s ]

[ 2018-12-14T16:50:58+08:00 ] 112.230.157.41 /index.php/Api/index/fwxx
INFO: [ app_init ] --START--
INFO: Run Behavior\BuildLiteBehavior [ RunTime:0.000007s ]
INFO: [ app_init ] --END-- [ RunTime:0.000250s ]
INFO: [ app_begin ] --START--
INFO: Run Behavior\ReadHtmlCacheBehavior [ RunTime:0.000225s ]
INFO: [ app_begin ] --END-- [ RunTime:0.000243s ]
SQL: SHOW COLUMNS FROM `qm_user` [ RunTime:0.0006s ]
SQL: SELECT * FROM `qm_user` ORDER BY rand() LIMIT 3   [ RunTime:0.0004s ]

[ 2018-12-14T16:50:58+08:00 ] 112.230.157.41 /index.php/Api/index/lunbo
INFO: [ app_init ] --START--
INFO: Run Behavior\BuildLiteBehavior [ RunTime:0.000005s ]
INFO: [ app_init ] --END-- [ RunTime:0.000168s ]
INFO: [ app_begin ] --START--
INFO: Run Behavior\ReadHtmlCacheBehavior [ RunTime:0.000215s ]
INFO: [ app_begin ] --END-- [ RunTime:0.000233s ]
SQL: SHOW COLUMNS FROM `qm_lb` [ RunTime:0.0005s ]
SQL: SELECT * FROM `qm_lb` WHERE ( stat=0 )  [ RunTime:0.0001s ]

[ 2018-12-14T16:50:58+08:00 ] 112.230.157.41 /index.php/Api/index/toutiao
INFO: [ app_init ] --START--
INFO: Run Behavior\BuildLiteBehavior [ RunTime:0.000022s ]
INFO: [ app_init ] --END-- [ RunTime:0.000191s ]
INFO: [ app_begin ] --START--
INFO: Run Behavior\ReadHtmlCacheBehavior [ RunTime:0.000225s ]
INFO: [ app_begin ] --END-- [ RunTime:0.000244s ]
SQL: SHOW COLUMNS FROM `qm_toutiao` [ RunTime:0.0004s ]
SQL: SELECT `id`,`name`,`content` FROM `qm_toutiao` ORDER BY id desc LIMIT 0,10   [ RunTime:0.0001s ]

[ 2018-12-14T16:50:58+08:00 ] 112.230.157.41 /index.php/Api/index/fuwuyuan
INFO: [ app_init ] --START--
INFO: Run Behavior\BuildLiteBehavior [ RunTime:0.000008s ]
INFO: [ app_init ] --END-- [ RunTime:0.000172s ]
INFO: [ app_begin ] --START--
INFO: Run Behavior\ReadHtmlCacheBehavior [ RunTime:0.000276s ]
INFO: [ app_begin ] --END-- [ RunTime:0.000295s ]
SQL: SHOW COLUMNS FROM `qm_user` [ RunTime:0.0005s ]
SQL: SELECT * FROM `qm_user` WHERE ( fbzt>0 ) ORDER BY id desc LIMIT 0,6   [ RunTime:0.0001s ]
SQL: SHOW COLUMNS FROM `qm_grdt` [ RunTime:0.0004s ]
SQL: SELECT `image` FROM `qm_grdt` WHERE ( uid=8 ) LIMIT 1   [ RunTime:0.0000s ]

[ 2018-12-14T16:51:05+08:00 ] 112.230.157.41 /index.php/Api/index/fuwuyuan
INFO: [ app_init ] --START--
INFO: Run Behavior\BuildLiteBehavior [ RunTime:0.000009s ]
INFO: [ app_init ] --END-- [ RunTime:0.000192s ]
INFO: [ app_begin ] --START--
INFO: Run Behavior\ReadHtmlCacheBehavior [ RunTime:0.000279s ]
INFO: [ app_begin ] --END-- [ RunTime:0.000298s ]
SQL: SHOW COLUMNS FROM `qm_user` [ RunTime:0.0007s ]
SQL: SELECT * FROM `qm_user` WHERE ( fbzt>0 ) ORDER BY id desc LIMIT 0,6   [ RunTime:0.0002s ]
SQL: SHOW COLUMNS FROM `qm_grdt` [ RunTime:0.0004s ]
SQL: SELECT `image` FROM `qm_grdt` WHERE ( uid=8 ) LIMIT 1   [ RunTime:0.0000s ]

