[ 2018-11-19T11:26:40+08:00 ] 124.133.153.86 /index.php/Api/index/savepaw
INFO: [ app_init ] --START--
INFO: Run Behavior\BuildLiteBehavior [ RunTime:0.000009s ]
INFO: [ app_init ] --END-- [ RunTime:0.000214s ]
INFO: [ app_begin ] --START--
INFO: Run Behavior\ReadHtmlCacheBehavior [ RunTime:0.000311s ]
INFO: [ app_begin ] --END-- [ RunTime:0.000342s ]

[ 2018-11-19T11:26:43+08:00 ] 124.133.153.86 /index.php/Api/index/sel_tc
INFO: [ app_init ] --START--
INFO: Run Behavior\BuildLiteBehavior [ RunTime:0.000007s ]
INFO: [ app_init ] --END-- [ RunTime:0.000182s ]
INFO: [ app_begin ] --START--
INFO: Run Behavior\ReadHtmlCacheBehavior [ RunTime:0.000219s ]
INFO: [ app_begin ] --END-- [ RunTime:0.000237s ]

[ 2018-11-19T11:27:26+08:00 ] 124.133.153.86 /index.php/Api/index/fllist
INFO: [ app_init ] --START--
INFO: Run Behavior\BuildLiteBehavior [ RunTime:0.000010s ]
INFO: [ app_init ] --END-- [ RunTime:0.000233s ]
INFO: [ app_begin ] --START--
INFO: Run Behavior\ReadHtmlCacheBehavior [ RunTime:0.000302s ]
INFO: [ app_begin ] --END-- [ RunTime:0.000325s ]
SQL: SHOW COLUMNS FROM `qm_fl` [ RunTime:0.0005s ]
SQL: SELECT * FROM `qm_fl` WHERE ( prentid=0 )  [ RunTime:0.0001s ]
SQL: SELECT * FROM `qm_fl` WHERE ( prentid=6 )  [ RunTime:0.0001s ]
SQL: SELECT * FROM `qm_fl` WHERE ( prentid=7 )  [ RunTime:0.0000s ]
SQL: SELECT * FROM `qm_fl` WHERE ( prentid=11 )  [ RunTime:0.0000s ]
SQL: SELECT * FROM `qm_fl` WHERE ( prentid=12 )  [ RunTime:0.0000s ]

[ 2018-11-19T11:27:42+08:00 ] 124.133.153.86 /index.php/Api/index/fllist
INFO: [ app_init ] --START--
INFO: Run Behavior\BuildLiteBehavior [ RunTime:0.000011s ]
INFO: [ app_init ] --END-- [ RunTime:0.000261s ]
INFO: [ app_begin ] --START--
INFO: Run Behavior\ReadHtmlCacheBehavior [ RunTime:0.000346s ]
INFO: [ app_begin ] --END-- [ RunTime:0.000369s ]
SQL: SHOW COLUMNS FROM `qm_fl` [ RunTime:0.0005s ]
SQL: SELECT * FROM `qm_fl` WHERE ( prentid=0 )  [ RunTime:0.0001s ]
SQL: SELECT * FROM `qm_fl` WHERE ( prentid=6 )  [ RunTime:0.0000s ]
SQL: SELECT * FROM `qm_fl` WHERE ( prentid=7 )  [ RunTime:0.0000s ]
SQL: SELECT * FROM `qm_fl` WHERE ( prentid=11 )  [ RunTime:0.0000s ]
SQL: SELECT * FROM `qm_fl` WHERE ( prentid=12 )  [ RunTime:0.0000s ]

[ 2018-11-19T13:40:50+08:00 ] 124.133.153.86 /index.php/Api/index/fllist
INFO: [ app_init ] --START--
INFO: Run Behavior\BuildLiteBehavior [ RunTime:0.000007s ]
INFO: [ app_init ] --END-- [ RunTime:0.000203s ]
INFO: [ app_begin ] --START--
INFO: Run Behavior\ReadHtmlCacheBehavior [ RunTime:0.000223s ]
INFO: [ app_begin ] --END-- [ RunTime:0.000242s ]
SQL: SHOW COLUMNS FROM `qm_fl` [ RunTime:0.0004s ]
SQL: SELECT * FROM `qm_fl` WHERE ( prentid=0 )  [ RunTime:0.0001s ]
SQL: SELECT * FROM `qm_fl` WHERE ( prentid=6 )  [ RunTime:0.0000s ]
SQL: SELECT * FROM `qm_fl` WHERE ( prentid=7 )  [ RunTime:0.0000s ]
SQL: SELECT * FROM `qm_fl` WHERE ( prentid=11 )  [ RunTime:0.0000s ]
SQL: SELECT * FROM `qm_fl` WHERE ( prentid=12 )  [ RunTime:0.0000s ]

