[ 2018-11-11T08:53:49+08:00 ] 112.224.19.69 /index.php/Api/Index/lblist
INFO: [ app_init ] --START--
INFO: Run Behavior\BuildLiteBehavior [ RunTime:0.000011s ]
INFO: [ app_init ] --END-- [ RunTime:0.000210s ]
INFO: [ app_begin ] --START--
INFO: Run Behavior\ReadHtmlCacheBehavior [ RunTime:0.000269s ]
INFO: [ app_begin ] --END-- [ RunTime:0.000302s ]
SQL: SHOW COLUMNS FROM `qm_lb` [ RunTime:0.0005s ]
SQL: SELECT * FROM `qm_lb` WHERE ( stat=1 )  [ RunTime:0.0001s ]

[ 2018-11-11T08:53:50+08:00 ] 112.224.19.69 /index.php/Api/Index/zxkz
INFO: [ app_init ] --START--
INFO: Run Behavior\BuildLiteBehavior [ RunTime:0.000021s ]
INFO: [ app_init ] --END-- [ RunTime:0.000267s ]
INFO: [ app_begin ] --START--
INFO: Run Behavior\ReadHtmlCacheBehavior [ RunTime:0.000327s ]
INFO: [ app_begin ] --END-- [ RunTime:0.000366s ]
SQL: SHOW COLUMNS FROM `qm_zxkz` [ RunTime:0.0006s ]
SQL: SELECT * FROM `qm_zxkz` WHERE ( stat=1  ) ORDER BY id desc LIMIT 0,5   [ RunTime:0.0001s ]

[ 2018-11-11T08:53:50+08:00 ] 112.224.19.69 /index.php/Api/Index/xyk
INFO: [ app_init ] --START--
INFO: Run Behavior\BuildLiteBehavior [ RunTime:0.000011s ]
INFO: [ app_init ] --END-- [ RunTime:0.000214s ]
INFO: [ app_begin ] --START--
INFO: Run Behavior\ReadHtmlCacheBehavior [ RunTime:0.000249s ]
INFO: [ app_begin ] --END-- [ RunTime:0.000304s ]
SQL: SHOW COLUMNS FROM `qm_zxkz` [ RunTime:0.0005s ]
SQL: SELECT * FROM `qm_zxkz` WHERE ( stat=2 ) ORDER BY id desc LIMIT 0,5   [ RunTime:0.0001s ]

[ 2018-11-11T08:53:50+08:00 ] 112.224.19.69 /index.php/Api/Index/gh
INFO: [ app_init ] --START--
INFO: Run Behavior\BuildLiteBehavior [ RunTime:0.000012s ]
INFO: [ app_init ] --END-- [ RunTime:0.000264s ]
INFO: [ app_begin ] --START--
INFO: Run Behavior\ReadHtmlCacheBehavior [ RunTime:0.000275s ]
INFO: [ app_begin ] --END-- [ RunTime:0.000309s ]
SQL: SHOW COLUMNS FROM `qm_zxkz` [ RunTime:0.0005s ]
SQL: SELECT * FROM `qm_zxkz` WHERE ( stat=3 ) ORDER BY id desc LIMIT 0,5   [ RunTime:0.0001s ]

[ 2018-11-11T08:53:50+08:00 ] 112.224.19.69 /index.php/Api/Index/tjcp
INFO: [ app_init ] --START--
INFO: Run Behavior\BuildLiteBehavior [ RunTime:0.000012s ]
INFO: [ app_init ] --END-- [ RunTime:0.000235s ]
INFO: [ app_begin ] --START--
INFO: Run Behavior\ReadHtmlCacheBehavior [ RunTime:0.000257s ]
INFO: [ app_begin ] --END-- [ RunTime:0.000301s ]
SQL: SHOW COLUMNS FROM `qm_product` [ RunTime:0.0006s ]
SQL: SELECT * FROM `qm_product` WHERE ( iszx=1 )  [ RunTime:0.0001s ]

[ 2018-11-11T08:53:50+08:00 ] 112.224.19.69 /index.php/Api/Index/ticity
INFO: [ app_init ] --START--
INFO: Run Behavior\BuildLiteBehavior [ RunTime:0.000012s ]
INFO: [ app_init ] --END-- [ RunTime:0.000235s ]
INFO: [ app_begin ] --START--
INFO: Run Behavior\ReadHtmlCacheBehavior [ RunTime:0.000307s ]
INFO: [ app_begin ] --END-- [ RunTime:0.000346s ]
SQL: SHOW COLUMNS FROM `qm_users` [ RunTime:0.0008s ]
SQL: UPDATE `qm_users` SET `city`='济南市' WHERE ( id=74210563 ) [ RunTime:0.0080s ]
INFO: [ app_end ] --START--
INFO: Run Behavior\ShowPageTraceBehavior [ RunTime:0.000465s ]
INFO: [ app_end ] --END-- [ RunTime:0.000500s ]

[ 2018-11-11T08:53:52+08:00 ] 112.224.19.69 /index.php/Api/Index/getggfir
INFO: [ app_init ] --START--
INFO: Run Behavior\BuildLiteBehavior [ RunTime:0.000011s ]
INFO: [ app_init ] --END-- [ RunTime:0.000219s ]
INFO: [ app_begin ] --START--
INFO: Run Behavior\ReadHtmlCacheBehavior [ RunTime:0.000276s ]
INFO: [ app_begin ] --END-- [ RunTime:0.000309s ]
SQL: SHOW COLUMNS FROM `qm_gggl` [ RunTime:0.0005s ]
SQL: SELECT * FROM `qm_gggl` ORDER BY id desc LIMIT 1   [ RunTime:0.0001s ]

[ 2018-11-11T08:53:52+08:00 ] 112.224.19.69 /index.php/Api/Index/getggfir
INFO: [ app_init ] --START--
INFO: Run Behavior\BuildLiteBehavior [ RunTime:0.000012s ]
INFO: [ app_init ] --END-- [ RunTime:0.000243s ]
INFO: [ app_begin ] --START--
INFO: Run Behavior\ReadHtmlCacheBehavior [ RunTime:0.000296s ]
INFO: [ app_begin ] --END-- [ RunTime:0.000330s ]
SQL: SHOW COLUMNS FROM `qm_gggl` [ RunTime:0.0005s ]
SQL: SELECT * FROM `qm_gggl` ORDER BY id desc LIMIT 1   [ RunTime:0.0001s ]

[ 2018-11-11T08:54:12+08:00 ] 112.224.19.69 /index.php/Api/Index/productfl
INFO: [ app_init ] --START--
INFO: Run Behavior\BuildLiteBehavior [ RunTime:0.000012s ]
INFO: [ app_init ] --END-- [ RunTime:0.000220s ]
INFO: [ app_begin ] --START--
INFO: Run Behavior\ReadHtmlCacheBehavior [ RunTime:0.000308s ]
INFO: [ app_begin ] --END-- [ RunTime:0.000343s ]
SQL: SHOW COLUMNS FROM `qm_product` [ RunTime:0.0005s ]
SQL: SELECT * FROM `qm_product` WHERE ( fid=1 ) ORDER BY px asc  [ RunTime:0.0096s ]

[ 2018-11-11T08:54:12+08:00 ] 112.224.19.69 /index.php/Api/Index/jxz
INFO: [ app_init ] --START--
INFO: Run Behavior\BuildLiteBehavior [ RunTime:0.000009s ]
INFO: [ app_init ] --END-- [ RunTime:0.000208s ]
INFO: [ app_begin ] --START--
INFO: Run Behavior\ReadHtmlCacheBehavior [ RunTime:0.000259s ]
INFO: [ app_begin ] --END-- [ RunTime:0.000291s ]
SQL: SHOW COLUMNS FROM `qm_jilu` [ RunTime:0.0007s ]
SQL: SELECT * FROM `qm_jilu` WHERE ( `stat` = 3 OR `stat` = 1 OR `stat` = 0 ) AND `uid` = 74210563  [ RunTime:0.0003s ]

[ 2018-11-11T08:54:13+08:00 ] 112.224.19.69 /index.php/Api/Index/wc
INFO: [ app_init ] --START--
INFO: Run Behavior\BuildLiteBehavior [ RunTime:0.000012s ]
INFO: [ app_init ] --END-- [ RunTime:0.000230s ]
INFO: [ app_begin ] --START--
INFO: Run Behavior\ReadHtmlCacheBehavior [ RunTime:0.000241s ]
INFO: [ app_begin ] --END-- [ RunTime:0.000281s ]
SQL: SHOW COLUMNS FROM `qm_jilu` [ RunTime:0.0005s ]
SQL: SELECT * FROM `qm_jilu` WHERE ( uid=74210563 and stat =2  )  [ RunTime:0.0002s ]

[ 2018-11-11T08:54:13+08:00 ] 112.224.19.69 /index.php/Api/Index/productfl
INFO: [ app_init ] --START--
INFO: Run Behavior\BuildLiteBehavior [ RunTime:0.000012s ]
INFO: [ app_init ] --END-- [ RunTime:0.000264s ]
INFO: [ app_begin ] --START--
INFO: Run Behavior\ReadHtmlCacheBehavior [ RunTime:0.000270s ]
INFO: [ app_begin ] --END-- [ RunTime:0.000304s ]
SQL: SHOW COLUMNS FROM `qm_product` [ RunTime:0.0006s ]
SQL: SELECT * FROM `qm_product` WHERE ( fid=2 ) ORDER BY px asc  [ RunTime:0.0001s ]

[ 2018-11-11T08:54:13+08:00 ] 112.224.19.69 /index.php/Api/Index/productfl
INFO: [ app_init ] --START--
INFO: Run Behavior\BuildLiteBehavior [ RunTime:0.000011s ]
INFO: [ app_init ] --END-- [ RunTime:0.000214s ]
INFO: [ app_begin ] --START--
INFO: Run Behavior\ReadHtmlCacheBehavior [ RunTime:0.000246s ]
INFO: [ app_begin ] --END-- [ RunTime:0.000280s ]
SQL: SHOW COLUMNS FROM `qm_product` [ RunTime:0.0008s ]
SQL: SELECT * FROM `qm_product` WHERE ( fid=10 ) ORDER BY px asc  [ RunTime:0.0002s ]

[ 2018-11-11T08:54:14+08:00 ] 112.224.19.69 /index.php/Api/Index/hqhh
INFO: [ app_init ] --START--
INFO: Run Behavior\BuildLiteBehavior [ RunTime:0.000013s ]
INFO: [ app_init ] --END-- [ RunTime:0.000246s ]
INFO: [ app_begin ] --START--
INFO: Run Behavior\ReadHtmlCacheBehavior [ RunTime:0.000264s ]
INFO: [ app_begin ] --END-- [ RunTime:0.000298s ]
SQL: SHOW COLUMNS FROM `qm_hh` [ RunTime:0.0005s ]
SQL: SELECT * FROM `qm_hh` WHERE ( id=1 ) LIMIT 1   [ RunTime:0.0001s ]

[ 2018-11-11T08:54:20+08:00 ] 112.224.19.69 /index.php/Api/Index/productfl
INFO: [ app_init ] --START--
INFO: Run Behavior\BuildLiteBehavior [ RunTime:0.000014s ]
INFO: [ app_init ] --END-- [ RunTime:0.000230s ]
INFO: [ app_begin ] --START--
INFO: Run Behavior\ReadHtmlCacheBehavior [ RunTime:0.000335s ]
INFO: [ app_begin ] --END-- [ RunTime:0.000373s ]
SQL: SHOW COLUMNS FROM `qm_product` [ RunTime:0.0008s ]
SQL: SELECT * FROM `qm_product` WHERE ( fid=7 ) ORDER BY px asc  [ RunTime:0.0001s ]

[ 2018-11-11T08:54:20+08:00 ] 112.224.19.69 /index.php/Api/Index/productfl
INFO: [ app_init ] --START--
INFO: Run Behavior\BuildLiteBehavior [ RunTime:0.000012s ]
INFO: [ app_init ] --END-- [ RunTime:0.000234s ]
INFO: [ app_begin ] --START--
INFO: Run Behavior\ReadHtmlCacheBehavior [ RunTime:0.000246s ]
INFO: [ app_begin ] --END-- [ RunTime:0.000278s ]
SQL: SHOW COLUMNS FROM `qm_product` [ RunTime:0.0006s ]
SQL: SELECT * FROM `qm_product` WHERE ( fid=8 ) ORDER BY px asc  [ RunTime:0.0001s ]

[ 2018-11-11T08:54:20+08:00 ] 112.224.19.69 /index.php/Api/Index/productfl
INFO: [ app_init ] --START--
INFO: Run Behavior\BuildLiteBehavior [ RunTime:0.000011s ]
INFO: [ app_init ] --END-- [ RunTime:0.000204s ]
INFO: [ app_begin ] --START--
INFO: Run Behavior\ReadHtmlCacheBehavior [ RunTime:0.000314s ]
INFO: [ app_begin ] --END-- [ RunTime:0.007393s ]
SQL: SHOW COLUMNS FROM `qm_product` [ RunTime:0.0005s ]
SQL: SELECT * FROM `qm_product` WHERE ( fid=9 ) ORDER BY px asc  [ RunTime:0.0001s ]

[ 2018-11-11T09:28:12+08:00 ] 113.121.208.194 /index.php/Api/Index/lblist
INFO: [ app_init ] --START--
INFO: Run Behavior\BuildLiteBehavior [ RunTime:0.000011s ]
INFO: [ app_init ] --END-- [ RunTime:0.000231s ]
INFO: [ app_begin ] --START--
INFO: Run Behavior\ReadHtmlCacheBehavior [ RunTime:0.000267s ]
INFO: [ app_begin ] --END-- [ RunTime:0.000305s ]
SQL: SHOW COLUMNS FROM `qm_lb` [ RunTime:0.0005s ]
SQL: SELECT * FROM `qm_lb` WHERE ( stat=1 )  [ RunTime:0.0001s ]

[ 2018-11-11T09:28:12+08:00 ] 113.121.208.194 /index.php/Api/Index/zxkz
INFO: [ app_init ] --START--
INFO: Run Behavior\BuildLiteBehavior [ RunTime:0.000011s ]
INFO: [ app_init ] --END-- [ RunTime:0.000217s ]
INFO: [ app_begin ] --START--
INFO: Run Behavior\ReadHtmlCacheBehavior [ RunTime:0.000305s ]
INFO: [ app_begin ] --END-- [ RunTime:0.000343s ]
SQL: SHOW COLUMNS FROM `qm_zxkz` [ RunTime:0.0006s ]
SQL: SELECT * FROM `qm_zxkz` WHERE ( stat=1  ) ORDER BY id desc LIMIT 0,5   [ RunTime:0.0001s ]

[ 2018-11-11T09:28:12+08:00 ] 113.121.208.194 /index.php/Api/Index/xyk
INFO: [ app_init ] --START--
INFO: Run Behavior\BuildLiteBehavior [ RunTime:0.000011s ]
INFO: [ app_init ] --END-- [ RunTime:0.000251s ]
INFO: [ app_begin ] --START--
INFO: Run Behavior\ReadHtmlCacheBehavior [ RunTime:0.000340s ]
INFO: [ app_begin ] --END-- [ RunTime:0.000384s ]
SQL: SHOW COLUMNS FROM `qm_zxkz` [ RunTime:0.0006s ]
SQL: SELECT * FROM `qm_zxkz` WHERE ( stat=2 ) ORDER BY id desc LIMIT 0,5   [ RunTime:0.0001s ]

[ 2018-11-11T09:28:13+08:00 ] 113.121.208.194 /index.php/Api/Index/ticity
INFO: [ app_init ] --START--
INFO: Run Behavior\BuildLiteBehavior [ RunTime:0.000012s ]
INFO: [ app_init ] --END-- [ RunTime:0.000260s ]
INFO: [ app_begin ] --START--
INFO: Run Behavior\ReadHtmlCacheBehavior [ RunTime:0.000365s ]
INFO: [ app_begin ] --END-- [ RunTime:0.000441s ]
SQL: SHOW COLUMNS FROM `qm_users` [ RunTime:0.0006s ]
SQL: UPDATE `qm_users` SET `city`='德州市' WHERE ( id=96507184 ) [ RunTime:0.0072s ]
INFO: [ app_end ] --START--
INFO: Run Behavior\ShowPageTraceBehavior [ RunTime:0.000424s ]
INFO: [ app_end ] --END-- [ RunTime:0.000460s ]

[ 2018-11-11T09:28:13+08:00 ] 113.121.208.194 /index.php/Api/Index/gh
INFO: [ app_init ] --START--
INFO: Run Behavior\BuildLiteBehavior [ RunTime:0.000012s ]
INFO: [ app_init ] --END-- [ RunTime:0.000248s ]
INFO: [ app_begin ] --START--
INFO: Run Behavior\ReadHtmlCacheBehavior [ RunTime:0.000264s ]
INFO: [ app_begin ] --END-- [ RunTime:0.000297s ]
SQL: SHOW COLUMNS FROM `qm_zxkz` [ RunTime:0.0005s ]
SQL: SELECT * FROM `qm_zxkz` WHERE ( stat=3 ) ORDER BY id desc LIMIT 0,5   [ RunTime:0.0001s ]

[ 2018-11-11T09:28:13+08:00 ] 113.121.208.194 /index.php/Api/Index/tjcp
INFO: [ app_init ] --START--
INFO: Run Behavior\BuildLiteBehavior [ RunTime:0.000011s ]
INFO: [ app_init ] --END-- [ RunTime:0.000207s ]
INFO: [ app_begin ] --START--
INFO: Run Behavior\ReadHtmlCacheBehavior [ RunTime:0.000269s ]
INFO: [ app_begin ] --END-- [ RunTime:0.000305s ]
SQL: SHOW COLUMNS FROM `qm_product` [ RunTime:0.0008s ]
SQL: SELECT * FROM `qm_product` WHERE ( iszx=1 )  [ RunTime:0.0002s ]

[ 2018-11-11T09:28:14+08:00 ] 113.121.208.194 /index.php/Api/Index/getggfir
INFO: [ app_init ] --START--
INFO: Run Behavior\BuildLiteBehavior [ RunTime:0.000014s ]
INFO: [ app_init ] --END-- [ RunTime:0.000225s ]
INFO: [ app_begin ] --START--
INFO: Run Behavior\ReadHtmlCacheBehavior [ RunTime:0.000267s ]
INFO: [ app_begin ] --END-- [ RunTime:0.000301s ]
SQL: SHOW COLUMNS FROM `qm_gggl` [ RunTime:0.0005s ]
SQL: SELECT * FROM `qm_gggl` ORDER BY id desc LIMIT 1   [ RunTime:0.0001s ]

[ 2018-11-11T09:28:14+08:00 ] 113.121.208.194 /index.php/Api/Index/getggfir
INFO: [ app_init ] --START--
INFO: Run Behavior\BuildLiteBehavior [ RunTime:0.000010s ]
INFO: [ app_init ] --END-- [ RunTime:0.000213s ]
INFO: [ app_begin ] --START--
INFO: Run Behavior\ReadHtmlCacheBehavior [ RunTime:0.000265s ]
INFO: [ app_begin ] --END-- [ RunTime:0.000303s ]
SQL: SHOW COLUMNS FROM `qm_gggl` [ RunTime:0.0004s ]
SQL: SELECT * FROM `qm_gggl` ORDER BY id desc LIMIT 1   [ RunTime:0.0001s ]

[ 2018-11-11T09:28:22+08:00 ] 113.121.208.194 /index.php/Api/Index/productfl
INFO: [ app_init ] --START--
INFO: Run Behavior\BuildLiteBehavior [ RunTime:0.000012s ]
INFO: [ app_init ] --END-- [ RunTime:0.000222s ]
INFO: [ app_begin ] --START--
INFO: Run Behavior\ReadHtmlCacheBehavior [ RunTime:0.000275s ]
INFO: [ app_begin ] --END-- [ RunTime:0.000312s ]
SQL: SHOW COLUMNS FROM `qm_product` [ RunTime:0.0006s ]
SQL: SELECT * FROM `qm_product` WHERE ( fid=3 ) ORDER BY px asc  [ RunTime:0.0001s ]

[ 2018-11-11T09:28:55+08:00 ] 113.121.208.194 /index.php/Api/Index/qdlist
INFO: [ app_init ] --START--
INFO: Run Behavior\BuildLiteBehavior [ RunTime:0.000011s ]
INFO: [ app_init ] --END-- [ RunTime:0.000206s ]
INFO: [ app_begin ] --START--
INFO: Run Behavior\ReadHtmlCacheBehavior [ RunTime:0.000273s ]
INFO: [ app_begin ] --END-- [ RunTime:0.000311s ]
SQL: SHOW COLUMNS FROM `qm_qd` [ RunTime:0.0008s ]
SQL: SELECT * FROM `qm_qd` WHERE ( stat = 1 ) ORDER BY id desc  [ RunTime:0.0001s ]

[ 2018-11-11T09:30:13+08:00 ] 113.121.208.194 /index.php/Api/Index/qdxq
INFO: [ app_init ] --START--
INFO: Run Behavior\BuildLiteBehavior [ RunTime:0.000011s ]
INFO: [ app_init ] --END-- [ RunTime:0.000216s ]
INFO: [ app_begin ] --START--
INFO: Run Behavior\ReadHtmlCacheBehavior [ RunTime:0.000268s ]
INFO: [ app_begin ] --END-- [ RunTime:0.000301s ]
SQL: SHOW COLUMNS FROM `qm_qd` [ RunTime:0.0007s ]
SQL: SELECT * FROM `qm_qd` WHERE ( id=5 ) LIMIT 1   [ RunTime:0.0002s ]

[ 2018-11-11T09:30:23+08:00 ] 113.121.208.194 /index.php/Api/Index/qd_phone
INFO: [ app_init ] --START--
INFO: Run Behavior\BuildLiteBehavior [ RunTime:0.000010s ]
INFO: [ app_init ] --END-- [ RunTime:0.000211s ]
INFO: [ app_begin ] --START--
INFO: Run Behavior\ReadHtmlCacheBehavior [ RunTime:0.000294s ]
INFO: [ app_begin ] --END-- [ RunTime:0.000336s ]
SQL: SHOW COLUMNS FROM `qm_users` [ RunTime:0.0006s ]
SQL: SELECT * FROM `qm_users` WHERE ( id=96507184 ) LIMIT 1   [ RunTime:0.0002s ]

[ 2018-11-11T09:30:23+08:00 ] 113.121.208.194 /index.php/Api/Index/qd_phone
INFO: [ app_init ] --START--
INFO: Run Behavior\BuildLiteBehavior [ RunTime:0.000011s ]
INFO: [ app_init ] --END-- [ RunTime:0.000204s ]
INFO: [ app_begin ] --START--
INFO: Run Behavior\ReadHtmlCacheBehavior [ RunTime:0.000256s ]
INFO: [ app_begin ] --END-- [ RunTime:0.000295s ]
SQL: SHOW COLUMNS FROM `qm_users` [ RunTime:0.0006s ]
SQL: SELECT * FROM `qm_users` WHERE ( id=96507184 ) LIMIT 1   [ RunTime:0.0001s ]

[ 2018-11-11T09:30:37+08:00 ] 113.121.208.194 /index.php/Api/Index/productfl
INFO: [ app_init ] --START--
INFO: Run Behavior\BuildLiteBehavior [ RunTime:0.000010s ]
INFO: [ app_init ] --END-- [ RunTime:0.000250s ]
INFO: [ app_begin ] --START--
INFO: Run Behavior\ReadHtmlCacheBehavior [ RunTime:0.000251s ]
INFO: [ app_begin ] --END-- [ RunTime:0.000310s ]
SQL: SHOW COLUMNS FROM `qm_product` [ RunTime:0.0006s ]
SQL: SELECT * FROM `qm_product` WHERE ( fid=1 ) ORDER BY px asc  [ RunTime:0.0003s ]

[ 2018-11-11T09:30:37+08:00 ] 113.121.208.194 /index.php/Api/Index/jxz
INFO: [ app_init ] --START--
INFO: Run Behavior\BuildLiteBehavior [ RunTime:0.000012s ]
INFO: [ app_init ] --END-- [ RunTime:0.000219s ]
INFO: [ app_begin ] --START--
INFO: Run Behavior\ReadHtmlCacheBehavior [ RunTime:0.000309s ]
INFO: [ app_begin ] --END-- [ RunTime:0.000348s ]
SQL: SHOW COLUMNS FROM `qm_jilu` [ RunTime:0.0006s ]
SQL: SELECT * FROM `qm_jilu` WHERE ( `stat` = 3 OR `stat` = 1 OR `stat` = 0 ) AND `uid` = 96507184  [ RunTime:0.0002s ]

[ 2018-11-11T09:30:37+08:00 ] 113.121.208.194 /index.php/Api/Index/productfl
INFO: [ app_init ] --START--
INFO: Run Behavior\BuildLiteBehavior [ RunTime:0.000012s ]
INFO: [ app_init ] --END-- [ RunTime:0.000245s ]
INFO: [ app_begin ] --START--
INFO: Run Behavior\ReadHtmlCacheBehavior [ RunTime:0.000260s ]
INFO: [ app_begin ] --END-- [ RunTime:0.000296s ]
SQL: SHOW COLUMNS FROM `qm_product` [ RunTime:0.0006s ]
SQL: SELECT * FROM `qm_product` WHERE ( fid=2 ) ORDER BY px asc  [ RunTime:0.0001s ]

[ 2018-11-11T09:30:37+08:00 ] 113.121.208.194 /index.php/Api/Index/wc
INFO: [ app_init ] --START--
INFO: Run Behavior\BuildLiteBehavior [ RunTime:0.000010s ]
INFO: [ app_init ] --END-- [ RunTime:0.000208s ]
INFO: [ app_begin ] --START--
INFO: Run Behavior\ReadHtmlCacheBehavior [ RunTime:0.000280s ]
INFO: [ app_begin ] --END-- [ RunTime:0.000314s ]
SQL: SHOW COLUMNS FROM `qm_jilu` [ RunTime:0.0005s ]
SQL: SELECT * FROM `qm_jilu` WHERE ( uid=96507184 and stat =2  )  [ RunTime:0.0002s ]

[ 2018-11-11T09:30:37+08:00 ] 113.121.208.194 /index.php/Api/Index/productfl
INFO: [ app_init ] --START--
INFO: Run Behavior\BuildLiteBehavior [ RunTime:0.000011s ]
INFO: [ app_init ] --END-- [ RunTime:0.000251s ]
INFO: [ app_begin ] --START--
INFO: Run Behavior\ReadHtmlCacheBehavior [ RunTime:0.000284s ]
INFO: [ app_begin ] --END-- [ RunTime:0.000321s ]
SQL: SHOW COLUMNS FROM `qm_product` [ RunTime:0.0006s ]
SQL: SELECT * FROM `qm_product` WHERE ( fid=10 ) ORDER BY px asc  [ RunTime:0.0001s ]

[ 2018-11-11T09:30:37+08:00 ] 113.121.208.194 /index.php/Api/Index/hqhh
INFO: [ app_init ] --START--
INFO: Run Behavior\BuildLiteBehavior [ RunTime:0.000011s ]
INFO: [ app_init ] --END-- [ RunTime:0.000236s ]
INFO: [ app_begin ] --START--
INFO: Run Behavior\ReadHtmlCacheBehavior [ RunTime:0.000252s ]
INFO: [ app_begin ] --END-- [ RunTime:0.000284s ]
SQL: SHOW COLUMNS FROM `qm_hh` [ RunTime:0.0005s ]
SQL: SELECT * FROM `qm_hh` WHERE ( id=1 ) LIMIT 1   [ RunTime:0.0001s ]

[ 2018-11-11T11:01:02+08:00 ] 39.71.14.180 /index.php/Api/Index/lblist
INFO: [ app_init ] --START--
INFO: Run Behavior\BuildLiteBehavior [ RunTime:0.000011s ]
INFO: [ app_init ] --END-- [ RunTime:0.000240s ]
INFO: [ app_begin ] --START--
INFO: Run Behavior\ReadHtmlCacheBehavior [ RunTime:0.000277s ]
INFO: [ app_begin ] --END-- [ RunTime:0.000310s ]
SQL: SHOW COLUMNS FROM `qm_lb` [ RunTime:0.0005s ]
SQL: SELECT * FROM `qm_lb` WHERE ( stat=1 )  [ RunTime:0.0001s ]

[ 2018-11-11T11:01:02+08:00 ] 39.71.14.180 /index.php/Api/Index/zxkz
INFO: [ app_init ] --START--
INFO: Run Behavior\BuildLiteBehavior [ RunTime:0.000011s ]
INFO: [ app_init ] --END-- [ RunTime:0.000223s ]
INFO: [ app_begin ] --START--
INFO: Run Behavior\ReadHtmlCacheBehavior [ RunTime:0.000280s ]
INFO: [ app_begin ] --END-- [ RunTime:0.000313s ]
SQL: SHOW COLUMNS FROM `qm_zxkz` [ RunTime:0.0007s ]
SQL: SELECT * FROM `qm_zxkz` WHERE ( stat=1  ) ORDER BY id desc LIMIT 0,5   [ RunTime:0.0001s ]

[ 2018-11-11T11:01:03+08:00 ] 39.71.14.180 /index.php/Api/Index/ticity
INFO: [ app_init ] --START--
INFO: Run Behavior\BuildLiteBehavior [ RunTime:0.000011s ]
INFO: [ app_init ] --END-- [ RunTime:0.000259s ]
INFO: [ app_begin ] --START--
INFO: Run Behavior\ReadHtmlCacheBehavior [ RunTime:0.000284s ]
INFO: [ app_begin ] --END-- [ RunTime:0.000318s ]
SQL: SHOW COLUMNS FROM `qm_users` [ RunTime:0.0006s ]
SQL: UPDATE `qm_users` SET `city`='济南市' WHERE ( id=676177 ) [ RunTime:0.0002s ]
INFO: [ app_end ] --START--
INFO: Run Behavior\ShowPageTraceBehavior [ RunTime:0.000356s ]
INFO: [ app_end ] --END-- [ RunTime:0.000395s ]

[ 2018-11-11T11:01:03+08:00 ] 39.71.14.180 /index.php/Api/Index/xyk
INFO: [ app_init ] --START--
INFO: Run Behavior\BuildLiteBehavior [ RunTime:0.000012s ]
INFO: [ app_init ] --END-- [ RunTime:0.000229s ]
INFO: [ app_begin ] --START--
INFO: Run Behavior\ReadHtmlCacheBehavior [ RunTime:0.000305s ]
INFO: [ app_begin ] --END-- [ RunTime:0.000343s ]
SQL: SHOW COLUMNS FROM `qm_zxkz` [ RunTime:0.0007s ]
SQL: SELECT * FROM `qm_zxkz` WHERE ( stat=2 ) ORDER BY id desc LIMIT 0,5   [ RunTime:0.0001s ]

[ 2018-11-11T11:01:04+08:00 ] 39.71.14.180 /index.php/Api/Index/gh
INFO: [ app_init ] --START--
INFO: Run Behavior\BuildLiteBehavior [ RunTime:0.000012s ]
INFO: [ app_init ] --END-- [ RunTime:0.000274s ]
INFO: [ app_begin ] --START--
INFO: Run Behavior\ReadHtmlCacheBehavior [ RunTime:0.000284s ]
INFO: [ app_begin ] --END-- [ RunTime:0.000322s ]
SQL: SHOW COLUMNS FROM `qm_zxkz` [ RunTime:0.0005s ]
SQL: SELECT * FROM `qm_zxkz` WHERE ( stat=3 ) ORDER BY id desc LIMIT 0,5   [ RunTime:0.0001s ]

[ 2018-11-11T11:01:04+08:00 ] 39.71.14.180 /index.php/Api/Index/tjcp
INFO: [ app_init ] --START--
INFO: Run Behavior\BuildLiteBehavior [ RunTime:0.000011s ]
INFO: [ app_init ] --END-- [ RunTime:0.000200s ]
INFO: [ app_begin ] --START--
INFO: Run Behavior\ReadHtmlCacheBehavior [ RunTime:0.000261s ]
INFO: [ app_begin ] --END-- [ RunTime:0.000295s ]
SQL: SHOW COLUMNS FROM `qm_product` [ RunTime:0.0005s ]
SQL: SELECT * FROM `qm_product` WHERE ( iszx=1 )  [ RunTime:0.0002s ]

[ 2018-11-11T11:01:04+08:00 ] 39.71.14.180 /index.php/Api/Index/getggfir
INFO: [ app_init ] --START--
INFO: Run Behavior\BuildLiteBehavior [ RunTime:0.000011s ]
INFO: [ app_init ] --END-- [ RunTime:0.000229s ]
INFO: [ app_begin ] --START--
INFO: Run Behavior\ReadHtmlCacheBehavior [ RunTime:0.000262s ]
INFO: [ app_begin ] --END-- [ RunTime:0.000298s ]
SQL: SHOW COLUMNS FROM `qm_gggl` [ RunTime:0.0006s ]
SQL: SELECT * FROM `qm_gggl` ORDER BY id desc LIMIT 1   [ RunTime:0.0001s ]

[ 2018-11-11T11:01:04+08:00 ] 39.71.14.180 /index.php/Api/Index/getggfir
INFO: [ app_init ] --START--
INFO: Run Behavior\BuildLiteBehavior [ RunTime:0.000016s ]
INFO: [ app_init ] --END-- [ RunTime:0.000345s ]
INFO: [ app_begin ] --START--
INFO: Run Behavior\ReadHtmlCacheBehavior [ RunTime:0.001462s ]
INFO: [ app_begin ] --END-- [ RunTime:0.001517s ]
SQL: SHOW COLUMNS FROM `qm_gggl` [ RunTime:0.0005s ]
SQL: SELECT * FROM `qm_gggl` ORDER BY id desc LIMIT 1   [ RunTime:0.0001s ]

[ 2018-11-11T11:01:07+08:00 ] 39.71.14.180 /index.php/Api/Index/productfl
INFO: [ app_init ] --START--
INFO: Run Behavior\BuildLiteBehavior [ RunTime:0.000011s ]
INFO: [ app_init ] --END-- [ RunTime:0.000210s ]
INFO: [ app_begin ] --START--
INFO: Run Behavior\ReadHtmlCacheBehavior [ RunTime:0.000275s ]
INFO: [ app_begin ] --END-- [ RunTime:0.000323s ]
SQL: SHOW COLUMNS FROM `qm_product` [ RunTime:0.0007s ]
SQL: SELECT * FROM `qm_product` WHERE ( fid=1 ) ORDER BY px asc  [ RunTime:0.0003s ]

[ 2018-11-11T11:01:07+08:00 ] 39.71.14.180 /index.php/Api/Index/jxz
INFO: [ app_init ] --START--
INFO: Run Behavior\BuildLiteBehavior [ RunTime:0.000011s ]
INFO: [ app_init ] --END-- [ RunTime:0.000212s ]
INFO: [ app_begin ] --START--
INFO: Run Behavior\ReadHtmlCacheBehavior [ RunTime:0.000253s ]
INFO: [ app_begin ] --END-- [ RunTime:0.000299s ]
SQL: SHOW COLUMNS FROM `qm_jilu` [ RunTime:0.0005s ]
SQL: SELECT * FROM `qm_jilu` WHERE ( `stat` = 3 OR `stat` = 1 OR `stat` = 0 ) AND `uid` = 676177  [ RunTime:0.0001s ]
SQL: SHOW COLUMNS FROM `qm_product` [ RunTime:0.0004s ]
SQL: SELECT `name` FROM `qm_product` WHERE ( id=17 ) LIMIT 1   [ RunTime:0.0000s ]
SQL: SELECT `pic` FROM `qm_product` WHERE ( id=17 ) LIMIT 1   [ RunTime:0.0000s ]
SQL: SELECT `sm` FROM `qm_product` WHERE ( id=17 ) LIMIT 1   [ RunTime:0.0000s ]
SQL: SHOW COLUMNS FROM `qm_yhfy` [ RunTime:0.0004s ]
SQL: SELECT `sped` FROM `qm_yhfy` WHERE ( id=17 ) LIMIT 1   [ RunTime:0.0000s ]
SQL: SHOW COLUMNS FROM `qm_axf` [ RunTime:0.0004s ]
SQL: SELECT `sped` FROM `qm_axf` WHERE ( id=0 ) LIMIT 1   [ RunTime:0.0000s ]
SQL: SHOW COLUMNS FROM `qm_dkgj` [ RunTime:0.0003s ]
SQL: SELECT `sped` FROM `qm_dkgj` WHERE ( id=0 ) LIMIT 1   [ RunTime:0.0000s ]
SQL: SHOW COLUMNS FROM `qm_bd` [ RunTime:0.0004s ]
SQL: SELECT `sped` FROM `qm_bd` WHERE ( id=0 ) LIMIT 1   [ RunTime:0.0000s ]

[ 2018-11-11T11:01:07+08:00 ] 39.71.14.180 /index.php/Api/Index/wc
INFO: [ app_init ] --START--
INFO: Run Behavior\BuildLiteBehavior [ RunTime:0.000011s ]
INFO: [ app_init ] --END-- [ RunTime:0.000210s ]
INFO: [ app_begin ] --START--
INFO: Run Behavior\ReadHtmlCacheBehavior [ RunTime:0.000279s ]
INFO: [ app_begin ] --END-- [ RunTime:0.001718s ]
SQL: SHOW COLUMNS FROM `qm_jilu` [ RunTime:0.0006s ]
SQL: SELECT * FROM `qm_jilu` WHERE ( uid=676177 and stat =2  )  [ RunTime:0.0001s ]

[ 2018-11-11T11:01:07+08:00 ] 39.71.14.180 /index.php/Api/Index/productfl
INFO: [ app_init ] --START--
INFO: Run Behavior\BuildLiteBehavior [ RunTime:0.000014s ]
INFO: [ app_init ] --END-- [ RunTime:0.000312s ]
INFO: [ app_begin ] --START--
INFO: Run Behavior\ReadHtmlCacheBehavior [ RunTime:0.000384s ]
INFO: [ app_begin ] --END-- [ RunTime:0.000519s ]
SQL: SHOW COLUMNS FROM `qm_product` [ RunTime:0.0005s ]
SQL: SELECT * FROM `qm_product` WHERE ( fid=2 ) ORDER BY px asc  [ RunTime:0.0001s ]

[ 2018-11-11T11:01:07+08:00 ] 39.71.14.180 /index.php/Api/Index/productfl
INFO: [ app_init ] --START--
INFO: Run Behavior\BuildLiteBehavior [ RunTime:0.000017s ]
INFO: [ app_init ] --END-- [ RunTime:0.000253s ]
INFO: [ app_begin ] --START--
INFO: Run Behavior\ReadHtmlCacheBehavior [ RunTime:0.000299s ]
INFO: [ app_begin ] --END-- [ RunTime:0.000333s ]
SQL: SHOW COLUMNS FROM `qm_product` [ RunTime:0.0006s ]
SQL: SELECT * FROM `qm_product` WHERE ( fid=10 ) ORDER BY px asc  [ RunTime:0.0001s ]

[ 2018-11-11T11:01:07+08:00 ] 39.71.14.180 /index.php/Api/Index/hqhh
INFO: [ app_init ] --START--
INFO: Run Behavior\BuildLiteBehavior [ RunTime:0.000013s ]
INFO: [ app_init ] --END-- [ RunTime:0.000214s ]
INFO: [ app_begin ] --START--
INFO: Run Behavior\ReadHtmlCacheBehavior [ RunTime:0.000277s ]
INFO: [ app_begin ] --END-- [ RunTime:0.000312s ]
SQL: SHOW COLUMNS FROM `qm_hh` [ RunTime:0.0005s ]
SQL: SELECT * FROM `qm_hh` WHERE ( id=1 ) LIMIT 1   [ RunTime:0.0001s ]

[ 2018-11-11T11:01:10+08:00 ] 39.71.14.180 /index.php/Api/Index/cpxq
INFO: [ app_init ] --START--
INFO: Run Behavior\BuildLiteBehavior [ RunTime:0.000011s ]
INFO: [ app_init ] --END-- [ RunTime:0.000205s ]
INFO: [ app_begin ] --START--
INFO: Run Behavior\ReadHtmlCacheBehavior [ RunTime:0.000290s ]
INFO: [ app_begin ] --END-- [ RunTime:0.000323s ]
SQL: SHOW COLUMNS FROM `qm_product` [ RunTime:0.0006s ]
SQL: SELECT * FROM `qm_product` WHERE ( id=80 ) LIMIT 1   [ RunTime:0.0001s ]

[ 2018-11-11T11:01:17+08:00 ] 39.71.14.180 /index.php/Api/Index/getdkbj
INFO: [ app_init ] --START--
INFO: Run Behavior\BuildLiteBehavior [ RunTime:0.000011s ]
INFO: [ app_init ] --END-- [ RunTime:0.000253s ]
INFO: [ app_begin ] --START--
INFO: Run Behavior\ReadHtmlCacheBehavior [ RunTime:0.000261s ]
INFO: [ app_begin ] --END-- [ RunTime:0.000295s ]
SQL: SHOW COLUMNS FROM `qm_dkbjt` [ RunTime:0.0006s ]
SQL: SELECT * FROM `qm_dkbjt` WHERE ( pid=80 ) LIMIT 1   [ RunTime:0.0012s ]

[ 2018-11-11T11:01:29+08:00 ] 39.71.14.180 /index.php/Api/Index/obtaingg
INFO: [ app_init ] --START--
INFO: Run Behavior\BuildLiteBehavior [ RunTime:0.000011s ]
INFO: [ app_init ] --END-- [ RunTime:0.000213s ]
INFO: [ app_begin ] --START--
INFO: Run Behavior\ReadHtmlCacheBehavior [ RunTime:0.000290s ]
INFO: [ app_begin ] --END-- [ RunTime:0.000327s ]
SQL: SHOW COLUMNS FROM `qm_gggl` [ RunTime:0.0005s ]
SQL: SELECT * FROM `qm_gggl` ORDER BY id desc  [ RunTime:0.0001s ]

[ 2018-11-11T11:01:29+08:00 ] 39.71.14.180 /index.php/Api/Index/medata
INFO: [ app_init ] --START--
INFO: Run Behavior\BuildLiteBehavior [ RunTime:0.000010s ]
INFO: [ app_init ] --END-- [ RunTime:0.000202s ]
INFO: [ app_begin ] --START--
INFO: Run Behavior\ReadHtmlCacheBehavior [ RunTime:0.000278s ]
INFO: [ app_begin ] --END-- [ RunTime:0.000312s ]
SQL: SHOW COLUMNS FROM `qm_users` [ RunTime:0.0006s ]
SQL: SELECT * FROM `qm_users` WHERE ( id=676177 ) LIMIT 1   [ RunTime:0.0002s ]

[ 2018-11-11T11:01:30+08:00 ] 39.71.14.180 /index.php/Api/Index/sxlist
INFO: [ app_init ] --START--
INFO: Run Behavior\BuildLiteBehavior [ RunTime:0.000012s ]
INFO: [ app_init ] --END-- [ RunTime:0.000235s ]
INFO: [ app_begin ] --START--
INFO: Run Behavior\ReadHtmlCacheBehavior [ RunTime:0.000266s ]
INFO: [ app_begin ] --END-- [ RunTime:0.000300s ]
SQL: SHOW COLUMNS FROM `qm_sx` [ RunTime:0.0007s ]
SQL: SELECT * FROM `qm_sx` WHERE ( uid=676177 ) ORDER BY id desc  [ RunTime:0.0200s ]

[ 2018-11-11T12:33:55+08:00 ] 117.136.94.162 /index.php/Api/Index/ones
INFO: [ app_init ] --START--
INFO: Run Behavior\BuildLiteBehavior [ RunTime:0.000014s ]
INFO: [ app_init ] --END-- [ RunTime:0.000219s ]
INFO: [ app_begin ] --START--
INFO: Run Behavior\ReadHtmlCacheBehavior [ RunTime:0.000337s ]
INFO: [ app_begin ] --END-- [ RunTime:0.000375s ]
SQL: SHOW COLUMNS FROM `qm_zxkzs` [ RunTime:0.0005s ]
SQL: SELECT * FROM `qm_zxkzs` ORDER BY id desc LIMIT 0,5   [ RunTime:0.0001s ]

[ 2018-11-11T15:24:33+08:00 ] 112.224.20.203 /index.php/Api/Index/ones
INFO: [ app_init ] --START--
INFO: Run Behavior\BuildLiteBehavior [ RunTime:0.000017s ]
INFO: [ app_init ] --END-- [ RunTime:0.000311s ]
INFO: [ app_begin ] --START--
INFO: Run Behavior\ReadHtmlCacheBehavior [ RunTime:0.000437s ]
INFO: [ app_begin ] --END-- [ RunTime:0.000488s ]
SQL: SHOW COLUMNS FROM `qm_zxkzs` [ RunTime:0.0008s ]
SQL: SELECT * FROM `qm_zxkzs` ORDER BY id desc LIMIT 0,5   [ RunTime:0.0001s ]

[ 2018-11-11T17:17:20+08:00 ] 113.101.203.111 /index.php/Api/Index/lblist
INFO: [ app_init ] --START--
INFO: Run Behavior\BuildLiteBehavior [ RunTime:0.000010s ]
INFO: [ app_init ] --END-- [ RunTime:0.000221s ]
INFO: [ app_begin ] --START--
INFO: Run Behavior\ReadHtmlCacheBehavior [ RunTime:0.000249s ]
INFO: [ app_begin ] --END-- [ RunTime:0.000280s ]
SQL: SHOW COLUMNS FROM `qm_lb` [ RunTime:0.0007s ]
SQL: SELECT * FROM `qm_lb` WHERE ( stat=1 )  [ RunTime:0.0001s ]

[ 2018-11-11T17:17:21+08:00 ] 113.101.203.111 /index.php/Api/Index/zxkz
INFO: [ app_init ] --START--
INFO: Run Behavior\BuildLiteBehavior [ RunTime:0.000016s ]
INFO: [ app_init ] --END-- [ RunTime:0.000314s ]
INFO: [ app_begin ] --START--
INFO: Run Behavior\ReadHtmlCacheBehavior [ RunTime:0.000246s ]
INFO: [ app_begin ] --END-- [ RunTime:0.000279s ]
SQL: SHOW COLUMNS FROM `qm_zxkz` [ RunTime:0.0007s ]
SQL: SELECT * FROM `qm_zxkz` WHERE ( stat=1  ) ORDER BY id desc LIMIT 0,5   [ RunTime:0.0001s ]

[ 2018-11-11T17:17:21+08:00 ] 113.101.203.111 /index.php/Api/Index/ticity
INFO: [ app_init ] --START--
INFO: Run Behavior\BuildLiteBehavior [ RunTime:0.000012s ]
INFO: [ app_init ] --END-- [ RunTime:0.000218s ]
INFO: [ app_begin ] --START--
INFO: Run Behavior\ReadHtmlCacheBehavior [ RunTime:0.000272s ]
INFO: [ app_begin ] --END-- [ RunTime:0.000305s ]
SQL: SHOW COLUMNS FROM `qm_users` [ RunTime:0.0006s ]
SQL: UPDATE `qm_users` SET `city`='阳江市' WHERE ( id=12094538 ) [ RunTime:0.0002s ]
INFO: [ app_end ] --START--
INFO: Run Behavior\ShowPageTraceBehavior [ RunTime:0.000328s ]
INFO: [ app_end ] --END-- [ RunTime:0.000363s ]

[ 2018-11-11T17:17:21+08:00 ] 113.101.203.111 /index.php/Api/Index/xyk
INFO: [ app_init ] --START--
INFO: Run Behavior\BuildLiteBehavior [ RunTime:0.000016s ]
INFO: [ app_init ] --END-- [ RunTime:0.000351s ]
INFO: [ app_begin ] --START--
INFO: Run Behavior\ReadHtmlCacheBehavior [ RunTime:0.000459s ]
INFO: [ app_begin ] --END-- [ RunTime:0.000506s ]
SQL: SHOW COLUMNS FROM `qm_zxkz` [ RunTime:0.0008s ]
SQL: SELECT * FROM `qm_zxkz` WHERE ( stat=2 ) ORDER BY id desc LIMIT 0,5   [ RunTime:0.0002s ]

[ 2018-11-11T17:17:22+08:00 ] 113.101.203.111 /index.php/Api/Index/gh
INFO: [ app_init ] --START--
INFO: Run Behavior\BuildLiteBehavior [ RunTime:0.000012s ]
INFO: [ app_init ] --END-- [ RunTime:0.000219s ]
INFO: [ app_begin ] --START--
INFO: Run Behavior\ReadHtmlCacheBehavior [ RunTime:0.000271s ]
INFO: [ app_begin ] --END-- [ RunTime:0.000315s ]
SQL: SHOW COLUMNS FROM `qm_zxkz` [ RunTime:0.0007s ]
SQL: SELECT * FROM `qm_zxkz` WHERE ( stat=3 ) ORDER BY id desc LIMIT 0,5   [ RunTime:0.0001s ]

[ 2018-11-11T17:17:22+08:00 ] 113.101.203.111 /index.php/Api/Index/tjcp
INFO: [ app_init ] --START--
INFO: Run Behavior\BuildLiteBehavior [ RunTime:0.000011s ]
INFO: [ app_init ] --END-- [ RunTime:0.000208s ]
INFO: [ app_begin ] --START--
INFO: Run Behavior\ReadHtmlCacheBehavior [ RunTime:0.000258s ]
INFO: [ app_begin ] --END-- [ RunTime:0.000290s ]
SQL: SHOW COLUMNS FROM `qm_product` [ RunTime:0.0006s ]
SQL: SELECT * FROM `qm_product` WHERE ( iszx=1 )  [ RunTime:0.0001s ]

[ 2018-11-11T17:17:23+08:00 ] 113.101.203.111 /index.php/Api/Index/getggfir
INFO: [ app_init ] --START--
INFO: Run Behavior\BuildLiteBehavior [ RunTime:0.000012s ]
INFO: [ app_init ] --END-- [ RunTime:0.000233s ]
INFO: [ app_begin ] --START--
INFO: Run Behavior\ReadHtmlCacheBehavior [ RunTime:0.000259s ]
INFO: [ app_begin ] --END-- [ RunTime:0.000293s ]
SQL: SHOW COLUMNS FROM `qm_gggl` [ RunTime:0.0006s ]
SQL: SELECT * FROM `qm_gggl` ORDER BY id desc LIMIT 1   [ RunTime:0.0001s ]

[ 2018-11-11T17:17:23+08:00 ] 113.101.203.111 /index.php/Api/Index/getggfir
INFO: [ app_init ] --START--
INFO: Run Behavior\BuildLiteBehavior [ RunTime:0.000013s ]
INFO: [ app_init ] --END-- [ RunTime:0.000254s ]
INFO: [ app_begin ] --START--
INFO: Run Behavior\ReadHtmlCacheBehavior [ RunTime:0.000289s ]
INFO: [ app_begin ] --END-- [ RunTime:0.000333s ]
SQL: SHOW COLUMNS FROM `qm_gggl` [ RunTime:0.0005s ]
SQL: SELECT * FROM `qm_gggl` ORDER BY id desc LIMIT 1   [ RunTime:0.0001s ]

[ 2018-11-11T17:17:27+08:00 ] 113.101.203.111 /index.php/Api/Index/obtaingg
INFO: [ app_init ] --START--
INFO: Run Behavior\BuildLiteBehavior [ RunTime:0.000014s ]
INFO: [ app_init ] --END-- [ RunTime:0.000239s ]
INFO: [ app_begin ] --START--
INFO: Run Behavior\ReadHtmlCacheBehavior [ RunTime:0.000257s ]
INFO: [ app_begin ] --END-- [ RunTime:0.000293s ]
SQL: SHOW COLUMNS FROM `qm_gggl` [ RunTime:0.0006s ]
SQL: SELECT * FROM `qm_gggl` ORDER BY id desc  [ RunTime:0.0001s ]

[ 2018-11-11T17:17:27+08:00 ] 113.101.203.111 /index.php/Api/Index/medata
INFO: [ app_init ] --START--
INFO: Run Behavior\BuildLiteBehavior [ RunTime:0.000011s ]
INFO: [ app_init ] --END-- [ RunTime:0.000262s ]
INFO: [ app_begin ] --START--
INFO: Run Behavior\ReadHtmlCacheBehavior [ RunTime:0.000265s ]
INFO: [ app_begin ] --END-- [ RunTime:0.000297s ]
SQL: SHOW COLUMNS FROM `qm_users` [ RunTime:0.0007s ]
SQL: SELECT * FROM `qm_users` WHERE ( id=12094538 ) LIMIT 1   [ RunTime:0.0013s ]

[ 2018-11-11T17:17:27+08:00 ] 113.101.203.111 /index.php/Api/Index/sxlist
INFO: [ app_init ] --START--
INFO: Run Behavior\BuildLiteBehavior [ RunTime:0.000011s ]
INFO: [ app_init ] --END-- [ RunTime:0.000224s ]
INFO: [ app_begin ] --START--
INFO: Run Behavior\ReadHtmlCacheBehavior [ RunTime:0.000259s ]
INFO: [ app_begin ] --END-- [ RunTime:0.000292s ]
SQL: SHOW COLUMNS FROM `qm_sx` [ RunTime:0.0005s ]
SQL: SELECT * FROM `qm_sx` WHERE ( uid=12094538 ) ORDER BY id desc  [ RunTime:0.0028s ]

[ 2018-11-11T17:17:27+08:00 ] 113.101.203.111 /index.php/Api/Index/medata
INFO: [ app_init ] --START--
INFO: Run Behavior\BuildLiteBehavior [ RunTime:0.000014s ]
INFO: [ app_init ] --END-- [ RunTime:0.000218s ]
INFO: [ app_begin ] --START--
INFO: Run Behavior\ReadHtmlCacheBehavior [ RunTime:0.000350s ]
INFO: [ app_begin ] --END-- [ RunTime:0.000385s ]
SQL: SHOW COLUMNS FROM `qm_users` [ RunTime:0.0006s ]
SQL: SELECT * FROM `qm_users` WHERE ( id=676177 ) LIMIT 1   [ RunTime:0.0001s ]

[ 2018-11-11T17:17:44+08:00 ] 113.101.203.111 /index.php/Api/Index/medata
INFO: [ app_init ] --START--
INFO: Run Behavior\BuildLiteBehavior [ RunTime:0.000017s ]
INFO: [ app_init ] --END-- [ RunTime:0.000303s ]
INFO: [ app_begin ] --START--
INFO: Run Behavior\ReadHtmlCacheBehavior [ RunTime:0.000300s ]
INFO: [ app_begin ] --END-- [ RunTime:0.000338s ]
SQL: SHOW COLUMNS FROM `qm_users` [ RunTime:0.0006s ]
SQL: SELECT * FROM `qm_users` WHERE ( id=12094538 ) LIMIT 1   [ RunTime:0.0001s ]

[ 2018-11-11T18:46:49+08:00 ] 112.224.20.203 /index.php/Api/Index/ones
INFO: [ app_init ] --START--
INFO: Run Behavior\BuildLiteBehavior [ RunTime:0.000011s ]
INFO: [ app_init ] --END-- [ RunTime:0.000208s ]
INFO: [ app_begin ] --START--
INFO: Run Behavior\ReadHtmlCacheBehavior [ RunTime:0.000246s ]
INFO: [ app_begin ] --END-- [ RunTime:0.000278s ]
SQL: SHOW COLUMNS FROM `qm_zxkzs` [ RunTime:0.0005s ]
SQL: SELECT * FROM `qm_zxkzs` ORDER BY id desc LIMIT 0,5   [ RunTime:0.0001s ]

[ 2018-11-11T19:36:01+08:00 ] 111.14.97.114 /index.php/Api/Index/lblist
INFO: [ app_init ] --START--
INFO: Run Behavior\BuildLiteBehavior [ RunTime:0.000017s ]
INFO: [ app_init ] --END-- [ RunTime:0.000330s ]
INFO: [ app_begin ] --START--
INFO: Run Behavior\ReadHtmlCacheBehavior [ RunTime:0.000459s ]
INFO: [ app_begin ] --END-- [ RunTime:0.000509s ]
ERR: 1030:Got error 28 from storage engine
 [ SQL语句 ] : SHOW COLUMNS FROM `qm_lb`
ERR: 1030:Got error 28 from storage engine
 [ SQL语句 ] : SHOW COLUMNS FROM `qm_lb`

[ 2018-11-11T19:36:12+08:00 ] 111.14.97.114 /index.php/Api/Index/getxy
INFO: [ app_init ] --START--
INFO: Run Behavior\BuildLiteBehavior [ RunTime:0.000010s ]
INFO: [ app_init ] --END-- [ RunTime:0.000227s ]
INFO: [ app_begin ] --START--
INFO: Run Behavior\ReadHtmlCacheBehavior [ RunTime:0.000277s ]
INFO: [ app_begin ] --END-- [ RunTime:0.000315s ]
ERR: 1030:Got error 28 from storage engine
 [ SQL语句 ] : SHOW COLUMNS FROM `qm_xieyi`
ERR: 1030:Got error 28 from storage engine
 [ SQL语句 ] : SHOW COLUMNS FROM `qm_xieyi`

[ 2018-11-11T19:36:35+08:00 ] 111.14.97.114 /index.php/Api/Index/lblist
INFO: [ app_init ] --START--
INFO: Run Behavior\BuildLiteBehavior [ RunTime:0.000012s ]
INFO: [ app_init ] --END-- [ RunTime:0.000260s ]
INFO: [ app_begin ] --START--
INFO: Run Behavior\ReadHtmlCacheBehavior [ RunTime:0.000429s ]
INFO: [ app_begin ] --END-- [ RunTime:0.000470s ]
ERR: 1030:Got error 28 from storage engine
 [ SQL语句 ] : SHOW COLUMNS FROM `qm_lb`
ERR: 1030:Got error 28 from storage engine
 [ SQL语句 ] : SHOW COLUMNS FROM `qm_lb`

[ 2018-11-11T19:36:36+08:00 ] 111.14.97.114 /index.php/Api/Index/ticity
INFO: [ app_init ] --START--
INFO: Run Behavior\BuildLiteBehavior [ RunTime:0.000011s ]
INFO: [ app_init ] --END-- [ RunTime:0.000205s ]
INFO: [ app_begin ] --START--
INFO: Run Behavior\ReadHtmlCacheBehavior [ RunTime:0.000254s ]
INFO: [ app_begin ] --END-- [ RunTime:0.000286s ]
ERR: 1030:Got error 28 from storage engine
 [ SQL语句 ] : SHOW COLUMNS FROM `qm_users`
ERR: 1030:Got error 28 from storage engine
 [ SQL语句 ] : SHOW COLUMNS FROM `qm_users`

[ 2018-11-11T19:37:10+08:00 ] 111.14.97.114 /index.php/Api/Index/getxy
INFO: [ app_init ] --START--
INFO: Run Behavior\BuildLiteBehavior [ RunTime:0.000025s ]
INFO: [ app_init ] --END-- [ RunTime:0.000312s ]
INFO: [ app_begin ] --START--
INFO: Run Behavior\ReadHtmlCacheBehavior [ RunTime:0.000304s ]
INFO: [ app_begin ] --END-- [ RunTime:0.000351s ]
ERR: 1030:Got error 28 from storage engine
 [ SQL语句 ] : SHOW COLUMNS FROM `qm_xieyi`
ERR: 1030:Got error 28 from storage engine
 [ SQL语句 ] : SHOW COLUMNS FROM `qm_xieyi`

[ 2018-11-11T19:37:30+08:00 ] 111.14.97.114 /index.php/Api/Index/getxy
INFO: [ app_init ] --START--
INFO: Run Behavior\BuildLiteBehavior [ RunTime:0.000012s ]
INFO: [ app_init ] --END-- [ RunTime:0.000404s ]
INFO: [ app_begin ] --START--
INFO: Run Behavior\ReadHtmlCacheBehavior [ RunTime:0.000320s ]
INFO: [ app_begin ] --END-- [ RunTime:0.000361s ]
ERR: 1030:Got error 28 from storage engine
 [ SQL语句 ] : SHOW COLUMNS FROM `qm_xieyi`
ERR: 1030:Got error 28 from storage engine
 [ SQL语句 ] : SHOW COLUMNS FROM `qm_xieyi`

[ 2018-11-11T19:37:47+08:00 ] 111.14.97.114 /index.php/Api/Index/lblist
INFO: [ app_init ] --START--
INFO: Run Behavior\BuildLiteBehavior [ RunTime:0.000022s ]
INFO: [ app_init ] --END-- [ RunTime:0.000258s ]
INFO: [ app_begin ] --START--
INFO: Run Behavior\ReadHtmlCacheBehavior [ RunTime:0.000250s ]
INFO: [ app_begin ] --END-- [ RunTime:0.000289s ]
ERR: 1030:Got error 28 from storage engine
 [ SQL语句 ] : SHOW COLUMNS FROM `qm_lb`
ERR: 1030:Got error 28 from storage engine
 [ SQL语句 ] : SHOW COLUMNS FROM `qm_lb`

[ 2018-11-11T19:37:48+08:00 ] 111.14.97.114 /index.php/Api/Index/ticity
INFO: [ app_init ] --START--
INFO: Run Behavior\BuildLiteBehavior [ RunTime:0.000023s ]
INFO: [ app_init ] --END-- [ RunTime:0.000241s ]
INFO: [ app_begin ] --START--
INFO: Ru[ 2018-11-11T22:29:10+08:00 ] 144.12.190.16 /index.php/Api/Index/lblist
INFO: [ app_init ] --START--
INFO: Run Behavior\BuildLiteBehavior [ RunTime:0.000012s ]
INFO: [ app_init ] --END-- [ RunTime:0.000281s ]
INFO: [ app_begin ] --START--
INFO: Run Behavior\ReadHtmlCacheBehavior [ RunTime:0.000305s ]
INFO: [ app_begin ] --END-- [ RunTime:0.000357s ]
SQL: SHOW COLUMNS FROM `qm_lb` [ RunTime:0.0005s ]
SQL: SELECT * FROM `qm_lb` WHERE ( stat=1 )  [ RunTime:0.0001s ]

[ 2018-11-11T22:29:11+08:00 ] 144.12.190.16 /index.php/Api/Index/zxkz
INFO: [ app_init ] --START--
INFO: Run Behavior\BuildLiteBehavior [ RunTime:0.000013s ]
INFO: [ app_init ] --END-- [ RunTime:0.000239s ]
INFO: [ app_begin ] --START--
INFO: Run Behavior\ReadHtmlCacheBehavior [ RunTime:0.000317s ]
INFO: [ app_begin ] --END-- [ RunTime:0.000352s ]
SQL: SHOW COLUMNS FROM `qm_zxkz` [ RunTime:0.0006s ]
SQL: SELECT * FROM `qm_zxkz` WHERE ( stat=1  ) ORDER BY id desc LIMIT 0,5   [ RunTime:0.0001s ]

[ 2018-11-11T22:29:11+08:00 ] 144.12.190.16 /index.php/Api/Index/xyk
INFO: [ app_init ] --START--
INFO: Run Behavior\BuildLiteBehavior [ RunTime:0.000011s ]
INFO: [ app_init ] --END-- [ RunTime:0.000244s ]
INFO: [ app_begin ] --START--
INFO: Run Behavior\ReadHtmlCacheBehavior [ RunTime:0.000286s ]
INFO: [ app_begin ] --END-- [ RunTime:0.000326s ]
SQL: SHOW COLUMNS FROM `qm_zxkz` [ RunTime:0.0005s ]
SQL: SELECT * FROM `qm_zxkz` WHERE ( stat=2 ) ORDER BY id desc LIMIT 0,5   [ RunTime:0.0001s ]

[ 2018-11-11T22:29:11+08:00 ] 144.12.190.16 /index.php/Api/Index/ticity
INFO: [ app_init ] --START--
INFO: Run Behavior\BuildLiteBehavior [ RunTime:0.000016s ]
INFO: [ app_init ] --END-- [ RunTime:0.000343s ]
INFO: [ app_begin ] --START--
INFO: Run Behavior\ReadHtmlCacheBehavior [ RunTime:0.000269s ]
INFO: [ app_begin ] --END-- [ RunTime:0.000306s ]
SQL: SHOW COLUMNS FROM `qm_users` [ RunTime:0.0006s ]
SQL: UPDATE `qm_users` SET `city`='聊城市' WHERE ( id=50687231 ) [ RunTime:0.0407s ]
INFO: [ app_end ] --START--
INFO: Run Behavior\ShowPageTraceBehavior [ RunTime:0.000395s ]
INFO: [ app_end ] --END-- [ RunTime:0.000432s ]

[ 2018-11-11T22:29:11+08:00 ] 144.12.190.16 /index.php/Api/Index/gh
INFO: [ app_init ] --START--
INFO: Run Behavior\BuildLiteBehavior [ RunTime:0.000012s ]
INFO: [ app_init ] --END-- [ RunTime:0.000256s ]
INFO: [ app_begin ] --START--
INFO: Run Behavior\ReadHtmlCacheBehavior [ RunTime:0.000250s ]
INFO: [ app_begin ] --END-- [ RunTime:0.000283s ]
SQL: SHOW COLUMNS FROM `qm_zxkz` [ RunTime:0.0005s ]
SQL: SELECT * FROM `qm_zxkz` WHERE ( stat=3 ) ORDER BY id desc LIMIT 0,5   [ RunTime:0.0001s ]

[ 2018-11-11T22:29:11+08:00 ] 144.12.190.16 /index.php/Api/Index/tjcp
INFO: [ app_init ] --START--
INFO: Run Behavior\BuildLiteBehavior [ RunTime:0.000013s ]
INFO: [ app_init ] --END-- [ RunTime:0.000231s ]
INFO: [ app_begin ] --START--
INFO: Run Behavior\ReadHtmlCacheBehavior [ RunTime:0.000278s ]
INFO: [ app_begin ] --END-- [ RunTime:0.000320s ]
SQL: SHOW COLUMNS FROM `qm_product` [ RunTime:0.0006s ]
SQL: SELECT * FROM `qm_product` WHERE ( iszx=1 )  [ RunTime:0.0001s ]

[ 2018-11-11T22:29:11+08:00 ] 144.12.190.16 /index.php/Api/Index/getggfir
INFO: [ app_init ] --START--
INFO: Run Behavior\BuildLiteBehavior [ RunTime:0.000012s ]
INFO: [ app_init ] --END-- [ RunTime:0.000241s ]
INFO: [ app_begin ] --START--
INFO: Run Behavior\ReadHtmlCacheBehavior [ RunTime:0.000309s ]
INFO: [ app_begin ] --END-- [ RunTime:0.000351s ]
SQL: SHOW COLUMNS FROM `qm_gggl` [ RunTime:0.0004s ]
SQL: SELECT * FROM `qm_gggl` ORDER BY id desc LIMIT 1   [ RunTime:0.0001s ]

[ 2018-11-11T22:29:12+08:00 ] 144.12.190.16 /index.php/Api/Index/getggfir
INFO: [ app_init ] --START--
INFO: Run Behavior\BuildLiteBehavior [ RunTime:0.000011s ]
INFO: [ app_init ] --END-- [ RunTime:0.000232s ]
INFO: [ app_begin ] --START--
INFO: Run Behavior\ReadHtmlCacheBehavior [ RunTime:0.000292s ]
INFO: [ app_begin ] --END-- [ RunTime:0.000326s ]
SQL: SHOW COLUMNS FROM `qm_gggl` [ RunTime:0.0005s ]
SQL: SELECT * FROM `qm_gggl` ORDER BY id desc LIMIT 1   [ RunTime:0.0001s ]

[ 2018-11-11T22:29:26+08:00 ] 144.12.190.16 /index.php/Api/Index/dtzq
INFO: [ app_init ] --START--
INFO: Run Behavior\BuildLiteBehavior [ RunTime:0.000014s ]
INFO: [ app_init ] --END-- [ RunTime:0.000309s ]
INFO: [ app_begin ] --START--
INFO: Run Behavior\ReadHtmlCacheBehavior [ RunTime:0.000252s ]
INFO: [ app_begin ] --END-- [ RunTime:0.000285s ]
SQL: SHOW COLUMNS FROM `qm_dt` [ RunTime:0.0005s ]
SQL: SELECT * FROM `qm_dt` ORDER BY px asc  [ RunTime:0.0002s ]

[ 2018-11-11T22:29:32+08:00 ] 144.12.190.16 /index.php/Api/Index/bgt
INFO: [ app_init ] --START--
INFO: Run Behavior\BuildLiteBehavior [ RunTime:0.000011s ]
INFO: [ app_init ] --END-- [ RunTime:0.000222s ]
INFO: [ app_begin ] --START--
INFO: Run Behavior\ReadHtmlCacheBehavior [ RunTime:0.000297s ]
INFO: [ app_begin ] --END-- [ RunTime:0.000332s ]
SQL: SHOW COLUMNS FROM `qm_dt` [ RunTime:0.0006s ]
SQL: SELECT * FROM `qm_dt` WHERE ( id=105 ) LIMIT 1   [ RunTime:0.0001s ]

[ 2018-11-11T22:29:53+08:00 ] 144.12.190.16 /index.php/Api/Index/ewm
INFO: [ app_init ] --START--
INFO: Run Behavior\BuildLiteBehavior [ RunTime:0.000013s ]
INFO: [ app_init ] --END-- [ RunTime:0.000223s ]
INFO: [ app_begin ] --START--
INFO: Run Behavior\ReadHtmlCacheBehavior [ RunTime:0.000279s ]
INFO: [ app_begin ] --END-- [ RunTime:0.000319s ]
SQL: SHOW COLUMNS FROM `qm_dt` [ RunTime:0.0006s ]
SQL: SELECT * FROM `qm_dt` WHERE ( id=105 ) LIMIT 1   [ RunTime:0.0001s ]

[ 2018-11-11T22:30:30+08:00 ] 144.12.190.16 /index.php/Api/Index/bgt
INFO: [ app_init ] --START--
INFO: Run Behavior\BuildLiteBehavior [ RunTime:0.000011s ]
INFO: [ app_init ] --END-- [ RunTime:0.000209s ]
INFO: [ app_begin ] --START--
INFO: Run Behavior\ReadHtmlCacheBehavior [ RunTime:0.000258s ]
INFO: [ app_begin ] --END-- [ RunTime:0.000292s ]
SQL: SHOW COLUMNS FROM `qm_dt` [ RunTime:0.0005s ]
SQL: SELECT * FROM `qm_dt` WHERE ( id=25 ) LIMIT 1   [ RunTime:0.0001s ]

[ 2018-11-11T22:31:22+08:00 ] 144.12.190.16 /index.php/Api/Index/productfl
INFO: [ app_init ] --START--
INFO: Run Behavior\BuildLiteBehavior [ RunTime:0.000011s ]
INFO: [ app_init ] --END-- [ RunTime:0.000219s ]
INFO: [ app_begin ] --START--
INFO: Run Behavior\ReadHtmlCacheBehavior [ RunTime:0.000283s ]
INFO: [ app_begin ] --END-- [ RunTime:0.000319s ]
SQL: SHOW COLUMNS FROM `qm_product` [ RunTime:0.0007s ]
SQL: SELECT * FROM `qm_product` WHERE ( fid=3 ) ORDER BY px asc  [ RunTime:0.0001s ]

[ 2018-11-11T22:31:54+08:00 ] 144.12.190.16 /index.php/Api/Index/qdlist
INFO: [ app_init ] --START--
INFO: Run Behavior\BuildLiteBehavior [ RunTime:0.000012s ]
INFO: [ app_init ] --END-- [ RunTime:0.000218s ]
INFO: [ app_begin ] --START--
INFO: Run Behavior\ReadHtmlCacheBehavior [ RunTime:0.000282s ]
INFO: [ app_begin ] --END-- [ RunTime:0.000318s ]
SQL: SHOW COLUMNS FROM `qm_qd` [ RunTime:0.0006s ]
SQL: SELECT * FROM `qm_qd` WHERE ( stat = 1 ) ORDER BY id desc  [ RunTime:0.0001s ]

[ 2018-11-11T22:32:06+08:00 ] 144.12.190.16 /index.php/Api/Index/cslist
INFO: [ app_init ] --START--
INFO: Run Behavior\BuildLiteBehavior [ RunTime:0.000012s ]
INFO: [ app_init ] --END-- [ RunTime:0.000238s ]
INFO: [ app_begin ] --START--
INFO: Run Behavior\ReadHtmlCacheBehavior [ RunTime:0.000266s ]
INFO: [ app_begin ] --END-- [ RunTime:0.000299s ]
SQL: SHOW COLUMNS FROM `qm_qd` [ RunTime:0.0006s ]
SQL: SELECT * FROM `qm_qd` WHERE `szcs` = '聊城' AND `stat` = 1 ORDER BY id desc  [ RunTime:0.0002s ]

[ 2018-11-11T22:32:07+08:00 ] 144.12.190.16 /index.php/Api/Index/cslist
INFO: [ app_init ] --START--
INFO: Run Behavior\BuildLiteBehavior [ RunTime:0.000012s ]
INFO: [ app_init ] --END-- [ RunTime:0.000221s ]
INFO: [ app_begin ] --START--
INFO: Run Behavior\ReadHtmlCacheBehavior [ RunTime:0.000255s ]
INFO: [ app_begin ] --END-- [ RunTime:0.000289s ]
SQL: SHOW COLUMNS FROM `qm_qd` [ RunTime:0.0007s ]
SQL: SELECT * FROM `qm_qd` WHERE `szcs` = '聊城' AND `stat` = 1 ORDER BY id desc  [ RunTime:0.0001s ]

[ 2018-11-11T22:32:17+08:00 ] 144.12.190.16 /index.php/Api/Index/productfl
INFO: [ app_init ] --START--
INFO: Run Behavior\BuildLiteBehavior [ RunTime:0.000011s ]
INFO: [ app_init ] --END-- [ RunTime:0.000262s ]
INFO: [ app_begin ] --START--
INFO: Run Behavior\ReadHtmlCacheBehavior [ RunTime:0.000276s ]
INFO: [ app_begin ] --END-- [ RunTime:0.000327s ]
SQL: SHOW COLUMNS FROM `qm_product` [ RunTime:0.0008s ]
SQL: SELECT * FROM `qm_product` WHERE ( fid=1 ) ORDER BY px asc  [ RunTime:0.0003s ]

[ 2018-11-11T22:32:17+08:00 ] 144.12.190.16 /index.php/Api/Index/productfl
INFO: [ app_init ] --START--
INFO: Run Behavior\BuildLiteBehavior [ RunTime:0.000010s ]
INFO: [ app_init ] --END-- [ RunTime:0.000225s ]
INFO: [ app_begin ] --START--
INFO: Run Behavior\ReadHtmlCacheBehavior [ RunTime:0.000274s ]
INFO: [ app_begin ] --END-- [ RunTime:0.000311s ]
SQL: SHOW COLUMNS FROM `qm_product` [ RunTime:0.0005s ]
SQL: SELECT * FROM `qm_product` WHERE ( fid=2 ) ORDER BY px asc  [ RunTime:0.0001s ]

[ 2018-11-11T22:32:17+08:00 ] 144.12.190.16 /index.php/Api/Index/jxz
INFO: [ app_init ] --START--
INFO: Run Behavior\BuildLiteBehavior [ RunTime:0.000010s ]
INFO: [ app_init ] --END-- [ RunTime:0.000218s ]
INFO: [ app_begin ] --START--
INFO: Run Behavior\ReadHtmlCacheBehavior [ RunTime:0.000412s ]
INFO: [ app_begin ] --END-- [ RunTime:0.000447s ]
SQL: SHOW COLUMNS FROM `qm_jilu` [ RunTime:0.0005s ]
SQL: SELECT * FROM `qm_jilu` WHERE ( `stat` = 3 OR `stat` = 1 OR `stat` = 0 ) AND `uid` = 50687231  [ RunTime:0.0002s ]

[ 2018-11-11T22:32:17+08:00 ] 144.12.190.16 /index.php/Api/Index/wc
INFO: [ app_init ] --START--
INFO: Run Behavior\BuildLiteBehavior [ RunTime:0.000011s ]
INFO: [ app_init ] --END-- [ RunTime:0.000199s ]
INFO: [ app_begin ] --START--
INFO: Run Behavior\ReadHtmlCacheBehavior [ RunTime:0.000264s ]
INFO: [ app_begin ] --END-- [ RunTime:0.000303s ]
SQL: SHOW COLUMNS FROM `qm_jilu` [ RunTime:0.0004s ]
SQL: SELECT * FROM `qm_jilu` WHERE ( uid=50687231 and stat =2  )  [ RunTime:0.0002s ]

[ 2018-11-11T22:32:17+08:00 ] 144.12.190.16 /index.php/Api/Index/productfl
INFO: [ app_init ] --START--
INFO: Run Behavior\BuildLiteBehavior [ RunTime:0.000011s ]
INFO: [ app_init ] --END-- [ RunTime:0.000259s ]
INFO: [ app_begin ] --START--
INFO: Run Behavior\ReadHtmlCacheBehavior [ RunTime:0.000285s ]
INFO: [ app_begin ] --END-- [ RunTime:0.000321s ]
SQL: SHOW COLUMNS FROM `qm_product` [ RunTime:0.0005s ]
SQL: SELECT * FROM `qm_product` WHERE ( fid=10 ) ORDER BY px asc  [ RunTime:0.0001s ]

[ 2018-11-11T22:32:18+08:00 ] 144.12.190.16 /index.php/Api/Index/hqhh
INFO: [ app_init ] --START--
INFO: Run Behavior\BuildLiteBehavior [ RunTime:0.000010s ]
INFO: [ app_init ] --END-- [ RunTime:0.000204s ]
INFO: [ app_begin ] --START--
INFO: Run Behavior\ReadHtmlCacheBehavior [ RunTime:0.000277s ]
INFO: [ app_begin ] --END-- [ RunTime:0.000316s ]
SQL: SHOW COLUMNS FROM `qm_hh` [ RunTime:0.0005s ]
SQL: SELECT * FROM `qm_hh` WHERE ( id=1 ) LIMIT 1   [ RunTime:0.0001s ]

[ 2018-11-11T22:32:34+08:00 ] 144.12.190.16 /index.php/Api/Index/cpxq
INFO: [ app_init ] --START--
INFO: Run Behavior\BuildLiteBehavior [ RunTime:0.000010s ]
INFO: [ app_init ] --END-- [ RunTime:0.000237s ]
INFO: [ app_begin ] --START--
INFO: Run Behavior\ReadHtmlCacheBehavior [ RunTime:0.000296s ]
INFO: [ app_begin ] --END-- [ RunTime:0.000331s ]
SQL: SHOW COLUMNS FROM `qm_product` [ RunTime:0.0010s ]
SQL: SELECT * FROM `qm_product` WHERE ( id=129 ) LIMIT 1   [ RunTime:0.0001s ]

[ 2018-11-11T22:39:21+08:00 ] 144.12.190.16 /index.php/Api/Index/cpxq
INFO: [ app_init ] --START--
INFO: Run Behavior\BuildLiteBehavior [ RunTime:0.000013s ]
INFO: [ app_init ] --END-- [ RunTime:0.000211s ]
INFO: [ app_begin ] --START--
INFO: Run Behavior\ReadHtmlCacheBehavior [ RunTime:0.000271s ]
INFO: [ app_begin ] --END-- [ RunTime:0.000304s ]
SQL: SHOW COLUMNS FROM `qm_product` [ RunTime:0.0006s ]
SQL: SELECT * FROM `qm_product` WHERE ( id=63 ) LIMIT 1   [ RunTime:0.0002s ]

[ 2018-11-11T22:39:44+08:00 ] 144.12.190.16 /index.php/Api/Index/getdkbj
INFO: [ app_init ] --START--
INFO: Run Behavior\BuildLiteBehavior [ RunTime:0.000011s ]
INFO: [ app_init ] --END-- [ RunTime:0.000227s ]
INFO: [ app_begin ] --START--
INFO: Run Behavior\ReadHtmlCacheBehavior [ RunTime:0.000286s ]
INFO: [ app_begin ] --END-- [ RunTime:0.000321s ]
SQL: SHOW COLUMNS FROM `qm_dkbjt` [ RunTime:0.0004s ]
SQL: SELECT * FROM `qm_dkbjt` WHERE ( pid=63 ) LIMIT 1   [ RunTime:0.0002s ]

[ 2018-11-11T22:39:59+08:00 ] 144.12.190.16 /index.php/Api/Index/cpxq
INFO: [ app_init ] --START--
INFO: Run Behavior\BuildLiteBehavior [ RunTime:0.000010s ]
INFO: [ app_init ] --END-- [ RunTime:0.000216s ]
INFO: [ app_begin ] --START--
INFO: Run Behavior\ReadHtmlCacheBehavior [ RunTime:0.000340s ]
INFO: [ app_begin ] --END-- [ RunTime:0.000381s ]
SQL: SHOW COLUMNS FROM `qm_product` [ RunTime:0.0005s ]
SQL: SELECT * FROM `qm_product` WHERE ( id=64 ) LIMIT 1   [ RunTime:0.0002s ]

[ 2018-11-11T22:40:02+08:00 ] 144.12.190.16 /index.php/Api/Index/cpxq
INFO: [ app_init ] --START--
INFO: Run Behavior\BuildLiteBehavior [ RunTime:0.000011s ]
INFO: [ app_init ] --END-- [ RunTime:0.000224s ]
INFO: [ app_begin ] --START--
INFO: Run Behavior\ReadHtmlCacheBehavior [ RunTime:0.000293s ]
INFO: [ app_begin ] --END-- [ RunTime:0.000328s ]
SQL: SHOW COLUMNS FROM `qm_product` [ RunTime:0.0006s ]
SQL: SELECT * FROM `qm_product` WHERE ( id=62 ) LIMIT 1   [ RunTime:0.0001s ]

[ 2018-11-11T22:40:16+08:00 ] 144.12.190.16 /index.php/Api/Index/getdkbj
INFO: [ app_init ] --START--
INFO: Run Behavior\BuildLiteBehavior [ RunTime:0.000013s ]
INFO: [ app_init ] --END-- [ RunTime:0.000258s ]
INFO: [ app_begin ] --START--
INFO: Run Behavior\ReadHtmlCacheBehavior [ RunTime:0.000349s ]
INFO: [ app_begin ] --END-- [ RunTime:0.000409s ]
SQL: SHOW COLUMNS FROM `qm_dkbjt` [ RunTime:0.0005s ]
SQL: SELECT * FROM `qm_dkbjt` WHERE ( pid=62 ) LIMIT 1   [ RunTime:0.0001s ]

[ 2018-11-11T22:40:30+08:00 ] 144.12.190.16 /index.php/Api/Index/productfl
INFO: [ app_init ] --START--
INFO: Run Behavior\BuildLiteBehavior [ RunTime:0.000009s ]
INFO: [ app_init ] --END-- [ RunTime:0.000221s ]
INFO: [ app_begin ] --START--
INFO: Run Behavior\ReadHtmlCacheBehavior [ RunTime:0.000272s ]
INFO: [ app_begin ] --END-- [ RunTime:0.000311s ]
SQL: SHOW COLUMNS FROM `qm_product` [ RunTime:0.0006s ]
SQL: SELECT * FROM `qm_product` WHERE ( fid=7 ) ORDER BY px asc  [ RunTime:0.0001s ]

[ 2018-11-11T22:40:30+08:00 ] 144.12.190.16 /index.php/Api/Index/productfl
INFO: [ app_init ] --START--
INFO: Run Behavior\BuildLiteBehavior [ RunTime:0.000013s ]
INFO: [ app_init ] --END-- [ RunTime:0.000228s ]
INFO: [ app_begin ] --START--
INFO: Run Behavior\ReadHtmlCacheBehavior [ RunTime:0.000267s ]
INFO: [ app_begin ] --END-- [ RunTime:0.000300s ]
SQL: SHOW COLUMNS FROM `qm_product` [ RunTime:0.0005s ]
SQL: SELECT * FROM `qm_product` WHERE ( fid=8 ) ORDER BY px asc  [ RunTime:0.0001s ]

[ 2018-11-11T22:40:30+08:00 ] 144.12.190.16 /index.php/Api/Index/productfl
INFO: [ app_init ] --START--
INFO: Run Behavior\BuildLiteBehavior [ RunTime:0.000014s ]
INFO: [ app_init ] --END-- [ RunTime:0.000259s ]
INFO: [ app_begin ] --START--
INFO: Run Behavior\ReadHtmlCacheBehavior [ RunTime:0.000415s ]
INFO: [ app_begin ] --END-- [ RunTime:0.000450s ]
SQL: SHOW COLUMNS FROM `qm_product` [ RunTime:0.0005s ]
SQL: SELECT * FROM `qm_product` WHERE ( fid=9 ) ORDER BY px asc  [ RunTime:0.0001s ]

[ 2018-11-11T22:41:06+08:00 ] 144.12.190.16 /index.php/Api/Index/productfl
INFO: [ app_init ] --START--
INFO: Run Behavior\BuildLiteBehavior [ RunTime:0.000016s ]
INFO: [ app_init ] --END-- [ RunTime:0.000397s ]
INFO: [ app_begin ] --START--
INFO: Run Behavior\ReadHtmlCacheBehavior [ RunTime:0.000278s ]
INFO: [ app_begin ] --END-- [ RunTime:0.000312s ]
SQL: SHOW COLUMNS FROM `qm_product` [ RunTime:0.0007s ]
SQL: SELECT * FROM `qm_product` WHERE ( fid=5 ) ORDER BY px asc  [ RunTime:0.0001s ]

[ 2018-11-11T22:41:17+08:00 ] 144.12.190.16 /index.php/Api/Index/productfl
INFO: [ app_init ] --START--
INFO: Run Behavior\BuildLiteBehavior [ RunTime:0.000011s ]
INFO: [ app_init ] --END-- [ RunTime:0.000206s ]
INFO: [ app_begin ] --START--
INFO: Run Behavior\ReadHtmlCacheBehavior [ RunTime:0.000244s ]
INFO: [ app_begin ] --END-- [ RunTime:0.000277s ]
SQL: SHOW COLUMNS FROM `qm_product` [ RunTime:0.0006s ]
SQL: SELECT * FROM `qm_product` WHERE ( fid=3 ) ORDER BY px asc  [ RunTime:0.0001s ]

[ 2018-11-11T22:41:21+08:00 ] 144.12.190.16 /index.php/Api/Index/cpxq
INFO: [ app_init ] --START--
INFO: Run Behavior\BuildLiteBehavior [ RunTime:0.000011s ]
INFO: [ app_init ] --END-- [ RunTime:0.000231s ]
INFO: [ app_begin ] --START--
INFO: Run Behavior\ReadHtmlCacheBehavior [ RunTime:0.000261s ]
INFO: [ app_begin ] --END-- [ RunTime:0.000298s ]
SQL: SHOW COLUMNS FROM `qm_product` [ RunTime:0.0006s ]
SQL: SELECT * FROM `qm_product` WHERE ( id=131 ) LIMIT 1   [ RunTime:0.0001s ]

[ 2018-11-11T22:41:26+08:00 ] 144.12.190.16 /index.php/Api/Index/productfl
INFO: [ app_init ] --START--
INFO: Run Behavior\BuildLiteBehavior [ RunTime:0.000011s ]
INFO: [ app_init ] --END-- [ RunTime:0.000253s ]
INFO: [ app_begin ] --START--
INFO: Run Behavior\ReadHtmlCacheBehavior [ RunTime:0.000284s ]
INFO: [ app_begin ] --END-- [ RunTime:0.000318s ]
SQL: SHOW COLUMNS FROM `qm_product` [ RunTime:0.0005s ]
SQL: SELECT * FROM `qm_product` WHERE ( fid=6 ) ORDER BY px asc  [ RunTime:0.0001s ]

[ 2018-11-11T23:06:23+08:00 ] 223.104.189.227 /index.php/Api/Index/ones
INFO: [ app_init ] --START--
INFO: Run Behavior\BuildLiteBehavior [ RunTime:0.000011s ]
INFO: [ app_init ] --END-- [ RunTime:0.000234s ]
INFO: [ app_begin ] --START--
INFO: Run Behavior\ReadHtmlCacheBehavior [ RunTime:0.000265s ]
INFO: [ app_begin ] --END-- [ RunTime:0.000299s ]
SQL: SHOW COLUMNS FROM `qm_zxkzs` [ RunTime:0.0006s ]
SQL: SELECT * FROM `qm_zxkzs` ORDER BY id desc LIMIT 0,5   [ RunTime:0.0001s ]

