[ 2018-11-04T16:40:33+08:00 ] 112.224.20.111 /index.php/Api/Index/lblist
INFO: [ app_init ] --START--
INFO: Run Behavior\BuildLiteBehavior [ RunTime:0.000012s ]
INFO: [ app_init ] --END-- [ RunTime:0.000252s ]
INFO: [ app_begin ] --START--
INFO: Run Behavior\ReadHtmlCacheBehavior [ RunTime:0.000341s ]
INFO: [ app_begin ] --END-- [ RunTime:0.000391s ]
SQL: SHOW COLUMNS FROM `qm_lb` [ RunTime:0.0005s ]
SQL: SELECT * FROM `qm_lb` WHERE ( stat=1 )  [ RunTime:0.0001s ]

[ 2018-11-04T16:40:33+08:00 ] 112.224.20.111 /index.php/Api/Index/zxkz
INFO: [ app_init ] --START--
INFO: Run Behavior\BuildLiteBehavior [ RunTime:0.000011s ]
INFO: [ app_init ] --END-- [ RunTime:0.000209s ]
INFO: [ app_begin ] --START--
INFO: Run Behavior\ReadHtmlCacheBehavior [ RunTime:0.000246s ]
INFO: [ app_begin ] --END-- [ RunTime:0.000279s ]
SQL: SHOW COLUMNS FROM `qm_zxkz` [ RunTime:0.0005s ]
SQL: SELECT * FROM `qm_zxkz` WHERE ( stat=1  ) ORDER BY id desc LIMIT 0,5   [ RunTime:0.0001s ]

[ 2018-11-04T16:40:33+08:00 ] 112.224.20.111 /index.php/Api/Index/xyk
INFO: [ app_init ] --START--
INFO: Run Behavior\BuildLiteBehavior [ RunTime:0.000010s ]
INFO: [ app_init ] --END-- [ RunTime:0.000204s ]
INFO: [ app_begin ] --START--
INFO: Run Behavior\ReadHtmlCacheBehavior [ RunTime:0.000245s ]
INFO: [ app_begin ] --END-- [ RunTime:0.000278s ]
SQL: SHOW COLUMNS FROM `qm_zxkz` [ RunTime:0.0006s ]
SQL: SELECT * FROM `qm_zxkz` WHERE ( stat=2 ) ORDER BY id desc LIMIT 0,5   [ RunTime:0.0001s ]

[ 2018-11-04T16:40:33+08:00 ] 112.224.20.111 /index.php/Api/Index/ticity
INFO: [ app_init ] --START--
INFO: Run Behavior\BuildLiteBehavior [ RunTime:0.000013s ]
INFO: [ app_init ] --END-- [ RunTime:0.000226s ]
INFO: [ app_begin ] --START--
INFO: Run Behavior\ReadHtmlCacheBehavior [ RunTime:0.000279s ]
INFO: [ app_begin ] --END-- [ RunTime:0.000313s ]
SQL: SHOW COLUMNS FROM `qm_users` [ RunTime:0.0006s ]
SQL: UPDATE `qm_users` SET `city`='济南市' WHERE ( id=58013627 ) [ RunTime:0.0246s ]
INFO: [ app_end ] --START--
INFO: Run Behavior\ShowPageTraceBehavior [ RunTime:0.000491s ]
INFO: [ app_end ] --END-- [ RunTime:0.000529s ]

[ 2018-11-04T16:40:34+08:00 ] 112.224.20.111 /index.php/Api/Index/gh
INFO: [ app_init ] --START--
INFO: Run Behavior\BuildLiteBehavior [ RunTime:0.000012s ]
INFO: [ app_init ] --END-- [ RunTime:0.000218s ]
INFO: [ app_begin ] --START--
INFO: Run Behavior\ReadHtmlCacheBehavior [ RunTime:0.000273s ]
INFO: [ app_begin ] --END-- [ RunTime:0.000306s ]
SQL: SHOW COLUMNS FROM `qm_zxkz` [ RunTime:0.0007s ]
SQL: SELECT * FROM `qm_zxkz` WHERE ( stat=3 ) ORDER BY id desc LIMIT 0,5   [ RunTime:0.0001s ]

[ 2018-11-04T16:40:34+08:00 ] 112.224.20.111 /index.php/Api/Index/tjcp
INFO: [ app_init ] --START--
INFO: Run Behavior\BuildLiteBehavior [ RunTime:0.000011s ]
INFO: [ app_init ] --END-- [ RunTime:0.000214s ]
INFO: [ app_begin ] --START--
INFO: Run Behavior\ReadHtmlCacheBehavior [ RunTime:0.000261s ]
INFO: [ app_begin ] --END-- [ RunTime:0.000294s ]
SQL: SHOW COLUMNS FROM `qm_product` [ RunTime:0.0006s ]
SQL: SELECT * FROM `qm_product` WHERE ( iszx=1 )  [ RunTime:0.0001s ]

[ 2018-11-04T16:40:34+08:00 ] 112.224.20.111 /index.php/Api/Index/getggfir
INFO: [ app_init ] --START--
INFO: Run Behavior\BuildLiteBehavior [ RunTime:0.000011s ]
INFO: [ app_init ] --END-- [ RunTime:0.000234s ]
INFO: [ app_begin ] --START--
INFO: Run Behavior\ReadHtmlCacheBehavior [ RunTime:0.000245s ]
INFO: [ app_begin ] --END-- [ RunTime:0.000276s ]
SQL: SHOW COLUMNS FROM `qm_gggl` [ RunTime:0.0005s ]
SQL: SELECT * FROM `qm_gggl` ORDER BY id desc LIMIT 1   [ RunTime:0.0001s ]

[ 2018-11-04T16:40:35+08:00 ] 112.224.20.111 /index.php/Api/Index/getggfir
INFO: [ app_init ] --START--
INFO: Run Behavior\BuildLiteBehavior [ RunTime:0.000013s ]
INFO: [ app_init ] --END-- [ RunTime:0.000228s ]
INFO: [ app_begin ] --START--
INFO: Run Behavior\ReadHtmlCacheBehavior [ RunTime:0.000293s ]
INFO: [ app_begin ] --END-- [ RunTime:0.000339s ]
SQL: SHOW COLUMNS FROM `qm_gggl` [ RunTime:0.0005s ]
SQL: SELECT * FROM `qm_gggl` ORDER BY id desc LIMIT 1   [ RunTime:0.0001s ]

[ 2018-11-04T20:52:51+08:00 ] 223.104.63.70 /index.php/Api/Index/lblist
INFO: [ app_init ] --START--
INFO: Run Behavior\BuildLiteBehavior [ RunTime:0.000011s ]
INFO: [ app_init ] --END-- [ RunTime:0.000216s ]
INFO: [ app_begin ] --START--
INFO: Run Behavior\ReadHtmlCacheBehavior [ RunTime:0.000291s ]
INFO: [ app_begin ] --END-- [ RunTime:0.000331s ]
SQL: SHOW COLUMNS FROM `qm_lb` [ RunTime:0.0004s ]
SQL: SELECT * FROM `qm_lb` WHERE ( stat=1 )  [ RunTime:0.0001s ]

[ 2018-11-04T20:52:51+08:00 ] 223.104.63.70 /index.php/Api/Index/zxkz
INFO: [ app_init ] --START--
INFO: Run Behavior\BuildLiteBehavior [ RunTime:0.000010s ]
INFO: [ app_init ] --END-- [ RunTime:0.000228s ]
INFO: [ app_begin ] --START--
INFO: Run Behavior\ReadHtmlCacheBehavior [ RunTime:0.000262s ]
INFO: [ app_begin ] --END-- [ RunTime:0.000294s ]
SQL: SHOW COLUMNS FROM `qm_zxkz` [ RunTime:0.0005s ]
SQL: SELECT * FROM `qm_zxkz` WHERE ( stat=1  ) ORDER BY id desc LIMIT 0,5   [ RunTime:0.0001s ]

[ 2018-11-04T20:52:51+08:00 ] 223.104.63.70 /index.php/Api/Index/xyk
INFO: [ app_init ] --START--
INFO: Run Behavior\BuildLiteBehavior [ RunTime:0.000011s ]
INFO: [ app_init ] --END-- [ RunTime:0.000216s ]
INFO: [ app_begin ] --START--
INFO: Run Behavior\ReadHtmlCacheBehavior [ RunTime:0.000254s ]
INFO: [ app_begin ] --END-- [ RunTime:0.000288s ]
SQL: SHOW COLUMNS FROM `qm_zxkz` [ RunTime:0.0005s ]
SQL: SELECT * FROM `qm_zxkz` WHERE ( stat=2 ) ORDER BY id desc LIMIT 0,5   [ RunTime:0.0001s ]

[ 2018-11-04T20:52:54+08:00 ] 223.104.63.70 /index.php/Api/Index/ticity
INFO: [ app_init ] --START--
INFO: Run Behavior\BuildLiteBehavior [ RunTime:0.000011s ]
INFO: [ app_init ] --END-- [ RunTime:0.000254s ]
INFO: [ app_begin ] --START--
INFO: Run Behavior\ReadHtmlCacheBehavior [ RunTime:0.000275s ]
INFO: [ app_begin ] --END-- [ RunTime:0.000311s ]
SQL: SHOW COLUMNS FROM `qm_users` [ RunTime:0.0006s ]
SQL: UPDATE `qm_users` SET `city`='广州市' WHERE ( id=5143796 ) [ RunTime:0.0118s ]
INFO: [ app_end ] --START--
INFO: Run Behavior\ShowPageTraceBehavior [ RunTime:0.000394s ]
INFO: [ app_end ] --END-- [ RunTime:0.000430s ]

[ 2018-11-04T20:52:55+08:00 ] 223.104.63.70 /index.php/Api/Index/gh
INFO: [ app_init ] --START--
INFO: Run Behavior\BuildLiteBehavior [ RunTime:0.000012s ]
INFO: [ app_init ] --END-- [ RunTime:0.000211s ]
INFO: [ app_begin ] --START--
INFO: Run Behavior\ReadHtmlCacheBehavior [ RunTime:0.000289s ]
INFO: [ app_begin ] --END-- [ RunTime:0.000323s ]
SQL: SHOW COLUMNS FROM `qm_zxkz` [ RunTime:0.0004s ]
SQL: SELECT * FROM `qm_zxkz` WHERE ( stat=3 ) ORDER BY id desc LIMIT 0,5   [ RunTime:0.0001s ]

[ 2018-11-04T20:52:57+08:00 ] 223.104.63.70 /index.php/Api/Index/medata
INFO: [ app_init ] --START--
INFO: Run Behavior\BuildLiteBehavior [ RunTime:0.000014s ]
INFO: [ app_init ] --END-- [ RunTime:0.000215s ]
INFO: [ app_begin ] --START--
INFO: Run Behavior\ReadHtmlCacheBehavior [ RunTime:0.000245s ]
INFO: [ app_begin ] --END-- [ RunTime:0.000309s ]
SQL: SHOW COLUMNS FROM `qm_users` [ RunTime:0.0005s ]
SQL: SELECT * FROM `qm_users` WHERE ( id=5143796 ) LIMIT 1   [ RunTime:0.0002s ]

[ 2018-11-04T20:52:57+08:00 ] 223.104.63.70 /index.php/Api/Index/obtaingg
INFO: [ app_init ] --START--
INFO: Run Behavior\BuildLiteBehavior [ RunTime:0.000012s ]
INFO: [ app_init ] --END-- [ RunTime:0.000249s ]
INFO: [ app_begin ] --START--
INFO: Run Behavior\ReadHtmlCacheBehavior [ RunTime:0.000265s ]
INFO: [ app_begin ] --END-- [ RunTime:0.000301s ]
SQL: SHOW COLUMNS FROM `qm_gggl` [ RunTime:0.0006s ]
SQL: SELECT * FROM `qm_gggl` ORDER BY id desc  [ RunTime:0.0001s ]

[ 2018-11-04T20:52:59+08:00 ] 223.104.63.70 /index.php/Api/Index/tjcp
INFO: [ app_init ] --START--
INFO: Run Behavior\BuildLiteBehavior [ RunTime:0.000010s ]
INFO: [ app_init ] --END-- [ RunTime:0.000223s ]
INFO: [ app_begin ] --START--
INFO: Run Behavior\ReadHtmlCacheBehavior [ RunTime:0.000240s ]
INFO: [ app_begin ] --END-- [ RunTime:0.000272s ]
SQL: SHOW COLUMNS FROM `qm_product` [ RunTime:0.0006s ]
SQL: SELECT * FROM `qm_product` WHERE ( iszx=1 )  [ RunTime:0.0001s ]

[ 2018-11-04T20:53:01+08:00 ] 223.104.63.70 /index.php/Api/Index/medata
INFO: [ app_init ] --START--
INFO: Run Behavior\BuildLiteBehavior [ RunTime:0.000017s ]
INFO: [ app_init ] --END-- [ RunTime:0.000310s ]
INFO: [ app_begin ] --START--
INFO: Run Behavior\ReadHtmlCacheBehavior [ RunTime:0.000368s ]
INFO: [ app_begin ] --END-- [ RunTime:0.000419s ]
SQL: SHOW COLUMNS FROM `qm_users` [ RunTime:0.0008s ]
SQL: SELECT * FROM `qm_users` WHERE ( id=83659 ) LIMIT 1   [ RunTime:0.0002s ]

[ 2018-11-04T20:53:10+08:00 ] 223.104.63.70 /index.php/Api/Index/sxlist
INFO: [ app_init ] --START--
INFO: Run Behavior\BuildLiteBehavior [ RunTime:0.000022s ]
INFO: [ app_init ] --END-- [ RunTime:0.000228s ]
INFO: [ app_begin ] --START--
INFO: Run Behavior\ReadHtmlCacheBehavior [ RunTime:0.000255s ]
INFO: [ app_begin ] --END-- [ RunTime:0.000291s ]
SQL: SHOW COLUMNS FROM `qm_sx` [ RunTime:0.0004s ]
SQL: SELECT * FROM `qm_sx` WHERE ( uid=5143796 ) ORDER BY id desc  [ RunTime:0.0001s ]

[ 2018-11-04T20:53:10+08:00 ] 223.104.63.70 /index.php/Api/Index/getggfir
INFO: [ app_init ] --START--
INFO: Run Behavior\BuildLiteBehavior [ RunTime:0.000016s ]
INFO: [ app_init ] --END-- [ RunTime:0.000257s ]
INFO: [ app_begin ] --START--
INFO: Run Behavior\ReadHtmlCacheBehavior [ RunTime:0.000353s ]
INFO: [ app_begin ] --END-- [ RunTime:0.000399s ]
SQL: SHOW COLUMNS FROM `qm_gggl` [ RunTime:0.0004s ]
SQL: SELECT * FROM `qm_gggl` ORDER BY id desc LIMIT 1   [ RunTime:0.0001s ]

[ 2018-11-04T20:53:14+08:00 ] 223.104.63.70 /index.php/Api/Index/getggfir
INFO: [ app_init ] --START--
INFO: Run Behavior\BuildLiteBehavior [ RunTime:0.000011s ]
INFO: [ app_init ] --END-- [ RunTime:0.000214s ]
INFO: [ app_begin ] --START--
INFO: Run Behavior\ReadHtmlCacheBehavior [ RunTime:0.000263s ]
INFO: [ app_begin ] --END-- [ RunTime:0.000295s ]
SQL: SHOW COLUMNS FROM `qm_gggl` [ RunTime:0.0004s ]
SQL: SELECT * FROM `qm_gggl` ORDER BY id desc LIMIT 1   [ RunTime:0.0001s ]

[ 2018-11-04T20:53:17+08:00 ] 223.104.63.70 /index.php/Api/Index/getggfir
INFO: [ app_init ] --START--
INFO: Run Behavior\BuildLiteBehavior [ RunTime:0.000013s ]
INFO: [ app_init ] --END-- [ RunTime:0.000236s ]
INFO: [ app_begin ] --START--
INFO: Run Behavior\ReadHtmlCacheBehavior [ RunTime:0.000297s ]
INFO: [ app_begin ] --END-- [ RunTime:0.000330s ]
SQL: SHOW COLUMNS FROM `qm_gggl` [ RunTime:0.0006s ]
SQL: SELECT * FROM `qm_gggl` ORDER BY id desc LIMIT 1   [ RunTime:0.0001s ]

[ 2018-11-04T20:53:27+08:00 ] 223.104.63.70 /index.php/Api/Index/ggxq
INFO: [ app_init ] --START--
INFO: Run Behavior\BuildLiteBehavior [ RunTime:0.000012s ]
INFO: [ app_init ] --END-- [ RunTime:0.000241s ]
INFO: [ app_begin ] --START--
INFO: Run Behavior\ReadHtmlCacheBehavior [ RunTime:0.000315s ]
INFO: [ app_begin ] --END-- [ RunTime:0.000356s ]
SQL: SHOW COLUMNS FROM `qm_gggl` [ RunTime:0.0004s ]
SQL: SELECT * FROM `qm_gggl` WHERE ( id=10 ) LIMIT 1   [ RunTime:0.0001s ]

[ 2018-11-04T20:53:34+08:00 ] 223.104.63.70 /index.php/Api/Index/sxxq
INFO: [ app_init ] --START--
INFO: Run Behavior\BuildLiteBehavior [ RunTime:0.000013s ]
INFO: [ app_init ] --END-- [ RunTime:0.000206s ]
INFO: [ app_begin ] --START--
INFO: Run Behavior\ReadHtmlCacheBehavior [ RunTime:0.000276s ]
INFO: [ app_begin ] --END-- [ RunTime:0.000309s ]
SQL: SHOW COLUMNS FROM `qm_sx` [ RunTime:0.0004s ]
SQL: SELECT * FROM `qm_sx` WHERE ( id=5809 ) LIMIT 1   [ RunTime:0.0002s ]

[ 2018-11-04T20:53:57+08:00 ] 223.104.63.70 /index.php/Api/Index/medata
INFO: [ app_init ] --START--
INFO: Run Behavior\BuildLiteBehavior [ RunTime:0.000011s ]
INFO: [ app_init ] --END-- [ RunTime:0.000231s ]
INFO: [ app_begin ] --START--
INFO: Run Behavior\ReadHtmlCacheBehavior [ RunTime:0.000279s ]
INFO: [ app_begin ] --END-- [ RunTime:0.000318s ]
SQL: SHOW COLUMNS FROM `qm_users` [ RunTime:0.0006s ]
SQL: SELECT * FROM `qm_users` WHERE ( id=5143796 ) LIMIT 1   [ RunTime:0.0001s ]

[ 2018-11-04T22:49:57+08:00 ] 113.129.192.165 /index.php/Api/Index/lblist
INFO: [ app_init ] --START--
INFO: Run Behavior\BuildLiteBehavior [ RunTime:0.000010s ]
INFO: [ app_init ] --END-- [ RunTime:0.000212s ]
INFO: [ app_begin ] --START--
INFO: Run Behavior\ReadHtmlCacheBehavior [ RunTime:0.000270s ]
INFO: [ app_begin ] --END-- [ RunTime:0.000314s ]
SQL: SHOW COLUMNS FROM `qm_lb` [ RunTime:0.0007s ]
SQL: SELECT * FROM `qm_lb` WHERE ( stat=1 )  [ RunTime:0.0001s ]

[ 2018-11-04T22:49:57+08:00 ] 113.129.192.165 /index.php/Api/Index/zxkz
INFO: [ app_init ] --START--
INFO: Run Behavior\BuildLiteBehavior [ RunTime:0.000013s ]
INFO: [ app_init ] --END-- [ RunTime:0.000218s ]
INFO: [ app_begin ] --START--
INFO: Run Behavior\ReadHtmlCacheBehavior [ RunTime:0.000312s ]
INFO: [ app_begin ] --END-- [ RunTime:0.000345s ]
SQL: SHOW COLUMNS FROM `qm_zxkz` [ RunTime:0.0005s ]
SQL: SELECT * FROM `qm_zxkz` WHERE ( stat=1  ) ORDER BY id desc LIMIT 0,5   [ RunTime:0.0001s ]

[ 2018-11-04T22:49:57+08:00 ] 113.129.192.165 /index.php/Api/Index/xyk
INFO: [ app_init ] --START--
INFO: Run Behavior\BuildLiteBehavior [ RunTime:0.000011s ]
INFO: [ app_init ] --END-- [ RunTime:0.000217s ]
INFO: [ app_begin ] --START--
INFO: Run Behavior\ReadHtmlCacheBehavior [ RunTime:0.000268s ]
INFO: [ app_begin ] --END-- [ RunTime:0.000300s ]
SQL: SHOW COLUMNS FROM `qm_zxkz` [ RunTime:0.0004s ]
SQL: SELECT * FROM `qm_zxkz` WHERE ( stat=2 ) ORDER BY id desc LIMIT 0,5   [ RunTime:0.0001s ]

[ 2018-11-04T22:49:57+08:00 ] 113.129.192.165 /index.php/Api/Index/ticity
INFO: [ app_init ] --START--
INFO: Run Behavior\BuildLiteBehavior [ RunTime:0.000027s ]
INFO: [ app_init ] --END-- [ RunTime:0.000242s ]
INFO: [ app_begin ] --START--
INFO: Run Behavior\ReadHtmlCacheBehavior [ RunTime:0.000351s ]
INFO: [ app_begin ] --END-- [ RunTime:0.000388s ]
SQL: SHOW COLUMNS FROM `qm_users` [ RunTime:0.0005s ]
SQL: UPDATE `qm_users` SET `city`='青岛市' WHERE ( id=98351720 ) [ RunTime:0.0318s ]

[ 2018-11-04T22:49:57+08:00 ] 113.129.192.165 /index.php/Api/Index/gh
INFO: [ app_init ] --START--
INFO: Run Behavior\BuildLiteBehavior [ RunTime:0.000015s ]
INFO: [ app_init ] --END-- [ RunTime:0.000272s ]
INFO: [ app_begin ] --START--
INFO: Run Behavior\ReadHtmlCacheBehavior [ RunTime:0.000297s ]
INFO: [ app_begin ] --END-- [ RunTime:0.000335s ]
SQL: SHOW COLUMNS FROM `qm_zxkz` [ RunTime:0.0006s ]
SQL: SELECT * FROM `qm_zxkz` WHERE ( stat=3 ) ORDER BY id desc LIMIT 0,5   [ RunTime:0.0001s ]

[ 2018-11-04T22:49:57+08:00 ] 113.129.192.165 /index.php/Api/Index/tjcp
INFO: [ app_init ] --START--
INFO: Run Behavior\BuildLiteBehavior [ RunTime:0.000016s ]
INFO: [ app_init ] --END-- [ RunTime:0.000283s ]
INFO: [ app_begin ] --START--
INFO: Run Behavior\ReadHtmlCacheBehavior [ RunTime:0.000272s ]
INFO: [ app_begin ] --END-- [ RunTime:0.000306s ]
SQL: SHOW COLUMNS FROM `qm_product` [ RunTime:0.0006s ]
SQL: SELECT * FROM `qm_product` WHERE ( iszx=1 )  [ RunTime:0.0001s ]

[ 2018-11-04T22:49:58+08:00 ] 113.129.192.165 /index.php/Api/Index/getggfir
INFO: [ app_init ] --START--
INFO: Run Behavior\BuildLiteBehavior [ RunTime:0.000013s ]
INFO: [ app_init ] --END-- [ RunTime:0.000251s ]
INFO: [ app_begin ] --START--
INFO: Run Behavior\ReadHtmlCacheBehavior [ RunTime:0.000287s ]
INFO: [ app_begin ] --END-- [ RunTime:0.000320s ]
SQL: SHOW COLUMNS FROM `qm_gggl` [ RunTime:0.0004s ]
SQL: SELECT * FROM `qm_gggl` ORDER BY id desc LIMIT 1   [ RunTime:0.0001s ]

[ 2018-11-04T22:49:58+08:00 ] 113.129.192.165 /index.php/Api/Index/getggfir
INFO: [ app_init ] --START--
INFO: Run Behavior\BuildLiteBehavior [ RunTime:0.000014s ]
INFO: [ app_init ] --END-- [ RunTime:0.000226s ]
INFO: [ app_begin ] --START--
INFO: Run Behavior\ReadHtmlCacheBehavior [ RunTime:0.000731s ]
INFO: [ app_begin ] --END-- [ RunTime:0.000778s ]
SQL: SHOW COLUMNS FROM `qm_gggl` [ RunTime:0.0007s ]
SQL: SELECT * FROM `qm_gggl` ORDER BY id desc LIMIT 1   [ RunTime:0.0001s ]

