[ 2018-10-31T01:10:42+08:00 ] 58.251.121.185 /index.php/Api/Index/dtzq
INFO: [ app_init ] --START--
INFO: Run Behavior\BuildLiteBehavior [ RunTime:0.000011s ]
INFO: [ app_init ] --END-- [ RunTime:0.000205s ]
INFO: [ app_begin ] --START--
INFO: Run Behavior\ReadHtmlCacheBehavior [ RunTime:0.000252s ]
INFO: [ app_begin ] --END-- [ RunTime:0.000283s ]
SQL: SHOW COLUMNS FROM `qm_dt` [ RunTime:0.0005s ]
SQL: SELECT * FROM `qm_dt` ORDER BY px asc  [ RunTime:0.0002s ]

[ 2018-10-31T04:16:54+08:00 ] 59.36.119.226 /index.php/Api/Index/getggfir
INFO: [ app_init ] --START--
INFO: Run Behavior\BuildLiteBehavior [ RunTime:0.000011s ]
INFO: [ app_init ] --END-- [ RunTime:0.000216s ]
INFO: [ app_begin ] --START--
INFO: Run Behavior\ReadHtmlCacheBehavior [ RunTime:0.000259s ]
INFO: [ app_begin ] --END-- [ RunTime:0.000290s ]
SQL: SHOW COLUMNS FROM `qm_gggl` [ RunTime:0.0004s ]
SQL: SELECT * FROM `qm_gggl` ORDER BY id desc LIMIT 1   [ RunTime:0.0001s ]

[ 2018-10-31T04:46:56+08:00 ] 14.17.21.58 /index.php/Api/Index/gh
INFO: [ app_init ] --START--
INFO: Run Behavior\BuildLiteBehavior [ RunTime:0.000010s ]
INFO: [ app_init ] --END-- [ RunTime:0.000219s ]
INFO: [ app_begin ] --START--
INFO: Run Behavior\ReadHtmlCacheBehavior [ RunTime:0.000337s ]
INFO: [ app_begin ] --END-- [ RunTime:0.000374s ]
SQL: SHOW COLUMNS FROM `qm_zxkz` [ RunTime:0.0005s ]
NOTIC: [8] Undefined index: z /www/wwwroot/dai.juhuaian.cn/Application/Api/Controller/IndexController.class.php 第 294 行.
NOTIC: [8] Undefined index: y /www/wwwroot/dai.juhuaian.cn/Application/Api/Controller/IndexController.class.php 第 294 行.
SQL: SELECT * FROM `qm_zxkz` WHERE ( stat=3 ) ORDER BY id desc  [ RunTime:0.0001s ]

[ 2018-10-31T05:10:48+08:00 ] 14.17.3.65 /index.php/Api/Index/obtaingg
INFO: [ app_init ] --START--
INFO: Run Behavior\BuildLiteBehavior [ RunTime:0.000009s ]
INFO: [ app_init ] --END-- [ RunTime:0.000202s ]
INFO: [ app_begin ] --START--
INFO: Run Behavior\ReadHtmlCacheBehavior [ RunTime:0.000249s ]
INFO: [ app_begin ] --END-- [ RunTime:0.000288s ]
SQL: SHOW COLUMNS FROM `qm_gggl` [ RunTime:0.0005s ]
SQL: SELECT * FROM `qm_gggl` ORDER BY id desc  [ RunTime:0.0001s ]

[ 2018-10-31T06:19:24+08:00 ] 117.136.105.108 /index.php/Api/Index/lblist
INFO: [ app_init ] --START--
INFO: Run Behavior\BuildLiteBehavior [ RunTime:0.000010s ]
INFO: [ app_init ] --END-- [ RunTime:0.000297s ]
INFO: [ app_begin ] --START--
INFO: Run Behavior\ReadHtmlCacheBehavior [ RunTime:0.000321s ]
INFO: [ app_begin ] --END-- [ RunTime:0.000361s ]
SQL: SHOW COLUMNS FROM `qm_lb` [ RunTime:0.0005s ]
SQL: SELECT * FROM `qm_lb` WHERE ( stat=1 )  [ RunTime:0.0001s ]

[ 2018-10-31T06:19:25+08:00 ] 117.136.105.108 /index.php/Api/Index/zxkz
INFO: [ app_init ] --START--
INFO: Run Behavior\BuildLiteBehavior [ RunTime:0.000010s ]
INFO: [ app_init ] --END-- [ RunTime:0.000199s ]
INFO: [ app_begin ] --START--
INFO: Run Behavior\ReadHtmlCacheBehavior [ RunTime:0.000245s ]
INFO: [ app_begin ] --END-- [ RunTime:0.000289s ]
SQL: SHOW COLUMNS FROM `qm_zxkz` [ RunTime:0.0004s ]
SQL: SELECT * FROM `qm_zxkz` WHERE ( stat=1  ) ORDER BY id desc LIMIT 0,5   [ RunTime:0.0001s ]

[ 2018-10-31T06:19:25+08:00 ] 117.136.105.108 /index.php/Api/Index/xyk
INFO: [ app_init ] --START--
INFO: Run Behavior\BuildLiteBehavior [ RunTime:0.000011s ]
INFO: [ app_init ] --END-- [ RunTime:0.000256s ]
INFO: [ app_begin ] --START--
INFO: Run Behavior\ReadHtmlCacheBehavior [ RunTime:0.000279s ]
INFO: [ app_begin ] --END-- [ RunTime:0.000324s ]
SQL: SHOW COLUMNS FROM `qm_zxkz` [ RunTime:0.0005s ]
SQL: SELECT * FROM `qm_zxkz` WHERE ( stat=2 ) ORDER BY id desc LIMIT 0,5   [ RunTime:0.0001s ]

[ 2018-10-31T06:19:25+08:00 ] 117.136.105.108 /index.php/Api/Index/gh
INFO: [ app_init ] --START--
INFO: Run Behavior\BuildLiteBehavior [ RunTime:0.000011s ]
INFO: [ app_init ] --END-- [ RunTime:0.000254s ]
INFO: [ app_begin ] --START--
INFO: Run Behavior\ReadHtmlCacheBehavior [ RunTime:0.000264s ]
INFO: [ app_begin ] --END-- [ RunTime:0.000295s ]
SQL: SHOW COLUMNS FROM `qm_zxkz` [ RunTime:0.0006s ]
SQL: SELECT * FROM `qm_zxkz` WHERE ( stat=3 ) ORDER BY id desc LIMIT 0,5   [ RunTime:0.0001s ]

[ 2018-10-31T06:19:25+08:00 ] 117.136.105.108 /index.php/Api/Index/tjcp
INFO: [ app_init ] --START--
INFO: Run Behavior\BuildLiteBehavior [ RunTime:0.000011s ]
INFO: [ app_init ] --END-- [ RunTime:0.000207s ]
INFO: [ app_begin ] --START--
INFO: Run Behavior\ReadHtmlCacheBehavior [ RunTime:0.000248s ]
INFO: [ app_begin ] --END-- [ RunTime:0.000281s ]
SQL: SHOW COLUMNS FROM `qm_product` [ RunTime:0.0005s ]
SQL: SELECT * FROM `qm_product` WHERE ( iszx=1 )  [ RunTime:0.0001s ]

[ 2018-10-31T06:19:26+08:00 ] 117.136.105.108 /index.php/Api/Index/getggfir
INFO: [ app_init ] --START--
INFO: Run Behavior\BuildLiteBehavior [ RunTime:0.000011s ]
INFO: [ app_init ] --END-- [ RunTime:0.000251s ]
INFO: [ app_begin ] --START--
INFO: Run Behavior\ReadHtmlCacheBehavior [ RunTime:0.000277s ]
INFO: [ app_begin ] --END-- [ RunTime:0.000315s ]
SQL: SHOW COLUMNS FROM `qm_gggl` [ RunTime:0.0005s ]
SQL: SELECT * FROM `qm_gggl` ORDER BY id desc LIMIT 1   [ RunTime:0.0001s ]

[ 2018-10-31T08:44:13+08:00 ] 112.224.19.89 /index.php/Api/Index/lblist
INFO: [ app_init ] --START--
INFO: Run Behavior\BuildLiteBehavior [ RunTime:0.000012s ]
INFO: [ app_init ] --END-- [ RunTime:0.000212s ]
INFO: [ app_begin ] --START--
INFO: Run Behavior\ReadHtmlCacheBehavior [ RunTime:0.000304s ]
INFO: [ app_begin ] --END-- [ RunTime:0.000338s ]
SQL: SHOW COLUMNS FROM `qm_lb` [ RunTime:0.0008s ]
SQL: SELECT * FROM `qm_lb` WHERE ( stat=1 )  [ RunTime:0.0001s ]

[ 2018-10-31T08:44:13+08:00 ] 112.224.19.89 /index.php/Api/Index/zxkz
INFO: [ app_init ] --START--
INFO: Run Behavior\BuildLiteBehavior [ RunTime:0.000014s ]
INFO: [ app_init ] --END-- [ RunTime:0.000290s ]
INFO: [ app_begin ] --START--
INFO: Run Behavior\ReadHtmlCacheBehavior [ RunTime:0.000329s ]
INFO: [ app_begin ] --END-- [ RunTime:0.000369s ]
SQL: SHOW COLUMNS FROM `qm_zxkz` [ RunTime:0.0005s ]
SQL: SELECT * FROM `qm_zxkz` WHERE ( stat=1  ) ORDER BY id desc LIMIT 0,5   [ RunTime:0.0001s ]

[ 2018-10-31T08:44:13+08:00 ] 112.224.19.89 /index.php/Api/Index/xyk
INFO: [ app_init ] --START--
INFO: Run Behavior\BuildLiteBehavior [ RunTime:0.000015s ]
INFO: [ app_init ] --END-- [ RunTime:0.000282s ]
INFO: [ app_begin ] --START--
INFO: Run Behavior\ReadHtmlCacheBehavior [ RunTime:0.000384s ]
INFO: [ app_begin ] --END-- [ RunTime:0.000431s ]
SQL: SHOW COLUMNS FROM `qm_zxkz` [ RunTime:0.0007s ]
SQL: SELECT * FROM `qm_zxkz` WHERE ( stat=2 ) ORDER BY id desc LIMIT 0,5   [ RunTime:0.0001s ]

[ 2018-10-31T08:44:13+08:00 ] 112.224.19.89 /index.php/Api/Index/ticity
INFO: [ app_init ] --START--
INFO: Run Behavior\BuildLiteBehavior [ RunTime:0.000010s ]
INFO: [ app_init ] --END-- [ RunTime:0.000201s ]
INFO: [ app_begin ] --START--
INFO: Run Behavior\ReadHtmlCacheBehavior [ RunTime:0.000269s ]
INFO: [ app_begin ] --END-- [ RunTime:0.000302s ]
SQL: SHOW COLUMNS FROM `qm_users` [ RunTime:0.0006s ]
SQL: UPDATE `qm_users` SET `city`='德州市' WHERE ( id=776872 ) [ RunTime:0.0002s ]

[ 2018-10-31T08:44:13+08:00 ] 112.224.19.89 /index.php/Api/Index/gh
INFO: [ app_init ] --START--
INFO: Run Behavior\BuildLiteBehavior [ RunTime:0.000011s ]
INFO: [ app_init ] --END-- [ RunTime:0.000204s ]
INFO: [ app_begin ] --START--
INFO: Run Behavior\ReadHtmlCacheBehavior [ RunTime:0.000247s ]
INFO: [ app_begin ] --END-- [ RunTime:0.000280s ]
SQL: SHOW COLUMNS FROM `qm_zxkz` [ RunTime:0.0005s ]
SQL: SELECT * FROM `qm_zxkz` WHERE ( stat=3 ) ORDER BY id desc LIMIT 0,5   [ RunTime:0.0001s ]

[ 2018-10-31T08:44:14+08:00 ] 112.224.19.89 /index.php/Api/Index/tjcp
INFO: [ app_init ] --START--
INFO: Run Behavior\BuildLiteBehavior [ RunTime:0.000011s ]
INFO: [ app_init ] --END-- [ RunTime:0.000238s ]
INFO: [ app_begin ] --START--
INFO: Run Behavior\ReadHtmlCacheBehavior [ RunTime:0.000283s ]
INFO: [ app_begin ] --END-- [ RunTime:0.000317s ]
SQL: SHOW COLUMNS FROM `qm_product` [ RunTime:0.0006s ]
SQL: SELECT * FROM `qm_product` WHERE ( iszx=1 )  [ RunTime:0.0001s ]

[ 2018-10-31T08:44:14+08:00 ] 112.224.19.89 /index.php/Api/Index/getggfir
INFO: [ app_init ] --START--
INFO: Run Behavior\BuildLiteBehavior [ RunTime:0.000011s ]
INFO: [ app_init ] --END-- [ RunTime:0.000219s ]
INFO: [ app_begin ] --START--
INFO: Run Behavior\ReadHtmlCacheBehavior [ RunTime:0.000269s ]
INFO: [ app_begin ] --END-- [ RunTime:0.000302s ]
SQL: SHOW COLUMNS FROM `qm_gggl` [ RunTime:0.0006s ]
SQL: SELECT * FROM `qm_gggl` ORDER BY id desc LIMIT 1   [ RunTime:0.0001s ]

[ 2018-10-31T08:44:14+08:00 ] 112.224.19.89 /index.php/Api/Index/getggfir
INFO: [ app_init ] --START--
INFO: Run Behavior\BuildLiteBehavior [ RunTime:0.000011s ]
INFO: [ app_init ] --END-- [ RunTime:0.000230s ]
INFO: [ app_begin ] --START--
INFO: Run Behavior\ReadHtmlCacheBehavior [ RunTime:0.000322s ]
INFO: [ app_begin ] --END-- [ RunTime:0.000364s ]
SQL: SHOW COLUMNS FROM `qm_gggl` [ RunTime:0.0078s ]
SQL: SELECT * FROM `qm_gggl` ORDER BY id desc LIMIT 1   [ RunTime:0.0001s ]

[ 2018-10-31T10:02:33+08:00 ] 113.127.85.104 /index.php/Api/Index/ones
INFO: [ app_init ] --START--
INFO: Run Behavior\BuildLiteBehavior [ RunTime:0.000010s ]
INFO: [ app_init ] --END-- [ RunTime:0.000202s ]
INFO: [ app_begin ] --START--
INFO: Run Behavior\ReadHtmlCacheBehavior [ RunTime:0.000246s ]
INFO: [ app_begin ] --END-- [ RunTime:0.000281s ]
SQL: SHOW COLUMNS FROM `qm_zxkzs` [ RunTime:0.0005s ]
SQL: SELECT * FROM `qm_zxkzs` ORDER BY id desc LIMIT 0,5   [ RunTime:0.0001s ]

[ 2018-10-31T10:22:27+08:00 ] 61.158.147.159 /index.php/Api/Index/lblist
INFO: [ app_init ] --START--
INFO: Run Behavior\BuildLiteBehavior [ RunTime:0.000011s ]
INFO: [ app_init ] --END-- [ RunTime:0.000219s ]
INFO: [ app_begin ] --START--
INFO: Run Behavior\ReadHtmlCacheBehavior [ RunTime:0.000255s ]
INFO: [ app_begin ] --END-- [ RunTime:0.000289s ]
SQL: SHOW COLUMNS FROM `qm_lb` [ RunTime:0.0007s ]
SQL: SELECT * FROM `qm_lb` WHERE ( stat=1 )  [ RunTime:0.0001s ]

[ 2018-10-31T10:22:27+08:00 ] 61.158.147.159 /index.php/Api/Index/zxkz
INFO: [ app_init ] --START--
INFO: Run Behavior\BuildLiteBehavior [ RunTime:0.000010s ]
INFO: [ app_init ] --END-- [ RunTime:0.000194s ]
INFO: [ app_begin ] --START--
INFO: Run Behavior\ReadHtmlCacheBehavior [ RunTime:0.000293s ]
INFO: [ app_begin ] --END-- [ RunTime:0.000327s ]
SQL: SHOW COLUMNS FROM `qm_zxkz` [ RunTime:0.0006s ]
SQL: SELECT * FROM `qm_zxkz` WHERE ( stat=1  ) ORDER BY id desc LIMIT 0,5   [ RunTime:0.0001s ]

[ 2018-10-31T10:22:27+08:00 ] 61.158.147.159 /index.php/Api/Index/ticity
INFO: [ app_init ] --START--
INFO: Run Behavior\BuildLiteBehavior [ RunTime:0.000011s ]
INFO: [ app_init ] --END-- [ RunTime:0.000209s ]
INFO: [ app_begin ] --START--
INFO: Run Behavior\ReadHtmlCacheBehavior [ RunTime:0.000328s ]
INFO: [ app_begin ] --END-- [ RunTime:0.000369s ]
SQL: SHOW COLUMNS FROM `qm_users` [ RunTime:0.0005s ]
SQL: UPDATE `qm_users` SET `city`='平顶山市' WHERE ( id=67923180 ) [ RunTime:0.0001s ]
INFO: [ app_end ] --START--
INFO: Run Behavior\ShowPageTraceBehavior [ RunTime:0.000272s ]
INFO: [ app_end ] --END-- [ RunTime:0.000302s ]

[ 2018-10-31T10:22:27+08:00 ] 61.158.147.159 /index.php/Api/Index/xyk
INFO: [ app_init ] --START--
INFO: Run Behavior\BuildLiteBehavior [ RunTime:0.000010s ]
INFO: [ app_init ] --END-- [ RunTime:0.000209s ]
INFO: [ app_begin ] --START--
INFO: Run Behavior\ReadHtmlCacheBehavior [ RunTime:0.000314s ]
INFO: [ app_begin ] --END-- [ RunTime:0.000354s ]
SQL: SHOW COLUMNS FROM `qm_zxkz` [ RunTime:0.0005s ]
SQL: SELECT * FROM `qm_zxkz` WHERE ( stat=2 ) ORDER BY id desc LIMIT 0,5   [ RunTime:0.0001s ]

[ 2018-10-31T10:22:28+08:00 ] 61.158.147.159 /index.php/Api/Index/gh
INFO: [ app_init ] --START--
INFO: Run Behavior\BuildLiteBehavior [ RunTime:0.000012s ]
INFO: [ app_init ] --END-- [ RunTime:0.000240s ]
INFO: [ app_begin ] --START--
INFO: Run Behavior\ReadHtmlCacheBehavior [ RunTime:0.000324s ]
INFO: [ app_begin ] --END-- [ RunTime:0.000363s ]
SQL: SHOW COLUMNS FROM `qm_zxkz` [ RunTime:0.0005s ]
SQL: SELECT * FROM `qm_zxkz` WHERE ( stat=3 ) ORDER BY id desc LIMIT 0,5   [ RunTime:0.0001s ]

[ 2018-10-31T10:22:28+08:00 ] 61.158.147.159 /index.php/Api/Index/tjcp
INFO: [ app_init ] --START--
INFO: Run Behavior\BuildLiteBehavior [ RunTime:0.000016s ]
INFO: [ app_init ] --END-- [ RunTime:0.000371s ]
INFO: [ app_begin ] --START--
INFO: Run Behavior\ReadHtmlCacheBehavior [ RunTime:0.000261s ]
INFO: [ app_begin ] --END-- [ RunTime:0.000303s ]
SQL: SHOW COLUMNS FROM `qm_product` [ RunTime:0.0006s ]
SQL: SELECT * FROM `qm_product` WHERE ( iszx=1 )  [ RunTime:0.0001s ]

[ 2018-10-31T10:22:30+08:00 ] 61.158.147.159 /index.php/Api/Index/getggfir
INFO: [ app_init ] --START--
INFO: Run Behavior\BuildLiteBehavior [ RunTime:0.000015s ]
INFO: [ app_init ] --END-- [ RunTime:0.000253s ]
INFO: [ app_begin ] --START--
INFO: Run Behavior\ReadHtmlCacheBehavior [ RunTime:0.000289s ]
INFO: [ app_begin ] --END-- [ RunTime:0.000328s ]
SQL: SHOW COLUMNS FROM `qm_gggl` [ RunTime:0.0005s ]
SQL: SELECT * FROM `qm_gggl` ORDER BY id desc LIMIT 1   [ RunTime:0.0001s ]

[ 2018-10-31T10:22:30+08:00 ] 61.158.147.159 /index.php/Api/Index/getggfir
INFO: [ app_init ] --START--
INFO: Run Behavior\BuildLiteBehavior [ RunTime:0.000010s ]
INFO: [ app_init ] --END-- [ RunTime:0.000253s ]
INFO: [ app_begin ] --START--
INFO: Run Behavior\ReadHtmlCacheBehavior [ RunTime:0.000240s ]
INFO: [ app_begin ] --END-- [ RunTime:0.000272s ]
SQL: SHOW COLUMNS FROM `qm_gggl` [ RunTime:0.0006s ]
SQL: SELECT * FROM `qm_gggl` ORDER BY id desc LIMIT 1   [ RunTime:0.0001s ]

[ 2018-10-31T13:20:07+08:00 ] 14.122.169.194 /index.php/Api/Index/lblist
INFO: [ app_init ] --START--
INFO: Run Behavior\BuildLiteBehavior [ RunTime:0.000010s ]
INFO: [ app_init ] --END-- [ RunTime:0.000200s ]
INFO: [ app_begin ] --START--
INFO: Run Behavior\ReadHtmlCacheBehavior [ RunTime:0.000355s ]
INFO: [ app_begin ] --END-- [ RunTime:0.000400s ]
SQL: SHOW COLUMNS FROM `qm_lb` [ RunTime:0.0007s ]
SQL: SELECT * FROM `qm_lb` WHERE ( stat=1 )  [ RunTime:0.0001s ]

[ 2018-10-31T13:20:08+08:00 ] 14.122.169.194 /index.php/Api/Index/zxkz
INFO: [ app_init ] --START--
INFO: Run Behavior\BuildLiteBehavior [ RunTime:0.000000s ]
INFO: [ app_init ] --END-- [ RunTime:0.000291s ]
INFO: [ app_begin ] --START--
INFO: Run Behavior\ReadHtmlCacheBehavior [ RunTime:0.000253s ]
INFO: [ app_begin ] --END-- [ RunTime:0.000284s ]
SQL: SHOW COLUMNS FROM `qm_zxkz` [ RunTime:0.0006s ]
SQL: SELECT * FROM `qm_zxkz` WHERE ( stat=1  ) ORDER BY id desc LIMIT 0,5   [ RunTime:0.0001s ]

[ 2018-10-31T13:20:08+08:00 ] 14.122.169.194 /index.php/Api/Index/xyk
INFO: [ app_init ] --START--
INFO: Run Behavior\BuildLiteBehavior [ RunTime:0.000010s ]
INFO: [ app_init ] --END-- [ RunTime:0.000215s ]
INFO: [ app_begin ] --START--
INFO: Run Behavior\ReadHtmlCacheBehavior [ RunTime:0.000236s ]
INFO: [ app_begin ] --END-- [ RunTime:0.000269s ]
SQL: SHOW COLUMNS FROM `qm_zxkz` [ RunTime:0.0005s ]
SQL: SELECT * FROM `qm_zxkz` WHERE ( stat=2 ) ORDER BY id desc LIMIT 0,5   [ RunTime:0.0001s ]

[ 2018-10-31T13:20:09+08:00 ] 14.122.169.194 /index.php/Api/Index/gh
INFO: [ app_init ] --START--
INFO: Run Behavior\BuildLiteBehavior [ RunTime:0.000010s ]
INFO: [ app_init ] --END-- [ RunTime:0.000204s ]
INFO: [ app_begin ] --START--
INFO: Run Behavior\ReadHtmlCacheBehavior [ RunTime:0.000267s ]
INFO: [ app_begin ] --END-- [ RunTime:0.000300s ]
SQL: SHOW COLUMNS FROM `qm_zxkz` [ RunTime:0.0005s ]
SQL: SELECT * FROM `qm_zxkz` WHERE ( stat=3 ) ORDER BY id desc LIMIT 0,5   [ RunTime:0.0001s ]

[ 2018-10-31T13:20:09+08:00 ] 14.122.169.194 /index.php/Api/Index/tjcp
INFO: [ app_init ] --START--
INFO: Run Behavior\BuildLiteBehavior [ RunTime:0.000011s ]
INFO: [ app_init ] --END-- [ RunTime:0.000227s ]
INFO: [ app_begin ] --START--
INFO: Run Behavior\ReadHtmlCacheBehavior [ RunTime:0.000263s ]
INFO: [ app_begin ] --END-- [ RunTime:0.000296s ]
SQL: SHOW COLUMNS FROM `qm_product` [ RunTime:0.0007s ]
SQL: SELECT * FROM `qm_product` WHERE ( iszx=1 )  [ RunTime:0.0001s ]

[ 2018-10-31T13:20:09+08:00 ] 14.122.169.194 /index.php/Api/Index/getggfir
INFO: [ app_init ] --START--
INFO: Run Behavior\BuildLiteBehavior [ RunTime:0.000010s ]
INFO: [ app_init ] --END-- [ RunTime:0.000201s ]
INFO: [ app_begin ] --START--
INFO: Run Behavior\ReadHtmlCacheBehavior [ RunTime:0.000245s ]
INFO: [ app_begin ] --END-- [ RunTime:0.000277s ]
SQL: SHOW COLUMNS FROM `qm_gggl` [ RunTime:0.0005s ]
SQL: SELECT * FROM `qm_gggl` ORDER BY id desc LIMIT 1   [ RunTime:0.0001s ]

[ 2018-10-31T13:20:10+08:00 ] 14.122.169.194 /index.php/Api/Index/getggfir
INFO: [ app_init ] --START--
INFO: Run Behavior\BuildLiteBehavior [ RunTime:0.000010s ]
INFO: [ app_init ] --END-- [ RunTime:0.000238s ]
INFO: [ app_begin ] --START--
INFO: Run Behavior\ReadHtmlCacheBehavior [ RunTime:0.000290s ]
INFO: [ app_begin ] --END-- [ RunTime:0.000331s ]
SQL: SHOW COLUMNS FROM `qm_gggl` [ RunTime:0.0005s ]
SQL: SELECT * FROM `qm_gggl` ORDER BY id desc LIMIT 1   [ RunTime:0.0001s ]

[ 2018-10-31T13:21:31+08:00 ] 14.122.169.194 /index.php/Api/Index/lblist
INFO: [ app_init ] --START--
INFO: Run Behavior\BuildLiteBehavior [ RunTime:0.000010s ]
INFO: [ app_init ] --END-- [ RunTime:0.000226s ]
INFO: [ app_begin ] --START--
INFO: Run Behavior\ReadHtmlCacheBehavior [ RunTime:0.000269s ]
INFO: [ app_begin ] --END-- [ RunTime:0.000301s ]
SQL: SHOW COLUMNS FROM `qm_lb` [ RunTime:0.0006s ]
SQL: SELECT * FROM `qm_lb` WHERE ( stat=1 )  [ RunTime:0.0001s ]

[ 2018-10-31T13:21:32+08:00 ] 14.122.169.194 /index.php/Api/Index/zxkz
INFO: [ app_init ] --START--
INFO: Run Behavior\BuildLiteBehavior [ RunTime:0.000012s ]
INFO: [ app_init ] --END-- [ RunTime:0.000225s ]
INFO: [ app_begin ] --START--
INFO: Run Behavior\ReadHtmlCacheBehavior [ RunTime:0.000264s ]
INFO: [ app_begin ] --END-- [ RunTime:0.000295s ]
SQL: SHOW COLUMNS FROM `qm_zxkz` [ RunTime:0.0005s ]
SQL: SELECT * FROM `qm_zxkz` WHERE ( stat=1  ) ORDER BY id desc LIMIT 0,5   [ RunTime:0.0001s ]

[ 2018-10-31T13:21:32+08:00 ] 14.122.169.194 /index.php/Api/Index/xyk
INFO: [ app_init ] --START--
INFO: Run Behavior\BuildLiteBehavior [ RunTime:0.000011s ]
INFO: [ app_init ] --END-- [ RunTime:0.000271s ]
INFO: [ app_begin ] --START--
INFO: Run Behavior\ReadHtmlCacheBehavior [ RunTime:0.000277s ]
INFO: [ app_begin ] --END-- [ RunTime:0.000311s ]
SQL: SHOW COLUMNS FROM `qm_zxkz` [ RunTime:0.0005s ]
SQL: SELECT * FROM `qm_zxkz` WHERE ( stat=2 ) ORDER BY id desc LIMIT 0,5   [ RunTime:0.0001s ]

[ 2018-10-31T13:21:32+08:00 ] 14.122.169.194 /index.php/Api/Index/ticity
INFO: [ app_init ] --START--
INFO: Run Behavior\BuildLiteBehavior [ RunTime:0.000010s ]
INFO: [ app_init ] --END-- [ RunTime:0.000208s ]
INFO: [ app_begin ] --START--
INFO: Run Behavior\ReadHtmlCacheBehavior [ RunTime:0.000262s ]
INFO: [ app_begin ] --END-- [ RunTime:0.000296s ]
SQL: SHOW COLUMNS FROM `qm_users` [ RunTime:0.0006s ]
NOTIC: [8] Undefined index: uid /www/wwwroot/dai.juhuaian.cn/Application/Api/Controller/IndexController.class.php 第 207 行.
ERR: 1064:You have an error in your SQL syntax; check the manual that corresponds to your MySQL server version for the right syntax to use near ')' at line 1
 [ SQL语句 ] : UPDATE `qm_users` SET `city`='湛江市' WHERE ( id= )
ERR: 1064:You have an error in your SQL syntax; check the manual that corresponds to your MySQL server version for the right syntax to use near ')' at line 1
 [ SQL语句 ] : UPDATE `qm_users` SET `city`='湛江市' WHERE ( id= )

[ 2018-10-31T13:21:32+08:00 ] 14.122.169.194 /index.php/Api/Index/gh
INFO: [ app_init ] --START--
INFO: Run Behavior\BuildLiteBehavior [ RunTime:0.000010s ]
INFO: [ app_init ] --END-- [ RunTime:0.000228s ]
INFO: [ app_begin ] --START--
INFO: Run Behavior\ReadHtmlCacheBehavior [ RunTime:0.000386s ]
INFO: [ app_begin ] --END-- [ RunTime:0.000434s ]
SQL: SHOW COLUMNS FROM `qm_zxkz` [ RunTime:0.0007s ]
SQL: SELECT * FROM `qm_zxkz` WHERE ( stat=3 ) ORDER BY id desc LIMIT 0,5   [ RunTime:0.0001s ]

[ 2018-10-31T13:21:32+08:00 ] 14.122.169.194 /index.php/Api/Index/tjcp
INFO: [ app_init ] --START--
INFO: Run Behavior\BuildLiteBehavior [ RunTime:0.000010s ]
INFO: [ app_init ] --END-- [ RunTime:0.000235s ]
INFO: [ app_begin ] --START--
INFO: Run Behavior\ReadHtmlCacheBehavior [ RunTime:0.000280s ]
INFO: [ app_begin ] --END-- [ RunTime:0.000328s ]
SQL: SHOW COLUMNS FROM `qm_product` [ RunTime:0.0006s ]
SQL: SELECT * FROM `qm_product` WHERE ( iszx=1 )  [ RunTime:0.0002s ]

[ 2018-10-31T13:21:33+08:00 ] 14.122.169.194 /index.php/Api/Index/getggfir
INFO: [ app_init ] --START--
INFO: Run Behavior\BuildLiteBehavior [ RunTime:0.000011s ]
INFO: [ app_init ] --END-- [ RunTime:0.000219s ]
INFO: [ app_begin ] --START--
INFO: Run Behavior\ReadHtmlCacheBehavior [ RunTime:0.000274s ]
INFO: [ app_begin ] --END-- [ RunTime:0.000316s ]
SQL: SHOW COLUMNS FROM `qm_gggl` [ RunTime:0.0005s ]
SQL: SELECT * FROM `qm_gggl` ORDER BY id desc LIMIT 1   [ RunTime:0.0001s ]

[ 2018-10-31T13:21:33+08:00 ] 14.122.169.194 /index.php/Api/Index/getggfir
INFO: [ app_init ] --START--
INFO: Run Behavior\BuildLiteBehavior [ RunTime:0.000011s ]
INFO: [ app_init ] --END-- [ RunTime:0.000244s ]
INFO: [ app_begin ] --START--
INFO: Run Behavior\ReadHtmlCacheBehavior [ RunTime:0.000269s ]
INFO: [ app_begin ] --END-- [ RunTime:0.000310s ]
SQL: SHOW COLUMNS FROM `qm_gggl` [ RunTime:0.0005s ]
SQL: SELECT * FROM `qm_gggl` ORDER BY id desc LIMIT 1   [ RunTime:0.0001s ]

[ 2018-10-31T13:21:51+08:00 ] 14.122.169.194 /index.php/Api/Index/Login
INFO: [ app_init ] --START--
INFO: Run Behavior\BuildLiteBehavior [ RunTime:0.000013s ]
INFO: [ app_init ] --END-- [ RunTime:0.000228s ]
INFO: [ app_begin ] --START--
INFO: Run Behavior\ReadHtmlCacheBehavior [ RunTime:0.000320s ]
INFO: [ app_begin ] --END-- [ RunTime:0.000352s ]
SQL: SHOW COLUMNS FROM `qm_users` [ RunTime:0.0007s ]
SQL: SELECT * FROM `qm_users` WHERE ( phone='13432832569' AND password='bbcaea1d3d39b3821d6a44d70af56a92' ) LIMIT 1   [ RunTime:0.0006s ]
SQL: SELECT * FROM `qm_users` WHERE ( phone='13432832569' ) LIMIT 1   [ RunTime:0.0004s ]

[ 2018-10-31T13:22:19+08:00 ] 14.122.169.194 /index.php/Api/Index/lblist
INFO: [ app_init ] --START--
INFO: Run Behavior\BuildLiteBehavior [ RunTime:0.000016s ]
INFO: [ app_init ] --END-- [ RunTime:0.000275s ]
INFO: [ app_begin ] --START--
INFO: Run Behavior\ReadHtmlCacheBehavior [ RunTime:0.000340s ]
INFO: [ app_begin ] --END-- [ RunTime:0.000376s ]
SQL: SHOW COLUMNS FROM `qm_lb` [ RunTime:0.0005s ]
SQL: SELECT * FROM `qm_lb` WHERE ( stat=1 )  [ RunTime:0.0001s ]

[ 2018-10-31T13:22:20+08:00 ] 14.122.169.194 /index.php/Api/Index/zxkz
INFO: [ app_init ] --START--
INFO: Run Behavior\BuildLiteBehavior [ RunTime:0.000011s ]
INFO: [ app_init ] --END-- [ RunTime:0.000228s ]
INFO: [ app_begin ] --START--
INFO: Run Behavior\ReadHtmlCacheBehavior [ RunTime:0.000275s ]
INFO: [ app_begin ] --END-- [ RunTime:0.000308s ]
SQL: SHOW COLUMNS FROM `qm_zxkz` [ RunTime:0.0005s ]
SQL: SELECT * FROM `qm_zxkz` WHERE ( stat=1  ) ORDER BY id desc LIMIT 0,5   [ RunTime:0.0001s ]

[ 2018-10-31T13:22:20+08:00 ] 14.122.169.194 /index.php/Api/Index/xyk
INFO: [ app_init ] --START--
INFO: Run Behavior\BuildLiteBehavior [ RunTime:0.000011s ]
INFO: [ app_init ] --END-- [ RunTime:0.000211s ]
INFO: [ app_begin ] --START--
INFO: Run Behavior\ReadHtmlCacheBehavior [ RunTime:0.000275s ]
INFO: [ app_begin ] --END-- [ RunTime:0.000312s ]
SQL: SHOW COLUMNS FROM `qm_zxkz` [ RunTime:0.0005s ]
SQL: SELECT * FROM `qm_zxkz` WHERE ( stat=2 ) ORDER BY id desc LIMIT 0,5   [ RunTime:0.0001s ]

[ 2018-10-31T13:22:20+08:00 ] 14.122.169.194 /index.php/Api/Index/ticity
INFO: [ app_init ] --START--
INFO: Run Behavior\BuildLiteBehavior [ RunTime:0.000011s ]
INFO: [ app_init ] --END-- [ RunTime:0.000269s ]
INFO: [ app_begin ] --START--
INFO: Run Behavior\ReadHtmlCacheBehavior [ RunTime:0.000309s ]
INFO: [ app_begin ] --END-- [ RunTime:0.000359s ]
SQL: SHOW COLUMNS FROM `qm_users` [ RunTime:0.0007s ]
NOTIC: [8] Undefined index: uid /www/wwwroot/dai.juhuaian.cn/Application/Api/Controller/IndexController.class.php 第 207 行.
ERR: 1064:You have an error in your SQL syntax; check the manual that corresponds to your MySQL server version for the right syntax to use near ')' at line 1
 [ SQL语句 ] : UPDATE `qm_users` SET `city`='湛江市' WHERE ( id= )
ERR: 1064:You have an error in your SQL syntax; check the manual that corresponds to your MySQL server version for the right syntax to use near ')' at line 1
 [ SQL语句 ] : UPDATE `qm_users` SET `city`='湛江市' WHERE ( id= )

[ 2018-10-31T13:22:20+08:00 ] 14.122.169.194 /index.php/Api/Index/gh
INFO: [ app_init ] --START--
INFO: Run Behavior\BuildLiteBehavior [ RunTime:0.000017s ]
INFO: [ app_init ] --END-- [ RunTime:0.000208s ]
INFO: [ app_begin ] --START--
INFO: Run Behavior\ReadHtmlCacheBehavior [ RunTime:0.000276s ]
INFO: [ app_begin ] --END-- [ RunTime:0.000308s ]
SQL: SHOW COLUMNS FROM `qm_zxkz` [ RunTime:0.0005s ]
SQL: SELECT * FROM `qm_zxkz` WHERE ( stat=3 ) ORDER BY id desc LIMIT 0,5   [ RunTime:0.0001s ]

[ 2018-10-31T13:22:20+08:00 ] 14.122.169.194 /index.php/Api/Index/tjcp
INFO: [ app_init ] --START--
INFO: Run Behavior\BuildLiteBehavior [ RunTime:0.000011s ]
INFO: [ app_init ] --END-- [ RunTime:0.000205s ]
INFO: [ app_begin ] --START--
INFO: Run Behavior\ReadHtmlCacheBehavior [ RunTime:0.000257s ]
INFO: [ app_begin ] --END-- [ RunTime:0.000299s ]
SQL: SHOW COLUMNS FROM `qm_product` [ RunTime:0.0005s ]
SQL: SELECT * FROM `qm_product` WHERE ( iszx=1 )  [ RunTime:0.0001s ]

[ 2018-10-31T13:22:21+08:00 ] 14.122.169.194 /index.php/Api/Index/getggfir
INFO: [ app_init ] --START--
INFO: Run Behavior\BuildLiteBehavior [ RunTime:0.000015s ]
INFO: [ app_init ] --END-- [ RunTime:0.000285s ]
INFO: [ app_begin ] --START--
INFO: Run Behavior\ReadHtmlCacheBehavior [ RunTime:0.000282s ]
INFO: [ app_begin ] --END-- [ RunTime:0.000317s ]
SQL: SHOW COLUMNS FROM `qm_gggl` [ RunTime:0.0004s ]
SQL: SELECT * FROM `qm_gggl` ORDER BY id desc LIMIT 1   [ RunTime:0.0001s ]

[ 2018-10-31T13:22:21+08:00 ] 14.122.169.194 /index.php/Api/Index/getggfir
INFO: [ app_init ] --START--
INFO: Run Behavior\BuildLiteBehavior [ RunTime:0.000017s ]
INFO: [ app_init ] --END-- [ RunTime:0.000345s ]
INFO: [ app_begin ] --START--
INFO: Run Behavior\ReadHtmlCacheBehavior [ RunTime:0.000413s ]
INFO: [ app_begin ] --END-- [ RunTime:0.000463s ]
SQL: SHOW COLUMNS FROM `qm_gggl` [ RunTime:0.0005s ]
SQL: SELECT * FROM `qm_gggl` ORDER BY id desc LIMIT 1   [ RunTime:0.0001s ]

[ 2018-10-31T13:22:49+08:00 ] 14.122.169.194 /index.php/Api/Index/Login
INFO: [ app_init ] --START--
INFO: Run Behavior\BuildLiteBehavior [ RunTime:0.000014s ]
INFO: [ app_init ] --END-- [ RunTime:0.000230s ]
INFO: [ app_begin ] --START--
INFO: Run Behavior\ReadHtmlCacheBehavior [ RunTime:0.000275s ]
INFO: [ app_begin ] --END-- [ RunTime:0.000314s ]
SQL: SHOW COLUMNS FROM `qm_users` [ RunTime:0.0005s ]
SQL: SELECT * FROM `qm_users` WHERE ( phone='13432832569' AND password='6d10a79939dc6e5d2973e95c2e4fd394' ) LIMIT 1   [ RunTime:0.0006s ]
SQL: SELECT * FROM `qm_users` WHERE ( phone='13432832569' ) LIMIT 1   [ RunTime:0.0001s ]

[ 2018-10-31T13:22:57+08:00 ] 14.122.169.194 /index.php/Api/Index/IsMerber
INFO: [ app_init ] --START--
INFO: Run Behavior\BuildLiteBehavior [ RunTime:0.000011s ]
INFO: [ app_init ] --END-- [ RunTime:0.000198s ]
INFO: [ app_begin ] --START--
INFO: Run Behavior\ReadHtmlCacheBehavior [ RunTime:0.000240s ]
INFO: [ app_begin ] --END-- [ RunTime:0.000272s ]
SQL: SHOW COLUMNS FROM `qm_users` [ RunTime:0.0005s ]
SQL: SELECT * FROM `qm_users` WHERE ( phone ='13432832569' ) LIMIT 1   [ RunTime:0.0004s ]

[ 2018-10-31T13:23:15+08:00 ] 14.122.169.194 /index.php/Api/Index/Login
INFO: [ app_init ] --START--
INFO: Run Behavior\BuildLiteBehavior [ RunTime:0.000011s ]
INFO: [ app_init ] --END-- [ RunTime:0.000210s ]
INFO: [ app_begin ] --START--
INFO: Run Behavior\ReadHtmlCacheBehavior [ RunTime:0.000273s ]
INFO: [ app_begin ] --END-- [ RunTime:0.000306s ]
SQL: SHOW COLUMNS FROM `qm_users` [ RunTime:0.0005s ]
SQL: SELECT * FROM `qm_users` WHERE ( phone='13432832569' AND password='57ce6af6cca87bb04fde0a7e13c57a80' ) LIMIT 1   [ RunTime:0.0005s ]
SQL: SELECT * FROM `qm_users` WHERE ( phone='13432832569' ) LIMIT 1   [ RunTime:0.0001s ]

[ 2018-10-31T13:23:21+08:00 ] 14.122.169.194 /index.php/Api/Index/Login
INFO: [ app_init ] --START--
INFO: Run Behavior\BuildLiteBehavior [ RunTime:0.000011s ]
INFO: [ app_init ] --END-- [ RunTime:0.000200s ]
INFO: [ app_begin ] --START--
INFO: Run Behavior\ReadHtmlCacheBehavior [ RunTime:0.000256s ]
INFO: [ app_begin ] --END-- [ RunTime:0.000289s ]
SQL: SHOW COLUMNS FROM `qm_users` [ RunTime:0.0005s ]
SQL: SELECT * FROM `qm_users` WHERE ( phone='13432832569' AND password='8262308628058e5431ae33bd62871aca' ) LIMIT 1   [ RunTime:0.0006s ]
SQL: SELECT * FROM `qm_users` WHERE ( phone='13432832569' ) LIMIT 1   [ RunTime:0.0001s ]

[ 2018-10-31T13:23:39+08:00 ] 14.122.169.194 /index.php/Api/Index/Login
INFO: [ app_init ] --START--
INFO: Run Behavior\BuildLiteBehavior [ RunTime:0.000010s ]
INFO: [ app_init ] --END-- [ RunTime:0.000240s ]
INFO: [ app_begin ] --START--
INFO: Run Behavior\ReadHtmlCacheBehavior [ RunTime:0.000254s ]
INFO: [ app_begin ] --END-- [ RunTime:0.000299s ]
SQL: SHOW COLUMNS FROM `qm_users` [ RunTime:0.0006s ]
SQL: SELECT * FROM `qm_users` WHERE ( phone='13432832569' AND password='8262308628058e5431ae33bd62871aca' ) LIMIT 1   [ RunTime:0.0001s ]
SQL: SELECT * FROM `qm_users` WHERE ( phone='13432832569' ) LIMIT 1   [ RunTime:0.0001s ]

[ 2018-10-31T13:23:55+08:00 ] 14.122.169.194 /index.php/Api/Index/IsMerber
INFO: [ app_init ] --START--
INFO: Run Behavior\BuildLiteBehavior [ RunTime:0.000014s ]
INFO: [ app_init ] --END-- [ RunTime:0.000303s ]
INFO: [ app_begin ] --START--
INFO: Run Behavior\ReadHtmlCacheBehavior [ RunTime:0.000415s ]
INFO: [ app_begin ] --END-- [ RunTime:0.000464s ]
SQL: SHOW COLUMNS FROM `qm_users` [ RunTime:0.0006s ]
SQL: SELECT * FROM `qm_users` WHERE ( phone ='13432862569' ) LIMIT 1   [ RunTime:0.0006s ]

[ 2018-10-31T13:24:57+08:00 ] 14.122.169.194 /index.php/Api/Index/IsMerber
INFO: [ app_init ] --START--
INFO: Run Behavior\BuildLiteBehavior [ RunTime:0.000011s ]
INFO: [ app_init ] --END-- [ RunTime:0.000212s ]
INFO: [ app_begin ] --START--
INFO: Run Behavior\ReadHtmlCacheBehavior [ RunTime:0.000324s ]
INFO: [ app_begin ] --END-- [ RunTime:0.000367s ]
SQL: SHOW COLUMNS FROM `qm_users` [ RunTime:0.0005s ]
SQL: SELECT * FROM `qm_users` WHERE ( phone ='13432832569' ) LIMIT 1   [ RunTime:0.0001s ]

[ 2018-10-31T13:24:58+08:00 ] 14.122.169.194 /index.php/Api/Index/IsMerber
INFO: [ app_init ] --START--
INFO: Run Behavior\BuildLiteBehavior [ RunTime:0.000010s ]
INFO: [ app_init ] --END-- [ RunTime:0.000197s ]
INFO: [ app_begin ] --START--
INFO: Run Behavior\ReadHtmlCacheBehavior [ RunTime:0.000271s ]
INFO: [ app_begin ] --END-- [ RunTime:0.000304s ]
SQL: SHOW COLUMNS FROM `qm_users` [ RunTime:0.0006s ]
SQL: SELECT * FROM `qm_users` WHERE ( phone ='13432832569' ) LIMIT 1   [ RunTime:0.0001s ]

[ 2018-10-31T13:24:58+08:00 ] 14.122.169.194 /index.php/Api/Index/IsMerber
INFO: [ app_init ] --START--
INFO: Run Behavior\BuildLiteBehavior [ RunTime:0.000010s ]
INFO: [ app_init ] --END-- [ RunTime:0.000216s ]
INFO: [ app_begin ] --START--
INFO: Run Behavior\ReadHtmlCacheBehavior [ RunTime:0.000252s ]
INFO: [ app_begin ] --END-- [ RunTime:0.000284s ]
SQL: SHOW COLUMNS FROM `qm_users` [ RunTime:0.0006s ]
SQL: SELECT * FROM `qm_users` WHERE ( phone ='13432832569' ) LIMIT 1   [ RunTime:0.0001s ]

[ 2018-10-31T13:24:59+08:00 ] 14.122.169.194 /index.php/Api/Index/IsMerber
INFO: [ app_init ] --START--
INFO: Run Behavior\BuildLiteBehavior [ RunTime:0.000010s ]
INFO: [ app_init ] --END-- [ RunTime:0.000211s ]
INFO: [ app_begin ] --START--
INFO: Run Behavior\ReadHtmlCacheBehavior [ RunTime:0.000238s ]
INFO: [ app_begin ] --END-- [ RunTime:0.000270s ]
SQL: SHOW COLUMNS FROM `qm_users` [ RunTime:0.0007s ]
SQL: SELECT * FROM `qm_users` WHERE ( phone ='13432832569' ) LIMIT 1   [ RunTime:0.0001s ]

[ 2018-10-31T13:24:59+08:00 ] 14.122.169.194 /index.php/Api/Index/IsMerber
INFO: [ app_init ] --START--
INFO: Run Behavior\BuildLiteBehavior [ RunTime:0.000014s ]
INFO: [ app_init ] --END-- [ RunTime:0.000286s ]
INFO: [ app_begin ] --START--
INFO: Run Behavior\ReadHtmlCacheBehavior [ RunTime:0.000255s ]
INFO: [ app_begin ] --END-- [ RunTime:0.000289s ]
SQL: SHOW COLUMNS FROM `qm_users` [ RunTime:0.0008s ]
SQL: SELECT * FROM `qm_users` WHERE ( phone ='13432832569' ) LIMIT 1   [ RunTime:0.0001s ]

[ 2018-10-31T13:24:59+08:00 ] 14.122.169.194 /index.php/Api/Index/IsMerber
INFO: [ app_init ] --START--
INFO: Run Behavior\BuildLiteBehavior [ RunTime:0.000011s ]
INFO: [ app_init ] --END-- [ RunTime:0.000218s ]
INFO: [ app_begin ] --START--
INFO: Run Behavior\ReadHtmlCacheBehavior [ RunTime:0.000269s ]
INFO: [ app_begin ] --END-- [ RunTime:0.000302s ]
SQL: SHOW COLUMNS FROM `qm_users` [ RunTime:0.0007s ]
SQL: SELECT * FROM `qm_users` WHERE ( phone ='13432832569' ) LIMIT 1   [ RunTime:0.0002s ]

[ 2018-10-31T13:25:00+08:00 ] 14.122.169.194 /index.php/Api/Index/getxy
INFO: [ app_init ] --START--
INFO: Run Behavior\BuildLiteBehavior [ RunTime:0.000011s ]
INFO: [ app_init ] --END-- [ RunTime:0.000224s ]
INFO: [ app_begin ] --START--
INFO: Run Behavior\ReadHtmlCacheBehavior [ RunTime:0.000290s ]
INFO: [ app_begin ] --END-- [ RunTime:0.000322s ]
SQL: SHOW COLUMNS FROM `qm_xieyi` [ RunTime:0.0007s ]
SQL: SELECT * FROM `qm_xieyi` WHERE ( id=1 ) LIMIT 1   [ RunTime:0.0003s ]

[ 2018-10-31T13:25:12+08:00 ] 14.122.169.194 /index.php/Api/Index/lblist
INFO: [ app_init ] --START--
INFO: Run Behavior\BuildLiteBehavior [ RunTime:0.000015s ]
INFO: [ app_init ] --END-- [ RunTime:0.000300s ]
INFO: [ app_begin ] --START--
INFO: Run Behavior\ReadHtmlCacheBehavior [ RunTime:0.000313s ]
INFO: [ app_begin ] --END-- [ RunTime:0.000350s ]
SQL: SHOW COLUMNS FROM `qm_lb` [ RunTime:0.0005s ]
SQL: SELECT * FROM `qm_lb` WHERE ( stat=1 )  [ RunTime:0.0001s ]

[ 2018-10-31T13:25:13+08:00 ] 14.122.169.194 /index.php/Api/Index/zxkz
INFO: [ app_init ] --START--
INFO: Run Behavior\BuildLiteBehavior [ RunTime:0.000012s ]
INFO: [ app_init ] --END-- [ RunTime:0.000263s ]
INFO: [ app_begin ] --START--
INFO: Run Behavior\ReadHtmlCacheBehavior [ RunTime:0.000270s ]
INFO: [ app_begin ] --END-- [ RunTime:0.000304s ]
SQL: SHOW COLUMNS FROM `qm_zxkz` [ RunTime:0.0005s ]
SQL: SELECT * FROM `qm_zxkz` WHERE ( stat=1  ) ORDER BY id desc LIMIT 0,5   [ RunTime:0.0001s ]

[ 2018-10-31T13:25:13+08:00 ] 14.122.169.194 /index.php/Api/Index/ticity
INFO: [ app_init ] --START--
INFO: Run Behavior\BuildLiteBehavior [ RunTime:0.000010s ]
INFO: [ app_init ] --END-- [ RunTime:0.000217s ]
INFO: [ app_begin ] --START--
INFO: Run Behavior\ReadHtmlCacheBehavior [ RunTime:0.000284s ]
INFO: [ app_begin ] --END-- [ RunTime:0.000323s ]
SQL: SHOW COLUMNS FROM `qm_users` [ RunTime:0.0005s ]
NOTIC: [8] Undefined index: uid /www/wwwroot/dai.juhuaian.cn/Application/Api/Controller/IndexController.class.php 第 207 行.
ERR: 1064:You have an error in your SQL syntax; check the manual that corresponds to your MySQL server version for the right syntax to use near ')' at line 1
 [ SQL语句 ] : UPDATE `qm_users` SET `city`='湛江市' WHERE ( id= )
ERR: 1064:You have an error in your SQL syntax; check the manual that corresponds to your MySQL server version for the right syntax to use near ')' at line 1
 [ SQL语句 ] : UPDATE `qm_users` SET `city`='湛江市' WHERE ( id= )

[ 2018-10-31T13:25:13+08:00 ] 14.122.169.194 /index.php/Api/Index/xyk
INFO: [ app_init ] --START--
INFO: Run Behavior\BuildLiteBehavior [ RunTime:0.000010s ]
INFO: [ app_init ] --END-- [ RunTime:0.000237s ]
INFO: [ app_begin ] --START--
INFO: Run Behavior\ReadHtmlCacheBehavior [ RunTime:0.000308s ]
INFO: [ app_begin ] --END-- [ RunTime:0.000346s ]
SQL: SHOW COLUMNS FROM `qm_zxkz` [ RunTime:0.0005s ]
SQL: SELECT * FROM `qm_zxkz` WHERE ( stat=2 ) ORDER BY id desc LIMIT 0,5   [ RunTime:0.0001s ]

[ 2018-10-31T13:25:13+08:00 ] 14.122.169.194 /index.php/Api/Index/gh
INFO: [ app_init ] --START--
INFO: Run Behavior\BuildLiteBehavior [ RunTime:0.000011s ]
INFO: [ app_init ] --END-- [ RunTime:0.000207s ]
INFO: [ app_begin ] --START--
INFO: Run Behavior\ReadHtmlCacheBehavior [ RunTime:0.000244s ]
INFO: [ app_begin ] --END-- [ RunTime:0.000275s ]
SQL: SHOW COLUMNS FROM `qm_zxkz` [ RunTime:0.0007s ]
SQL: SELECT * FROM `qm_zxkz` WHERE ( stat=3 ) ORDER BY id desc LIMIT 0,5   [ RunTime:0.0001s ]

[ 2018-10-31T13:25:13+08:00 ] 14.122.169.194 /index.php/Api/Index/tjcp
INFO: [ app_init ] --START--
INFO: Run Behavior\BuildLiteBehavior [ RunTime:0.000010s ]
INFO: [ app_init ] --END-- [ RunTime:0.000227s ]
INFO: [ app_begin ] --START--
INFO: Run Behavior\ReadHtmlCacheBehavior [ RunTime:0.000239s ]
INFO: [ app_begin ] --END-- [ RunTime:0.000270s ]
SQL: SHOW COLUMNS FROM `qm_product` [ RunTime:0.0005s ]
SQL: SELECT * FROM `qm_product` WHERE ( iszx=1 )  [ RunTime:0.0001s ]

[ 2018-10-31T13:25:14+08:00 ] 14.122.169.194 /index.php/Api/Index/getggfir
INFO: [ app_init ] --START--
INFO: Run Behavior\BuildLiteBehavior [ RunTime:0.000012s ]
INFO: [ app_init ] --END-- [ RunTime:0.000219s ]
INFO: [ app_begin ] --START--
INFO: Run Behavior\ReadHtmlCacheBehavior [ RunTime:0.000331s ]
INFO: [ app_begin ] --END-- [ RunTime:0.000368s ]
SQL: SHOW COLUMNS FROM `qm_gggl` [ RunTime:0.0005s ]
SQL: SELECT * FROM `qm_gggl` ORDER BY id desc LIMIT 1   [ RunTime:0.0001s ]

[ 2018-10-31T13:25:14+08:00 ] 14.122.169.194 /index.php/Api/Index/getggfir
INFO: [ app_init ] --START--
INFO: Run Behavior\BuildLiteBehavior [ RunTime:0.000012s ]
INFO: [ app_init ] --END-- [ RunTime:0.000213s ]
INFO: [ app_begin ] --START--
INFO: Run Behavior\ReadHtmlCacheBehavior [ RunTime:0.000260s ]
INFO: [ app_begin ] --END-- [ RunTime:0.000292s ]
SQL: SHOW COLUMNS FROM `qm_gggl` [ RunTime:0.0005s ]
SQL: SELECT * FROM `qm_gggl` ORDER BY id desc LIMIT 1   [ RunTime:0.0001s ]

[ 2018-10-31T13:27:08+08:00 ] 14.122.169.194 /index.php/Api/Index/lblist
INFO: [ app_init ] --START--
INFO: Run Behavior\BuildLiteBehavior [ RunTime:0.000014s ]
INFO: [ app_init ] --END-- [ RunTime:0.000269s ]
INFO: [ app_begin ] --START--
INFO: Run Behavior\ReadHtmlCacheBehavior [ RunTime:0.000362s ]
INFO: [ app_begin ] --END-- [ RunTime:0.000410s ]
SQL: SHOW COLUMNS FROM `qm_lb` [ RunTime:0.0004s ]
SQL: SELECT * FROM `qm_lb` WHERE ( stat=1 )  [ RunTime:0.0001s ]

[ 2018-10-31T13:27:08+08:00 ] 14.122.169.194 /index.php/Api/Index/zxkz
INFO: [ app_init ] --START--
INFO: Run Behavior\BuildLiteBehavior [ RunTime:0.000010s ]
INFO: [ app_init ] --END-- [ RunTime:0.000215s ]
INFO: [ app_begin ] --START--
INFO: Run Behavior\ReadHtmlCacheBehavior [ RunTime:0.000293s ]
INFO: [ app_begin ] --END-- [ RunTime:0.000333s ]
SQL: SHOW COLUMNS FROM `qm_zxkz` [ RunTime:0.0006s ]
SQL: SELECT * FROM `qm_zxkz` WHERE ( stat=1  ) ORDER BY id desc LIMIT 0,5   [ RunTime:0.0001s ]

[ 2018-10-31T13:27:08+08:00 ] 14.122.169.194 /index.php/Api/Index/xyk
INFO: [ app_init ] --START--
INFO: Run Behavior\BuildLiteBehavior [ RunTime:0.000010s ]
INFO: [ app_init ] --END-- [ RunTime:0.000199s ]
INFO: [ app_begin ] --START--
INFO: Run Behavior\ReadHtmlCacheBehavior [ RunTime:0.000265s ]
INFO: [ app_begin ] --END-- [ RunTime:0.000297s ]
SQL: SHOW COLUMNS FROM `qm_zxkz` [ RunTime:0.0005s ]
SQL: SELECT * FROM `qm_zxkz` WHERE ( stat=2 ) ORDER BY id desc LIMIT 0,5   [ RunTime:0.0001s ]

[ 2018-10-31T13:27:08+08:00 ] 14.122.169.194 /index.php/Api/Index/ticity
INFO: [ app_init ] --START--
INFO: Run Behavior\BuildLiteBehavior [ RunTime:0.000012s ]
INFO: [ app_init ] --END-- [ RunTime:0.000323s ]
INFO: [ app_begin ] --START--
INFO: Run Behavior\ReadHtmlCacheBehavior [ RunTime:0.000264s ]
INFO: [ app_begin ] --END-- [ RunTime:0.000302s ]
SQL: SHOW COLUMNS FROM `qm_users` [ RunTime:0.0007s ]
SQL: UPDATE `qm_users` SET `city`='湛江市' WHERE ( id=54138260 ) [ RunTime:0.0001s ]
INFO: [ app_end ] --START--
INFO: Run Behavior\ShowPageTraceBehavior [ RunTime:0.000305s ]
INFO: [ app_end ] --END-- [ RunTime:0.000337s ]

[ 2018-10-31T13:27:08+08:00 ] 14.122.169.194 /index.php/Api/Index/gh
INFO: [ app_init ] --START--
INFO: Run Behavior\BuildLiteBehavior [ RunTime:0.000010s ]
INFO: [ app_init ] --END-- [ RunTime:0.000237s ]
INFO: [ app_begin ] --START--
INFO: Run Behavior\ReadHtmlCacheBehavior [ RunTime:0.000256s ]
INFO: [ app_begin ] --END-- [ RunTime:0.000300s ]
SQL: SHOW COLUMNS FROM `qm_zxkz` [ RunTime:0.0006s ]
SQL: SELECT * FROM `qm_zxkz` WHERE ( stat=3 ) ORDER BY id desc LIMIT 0,5   [ RunTime:0.0001s ]

[ 2018-10-31T13:27:09+08:00 ] 14.122.169.194 /index.php/Api/Index/tjcp
INFO: [ app_init ] --START--
INFO: Run Behavior\BuildLiteBehavior [ RunTime:0.000045s ]
INFO: [ app_init ] --END-- [ RunTime:0.000258s ]
INFO: [ app_begin ] --START--
INFO: Run Behavior\ReadHtmlCacheBehavior [ RunTime:0.000240s ]
INFO: [ app_begin ] --END-- [ RunTime:0.000272s ]
SQL: SHOW COLUMNS FROM `qm_product` [ RunTime:0.0006s ]
SQL: SELECT * FROM `qm_product` WHERE ( iszx=1 )  [ RunTime:0.0001s ]

[ 2018-10-31T13:27:10+08:00 ] 14.122.169.194 /index.php/Api/Index/getggfir
INFO: [ app_init ] --START--
INFO: Run Behavior\BuildLiteBehavior [ RunTime:0.000011s ]
INFO: [ app_init ] --END-- [ RunTime:0.000232s ]
INFO: [ app_begin ] --START--
INFO: Run Behavior\ReadHtmlCacheBehavior [ RunTime:0.000268s ]
INFO: [ app_begin ] --END-- [ RunTime:0.000301s ]
SQL: SHOW COLUMNS FROM `qm_gggl` [ RunTime:0.0005s ]
SQL: SELECT * FROM `qm_gggl` ORDER BY id desc LIMIT 1   [ RunTime:0.0001s ]

[ 2018-10-31T13:27:10+08:00 ] 14.122.169.194 /index.php/Api/Index/getggfir
INFO: [ app_init ] --START--
INFO: Run Behavior\BuildLiteBehavior [ RunTime:0.000010s ]
INFO: [ app_init ] --END-- [ RunTime:0.000233s ]
INFO: [ app_begin ] --START--
INFO: Run Behavior\ReadHtmlCacheBehavior [ RunTime:0.000277s ]
INFO: [ app_begin ] --END-- [ RunTime:0.000312s ]
SQL: SHOW COLUMNS FROM `qm_gggl` [ RunTime:0.0005s ]
SQL: SELECT * FROM `qm_gggl` ORDER BY id desc LIMIT 1   [ RunTime:0.0001s ]

[ 2018-10-31T13:27:16+08:00 ] 14.122.169.194 /index.php/Api/Index/productfl
INFO: [ app_init ] --START--
INFO: Run Behavior\BuildLiteBehavior [ RunTime:0.000010s ]
INFO: [ app_init ] --END-- [ RunTime:0.000197s ]
INFO: [ app_begin ] --START--
INFO: Run Behavior\ReadHtmlCacheBehavior [ RunTime:0.000241s ]
INFO: [ app_begin ] --END-- [ RunTime:0.000274s ]
SQL: SHOW COLUMNS FROM `qm_product` [ RunTime:0.0005s ]
SQL: SELECT * FROM `qm_product` WHERE ( fid=1 ) ORDER BY px asc  [ RunTime:0.0002s ]

[ 2018-10-31T13:27:16+08:00 ] 14.122.169.194 /index.php/Api/Index/jxz
INFO: [ app_init ] --START--
INFO: Run Behavior\BuildLiteBehavior [ RunTime:0.000012s ]
INFO: [ app_init ] --END-- [ RunTime:0.000234s ]
INFO: [ app_begin ] --START--
INFO: Run Behavior\ReadHtmlCacheBehavior [ RunTime:0.000381s ]
INFO: [ app_begin ] --END-- [ RunTime:0.000421s ]
SQL: SHOW COLUMNS FROM `qm_jilu` [ RunTime:0.0008s ]
SQL: SELECT * FROM `qm_jilu` WHERE ( `stat` = 3 OR `stat` = 1 OR `stat` = 0 ) AND `uid` = 54138260  [ RunTime:0.0003s ]

[ 2018-10-31T13:27:16+08:00 ] 14.122.169.194 /index.php/Api/Index/productfl
INFO: [ app_init ] --START--
INFO: Run Behavior\BuildLiteBehavior [ RunTime:0.000015s ]
INFO: [ app_init ] --END-- [ RunTime:0.000329s ]
INFO: [ app_begin ] --START--
INFO: Run Behavior\ReadHtmlCacheBehavior [ RunTime:0.000291s ]
INFO: [ app_begin ] --END-- [ RunTime:0.000334s ]
SQL: SHOW COLUMNS FROM `qm_product` [ RunTime:0.0006s ]
SQL: SELECT * FROM `qm_product` WHERE ( fid=2 ) ORDER BY px asc  [ RunTime:0.0001s ]

[ 2018-10-31T13:27:16+08:00 ] 14.122.169.194 /index.php/Api/Index/wc
INFO: [ app_init ] --START--
INFO: Run Behavior\BuildLiteBehavior [ RunTime:0.000010s ]
INFO: [ app_init ] --END-- [ RunTime:0.000197s ]
INFO: [ app_begin ] --START--
INFO: Run Behavior\ReadHtmlCacheBehavior [ RunTime:0.000285s ]
INFO: [ app_begin ] --END-- [ RunTime:0.000319s ]
SQL: SHOW COLUMNS FROM `qm_jilu` [ RunTime:0.0007s ]
SQL: SELECT * FROM `qm_jilu` WHERE ( uid=54138260 and stat =2  )  [ RunTime:0.0003s ]

[ 2018-10-31T13:27:16+08:00 ] 14.122.169.194 /index.php/Api/Index/productfl
INFO: [ app_init ] --START--
INFO: Run Behavior\BuildLiteBehavior [ RunTime:0.000011s ]
INFO: [ app_init ] --END-- [ RunTime:0.000214s ]
INFO: [ app_begin ] --START--
INFO: Run Behavior\ReadHtmlCacheBehavior [ RunTime:0.000264s ]
INFO: [ app_begin ] --END-- [ RunTime:0.000313s ]
SQL: SHOW COLUMNS FROM `qm_product` [ RunTime:0.0006s ]
SQL: SELECT * FROM `qm_product` WHERE ( fid=10 ) ORDER BY px asc  [ RunTime:0.0002s ]

[ 2018-10-31T13:27:16+08:00 ] 14.122.169.194 /index.php/Api/Index/hqhh
INFO: [ app_init ] --START--
INFO: Run Behavior\BuildLiteBehavior [ RunTime:0.000015s ]
INFO: [ app_init ] --END-- [ RunTime:0.000282s ]
INFO: [ app_begin ] --START--
INFO: Run Behavior\ReadHtmlCacheBehavior [ RunTime:0.000249s ]
INFO: [ app_begin ] --END-- [ RunTime:0.000281s ]
SQL: SHOW COLUMNS FROM `qm_hh` [ RunTime:0.0005s ]
SQL: SELECT * FROM `qm_hh` WHERE ( id=1 ) LIMIT 1   [ RunTime:0.0000s ]

[ 2018-10-31T13:27:23+08:00 ] 14.122.169.194 /index.php/Api/Index/cpxq
INFO: [ app_init ] --START--
INFO: Run Behavior\BuildLiteBehavior [ RunTime:0.000009s ]
INFO: [ app_init ] --END-- [ RunTime:0.000201s ]
INFO: [ app_begin ] --START--
INFO: Run Behavior\ReadHtmlCacheBehavior [ RunTime:0.000266s ]
INFO: [ app_begin ] --END-- [ RunTime:0.000297s ]
SQL: SHOW COLUMNS FROM `qm_product` [ RunTime:0.0005s ]
SQL: SELECT * FROM `qm_product` WHERE ( id=79 ) LIMIT 1   [ RunTime:0.0001s ]

[ 2018-10-31T13:28:19+08:00 ] 14.122.169.194 /index.php/Api/Index/cpxq
INFO: [ app_init ] --START--
INFO: Run Behavior\BuildLiteBehavior [ RunTime:0.000010s ]
INFO: [ app_init ] --END-- [ RunTime:0.000208s ]
INFO: [ app_begin ] --START--
INFO: Run Behavior\ReadHtmlCacheBehavior [ RunTime:0.000346s ]
INFO: [ app_begin ] --END-- [ RunTime:0.000385s ]
SQL: SHOW COLUMNS FROM `qm_product` [ RunTime:0.0009s ]
SQL: SELECT * FROM `qm_product` WHERE ( id=77 ) LIMIT 1   [ RunTime:0.0001s ]

[ 2018-10-31T13:28:25+08:00 ] 14.122.169.194 /index.php/Api/Index/cpxq
INFO: [ app_init ] --START--
INFO: Run Behavior\BuildLiteBehavior [ RunTime:0.000010s ]
INFO: [ app_init ] --END-- [ RunTime:0.000229s ]
INFO: [ app_begin ] --START--
INFO: Run Behavior\ReadHtmlCacheBehavior [ RunTime:0.000318s ]
INFO: [ app_begin ] --END-- [ RunTime:0.000359s ]
SQL: SHOW COLUMNS FROM `qm_product` [ RunTime:0.0006s ]
SQL: SELECT * FROM `qm_product` WHERE ( id=68 ) LIMIT 1   [ RunTime:0.0003s ]

[ 2018-10-31T13:28:33+08:00 ] 14.122.169.194 /index.php/Api/Index/cpxq
INFO: [ app_init ] --START--
INFO: Run Behavior\BuildLiteBehavior [ RunTime:0.000010s ]
INFO: [ app_init ] --END-- [ RunTime:0.000213s ]
INFO: [ app_begin ] --START--
INFO: Run Behavior\ReadHtmlCacheBehavior [ RunTime:0.000257s ]
INFO: [ app_begin ] --END-- [ RunTime:0.000298s ]
SQL: SHOW COLUMNS FROM `qm_product` [ RunTime:0.0007s ]
SQL: SELECT * FROM `qm_product` WHERE ( id=139 ) LIMIT 1   [ RunTime:0.0001s ]

[ 2018-10-31T13:28:38+08:00 ] 14.122.169.194 /index.php/Api/Index/cpxq
INFO: [ app_init ] --START--
INFO: Run Behavior\BuildLiteBehavior [ RunTime:0.000009s ]
INFO: [ app_init ] --END-- [ RunTime:0.000246s ]
INFO: [ app_begin ] --START--
INFO: Run Behavior\ReadHtmlCacheBehavior [ RunTime:0.000251s ]
INFO: [ app_begin ] --END-- [ RunTime:0.000285s ]
SQL: SHOW COLUMNS FROM `qm_product` [ RunTime:0.0006s ]
SQL: SELECT * FROM `qm_product` WHERE ( id=89 ) LIMIT 1   [ RunTime:0.0003s ]

[ 2018-10-31T13:28:42+08:00 ] 14.122.169.194 /index.php/Api/Index/cpxq
INFO: [ app_init ] --START--
INFO: Run Behavior\BuildLiteBehavior [ RunTime:0.000010s ]
INFO: [ app_init ] --END-- [ RunTime:0.000216s ]
INFO: [ app_begin ] --START--
INFO: Run Behavior\ReadHtmlCacheBehavior [ RunTime:0.000295s ]
INFO: [ app_begin ] --END-- [ RunTime:0.000328s ]
SQL: SHOW COLUMNS FROM `qm_product` [ RunTime:0.0005s ]
SQL: SELECT * FROM `qm_product` WHERE ( id=89 ) LIMIT 1   [ RunTime:0.0001s ]

[ 2018-10-31T13:28:46+08:00 ] 14.122.169.194 /index.php/Api/Index/cpxq
INFO: [ app_init ] --START--
INFO: Run Behavior\BuildLiteBehavior [ RunTime:0.000011s ]
INFO: [ app_init ] --END-- [ RunTime:0.000231s ]
INFO: [ app_begin ] --START--
INFO: Run Behavior\ReadHtmlCacheBehavior [ RunTime:0.000247s ]
INFO: [ app_begin ] --END-- [ RunTime:0.000286s ]
SQL: SHOW COLUMNS FROM `qm_product` [ RunTime:0.0005s ]
SQL: SELECT * FROM `qm_product` WHERE ( id=118 ) LIMIT 1   [ RunTime:0.0002s ]

[ 2018-10-31T13:29:00+08:00 ] 14.122.169.194 /index.php/Api/Index/cpxq
INFO: [ app_init ] --START--
INFO: Run Behavior\BuildLiteBehavior [ RunTime:0.000010s ]
INFO: [ app_init ] --END-- [ RunTime:0.000197s ]
INFO: [ app_begin ] --START--
INFO: Run Behavior\ReadHtmlCacheBehavior [ RunTime:0.000251s ]
INFO: [ app_begin ] --END-- [ RunTime:0.000300s ]
SQL: SHOW COLUMNS FROM `qm_product` [ RunTime:0.0005s ]
SQL: SELECT * FROM `qm_product` WHERE ( id=129 ) LIMIT 1   [ RunTime:0.0001s ]

[ 2018-10-31T13:29:10+08:00 ] 14.122.169.194 /index.php/Api/Index/cpxq
INFO: [ app_init ] --START--
INFO: Run Behavior\BuildLiteBehavior [ RunTime:0.000016s ]
INFO: [ app_init ] --END-- [ RunTime:0.000212s ]
INFO: [ app_begin ] --START--
INFO: Run Behavior\ReadHtmlCacheBehavior [ RunTime:0.000303s ]
INFO: [ app_begin ] --END-- [ RunTime:0.000336s ]
SQL: SHOW COLUMNS FROM `qm_product` [ RunTime:0.0005s ]
SQL: SELECT * FROM `qm_product` WHERE ( id=137 ) LIMIT 1   [ RunTime:0.0001s ]

[ 2018-10-31T13:29:15+08:00 ] 14.122.169.194 /index.php/Api/Index/cpxq
INFO: [ app_init ] --START--
INFO: Run Behavior\BuildLiteBehavior [ RunTime:0.000010s ]
INFO: [ app_init ] --END-- [ RunTime:0.000198s ]
INFO: [ app_begin ] --START--
INFO: Run Behavior\ReadHtmlCacheBehavior [ RunTime:0.000282s ]
INFO: [ app_begin ] --END-- [ RunTime:0.000319s ]
SQL: SHOW COLUMNS FROM `qm_product` [ RunTime:0.0005s ]
SQL: SELECT * FROM `qm_product` WHERE ( id=140 ) LIMIT 1   [ RunTime:0.0002s ]

[ 2018-10-31T13:29:20+08:00 ] 14.122.169.194 /index.php/Api/Index/cpxq
INFO: [ app_init ] --START--
INFO: Run Behavior\BuildLiteBehavior [ RunTime:0.000015s ]
INFO: [ app_init ] --END-- [ RunTime:0.000283s ]
INFO: [ app_begin ] --START--
INFO: Run Behavior\ReadHtmlCacheBehavior [ RunTime:0.000363s ]
INFO: [ app_begin ] --END-- [ RunTime:0.000408s ]
SQL: SHOW COLUMNS FROM `qm_product` [ RunTime:0.0008s ]
SQL: SELECT * FROM `qm_product` WHERE ( id=81 ) LIMIT 1   [ RunTime:0.0001s ]

[ 2018-10-31T13:29:24+08:00 ] 14.122.169.194 /index.php/Api/Index/cpxq
INFO: [ app_init ] --START--
INFO: Run Behavior\BuildLiteBehavior [ RunTime:0.000012s ]
INFO: [ app_init ] --END-- [ RunTime:0.000221s ]
INFO: [ app_begin ] --START--
INFO: Run Behavior\ReadHtmlCacheBehavior [ RunTime:0.000314s ]
INFO: [ app_begin ] --END-- [ RunTime:0.000353s ]
SQL: SHOW COLUMNS FROM `qm_product` [ RunTime:0.0006s ]
SQL: SELECT * FROM `qm_product` WHERE ( id=77 ) LIMIT 1   [ RunTime:0.0001s ]

[ 2018-10-31T13:29:31+08:00 ] 14.122.169.194 /index.php/Api/Index/cpxq
INFO: [ app_init ] --START--
INFO: Run Behavior\BuildLiteBehavior [ RunTime:0.000011s ]
INFO: [ app_init ] --END-- [ RunTime:0.000223s ]
INFO: [ app_begin ] --START--
INFO: Run Behavior\ReadHtmlCacheBehavior [ RunTime:0.000251s ]
INFO: [ app_begin ] --END-- [ RunTime:0.000290s ]
SQL: SHOW COLUMNS FROM `qm_product` [ RunTime:0.0006s ]
SQL: SELECT * FROM `qm_product` WHERE ( id=75 ) LIMIT 1   [ RunTime:0.0001s ]

[ 2018-10-31T13:30:19+08:00 ] 14.122.169.194 /index.php/Api/Index/cpxq
INFO: [ app_init ] --START--
INFO: Run Behavior\BuildLiteBehavior [ RunTime:0.000011s ]
INFO: [ app_init ] --END-- [ RunTime:0.000241s ]
INFO: [ app_begin ] --START--
INFO: Run Behavior\ReadHtmlCacheBehavior [ RunTime:0.000249s ]
INFO: [ app_begin ] --END-- [ RunTime:0.000281s ]
SQL: SHOW COLUMNS FROM `qm_product` [ RunTime:0.0005s ]
SQL: SELECT * FROM `qm_product` WHERE ( id=68 ) LIMIT 1   [ RunTime:0.0001s ]

[ 2018-10-31T13:30:27+08:00 ] 14.122.169.194 /index.php/Api/Index/cpxq
INFO: [ app_init ] --START--
INFO: Run Behavior\BuildLiteBehavior [ RunTime:0.000014s ]
INFO: [ app_init ] --END-- [ RunTime:0.000320s ]
INFO: [ app_begin ] --START--
INFO: Run Behavior\ReadHtmlCacheBehavior [ RunTime:0.000297s ]
INFO: [ app_begin ] --END-- [ RunTime:0.000337s ]
SQL: SHOW COLUMNS FROM `qm_product` [ RunTime:0.0009s ]
SQL: SELECT * FROM `qm_product` WHERE ( id=61 ) LIMIT 1   [ RunTime:0.0003s ]

[ 2018-10-31T13:30:31+08:00 ] 14.122.169.194 /index.php/Api/Index/cpxq
INFO: [ app_init ] --START--
INFO: Run Behavior\BuildLiteBehavior [ RunTime:0.000010s ]
INFO: [ app_init ] --END-- [ RunTime:0.000205s ]
INFO: [ app_begin ] --START--
INFO: Run Behavior\ReadHtmlCacheBehavior [ RunTime:0.000264s ]
INFO: [ app_begin ] --END-- [ RunTime:0.000297s ]
SQL: SHOW COLUMNS FROM `qm_product` [ RunTime:0.0005s ]
SQL: SELECT * FROM `qm_product` WHERE ( id=59 ) LIMIT 1   [ RunTime:0.0001s ]

[ 2018-10-31T13:30:39+08:00 ] 14.122.169.194 /index.php/Api/Index/cpxq
INFO: [ app_init ] --START--
INFO: Run Behavior\BuildLiteBehavior [ RunTime:0.000010s ]
INFO: [ app_init ] --END-- [ RunTime:0.000206s ]
INFO: [ app_begin ] --START--
INFO: Run Behavior\ReadHtmlCacheBehavior [ RunTime:0.000262s ]
INFO: [ app_begin ] --END-- [ RunTime:0.000299s ]
SQL: SHOW COLUMNS FROM `qm_product` [ RunTime:0.0006s ]
SQL: SELECT * FROM `qm_product` WHERE ( id=54 ) LIMIT 1   [ RunTime:0.0001s ]

[ 2018-10-31T13:30:49+08:00 ] 14.122.169.194 /index.php/Api/Index/cpxq
INFO: [ app_init ] --START--
INFO: Run Behavior\BuildLiteBehavior [ RunTime:0.000015s ]
INFO: [ app_init ] --END-- [ RunTime:0.000316s ]
INFO: [ app_begin ] --START--
INFO: Run Behavior\ReadHtmlCacheBehavior [ RunTime:0.000386s ]
INFO: [ app_begin ] --END-- [ RunTime:0.000451s ]
SQL: SHOW COLUMNS FROM `qm_product` [ RunTime:0.0007s ]
SQL: SELECT * FROM `qm_product` WHERE ( id=83 ) LIMIT 1   [ RunTime:0.0001s ]

[ 2018-10-31T13:30:53+08:00 ] 14.122.169.194 /index.php/Api/Index/cpxq
INFO: [ app_init ] --START--
INFO: Run Behavior\BuildLiteBehavior [ RunTime:0.000012s ]
INFO: [ app_init ] --END-- [ RunTime:0.000219s ]
INFO: [ app_begin ] --START--
INFO: Run Behavior\ReadHtmlCacheBehavior [ RunTime:0.000381s ]
INFO: [ app_begin ] --END-- [ RunTime:0.000432s ]
SQL: SHOW COLUMNS FROM `qm_product` [ RunTime:0.0006s ]
SQL: SELECT * FROM `qm_product` WHERE ( id=83 ) LIMIT 1   [ RunTime:0.0001s ]

[ 2018-10-31T13:30:55+08:00 ] 14.122.169.194 /index.php/Api/Index/getdkbj
INFO: [ app_init ] --START--
INFO: Run Behavior\BuildLiteBehavior [ RunTime:0.000014s ]
INFO: [ app_init ] --END-- [ RunTime:0.000234s ]
INFO: [ app_begin ] --START--
INFO: Run Behavior\ReadHtmlCacheBehavior [ RunTime:0.000260s ]
INFO: [ app_begin ] --END-- [ RunTime:0.000296s ]
SQL: SHOW COLUMNS FROM `qm_dkbjt` [ RunTime:0.0006s ]
SQL: SELECT * FROM `qm_dkbjt` WHERE ( pid=83 ) LIMIT 1   [ RunTime:0.0000s ]

[ 2018-10-31T13:30:59+08:00 ] 14.122.169.194 /index.php/Api/Index/cpxq
INFO: [ app_init ] --START--
INFO: Run Behavior\BuildLiteBehavior [ RunTime:0.000010s ]
INFO: [ app_init ] --END-- [ RunTime:0.000210s ]
INFO: [ app_begin ] --START--
INFO: Run Behavior\ReadHtmlCacheBehavior [ RunTime:0.000268s ]
INFO: [ app_begin ] --END-- [ RunTime:0.000305s ]
SQL: SHOW COLUMNS FROM `qm_product` [ RunTime:0.0007s ]
SQL: SELECT * FROM `qm_product` WHERE ( id=89 ) LIMIT 1   [ RunTime:0.0001s ]

[ 2018-10-31T13:31:41+08:00 ] 14.122.169.194 /index.php/Api/Index/cpxq
INFO: [ app_init ] --START--
INFO: Run Behavior\BuildLiteBehavior [ RunTime:0.000019s ]
INFO: [ app_init ] --END-- [ RunTime:0.000453s ]
INFO: [ app_begin ] --START--
INFO: Run Behavior\ReadHtmlCacheBehavior [ RunTime:0.000409s ]
INFO: [ app_begin ] --END-- [ RunTime:0.000447s ]
SQL: SHOW COLUMNS FROM `qm_product` [ RunTime:0.0011s ]
SQL: SELECT * FROM `qm_product` WHERE ( id=118 ) LIMIT 1   [ RunTime:0.0001s ]

[ 2018-10-31T13:34:10+08:00 ] 14.122.169.194 /index.php/Api/Index/cpxq
INFO: [ app_init ] --START--
INFO: Run Behavior\BuildLiteBehavior [ RunTime:0.000010s ]
INFO: [ app_init ] --END-- [ RunTime:0.000233s ]
INFO: [ app_begin ] --START--
INFO: Run Behavior\ReadHtmlCacheBehavior [ RunTime:0.000351s ]
INFO: [ app_begin ] --END-- [ RunTime:0.000385s ]
SQL: SHOW COLUMNS FROM `qm_product` [ RunTime:0.0005s ]
SQL: SELECT * FROM `qm_product` WHERE ( id=118 ) LIMIT 1   [ RunTime:0.0001s ]

[ 2018-10-31T13:34:18+08:00 ] 14.122.169.194 /index.php/Api/Index/getdkbj
INFO: [ app_init ] --START--
INFO: Run Behavior\BuildLiteBehavior [ RunTime:0.000015s ]
INFO: [ app_init ] --END-- [ RunTime:0.000306s ]
INFO: [ app_begin ] --START--
INFO: Run Behavior\ReadHtmlCacheBehavior [ RunTime:0.000288s ]
INFO: [ app_begin ] --END-- [ RunTime:0.000326s ]
SQL: SHOW COLUMNS FROM `qm_dkbjt` [ RunTime:0.0005s ]
SQL: SELECT * FROM `qm_dkbjt` WHERE ( pid=118 ) LIMIT 1   [ RunTime:0.0002s ]

[ 2018-10-31T13:35:14+08:00 ] 14.122.169.194 /index.php/Api/Index/cpxq
INFO: [ app_init ] --START--
INFO: Run Behavior\BuildLiteBehavior [ RunTime:0.000012s ]
INFO: [ app_init ] --END-- [ RunTime:0.000226s ]
INFO: [ app_begin ] --START--
INFO: Run Behavior\ReadHtmlCacheBehavior [ RunTime:0.000272s ]
INFO: [ app_begin ] --END-- [ RunTime:0.000311s ]
SQL: SHOW COLUMNS FROM `qm_product` [ RunTime:0.0008s ]
SQL: SELECT * FROM `qm_product` WHERE ( id=119 ) LIMIT 1   [ RunTime:0.0003s ]

[ 2018-10-31T13:35:18+08:00 ] 14.122.169.194 /index.php/Api/Index/cpxq
INFO: [ app_init ] --START--
INFO: Run Behavior\BuildLiteBehavior [ RunTime:0.000010s ]
INFO: [ app_init ] --END-- [ RunTime:0.000207s ]
INFO: [ app_begin ] --START--
INFO: Run Behavior\ReadHtmlCacheBehavior [ RunTime:0.000260s ]
INFO: [ app_begin ] --END-- [ RunTime:0.000298s ]
SQL: SHOW COLUMNS FROM `qm_product` [ RunTime:0.0006s ]
SQL: SELECT * FROM `qm_product` WHERE ( id=115 ) LIMIT 1   [ RunTime:0.0002s ]

[ 2018-10-31T13:35:23+08:00 ] 14.122.169.194 /index.php/Api/Index/cpxq
INFO: [ app_init ] --START--
INFO: Run Behavior\BuildLiteBehavior [ RunTime:0.000011s ]
INFO: [ app_init ] --END-- [ RunTime:0.000211s ]
INFO: [ app_begin ] --START--
INFO: Run Behavior\ReadHtmlCacheBehavior [ RunTime:0.000244s ]
INFO: [ app_begin ] --END-- [ RunTime:0.000276s ]
SQL: SHOW COLUMNS FROM `qm_product` [ RunTime:0.0005s ]
SQL: SELECT * FROM `qm_product` WHERE ( id=123 ) LIMIT 1   [ RunTime:0.0001s ]

[ 2018-10-31T13:35:52+08:00 ] 14.122.169.194 /index.php/Api/Index/cpxq
INFO: [ app_init ] --START--
INFO: Run Behavior\BuildLiteBehavior [ RunTime:0.000010s ]
INFO: [ app_init ] --END-- [ RunTime:0.000276s ]
INFO: [ app_begin ] --START--
INFO: Run Behavior\ReadHtmlCacheBehavior [ RunTime:0.000289s ]
INFO: [ app_begin ] --END-- [ RunTime:0.000330s ]
SQL: SHOW COLUMNS FROM `qm_product` [ RunTime:0.0008s ]
SQL: SELECT * FROM `qm_product` WHERE ( id=90 ) LIMIT 1   [ RunTime:0.0003s ]

[ 2018-10-31T13:37:29+08:00 ] 14.122.169.194 /index.php/Api/Index/cpxq
INFO: [ app_init ] --START--
INFO: Run Behavior\BuildLiteBehavior [ RunTime:0.000010s ]
INFO: [ app_init ] --END-- [ RunTime:0.000235s ]
INFO: [ app_begin ] --START--
INFO: Run Behavior\ReadHtmlCacheBehavior [ RunTime:0.000249s ]
INFO: [ app_begin ] --END-- [ RunTime:0.000281s ]
SQL: SHOW COLUMNS FROM `qm_product` [ RunTime:0.0008s ]
SQL: SELECT * FROM `qm_product` WHERE ( id=89 ) LIMIT 1   [ RunTime:0.0001s ]

[ 2018-10-31T13:38:29+08:00 ] 14.122.169.194 /index.php/Api/Index/cpxq
INFO: [ app_init ] --START--
INFO: Run Behavior\BuildLiteBehavior [ RunTime:0.000015s ]
INFO: [ app_init ] --END-- [ RunTime:0.000220s ]
INFO: [ app_begin ] --START--
INFO: Run Behavior\ReadHtmlCacheBehavior [ RunTime:0.000269s ]
INFO: [ app_begin ] --END-- [ RunTime:0.000305s ]
SQL: SHOW COLUMNS FROM `qm_product` [ RunTime:0.0006s ]
SQL: SELECT * FROM `qm_product` WHERE ( id=79 ) LIMIT 1   [ RunTime:0.0001s ]

[ 2018-10-31T14:10:39+08:00 ] 223.104.186.51 /index.php/Api/Index/ones
INFO: [ app_init ] --START--
INFO: Run Behavior\BuildLiteBehavior [ RunTime:0.000011s ]
INFO: [ app_init ] --END-- [ RunTime:0.000223s ]
INFO: [ app_begin ] --START--
INFO: Run Behavior\ReadHtmlCacheBehavior [ RunTime:0.000294s ]
INFO: [ app_begin ] --END-- [ RunTime:0.000328s ]
SQL: SHOW COLUMNS FROM `qm_zxkzs` [ RunTime:0.0005s ]
SQL: SELECT * FROM `qm_zxkzs` ORDER BY id desc LIMIT 0,5   [ RunTime:0.0001s ]

[ 2018-10-31T17:51:45+08:00 ] 223.104.64.2 /index.php/Api/Index/lblist
INFO: [ app_init ] --START--
INFO: Run Behavior\BuildLiteBehavior [ RunTime:0.000011s ]
INFO: [ app_init ] --END-- [ RunTime:0.000200s ]
INFO: [ app_begin ] --START--
INFO: Run Behavior\ReadHtmlCacheBehavior [ RunTime:0.000240s ]
INFO: [ app_begin ] --END-- [ RunTime:0.000272s ]
SQL: SHOW COLUMNS FROM `qm_lb` [ RunTime:0.0006s ]
SQL: SELECT * FROM `qm_lb` WHERE ( stat=1 )  [ RunTime:0.0001s ]

[ 2018-10-31T17:51:46+08:00 ] 223.104.64.2 /index.php/Api/Index/zxkz
INFO: [ app_init ] --START--
INFO: Run Behavior\BuildLiteBehavior [ RunTime:0.000016s ]
INFO: [ app_init ] --END-- [ RunTime:0.000305s ]
INFO: [ app_begin ] --START--
INFO: Run Behavior\ReadHtmlCacheBehavior [ RunTime:0.000367s ]
INFO: [ app_begin ] --END-- [ RunTime:0.000414s ]
SQL: SHOW COLUMNS FROM `qm_zxkz` [ RunTime:0.0007s ]
SQL: SELECT * FROM `qm_zxkz` WHERE ( stat=1  ) ORDER BY id desc LIMIT 0,5   [ RunTime:0.0001s ]

[ 2018-10-31T17:51:46+08:00 ] 223.104.64.2 /index.php/Api/Index/xyk
INFO: [ app_init ] --START--
INFO: Run Behavior\BuildLiteBehavior [ RunTime:0.000012s ]
INFO: [ app_init ] --END-- [ RunTime:0.000270s ]
INFO: [ app_begin ] --START--
INFO: Run Behavior\ReadHtmlCacheBehavior [ RunTime:0.000301s ]
INFO: [ app_begin ] --END-- [ RunTime:0.000340s ]
SQL: SHOW COLUMNS FROM `qm_zxkz` [ RunTime:0.0005s ]
SQL: SELECT * FROM `qm_zxkz` WHERE ( stat=2 ) ORDER BY id desc LIMIT 0,5   [ RunTime:0.0001s ]

[ 2018-10-31T17:51:48+08:00 ] 223.104.64.2 /index.php/Api/Index/ticity
INFO: [ app_init ] --START--
INFO: Run Behavior\BuildLiteBehavior [ RunTime:0.000012s ]
INFO: [ app_init ] --END-- [ RunTime:0.000203s ]
INFO: [ app_begin ] --START--
INFO: Run Behavior\ReadHtmlCacheBehavior [ RunTime:0.000281s ]
INFO: [ app_begin ] --END-- [ RunTime:0.000319s ]
SQL: SHOW COLUMNS FROM `qm_users` [ RunTime:0.0005s ]
SQL: UPDATE `qm_users` SET `city`='广州市' WHERE ( id=5143796 ) [ RunTime:0.0002s ]
INFO: [ app_end ] --START--
INFO: Run Behavior\ShowPageTraceBehavior [ RunTime:0.000366s ]
INFO: [ app_end ] --END-- [ RunTime:0.000399s ]

[ 2018-10-31T17:51:48+08:00 ] 223.104.64.2 /index.php/Api/Index/gh
INFO: [ app_init ] --START--
INFO: Run Behavior\BuildLiteBehavior [ RunTime:0.000013s ]
INFO: [ app_init ] --END-- [ RunTime:0.000249s ]
INFO: [ app_begin ] --START--
INFO: Run Behavior\ReadHtmlCacheBehavior [ RunTime:0.000279s ]
INFO: [ app_begin ] --END-- [ RunTime:0.000316s ]
SQL: SHOW COLUMNS FROM `qm_zxkz` [ RunTime:0.0005s ]
SQL: SELECT * FROM `qm_zxkz` WHERE ( stat=3 ) ORDER BY id desc LIMIT 0,5   [ RunTime:0.0001s ]

[ 2018-10-31T17:51:50+08:00 ] 223.104.64.2 /index.php/Api/Index/medata
INFO: [ app_init ] --START--
INFO: Run Behavior\BuildLiteBehavior [ RunTime:0.000011s ]
INFO: [ app_init ] --END-- [ RunTime:0.000200s ]
INFO: [ app_begin ] --START--
INFO: Run Behavior\ReadHtmlCacheBehavior [ RunTime:0.000260s ]
INFO: [ app_begin ] --END-- [ RunTime:0.000292s ]
SQL: SHOW COLUMNS FROM `qm_users` [ RunTime:0.0005s ]
SQL: SELECT * FROM `qm_users` WHERE ( id=5143796 ) LIMIT 1   [ RunTime:0.0002s ]

[ 2018-10-31T17:51:51+08:00 ] 223.104.64.2 /index.php/Api/Index/obtaingg
INFO: [ app_init ] --START--
INFO: Run Behavior\BuildLiteBehavior [ RunTime:0.000018s ]
INFO: [ app_init ] --END-- [ RunTime:0.000315s ]
INFO: [ app_begin ] --START--
INFO: Run Behavior\ReadHtmlCacheBehavior [ RunTime:0.000251s ]
INFO: [ app_begin ] --END-- [ RunTime:0.000304s ]
SQL: SHOW COLUMNS FROM `qm_gggl` [ RunTime:0.0004s ]
SQL: SELECT * FROM `qm_gggl` ORDER BY id desc  [ RunTime:0.0001s ]

[ 2018-10-31T17:51:51+08:00 ] 223.104.64.2 /index.php/Api/Index/tjcp
INFO: [ app_init ] --START--
INFO: Run Behavior\BuildLiteBehavior [ RunTime:0.000012s ]
INFO: [ app_init ] --END-- [ RunTime:0.000201s ]
INFO: [ app_begin ] --START--
INFO: Run Behavior\ReadHtmlCacheBehavior [ RunTime:0.000259s ]
INFO: [ app_begin ] --END-- [ RunTime:0.000293s ]
SQL: SHOW COLUMNS FROM `qm_product` [ RunTime:0.0005s ]
SQL: SELECT * FROM `qm_product` WHERE ( iszx=1 )  [ RunTime:0.0001s ]

[ 2018-10-31T17:51:51+08:00 ] 223.104.64.2 /index.php/Api/Index/medata
INFO: [ app_init ] --START--
INFO: Run Behavior\BuildLiteBehavior [ RunTime:0.000016s ]
INFO: [ app_init ] --END-- [ RunTime:0.000318s ]
INFO: [ app_begin ] --START--
INFO: Run Behavior\ReadHtmlCacheBehavior [ RunTime:0.000411s ]
INFO: [ app_begin ] --END-- [ RunTime:0.000458s ]
SQL: SHOW COLUMNS FROM `qm_users` [ RunTime:0.0007s ]
SQL: SELECT * FROM `qm_users` WHERE ( id=83659 ) LIMIT 1   [ RunTime:0.0002s ]

[ 2018-10-31T17:51:51+08:00 ] 223.104.64.2 /index.php/Api/Index/sxlist
INFO: [ app_init ] --START--
INFO: Run Behavior\BuildLiteBehavior [ RunTime:0.000012s ]
INFO: [ app_init ] --END-- [ RunTime:0.000198s ]
INFO: [ app_begin ] --START--
INFO: Run Behavior\ReadHtmlCacheBehavior [ RunTime:0.000251s ]
INFO: [ app_begin ] --END-- [ RunTime:0.000297s ]
SQL: SHOW COLUMNS FROM `qm_sx` [ RunTime:0.0005s ]
SQL: SELECT * FROM `qm_sx` WHERE ( uid=5143796 ) ORDER BY id desc  [ RunTime:0.0001s ]

[ 2018-10-31T17:51:52+08:00 ] 223.104.64.2 /index.php/Api/Index/getggfir
INFO: [ app_init ] --START--
INFO: Run Behavior\BuildLiteBehavior [ RunTime:0.000013s ]
INFO: [ app_init ] --END-- [ RunTime:0.000256s ]
INFO: [ app_begin ] --START--
INFO: Run Behavior\ReadHtmlCacheBehavior [ RunTime:0.000359s ]
INFO: [ app_begin ] --END-- [ RunTime:0.000404s ]
SQL: SHOW COLUMNS FROM `qm_gggl` [ RunTime:0.0005s ]
SQL: SELECT * FROM `qm_gggl` ORDER BY id desc LIMIT 1   [ RunTime:0.0001s ]

[ 2018-10-31T17:51:52+08:00 ] 223.104.64.2 /index.php/Api/Index/getggfir
INFO: [ app_init ] --START--
INFO: Run Behavior\BuildLiteBehavior [ RunTime:0.000011s ]
INFO: [ app_init ] --END-- [ RunTime:0.000232s ]
INFO: [ app_begin ] --START--
INFO: Run Behavior\ReadHtmlCacheBehavior [ RunTime:0.000242s ]
INFO: [ app_begin ] --END-- [ RunTime:0.000280s ]
SQL: SHOW COLUMNS FROM `qm_gggl` [ RunTime:0.0004s ]
SQL: SELECT * FROM `qm_gggl` ORDER BY id desc LIMIT 1   [ RunTime:0.0001s ]

[ 2018-10-31T19:13:08+08:00 ] 112.224.1.156 /index.php/Api/Index/ones
INFO: [ app_init ] --START--
INFO: Run Behavior\BuildLiteBehavior [ RunTime:0.000012s ]
INFO: [ app_init ] --END-- [ RunTime:0.000262s ]
INFO: [ app_begin ] --START--
INFO: Run Behavior\ReadHtmlCacheBehavior [ RunTime:0.000253s ]
INFO: [ app_begin ] --END-- [ RunTime:0.000285s ]
SQL: SHOW COLUMNS FROM `qm_zxkzs` [ RunTime:0.0005s ]
SQL: SELECT * FROM `qm_zxkzs` ORDER BY id desc LIMIT 0,5   [ RunTime:0.0001s ]

[ 2018-10-31T20:05:02+08:00 ] 43.250.201.27 /index.php/Api/Index/lblist
INFO: [ app_init ] --START--
INFO: Run Behavior\BuildLiteBehavior [ RunTime:0.000016s ]
INFO: [ app_init ] --END-- [ RunTime:0.000302s ]
INFO: [ app_begin ] --START--
INFO: Run Behavior\ReadHtmlCacheBehavior [ RunTime:0.000307s ]
INFO: [ app_begin ] --END-- [ RunTime:0.000349s ]
SQL: SHOW COLUMNS FROM `qm_lb` [ RunTime:0.0005s ]
SQL: SELECT * FROM `qm_lb` WHERE ( stat=1 )  [ RunTime:0.0001s ]

[ 2018-10-31T20:05:03+08:00 ] 43.250.201.27 /index.php/Api/Index/zxkz
INFO: [ app_init ] --START--
INFO: Run Behavior\BuildLiteBehavior [ RunTime:0.000017s ]
INFO: [ app_init ] --END-- [ RunTime:0.000483s ]
INFO: [ app_begin ] --START--
INFO: Run Behavior\ReadHtmlCacheBehavior [ RunTime:0.000365s ]
INFO: [ app_begin ] --END-- [ RunTime:0.000411s ]
SQL: SHOW COLUMNS FROM `qm_zxkz` [ RunTime:0.0005s ]
SQL: SELECT * FROM `qm_zxkz` WHERE ( stat=1  ) ORDER BY id desc LIMIT 0,5   [ RunTime:0.0001s ]

[ 2018-10-31T20:05:03+08:00 ] 43.250.201.27 /index.php/Api/Index/xyk
INFO: [ app_init ] --START--
INFO: Run Behavior\BuildLiteBehavior [ RunTime:0.000010s ]
INFO: [ app_init ] --END-- [ RunTime:0.000226s ]
INFO: [ app_begin ] --START--
INFO: Run Behavior\ReadHtmlCacheBehavior [ RunTime:0.000238s ]
INFO: [ app_begin ] --END-- [ RunTime:0.000281s ]
SQL: SHOW COLUMNS FROM `qm_zxkz` [ RunTime:0.0005s ]
SQL: SELECT * FROM `qm_zxkz` WHERE ( stat=2 ) ORDER BY id desc LIMIT 0,5   [ RunTime:0.0001s ]

[ 2018-10-31T20:05:03+08:00 ] 43.250.201.27 /index.php/Api/Index/gh
INFO: [ app_init ] --START--
INFO: Run Behavior\BuildLiteBehavior [ RunTime:0.000017s ]
INFO: [ app_init ] --END-- [ RunTime:0.000320s ]
INFO: [ app_begin ] --START--
INFO: Run Behavior\ReadHtmlCacheBehavior [ RunTime:0.000273s ]
INFO: [ app_begin ] --END-- [ RunTime:0.000310s ]
SQL: SHOW COLUMNS FROM `qm_zxkz` [ RunTime:0.0005s ]
SQL: SELECT * FROM `qm_zxkz` WHERE ( stat=3 ) ORDER BY id desc LIMIT 0,5   [ RunTime:0.0001s ]

[ 2018-10-31T20:05:03+08:00 ] 43.250.201.27 /index.php/Api/Index/ticity
INFO: [ app_init ] --START--
INFO: Run Behavior\BuildLiteBehavior [ RunTime:0.000011s ]
INFO: [ app_init ] --END-- [ RunTime:0.000270s ]
INFO: [ app_begin ] --START--
INFO: Run Behavior\ReadHtmlCacheBehavior [ RunTime:0.000251s ]
INFO: [ app_begin ] --END-- [ RunTime:0.000287s ]
SQL: SHOW COLUMNS FROM `qm_users` [ RunTime:0.0006s ]
SQL: UPDATE `qm_users` SET `city`='衡阳市' WHERE ( id=90152384 ) [ RunTime:0.0001s ]
INFO: [ app_end ] --START--
INFO: Run Behavior\ShowPageTraceBehavior [ RunTime:0.000279s ]
INFO: [ app_end ] --END-- [ RunTime:0.000309s ]

[ 2018-10-31T20:05:03+08:00 ] 43.250.201.27 /index.php/Api/Index/tjcp
INFO: [ app_init ] --START--
INFO: Run Behavior\BuildLiteBehavior [ RunTime:0.000016s ]
INFO: [ app_init ] --END-- [ RunTime:0.000271s ]
INFO: [ app_begin ] --START--
INFO: Run Behavior\ReadHtmlCacheBehavior [ RunTime:0.000273s ]
INFO: [ app_begin ] --END-- [ RunTime:0.000320s ]
SQL: SHOW COLUMNS FROM `qm_product` [ RunTime:0.0006s ]
SQL: SELECT * FROM `qm_product` WHERE ( iszx=1 )  [ RunTime:0.0001s ]

[ 2018-10-31T20:05:04+08:00 ] 43.250.201.27 /index.php/Api/Index/getggfir
INFO: [ app_init ] --START--
INFO: Run Behavior\BuildLiteBehavior [ RunTime:0.000015s ]
INFO: [ app_init ] --END-- [ RunTime:0.000254s ]
INFO: [ app_begin ] --START--
INFO: Run Behavior\ReadHtmlCacheBehavior [ RunTime:0.000258s ]
INFO: [ app_begin ] --END-- [ RunTime:0.000290s ]
SQL: SHOW COLUMNS FROM `qm_gggl` [ RunTime:0.0004s ]
SQL: SELECT * FROM `qm_gggl` ORDER BY id desc LIMIT 1   [ RunTime:0.0001s ]

[ 2018-10-31T20:05:05+08:00 ] 43.250.201.27 /index.php/Api/Index/getggfir
INFO: [ app_init ] --START--
INFO: Run Behavior\BuildLiteBehavior [ RunTime:0.000017s ]
INFO: [ app_init ] --END-- [ RunTime:0.000282s ]
INFO: [ app_begin ] --START--
INFO: Run Behavior\ReadHtmlCacheBehavior [ RunTime:0.000241s ]
INFO: [ app_begin ] --END-- [ RunTime:0.000274s ]
SQL: SHOW COLUMNS FROM `qm_gggl` [ RunTime:0.0004s ]
SQL: SELECT * FROM `qm_gggl` ORDER BY id desc LIMIT 1   [ RunTime:0.0001s ]

[ 2018-10-31T21:29:27+08:00 ] 223.104.178.189 /index.php/Api/Index/lblist
INFO: [ app_init ] --START--
INFO: Run Behavior\BuildLiteBehavior [ RunTime:0.000010s ]
INFO: [ app_init ] --END-- [ RunTime:0.000226s ]
INFO: [ app_begin ] --START--
INFO: Run Behavior\ReadHtmlCacheBehavior [ RunTime:0.000259s ]
INFO: [ app_begin ] --END-- [ RunTime:0.000307s ]
SQL: SHOW COLUMNS FROM `qm_lb` [ RunTime:0.0004s ]
SQL: SELECT * FROM `qm_lb` WHERE ( stat=1 )  [ RunTime:0.0001s ]

[ 2018-10-31T21:29:27+08:00 ] 223.104.178.189 /index.php/Api/Index/zxkz
INFO: [ app_init ] --START--
INFO: Run Behavior\BuildLiteBehavior [ RunTime:0.000010s ]
INFO: [ app_init ] --END-- [ RunTime:0.000210s ]
INFO: [ app_begin ] --START--
INFO: Run Behavior\ReadHtmlCacheBehavior [ RunTime:0.000274s ]
INFO: [ app_begin ] --END-- [ RunTime:0.000311s ]
SQL: SHOW COLUMNS FROM `qm_zxkz` [ RunTime:0.0004s ]
SQL: SELECT * FROM `qm_zxkz` WHERE ( stat=1  ) ORDER BY id desc LIMIT 0,5   [ RunTime:0.0001s ]

[ 2018-10-31T21:29:27+08:00 ] 223.104.178.189 /index.php/Api/Index/xyk
INFO: [ app_init ] --START--
INFO: Run Behavior\BuildLiteBehavior [ RunTime:0.000010s ]
INFO: [ app_init ] --END-- [ RunTime:0.000211s ]
INFO: [ app_begin ] --START--
INFO: Run Behavior\ReadHtmlCacheBehavior [ RunTime:0.000262s ]
INFO: [ app_begin ] --END-- [ RunTime:0.000316s ]
SQL: SHOW COLUMNS FROM `qm_zxkz` [ RunTime:0.0005s ]
SQL: SELECT * FROM `qm_zxkz` WHERE ( stat=2 ) ORDER BY id desc LIMIT 0,5   [ RunTime:0.0001s ]

[ 2018-10-31T21:29:28+08:00 ] 223.104.178.189 /index.php/Api/Index/gh
INFO: [ app_init ] --START--
INFO: Run Behavior\BuildLiteBehavior [ RunTime:0.000015s ]
INFO: [ app_init ] --END-- [ RunTime:0.000221s ]
INFO: [ app_begin ] --START--
INFO: Run Behavior\ReadHtmlCacheBehavior [ RunTime:0.000268s ]
INFO: [ app_begin ] --END-- [ RunTime:0.000305s ]
SQL: SHOW COLUMNS FROM `qm_zxkz` [ RunTime:0.0005s ]
SQL: SELECT * FROM `qm_zxkz` WHERE ( stat=3 ) ORDER BY id desc LIMIT 0,5   [ RunTime:0.0001s ]

[ 2018-10-31T21:29:28+08:00 ] 223.104.178.189 /index.php/Api/Index/ticity
INFO: [ app_init ] --START--
INFO: Run Behavior\BuildLiteBehavior [ RunTime:0.000009s ]
INFO: [ app_init ] --END-- [ RunTime:0.000206s ]
INFO: [ app_begin ] --START--
INFO: Run Behavior\ReadHtmlCacheBehavior [ RunTime:0.000287s ]
INFO: [ app_begin ] --END-- [ RunTime:0.000326s ]
SQL: SHOW COLUMNS FROM `qm_users` [ RunTime:0.0006s ]
SQL: UPDATE `qm_users` SET `city`='兴安盟' WHERE ( id=54972138 ) [ RunTime:0.0002s ]
INFO: [ app_end ] --START--
INFO: Run Behavior\ShowPageTraceBehavior [ RunTime:0.000430s ]
INFO: [ app_end ] --END-- [ RunTime:0.000476s ]

[ 2018-10-31T21:29:28+08:00 ] 223.104.178.189 /index.php/Api/Index/tjcp
INFO: [ app_init ] --START--
INFO: Run Behavior\BuildLiteBehavior [ RunTime:0.000010s ]
INFO: [ app_init ] --END-- [ RunTime:0.000220s ]
INFO: [ app_begin ] --START--
INFO: Run Behavior\ReadHtmlCacheBehavior [ RunTime:0.000246s ]
INFO: [ app_begin ] --END-- [ RunTime:0.000282s ]
SQL: SHOW COLUMNS FROM `qm_product` [ RunTime:0.0008s ]
SQL: SELECT * FROM `qm_product` WHERE ( iszx=1 )  [ RunTime:0.0002s ]

[ 2018-10-31T21:29:29+08:00 ] 223.104.178.189 /index.php/Api/Index/getggfir
INFO: [ app_init ] --START--
INFO: Run Behavior\BuildLiteBehavior [ RunTime:0.000010s ]
INFO: [ app_init ] --END-- [ RunTime:0.000222s ]
INFO: [ app_begin ] --START--
INFO: Run Behavior\ReadHtmlCacheBehavior [ RunTime:0.000287s ]
INFO: [ app_begin ] --END-- [ RunTime:0.000320s ]
SQL: SHOW COLUMNS FROM `qm_gggl` [ RunTime:0.0007s ]
SQL: SELECT * FROM `qm_gggl` ORDER BY id desc LIMIT 1   [ RunTime:0.0001s ]

[ 2018-10-31T21:29:29+08:00 ] 223.104.178.189 /index.php/Api/Index/getggfir
INFO: [ app_init ] --START--
INFO: Run Behavior\BuildLiteBehavior [ RunTime:0.000032s ]
INFO: [ app_init ] --END-- [ RunTime:0.000330s ]
INFO: [ app_begin ] --START--
INFO: Run Behavior\ReadHtmlCacheBehavior [ RunTime:0.000503s ]
INFO: [ app_begin ] --END-- [ RunTime:0.000560s ]
SQL: SHOW COLUMNS FROM `qm_gggl` [ RunTime:0.0004s ]
SQL: SELECT * FROM `qm_gggl` ORDER BY id desc LIMIT 1   [ RunTime:0.0001s ]

[ 2018-10-31T21:29:47+08:00 ] 223.104.178.189 /index.php/Api/Index/dtzq
INFO: [ app_init ] --START--
INFO: Run Behavior\BuildLiteBehavior [ RunTime:0.000010s ]
INFO: [ app_init ] --END-- [ RunTime:0.000201s ]
INFO: [ app_begin ] --START--
INFO: Run Behavior\ReadHtmlCacheBehavior [ RunTime:0.000252s ]
INFO: [ app_begin ] --END-- [ RunTime:0.000285s ]
SQL: SHOW COLUMNS FROM `qm_dt` [ RunTime:0.0006s ]
SQL: SELECT * FROM `qm_dt` ORDER BY px asc  [ RunTime:0.0002s ]

[ 2018-10-31T21:30:19+08:00 ] 223.104.178.189 /index.php/Api/Index/isnew
INFO: [ app_init ] --START--
INFO: Run Behavior\BuildLiteBehavior [ RunTime:0.000011s ]
INFO: [ app_init ] --END-- [ RunTime:0.000221s ]
INFO: [ app_begin ] --START--
INFO: Run Behavior\ReadHtmlCacheBehavior [ RunTime:0.000309s ]
INFO: [ app_begin ] --END-- [ RunTime:0.000347s ]
SQL: SHOW COLUMNS FROM `qm_qczy` [ RunTime:0.0010s ]
SQL: SELECT * FROM `qm_qczy` WHERE ( stat=1 and sh=1 ) ORDER BY id desc  [ RunTime:0.0001s ]

[ 2018-10-31T21:30:19+08:00 ] 223.104.178.189 /index.php/Api/Index/isnew
INFO: [ app_init ] --START--
INFO: Run Behavior\BuildLiteBehavior [ RunTime:0.000010s ]
INFO: [ app_init ] --END-- [ RunTime:0.000426s ]
INFO: [ app_begin ] --START--
INFO: Run Behavior\ReadHtmlCacheBehavior [ RunTime:0.000336s ]
INFO: [ app_begin ] --END-- [ RunTime:0.000415s ]
SQL: SHOW COLUMNS FROM `qm_qczy` [ RunTime:0.0006s ]
SQL: SELECT * FROM `qm_qczy` WHERE ( stat=0 and sh=1 ) ORDER BY id desc  [ RunTime:0.0001s ]

[ 2018-10-31T21:30:35+08:00 ] 223.104.178.189 /index.php/Api/Index/qcxq
INFO: [ app_init ] --START--
INFO: Run Behavior\BuildLiteBehavior [ RunTime:0.000011s ]
INFO: [ app_init ] --END-- [ RunTime:0.000223s ]
INFO: [ app_begin ] --START--
INFO: Run Behavior\ReadHtmlCacheBehavior [ RunTime:0.000247s ]
INFO: [ app_begin ] --END-- [ RunTime:0.000280s ]
SQL: SHOW COLUMNS FROM `qm_qczy` [ RunTime:0.0006s ]
SQL: SELECT * FROM `qm_qczy` WHERE ( id=15 ) LIMIT 1   [ RunTime:0.0002s ]

[ 2018-10-31T21:30:52+08:00 ] 223.104.178.189 /index.php/Api/Index/qcxq
INFO: [ app_init ] --START--
INFO: Run Behavior\BuildLiteBehavior [ RunTime:0.000010s ]
INFO: [ app_init ] --END-- [ RunTime:0.000222s ]
INFO: [ app_begin ] --START--
INFO: Run Behavior\ReadHtmlCacheBehavior [ RunTime:0.000317s ]
INFO: [ app_begin ] --END-- [ RunTime:0.000359s ]
SQL: SHOW COLUMNS FROM `qm_qczy` [ RunTime:0.0005s ]
SQL: SELECT * FROM `qm_qczy` WHERE ( id=17 ) LIMIT 1   [ RunTime:0.0002s ]

[ 2018-10-31T23:09:45+08:00 ] 223.104.189.227 /index.php/Api/Index/ones
INFO: [ app_init ] --START--
INFO: Run Behavior\BuildLiteBehavior [ RunTime:0.000011s ]
INFO: [ app_init ] --END-- [ RunTime:0.000206s ]
INFO: [ app_begin ] --START--
INFO: Run Behavior\ReadHtmlCacheBehavior [ RunTime:0.000245s ]
INFO: [ app_begin ] --END-- [ RunTime:0.000278s ]
SQL: SHOW COLUMNS FROM `qm_zxkzs` [ RunTime:0.0005s ]
SQL: SELECT * FROM `qm_zxkzs` ORDER BY id desc LIMIT 0,5   [ RunTime:0.0001s ]

[ 2018-10-31T23:13:31+08:00 ] 163.177.90.152 /index.php/Api/Index/gh
INFO: [ app_init ] --START--
INFO: Run Behavior\BuildLiteBehavior [ RunTime:0.000009s ]
INFO: [ app_init ] --END-- [ RunTime:0.000249s ]
INFO: [ app_begin ] --START--
INFO: Run Behavior\ReadHtmlCacheBehavior [ RunTime:0.000259s ]
INFO: [ app_begin ] --END-- [ RunTime:0.000290s ]
SQL: SHOW COLUMNS FROM `qm_zxkz` [ RunTime:0.0004s ]
NOTIC: [8] Undefined index: z /www/wwwroot/dai.juhuaian.cn/Application/Api/Controller/IndexController.class.php 第 294 行.
NOTIC: [8] Undefined index: y /www/wwwroot/dai.juhuaian.cn/Application/Api/Controller/IndexController.class.php 第 294 行.
SQL: SELECT * FROM `qm_zxkz` WHERE ( stat=3 ) ORDER BY id desc  [ RunTime:0.0001s ]

