[ 2019-01-12T01:35:53+08:00 ] 183.57.53.177 /index.php/Api/index/yjfx?uid%3D69237807
INFO: [ app_init ] --START--
INFO: Run Behavior\BuildLiteBehavior [ RunTime:0.000016s ]
INFO: [ app_init ] --END-- [ RunTime:0.009196s ]
INFO: [ app_begin ] --START--
INFO: Run Behavior\ReadHtmlCacheBehavior [ RunTime:0.001612s ]
INFO: [ app_begin ] --END-- [ RunTime:0.001645s ]
SQL: SHOW COLUMNS FROM `qm_user` [ RunTime:0.0577s ]
NOTIC: [8] Undefined index: uid /www/wwwroot/jy.juhuaian.cn/Application/Api/Controller/IndexController.class.php 第 48 行.
ERR: 1064:You have an error in your SQL syntax; check the manual that corresponds to your MySQL server version for the right syntax to use near ')' at line 1
 [ SQL语句 ] : SELECT * FROM `qm_user` WHERE ( fid= ) 
ERR: 1064:You have an error in your SQL syntax; check the manual that corresponds to your MySQL server version for the right syntax to use near ')' at line 1
 [ SQL语句 ] : SELECT * FROM `qm_user` WHERE ( fid= ) 

[ 2019-01-12T02:38:21+08:00 ] 59.36.119.226 /index.php/Api/index/toutiao
INFO: [ app_init ] --START--
INFO: Run Behavior\BuildLiteBehavior [ RunTime:0.000009s ]
INFO: [ app_init ] --END-- [ RunTime:0.000203s ]
INFO: [ app_begin ] --START--
INFO: Run Behavior\ReadHtmlCacheBehavior [ RunTime:0.000219s ]
INFO: [ app_begin ] --END-- [ RunTime:0.000238s ]
NOTIC: [8] Undefined index: x /www/wwwroot/jy.juhuaian.cn/Application/Api/Controller/IndexController.class.php 第 1113 行.
NOTIC: [8] Undefined index: y /www/wwwroot/jy.juhuaian.cn/Application/Api/Controller/IndexController.class.php 第 1114 行.
SQL: SHOW COLUMNS FROM `qm_toutiao` [ RunTime:0.0005s ]
SQL: SELECT `id`,`name`,`content` FROM `qm_toutiao` ORDER BY id desc  [ RunTime:0.0002s ]

[ 2019-01-12T10:05:02+08:00 ] 112.224.19.84 /index.php/Api/index/fuwuyuan
INFO: [ app_init ] --START--
INFO: Run Behavior\BuildLiteBehavior [ RunTime:0.000007s ]
INFO: [ app_init ] --END-- [ RunTime:0.000185s ]
INFO: [ app_begin ] --START--
INFO: Run Behavior\ReadHtmlCacheBehavior [ RunTime:0.000251s ]
INFO: [ app_begin ] --END-- [ RunTime:0.000273s ]
SQL: SHOW COLUMNS FROM `qm_user` [ RunTime:0.0006s ]
SQL: SELECT * FROM `qm_user` WHERE ( fbzt>0 ) ORDER BY id desc LIMIT 0,6   [ RunTime:0.0004s ]
SQL: SHOW COLUMNS FROM `qm_grdt` [ RunTime:0.0004s ]
SQL: SELECT `image` FROM `qm_grdt` WHERE ( uid=69237807 ) LIMIT 1   [ RunTime:0.0001s ]
SQL: SELECT `image` FROM `qm_grdt` WHERE ( uid=57103679 ) LIMIT 1   [ RunTime:0.0001s ]
SQL: SELECT `image` FROM `qm_grdt` WHERE ( uid=57103676 ) LIMIT 1   [ RunTime:0.0001s ]
SQL: SELECT `image` FROM `qm_grdt` WHERE ( uid=57103674 ) LIMIT 1   [ RunTime:0.0001s ]

[ 2019-01-12T10:05:02+08:00 ] 112.224.19.84 /index.php/Api/index/lunbo
INFO: [ app_init ] --START--
INFO: Run Behavior\BuildLiteBehavior [ RunTime:0.000008s ]
INFO: [ app_init ] --END-- [ RunTime:0.000236s ]
INFO: [ app_begin ] --START--
INFO: Run Behavior\ReadHtmlCacheBehavior [ RunTime:0.000309s ]
INFO: [ app_begin ] --END-- [ RunTime:0.000335s ]
SQL: SHOW COLUMNS FROM `qm_lb` [ RunTime:0.0006s ]
SQL: SELECT * FROM `qm_lb` WHERE ( stat=0 )  [ RunTime:0.0002s ]

[ 2019-01-12T10:05:02+08:00 ] 112.224.19.84 /index.php/Api/index/toutiao
INFO: [ app_init ] --START--
INFO: Run Behavior\BuildLiteBehavior [ RunTime:0.000008s ]
INFO: [ app_init ] --END-- [ RunTime:0.000230s ]
INFO: [ app_begin ] --START--
INFO: Run Behavior\ReadHtmlCacheBehavior [ RunTime:0.000317s ]
INFO: [ app_begin ] --END-- [ RunTime:0.000342s ]
SQL: SHOW COLUMNS FROM `qm_toutiao` [ RunTime:0.0005s ]
SQL: SELECT `id`,`name`,`content` FROM `qm_toutiao` ORDER BY id desc LIMIT 0,10   [ RunTime:0.0002s ]

[ 2019-01-12T10:05:02+08:00 ] 112.224.19.84 /index.php/Api/index/fwxx
INFO: [ app_init ] --START--
INFO: Run Behavior\BuildLiteBehavior [ RunTime:0.000008s ]
INFO: [ app_init ] --END-- [ RunTime:0.000226s ]
INFO: [ app_begin ] --START--
INFO: Run Behavior\ReadHtmlCacheBehavior [ RunTime:0.000319s ]
INFO: [ app_begin ] --END-- [ RunTime:0.000344s ]
SQL: SHOW COLUMNS FROM `qm_user` [ RunTime:0.0009s ]
SQL: SELECT * FROM `qm_user` ORDER BY rand() LIMIT 6   [ RunTime:0.0009s ]

[ 2019-01-12T14:42:11+08:00 ] 221.0.53.30 /index.php/Api/index/fwxx
INFO: [ app_init ] --START--
INFO: Run Behavior\BuildLiteBehavior [ RunTime:0.000009s ]
INFO: [ app_init ] --END-- [ RunTime:0.000286s ]
INFO: [ app_begin ] --START--
INFO: Run Behavior\ReadHtmlCacheBehavior [ RunTime:0.000350s ]
INFO: [ app_begin ] --END-- [ RunTime:0.000382s ]
SQL: SHOW COLUMNS FROM `qm_user` [ RunTime:0.0007s ]
SQL: SELECT * FROM `qm_user` ORDER BY rand() LIMIT 6   [ RunTime:0.0008s ]

[ 2019-01-12T14:42:11+08:00 ] 221.0.53.30 /index.php/Api/index/toutiao
INFO: [ app_init ] --START--
INFO: Run Behavior\BuildLiteBehavior [ RunTime:0.000007s ]
INFO: [ app_init ] --END-- [ RunTime:0.000250s ]
INFO: [ app_begin ] --START--
INFO: Run Behavior\ReadHtmlCacheBehavior [ RunTime:0.000350s ]
INFO: [ app_begin ] --END-- [ RunTime:0.000379s ]
SQL: SHOW COLUMNS FROM `qm_toutiao` [ RunTime:0.0006s ]
SQL: SELECT `id`,`name`,`content` FROM `qm_toutiao` ORDER BY id desc LIMIT 0,10   [ RunTime:0.0001s ]

[ 2019-01-12T14:42:11+08:00 ] 221.0.53.30 /index.php/Api/index/xjwd
INFO: [ app_init ] --START--
INFO: Run Behavior\BuildLiteBehavior [ RunTime:0.000005s ]
INFO: [ app_init ] --END-- [ RunTime:0.000176s ]
INFO: [ app_begin ] --START--
INFO: Run Behavior\ReadHtmlCacheBehavior [ RunTime:0.000261s ]
INFO: [ app_begin ] --END-- [ RunTime:0.000279s ]
SQL: SHOW COLUMNS FROM `qm_user` [ RunTime:0.0009s ]
SQL: UPDATE `qm_user` SET `lat`='36.562011626212765',`lon`='116.82613372802727',`zd`='1547275331' WHERE ( id='57103674' ) [ RunTime:0.0138s ]

[ 2019-01-12T14:42:11+08:00 ] 221.0.53.30 /index.php/Api/index/fuwuyuan
INFO: [ app_init ] --START--
INFO: Run Behavior\BuildLiteBehavior [ RunTime:0.000007s ]
INFO: [ app_init ] --END-- [ RunTime:0.000185s ]
INFO: [ app_begin ] --START--
INFO: Run Behavior\ReadHtmlCacheBehavior [ RunTime:0.000339s ]
INFO: [ app_begin ] --END-- [ RunTime:0.000368s ]
SQL: SHOW COLUMNS FROM `qm_user` [ RunTime:0.0010s ]
SQL: SELECT * FROM `qm_user` WHERE ( fbzt>0 ) ORDER BY id desc LIMIT 0,6   [ RunTime:0.0004s ]
SQL: SHOW COLUMNS FROM `qm_grdt` [ RunTime:0.0005s ]
SQL: SELECT `image` FROM `qm_grdt` WHERE ( uid=69237807 ) LIMIT 1   [ RunTime:0.0000s ]
SQL: SELECT `image` FROM `qm_grdt` WHERE ( uid=57103679 ) LIMIT 1   [ RunTime:0.0001s ]
SQL: SELECT `image` FROM `qm_grdt` WHERE ( uid=57103676 ) LIMIT 1   [ RunTime:0.0000s ]
SQL: SELECT `image` FROM `qm_grdt` WHERE ( uid=57103674 ) LIMIT 1   [ RunTime:0.0000s ]

[ 2019-01-12T14:42:11+08:00 ] 221.0.53.30 /index.php/Api/index/lunbo
INFO: [ app_init ] --START--
INFO: Run Behavior\BuildLiteBehavior [ RunTime:0.000009s ]
INFO: [ app_init ] --END-- [ RunTime:0.000257s ]
INFO: [ app_begin ] --START--
INFO: Run Behavior\ReadHtmlCacheBehavior [ RunTime:0.000359s ]
INFO: [ app_begin ] --END-- [ RunTime:0.000388s ]
SQL: SHOW COLUMNS FROM `qm_lb` [ RunTime:0.0006s ]
SQL: SELECT * FROM `qm_lb` WHERE ( stat=0 )  [ RunTime:0.0001s ]

[ 2019-01-12T16:41:08+08:00 ] 221.0.53.30 /index.php/Api/index/toutiao
INFO: [ app_init ] --START--
INFO: Run Behavior\BuildLiteBehavior [ RunTime:0.000006s ]
INFO: [ app_init ] --END-- [ RunTime:0.000170s ]
INFO: [ app_begin ] --START--
INFO: Run Behavior\ReadHtmlCacheBehavior [ RunTime:0.000236s ]
INFO: [ app_begin ] --END-- [ RunTime:0.000256s ]
SQL: SHOW COLUMNS FROM `qm_toutiao` [ RunTime:0.0005s ]
SQL: SELECT `id`,`name`,`content` FROM `qm_toutiao` ORDER BY id desc LIMIT 0,10   [ RunTime:0.0001s ]

[ 2019-01-12T16:41:08+08:00 ] 221.0.53.30 /index.php/Api/index/fuwuyuan
INFO: [ app_init ] --START--
INFO: Run Behavior\BuildLiteBehavior [ RunTime:0.000006s ]
INFO: [ app_init ] --END-- [ RunTime:0.000165s ]
INFO: [ app_begin ] --START--
INFO: Run Behavior\ReadHtmlCacheBehavior [ RunTime:0.000221s ]
INFO: [ app_begin ] --END-- [ RunTime:0.000240s ]
SQL: SHOW COLUMNS FROM `qm_user` [ RunTime:0.0007s ]
SQL: SELECT * FROM `qm_user` WHERE ( fbzt>0 ) ORDER BY id desc LIMIT 0,6   [ RunTime:0.0001s ]
SQL: SHOW COLUMNS FROM `qm_grdt` [ RunTime:0.0004s ]
SQL: SELECT `image` FROM `qm_grdt` WHERE ( uid=69237807 ) LIMIT 1   [ RunTime:0.0000s ]
SQL: SELECT `image` FROM `qm_grdt` WHERE ( uid=57103679 ) LIMIT 1   [ RunTime:0.0000s ]
SQL: SELECT `image` FROM `qm_grdt` WHERE ( uid=57103676 ) LIMIT 1   [ RunTime:0.0000s ]
SQL: SELECT `image` FROM `qm_grdt` WHERE ( uid=57103674 ) LIMIT 1   [ RunTime:0.0000s ]

[ 2019-01-12T16:41:08+08:00 ] 221.0.53.30 /index.php/Api/index/fwxx
INFO: [ app_init ] --START--
INFO: Run Behavior\BuildLiteBehavior [ RunTime:0.000007s ]
INFO: [ app_init ] --END-- [ RunTime:0.000171s ]
INFO: [ app_begin ] --START--
INFO: Run Behavior\ReadHtmlCacheBehavior [ RunTime:0.000212s ]
INFO: [ app_begin ] --END-- [ RunTime:0.000230s ]
SQL: SHOW COLUMNS FROM `qm_user` [ RunTime:0.0006s ]
SQL: SELECT * FROM `qm_user` ORDER BY rand() LIMIT 6   [ RunTime:0.0008s ]

[ 2019-01-12T16:41:08+08:00 ] 221.0.53.30 /index.php/Api/index/xjwd
INFO: [ app_init ] --START--
INFO: Run Behavior\BuildLiteBehavior [ RunTime:0.000005s ]
INFO: [ app_init ] --END-- [ RunTime:0.000158s ]
INFO: [ app_begin ] --START--
INFO: Run Behavior\ReadHtmlCacheBehavior [ RunTime:0.000208s ]
INFO: [ app_begin ] --END-- [ RunTime:0.000226s ]
SQL: SHOW COLUMNS FROM `qm_user` [ RunTime:0.0010s ]
SQL: UPDATE `qm_user` SET `lat`='36.56158438009492',`lon`='116.82595825195305',`zd`='1547282468' WHERE ( id='57103675' ) [ RunTime:0.0170s ]

[ 2019-01-12T16:41:08+08:00 ] 221.0.53.30 /index.php/Api/index/lunbo
INFO: [ app_init ] --START--
INFO: Run Behavior\BuildLiteBehavior [ RunTime:0.000005s ]
INFO: [ app_init ] --END-- [ RunTime:0.000185s ]
INFO: [ app_begin ] --START--
INFO: Run Behavior\ReadHtmlCacheBehavior [ RunTime:0.000217s ]
INFO: [ app_begin ] --END-- [ RunTime:0.000234s ]
SQL: SHOW COLUMNS FROM `qm_lb` [ RunTime:0.0005s ]
SQL: SELECT * FROM `qm_lb` WHERE ( stat=0 )  [ RunTime:0.0001s ]

[ 2019-01-12T16:43:59+08:00 ] 112.224.19.84 /index.php/Api/index/fuwuyuan
INFO: [ app_init ] --START--
INFO: Run Behavior\BuildLiteBehavior [ RunTime:0.000007s ]
INFO: [ app_init ] --END-- [ RunTime:0.000184s ]
INFO: [ app_begin ] --START--
INFO: Run Behavior\ReadHtmlCacheBehavior [ RunTime:0.000246s ]
INFO: [ app_begin ] --END-- [ RunTime:0.000265s ]
SQL: SHOW COLUMNS FROM `qm_user` [ RunTime:0.0007s ]
SQL: SELECT * FROM `qm_user` WHERE ( fbzt>0 ) ORDER BY id desc LIMIT 0,6   [ RunTime:0.0003s ]
SQL: SHOW COLUMNS FROM `qm_grdt` [ RunTime:0.0004s ]
SQL: SELECT `image` FROM `qm_grdt` WHERE ( uid=69237807 ) LIMIT 1   [ RunTime:0.0000s ]
SQL: SELECT `image` FROM `qm_grdt` WHERE ( uid=57103679 ) LIMIT 1   [ RunTime:0.0000s ]
SQL: SELECT `image` FROM `qm_grdt` WHERE ( uid=57103676 ) LIMIT 1   [ RunTime:0.0000s ]
SQL: SELECT `image` FROM `qm_grdt` WHERE ( uid=57103674 ) LIMIT 1   [ RunTime:0.0000s ]

[ 2019-01-12T16:43:59+08:00 ] 112.224.19.84 /index.php/Api/index/fwxx
INFO: [ app_init ] --START--
INFO: Run Behavior\BuildLiteBehavior [ RunTime:0.000008s ]
INFO: [ app_init ] --END-- [ RunTime:0.000249s ]
INFO: [ app_begin ] --START--
INFO: Run Behavior\ReadHtmlCacheBehavior [ RunTime:0.000305s ]
INFO: [ app_begin ] --END-- [ RunTime:0.000392s ]
SQL: SHOW COLUMNS FROM `qm_user` [ RunTime:0.0006s ]
SQL: SELECT * FROM `qm_user` ORDER BY rand() LIMIT 6   [ RunTime:0.0009s ]

[ 2019-01-12T16:43:59+08:00 ] 112.224.19.84 /index.php/Api/index/lunbo
INFO: [ app_init ] --START--
INFO: Run Behavior\BuildLiteBehavior [ RunTime:0.000006s ]
INFO: [ app_init ] --END-- [ RunTime:0.000214s ]
INFO: [ app_begin ] --START--
INFO: Run Behavior\ReadHtmlCacheBehavior [ RunTime:0.000243s ]
INFO: [ app_begin ] --END-- [ RunTime:0.000261s ]
SQL: SHOW COLUMNS FROM `qm_lb` [ RunTime:0.0005s ]
SQL: SELECT * FROM `qm_lb` WHERE ( stat=0 )  [ RunTime:0.0001s ]

[ 2019-01-12T16:43:59+08:00 ] 112.224.19.84 /index.php/Api/index/toutiao
INFO: [ app_init ] --START--
INFO: Run Behavior\BuildLiteBehavior [ RunTime:0.000008s ]
INFO: [ app_init ] --END-- [ RunTime:0.000188s ]
INFO: [ app_begin ] --START--
INFO: Run Behavior\ReadHtmlCacheBehavior [ RunTime:0.000207s ]
INFO: [ app_begin ] --END-- [ RunTime:0.000225s ]
SQL: SHOW COLUMNS FROM `qm_toutiao` [ RunTime:0.0004s ]
SQL: SELECT `id`,`name`,`content` FROM `qm_toutiao` ORDER BY id desc LIMIT 0,10   [ RunTime:0.0001s ]

[ 2019-01-12T16:44:03+08:00 ] 112.224.19.84 /index.php/Api/index/fuwuyuan
INFO: [ app_init ] --START--
INFO: Run Behavior\BuildLiteBehavior [ RunTime:0.000011s ]
INFO: [ app_init ] --END-- [ RunTime:0.000278s ]
INFO: [ app_begin ] --START--
INFO: Run Behavior\ReadHtmlCacheBehavior [ RunTime:0.000250s ]
INFO: [ app_begin ] --END-- [ RunTime:0.000273s ]
SQL: SHOW COLUMNS FROM `qm_user` [ RunTime:0.0011s ]
SQL: SELECT * FROM `qm_user` WHERE ( fbzt>0 ) ORDER BY id desc LIMIT 4,10   [ RunTime:0.0004s ]

[ 2019-01-12T16:44:04+08:00 ] 112.224.19.84 /index.php/Api/index/fuwuyuan
INFO: [ app_init ] --START--
INFO: Run Behavior\BuildLiteBehavior [ RunTime:0.000007s ]
INFO: [ app_init ] --END-- [ RunTime:0.000170s ]
INFO: [ app_begin ] --START--
INFO: Run Behavior\ReadHtmlCacheBehavior [ RunTime:0.000249s ]
INFO: [ app_begin ] --END-- [ RunTime:0.000271s ]
SQL: SHOW COLUMNS FROM `qm_user` [ RunTime:0.0008s ]
SQL: SELECT * FROM `qm_user` WHERE ( fbzt>0 ) ORDER BY id desc LIMIT 4,10   [ RunTime:0.0001s ]

[ 2019-01-12T16:44:08+08:00 ] 112.224.19.84 /index.php/Api/index/fuwuyuan
INFO: [ app_init ] --START--
INFO: Run Behavior\BuildLiteBehavior [ RunTime:0.000007s ]
INFO: [ app_init ] --END-- [ RunTime:0.000200s ]
INFO: [ app_begin ] --START--
INFO: Run Behavior\ReadHtmlCacheBehavior [ RunTime:0.000220s ]
INFO: [ app_begin ] --END-- [ RunTime:0.000239s ]
SQL: SHOW COLUMNS FROM `qm_user` [ RunTime:0.0006s ]
SQL: SELECT * FROM `qm_user` WHERE ( fbzt>0 ) ORDER BY id desc LIMIT 0,6   [ RunTime:0.0001s ]
SQL: SHOW COLUMNS FROM `qm_grdt` [ RunTime:0.0003s ]
SQL: SELECT `image` FROM `qm_grdt` WHERE ( uid=69237807 ) LIMIT 1   [ RunTime:0.0000s ]
SQL: SELECT `image` FROM `qm_grdt` WHERE ( uid=57103679 ) LIMIT 1   [ RunTime:0.0002s ]
SQL: SELECT `image` FROM `qm_grdt` WHERE ( uid=57103676 ) LIMIT 1   [ RunTime:0.0000s ]
SQL: SELECT `image` FROM `qm_grdt` WHERE ( uid=57103674 ) LIMIT 1   [ RunTime:0.0000s ]

[ 2019-01-12T16:44:09+08:00 ] 112.224.19.84 /index.php/Api/index/jnbl
INFO: [ app_init ] --START--
INFO: Run Behavior\BuildLiteBehavior [ RunTime:0.000007s ]
INFO: [ app_init ] --END-- [ RunTime:0.000274s ]
INFO: [ app_begin ] --START--
INFO: Run Behavior\ReadHtmlCacheBehavior [ RunTime:0.000264s ]
INFO: [ app_begin ] --END-- [ RunTime:0.000283s ]
SQL: SHOW COLUMNS FROM `qm_fbjn` [ RunTime:0.0004s ]
SQL: SELECT * FROM `qm_fbjn` WHERE ( fwpl=150 ) LIMIT 0,6   [ RunTime:0.0002s ]
SQL: SHOW COLUMNS FROM `qm_user` [ RunTime:0.0007s ]
SQL: SELECT * FROM `qm_user` WHERE ( id=1007 ) LIMIT 1   [ RunTime:0.0002s ]
SQL: SHOW COLUMNS FROM `qm_jineng` [ RunTime:0.0003s ]
SQL: SELECT `jname` FROM `qm_jineng` WHERE ( id=150 ) LIMIT 1   [ RunTime:0.0000s ]

[ 2019-01-12T16:44:09+08:00 ] 112.224.19.84 /index.php/Api/index/xqbl
INFO: [ app_init ] --START--
INFO: Run Behavior\BuildLiteBehavior [ RunTime:0.000007s ]
INFO: [ app_init ] --END-- [ RunTime:0.000188s ]
INFO: [ app_begin ] --START--
INFO: Run Behavior\ReadHtmlCacheBehavior [ RunTime:0.000215s ]
INFO: [ app_begin ] --END-- [ RunTime:0.000235s ]
SQL: SHOW COLUMNS FROM `qm_fbxq` [ RunTime:0.0004s ]
SQL: SELECT * FROM `qm_fbxq` LIMIT 0,6   [ RunTime:0.0002s ]
SQL: SHOW COLUMNS FROM `qm_user` [ RunTime:0.0005s ]
SQL: SELECT * FROM `qm_user` WHERE ( id=1007 ) LIMIT 1   [ RunTime:0.0001s ]
SQL: SHOW COLUMNS FROM `qm_jineng` [ RunTime:0.0003s ]
SQL: SELECT `jname` FROM `qm_jineng` WHERE ( id=150 ) LIMIT 1   [ RunTime:0.0000s ]
SQL: SELECT * FROM `qm_user` WHERE ( id=1008 ) LIMIT 1   [ RunTime:0.0002s ]
SQL: SELECT `jname` FROM `qm_jineng` WHERE ( id=153 ) LIMIT 1   [ RunTime:0.0000s ]
SQL: SELECT * FROM `qm_user` WHERE ( id=1008 ) LIMIT 1   [ RunTime:0.0001s ]
SQL: SELECT `jname` FROM `qm_jineng` WHERE ( id=151 ) LIMIT 1   [ RunTime:0.0000s ]
SQL: SELECT * FROM `qm_user` WHERE ( id=1007 ) LIMIT 1   [ RunTime:0.0000s ]
SQL: SELECT `jname` FROM `qm_jineng` WHERE ( id=147 ) LIMIT 1   [ RunTime:0.0000s ]
SQL: SELECT * FROM `qm_user` WHERE ( id=1008 ) LIMIT 1   [ RunTime:0.0000s ]
SQL: SELECT `jname` FROM `qm_jineng` WHERE ( id=146 ) LIMIT 1   [ RunTime:0.0000s ]
SQL: SELECT * FROM `qm_user` WHERE ( id=1008 ) LIMIT 1   [ RunTime:0.0000s ]
SQL: SELECT `jname` FROM `qm_jineng` WHERE ( id=144 ) LIMIT 1   [ RunTime:0.0000s ]

[ 2019-01-12T16:44:09+08:00 ] 112.224.19.84 /index.php/Api/index/lunbo
INFO: [ app_init ] --START--
INFO: Run Behavior\BuildLiteBehavior [ RunTime:0.000006s ]
INFO: [ app_init ] --END-- [ RunTime:0.000176s ]
INFO: [ app_begin ] --START--
INFO: Run Behavior\ReadHtmlCacheBehavior [ RunTime:0.000217s ]
INFO: [ app_begin ] --END-- [ RunTime:0.000238s ]
SQL: SHOW COLUMNS FROM `qm_lb` [ RunTime:0.0004s ]
SQL: SELECT * FROM `qm_lb` WHERE ( stat=4 )  [ RunTime:0.0002s ]

[ 2019-01-12T16:44:13+08:00 ] 112.224.19.84 /index.php/Api/index/fwxx
INFO: [ app_init ] --START--
INFO: Run Behavior\BuildLiteBehavior [ RunTime:0.000007s ]
INFO: [ app_init ] --END-- [ RunTime:0.000183s ]
INFO: [ app_begin ] --START--
INFO: Run Behavior\ReadHtmlCacheBehavior [ RunTime:0.000229s ]
INFO: [ app_begin ] --END-- [ RunTime:0.000248s ]
SQL: SHOW COLUMNS FROM `qm_user` [ RunTime:0.0007s ]
SQL: SELECT * FROM `qm_user` ORDER BY rand() LIMIT 6   [ RunTime:0.0007s ]

[ 2019-01-12T16:44:13+08:00 ] 112.224.19.84 /index.php/Api/index/fuwuyuan
INFO: [ app_init ] --START--
INFO: Run Behavior\BuildLiteBehavior [ RunTime:0.000018s ]
INFO: [ app_init ] --END-- [ RunTime:0.000166s ]
INFO: [ app_begin ] --START--
INFO: Run Behavior\ReadHtmlCacheBehavior [ RunTime:0.000203s ]
INFO: [ app_begin ] --END-- [ RunTime:0.000221s ]
SQL: SHOW COLUMNS FROM `qm_user` [ RunTime:0.0006s ]
SQL: SELECT * FROM `qm_user` WHERE ( fbzt>0 ) ORDER BY id desc LIMIT 0,6   [ RunTime:0.0001s ]
SQL: SHOW COLUMNS FROM `qm_grdt` [ RunTime:0.0003s ]
SQL: SELECT `image` FROM `qm_grdt` WHERE ( uid=69237807 ) LIMIT 1   [ RunTime:0.0000s ]
SQL: SELECT `image` FROM `qm_grdt` WHERE ( uid=57103679 ) LIMIT 1   [ RunTime:0.0000s ]
SQL: SELECT `image` FROM `qm_grdt` WHERE ( uid=57103676 ) LIMIT 1   [ RunTime:0.0000s ]
SQL: SELECT `image` FROM `qm_grdt` WHERE ( uid=57103674 ) LIMIT 1   [ RunTime:0.0000s ]

[ 2019-01-12T16:44:13+08:00 ] 112.224.19.84 /index.php/Api/index/lunbo
INFO: [ app_init ] --START--
INFO: Run Behavior\BuildLiteBehavior [ RunTime:0.000005s ]
INFO: [ app_init ] --END-- [ RunTime:0.000180s ]
INFO: [ app_begin ] --START--
INFO: Run Behavior\ReadHtmlCacheBehavior [ RunTime:0.000206s ]
INFO: [ app_begin ] --END-- [ RunTime:0.000224s ]
SQL: SHOW COLUMNS FROM `qm_lb` [ RunTime:0.0005s ]
SQL: SELECT * FROM `qm_lb` WHERE ( stat=0 )  [ RunTime:0.0001s ]

[ 2019-01-12T16:44:13+08:00 ] 112.224.19.84 /index.php/Api/index/toutiao
INFO: [ app_init ] --START--
INFO: Run Behavior\BuildLiteBehavior [ RunTime:0.000006s ]
INFO: [ app_init ] --END-- [ RunTime:0.000162s ]
INFO: [ app_begin ] --START--
INFO: Run Behavior\ReadHtmlCacheBehavior [ RunTime:0.000254s ]
INFO: [ app_begin ] --END-- [ RunTime:0.000273s ]
SQL: SHOW COLUMNS FROM `qm_toutiao` [ RunTime:0.0004s ]
SQL: SELECT `id`,`name`,`content` FROM `qm_toutiao` ORDER BY id desc LIMIT 0,10   [ RunTime:0.0001s ]

[ 2019-01-12T16:44:28+08:00 ] 112.224.19.84 /index.php/Api/index/fuwuyuan
INFO: [ app_init ] --START--
INFO: Run Behavior\BuildLiteBehavior [ RunTime:0.000009s ]
INFO: [ app_init ] --END-- [ RunTime:0.000239s ]
INFO: [ app_begin ] --START--
INFO: Run Behavior\ReadHtmlCacheBehavior [ RunTime:0.000304s ]
INFO: [ app_begin ] --END-- [ RunTime:0.000325s ]
SQL: SHOW COLUMNS FROM `qm_user` [ RunTime:0.0007s ]
SQL: SELECT * FROM `qm_user` WHERE ( fbzt>0 ) ORDER BY id desc LIMIT 0,6   [ RunTime:0.0001s ]
SQL: SHOW COLUMNS FROM `qm_grdt` [ RunTime:0.0004s ]
SQL: SELECT `image` FROM `qm_grdt` WHERE ( uid=69237807 ) LIMIT 1   [ RunTime:0.0000s ]
SQL: SELECT `image` FROM `qm_grdt` WHERE ( uid=57103679 ) LIMIT 1   [ RunTime:0.0000s ]
SQL: SELECT `image` FROM `qm_grdt` WHERE ( uid=57103676 ) LIMIT 1   [ RunTime:0.0000s ]
SQL: SELECT `image` FROM `qm_grdt` WHERE ( uid=57103674 ) LIMIT 1   [ RunTime:0.0000s ]

[ 2019-01-12T16:44:28+08:00 ] 112.224.19.84 /index.php/Api/index/fwxx
INFO: [ app_init ] --START--
INFO: Run Behavior\BuildLiteBehavior [ RunTime:0.000006s ]
INFO: [ app_init ] --END-- [ RunTime:0.000153s ]
INFO: [ app_begin ] --START--
INFO: Run Behavior\ReadHtmlCacheBehavior [ RunTime:0.000229s ]
INFO: [ app_begin ] --END-- [ RunTime:0.000247s ]
SQL: SHOW COLUMNS FROM `qm_user` [ RunTime:0.0006s ]
SQL: SELECT * FROM `qm_user` ORDER BY rand() LIMIT 6   [ RunTime:0.0008s ]

[ 2019-01-12T16:44:28+08:00 ] 112.224.19.84 /index.php/Api/index/lunbo
INFO: [ app_init ] --START--
INFO: Run Behavior\BuildLiteBehavior [ RunTime:0.000006s ]
INFO: [ app_init ] --END-- [ RunTime:0.000165s ]
INFO: [ app_begin ] --START--
INFO: Run Behavior\ReadHtmlCacheBehavior [ RunTime:0.006439s ]
INFO: [ app_begin ] --END-- [ RunTime:0.006459s ]
SQL: SHOW COLUMNS FROM `qm_lb` [ RunTime:0.0004s ]
SQL: SELECT * FROM `qm_lb` WHERE ( stat=1 )  [ RunTime:0.0002s ]

[ 2019-01-12T16:44:42+08:00 ] 112.224.19.84 /index.php/Api/index/lunbo
INFO: [ app_init ] --START--
INFO: Run Behavior\BuildLiteBehavior [ RunTime:0.000007s ]
INFO: [ app_init ] --END-- [ RunTime:0.000190s ]
INFO: [ app_begin ] --START--
INFO: Run Behavior\ReadHtmlCacheBehavior [ RunTime:0.000228s ]
INFO: [ app_begin ] --END-- [ RunTime:0.000247s ]
SQL: SHOW COLUMNS FROM `qm_lb` [ RunTime:0.0007s ]
SQL: SELECT * FROM `qm_lb` WHERE ( stat=2 )  [ RunTime:0.0002s ]

[ 2019-01-12T16:44:42+08:00 ] 112.224.19.84 /index.php/Api/index/fwxx
INFO: [ app_init ] --START--
INFO: Run Behavior\BuildLiteBehavior [ RunTime:0.000006s ]
INFO: [ app_init ] --END-- [ RunTime:0.000156s ]
INFO: [ app_begin ] --START--
INFO: Run Behavior\ReadHtmlCacheBehavior [ RunTime:0.000266s ]
INFO: [ app_begin ] --END-- [ RunTime:0.000285s ]
SQL: SHOW COLUMNS FROM `qm_user` [ RunTime:0.0006s ]
SQL: SELECT * FROM `qm_user` ORDER BY rand() LIMIT 6   [ RunTime:0.0007s ]

[ 2019-01-12T16:44:42+08:00 ] 112.224.19.84 /index.php/Api/index/jnblyl
INFO: [ app_init ] --START--
INFO: Run Behavior\BuildLiteBehavior [ RunTime:0.000005s ]
INFO: [ app_init ] --END-- [ RunTime:0.000167s ]
INFO: [ app_begin ] --START--
INFO: Run Behavior\ReadHtmlCacheBehavior [ RunTime:0.000211s ]
INFO: [ app_begin ] --END-- [ RunTime:0.000230s ]
SQL: SHOW COLUMNS FROM `qm_fbjn` [ RunTime:0.0005s ]
SQL: SELECT * FROM `qm_fbjn` WHERE ( fwpl=9 or fwpl=8 or fwpl=7 or fwpl=6 or fwpl=5 or fwpl=4 or fwpl=3 or fwpl=2 or fwpl=1 ) ORDER BY id desc LIMIT 0,6   [ RunTime:0.0002s ]
SQL: SHOW COLUMNS FROM `qm_user` [ RunTime:0.0006s ]
SQL: SELECT * FROM `qm_user` WHERE ( id=57103688 ) LIMIT 1   [ RunTime:0.0002s ]
SQL: SHOW COLUMNS FROM `qm_jineng` [ RunTime:0.0004s ]
SQL: SELECT `jname` FROM `qm_jineng` WHERE ( id=2 ) LIMIT 1   [ RunTime:0.0001s ]
SQL: SELECT * FROM `qm_user` WHERE ( id=57103682 ) LIMIT 1   [ RunTime:0.0001s ]
SQL: SELECT `jname` FROM `qm_jineng` WHERE ( id=2 ) LIMIT 1   [ RunTime:0.0000s ]
SQL: SELECT * FROM `qm_user` WHERE ( id=57103676 ) LIMIT 1   [ RunTime:0.0001s ]
SQL: SELECT `jname` FROM `qm_jineng` WHERE ( id=1 ) LIMIT 1   [ RunTime:0.0001s ]

[ 2019-01-12T16:44:49+08:00 ] 112.224.19.84 /index.php/Api/index/jnblyl
INFO: [ app_init ] --START--
INFO: Run Behavior\BuildLiteBehavior [ RunTime:0.000008s ]
INFO: [ app_init ] --END-- [ RunTime:0.000193s ]
INFO: [ app_begin ] --START--
INFO: Run Behavior\ReadHtmlCacheBehavior [ RunTime:0.000255s ]
INFO: [ app_begin ] --END-- [ RunTime:0.000280s ]
SQL: SHOW COLUMNS FROM `qm_fbjn` [ RunTime:0.0005s ]
SQL: SELECT * FROM `qm_fbjn` WHERE ( fwpl=9 or fwpl=8 or fwpl=7 or fwpl=6 or fwpl=5 or fwpl=4 or fwpl=3 or fwpl=2 or fwpl=1 ) ORDER BY id desc LIMIT 3,6   [ RunTime:0.0002s ]

[ 2019-01-12T16:44:56+08:00 ] 112.224.19.84 /index.php/Api/index/lunbo
INFO: [ app_init ] --START--
INFO: Run Behavior\BuildLiteBehavior [ RunTime:0.000009s ]
INFO: [ app_init ] --END-- [ RunTime:0.000220s ]
INFO: [ app_begin ] --START--
INFO: Run Behavior\ReadHtmlCacheBehavior [ RunTime:0.000216s ]
INFO: [ app_begin ] --END-- [ RunTime:0.000235s ]
SQL: SHOW COLUMNS FROM `qm_lb` [ RunTime:0.0004s ]
SQL: SELECT * FROM `qm_lb` WHERE ( stat=5 )  [ RunTime:0.0002s ]

[ 2019-01-12T16:44:56+08:00 ] 112.224.19.84 /index.php/Api/index/jnblall
INFO: [ app_init ] --START--
INFO: Run Behavior\BuildLiteBehavior [ RunTime:0.000006s ]
INFO: [ app_init ] --END-- [ RunTime:0.000153s ]
INFO: [ app_begin ] --START--
INFO: Run Behavior\ReadHtmlCacheBehavior [ RunTime:0.000213s ]
INFO: [ app_begin ] --END-- [ RunTime:0.000232s ]
SQL: SHOW COLUMNS FROM `qm_fbjn` [ RunTime:0.0004s ]
SQL: SELECT * FROM `qm_fbjn` ORDER BY id desc LIMIT 0,6   [ RunTime:0.0002s ]
SQL: SHOW COLUMNS FROM `qm_user` [ RunTime:0.0005s ]
SQL: SELECT * FROM `qm_user` WHERE ( id=57103685 ) LIMIT 1   [ RunTime:0.0002s ]
SQL: SHOW COLUMNS FROM `qm_jineng` [ RunTime:0.0003s ]
SQL: SELECT `jname` FROM `qm_jineng` WHERE ( id=64 ) LIMIT 1   [ RunTime:0.0001s ]
SQL: SELECT * FROM `qm_user` WHERE ( id=57103685 ) LIMIT 1   [ RunTime:0.0000s ]
SQL: SELECT `jname` FROM `qm_jineng` WHERE ( id=151 ) LIMIT 1   [ RunTime:0.0000s ]
SQL: SELECT * FROM `qm_user` WHERE ( id=57103685 ) LIMIT 1   [ RunTime:0.0001s ]
SQL: SELECT `jname` FROM `qm_jineng` WHERE ( id=147 ) LIMIT 1   [ RunTime:0.0000s ]
SQL: SELECT * FROM `qm_user` WHERE ( id=57103685 ) LIMIT 1   [ RunTime:0.0000s ]
SQL: SELECT `jname` FROM `qm_jineng` WHERE ( id=146 ) LIMIT 1   [ RunTime:0.0000s ]
SQL: SELECT * FROM `qm_user` WHERE ( id=57103690 ) LIMIT 1   [ RunTime:0.0002s ]
SQL: SELECT `jname` FROM `qm_jineng` WHERE ( id=152 ) LIMIT 1   [ RunTime:0.0001s ]
SQL: SELECT * FROM `qm_user` WHERE ( id=57103678 ) LIMIT 1   [ RunTime:0.0001s ]
SQL: SELECT `jname` FROM `qm_jineng` WHERE ( id=78 ) LIMIT 1   [ RunTime:0.0001s ]

[ 2019-01-12T16:45:02+08:00 ] 112.224.19.84 /index.php/Api/index/ifhy
INFO: [ app_init ] --START--
INFO: Run Behavior\BuildLiteBehavior [ RunTime:0.000011s ]
INFO: [ app_init ] --END-- [ RunTime:0.000265s ]
INFO: [ app_begin ] --START--
INFO: Run Behavior\ReadHtmlCacheBehavior [ RunTime:0.000394s ]
INFO: [ app_begin ] --END-- [ RunTime:0.000420s ]
SQL: SHOW COLUMNS FROM `qm_xquser` [ RunTime:0.0006s ]
SQL: SELECT * FROM `qm_xquser` WHERE ( uid='null' ) LIMIT 1   [ RunTime:0.0002s ]

[ 2019-01-12T16:45:02+08:00 ] 112.224.19.84 /index.php/Api/index/lunbo
INFO: [ app_init ] --START--
INFO: Run Behavior\BuildLiteBehavior [ RunTime:0.000008s ]
INFO: [ app_init ] --END-- [ RunTime:0.000292s ]
INFO: [ app_begin ] --START--
INFO: Run Behavior\ReadHtmlCacheBehavior [ RunTime:0.000375s ]
INFO: [ app_begin ] --END-- [ RunTime:0.000417s ]
SQL: SHOW COLUMNS FROM `qm_lb` [ RunTime:0.0005s ]
SQL: SELECT * FROM `qm_lb` WHERE ( stat=3 )  [ RunTime:0.0002s ]

[ 2019-01-12T16:45:11+08:00 ] 112.224.19.84 /index.php/Api/index/shichang
INFO: [ app_init ] --START--
INFO: Run Behavior\BuildLiteBehavior [ RunTime:0.000007s ]
INFO: [ app_init ] --END-- [ RunTime:0.000165s ]
INFO: [ app_begin ] --START--
INFO: Run Behavior\ReadHtmlCacheBehavior [ RunTime:0.000243s ]
INFO: [ app_begin ] --END-- [ RunTime:0.000262s ]
SQL: SHOW COLUMNS FROM `qm_goods` [ RunTime:0.0007s ]
SQL: SELECT * FROM `qm_goods` WHERE ( code =1 ) ORDER BY id desc LIMIT 0,6   [ RunTime:0.0003s ]

[ 2019-01-12T16:45:11+08:00 ] 112.224.19.84 /index.php/Api/index/lunbo
INFO: [ app_init ] --START--
INFO: Run Behavior\BuildLiteBehavior [ RunTime:0.000008s ]
INFO: [ app_init ] --END-- [ RunTime:0.000242s ]
INFO: [ app_begin ] --START--
INFO: Run Behavior\ReadHtmlCacheBehavior [ RunTime:0.000323s ]
INFO: [ app_begin ] --END-- [ RunTime:0.000348s ]
SQL: SHOW COLUMNS FROM `qm_lb` [ RunTime:0.0005s ]
SQL: SELECT * FROM `qm_lb` WHERE ( stat=6 )  [ RunTime:0.0002s ]

[ 2019-01-12T16:45:13+08:00 ] 112.224.19.84 /index.php/Api/index/shichang
INFO: [ app_init ] --START--
INFO: Run Behavior\BuildLiteBehavior [ RunTime:0.000007s ]
INFO: [ app_init ] --END-- [ RunTime:0.000219s ]
INFO: [ app_begin ] --START--
INFO: Run Behavior\ReadHtmlCacheBehavior [ RunTime:0.000319s ]
INFO: [ app_begin ] --END-- [ RunTime:0.000344s ]
SQL: SHOW COLUMNS FROM `qm_goods` [ RunTime:0.0007s ]
SQL: SELECT * FROM `qm_goods` WHERE ( code =1 ) ORDER BY id desc LIMIT 3,6   [ RunTime:0.0003s ]

[ 2019-01-12T16:45:18+08:00 ] 112.224.19.84 /index.php/Api/index/lunbo
INFO: [ app_init ] --START--
INFO: Run Behavior\BuildLiteBehavior [ RunTime:0.000007s ]
INFO: [ app_init ] --END-- [ RunTime:0.000178s ]
INFO: [ app_begin ] --START--
INFO: Run Behavior\ReadHtmlCacheBehavior [ RunTime:0.000203s ]
INFO: [ app_begin ] --END-- [ RunTime:0.000220s ]
SQL: SHOW COLUMNS FROM `qm_lb` [ RunTime:0.0005s ]
SQL: SELECT * FROM `qm_lb` WHERE ( stat=7 )  [ RunTime:0.0002s ]

[ 2019-01-12T16:45:18+08:00 ] 112.224.19.84 /index.php/Api/index/sxylist
INFO: [ app_init ] --START--
INFO: Run Behavior\BuildLiteBehavior [ RunTime:0.000006s ]
INFO: [ app_init ] --END-- [ RunTime:0.000176s ]
INFO: [ app_begin ] --START--
INFO: Run Behavior\ReadHtmlCacheBehavior [ RunTime:0.000210s ]
INFO: [ app_begin ] --END-- [ RunTime:0.000229s ]
SQL: SHOW COLUMNS FROM `qm_sxy` [ RunTime:0.0005s ]
SQL: SELECT * FROM `qm_sxy` ORDER BY id desc LIMIT 0,10   [ RunTime:0.0002s ]
SQL: SHOW COLUMNS FROM `qm_user` [ RunTime:0.0005s ]
SQL: SELECT `pic` FROM `qm_user` WHERE ( id='57103675' ) LIMIT 1   [ RunTime:0.0001s ]
SQL: SELECT `pic` FROM `qm_user` WHERE ( id='57103676' ) LIMIT 1   [ RunTime:0.0001s ]
SQL: SELECT `pic` FROM `qm_user` WHERE ( id='57103676' ) LIMIT 1   [ RunTime:0.0000s ]
SQL: SELECT `pic` FROM `qm_user` WHERE ( id='57103676' ) LIMIT 1   [ RunTime:0.0000s ]

[ 2019-01-12T16:45:54+08:00 ] 112.224.19.84 /index.php/Api/index/wxdl
INFO: [ app_init ] --START--
INFO: Run Behavior\BuildLiteBehavior [ RunTime:0.000007s ]
INFO: [ app_init ] --END-- [ RunTime:0.000203s ]
INFO: [ app_begin ] --START--
INFO: Run Behavior\ReadHtmlCacheBehavior [ RunTime:0.000250s ]
INFO: [ app_begin ] --END-- [ RunTime:0.000271s ]
SQL: SHOW COLUMNS FROM `qm_user` [ RunTime:0.0008s ]
SQL: SELECT * FROM `qm_user` WHERE ( openid ='onZKJ1ERGn790EfZtm3FZwfSf8Xk' ) LIMIT 1   [ RunTime:0.0003s ]
SQL: SELECT * FROM `qm_user` WHERE ( openid ='onZKJ1ERGn790EfZtm3FZwfSf8Xk' and phone='18668949319' ) LIMIT 1   [ RunTime:0.0002s ]

[ 2019-01-12T16:46:28+08:00 ] 112.224.19.84 /index.php/Api/index/getye
INFO: [ app_init ] --START--
INFO: Run Behavior\BuildLiteBehavior [ RunTime:0.000010s ]
INFO: [ app_init ] --END-- [ RunTime:0.000243s ]
INFO: [ app_begin ] --START--
INFO: Run Behavior\ReadHtmlCacheBehavior [ RunTime:0.000327s ]
INFO: [ app_begin ] --END-- [ RunTime:0.000351s ]
SQL: SHOW COLUMNS FROM `qm_user` [ RunTime:0.0009s ]
SQL: SELECT * FROM `qm_user` WHERE ( id=57103678 ) LIMIT 1   [ RunTime:0.0001s ]

[ 2019-01-12T16:46:36+08:00 ] 112.224.19.84 /index.php/Api/index/yjfx?uid=57103678
INFO: [ app_init ] --START--
INFO: Run Behavior\BuildLiteBehavior [ RunTime:0.000009s ]
INFO: [ app_init ] --END-- [ RunTime:0.000253s ]
INFO: [ app_begin ] --START--
INFO: Run Behavior\ReadHtmlCacheBehavior [ RunTime:0.000312s ]
INFO: [ app_begin ] --END-- [ RunTime:0.000339s ]
SQL: SHOW COLUMNS FROM `qm_user` [ RunTime:0.0008s ]
SQL: SELECT * FROM `qm_user` WHERE ( fid=57103678 )  [ RunTime:0.0003s ]

[ 2019-01-12T18:52:07+08:00 ] 112.224.20.127 /index.php/Api/index/fuwuyuan
INFO: [ app_init ] --START--
INFO: Run Behavior\BuildLiteBehavior [ RunTime:0.000007s ]
INFO: [ app_init ] --END-- [ RunTime:0.000177s ]
INFO: [ app_begin ] --START--
INFO: Run Behavior\ReadHtmlCacheBehavior [ RunTime:0.000243s ]
INFO: [ app_begin ] --END-- [ RunTime:0.000264s ]
SQL: SHOW COLUMNS FROM `qm_user` [ RunTime:0.0013s ]
SQL: SELECT * FROM `qm_user` WHERE ( fbzt>0 ) ORDER BY id desc LIMIT 0,6   [ RunTime:0.0001s ]
SQL: SHOW COLUMNS FROM `qm_grdt` [ RunTime:0.0004s ]
SQL: SELECT `image` FROM `qm_grdt` WHERE ( uid=69237807 ) LIMIT 1   [ RunTime:0.0000s ]
SQL: SELECT `image` FROM `qm_grdt` WHERE ( uid=57103679 ) LIMIT 1   [ RunTime:0.0000s ]
SQL: SELECT `image` FROM `qm_grdt` WHERE ( uid=57103676 ) LIMIT 1   [ RunTime:0.0000s ]
SQL: SELECT `image` FROM `qm_grdt` WHERE ( uid=57103674 ) LIMIT 1   [ RunTime:0.0000s ]

[ 2019-01-12T18:52:07+08:00 ] 112.224.20.127 /index.php/Api/index/shichang
INFO: [ app_init ] --START--
INFO: Run Behavior\BuildLiteBehavior [ RunTime:0.000007s ]
INFO: [ app_init ] --END-- [ RunTime:0.000177s ]
INFO: [ app_begin ] --START--
INFO: Run Behavior\ReadHtmlCacheBehavior [ RunTime:0.000258s ]
INFO: [ app_begin ] --END-- [ RunTime:0.000278s ]
SQL: SHOW COLUMNS FROM `qm_goods` [ RunTime:0.0005s ]
SQL: SELECT * FROM `qm_goods` WHERE ( code =1 ) ORDER BY id desc LIMIT 0,6   [ RunTime:0.0001s ]

[ 2019-01-12T18:52:07+08:00 ] 112.224.20.127 /index.php/Api/index/lunbo
INFO: [ app_init ] --START--
INFO: Run Behavior\BuildLiteBehavior [ RunTime:0.000008s ]
INFO: [ app_init ] --END-- [ RunTime:0.000180s ]
INFO: [ app_begin ] --START--
INFO: Run Behavior\ReadHtmlCacheBehavior [ RunTime:0.000234s ]
INFO: [ app_begin ] --END-- [ RunTime:0.000252s ]
SQL: SHOW COLUMNS FROM `qm_lb` [ RunTime:0.0005s ]
SQL: SELECT * FROM `qm_lb` WHERE ( stat=6 )  [ RunTime:0.0001s ]

[ 2019-01-12T18:52:07+08:00 ] 112.224.20.127 /index.php/Api/index/lunbo
INFO: [ app_init ] --START--
INFO: Run Behavior\BuildLiteBehavior [ RunTime:0.000008s ]
INFO: [ app_init ] --END-- [ RunTime:0.000272s ]
INFO: [ app_begin ] --START--
INFO: Run Behavior\ReadHtmlCacheBehavior [ RunTime:0.000357s ]
INFO: [ app_begin ] --END-- [ RunTime:0.000382s ]
SQL: SHOW COLUMNS FROM `qm_lb` [ RunTime:0.0005s ]
SQL: SELECT * FROM `qm_lb` WHERE ( stat=0 )  [ RunTime:0.0001s ]

[ 2019-01-12T18:52:07+08:00 ] 112.224.20.127 /index.php/Api/index/xjwd
INFO: [ app_init ] --START--
INFO: Run Behavior\BuildLiteBehavior [ RunTime:0.000007s ]
INFO: [ app_init ] --END-- [ RunTime:0.000223s ]
INFO: [ app_begin ] --START--
INFO: Run Behavior\ReadHtmlCacheBehavior [ RunTime:0.000347s ]
INFO: [ app_begin ] --END-- [ RunTime:0.000372s ]
SQL: SHOW COLUMNS FROM `qm_user` [ RunTime:0.0007s ]
SQL: UPDATE `qm_user` SET `lat`='36.65502539526817',`lon`='116.99050140380852',`zd`='1547290327' WHERE ( id='57103678' ) [ RunTime:0.0177s ]

[ 2019-01-12T18:52:07+08:00 ] 112.224.20.127 /index.php/Api/index/fwxx
INFO: [ app_init ] --START--
INFO: Run Behavior\BuildLiteBehavior [ RunTime:0.000010s ]
INFO: [ app_init ] --END-- [ RunTime:0.000350s ]
INFO: [ app_begin ] --START--
INFO: Run Behavior\ReadHtmlCacheBehavior [ RunTime:0.000336s ]
INFO: [ app_begin ] --END-- [ RunTime:0.000360s ]
SQL: SHOW COLUMNS FROM `qm_user` [ RunTime:0.0007s ]
SQL: SELECT * FROM `qm_user` ORDER BY rand() LIMIT 6   [ RunTime:0.0008s ]

[ 2019-01-12T18:52:07+08:00 ] 112.224.20.127 /index.php/Api/index/toutiao
INFO: [ app_init ] --START--
INFO: Run Behavior\BuildLiteBehavior [ RunTime:0.000007s ]
INFO: [ app_init ] --END-- [ RunTime:0.000232s ]
INFO: [ app_begin ] --START--
INFO: Run Behavior\ReadHtmlCacheBehavior [ RunTime:0.000332s ]
INFO: [ app_begin ] --END-- [ RunTime:0.000355s ]
SQL: SHOW COLUMNS FROM `qm_toutiao` [ RunTime:0.0005s ]
SQL: SELECT `id`,`name`,`content` FROM `qm_toutiao` ORDER BY id desc LIMIT 0,10   [ RunTime:0.0001s ]

[ 2019-01-12T18:52:09+08:00 ] 112.224.20.127 /index.php/Api/index/shichang
INFO: [ app_init ] --START--
INFO: Run Behavior\BuildLiteBehavior [ RunTime:0.000007s ]
INFO: [ app_init ] --END-- [ RunTime:0.000162s ]
INFO: [ app_begin ] --START--
INFO: Run Behavior\ReadHtmlCacheBehavior [ RunTime:0.000204s ]
INFO: [ app_begin ] --END-- [ RunTime:0.000244s ]
SQL: SHOW COLUMNS FROM `qm_goods` [ RunTime:0.0006s ]
SQL: SELECT * FROM `qm_goods` WHERE ( code =1 ) ORDER BY id desc LIMIT 3,6   [ RunTime:0.0001s ]

[ 2019-01-12T18:56:20+08:00 ] 112.224.19.8 /index.php/Api/index/toutiao
INFO: [ app_init ] --START--
INFO: Run Behavior\BuildLiteBehavior [ RunTime:0.000008s ]
INFO: [ app_init ] --END-- [ RunTime:0.000242s ]
INFO: [ app_begin ] --START--
INFO: Run Behavior\ReadHtmlCacheBehavior [ RunTime:0.000248s ]
INFO: [ app_begin ] --END-- [ RunTime:0.000267s ]
SQL: SHOW COLUMNS FROM `qm_toutiao` [ RunTime:0.0006s ]
SQL: SELECT `id`,`name`,`content` FROM `qm_toutiao` ORDER BY id desc LIMIT 0,10   [ RunTime:0.0001s ]

[ 2019-01-12T18:56:20+08:00 ] 112.224.19.8 /index.php/Api/index/fuwuyuan
INFO: [ app_init ] --START--
INFO: Run Behavior\BuildLiteBehavior [ RunTime:0.000006s ]
INFO: [ app_init ] --END-- [ RunTime:0.000177s ]
INFO: [ app_begin ] --START--
INFO: Run Behavior\ReadHtmlCacheBehavior [ RunTime:0.000332s ]
INFO: [ app_begin ] --END-- [ RunTime:0.000355s ]
SQL: SHOW COLUMNS FROM `qm_user` [ RunTime:0.0006s ]
SQL: SELECT * FROM `qm_user` WHERE ( fbzt>0 ) ORDER BY id desc LIMIT 0,6   [ RunTime:0.0003s ]
SQL: SHOW COLUMNS FROM `qm_grdt` [ RunTime:0.0003s ]
SQL: SELECT `image` FROM `qm_grdt` WHERE ( uid=69237807 ) LIMIT 1   [ RunTime:0.0001s ]
SQL: SELECT `image` FROM `qm_grdt` WHERE ( uid=57103679 ) LIMIT 1   [ RunTime:0.0000s ]
SQL: SELECT `image` FROM `qm_grdt` WHERE ( uid=57103676 ) LIMIT 1   [ RunTime:0.0000s ]
SQL: SELECT `image` FROM `qm_grdt` WHERE ( uid=57103674 ) LIMIT 1   [ RunTime:0.0000s ]

[ 2019-01-12T18:56:20+08:00 ] 112.224.19.8 /index.php/Api/index/xjwd
INFO: [ app_init ] --START--
INFO: Run Behavior\BuildLiteBehavior [ RunTime:0.000005s ]
INFO: [ app_init ] --END-- [ RunTime:0.000187s ]
INFO: [ app_begin ] --START--
INFO: Run Behavior\ReadHtmlCacheBehavior [ RunTime:0.000228s ]
INFO: [ app_begin ] --END-- [ RunTime:0.000249s ]
SQL: SHOW COLUMNS FROM `qm_user` [ RunTime:0.0006s ]
SQL: UPDATE `qm_user` SET `lat`='36.65502539526817',`lon`='116.99050140380852',`zd`='1547290580' WHERE ( id='57103678' ) [ RunTime:0.0216s ]

[ 2019-01-12T18:56:20+08:00 ] 112.224.19.8 /index.php/Api/index/fwxx
INFO: [ app_init ] --START--
INFO: Run Behavior\BuildLiteBehavior [ RunTime:0.000007s ]
INFO: [ app_init ] --END-- [ RunTime:0.000271s ]
INFO: [ app_begin ] --START--
INFO: Run Behavior\ReadHtmlCacheBehavior [ RunTime:0.000326s ]
INFO: [ app_begin ] --END-- [ RunTime:0.000351s ]
SQL: SHOW COLUMNS FROM `qm_user` [ RunTime:0.0006s ]
SQL: SELECT * FROM `qm_user` ORDER BY rand() LIMIT 6   [ RunTime:0.0007s ]

[ 2019-01-12T18:56:20+08:00 ] 112.224.19.8 /index.php/Api/index/lunbo
INFO: [ app_init ] --START--
INFO: Run Behavior\BuildLiteBehavior [ RunTime:0.000008s ]
INFO: [ app_init ] --END-- [ RunTime:0.000185s ]
INFO: [ app_begin ] --START--
INFO: Run Behavior\ReadHtmlCacheBehavior [ RunTime:0.000254s ]
INFO: [ app_begin ] --END-- [ RunTime:0.000273s ]
SQL: SHOW COLUMNS FROM `qm_lb` [ RunTime:0.0004s ]
SQL: SELECT * FROM `qm_lb` WHERE ( stat=0 )  [ RunTime:0.0001s ]

[ 2019-01-12T20:39:49+08:00 ] 112.224.1.148 /index.php/Api/index/toutiao
INFO: [ app_init ] --START--
INFO: Run Behavior\BuildLiteBehavior [ RunTime:0.000006s ]
INFO: [ app_init ] --END-- [ RunTime:0.000195s ]
INFO: [ app_begin ] --START--
INFO: Run Behavior\ReadHtmlCacheBehavior [ RunTime:0.000246s ]
INFO: [ app_begin ] --END-- [ RunTime:0.000264s ]
SQL: SHOW COLUMNS FROM `qm_toutiao` [ RunTime:0.0083s ]
SQL: SELECT `id`,`name`,`content` FROM `qm_toutiao` ORDER BY id desc LIMIT 0,10   [ RunTime:0.0001s ]

[ 2019-01-12T20:39:49+08:00 ] 112.224.1.148 /index.php/Api/index/fuwuyuan
INFO: [ app_init ] --START--
INFO: Run Behavior\BuildLiteBehavior [ RunTime:0.000005s ]
INFO: [ app_init ] --END-- [ RunTime:0.000174s ]
INFO: [ app_begin ] --START--
INFO: Run Behavior\ReadHtmlCacheBehavior [ RunTime:0.000287s ]
INFO: [ app_begin ] --END-- [ RunTime:0.000308s ]
SQL: SHOW COLUMNS FROM `qm_user` [ RunTime:0.0006s ]
SQL: SELECT * FROM `qm_user` WHERE ( fbzt>0 ) ORDER BY id desc LIMIT 0,6   [ RunTime:0.0003s ]
SQL: SHOW COLUMNS FROM `qm_grdt` [ RunTime:0.0004s ]
SQL: SELECT `image` FROM `qm_grdt` WHERE ( uid=69237807 ) LIMIT 1   [ RunTime:0.0000s ]
SQL: SELECT `image` FROM `qm_grdt` WHERE ( uid=57103679 ) LIMIT 1   [ RunTime:0.0000s ]
SQL: SELECT `image` FROM `qm_grdt` WHERE ( uid=57103676 ) LIMIT 1   [ RunTime:0.0000s ]
SQL: SELECT `image` FROM `qm_grdt` WHERE ( uid=57103674 ) LIMIT 1   [ RunTime:0.0000s ]

[ 2019-01-12T20:39:49+08:00 ] 112.224.1.148 /index.php/Api/index/lunbo
INFO: [ app_init ] --START--
INFO: Run Behavior\BuildLiteBehavior [ RunTime:0.000006s ]
INFO: [ app_init ] --END-- [ RunTime:0.000163s ]
INFO: [ app_begin ] --START--
INFO: Run Behavior\ReadHtmlCacheBehavior [ RunTime:0.000216s ]
INFO: [ app_begin ] --END-- [ RunTime:0.000233s ]
SQL: SHOW COLUMNS FROM `qm_lb` [ RunTime:0.0004s ]
SQL: SELECT * FROM `qm_lb` WHERE ( stat=0 )  [ RunTime:0.0001s ]

[ 2019-01-12T20:39:49+08:00 ] 112.224.1.148 /index.php/Api/index/fwxx
INFO: [ app_init ] --START--
INFO: Run Behavior\BuildLiteBehavior [ RunTime:0.000006s ]
INFO: [ app_init ] --END-- [ RunTime:0.000161s ]
INFO: [ app_begin ] --START--
INFO: Run Behavior\ReadHtmlCacheBehavior [ RunTime:0.000208s ]
INFO: [ app_begin ] --END-- [ RunTime:0.000226s ]
SQL: SHOW COLUMNS FROM `qm_user` [ RunTime:0.0006s ]
SQL: SELECT * FROM `qm_user` ORDER BY rand() LIMIT 6   [ RunTime:0.0008s ]

[ 2019-01-12T20:39:49+08:00 ] 112.224.1.148 /index.php/Api/index/xjwd
INFO: [ app_init ] --START--
INFO: Run Behavior\BuildLiteBehavior [ RunTime:0.000005s ]
INFO: [ app_init ] --END-- [ RunTime:0.000183s ]
INFO: [ app_begin ] --START--
INFO: Run Behavior\ReadHtmlCacheBehavior [ RunTime:0.000215s ]
INFO: [ app_begin ] --END-- [ RunTime:0.000233s ]
SQL: SHOW COLUMNS FROM `qm_user` [ RunTime:0.0006s ]
SQL: UPDATE `qm_user` SET `lat`='36.65502539526817',`lon`='116.99050140380852',`zd`='1547296789' WHERE ( id='57103678' ) [ RunTime:0.0134s ]

[ 2019-01-12T20:39:53+08:00 ] 112.224.1.148 /index.php/Api/index/lunbo
INFO: [ app_init ] --START--
INFO: Run Behavior\BuildLiteBehavior [ RunTime:0.000007s ]
INFO: [ app_init ] --END-- [ RunTime:0.000181s ]
INFO: [ app_begin ] --START--
INFO: Run Behavior\ReadHtmlCacheBehavior [ RunTime:0.000209s ]
INFO: [ app_begin ] --END-- [ RunTime:0.000227s ]
SQL: SHOW COLUMNS FROM `qm_lb` [ RunTime:0.0004s ]
SQL: SELECT * FROM `qm_lb` WHERE ( stat=6 )  [ RunTime:0.0001s ]

[ 2019-01-12T20:39:53+08:00 ] 112.224.1.148 /index.php/Api/index/shichang
INFO: [ app_init ] --START--
INFO: Run Behavior\BuildLiteBehavior [ RunTime:0.000006s ]
INFO: [ app_init ] --END-- [ RunTime:0.000172s ]
INFO: [ app_begin ] --START--
INFO: Run Behavior\ReadHtmlCacheBehavior [ RunTime:0.000210s ]
INFO: [ app_begin ] --END-- [ RunTime:0.000228s ]
SQL: SHOW COLUMNS FROM `qm_goods` [ RunTime:0.0004s ]
SQL: SELECT * FROM `qm_goods` WHERE ( code =1 ) ORDER BY id desc LIMIT 0,6   [ RunTime:0.0001s ]

[ 2019-01-12T20:39:57+08:00 ] 112.224.1.148 /index.php/Api/index/detail
INFO: [ app_init ] --START--
INFO: Run Behavior\BuildLiteBehavior [ RunTime:0.000008s ]
INFO: [ app_init ] --END-- [ RunTime:0.000213s ]
INFO: [ app_begin ] --START--
INFO: Run Behavior\ReadHtmlCacheBehavior [ RunTime:0.000296s ]
INFO: [ app_begin ] --END-- [ RunTime:0.000315s ]
SQL: SHOW COLUMNS FROM `qm_goods` [ RunTime:0.0005s ]
SQL: SELECT * FROM `qm_goods` WHERE ( id=827 ) LIMIT 1   [ RunTime:0.0002s ]

[ 2019-01-12T20:39:58+08:00 ] 112.224.1.148 /index.php/Api/order/add
INFO: [ app_init ] --START--
INFO: Run Behavior\BuildLiteBehavior [ RunTime:0.000006s ]
INFO: [ app_init ] --END-- [ RunTime:0.000171s ]
INFO: [ app_begin ] --START--
INFO: Run Behavior\ReadHtmlCacheBehavior [ RunTime:0.000206s ]
INFO: [ app_begin ] --END-- [ RunTime:0.000226s ]
SQL: SHOW COLUMNS FROM `qm_address` [ RunTime:0.0005s ]
SQL: SELECT * FROM `qm_address` WHERE ( user_id = 57103678 )  [ RunTime:0.0092s ]
SQL: SELECT * FROM `qm_address` WHERE ( user_id = 57103678 and code = 1 ) LIMIT 1   [ RunTime:0.0002s ]
SQL: SHOW COLUMNS FROM `qm_goods` [ RunTime:0.0005s ]
SQL: SELECT `danjia1`,`user_id` FROM `qm_goods` WHERE ( id = 827 ) LIMIT 1   [ RunTime:0.0001s ]
SQL: SHOW COLUMNS FROM `qm_order` [ RunTime:0.0004s ]
SQL: INSERT INTO `qm_order` (`danhao`,`user_id`,`zongjia`,`goods_id`,`merch_id`,`time`,`zhuangtai`,`num`,`address_id`) VALUES ('1643998405','57103678','900.00','827','0','1547296798','1','1','18') [ RunTime:0.0002s ]

[ 2019-01-12T20:40:00+08:00 ] 112.224.1.148 /index.php/Api/order/quedan
INFO: [ app_init ] --START--
INFO: Run Behavior\BuildLiteBehavior [ RunTime:0.000010s ]
INFO: [ app_init ] --END-- [ RunTime:0.000242s ]
INFO: [ app_begin ] --START--
INFO: Run Behavior\ReadHtmlCacheBehavior [ RunTime:0.000300s ]
INFO: [ app_begin ] --END-- [ RunTime:0.000323s ]
SQL: SHOW COLUMNS FROM `qm_order` [ RunTime:0.0006s ]
SQL: SELECT qm_order.id,qm_order.num,qm_order.zongjia,qm_goods.content,qm_goods.pic1,qm_goods.danjia1,qm_address.name,qm_address.phone,qm_address.address,qm_address.details,qm_address.id as add_id FROM `qm_order` INNER JOIN qm_goods on qm_goods.id = qm_order.goods_id INNER JOIN qm_address on qm_order.address_id = qm_address.id  WHERE ( qm_order.id = 59 ) LIMIT 1   [ RunTime:0.0003s ]

[ 2019-01-12T21:14:18+08:00 ] 112.38.43.93 /index.php/Api/index/toutiao
INFO: [ app_init ] --START--
INFO: Run Behavior\BuildLiteBehavior [ RunTime:0.000010s ]
INFO: [ app_init ] --END-- [ RunTime:0.000264s ]
INFO: [ app_begin ] --START--
INFO: Run Behavior\ReadHtmlCacheBehavior [ RunTime:0.000332s ]
INFO: [ app_begin ] --END-- [ RunTime:0.000357s ]
SQL: SHOW COLUMNS FROM `qm_toutiao` [ RunTime:0.0008s ]
SQL: SELECT `id`,`name`,`content` FROM `qm_toutiao` ORDER BY id desc LIMIT 0,10   [ RunTime:0.0001s ]

[ 2019-01-12T21:14:18+08:00 ] 112.38.43.93 /index.php/Api/index/fuwuyuan
INFO: [ app_init ] --START--
INFO: Run Behavior\BuildLiteBehavior [ RunTime:0.000008s ]
INFO: [ app_init ] --END-- [ RunTime:0.000255s ]
INFO: [ app_begin ] --START--
INFO: Run Behavior\ReadHtmlCacheBehavior [ RunTime:0.000305s ]
INFO: [ app_begin ] --END-- [ RunTime:0.000329s ]
SQL: SHOW COLUMNS FROM `qm_user` [ RunTime:0.0006s ]
SQL: SELECT * FROM `qm_user` WHERE ( fbzt>0 ) ORDER BY id desc LIMIT 0,6   [ RunTime:0.0003s ]
SQL: SHOW COLUMNS FROM `qm_grdt` [ RunTime:0.0003s ]
SQL: SELECT `image` FROM `qm_grdt` WHERE ( uid=69237807 ) LIMIT 1   [ RunTime:0.0000s ]
SQL: SELECT `image` FROM `qm_grdt` WHERE ( uid=57103679 ) LIMIT 1   [ RunTime:0.0000s ]
SQL: SELECT `image` FROM `qm_grdt` WHERE ( uid=57103676 ) LIMIT 1   [ RunTime:0.0000s ]
SQL: SELECT `image` FROM `qm_grdt` WHERE ( uid=57103674 ) LIMIT 1   [ RunTime:0.0000s ]

[ 2019-01-12T21:14:18+08:00 ] 112.38.43.93 /index.php/Api/index/lunbo
INFO: [ app_init ] --START--
INFO: Run Behavior\BuildLiteBehavior [ RunTime:0.000007s ]
INFO: [ app_init ] --END-- [ RunTime:0.000180s ]
INFO: [ app_begin ] --START--
INFO: Run Behavior\ReadHtmlCacheBehavior [ RunTime:0.000225s ]
INFO: [ app_begin ] --END-- [ RunTime:0.000260s ]
SQL: SHOW COLUMNS FROM `qm_lb` [ RunTime:0.0005s ]
SQL: SELECT * FROM `qm_lb` WHERE ( stat=0 )  [ RunTime:0.0001s ]

[ 2019-01-12T21:14:18+08:00 ] 112.38.43.93 /index.php/Api/index/fwxx
INFO: [ app_init ] --START--
INFO: Run Behavior\BuildLiteBehavior [ RunTime:0.000006s ]
INFO: [ app_init ] --END-- [ RunTime:0.000182s ]
INFO: [ app_begin ] --START--
INFO: Run Behavior\ReadHtmlCacheBehavior [ RunTime:0.000231s ]
INFO: [ app_begin ] --END-- [ RunTime:0.000270s ]
SQL: SHOW COLUMNS FROM `qm_user` [ RunTime:0.0007s ]
SQL: SELECT * FROM `qm_user` ORDER BY rand() LIMIT 6   [ RunTime:0.0007s ]

[ 2019-01-12T21:14:21+08:00 ] 112.38.43.93 /index.php/Api/index/fuwuyuan
INFO: [ app_init ] --START--
INFO: Run Behavior\BuildLiteBehavior [ RunTime:0.000010s ]
INFO: [ app_init ] --END-- [ RunTime:0.000264s ]
INFO: [ app_begin ] --START--
INFO: Run Behavior\ReadHtmlCacheBehavior [ RunTime:0.000317s ]
INFO: [ app_begin ] --END-- [ RunTime:0.000402s ]
SQL: SHOW COLUMNS FROM `qm_user` [ RunTime:0.0010s ]
SQL: SELECT * FROM `qm_user` WHERE ( fbzt>0 ) ORDER BY id desc LIMIT 4,10   [ RunTime:0.0004s ]

[ 2019-01-12T21:14:22+08:00 ] 112.38.43.93 /index.php/Api/index/fuwuyuan
INFO: [ app_init ] --START--
INFO: Run Behavior\BuildLiteBehavior [ RunTime:0.000007s ]
INFO: [ app_init ] --END-- [ RunTime:0.000170s ]
INFO: [ app_begin ] --START--
INFO: Run Behavior\ReadHtmlCacheBehavior [ RunTime:0.000214s ]
INFO: [ app_begin ] --END-- [ RunTime:0.000233s ]
SQL: SHOW COLUMNS FROM `qm_user` [ RunTime:0.0008s ]
SQL: SELECT * FROM `qm_user` WHERE ( fbzt>0 ) ORDER BY id desc LIMIT 4,10   [ RunTime:0.0001s ]

[ 2019-01-12T21:14:25+08:00 ] 112.38.43.93 /index.php/Api/index/toutiao
INFO: [ app_init ] --START--
INFO: Run Behavior\BuildLiteBehavior [ RunTime:0.000007s ]
INFO: [ app_init ] --END-- [ RunTime:0.000171s ]
INFO: [ app_begin ] --START--
INFO: Run Behavior\ReadHtmlCacheBehavior [ RunTime:0.000275s ]
INFO: [ app_begin ] --END-- [ RunTime:0.000297s ]
SQL: SHOW COLUMNS FROM `qm_toutiao` [ RunTime:0.0004s ]
SQL: SELECT `id`,`name`,`content` FROM `qm_toutiao` ORDER BY id desc LIMIT 0,10   [ RunTime:0.0001s ]

[ 2019-01-12T21:14:25+08:00 ] 112.38.43.93 /index.php/Api/index/fwxx
INFO: [ app_init ] --START--
INFO: Run Behavior\BuildLiteBehavior [ RunTime:0.000007s ]
INFO: [ app_init ] --END-- [ RunTime:0.000170s ]
INFO: [ app_begin ] --START--
INFO: Run Behavior\ReadHtmlCacheBehavior [ RunTime:0.000255s ]
INFO: [ app_begin ] --END-- [ RunTime:0.000274s ]
SQL: SHOW COLUMNS FROM `qm_user` [ RunTime:0.0007s ]
SQL: SELECT * FROM `qm_user` ORDER BY rand() LIMIT 6   [ RunTime:0.0008s ]

[ 2019-01-12T21:14:25+08:00 ] 112.38.43.93 /index.php/Api/index/fuwuyuan
INFO: [ app_init ] --START--
INFO: Run Behavior\BuildLiteBehavior [ RunTime:0.000005s ]
INFO: [ app_init ] --END-- [ RunTime:0.000186s ]
INFO: [ app_begin ] --START--
INFO: Run Behavior\ReadHtmlCacheBehavior [ RunTime:0.000242s ]
INFO: [ app_begin ] --END-- [ RunTime:0.000262s ]
SQL: SHOW COLUMNS FROM `qm_user` [ RunTime:0.0007s ]
SQL: SELECT * FROM `qm_user` WHERE ( fbzt>0 ) ORDER BY id desc LIMIT 0,6   [ RunTime:0.0001s ]
SQL: SHOW COLUMNS FROM `qm_grdt` [ RunTime:0.0004s ]
SQL: SELECT `image` FROM `qm_grdt` WHERE ( uid=69237807 ) LIMIT 1   [ RunTime:0.0000s ]
SQL: SELECT `image` FROM `qm_grdt` WHERE ( uid=57103679 ) LIMIT 1   [ RunTime:0.0000s ]
SQL: SELECT `image` FROM `qm_grdt` WHERE ( uid=57103676 ) LIMIT 1   [ RunTime:0.0000s ]
SQL: SELECT `image` FROM `qm_grdt` WHERE ( uid=57103674 ) LIMIT 1   [ RunTime:0.0000s ]

[ 2019-01-12T21:14:25+08:00 ] 112.38.43.93 /index.php/Api/index/lunbo
INFO: [ app_init ] --START--
INFO: Run Behavior\BuildLiteBehavior [ RunTime:0.000006s ]
INFO: [ app_init ] --END-- [ RunTime:0.000170s ]
INFO: [ app_begin ] --START--
INFO: Run Behavior\ReadHtmlCacheBehavior [ RunTime:0.000325s ]
INFO: [ app_begin ] --END-- [ RunTime:0.000349s ]
SQL: SHOW COLUMNS FROM `qm_lb` [ RunTime:0.0007s ]
SQL: SELECT * FROM `qm_lb` WHERE ( stat=0 )  [ RunTime:0.0001s ]

[ 2019-01-12T22:00:59+08:00 ] 112.224.1.148 /index.php/Api/index/fuwuyuan
INFO: [ app_init ] --START--
INFO: Run Behavior\BuildLiteBehavior [ RunTime:0.000007s ]
INFO: [ app_init ] --END-- [ RunTime:0.000174s ]
INFO: [ app_begin ] --START--
INFO: Run Behavior\ReadHtmlCacheBehavior [ RunTime:0.000216s ]
INFO: [ app_begin ] --END-- [ RunTime:0.000235s ]
SQL: SHOW COLUMNS FROM `qm_user` [ RunTime:0.0006s ]
SQL: SELECT * FROM `qm_user` WHERE ( fbzt>0 ) ORDER BY id desc LIMIT 0,6   [ RunTime:0.0001s ]
SQL: SHOW COLUMNS FROM `qm_grdt` [ RunTime:0.0005s ]
SQL: SELECT `image` FROM `qm_grdt` WHERE ( uid=69237807 ) LIMIT 1   [ RunTime:0.0001s ]
SQL: SELECT `image` FROM `qm_grdt` WHERE ( uid=57103679 ) LIMIT 1   [ RunTime:0.0001s ]
SQL: SELECT `image` FROM `qm_grdt` WHERE ( uid=57103676 ) LIMIT 1   [ RunTime:0.0001s ]
SQL: SELECT `image` FROM `qm_grdt` WHERE ( uid=57103674 ) LIMIT 1   [ RunTime:0.0001s ]

[ 2019-01-12T22:00:59+08:00 ] 112.224.1.148 /index.php/Api/index/fwxx
INFO: [ app_init ] --START--
INFO: Run Behavior\BuildLiteBehavior [ RunTime:0.000008s ]
INFO: [ app_init ] --END-- [ RunTime:0.000223s ]
INFO: [ app_begin ] --START--
INFO: Run Behavior\ReadHtmlCacheBehavior [ RunTime:0.000341s ]
INFO: [ app_begin ] --END-- [ RunTime:0.000371s ]
SQL: SHOW COLUMNS FROM `qm_user` [ RunTime:0.0006s ]
SQL: SELECT * FROM `qm_user` ORDER BY rand() LIMIT 6   [ RunTime:0.0008s ]

[ 2019-01-12T22:00:59+08:00 ] 112.224.1.148 /index.php/Api/index/toutiao
INFO: [ app_init ] --START--
INFO: Run Behavior\BuildLiteBehavior [ RunTime:0.000007s ]
INFO: [ app_init ] --END-- [ RunTime:0.000193s ]
INFO: [ app_begin ] --START--
INFO: Run Behavior\ReadHtmlCacheBehavior [ RunTime:0.000247s ]
INFO: [ app_begin ] --END-- [ RunTime:0.000270s ]
SQL: SHOW COLUMNS FROM `qm_toutiao` [ RunTime:0.0004s ]
SQL: SELECT `id`,`name`,`content` FROM `qm_toutiao` ORDER BY id desc LIMIT 0,10   [ RunTime:0.0001s ]

[ 2019-01-12T22:00:59+08:00 ] 112.224.1.148 /index.php/Api/index/lunbo
INFO: [ app_init ] --START--
INFO: Run Behavior\BuildLiteBehavior [ RunTime:0.000006s ]
INFO: [ app_init ] --END-- [ RunTime:0.000159s ]
INFO: [ app_begin ] --START--
INFO: Run Behavior\ReadHtmlCacheBehavior [ RunTime:0.000239s ]
INFO: [ app_begin ] --END-- [ RunTime:0.000256s ]
SQL: SHOW COLUMNS FROM `qm_lb` [ RunTime:0.0004s ]
SQL: SELECT * FROM `qm_lb` WHERE ( stat=0 )  [ RunTime:0.0001s ]

[ 2019-01-12T22:00:59+08:00 ] 112.224.1.148 /index.php/Api/index/xjwd
INFO: [ app_init ] --START--
INFO: Run Behavior\BuildLiteBehavior [ RunTime:0.000007s ]
INFO: [ app_init ] --END-- [ RunTime:0.000223s ]
INFO: [ app_begin ] --START--
INFO: Run Behavior\ReadHtmlCacheBehavior [ RunTime:0.000285s ]
INFO: [ app_begin ] --END-- [ RunTime:0.000307s ]
SQL: SHOW COLUMNS FROM `qm_user` [ RunTime:0.0008s ]
SQL: UPDATE `qm_user` SET `lat`='36.65502539526817',`lon`='116.99050140380852',`zd`='1547301659' WHERE ( id='57103678' ) [ RunTime:0.0177s ]

[ 2019-01-12T22:19:47+08:00 ] 112.224.1.148 /index.php/Api/index/fwxx
INFO: [ app_init ] --START--
INFO: Run Behavior\BuildLiteBehavior [ RunTime:0.000008s ]
INFO: [ app_init ] --END-- [ RunTime:0.000183s ]
INFO: [ app_begin ] --START--
INFO: Run Behavior\ReadHtmlCacheBehavior [ RunTime:0.000318s ]
INFO: [ app_begin ] --END-- [ RunTime:0.000337s ]
SQL: SHOW COLUMNS FROM `qm_user` [ RunTime:0.0007s ]
SQL: SELECT * FROM `qm_user` ORDER BY rand() LIMIT 6   [ RunTime:0.0007s ]

[ 2019-01-12T22:19:47+08:00 ] 112.224.1.148 /index.php/Api/index/fuwuyuan
INFO: [ app_init ] --START--
INFO: Run Behavior\BuildLiteBehavior [ RunTime:0.000007s ]
INFO: [ app_init ] --END-- [ RunTime:0.000189s ]
INFO: [ app_begin ] --START--
INFO: Run Behavior\ReadHtmlCacheBehavior [ RunTime:0.000210s ]
INFO: [ app_begin ] --END-- [ RunTime:0.000229s ]
SQL: SHOW COLUMNS FROM `qm_user` [ RunTime:0.0006s ]
SQL: SELECT * FROM `qm_user` WHERE ( fbzt>0 ) ORDER BY id desc LIMIT 0,6   [ RunTime:0.0003s ]
SQL: SHOW COLUMNS FROM `qm_grdt` [ RunTime:0.0003s ]
SQL: SELECT `image` FROM `qm_grdt` WHERE ( uid=69237807 ) LIMIT 1   [ RunTime:0.0000s ]
SQL: SELECT `image` FROM `qm_grdt` WHERE ( uid=57103679 ) LIMIT 1   [ RunTime:0.0000s ]
SQL: SELECT `image` FROM `qm_grdt` WHERE ( uid=57103676 ) LIMIT 1   [ RunTime:0.0000s ]
SQL: SELECT `image` FROM `qm_grdt` WHERE ( uid=57103674 ) LIMIT 1   [ RunTime:0.0000s ]

[ 2019-01-12T22:19:47+08:00 ] 112.224.1.148 /index.php/Api/index/toutiao
INFO: [ app_init ] --START--
INFO: Run Behavior\BuildLiteBehavior [ RunTime:0.000005s ]
INFO: [ app_init ] --END-- [ RunTime:0.000165s ]
INFO: [ app_begin ] --START--
INFO: Run Behavior\ReadHtmlCacheBehavior [ RunTime:0.000233s ]
INFO: [ app_begin ] --END-- [ RunTime:0.000251s ]
SQL: SHOW COLUMNS FROM `qm_toutiao` [ RunTime:0.0005s ]
SQL: SELECT `id`,`name`,`content` FROM `qm_toutiao` ORDER BY id desc LIMIT 0,10   [ RunTime:0.0001s ]

[ 2019-01-12T22:19:47+08:00 ] 112.224.1.148 /index.php/Api/index/xjwd
INFO: [ app_init ] --START--
INFO: Run Behavior\BuildLiteBehavior [ RunTime:0.000006s ]
INFO: [ app_init ] --END-- [ RunTime:0.000195s ]
INFO: [ app_begin ] --START--
INFO: Run Behavior\ReadHtmlCacheBehavior [ RunTime:0.000246s ]
INFO: [ app_begin ] --END-- [ RunTime:0.000265s ]
SQL: SHOW COLUMNS FROM `qm_user` [ RunTime:0.0008s ]
SQL: UPDATE `qm_user` SET `lat`='36.65502539526817',`lon`='116.99050140380852',`zd`='1547302787' WHERE ( id='57103678' ) [ RunTime:0.0138s ]

[ 2019-01-12T22:19:47+08:00 ] 112.224.1.148 /index.php/Api/index/lunbo
INFO: [ app_init ] --START--
INFO: Run Behavior\BuildLiteBehavior [ RunTime:0.000006s ]
INFO: [ app_init ] --END-- [ RunTime:0.000162s ]
INFO: [ app_begin ] --START--
INFO: Run Behavior\ReadHtmlCacheBehavior [ RunTime:0.000213s ]
INFO: [ app_begin ] --END-- [ RunTime:0.000234s ]
SQL: SHOW COLUMNS FROM `qm_lb` [ RunTime:0.0006s ]
SQL: SELECT * FROM `qm_lb` WHERE ( stat=0 )  [ RunTime:0.0001s ]

[ 2019-01-12T22:19:55+08:00 ] 112.224.1.148 /index.php/Api/index/fuwuyuan
INFO: [ app_init ] --START--
INFO: Run Behavior\BuildLiteBehavior [ RunTime:0.000010s ]
INFO: [ app_init ] --END-- [ RunTime:0.000345s ]
INFO: [ app_begin ] --START--
INFO: Run Behavior\ReadHtmlCacheBehavior [ RunTime:0.000313s ]
INFO: [ app_begin ] --END-- [ RunTime:0.000339s ]
SQL: SHOW COLUMNS FROM `qm_user` [ RunTime:0.0009s ]
SQL: SELECT * FROM `qm_user` WHERE ( fbzt>0 ) ORDER BY id desc LIMIT 4,10   [ RunTime:0.0004s ]

[ 2019-01-12T22:20:05+08:00 ] 112.224.1.148 /index.php/Api/index/fuwuyuan
INFO: [ app_init ] --START--
INFO: Run Behavior\BuildLiteBehavior [ RunTime:0.000010s ]
INFO: [ app_init ] --END-- [ RunTime:0.000249s ]
INFO: [ app_begin ] --START--
INFO: Run Behavior\ReadHtmlCacheBehavior [ RunTime:0.000335s ]
INFO: [ app_begin ] --END-- [ RunTime:0.000360s ]
SQL: SHOW COLUMNS FROM `qm_user` [ RunTime:0.0007s ]
SQL: SELECT * FROM `qm_user` WHERE ( fbzt>0 ) ORDER BY id desc LIMIT 4,10   [ RunTime:0.0001s ]

[ 2019-01-12T22:20:07+08:00 ] 112.224.1.148 /index.php/Api/index/fuwuyuan
INFO: [ app_init ] --START--
INFO: Run Behavior\BuildLiteBehavior [ RunTime:0.000006s ]
INFO: [ app_init ] --END-- [ RunTime:0.000160s ]
INFO: [ app_begin ] --START--
INFO: Run Behavior\ReadHtmlCacheBehavior [ RunTime:0.000206s ]
INFO: [ app_begin ] --END-- [ RunTime:0.000224s ]
SQL: SHOW COLUMNS FROM `qm_user` [ RunTime:0.0007s ]
SQL: SELECT * FROM `qm_user` WHERE ( fbzt>0 ) ORDER BY id desc LIMIT 4,10   [ RunTime:0.0001s ]

