[ 2018-08-24T17:10:46+08:00 ] 61.129.6.78 /index.php/Zcity/Login/login.html
INFO: [ app_init ] --START--
INFO: Run Behavior\BuildLiteBehavior [ RunTime:0.000010s ]
INFO: [ app_init ] --END-- [ RunTime:0.000188s ]
INFO: [ app_begin ] --START--
INFO: Run Behavior\ReadHtmlCacheBehavior [ RunTime:0.000225s ]
INFO: [ app_begin ] --END-- [ RunTime:0.000242s ]
INFO: [ view_parse ] --START--
INFO: [ template_filter ] --START--
INFO: Run Behavior\ContentReplaceBehavior [ RunTime:0.000040s ]
INFO: [ template_filter ] --END-- [ RunTime:0.000061s ]
INFO: Run Behavior\ParseTemplateBehavior [ RunTime:0.002881s ]
INFO: [ view_parse ] --END-- [ RunTime:0.002899s ]
INFO: [ view_filter ] --START--
INFO: Run Behavior\WriteHtmlCacheBehavior [ RunTime:0.000081s ]
INFO: [ view_filter ] --END-- [ RunTime:0.000096s ]
INFO: [ app_end ] --START--
INFO: Run Behavior\ShowPageTraceBehavior [ RunTime:0.000251s ]
INFO: [ app_end ] --END-- [ RunTime:0.000267s ]

[ 2018-08-24T17:10:47+08:00 ] 61.129.6.75 /index.php/Zcity/Login/css/layui_1.css
INFO: [ app_init ] --START--
INFO: Run Behavior\BuildLiteBehavior [ RunTime:0.000009s ]
INFO: [ app_init ] --END-- [ RunTime:0.000312s ]
INFO: [ app_begin ] --START--
INFO: Run Behavior\ReadHtmlCacheBehavior [ RunTime:0.000266s ]
INFO: [ app_begin ] --END-- [ RunTime:0.000284s ]
ERR: 非法操作:css

[ 2018-08-24T17:11:10+08:00 ] 61.129.6.78 /index.php/Zcity/Login/checklogin
INFO: [ app_init ] --START--
INFO: Run Behavior\BuildLiteBehavior [ RunTime:0.000033s ]
INFO: [ app_init ] --END-- [ RunTime:0.000275s ]
INFO: [ app_begin ] --START--
INFO: Run Behavior\ReadHtmlCacheBehavior [ RunTime:0.000288s ]
INFO: [ app_begin ] --END-- [ RunTime:0.000310s ]
SQL: SHOW COLUMNS FROM `qm_cityadmin` [ RunTime:0.0004s ]
SQL: SELECT * FROM `qm_cityadmin` WHERE ( username='weifang' AND password='123456' ) LIMIT 1   [ RunTime:0.0001s ]
INFO: [ view_parse ] --START--
INFO: [ template_filter ] --START--
INFO: Run Behavior\ContentReplaceBehavior [ RunTime:0.000018s ]
INFO: [ template_filter ] --END-- [ RunTime:0.000038s ]
INFO: Run Behavior\ParseTemplateBehavior [ RunTime:0.002407s ]
INFO: [ view_parse ] --END-- [ RunTime:0.002424s ]
INFO: [ view_filter ] --START--
INFO: Run Behavior\WriteHtmlCacheBehavior [ RunTime:0.000073s ]
INFO: [ view_filter ] --END-- [ RunTime:0.000083s ]
INFO: [ app_end ] --START--
INFO: Run Behavior\ShowPageTraceBehavior [ RunTime:0.000294s ]
INFO: [ app_end ] --END-- [ RunTime:0.000320s ]

[ 2018-08-24T17:11:14+08:00 ] 61.129.6.78 /index.php/Zcity/Index/index.html
INFO: [ app_init ] --START--
INFO: Run Behavior\BuildLiteBehavior [ RunTime:0.000010s ]
INFO: [ app_init ] --END-- [ RunTime:0.000255s ]
INFO: [ app_begin ] --START--
INFO: Run Behavior\ReadHtmlCacheBehavior [ RunTime:0.000322s ]
INFO: [ app_begin ] --END-- [ RunTime:0.000344s ]
SQL: SHOW COLUMNS FROM `qm_cityadmin` [ RunTime:0.0005s ]
SQL: SELECT `role_id` FROM `qm_cityadmin` WHERE `id` = 1 LIMIT 1   [ RunTime:0.0001s ]
SQL: SHOW COLUMNS FROM `qm_role_right` [ RunTime:0.0003s ]
SQL: SELECT `right_id` FROM `qm_role_right` WHERE ( role_id='4' )  [ RunTime:0.0002s ]
SQL: SHOW COLUMNS FROM `qm_right` [ RunTime:0.0003s ]
SQL: SELECT * FROM `qm_right` WHERE ( id in ('30','7','8','9','10','29','14','23','28') and parent_id=0 )  [ RunTime:0.0002s ]
SQL: SELECT * FROM `qm_right` WHERE ( id in ('30','7','8','9','10','29','14','23','28') and parent_id>0 )  [ RunTime:0.0002s ]
INFO: [ view_parse ] --START--
INFO: [ template_filter ] --START--
INFO: Run Behavior\ContentReplaceBehavior [ RunTime:0.000072s ]
INFO: [ template_filter ] --END-- [ RunTime:0.000099s ]
INFO: Run Behavior\ParseTemplateBehavior [ RunTime:0.004855s ]
INFO: [ view_parse ] --END-- [ RunTime:0.004876s ]
INFO: [ view_filter ] --START--
INFO: Run Behavior\WriteHtmlCacheBehavior [ RunTime:0.000080s ]
INFO: [ view_filter ] --END-- [ RunTime:0.000091s ]
INFO: [ app_end ] --START--
INFO: Run Behavior\ShowPageTraceBehavior [ RunTime:0.000264s ]
INFO: [ app_end ] --END-- [ RunTime:0.000282s ]

[ 2018-08-24T17:11:15+08:00 ] 61.129.6.78 /index.php/Zcity/Index/img/icon/baidu.png
INFO: [ app_init ] --START--
INFO: Run Behavior\BuildLiteBehavior [ RunTime:0.000007s ]
INFO: [ app_init ] --END-- [ RunTime:0.000182s ]

[ 2018-08-24T17:11:15+08:00 ] 61.129.6.78 /index.php/Zcity/Index/img/presentation/1.png
INFO: [ app_init ] --START--
INFO: Run Behavior\BuildLiteBehavior [ RunTime:0.000008s ]
INFO: [ app_init ] --END-- [ RunTime:0.000186s ]

[ 2018-08-24T17:11:15+08:00 ] 58.246.221.74 /index.php/Zcity/Index/img/icon/baidu.png
INFO: [ app_init ] --START--
INFO: Run Behavior\BuildLiteBehavior [ RunTime:0.000008s ]
INFO: [ app_init ] --END-- [ RunTime:0.000163s ]

[ 2018-08-24T17:11:21+08:00 ] 58.246.221.74 /index.php/Zcity/Mgt/sxgls
INFO: [ app_init ] --START--
INFO: Run Behavior\BuildLiteBehavior [ RunTime:0.000010s ]
INFO: [ app_init ] --END-- [ RunTime:0.000235s ]
INFO: [ app_begin ] --START--
INFO: Run Behavior\ReadHtmlCacheBehavior [ RunTime:0.000312s ]
INFO: [ app_begin ] --END-- [ RunTime:0.000335s ]
SQL: SHOW COLUMNS FROM `qm_cityadmin` [ RunTime:0.0006s ]
SQL: SELECT `city` FROM `qm_cityadmin` WHERE `id` = 1 LIMIT 1   [ RunTime:0.0001s ]
SQL: SHOW COLUMNS FROM `qm_sx` [ RunTime:0.0004s ]
SQL: SELECT COUNT(*) AS tp_Count FROM `qm_sx` INNER JOIN qm_users on qm_sx.uid = qm_users.id   WHERE ( qm_users.city='潍坊市' ) LIMIT 1   [ RunTime:0.0107s ]
SQL: SELECT * FROM `qm_sx` INNER JOIN qm_users on qm_sx.uid = qm_users.id   WHERE ( qm_users.city='潍坊市' ) ORDER BY qm_sx.id desc LIMIT 0,7   [ RunTime:0.0019s ]
SQL: SHOW COLUMNS FROM `qm_users` [ RunTime:0.0006s ]
SQL: SELECT `phone` FROM `qm_users` WHERE ( id=31629075 ) LIMIT 1   [ RunTime:0.0000s ]
SQL: SELECT `nick` FROM `qm_users` WHERE ( id=31629075 ) LIMIT 1   [ RunTime:0.0000s ]
SQL: SELECT `phone` FROM `qm_users` WHERE ( id=7142963 ) LIMIT 1   [ RunTime:0.0000s ]
SQL: SELECT `nick` FROM `qm_users` WHERE ( id=7142963 ) LIMIT 1   [ RunTime:0.0000s ]
SQL: SELECT `phone` FROM `qm_users` WHERE ( id=757781 ) LIMIT 1   [ RunTime:0.0000s ]
SQL: SELECT `nick` FROM `qm_users` WHERE ( id=757781 ) LIMIT 1   [ RunTime:0.0000s ]
SQL: SELECT `phone` FROM `qm_users` WHERE ( id=9516834 ) LIMIT 1   [ RunTime:0.0001s ]
SQL: SELECT `nick` FROM `qm_users` WHERE ( id=9516834 ) LIMIT 1   [ RunTime:0.0001s ]
SQL: SELECT `phone` FROM `qm_users` WHERE ( id=31629075 ) LIMIT 1   [ RunTime:0.0000s ]
SQL: SELECT `nick` FROM `qm_users` WHERE ( id=31629075 ) LIMIT 1   [ RunTime:0.0000s ]
SQL: SELECT `phone` FROM `qm_users` WHERE ( id=7142963 ) LIMIT 1   [ RunTime:0.0000s ]
SQL: SELECT `nick` FROM `qm_users` WHERE ( id=7142963 ) LIMIT 1   [ RunTime:0.0000s ]
SQL: SELECT `phone` FROM `qm_users` WHERE ( id=31629075 ) LIMIT 1   [ RunTime:0.0000s ]
SQL: SELECT `nick` FROM `qm_users` WHERE ( id=31629075 ) LIMIT 1   [ RunTime:0.0000s ]
INFO: [ view_parse ] --START--
INFO: [ template_filter ] --START--
INFO: Run Behavior\ContentReplaceBehavior [ RunTime:0.000040s ]
INFO: [ template_filter ] --END-- [ RunTime:0.000066s ]
INFO: Run Behavior\ParseTemplateBehavior [ RunTime:0.004434s ]
INFO: [ view_parse ] --END-- [ RunTime:0.004456s ]
INFO: [ view_filter ] --START--
INFO: Run Behavior\WriteHtmlCacheBehavior [ RunTime:0.000124s ]
INFO: [ view_filter ] --END-- [ RunTime:0.000141s ]
INFO: [ app_end ] --START--
INFO: Run Behavior\ShowPageTraceBehavior [ RunTime:0.000355s ]
INFO: [ app_end ] --END-- [ RunTime:0.000375s ]

[ 2018-08-24T17:12:09+08:00 ] 58.246.221.74 /index.php/Zcity/Mgt/sxgls
INFO: [ app_init ] --START--
INFO: Run Behavior\BuildLiteBehavior [ RunTime:0.000009s ]
INFO: [ app_init ] --END-- [ RunTime:0.000231s ]
INFO: [ app_begin ] --START--
INFO: Run Behavior\ReadHtmlCacheBehavior [ RunTime:0.000314s ]
INFO: [ app_begin ] --END-- [ RunTime:0.000336s ]
SQL: SHOW COLUMNS FROM `qm_cityadmin` [ RunTime:0.0006s ]
SQL: SELECT `city` FROM `qm_cityadmin` WHERE `id` = 1 LIMIT 1   [ RunTime:0.0001s ]
SQL: SHOW COLUMNS FROM `qm_sx` [ RunTime:0.0004s ]
SQL: SELECT COUNT(*) AS tp_Count FROM `qm_sx` INNER JOIN qm_users on qm_sx.uid = qm_users.id   WHERE ( qm_users.city='潍坊市' ) LIMIT 1   [ RunTime:0.0000s ]
SQL: SELECT * FROM `qm_sx` INNER JOIN qm_users on qm_sx.uid = qm_users.id   WHERE ( qm_users.city='潍坊市' ) ORDER BY qm_sx.id desc LIMIT 0,7   [ RunTime:0.0001s ]
SQL: SHOW COLUMNS FROM `qm_users` [ RunTime:0.0006s ]
SQL: SELECT `phone` FROM `qm_users` WHERE ( id=31629075 ) LIMIT 1   [ RunTime:0.0000s ]
SQL: SELECT `nick` FROM `qm_users` WHERE ( id=31629075 ) LIMIT 1   [ RunTime:0.0000s ]
SQL: SELECT `phone` FROM `qm_users` WHERE ( id=7142963 ) LIMIT 1   [ RunTime:0.0000s ]
SQL: SELECT `nick` FROM `qm_users` WHERE ( id=7142963 ) LIMIT 1   [ RunTime:0.0000s ]
SQL: SELECT `phone` FROM `qm_users` WHERE ( id=757781 ) LIMIT 1   [ RunTime:0.0000s ]
SQL: SELECT `nick` FROM `qm_users` WHERE ( id=757781 ) LIMIT 1   [ RunTime:0.0001s ]
SQL: SELECT `phone` FROM `qm_users` WHERE ( id=9516834 ) LIMIT 1   [ RunTime:0.0000s ]
SQL: SELECT `nick` FROM `qm_users` WHERE ( id=9516834 ) LIMIT 1   [ RunTime:0.0000s ]
SQL: SELECT `phone` FROM `qm_users` WHERE ( id=31629075 ) LIMIT 1   [ RunTime:0.0000s ]
SQL: SELECT `nick` FROM `qm_users` WHERE ( id=31629075 ) LIMIT 1   [ RunTime:0.0000s ]
SQL: SELECT `phone` FROM `qm_users` WHERE ( id=7142963 ) LIMIT 1   [ RunTime:0.0000s ]
SQL: SELECT `nick` FROM `qm_users` WHERE ( id=7142963 ) LIMIT 1   [ RunTime:0.0000s ]
SQL: SELECT `phone` FROM `qm_users` WHERE ( id=31629075 ) LIMIT 1   [ RunTime:0.0000s ]
SQL: SELECT `nick` FROM `qm_users` WHERE ( id=31629075 ) LIMIT 1   [ RunTime:0.0000s ]
INFO: [ view_parse ] --START--
INFO: [ template_filter ] --START--
INFO: Run Behavior\ContentReplaceBehavior [ RunTime:0.000040s ]
INFO: [ template_filter ] --END-- [ RunTime:0.000082s ]
INFO: Run Behavior\ParseTemplateBehavior [ RunTime:0.004565s ]
INFO: [ view_parse ] --END-- [ RunTime:0.004589s ]
INFO: [ view_filter ] --START--
INFO: Run Behavior\WriteHtmlCacheBehavior [ RunTime:0.000102s ]
INFO: [ view_filter ] --END-- [ RunTime:0.000118s ]
INFO: [ app_end ] --START--
INFO: Run Behavior\ShowPageTraceBehavior [ RunTime:0.000426s ]
INFO: [ app_end ] --END-- [ RunTime:0.000447s ]

[ 2018-08-24T17:12:16+08:00 ] 58.246.221.74 /index.php/Zcity/Mgt/vip
INFO: [ app_init ] --START--
INFO: Run Behavior\BuildLiteBehavior [ RunTime:0.000010s ]
INFO: [ app_init ] --END-- [ RunTime:0.000266s ]
INFO: [ app_begin ] --START--
INFO: Run Behavior\ReadHtmlCacheBehavior [ RunTime:0.000319s ]
INFO: [ app_begin ] --END-- [ RunTime:0.000342s ]
SQL: SHOW COLUMNS FROM `qm_cityadmin` [ RunTime:0.0007s ]
SQL: SELECT `city` FROM `qm_cityadmin` WHERE `id` = 1 LIMIT 1   [ RunTime:0.0001s ]
SQL: SHOW COLUMNS FROM `qm_users` [ RunTime:0.0005s ]
SQL: SELECT COUNT(*) AS tp_Count FROM `qm_users` WHERE ( city="潍坊市" ) LIMIT 1   [ RunTime:0.0005s ]
SQL: SELECT * FROM `qm_users` WHERE ( city="潍坊市" ) ORDER BY grade desc LIMIT 0,7   [ RunTime:0.0006s ]
SQL: SELECT `phone` FROM `qm_users` WHERE ( id=35124876 ) LIMIT 1   [ RunTime:0.0000s ]
SQL: SELECT `phone` FROM `qm_users` WHERE ( id=98154072 ) LIMIT 1   [ RunTime:0.0001s ]
SQL: SELECT `phone` FROM `qm_users` WHERE ( id=676177 ) LIMIT 1   [ RunTime:0.0000s ]
SQL: SELECT `phone` FROM `qm_users` WHERE ( id=676177 ) LIMIT 1   [ RunTime:0.0000s ]
INFO: [ view_parse ] --START--
INFO: [ template_filter ] --START--
INFO: Run Behavior\ContentReplaceBehavior [ RunTime:0.000046s ]
INFO: [ template_filter ] --END-- [ RunTime:0.000074s ]
INFO: Run Behavior\ParseTemplateBehavior [ RunTime:0.005027s ]
INFO: [ view_parse ] --END-- [ RunTime:0.005050s ]
INFO: [ view_filter ] --START--
INFO: Run Behavior\WriteHtmlCacheBehavior [ RunTime:0.000100s ]
INFO: [ view_filter ] --END-- [ RunTime:0.000115s ]
INFO: [ app_end ] --START--
INFO: Run Behavior\ShowPageTraceBehavior [ RunTime:0.000395s ]
INFO: [ app_end ] --END-- [ RunTime:0.000415s ]

[ 2018-08-24T17:12:23+08:00 ] 58.246.221.74 /index.php/Zcity/Mgt/baodangl
INFO: [ app_init ] --START--
INFO: Run Behavior\BuildLiteBehavior [ RunTime:0.000009s ]
INFO: [ app_init ] --END-- [ RunTime:0.000175s ]
INFO: [ app_begin ] --START--
INFO: Run Behavior\ReadHtmlCacheBehavior [ RunTime:0.000218s ]
INFO: [ app_begin ] --END-- [ RunTime:0.000247s ]
SQL: SHOW COLUMNS FROM `qm_cityadmin` [ RunTime:0.0005s ]
SQL: SELECT `city` FROM `qm_cityadmin` WHERE `id` = 1 LIMIT 1   [ RunTime:0.0001s ]
SQL: SHOW COLUMNS FROM `qm_baodan` [ RunTime:0.0005s ]
SQL: SELECT COUNT(*) AS tp_Count FROM `qm_baodan` WHERE ( (city like '%潍坊%') ) LIMIT 1   [ RunTime:0.0004s ]
SQL: SELECT * FROM `qm_baodan` WHERE ( (city like '%潍坊%') ) LIMIT 0,7   [ RunTime:0.0004s ]
INFO: [ view_parse ] --START--
INFO: [ template_filter ] --START--
INFO: Run Behavior\ContentReplaceBehavior [ RunTime:0.000038s ]
INFO: [ template_filter ] --END-- [ RunTime:0.000069s ]
INFO: Run Behavior\ParseTemplateBehavior [ RunTime:0.004271s ]
INFO: [ view_parse ] --END-- [ RunTime:0.004295s ]
INFO: [ view_filter ] --START--
INFO: Run Behavior\WriteHtmlCacheBehavior [ RunTime:0.000108s ]
INFO: [ view_filter ] --END-- [ RunTime:0.000125s ]
INFO: [ app_end ] --START--
INFO: Run Behavior\ShowPageTraceBehavior [ RunTime:0.000395s ]
INFO: [ app_end ] --END-- [ RunTime:0.000416s ]

[ 2018-08-24T17:13:17+08:00 ] 61.129.6.78 /index.php/Zcity/Mgt/dkzxsp
INFO: [ app_init ] --START--
INFO: Run Behavior\BuildLiteBehavior [ RunTime:0.000009s ]
INFO: [ app_init ] --END-- [ RunTime:0.000229s ]
INFO: [ app_begin ] --START--
INFO: Run Behavior\ReadHtmlCacheBehavior [ RunTime:0.000275s ]
INFO: [ app_begin ] --END-- [ RunTime:0.000299s ]
SQL: SHOW COLUMNS FROM `qm_cityadmin` [ RunTime:0.0006s ]
SQL: SELECT `city` FROM `qm_cityadmin` WHERE `id` = 1 LIMIT 1   [ RunTime:0.0000s ]
SQL: SHOW COLUMNS FROM `qm_axf` [ RunTime:0.0004s ]
SQL: SELECT COUNT(*) AS tp_Count FROM `qm_axf` INNER JOIN qm_jilu on qm_axf.id = qm_jilu.axfid INNER JOIN qm_users on qm_axf.uid = qm_users.id   WHERE ( qm_users.city='潍坊市' ) LIMIT 1   [ RunTime:0.0004s ]
SQL: SELECT * FROM `qm_axf` INNER JOIN qm_jilu on qm_axf.id = qm_jilu.axfid INNER JOIN qm_users on qm_axf.uid = qm_users.id   WHERE ( qm_users.city='潍坊市' ) ORDER BY qm_jilu.axfid desc LIMIT 0,7   [ RunTime:0.0004s ]
INFO: [ view_parse ] --START--
INFO: [ template_filter ] --START--
INFO: Run Behavior\ContentReplaceBehavior [ RunTime:0.000049s ]
INFO: [ template_filter ] --END-- [ RunTime:0.000075s ]
INFO: Run Behavior\ParseTemplateBehavior [ RunTime:0.005243s ]
INFO: [ view_parse ] --END-- [ RunTime:0.005265s ]
INFO: [ view_filter ] --START--
INFO: Run Behavior\WriteHtmlCacheBehavior [ RunTime:0.000191s ]
INFO: [ view_filter ] --END-- [ RunTime:0.000209s ]
INFO: [ app_end ] --START--
INFO: Run Behavior\ShowPageTraceBehavior [ RunTime:0.000390s ]
INFO: [ app_end ] --END-- [ RunTime:0.000411s ]

[ 2018-08-24T17:13:35+08:00 ] 58.246.221.74 /index.php/Zcity/Mgt/sodel.html
INFO: [ app_init ] --START--
INFO: Run Behavior\BuildLiteBehavior [ RunTime:0.000010s ]
INFO: [ app_init ] --END-- [ RunTime:0.000252s ]
INFO: [ app_begin ] --START--
INFO: Run Behavior\ReadHtmlCacheBehavior [ RunTime:0.000340s ]
INFO: [ app_begin ] --END-- [ RunTime:0.000364s ]
ERR: 非法操作:sodel

[ 2018-08-24T17:13:35+08:00 ] 58.246.221.74 /index.php/Zcity/Mgt/dkzxbd
INFO: [ app_init ] --START--
INFO: Run Behavior\BuildLiteBehavior [ RunTime:0.000010s ]
INFO: [ app_init ] --END-- [ RunTime:0.000222s ]
INFO: [ app_begin ] --START--
INFO: Run Behavior\ReadHtmlCacheBehavior [ RunTime:0.000303s ]
INFO: [ app_begin ] --END-- [ RunTime:0.000322s ]
SQL: SHOW COLUMNS FROM `qm_cityadmin` [ RunTime:0.0004s ]
SQL: SELECT `city` FROM `qm_cityadmin` WHERE `id` = 1 LIMIT 1   [ RunTime:0.0000s ]
SQL: SHOW COLUMNS FROM `qm_bd` [ RunTime:0.0003s ]
SQL: SELECT COUNT(*) AS tp_Count FROM `qm_bd` INNER JOIN qm_jilu on qm_bd.id = qm_jilu.bdid INNER JOIN qm_users on qm_bd.uid = qm_users.id   WHERE ( qm_users.city='潍坊市' ) LIMIT 1   [ RunTime:0.0003s ]
SQL: SELECT * FROM `qm_bd` INNER JOIN qm_jilu on qm_bd.id = qm_jilu.bdid INNER JOIN qm_users on qm_bd.uid = qm_users.id   WHERE ( qm_users.city='潍坊市' ) ORDER BY qm_jilu.bdid desc LIMIT 0,7   [ RunTime:0.0003s ]
SQL: SELECT `zx` FROM `qm_bd` WHERE ( id=11 ) LIMIT 1   [ RunTime:0.0000s ]
INFO: [ view_parse ] --START--
INFO: [ template_filter ] --START--
INFO: Run Behavior\ContentReplaceBehavior [ RunTime:0.000038s ]
INFO: [ template_filter ] --END-- [ RunTime:0.000058s ]
INFO: Run Behavior\ParseTemplateBehavior [ RunTime:0.003740s ]
INFO: [ view_parse ] --END-- [ RunTime:0.003757s ]
INFO: [ view_filter ] --START--
INFO: Run Behavior\WriteHtmlCacheBehavior [ RunTime:0.000076s ]
INFO: [ view_filter ] --END-- [ RunTime:0.000088s ]
INFO: [ app_end ] --START--
INFO: Run Behavior\ShowPageTraceBehavior [ RunTime:0.000268s ]
INFO: [ app_end ] --END-- [ RunTime:0.000283s ]

[ 2018-08-24T17:13:36+08:00 ] 58.246.221.74 /index.php/Zcity/Mgt/dkzxbd
INFO: [ app_init ] --START--
INFO: Run Behavior\BuildLiteBehavior [ RunTime:0.000008s ]
INFO: [ app_init ] --END-- [ RunTime:0.000165s ]
INFO: [ app_begin ] --START--
INFO: Run Behavior\ReadHtmlCacheBehavior [ RunTime:0.000232s ]
INFO: [ app_begin ] --END-- [ RunTime:0.000248s ]
SQL: SHOW COLUMNS FROM `qm_cityadmin` [ RunTime:0.0004s ]
SQL: SELECT `city` FROM `qm_cityadmin` WHERE `id` = 1 LIMIT 1   [ RunTime:0.0001s ]
SQL: SHOW COLUMNS FROM `qm_bd` [ RunTime:0.0003s ]
SQL: SELECT COUNT(*) AS tp_Count FROM `qm_bd` INNER JOIN qm_jilu on qm_bd.id = qm_jilu.bdid INNER JOIN qm_users on qm_bd.uid = qm_users.id   WHERE ( qm_users.city='潍坊市' ) LIMIT 1   [ RunTime:0.0000s ]
SQL: SELECT * FROM `qm_bd` INNER JOIN qm_jilu on qm_bd.id = qm_jilu.bdid INNER JOIN qm_users on qm_bd.uid = qm_users.id   WHERE ( qm_users.city='潍坊市' ) ORDER BY qm_jilu.bdid desc LIMIT 0,7   [ RunTime:0.0001s ]
SQL: SELECT `zx` FROM `qm_bd` WHERE ( id=11 ) LIMIT 1   [ RunTime:0.0000s ]
INFO: [ view_parse ] --START--
INFO: [ template_filter ] --START--
INFO: Run Behavior\ContentReplaceBehavior [ RunTime:0.000039s ]
INFO: [ template_filter ] --END-- [ RunTime:0.000057s ]
INFO: Run Behavior\ParseTemplateBehavior [ RunTime:0.003470s ]
INFO: [ view_parse ] --END-- [ RunTime:0.003487s ]
INFO: [ view_filter ] --START--
INFO: Run Behavior\WriteHtmlCacheBehavior [ RunTime:0.000086s ]
INFO: [ view_filter ] --END-- [ RunTime:0.000097s ]
INFO: [ app_end ] --START--
INFO: Run Behavior\ShowPageTraceBehavior [ RunTime:0.000297s ]
INFO: [ app_end ] --END-- [ RunTime:0.000312s ]

[ 2018-08-24T17:13:36+08:00 ] 58.246.221.74 /index.php/Zcity/Mgt/sodel.html
INFO: [ app_init ] --START--
INFO: Run Behavior\BuildLiteBehavior [ RunTime:0.000012s ]
INFO: [ app_init ] --END-- [ RunTime:0.000184s ]
INFO: [ app_begin ] --START--
INFO: Run Behavior\ReadHtmlCacheBehavior [ RunTime:0.000219s ]
INFO: [ app_begin ] --END-- [ RunTime:0.000239s ]
ERR: 非法操作:sodel

[ 2018-08-24T17:13:36+08:00 ] 58.246.221.74 /index.php/Zcity/Mgt/dkzxbd
INFO: [ app_init ] --START--
INFO: Run Behavior\BuildLiteBehavior [ RunTime:0.000008s ]
INFO: [ app_init ] --END-- [ RunTime:0.000276s ]
INFO: [ app_begin ] --START--
INFO: Run Behavior\ReadHtmlCacheBehavior [ RunTime:0.000335s ]
INFO: [ app_begin ] --END-- [ RunTime:0.000356s ]
SQL: SHOW COLUMNS FROM `qm_cityadmin` [ RunTime:0.0006s ]
SQL: SELECT `city` FROM `qm_cityadmin` WHERE `id` = 1 LIMIT 1   [ RunTime:0.0001s ]
SQL: SHOW COLUMNS FROM `qm_bd` [ RunTime:0.0005s ]
SQL: SELECT COUNT(*) AS tp_Count FROM `qm_bd` INNER JOIN qm_jilu on qm_bd.id = qm_jilu.bdid INNER JOIN qm_users on qm_bd.uid = qm_users.id   WHERE ( qm_users.city='潍坊市' ) LIMIT 1   [ RunTime:0.0001s ]
SQL: SELECT * FROM `qm_bd` INNER JOIN qm_jilu on qm_bd.id = qm_jilu.bdid INNER JOIN qm_users on qm_bd.uid = qm_users.id   WHERE ( qm_users.city='潍坊市' ) ORDER BY qm_jilu.bdid desc LIMIT 0,7   [ RunTime:0.0002s ]
SQL: SELECT `zx` FROM `qm_bd` WHERE ( id=11 ) LIMIT 1   [ RunTime:0.0001s ]
INFO: [ view_parse ] --START--
INFO: [ template_filter ] --START--
INFO: Run Behavior\ContentReplaceBehavior [ RunTime:0.000049s ]
INFO: [ template_filter ] --END-- [ RunTime:0.000077s ]
INFO: Run Behavior\ParseTemplateBehavior [ RunTime:0.004896s ]
INFO: [ view_parse ] --END-- [ RunTime:0.004919s ]
INFO: [ view_filter ] --START--
INFO: Run Behavior\WriteHtmlCacheBehavior [ RunTime:0.000100s ]
INFO: [ view_filter ] --END-- [ RunTime:0.000116s ]
INFO: [ app_end ] --START--
INFO: Run Behavior\ShowPageTraceBehavior [ RunTime:0.000362s ]
INFO: [ app_end ] --END-- [ RunTime:0.000388s ]

[ 2018-08-24T17:13:37+08:00 ] 58.246.221.74 /index.php/Zcity/Mgt/dkzxdk
INFO: [ app_init ] --START--
INFO: Run Behavior\BuildLiteBehavior [ RunTime:0.000011s ]
INFO: [ app_init ] --END-- [ RunTime:0.000270s ]
INFO: [ app_begin ] --START--
INFO: Run Behavior\ReadHtmlCacheBehavior [ RunTime:0.000326s ]
INFO: [ app_begin ] --END-- [ RunTime:0.000350s ]
SQL: SHOW COLUMNS FROM `qm_cityadmin` [ RunTime:0.0006s ]
SQL: SELECT `city` FROM `qm_cityadmin` WHERE `id` = 1 LIMIT 1   [ RunTime:0.0001s ]
SQL: SHOW COLUMNS FROM `qm_dkgj` [ RunTime:0.0007s ]
SQL: SELECT COUNT(*) AS tp_Count FROM `qm_dkgj` INNER JOIN qm_jilu on qm_dkgj.id = qm_jilu.dkid INNER JOIN qm_users on qm_dkgj.uid = qm_users.id   WHERE ( qm_users.city='潍坊市' ) LIMIT 1   [ RunTime:0.0003s ]
SQL: SELECT * FROM `qm_dkgj` INNER JOIN qm_jilu on qm_dkgj.id = qm_jilu.dkid INNER JOIN qm_users on qm_dkgj.uid = qm_users.id   WHERE ( qm_users.city='潍坊市' ) ORDER BY qm_jilu.dkid desc LIMIT 0,7   [ RunTime:0.0006s ]
SQL: SELECT `zx` FROM `qm_dkgj` WHERE ( id=8 ) LIMIT 1   [ RunTime:0.0001s ]
INFO: [ view_parse ] --START--
INFO: [ template_filter ] --START--
INFO: Run Behavior\ContentReplaceBehavior [ RunTime:0.000052s ]
INFO: [ template_filter ] --END-- [ RunTime:0.000079s ]
INFO: Run Behavior\ParseTemplateBehavior [ RunTime:0.004971s ]
INFO: [ view_parse ] --END-- [ RunTime:0.004995s ]
INFO: [ view_filter ] --START--
INFO: Run Behavior\WriteHtmlCacheBehavior [ RunTime:0.000107s ]
INFO: [ view_filter ] --END-- [ RunTime:0.000126s ]
INFO: [ app_end ] --START--
INFO: Run Behavior\ShowPageTraceBehavior [ RunTime:0.000381s ]
INFO: [ app_end ] --END-- [ RunTime:0.000402s ]

[ 2018-08-24T17:13:38+08:00 ] 58.246.221.74 /index.php/Zcity/Mgt/dkzxsp
INFO: [ app_init ] --START--
INFO: Run Behavior\BuildLiteBehavior [ RunTime:0.000011s ]
INFO: [ app_init ] --END-- [ RunTime:0.000258s ]
INFO: [ app_begin ] --START--
INFO: Run Behavior\ReadHtmlCacheBehavior [ RunTime:0.000315s ]
INFO: [ app_begin ] --END-- [ RunTime:0.000337s ]
SQL: SHOW COLUMNS FROM `qm_cityadmin` [ RunTime:0.0006s ]
SQL: SELECT `city` FROM `qm_cityadmin` WHERE `id` = 1 LIMIT 1   [ RunTime:0.0001s ]
SQL: SHOW COLUMNS FROM `qm_axf` [ RunTime:0.0004s ]
SQL: SELECT COUNT(*) AS tp_Count FROM `qm_axf` INNER JOIN qm_jilu on qm_axf.id = qm_jilu.axfid INNER JOIN qm_users on qm_axf.uid = qm_users.id   WHERE ( qm_users.city='潍坊市' ) LIMIT 1   [ RunTime:0.0001s ]
SQL: SELECT * FROM `qm_axf` INNER JOIN qm_jilu on qm_axf.id = qm_jilu.axfid INNER JOIN qm_users on qm_axf.uid = qm_users.id   WHERE ( qm_users.city='潍坊市' ) ORDER BY qm_jilu.axfid desc LIMIT 0,7   [ RunTime:0.0001s ]
INFO: [ view_parse ] --START--
INFO: [ template_filter ] --START--
INFO: Run Behavior\ContentReplaceBehavior [ RunTime:0.000050s ]
INFO: [ template_filter ] --END-- [ RunTime:0.000075s ]
INFO: Run Behavior\ParseTemplateBehavior [ RunTime:0.005232s ]
INFO: [ view_parse ] --END-- [ RunTime:0.005255s ]
INFO: [ view_filter ] --START--
INFO: Run Behavior\WriteHtmlCacheBehavior [ RunTime:0.000110s ]
INFO: [ view_filter ] --END-- [ RunTime:0.000126s ]
INFO: [ app_end ] --START--
INFO: Run Behavior\ShowPageTraceBehavior [ RunTime:0.000395s ]
INFO: [ app_end ] --END-- [ RunTime:0.000414s ]

[ 2018-08-24T17:13:39+08:00 ] 58.246.221.74 /index.php/Zcity/Mgt/sodel.html
INFO: [ app_init ] --START--
INFO: Run Behavior\BuildLiteBehavior [ RunTime:0.000007s ]
INFO: [ app_init ] --END-- [ RunTime:0.000211s ]
INFO: [ app_begin ] --START--
INFO: Run Behavior\ReadHtmlCacheBehavior [ RunTime:0.000220s ]
INFO: [ app_begin ] --END-- [ RunTime:0.000235s ]
ERR: 非法操作:sodel

[ 2018-08-24T17:22:44+08:00 ] 61.129.6.78 /index.php/Zcity/Login/checklogin
INFO: [ app_init ] --START--
INFO: Run Behavior\BuildLiteBehavior [ RunTime:0.000010s ]
INFO: [ app_init ] --END-- [ RunTime:0.000247s ]
INFO: [ app_begin ] --START--
INFO: Run Behavior\ReadHtmlCacheBehavior [ RunTime:0.000419s ]
INFO: [ app_begin ] --END-- [ RunTime:0.000442s ]
SQL: SHOW COLUMNS FROM `qm_cityadmin` [ RunTime:0.0005s ]
SQL: SELECT * FROM `qm_cityadmin` WHERE ( username='weifang' AND password='123456' ) LIMIT 1   [ RunTime:0.0001s ]
INFO: [ view_parse ] --START--
INFO: [ template_filter ] --START--
INFO: Run Behavior\ContentReplaceBehavior [ RunTime:0.000026s ]
INFO: [ template_filter ] --END-- [ RunTime:0.000057s ]
INFO: Run Behavior\ParseTemplateBehavior [ RunTime:0.003990s ]
INFO: [ view_parse ] --END-- [ RunTime:0.004014s ]
INFO: [ view_filter ] --START--
INFO: Run Behavior\WriteHtmlCacheBehavior [ RunTime:0.000109s ]
INFO: [ view_filter ] --END-- [ RunTime:0.000124s ]
INFO: [ app_end ] --START--
INFO: Run Behavior\ShowPageTraceBehavior [ RunTime:0.000370s ]
INFO: [ app_end ] --END-- [ RunTime:0.000390s ]

[ 2018-08-24T17:22:48+08:00 ] 61.129.6.75 /index.php/Zcity/Index/index.html
INFO: [ app_init ] --START--
INFO: Run Behavior\BuildLiteBehavior [ RunTime:0.000011s ]
INFO: [ app_init ] --END-- [ RunTime:0.000288s ]
INFO: [ app_begin ] --START--
INFO: Run Behavior\ReadHtmlCacheBehavior [ RunTime:0.000420s ]
INFO: [ app_begin ] --END-- [ RunTime:0.000486s ]
SQL: SHOW COLUMNS FROM `qm_cityadmin` [ RunTime:0.0006s ]
SQL: SELECT `role_id` FROM `qm_cityadmin` WHERE `id` = 1 LIMIT 1   [ RunTime:0.0001s ]
SQL: SHOW COLUMNS FROM `qm_role_right` [ RunTime:0.0003s ]
SQL: SELECT `right_id` FROM `qm_role_right` WHERE ( role_id='4' )  [ RunTime:0.0001s ]
SQL: SHOW COLUMNS FROM `qm_right` [ RunTime:0.0004s ]
SQL: SELECT * FROM `qm_right` WHERE ( id in ('30','7','8','9','10','29','14','23','28') and parent_id=0 )  [ RunTime:0.0001s ]
SQL: SELECT * FROM `qm_right` WHERE ( id in ('30','7','8','9','10','29','14','23','28') and parent_id>0 )  [ RunTime:0.0001s ]
INFO: [ view_parse ] --START--
INFO: [ template_filter ] --START--
INFO: Run Behavior\ContentReplaceBehavior [ RunTime:0.000086s ]
INFO: [ template_filter ] --END-- [ RunTime:0.000113s ]
INFO: Run Behavior\ParseTemplateBehavior [ RunTime:0.005300s ]
INFO: [ view_parse ] --END-- [ RunTime:0.005323s ]
INFO: [ view_filter ] --START--
INFO: Run Behavior\WriteHtmlCacheBehavior [ RunTime:0.000108s ]
INFO: [ view_filter ] --END-- [ RunTime:0.000125s ]
INFO: [ app_end ] --START--
INFO: Run Behavior\ShowPageTraceBehavior [ RunTime:0.000354s ]
INFO: [ app_end ] --END-- [ RunTime:0.000374s ]

[ 2018-08-24T17:22:49+08:00 ] 61.129.6.78 /index.php/Zcity/Index/img/icon/baidu.png
INFO: [ app_init ] --START--
INFO: Run Behavior\BuildLiteBehavior [ RunTime:0.000008s ]
INFO: [ app_init ] --END-- [ RunTime:0.000203s ]

[ 2018-08-24T17:22:49+08:00 ] 58.246.221.74 /index.php/Zcity/Index/img/presentation/1.png
INFO: [ app_init ] --START--
INFO: Run Behavior\BuildLiteBehavior [ RunTime:0.000010s ]
INFO: [ app_init ] --END-- [ RunTime:0.000185s ]

[ 2018-08-24T17:22:56+08:00 ] 61.129.6.78 /index.php/Zcity/Mgt/vip
INFO: [ app_init ] --START--
INFO: Run Behavior\BuildLiteBehavior [ RunTime:0.000009s ]
INFO: [ app_init ] --END-- [ RunTime:0.000278s ]
INFO: [ app_begin ] --START--
INFO: Run Behavior\ReadHtmlCacheBehavior [ RunTime:0.000330s ]
INFO: [ app_begin ] --END-- [ RunTime:0.000353s ]
SQL: SHOW COLUMNS FROM `qm_cityadmin` [ RunTime:0.0063s ]
SQL: SELECT `city` FROM `qm_cityadmin` WHERE `id` = 1 LIMIT 1   [ RunTime:0.0001s ]
SQL: SHOW COLUMNS FROM `qm_users` [ RunTime:0.0005s ]
SQL: SELECT COUNT(*) AS tp_Count FROM `qm_users` WHERE ( city="潍坊市" ) LIMIT 1   [ RunTime:0.0005s ]
SQL: SELECT * FROM `qm_users` WHERE ( city="潍坊市" ) ORDER BY grade desc LIMIT 0,7   [ RunTime:0.0005s ]
SQL: SELECT `phone` FROM `qm_users` WHERE ( id=35124876 ) LIMIT 1   [ RunTime:0.0001s ]
SQL: SELECT `phone` FROM `qm_users` WHERE ( id=98154072 ) LIMIT 1   [ RunTime:0.0001s ]
SQL: SELECT `phone` FROM `qm_users` WHERE ( id=676177 ) LIMIT 1   [ RunTime:0.0000s ]
SQL: SELECT `phone` FROM `qm_users` WHERE ( id=676177 ) LIMIT 1   [ RunTime:0.0000s ]
INFO: [ view_parse ] --START--
INFO: [ template_filter ] --START--
INFO: Run Behavior\ContentReplaceBehavior [ RunTime:0.000054s ]
INFO: [ template_filter ] --END-- [ RunTime:0.000081s ]
INFO: Run Behavior\ParseTemplateBehavior [ RunTime:0.003764s ]
INFO: [ view_parse ] --END-- [ RunTime:0.003782s ]
INFO: [ view_filter ] --START--
INFO: Run Behavior\WriteHtmlCacheBehavior [ RunTime:0.000089s ]
INFO: [ view_filter ] --END-- [ RunTime:0.000102s ]
INFO: [ app_end ] --START--
INFO: Run Behavior\ShowPageTraceBehavior [ RunTime:0.000262s ]
INFO: [ app_end ] --END-- [ RunTime:0.000278s ]

