[ 2018-08-25T10:23:51+08:00 ] 61.129.6.78 /index.php/Zcity/Login/login.html
INFO: [ app_init ] --START--
INFO: Run Behavior\BuildLiteBehavior [ RunTime:0.000007s ]
INFO: [ app_init ] --END-- [ RunTime:0.000166s ]
INFO: [ app_begin ] --START--
INFO: Run Behavior\ReadHtmlCacheBehavior [ RunTime:0.000441s ]
INFO: [ app_begin ] --END-- [ RunTime:0.000483s ]
INFO: [ view_parse ] --START--
INFO: [ template_filter ] --START--
INFO: Run Behavior\ContentReplaceBehavior [ RunTime:0.000064s ]
INFO: [ template_filter ] --END-- [ RunTime:0.000101s ]
INFO: Run Behavior\ParseTemplateBehavior [ RunTime:0.020670s ]
INFO: [ view_parse ] --END-- [ RunTime:0.020718s ]
INFO: [ view_filter ] --START--
INFO: Run Behavior\WriteHtmlCacheBehavior [ RunTime:0.000147s ]
INFO: [ view_filter ] --END-- [ RunTime:0.000165s ]
INFO: [ app_end ] --START--
INFO: Run Behavior\ShowPageTraceBehavior [ RunTime:0.000430s ]
INFO: [ app_end ] --END-- [ RunTime:0.000445s ]

[ 2018-08-25T10:23:51+08:00 ] 61.129.6.75 /index.php/Zcity/Login/css/layui_1.css
INFO: [ app_init ] --START--
INFO: Run Behavior\BuildLiteBehavior [ RunTime:0.000009s ]
INFO: [ app_init ] --END-- [ RunTime:0.000248s ]
INFO: [ app_begin ] --START--
INFO: Run Behavior\ReadHtmlCacheBehavior [ RunTime:0.000329s ]
INFO: [ app_begin ] --END-- [ RunTime:0.000370s ]
ERR: 非法操作:css

[ 2018-08-25T10:23:51+08:00 ] 61.129.6.77 /index.php/Zcity/Login/css/layui_1.css
INFO: [ app_init ] --START--
INFO: Run Behavior\BuildLiteBehavior [ RunTime:0.000011s ]
INFO: [ app_init ] --END-- [ RunTime:0.000257s ]
INFO: [ app_begin ] --START--
INFO: Run Behavior\ReadHtmlCacheBehavior [ RunTime:0.000347s ]
INFO: [ app_begin ] --END-- [ RunTime:0.000373s ]
ERR: 非法操作:css

[ 2018-08-25T10:24:09+08:00 ] 61.129.6.78 /index.php/Zcity/Login/checklogin
INFO: [ app_init ] --START--
INFO: Run Behavior\BuildLiteBehavior [ RunTime:0.000007s ]
INFO: [ app_init ] --END-- [ RunTime:0.000198s ]
INFO: [ app_begin ] --START--
INFO: Run Behavior\ReadHtmlCacheBehavior [ RunTime:0.000236s ]
INFO: [ app_begin ] --END-- [ RunTime:0.000258s ]
SQL: SHOW COLUMNS FROM `qm_cityadmin` [ RunTime:0.0005s ]
SQL: SELECT * FROM `qm_cityadmin` WHERE ( username='weifang' AND password='123456' ) LIMIT 1   [ RunTime:0.0001s ]
INFO: [ view_parse ] --START--
INFO: [ template_filter ] --START--
INFO: Run Behavior\ContentReplaceBehavior [ RunTime:0.000019s ]
INFO: [ template_filter ] --END-- [ RunTime:0.000037s ]
INFO: Run Behavior\ParseTemplateBehavior [ RunTime:0.013786s ]
INFO: [ view_parse ] --END-- [ RunTime:0.013832s ]
INFO: [ view_filter ] --START--
INFO: Run Behavior\WriteHtmlCacheBehavior [ RunTime:0.000143s ]
INFO: [ view_filter ] --END-- [ RunTime:0.000160s ]
INFO: [ app_end ] --START--
INFO: Run Behavior\ShowPageTraceBehavior [ RunTime:0.000395s ]
INFO: [ app_end ] --END-- [ RunTime:0.000419s ]

[ 2018-08-25T10:24:13+08:00 ] 61.129.6.78 /index.php/Zcity/Index/index.html
INFO: [ app_init ] --START--
INFO: Run Behavior\BuildLiteBehavior [ RunTime:0.000010s ]
INFO: [ app_init ] --END-- [ RunTime:0.000270s ]
INFO: [ app_begin ] --START--
INFO: Run Behavior\ReadHtmlCacheBehavior [ RunTime:0.000280s ]
INFO: [ app_begin ] --END-- [ RunTime:0.000301s ]
SQL: SHOW COLUMNS FROM `qm_cityadmin` [ RunTime:0.0006s ]
SQL: SELECT `role_id` FROM `qm_cityadmin` WHERE `id` = 1 LIMIT 1   [ RunTime:0.0001s ]
SQL: SHOW COLUMNS FROM `qm_role_right` [ RunTime:0.0004s ]
SQL: SELECT `right_id` FROM `qm_role_right` WHERE ( role_id='4' )  [ RunTime:0.0001s ]
SQL: SHOW COLUMNS FROM `qm_right` [ RunTime:0.0004s ]
SQL: SELECT * FROM `qm_right` WHERE ( id in ('30','7','8','9','10','29','14','23','28') and parent_id=0 )  [ RunTime:0.0001s ]
SQL: SELECT * FROM `qm_right` WHERE ( id in ('30','7','8','9','10','29','14','23','28') and parent_id>0 )  [ RunTime:0.0000s ]
INFO: [ view_parse ] --START--
INFO: [ template_filter ] --START--
INFO: Run Behavior\ContentReplaceBehavior [ RunTime:0.000079s ]
INFO: [ template_filter ] --END-- [ RunTime:0.000107s ]
INFO: Run Behavior\ParseTemplateBehavior [ RunTime:0.005025s ]
INFO: [ view_parse ] --END-- [ RunTime:0.005059s ]
INFO: [ view_filter ] --START--
INFO: Run Behavior\WriteHtmlCacheBehavior [ RunTime:0.000078s ]
INFO: [ view_filter ] --END-- [ RunTime:0.000089s ]
INFO: [ app_end ] --START--
INFO: Run Behavior\ShowPageTraceBehavior [ RunTime:0.000307s ]
INFO: [ app_end ] --END-- [ RunTime:0.000329s ]

[ 2018-08-25T10:24:13+08:00 ] 61.129.6.78 /index.php/Zcity/Index/img/icon/baidu.png
INFO: [ app_init ] --START--
INFO: Run Behavior\BuildLiteBehavior [ RunTime:0.000010s ]
INFO: [ app_init ] --END-- [ RunTime:0.000248s ]

[ 2018-08-25T10:24:13+08:00 ] 61.129.6.78 /index.php/Zcity/Index/img/presentation/1.png
INFO: [ app_init ] --START--
INFO: Run Behavior\BuildLiteBehavior [ RunTime:0.000010s ]
INFO: [ app_init ] --END-- [ RunTime:0.000251s ]

[ 2018-08-25T10:24:14+08:00 ] 58.246.221.74 /index.php/Zcity/Index/img/icon/baidu.png
INFO: [ app_init ] --START--
INFO: Run Behavior\BuildLiteBehavior [ RunTime:0.000008s ]
INFO: [ app_init ] --END-- [ RunTime:0.000187s ]

[ 2018-08-25T10:24:19+08:00 ] 58.246.221.74 /index.php/Zcity/Mgt/vip
INFO: [ app_init ] --START--
INFO: Run Behavior\BuildLiteBehavior [ RunTime:0.000008s ]
INFO: [ app_init ] --END-- [ RunTime:0.000205s ]
INFO: [ app_begin ] --START--
INFO: Run Behavior\ReadHtmlCacheBehavior [ RunTime:0.000601s ]
INFO: [ app_begin ] --END-- [ RunTime:0.000622s ]
SQL: SHOW COLUMNS FROM `qm_cityadmin` [ RunTime:0.0005s ]
SQL: SELECT `city` FROM `qm_cityadmin` WHERE `id` = 1 LIMIT 1   [ RunTime:0.0001s ]
SQL: SHOW COLUMNS FROM `qm_users` [ RunTime:0.0004s ]
SQL: SELECT COUNT(*) AS tp_Count FROM `qm_users` WHERE ( city="潍坊市" ) LIMIT 1   [ RunTime:0.0004s ]
SQL: SELECT * FROM `qm_users` WHERE ( city="潍坊市" ) ORDER BY grade desc LIMIT 0,7   [ RunTime:0.0006s ]
SQL: SELECT `phone` FROM `qm_users` WHERE ( id=35124876 ) LIMIT 1   [ RunTime:0.0001s ]
SQL: SELECT `phone` FROM `qm_users` WHERE ( id=98154072 ) LIMIT 1   [ RunTime:0.0001s ]
SQL: SELECT `phone` FROM `qm_users` WHERE ( id=676177 ) LIMIT 1   [ RunTime:0.0000s ]
SQL: SELECT `phone` FROM `qm_users` WHERE ( id=676177 ) LIMIT 1   [ RunTime:0.0000s ]
INFO: [ view_parse ] --START--
INFO: [ template_filter ] --START--
INFO: Run Behavior\ContentReplaceBehavior [ RunTime:0.000037s ]
INFO: [ template_filter ] --END-- [ RunTime:0.000065s ]
INFO: Run Behavior\ParseTemplateBehavior [ RunTime:0.026284s ]
INFO: [ view_parse ] --END-- [ RunTime:0.026303s ]
INFO: [ view_filter ] --START--
INFO: Run Behavior\WriteHtmlCacheBehavior [ RunTime:0.000086s ]
INFO: [ view_filter ] --END-- [ RunTime:0.000101s ]
INFO: [ app_end ] --START--
INFO: Run Behavior\ShowPageTraceBehavior [ RunTime:0.000268s ]
INFO: [ app_end ] --END-- [ RunTime:0.000287s ]

[ 2018-08-25T10:24:38+08:00 ] 61.129.6.78 /index.php/Zcity/Mgt/vip/p/2.html
INFO: [ app_init ] --START--
INFO: Run Behavior\BuildLiteBehavior [ RunTime:0.000011s ]
INFO: [ app_init ] --END-- [ RunTime:0.000444s ]
INFO: [ app_begin ] --START--
INFO: Run Behavior\ReadHtmlCacheBehavior [ RunTime:0.000478s ]
INFO: [ app_begin ] --END-- [ RunTime:0.000511s ]
SQL: SHOW COLUMNS FROM `qm_cityadmin` [ RunTime:0.0007s ]
SQL: SELECT `city` FROM `qm_cityadmin` WHERE `id` = 1 LIMIT 1   [ RunTime:0.0001s ]
SQL: SHOW COLUMNS FROM `qm_users` [ RunTime:0.0007s ]
SQL: SELECT COUNT(*) AS tp_Count FROM `qm_users` WHERE ( city="潍坊市" ) LIMIT 1   [ RunTime:0.0001s ]
SQL: SELECT * FROM `qm_users` WHERE ( city="潍坊市" ) ORDER BY grade desc LIMIT 7,7   [ RunTime:0.0009s ]
SQL: SELECT `phone` FROM `qm_users` WHERE ( id=31629075 ) LIMIT 1   [ RunTime:0.0001s ]
SQL: SELECT `phone` FROM `qm_users` WHERE ( id=31629075 ) LIMIT 1   [ RunTime:0.0001s ]
SQL: SELECT `phone` FROM `qm_users` WHERE ( id=31629075 ) LIMIT 1   [ RunTime:0.0001s ]
SQL: SELECT `phone` FROM `qm_users` WHERE ( id=676177 ) LIMIT 1   [ RunTime:0.0001s ]
SQL: SELECT `phone` FROM `qm_users` WHERE ( id=31629075 ) LIMIT 1   [ RunTime:0.0001s ]
SQL: SELECT `phone` FROM `qm_users` WHERE ( id=58013627 ) LIMIT 1   [ RunTime:0.0001s ]
INFO: [ view_parse ] --START--
INFO: [ template_filter ] --START--
INFO: Run Behavior\ContentReplaceBehavior [ RunTime:0.000057s ]
INFO: [ template_filter ] --END-- [ RunTime:0.000094s ]
INFO: Run Behavior\ParseTemplateBehavior [ RunTime:0.006826s ]
INFO: [ view_parse ] --END-- [ RunTime:0.006854s ]
INFO: [ view_filter ] --START--
INFO: Run Behavior\WriteHtmlCacheBehavior [ RunTime:0.000137s ]
INFO: [ view_filter ] --END-- [ RunTime:0.000165s ]
INFO: [ app_end ] --START--
INFO: Run Behavior\ShowPageTraceBehavior [ RunTime:0.000679s ]
INFO: [ app_end ] --END-- [ RunTime:0.000713s ]

[ 2018-08-25T10:24:41+08:00 ] 58.246.221.74 /index.php/Zcity/Mgt/vip/p/3.html
INFO: [ app_init ] --START--
INFO: Run Behavior\BuildLiteBehavior [ RunTime:0.000010s ]
INFO: [ app_init ] --END-- [ RunTime:0.000222s ]
INFO: [ app_begin ] --START--
INFO: Run Behavior\ReadHtmlCacheBehavior [ RunTime:0.000346s ]
INFO: [ app_begin ] --END-- [ RunTime:0.000369s ]
SQL: SHOW COLUMNS FROM `qm_cityadmin` [ RunTime:0.0005s ]
SQL: SELECT `city` FROM `qm_cityadmin` WHERE `id` = 1 LIMIT 1   [ RunTime:0.0000s ]
SQL: SHOW COLUMNS FROM `qm_users` [ RunTime:0.0004s ]
SQL: SELECT COUNT(*) AS tp_Count FROM `qm_users` WHERE ( city="潍坊市" ) LIMIT 1   [ RunTime:0.0000s ]
SQL: SELECT * FROM `qm_users` WHERE ( city="潍坊市" ) ORDER BY grade desc LIMIT 14,7   [ RunTime:0.0006s ]
INFO: [ view_parse ] --START--
INFO: [ template_filter ] --START--
INFO: Run Behavior\ContentReplaceBehavior [ RunTime:0.000037s ]
INFO: [ template_filter ] --END-- [ RunTime:0.000057s ]
INFO: Run Behavior\ParseTemplateBehavior [ RunTime:0.003946s ]
INFO: [ view_parse ] --END-- [ RunTime:0.003963s ]
INFO: [ view_filter ] --START--
INFO: Run Behavior\WriteHtmlCacheBehavior [ RunTime:0.000082s ]
INFO: [ view_filter ] --END-- [ RunTime:0.000094s ]
INFO: [ app_end ] --START--
INFO: Run Behavior\ShowPageTraceBehavior [ RunTime:0.000308s ]
INFO: [ app_end ] --END-- [ RunTime:0.000323s ]

[ 2018-08-25T10:25:15+08:00 ] 58.246.221.74 /index.php/Zcity/Mgt/dkzx
INFO: [ app_init ] --START--
INFO: Run Behavior\BuildLiteBehavior [ RunTime:0.000007s ]
INFO: [ app_init ] --END-- [ RunTime:0.000184s ]
INFO: [ app_begin ] --START--
INFO: Run Behavior\ReadHtmlCacheBehavior [ RunTime:0.000243s ]
INFO: [ app_begin ] --END-- [ RunTime:0.000262s ]
SQL: SHOW COLUMNS FROM `qm_cityadmin` [ RunTime:0.0004s ]
SQL: SELECT `city` FROM `qm_cityadmin` WHERE `id` = 1 LIMIT 1   [ RunTime:0.0000s ]
SQL: SHOW COLUMNS FROM `qm_yhfy` [ RunTime:0.0004s ]
SQL: SELECT COUNT(*) AS tp_Count FROM `qm_yhfy` INNER JOIN qm_jilu on qm_yhfy.id = qm_jilu.yhfyid  INNER JOIN qm_users on qm_yhfy.uid = qm_users.id   WHERE ( qm_users.city='潍坊市' ) LIMIT 1   [ RunTime:0.0003s ]
SQL: SELECT * FROM `qm_yhfy` INNER JOIN qm_jilu on qm_yhfy.id = qm_jilu.yhfyid  INNER JOIN qm_users on qm_yhfy.uid = qm_users.id   WHERE ( qm_users.city='潍坊市' ) ORDER BY qm_jilu.yhfyid desc LIMIT 0,7   [ RunTime:0.0004s ]
SQL: SELECT `fcz` FROM `qm_yhfy` WHERE ( id=20 ) LIMIT 1   [ RunTime:0.0001s ]
SQL: SELECT `zx` FROM `qm_yhfy` WHERE ( id=20 ) LIMIT 1   [ RunTime:0.0001s ]
SQL: SELECT `fcz` FROM `qm_yhfy` WHERE ( id=18 ) LIMIT 1   [ RunTime:0.0000s ]
SQL: SELECT `zx` FROM `qm_yhfy` WHERE ( id=18 ) LIMIT 1   [ RunTime:0.0000s ]
INFO: [ view_parse ] --START--
INFO: [ template_filter ] --START--
INFO: Run Behavior\ContentReplaceBehavior [ RunTime:0.000040s ]
INFO: [ template_filter ] --END-- [ RunTime:0.000060s ]
INFO: Run Behavior\ParseTemplateBehavior [ RunTime:0.004119s ]
INFO: [ view_parse ] --END-- [ RunTime:0.004141s ]
INFO: [ view_filter ] --START--
INFO: Run Behavior\WriteHtmlCacheBehavior [ RunTime:0.000092s ]
INFO: [ view_filter ] --END-- [ RunTime:0.000106s ]
INFO: [ app_end ] --START--
INFO: Run Behavior\ShowPageTraceBehavior [ RunTime:0.000309s ]
INFO: [ app_end ] --END-- [ RunTime:0.000327s ]

[ 2018-08-25T11:11:48+08:00 ] 112.224.65.228 /index.php/Zcity/Mgt/vip
INFO: [ app_init ] --START--
INFO: Run Behavior\BuildLiteBehavior [ RunTime:0.000007s ]
INFO: [ app_init ] --END-- [ RunTime:0.000179s ]
INFO: [ app_begin ] --START--
INFO: Run Behavior\ReadHtmlCacheBehavior [ RunTime:0.000210s ]
INFO: [ app_begin ] --END-- [ RunTime:0.000228s ]
SQL: SHOW COLUMNS FROM `qm_cityadmin` [ RunTime:0.0005s ]
SQL: SELECT `city` FROM `qm_cityadmin` WHERE `id` = 1 LIMIT 1   [ RunTime:0.0000s ]
SQL: SHOW COLUMNS FROM `qm_users` [ RunTime:0.0003s ]
SQL: SELECT COUNT(*) AS tp_Count FROM `qm_users` WHERE ( city="潍坊市" ) LIMIT 1   [ RunTime:0.0004s ]
SQL: SELECT * FROM `qm_users` WHERE ( city="潍坊市" ) ORDER BY grade desc LIMIT 0,7   [ RunTime:0.0005s ]
SQL: SELECT `phone` FROM `qm_users` WHERE ( id=35124876 ) LIMIT 1   [ RunTime:0.0001s ]
SQL: SELECT `phone` FROM `qm_users` WHERE ( id=98154072 ) LIMIT 1   [ RunTime:0.0001s ]
SQL: SELECT `phone` FROM `qm_users` WHERE ( id=676177 ) LIMIT 1   [ RunTime:0.0000s ]
SQL: SELECT `phone` FROM `qm_users` WHERE ( id=676177 ) LIMIT 1   [ RunTime:0.0000s ]
INFO: [ view_parse ] --START--
INFO: [ template_filter ] --START--
INFO: Run Behavior\ContentReplaceBehavior [ RunTime:0.000036s ]
INFO: [ template_filter ] --END-- [ RunTime:0.000053s ]
INFO: Run Behavior\ParseTemplateBehavior [ RunTime:0.003632s ]
INFO: [ view_parse ] --END-- [ RunTime:0.003652s ]
INFO: [ view_filter ] --START--
INFO: Run Behavior\WriteHtmlCacheBehavior [ RunTime:0.000088s ]
INFO: [ view_filter ] --END-- [ RunTime:0.000102s ]
INFO: [ app_end ] --START--
INFO: Run Behavior\ShowPageTraceBehavior [ RunTime:0.000306s ]
INFO: [ app_end ] --END-- [ RunTime:0.000326s ]

[ 2018-08-25T11:11:53+08:00 ] 112.224.65.228 /index.php/Zcity/Index/index.html1001APP%E7%AE%A1%E7%90%86%E7%B3%BB%E7%BB%9F
INFO: [ app_init ] --START--
INFO: Run Behavior\BuildLiteBehavior [ RunTime:0.000007s ]
INFO: [ app_init ] --END-- [ RunTime:0.000180s ]
INFO: [ app_begin ] --START--
INFO: Run Behavior\ReadHtmlCacheBehavior [ RunTime:0.000220s ]
INFO: [ app_begin ] --END-- [ RunTime:0.000238s ]
ERR: 非法操作:index.html1001APP%E7%AE%A1%E7%90%86%E7%B3%BB%E7%BB%9F

[ 2018-08-25T11:11:53+08:00 ] 112.224.65.228 /index.php/Zcity/Index/index.html1001APP%E7%AE%A1%E7%90%86%E7%B3%BB%E7%BB%9F
INFO: [ app_init ] --START--
INFO: Run Behavior\BuildLiteBehavior [ RunTime:0.000007s ]
INFO: [ app_init ] --END-- [ RunTime:0.000161s ]
INFO: [ app_begin ] --START--
INFO: Run Behavior\ReadHtmlCacheBehavior [ RunTime:0.000240s ]
INFO: [ app_begin ] --END-- [ RunTime:0.000257s ]
ERR: 非法操作:index.html1001APP%E7%AE%A1%E7%90%86%E7%B3%BB%E7%BB%9F

[ 2018-08-25T11:11:54+08:00 ] 112.224.65.228 /index.php/Zcity/Index/index.html1001APP%E7%AE%A1%E7%90%86%E7%B3%BB%E7%BB%9F
INFO: [ app_init ] --START--
INFO: Run Behavior\BuildLiteBehavior [ RunTime:0.000007s ]
INFO: [ app_init ] --END-- [ RunTime:0.000193s ]
INFO: [ app_begin ] --START--
INFO: Run Behavior\ReadHtmlCacheBehavior [ RunTime:0.000227s ]
INFO: [ app_begin ] --END-- [ RunTime:0.000246s ]
ERR: 非法操作:index.html1001APP%E7%AE%A1%E7%90%86%E7%B3%BB%E7%BB%9F

[ 2018-08-25T11:11:54+08:00 ] 112.224.65.228 /index.php/Zcity/Index/index.html1001APP%E7%AE%A1%E7%90%86%E7%B3%BB%E7%BB%9F
INFO: [ app_init ] --START--
INFO: Run Behavior\BuildLiteBehavior [ RunTime:0.000007s ]
INFO: [ app_init ] --END-- [ RunTime:0.000208s ]
INFO: [ app_begin ] --START--
INFO: Run Behavior\ReadHtmlCacheBehavior [ RunTime:0.000341s ]
INFO: [ app_begin ] --END-- [ RunTime:0.000363s ]
ERR: 非法操作:index.html1001APP%E7%AE%A1%E7%90%86%E7%B3%BB%E7%BB%9F

[ 2018-08-25T17:34:47+08:00 ] 61.129.6.78 /index.php/Zcity/Login/login.html
INFO: [ app_init ] --START--
INFO: Run Behavior\BuildLiteBehavior [ RunTime:0.000012s ]
INFO: [ app_init ] --END-- [ RunTime:0.000257s ]
INFO: [ app_begin ] --START--
INFO: Run Behavior\ReadHtmlCacheBehavior [ RunTime:0.000416s ]
INFO: [ app_begin ] --END-- [ RunTime:0.000440s ]
INFO: [ view_parse ] --START--
INFO: [ template_filter ] --START--
INFO: Run Behavior\ContentReplaceBehavior [ RunTime:0.000053s ]
INFO: [ template_filter ] --END-- [ RunTime:0.000081s ]
INFO: Run Behavior\ParseTemplateBehavior [ RunTime:0.003692s ]
INFO: [ view_parse ] --END-- [ RunTime:0.003715s ]
INFO: [ view_filter ] --START--
INFO: Run Behavior\WriteHtmlCacheBehavior [ RunTime:0.000166s ]
INFO: [ view_filter ] --END-- [ RunTime:0.000183s ]
INFO: [ app_end ] --START--
INFO: Run Behavior\ShowPageTraceBehavior [ RunTime:0.000467s ]
INFO: [ app_end ] --END-- [ RunTime:0.000577s ]

[ 2018-08-25T17:34:48+08:00 ] 61.129.6.74 /index.php/Zcity/Login/css/layui_1.css
INFO: [ app_init ] --START--
INFO: Run Behavior\BuildLiteBehavior [ RunTime:0.000010s ]
INFO: [ app_init ] --END-- [ RunTime:0.000235s ]
INFO: [ app_begin ] --START--
INFO: Run Behavior\ReadHtmlCacheBehavior [ RunTime:0.000318s ]
INFO: [ app_begin ] --END-- [ RunTime:0.000339s ]
ERR: 非法操作:css

[ 2018-08-25T17:35:07+08:00 ] 61.129.6.78 /index.php/Zcity/Login/checklogin
INFO: [ app_init ] --START--
INFO: Run Behavior\BuildLiteBehavior [ RunTime:0.000011s ]
INFO: [ app_init ] --END-- [ RunTime:0.000258s ]
INFO: [ app_begin ] --START--
INFO: Run Behavior\ReadHtmlCacheBehavior [ RunTime:0.000347s ]
INFO: [ app_begin ] --END-- [ RunTime:0.000372s ]
SQL: SHOW COLUMNS FROM `qm_cityadmin` [ RunTime:0.0005s ]
SQL: SELECT * FROM `qm_cityadmin` WHERE ( username='weifang' AND password='123456' ) LIMIT 1   [ RunTime:0.0001s ]
INFO: [ view_parse ] --START--
INFO: [ template_filter ] --START--
INFO: Run Behavior\ContentReplaceBehavior [ RunTime:0.000034s ]
INFO: [ template_filter ] --END-- [ RunTime:0.000063s ]
INFO: Run Behavior\ParseTemplateBehavior [ RunTime:0.002839s ]
INFO: [ view_parse ] --END-- [ RunTime:0.002861s ]
INFO: [ view_filter ] --START--
INFO: Run Behavior\WriteHtmlCacheBehavior [ RunTime:0.000103s ]
INFO: [ view_filter ] --END-- [ RunTime:0.000119s ]
INFO: [ app_end ] --START--
INFO: Run Behavior\ShowPageTraceBehavior [ RunTime:0.000380s ]
INFO: [ app_end ] --END-- [ RunTime:0.000402s ]

[ 2018-08-25T17:35:10+08:00 ] 61.129.6.77 /index.php/Zcity/Index/index.html
INFO: [ app_init ] --START--
INFO: Run Behavior\BuildLiteBehavior [ RunTime:0.000007s ]
INFO: [ app_init ] --END-- [ RunTime:0.000215s ]
INFO: [ app_begin ] --START--
INFO: Run Behavior\ReadHtmlCacheBehavior [ RunTime:0.000303s ]
INFO: [ app_begin ] --END-- [ RunTime:0.000323s ]
SQL: SHOW COLUMNS FROM `qm_cityadmin` [ RunTime:0.0006s ]
SQL: SELECT `role_id` FROM `qm_cityadmin` WHERE `id` = 1 LIMIT 1   [ RunTime:0.0001s ]
SQL: SHOW COLUMNS FROM `qm_role_right` [ RunTime:0.0004s ]
SQL: SELECT `right_id` FROM `qm_role_right` WHERE ( role_id='4' )  [ RunTime:0.0001s ]
SQL: SHOW COLUMNS FROM `qm_right` [ RunTime:0.0004s ]
SQL: SELECT * FROM `qm_right` WHERE ( id in ('30','7','8','9','10','29','14','23','28') and parent_id=0 )  [ RunTime:0.0001s ]
SQL: SELECT * FROM `qm_right` WHERE ( id in ('30','7','8','9','10','29','14','23','28') and parent_id>0 )  [ RunTime:0.0001s ]
INFO: [ view_parse ] --START--
INFO: [ template_filter ] --START--
INFO: Run Behavior\ContentReplaceBehavior [ RunTime:0.000087s ]
INFO: [ template_filter ] --END-- [ RunTime:0.000119s ]
INFO: Run Behavior\ParseTemplateBehavior [ RunTime:0.005605s ]
INFO: [ view_parse ] --END-- [ RunTime:0.005628s ]
INFO: [ view_filter ] --START--
INFO: Run Behavior\WriteHtmlCacheBehavior [ RunTime:0.000127s ]
INFO: [ view_filter ] --END-- [ RunTime:0.000146s ]
INFO: [ app_end ] --START--
INFO: Run Behavior\ShowPageTraceBehavior [ RunTime:0.000396s ]
INFO: [ app_end ] --END-- [ RunTime:0.000418s ]

[ 2018-08-25T17:35:10+08:00 ] 58.246.221.74 /index.php/Zcity/Index/img/icon/baidu.png
INFO: [ app_init ] --START--
INFO: Run Behavior\BuildLiteBehavior [ RunTime:0.000012s ]
INFO: [ app_init ] --END-- [ RunTime:0.000279s ]

[ 2018-08-25T17:35:11+08:00 ] 61.129.6.75 /index.php/Zcity/Index/img/presentation/1.png
INFO: [ app_init ] --START--
INFO: Run Behavior\BuildLiteBehavior [ RunTime:0.000010s ]
INFO: [ app_init ] --END-- [ RunTime:0.000233s ]

[ 2018-08-25T17:35:11+08:00 ] 58.246.221.74 /index.php/Zcity/Index/img/icon/baidu.png
INFO: [ app_init ] --START--
INFO: Run Behavior\BuildLiteBehavior [ RunTime:0.000046s ]
INFO: [ app_init ] --END-- [ RunTime:0.000393s ]

[ 2018-08-25T17:35:18+08:00 ] 58.246.221.74 /index.php/Zcity/Mgt/dkzxsp
INFO: [ app_init ] --START--
INFO: Run Behavior\BuildLiteBehavior [ RunTime:0.000010s ]
INFO: [ app_init ] --END-- [ RunTime:0.000233s ]
INFO: [ app_begin ] --START--
INFO: Run Behavior\ReadHtmlCacheBehavior [ RunTime:0.000435s ]
INFO: [ app_begin ] --END-- [ RunTime:0.000458s ]
SQL: SHOW COLUMNS FROM `qm_cityadmin` [ RunTime:0.0039s ]
SQL: SELECT `city` FROM `qm_cityadmin` WHERE `id` = 1 LIMIT 1   [ RunTime:0.0001s ]
SQL: SHOW COLUMNS FROM `qm_axf` [ RunTime:0.0006s ]
SQL: SELECT COUNT(*) AS tp_Count FROM `qm_axf` INNER JOIN qm_jilu on qm_axf.id = qm_jilu.axfid INNER JOIN qm_users on qm_axf.uid = qm_users.id   WHERE ( qm_users.city='潍坊市' ) LIMIT 1   [ RunTime:0.0004s ]
SQL: SELECT * FROM `qm_axf` INNER JOIN qm_jilu on qm_axf.id = qm_jilu.axfid INNER JOIN qm_users on qm_axf.uid = qm_users.id   WHERE ( qm_users.city='潍坊市' ) ORDER BY qm_jilu.axfid desc LIMIT 0,7   [ RunTime:0.0005s ]
INFO: [ view_parse ] --START--
INFO: [ template_filter ] --START--
INFO: Run Behavior\ContentReplaceBehavior [ RunTime:0.000051s ]
INFO: [ template_filter ] --END-- [ RunTime:0.000096s ]
INFO: Run Behavior\ParseTemplateBehavior [ RunTime:0.005317s ]
INFO: [ view_parse ] --END-- [ RunTime:0.005340s ]
INFO: [ view_filter ] --START--
INFO: Run Behavior\WriteHtmlCacheBehavior [ RunTime:0.000151s ]
INFO: [ view_filter ] --END-- [ RunTime:0.000168s ]
INFO: [ app_end ] --START--
INFO: Run Behavior\ShowPageTraceBehavior [ RunTime:0.000378s ]
INFO: [ app_end ] --END-- [ RunTime:0.000399s ]

[ 2018-08-25T17:35:23+08:00 ] 58.246.221.74 /index.php/Zcity/Mgt/sodel.html
INFO: [ app_init ] --START--
INFO: Run Behavior\BuildLiteBehavior [ RunTime:0.000009s ]
INFO: [ app_init ] --END-- [ RunTime:0.000214s ]
INFO: [ app_begin ] --START--
INFO: Run Behavior\ReadHtmlCacheBehavior [ RunTime:0.000280s ]
INFO: [ app_begin ] --END-- [ RunTime:0.000301s ]
ERR: 非法操作:sodel

[ 2018-08-25T17:35:23+08:00 ] 61.129.6.77 /index.php/Zcity/Mgt/dkzxbd
INFO: [ app_init ] --START--
INFO: Run Behavior\BuildLiteBehavior [ RunTime:0.000009s ]
INFO: [ app_init ] --END-- [ RunTime:0.000231s ]
INFO: [ app_begin ] --START--
INFO: Run Behavior\ReadHtmlCacheBehavior [ RunTime:0.000336s ]
INFO: [ app_begin ] --END-- [ RunTime:0.000359s ]
SQL: SHOW COLUMNS FROM `qm_cityadmin` [ RunTime:0.0006s ]
SQL: SELECT `city` FROM `qm_cityadmin` WHERE `id` = 1 LIMIT 1   [ RunTime:0.0001s ]
SQL: SHOW COLUMNS FROM `qm_bd` [ RunTime:0.0004s ]
SQL: SELECT COUNT(*) AS tp_Count FROM `qm_bd` INNER JOIN qm_jilu on qm_bd.id = qm_jilu.bdid INNER JOIN qm_users on qm_bd.uid = qm_users.id   WHERE ( qm_users.city='潍坊市' ) LIMIT 1   [ RunTime:0.0003s ]
SQL: SELECT * FROM `qm_bd` INNER JOIN qm_jilu on qm_bd.id = qm_jilu.bdid INNER JOIN qm_users on qm_bd.uid = qm_users.id   WHERE ( qm_users.city='潍坊市' ) ORDER BY qm_jilu.bdid desc LIMIT 0,7   [ RunTime:0.0004s ]
SQL: SELECT `zx` FROM `qm_bd` WHERE ( id=11 ) LIMIT 1   [ RunTime:0.0001s ]
INFO: [ view_parse ] --START--
INFO: [ template_filter ] --START--
INFO: Run Behavior\ContentReplaceBehavior [ RunTime:0.000039s ]
INFO: [ template_filter ] --END-- [ RunTime:0.000060s ]
INFO: Run Behavior\ParseTemplateBehavior [ RunTime:0.004925s ]
INFO: [ view_parse ] --END-- [ RunTime:0.004945s ]
INFO: [ view_filter ] --START--
INFO: Run Behavior\WriteHtmlCacheBehavior [ RunTime:0.000098s ]
INFO: [ view_filter ] --END-- [ RunTime:0.000110s ]
INFO: [ app_end ] --START--
INFO: Run Behavior\ShowPageTraceBehavior [ RunTime:0.000377s ]
INFO: [ app_end ] --END-- [ RunTime:0.000396s ]

[ 2018-08-25T17:35:24+08:00 ] 61.129.6.76 /index.php/Zcity/Mgt/sodel.html
INFO: [ app_init ] --START--
INFO: Run Behavior\BuildLiteBehavior [ RunTime:0.000006s ]
INFO: [ app_init ] --END-- [ RunTime:0.000157s ]
INFO: [ app_begin ] --START--
INFO: Run Behavior\ReadHtmlCacheBehavior [ RunTime:0.000224s ]
INFO: [ app_begin ] --END-- [ RunTime:0.000240s ]
ERR: 非法操作:sodel

[ 2018-08-25T17:35:25+08:00 ] 61.129.6.75 /index.php/Zcity/Mgt/dkzxsp
INFO: [ app_init ] --START--
INFO: Run Behavior\BuildLiteBehavior [ RunTime:0.000006s ]
INFO: [ app_init ] --END-- [ RunTime:0.000181s ]
INFO: [ app_begin ] --START--
INFO: Run Behavior\ReadHtmlCacheBehavior [ RunTime:0.000216s ]
INFO: [ app_begin ] --END-- [ RunTime:0.000232s ]
SQL: SHOW COLUMNS FROM `qm_cityadmin` [ RunTime:0.0004s ]
SQL: SELECT `city` FROM `qm_cityadmin` WHERE `id` = 1 LIMIT 1   [ RunTime:0.0000s ]
SQL: SHOW COLUMNS FROM `qm_axf` [ RunTime:0.0003s ]
SQL: SELECT COUNT(*) AS tp_Count FROM `qm_axf` INNER JOIN qm_jilu on qm_axf.id = qm_jilu.axfid INNER JOIN qm_users on qm_axf.uid = qm_users.id   WHERE ( qm_users.city='潍坊市' ) LIMIT 1   [ RunTime:0.0000s ]
SQL: SELECT * FROM `qm_axf` INNER JOIN qm_jilu on qm_axf.id = qm_jilu.axfid INNER JOIN qm_users on qm_axf.uid = qm_users.id   WHERE ( qm_users.city='潍坊市' ) ORDER BY qm_jilu.axfid desc LIMIT 0,7   [ RunTime:0.0001s ]
INFO: [ view_parse ] --START--
INFO: [ template_filter ] --START--
INFO: Run Behavior\ContentReplaceBehavior [ RunTime:0.000047s ]
INFO: [ template_filter ] --END-- [ RunTime:0.000069s ]
INFO: Run Behavior\ParseTemplateBehavior [ RunTime:0.003518s ]
INFO: [ view_parse ] --END-- [ RunTime:0.003535s ]
INFO: [ view_filter ] --START--
INFO: Run Behavior\WriteHtmlCacheBehavior [ RunTime:0.000080s ]
INFO: [ view_filter ] --END-- [ RunTime:0.000092s ]
INFO: [ app_end ] --START--
INFO: Run Behavior\ShowPageTraceBehavior [ RunTime:0.000277s ]
INFO: [ app_end ] --END-- [ RunTime:0.000292s ]

[ 2018-08-25T17:35:26+08:00 ] 61.129.6.78 /index.php/Zcity/Mgt/sodel.html
INFO: [ app_init ] --START--
INFO: Run Behavior\BuildLiteBehavior [ RunTime:0.000007s ]
INFO: [ app_init ] --END-- [ RunTime:0.000188s ]
INFO: [ app_begin ] --START--
INFO: Run Behavior\ReadHtmlCacheBehavior [ RunTime:0.000218s ]
INFO: [ app_begin ] --END-- [ RunTime:0.000240s ]
ERR: 非法操作:sodel

[ 2018-08-25T17:35:26+08:00 ] 61.129.6.78 /index.php/Zcity/Mgt/dkzxdk
INFO: [ app_init ] --START--
INFO: Run Behavior\BuildLiteBehavior [ RunTime:0.000009s ]
INFO: [ app_init ] --END-- [ RunTime:0.000230s ]
INFO: [ app_begin ] --START--
INFO: Run Behavior\ReadHtmlCacheBehavior [ RunTime:0.000324s ]
INFO: [ app_begin ] --END-- [ RunTime:0.000347s ]
SQL: SHOW COLUMNS FROM `qm_cityadmin` [ RunTime:0.0006s ]
SQL: SELECT `city` FROM `qm_cityadmin` WHERE `id` = 1 LIMIT 1   [ RunTime:0.0001s ]
SQL: SHOW COLUMNS FROM `qm_dkgj` [ RunTime:0.0003s ]
SQL: SELECT COUNT(*) AS tp_Count FROM `qm_dkgj` INNER JOIN qm_jilu on qm_dkgj.id = qm_jilu.dkid INNER JOIN qm_users on qm_dkgj.uid = qm_users.id   WHERE ( qm_users.city='潍坊市' ) LIMIT 1   [ RunTime:0.0003s ]
SQL: SELECT * FROM `qm_dkgj` INNER JOIN qm_jilu on qm_dkgj.id = qm_jilu.dkid INNER JOIN qm_users on qm_dkgj.uid = qm_users.id   WHERE ( qm_users.city='潍坊市' ) ORDER BY qm_jilu.dkid desc LIMIT 0,7   [ RunTime:0.0004s ]
SQL: SELECT `zx` FROM `qm_dkgj` WHERE ( id=8 ) LIMIT 1   [ RunTime:0.0001s ]
INFO: [ view_parse ] --START--
INFO: [ template_filter ] --START--
INFO: Run Behavior\ContentReplaceBehavior [ RunTime:0.000046s ]
INFO: [ template_filter ] --END-- [ RunTime:0.000075s ]
INFO: Run Behavior\ParseTemplateBehavior [ RunTime:0.004873s ]
INFO: [ view_parse ] --END-- [ RunTime:0.004915s ]
INFO: [ view_filter ] --START--
INFO: Run Behavior\WriteHtmlCacheBehavior [ RunTime:0.000109s ]
INFO: [ view_filter ] --END-- [ RunTime:0.000122s ]
INFO: [ app_end ] --START--
INFO: Run Behavior\ShowPageTraceBehavior [ RunTime:0.000357s ]
INFO: [ app_end ] --END-- [ RunTime:0.000375s ]

[ 2018-08-25T17:35:54+08:00 ] 61.129.6.78 /index.php/Zcity/Mgt/dkzxsp
INFO: [ app_init ] --START--
INFO: Run Behavior\BuildLiteBehavior [ RunTime:0.000007s ]
INFO: [ app_init ] --END-- [ RunTime:0.000164s ]
INFO: [ app_begin ] --START--
INFO: Run Behavior\ReadHtmlCacheBehavior [ RunTime:0.000231s ]
INFO: [ app_begin ] --END-- [ RunTime:0.000247s ]
SQL: SHOW COLUMNS FROM `qm_cityadmin` [ RunTime:0.0004s ]
SQL: SELECT `city` FROM `qm_cityadmin` WHERE `id` = 1 LIMIT 1   [ RunTime:0.0000s ]
SQL: SHOW COLUMNS FROM `qm_axf` [ RunTime:0.0003s ]
SQL: SELECT COUNT(*) AS tp_Count FROM `qm_axf` INNER JOIN qm_jilu on qm_axf.id = qm_jilu.axfid INNER JOIN qm_users on qm_axf.uid = qm_users.id   WHERE ( qm_users.city='潍坊市' ) LIMIT 1   [ RunTime:0.0000s ]
SQL: SELECT * FROM `qm_axf` INNER JOIN qm_jilu on qm_axf.id = qm_jilu.axfid INNER JOIN qm_users on qm_axf.uid = qm_users.id   WHERE ( qm_users.city='潍坊市' ) ORDER BY qm_jilu.axfid desc LIMIT 0,7   [ RunTime:0.0001s ]
INFO: [ view_parse ] --START--
INFO: [ template_filter ] --START--
INFO: Run Behavior\ContentReplaceBehavior [ RunTime:0.000038s ]
INFO: [ template_filter ] --END-- [ RunTime:0.000057s ]
INFO: Run Behavior\ParseTemplateBehavior [ RunTime:0.003508s ]
INFO: [ view_parse ] --END-- [ RunTime:0.003526s ]
INFO: [ view_filter ] --START--
INFO: Run Behavior\WriteHtmlCacheBehavior [ RunTime:0.000106s ]
INFO: [ view_filter ] --END-- [ RunTime:0.000121s ]
INFO: [ app_end ] --START--
INFO: Run Behavior\ShowPageTraceBehavior [ RunTime:0.000260s ]
INFO: [ app_end ] --END-- [ RunTime:0.000276s ]

[ 2018-08-25T17:35:55+08:00 ] 61.129.6.74 /index.php/Zcity/Mgt/sodel.html
INFO: [ app_init ] --START--
INFO: Run Behavior\BuildLiteBehavior [ RunTime:0.000009s ]
INFO: [ app_init ] --END-- [ RunTime:0.000231s ]
INFO: [ app_begin ] --START--
INFO: Run Behavior\ReadHtmlCacheBehavior [ RunTime:0.000307s ]
INFO: [ app_begin ] --END-- [ RunTime:0.000357s ]
ERR: 非法操作:sodel

[ 2018-08-25T17:35:55+08:00 ] 58.246.221.74 /index.php/Zcity/Mgt/dkzxbd
INFO: [ app_init ] --START--
INFO: Run Behavior\BuildLiteBehavior [ RunTime:0.000006s ]
INFO: [ app_init ] --END-- [ RunTime:0.000154s ]
INFO: [ app_begin ] --START--
INFO: Run Behavior\ReadHtmlCacheBehavior [ RunTime:0.000250s ]
INFO: [ app_begin ] --END-- [ RunTime:0.000267s ]
SQL: SHOW COLUMNS FROM `qm_cityadmin` [ RunTime:0.0004s ]
SQL: SELECT `city` FROM `qm_cityadmin` WHERE `id` = 1 LIMIT 1   [ RunTime:0.0001s ]
SQL: SHOW COLUMNS FROM `qm_bd` [ RunTime:0.0003s ]
SQL: SELECT COUNT(*) AS tp_Count FROM `qm_bd` INNER JOIN qm_jilu on qm_bd.id = qm_jilu.bdid INNER JOIN qm_users on qm_bd.uid = qm_users.id   WHERE ( qm_users.city='潍坊市' ) LIMIT 1   [ RunTime:0.0000s ]
SQL: SELECT * FROM `qm_bd` INNER JOIN qm_jilu on qm_bd.id = qm_jilu.bdid INNER JOIN qm_users on qm_bd.uid = qm_users.id   WHERE ( qm_users.city='潍坊市' ) ORDER BY qm_jilu.bdid desc LIMIT 0,7   [ RunTime:0.0001s ]
SQL: SELECT `zx` FROM `qm_bd` WHERE ( id=11 ) LIMIT 1   [ RunTime:0.0000s ]
INFO: [ view_parse ] --START--
INFO: [ template_filter ] --START--
INFO: Run Behavior\ContentReplaceBehavior [ RunTime:0.000050s ]
INFO: [ template_filter ] --END-- [ RunTime:0.000069s ]
INFO: Run Behavior\ParseTemplateBehavior [ RunTime:0.003387s ]
INFO: [ view_parse ] --END-- [ RunTime:0.003405s ]
INFO: [ view_filter ] --START--
INFO: Run Behavior\WriteHtmlCacheBehavior [ RunTime:0.000080s ]
INFO: [ view_filter ] --END-- [ RunTime:0.000092s ]
INFO: [ app_end ] --START--
INFO: Run Behavior\ShowPageTraceBehavior [ RunTime:0.000245s ]
INFO: [ app_end ] --END-- [ RunTime:0.000259s ]

[ 2018-08-25T17:36:12+08:00 ] 61.129.6.78 /index.php/Zcity/Mgt/dkzxsp
INFO: [ app_init ] --START--
INFO: Run Behavior\BuildLiteBehavior [ RunTime:0.000010s ]
INFO: [ app_init ] --END-- [ RunTime:0.000253s ]
INFO: [ app_begin ] --START--
INFO: Run Behavior\ReadHtmlCacheBehavior [ RunTime:0.000308s ]
INFO: [ app_begin ] --END-- [ RunTime:0.000331s ]
SQL: SHOW COLUMNS FROM `qm_cityadmin` [ RunTime:0.0005s ]
SQL: SELECT `city` FROM `qm_cityadmin` WHERE `id` = 1 LIMIT 1   [ RunTime:0.0001s ]
SQL: SHOW COLUMNS FROM `qm_axf` [ RunTime:0.0004s ]
SQL: SELECT COUNT(*) AS tp_Count FROM `qm_axf` INNER JOIN qm_jilu on qm_axf.id = qm_jilu.axfid INNER JOIN qm_users on qm_axf.uid = qm_users.id   WHERE ( qm_users.city='潍坊市' ) LIMIT 1   [ RunTime:0.0001s ]
SQL: SELECT * FROM `qm_axf` INNER JOIN qm_jilu on qm_axf.id = qm_jilu.axfid INNER JOIN qm_users on qm_axf.uid = qm_users.id   WHERE ( qm_users.city='潍坊市' ) ORDER BY qm_jilu.axfid desc LIMIT 0,7   [ RunTime:0.0001s ]
INFO: [ view_parse ] --START--
INFO: [ template_filter ] --START--
INFO: Run Behavior\ContentReplaceBehavior [ RunTime:0.000040s ]
INFO: [ template_filter ] --END-- [ RunTime:0.000073s ]
INFO: Run Behavior\ParseTemplateBehavior [ RunTime:0.003524s ]
INFO: [ view_parse ] --END-- [ RunTime:0.003543s ]
INFO: [ view_filter ] --START--
INFO: Run Behavior\WriteHtmlCacheBehavior [ RunTime:0.000075s ]
INFO: [ view_filter ] --END-- [ RunTime:0.000087s ]
INFO: [ app_end ] --START--
INFO: Run Behavior\ShowPageTraceBehavior [ RunTime:0.000266s ]
INFO: [ app_end ] --END-- [ RunTime:0.000280s ]

[ 2018-08-25T17:36:21+08:00 ] 58.246.221.74 /index.php/Zcity/Mgt/vip
INFO: [ app_init ] --START--
INFO: Run Behavior\BuildLiteBehavior [ RunTime:0.000011s ]
INFO: [ app_init ] --END-- [ RunTime:0.000233s ]
INFO: [ app_begin ] --START--
INFO: Run Behavior\ReadHtmlCacheBehavior [ RunTime:0.000303s ]
INFO: [ app_begin ] --END-- [ RunTime:0.000332s ]
SQL: SHOW COLUMNS FROM `qm_cityadmin` [ RunTime:0.0005s ]
SQL: SELECT `city` FROM `qm_cityadmin` WHERE `id` = 1 LIMIT 1   [ RunTime:0.0001s ]
SQL: SHOW COLUMNS FROM `qm_users` [ RunTime:0.0005s ]
SQL: SELECT COUNT(*) AS tp_Count FROM `qm_users` WHERE ( city="潍坊市" ) LIMIT 1   [ RunTime:0.0006s ]
SQL: SELECT * FROM `qm_users` WHERE ( city="潍坊市" ) ORDER BY grade desc LIMIT 0,7   [ RunTime:0.0007s ]
SQL: SELECT `phone` FROM `qm_users` WHERE ( id=35124876 ) LIMIT 1   [ RunTime:0.0000s ]
SQL: SELECT `phone` FROM `qm_users` WHERE ( id=98154072 ) LIMIT 1   [ RunTime:0.0001s ]
SQL: SELECT `phone` FROM `qm_users` WHERE ( id=676177 ) LIMIT 1   [ RunTime:0.0000s ]
SQL: SELECT `phone` FROM `qm_users` WHERE ( id=676177 ) LIMIT 1   [ RunTime:0.0000s ]
INFO: [ view_parse ] --START--
INFO: [ template_filter ] --START--
INFO: Run Behavior\ContentReplaceBehavior [ RunTime:0.000045s ]
INFO: [ template_filter ] --END-- [ RunTime:0.000073s ]
INFO: Run Behavior\ParseTemplateBehavior [ RunTime:0.005030s ]
INFO: [ view_parse ] --END-- [ RunTime:0.005053s ]
INFO: [ view_filter ] --START--
INFO: Run Behavior\WriteHtmlCacheBehavior [ RunTime:0.000109s ]
INFO: [ view_filter ] --END-- [ RunTime:0.000125s ]
INFO: [ app_end ] --START--
INFO: Run Behavior\ShowPageTraceBehavior [ RunTime:0.000360s ]
INFO: [ app_end ] --END-- [ RunTime:0.000380s ]

[ 2018-08-25T17:37:00+08:00 ] 58.246.221.74 /index.php/Zcity/Mgt/vip/p/2.html
INFO: [ app_init ] --START--
INFO: Run Behavior\BuildLiteBehavior [ RunTime:0.000009s ]
INFO: [ app_init ] --END-- [ RunTime:0.000220s ]
INFO: [ app_begin ] --START--
INFO: Run Behavior\ReadHtmlCacheBehavior [ RunTime:0.000320s ]
INFO: [ app_begin ] --END-- [ RunTime:0.000341s ]
SQL: SHOW COLUMNS FROM `qm_cityadmin` [ RunTime:0.0006s ]
SQL: SELECT `city` FROM `qm_cityadmin` WHERE `id` = 1 LIMIT 1   [ RunTime:0.0001s ]
SQL: SHOW COLUMNS FROM `qm_users` [ RunTime:0.0005s ]
SQL: SELECT COUNT(*) AS tp_Count FROM `qm_users` WHERE ( city="潍坊市" ) LIMIT 1   [ RunTime:0.0000s ]
SQL: SELECT * FROM `qm_users` WHERE ( city="潍坊市" ) ORDER BY grade desc LIMIT 7,7   [ RunTime:0.0007s ]
SQL: SELECT `phone` FROM `qm_users` WHERE ( id=31629075 ) LIMIT 1   [ RunTime:0.0001s ]
SQL: SELECT `phone` FROM `qm_users` WHERE ( id=31629075 ) LIMIT 1   [ RunTime:0.0000s ]
SQL: SELECT `phone` FROM `qm_users` WHERE ( id=31629075 ) LIMIT 1   [ RunTime:0.0000s ]
SQL: SELECT `phone` FROM `qm_users` WHERE ( id=676177 ) LIMIT 1   [ RunTime:0.0000s ]
SQL: SELECT `phone` FROM `qm_users` WHERE ( id=31629075 ) LIMIT 1   [ RunTime:0.0000s ]
SQL: SELECT `phone` FROM `qm_users` WHERE ( id=58013627 ) LIMIT 1   [ RunTime:0.0000s ]
INFO: [ view_parse ] --START--
INFO: [ template_filter ] --START--
INFO: Run Behavior\ContentReplaceBehavior [ RunTime:0.000067s ]
INFO: [ template_filter ] --END-- [ RunTime:0.000094s ]
INFO: Run Behavior\ParseTemplateBehavior [ RunTime:0.004950s ]
INFO: [ view_parse ] --END-- [ RunTime:0.004972s ]
INFO: [ view_filter ] --START--
INFO: Run Behavior\WriteHtmlCacheBehavior [ RunTime:0.000097s ]
INFO: [ view_filter ] --END-- [ RunTime:0.000111s ]
INFO: [ app_end ] --START--
INFO: Run Behavior\ShowPageTraceBehavior [ RunTime:0.000378s ]
INFO: [ app_end ] --END-- [ RunTime:0.000397s ]

[ 2018-08-25T17:37:21+08:00 ] 61.129.6.78 /index.php/Zcity/Mgt/vip/p/3.html
INFO: [ app_init ] --START--
INFO: Run Behavior\BuildLiteBehavior [ RunTime:0.000011s ]
INFO: [ app_init ] --END-- [ RunTime:0.000250s ]
INFO: [ app_begin ] --START--
INFO: Run Behavior\ReadHtmlCacheBehavior [ RunTime:0.000284s ]
INFO: [ app_begin ] --END-- [ RunTime:0.000303s ]
SQL: SHOW COLUMNS FROM `qm_cityadmin` [ RunTime:0.0005s ]
SQL: SELECT `city` FROM `qm_cityadmin` WHERE `id` = 1 LIMIT 1   [ RunTime:0.0001s ]
SQL: SHOW COLUMNS FROM `qm_users` [ RunTime:0.0004s ]
SQL: SELECT COUNT(*) AS tp_Count FROM `qm_users` WHERE ( city="潍坊市" ) LIMIT 1   [ RunTime:0.0000s ]
SQL: SELECT * FROM `qm_users` WHERE ( city="潍坊市" ) ORDER BY grade desc LIMIT 14,7   [ RunTime:0.0005s ]
INFO: [ view_parse ] --START--
INFO: [ template_filter ] --START--
INFO: Run Behavior\ContentReplaceBehavior [ RunTime:0.000055s ]
INFO: [ template_filter ] --END-- [ RunTime:0.000104s ]
INFO: Run Behavior\ParseTemplateBehavior [ RunTime:0.004142s ]
INFO: [ view_parse ] --END-- [ RunTime:0.004164s ]
INFO: [ view_filter ] --START--
INFO: Run Behavior\WriteHtmlCacheBehavior [ RunTime:0.000107s ]
INFO: [ view_filter ] --END-- [ RunTime:0.000124s ]
INFO: [ app_end ] --START--
INFO: Run Behavior\ShowPageTraceBehavior [ RunTime:0.000392s ]
INFO: [ app_end ] --END-- [ RunTime:0.000414s ]

[ 2018-08-25T17:37:44+08:00 ] 58.246.221.74 /index.php/Zcity/Mgt/sxgls
INFO: [ app_init ] --START--
INFO: Run Behavior\BuildLiteBehavior [ RunTime:0.000011s ]
INFO: [ app_init ] --END-- [ RunTime:0.000282s ]
INFO: [ app_begin ] --START--
INFO: Run Behavior\ReadHtmlCacheBehavior [ RunTime:0.000292s ]
INFO: [ app_begin ] --END-- [ RunTime:0.000312s ]
SQL: SHOW COLUMNS FROM `qm_cityadmin` [ RunTime:0.0005s ]
SQL: SELECT `city` FROM `qm_cityadmin` WHERE `id` = 1 LIMIT 1   [ RunTime:0.0001s ]
SQL: SHOW COLUMNS FROM `qm_sx` [ RunTime:0.0004s ]
SQL: SELECT COUNT(*) AS tp_Count FROM `qm_sx` INNER JOIN qm_users on qm_sx.uid = qm_users.id   WHERE ( qm_users.city='潍坊市' ) LIMIT 1   [ RunTime:0.0109s ]
SQL: SELECT * FROM `qm_sx` INNER JOIN qm_users on qm_sx.uid = qm_users.id   WHERE ( qm_users.city='潍坊市' ) ORDER BY qm_sx.id desc LIMIT 0,7   [ RunTime:0.0008s ]
SQL: SHOW COLUMNS FROM `qm_users` [ RunTime:0.0005s ]
SQL: SELECT `phone` FROM `qm_users` WHERE ( id=757781 ) LIMIT 1   [ RunTime:0.0001s ]
SQL: SELECT `nick` FROM `qm_users` WHERE ( id=757781 ) LIMIT 1   [ RunTime:0.0002s ]
SQL: SELECT `phone` FROM `qm_users` WHERE ( id=757781 ) LIMIT 1   [ RunTime:0.0001s ]
SQL: SELECT `nick` FROM `qm_users` WHERE ( id=757781 ) LIMIT 1   [ RunTime:0.0001s ]
SQL: SELECT `phone` FROM `qm_users` WHERE ( id=757781 ) LIMIT 1   [ RunTime:0.0000s ]
SQL: SELECT `nick` FROM `qm_users` WHERE ( id=757781 ) LIMIT 1   [ RunTime:0.0000s ]
SQL: SELECT `phone` FROM `qm_users` WHERE ( id=757781 ) LIMIT 1   [ RunTime:0.0000s ]
SQL: SELECT `nick` FROM `qm_users` WHERE ( id=757781 ) LIMIT 1   [ RunTime:0.0000s ]
SQL: SELECT `phone` FROM `qm_users` WHERE ( id=757781 ) LIMIT 1   [ RunTime:0.0000s ]
SQL: SELECT `nick` FROM `qm_users` WHERE ( id=757781 ) LIMIT 1   [ RunTime:0.0000s ]
SQL: SELECT `phone` FROM `qm_users` WHERE ( id=757781 ) LIMIT 1   [ RunTime:0.0000s ]
SQL: SELECT `nick` FROM `qm_users` WHERE ( id=757781 ) LIMIT 1   [ RunTime:0.0000s ]
SQL: SELECT `phone` FROM `qm_users` WHERE ( id=757781 ) LIMIT 1   [ RunTime:0.0000s ]
SQL: SELECT `nick` FROM `qm_users` WHERE ( id=757781 ) LIMIT 1   [ RunTime:0.0000s ]
INFO: [ view_parse ] --START--
INFO: [ template_filter ] --START--
INFO: Run Behavior\ContentReplaceBehavior [ RunTime:0.000046s ]
INFO: [ template_filter ] --END-- [ RunTime:0.000077s ]
INFO: Run Behavior\ParseTemplateBehavior [ RunTime:0.004858s ]
INFO: [ view_parse ] --END-- [ RunTime:0.004881s ]
INFO: [ view_filter ] --START--
INFO: Run Behavior\WriteHtmlCacheBehavior [ RunTime:0.000148s ]
INFO: [ view_filter ] --END-- [ RunTime:0.000173s ]
INFO: [ app_end ] --START--
INFO: Run Behavior\ShowPageTraceBehavior [ RunTime:0.000421s ]
INFO: [ app_end ] --END-- [ RunTime:0.000448s ]

[ 2018-08-25T17:39:07+08:00 ] 58.246.221.74 /index.php/Zcity/Mgt/fhsx.html
INFO: [ app_init ] --START--
INFO: Run Behavior\BuildLiteBehavior [ RunTime:0.000058s ]
INFO: [ app_init ] --END-- [ RunTime:0.000484s ]
INFO: [ app_begin ] --START--
INFO: Run Behavior\ReadHtmlCacheBehavior [ RunTime:0.000666s ]
INFO: [ app_begin ] --END-- [ RunTime:0.000691s ]
SQL: SHOW COLUMNS FROM `qm_sx` [ RunTime:0.0008s ]
SQL: INSERT INTO `qm_sx` (`uid`,`data`,`addtime`) VALUES ('757781','','2018-08-25 17:39:07') [ RunTime:0.0161s ]

[ 2018-08-25T17:39:17+08:00 ] 58.246.221.74 /index.php/Zcity/Mgt/sxgls/p/20.html
INFO: [ app_init ] --START--
INFO: Run Behavior\BuildLiteBehavior [ RunTime:0.000007s ]
INFO: [ app_init ] --END-- [ RunTime:0.000167s ]
INFO: [ app_begin ] --START--
INFO: Run Behavior\ReadHtmlCacheBehavior [ RunTime:0.000209s ]
INFO: [ app_begin ] --END-- [ RunTime:0.000227s ]
SQL: SHOW COLUMNS FROM `qm_cityadmin` [ RunTime:0.0006s ]
SQL: SELECT `city` FROM `qm_cityadmin` WHERE `id` = 1 LIMIT 1   [ RunTime:0.0001s ]
SQL: SHOW COLUMNS FROM `qm_sx` [ RunTime:0.0004s ]
SQL: SELECT COUNT(*) AS tp_Count FROM `qm_sx` INNER JOIN qm_users on qm_sx.uid = qm_users.id   WHERE ( qm_users.city='潍坊市' ) LIMIT 1   [ RunTime:0.0098s ]
SQL: SELECT * FROM `qm_sx` INNER JOIN qm_users on qm_sx.uid = qm_users.id   WHERE ( qm_users.city='潍坊市' ) ORDER BY qm_sx.id desc LIMIT 133,7   [ RunTime:0.0094s ]
SQL: SHOW COLUMNS FROM `qm_users` [ RunTime:0.0005s ]
SQL: SELECT `phone` FROM `qm_users` WHERE ( id=117181 ) LIMIT 1   [ RunTime:0.0000s ]
SQL: SELECT `nick` FROM `qm_users` WHERE ( id=117181 ) LIMIT 1   [ RunTime:0.0001s ]
SQL: SELECT `phone` FROM `qm_users` WHERE ( id=117181 ) LIMIT 1   [ RunTime:0.0000s ]
SQL: SELECT `nick` FROM `qm_users` WHERE ( id=117181 ) LIMIT 1   [ RunTime:0.0000s ]
SQL: SELECT `phone` FROM `qm_users` WHERE ( id=117181 ) LIMIT 1   [ RunTime:0.0000s ]
SQL: SELECT `nick` FROM `qm_users` WHERE ( id=117181 ) LIMIT 1   [ RunTime:0.0000s ]
SQL: SELECT `phone` FROM `qm_users` WHERE ( id=117181 ) LIMIT 1   [ RunTime:0.0000s ]
SQL: SELECT `nick` FROM `qm_users` WHERE ( id=117181 ) LIMIT 1   [ RunTime:0.0000s ]
SQL: SELECT `phone` FROM `qm_users` WHERE ( id=117181 ) LIMIT 1   [ RunTime:0.0000s ]
SQL: SELECT `nick` FROM `qm_users` WHERE ( id=117181 ) LIMIT 1   [ RunTime:0.0000s ]
SQL: SELECT `phone` FROM `qm_users` WHERE ( id=117181 ) LIMIT 1   [ RunTime:0.0000s ]
SQL: SELECT `nick` FROM `qm_users` WHERE ( id=117181 ) LIMIT 1   [ RunTime:0.0000s ]
SQL: SELECT `phone` FROM `qm_users` WHERE ( id=117181 ) LIMIT 1   [ RunTime:0.0000s ]
SQL: SELECT `nick` FROM `qm_users` WHERE ( id=117181 ) LIMIT 1   [ RunTime:0.0000s ]
INFO: [ view_parse ] --START--
INFO: [ template_filter ] --START--
INFO: Run Behavior\ContentReplaceBehavior [ RunTime:0.000031s ]
INFO: [ template_filter ] --END-- [ RunTime:0.000057s ]
INFO: Run Behavior\ParseTemplateBehavior [ RunTime:0.003226s ]
INFO: [ view_parse ] --END-- [ RunTime:0.003243s ]
INFO: [ view_filter ] --START--
INFO: Run Behavior\WriteHtmlCacheBehavior [ RunTime:0.000080s ]
INFO: [ view_filter ] --END-- [ RunTime:0.000093s ]
INFO: [ app_end ] --START--
INFO: Run Behavior\ShowPageTraceBehavior [ RunTime:0.000265s ]
INFO: [ app_end ] --END-- [ RunTime:0.000281s ]

[ 2018-08-25T17:40:14+08:00 ] 58.246.221.74 /index.php/Zcity/Mgt/fhsx.html
INFO: [ app_init ] --START--
INFO: Run Behavior\BuildLiteBehavior [ RunTime:0.000010s ]
INFO: [ app_init ] --END-- [ RunTime:0.000290s ]
INFO: [ app_begin ] --START--
INFO: Run Behavior\ReadHtmlCacheBehavior [ RunTime:0.000361s ]
INFO: [ app_begin ] --END-- [ RunTime:0.000383s ]
SQL: SHOW COLUMNS FROM `qm_sx` [ RunTime:0.0006s ]
SQL: INSERT INTO `qm_sx` (`uid`,`data`,`addtime`) VALUES ('117181','','2018-08-25 17:40:14') [ RunTime:0.0140s ]

[ 2018-08-25T17:40:35+08:00 ] 61.129.6.78 /index.php/Zcity/Mgt/dkzx
INFO: [ app_init ] --START--
INFO: Run Behavior\BuildLiteBehavior [ RunTime:0.000009s ]
INFO: [ app_init ] --END-- [ RunTime:0.000231s ]
INFO: [ app_begin ] --START--
INFO: Run Behavior\ReadHtmlCacheBehavior [ RunTime:0.000259s ]
INFO: [ app_begin ] --END-- [ RunTime:0.000279s ]
SQL: SHOW COLUMNS FROM `qm_cityadmin` [ RunTime:0.0004s ]
SQL: SELECT `city` FROM `qm_cityadmin` WHERE `id` = 1 LIMIT 1   [ RunTime:0.0000s ]
SQL: SHOW COLUMNS FROM `qm_yhfy` [ RunTime:0.0012s ]
SQL: SELECT COUNT(*) AS tp_Count FROM `qm_yhfy` INNER JOIN qm_jilu on qm_yhfy.id = qm_jilu.yhfyid  INNER JOIN qm_users on qm_yhfy.uid = qm_users.id   WHERE ( qm_users.city='潍坊市' ) LIMIT 1   [ RunTime:0.0003s ]
SQL: SELECT * FROM `qm_yhfy` INNER JOIN qm_jilu on qm_yhfy.id = qm_jilu.yhfyid  INNER JOIN qm_users on qm_yhfy.uid = qm_users.id   WHERE ( qm_users.city='潍坊市' ) ORDER BY qm_jilu.yhfyid desc LIMIT 0,7   [ RunTime:0.0004s ]
SQL: SELECT `fcz` FROM `qm_yhfy` WHERE ( id=20 ) LIMIT 1   [ RunTime:0.0000s ]
SQL: SELECT `zx` FROM `qm_yhfy` WHERE ( id=20 ) LIMIT 1   [ RunTime:0.0000s ]
SQL: SELECT `fcz` FROM `qm_yhfy` WHERE ( id=18 ) LIMIT 1   [ RunTime:0.0000s ]
SQL: SELECT `zx` FROM `qm_yhfy` WHERE ( id=18 ) LIMIT 1   [ RunTime:0.0000s ]
INFO: [ view_parse ] --START--
INFO: [ template_filter ] --START--
INFO: Run Behavior\ContentReplaceBehavior [ RunTime:0.000045s ]
INFO: [ template_filter ] --END-- [ RunTime:0.000071s ]
INFO: Run Behavior\ParseTemplateBehavior [ RunTime:0.004109s ]
INFO: [ view_parse ] --END-- [ RunTime:0.004126s ]
INFO: [ view_filter ] --START--
INFO: Run Behavior\WriteHtmlCacheBehavior [ RunTime:0.000081s ]
INFO: [ view_filter ] --END-- [ RunTime:0.000095s ]
INFO: [ app_end ] --START--
INFO: Run Behavior\ShowPageTraceBehavior [ RunTime:0.000276s ]
INFO: [ app_end ] --END-- [ RunTime:0.000291s ]

[ 2018-08-25T17:40:55+08:00 ] 58.246.221.74 /index.php/Zcity/Mgt/qdgl
INFO: [ app_init ] --START--
INFO: Run Behavior\BuildLiteBehavior [ RunTime:0.000006s ]
INFO: [ app_init ] --END-- [ RunTime:0.000175s ]
INFO: [ app_begin ] --START--
INFO: Run Behavior\ReadHtmlCacheBehavior [ RunTime:0.000206s ]
INFO: [ app_begin ] --END-- [ RunTime:0.000223s ]
SQL: SHOW COLUMNS FROM `qm_cityadmin` [ RunTime:0.0004s ]
SQL: SELECT `city` FROM `qm_cityadmin` WHERE `id` = 1 LIMIT 1   [ RunTime:0.0001s ]
SQL: SHOW COLUMNS FROM `qm_qd` [ RunTime:0.0004s ]
SQL: SELECT COUNT(*) AS tp_Count FROM `qm_qd` WHERE ( szcs="潍坊" ) LIMIT 1   [ RunTime:0.0002s ]
SQL: SELECT * FROM `qm_qd` WHERE ( szcs="潍坊" ) LIMIT 0,7   [ RunTime:0.0002s ]
INFO: [ view_parse ] --START--
INFO: [ template_filter ] --START--
INFO: Run Behavior\ContentReplaceBehavior [ RunTime:0.000041s ]
INFO: [ template_filter ] --END-- [ RunTime:0.000067s ]
INFO: Run Behavior\ParseTemplateBehavior [ RunTime:0.019951s ]
INFO: [ view_parse ] --END-- [ RunTime:0.019968s ]
INFO: [ view_filter ] --START--
INFO: Run Behavior\WriteHtmlCacheBehavior [ RunTime:0.000084s ]
INFO: [ view_filter ] --END-- [ RunTime:0.000096s ]
INFO: [ app_end ] --START--
INFO: Run Behavior\ShowPageTraceBehavior [ RunTime:0.000309s ]
INFO: [ app_end ] --END-- [ RunTime:0.000325s ]

[ 2018-08-25T17:41:01+08:00 ] 61.129.6.78 /index.php/Zcity/Mgt/vip
INFO: [ app_init ] --START--
INFO: Run Behavior\BuildLiteBehavior [ RunTime:0.000011s ]
INFO: [ app_init ] --END-- [ RunTime:0.000301s ]
INFO: [ app_begin ] --START--
INFO: Run Behavior\ReadHtmlCacheBehavior [ RunTime:0.000347s ]
INFO: [ app_begin ] --END-- [ RunTime:0.000372s ]
SQL: SHOW COLUMNS FROM `qm_cityadmin` [ RunTime:0.0006s ]
SQL: SELECT `city` FROM `qm_cityadmin` WHERE `id` = 1 LIMIT 1   [ RunTime:0.0001s ]
SQL: SHOW COLUMNS FROM `qm_users` [ RunTime:0.0015s ]
SQL: SELECT COUNT(*) AS tp_Count FROM `qm_users` WHERE ( city="潍坊市" ) LIMIT 1   [ RunTime:0.0001s ]
SQL: SELECT * FROM `qm_users` WHERE ( city="潍坊市" ) ORDER BY grade desc LIMIT 0,7   [ RunTime:0.0002s ]
SQL: SELECT `phone` FROM `qm_users` WHERE ( id=35124876 ) LIMIT 1   [ RunTime:0.0001s ]
SQL: SELECT `phone` FROM `qm_users` WHERE ( id=98154072 ) LIMIT 1   [ RunTime:0.0000s ]
SQL: SELECT `phone` FROM `qm_users` WHERE ( id=676177 ) LIMIT 1   [ RunTime:0.0000s ]
SQL: SELECT `phone` FROM `qm_users` WHERE ( id=676177 ) LIMIT 1   [ RunTime:0.0000s ]
INFO: [ view_parse ] --START--
INFO: [ template_filter ] --START--
INFO: Run Behavior\ContentReplaceBehavior [ RunTime:0.000037s ]
INFO: [ template_filter ] --END-- [ RunTime:0.000059s ]
INFO: Run Behavior\ParseTemplateBehavior [ RunTime:0.004591s ]
INFO: [ view_parse ] --END-- [ RunTime:0.004612s ]
INFO: [ view_filter ] --START--
INFO: Run Behavior\WriteHtmlCacheBehavior [ RunTime:0.000098s ]
INFO: [ view_filter ] --END-- [ RunTime:0.000112s ]
INFO: [ app_end ] --START--
INFO: Run Behavior\ShowPageTraceBehavior [ RunTime:0.000330s ]
INFO: [ app_end ] --END-- [ RunTime:0.000350s ]

[ 2018-08-25T17:41:05+08:00 ] 58.246.221.74 /index.php/Zcity/Mgt/vip
INFO: [ app_init ] --START--
INFO: Run Behavior\BuildLiteBehavior [ RunTime:0.000010s ]
INFO: [ app_init ] --END-- [ RunTime:0.000247s ]
INFO: [ app_begin ] --START--
INFO: Run Behavior\ReadHtmlCacheBehavior [ RunTime:0.000305s ]
INFO: [ app_begin ] --END-- [ RunTime:0.000327s ]
SQL: SHOW COLUMNS FROM `qm_cityadmin` [ RunTime:0.0005s ]
SQL: SELECT `city` FROM `qm_cityadmin` WHERE `id` = 1 LIMIT 1   [ RunTime:0.0001s ]
SQL: SHOW COLUMNS FROM `qm_users` [ RunTime:0.0004s ]
SQL: SELECT COUNT(*) AS tp_Count FROM `qm_users` WHERE ( city="潍坊市" ) LIMIT 1   [ RunTime:0.0001s ]
SQL: SELECT * FROM `qm_users` WHERE ( city="潍坊市" ) ORDER BY grade desc LIMIT 0,7   [ RunTime:0.0001s ]
SQL: SELECT `phone` FROM `qm_users` WHERE ( id=35124876 ) LIMIT 1   [ RunTime:0.0000s ]
SQL: SELECT `phone` FROM `qm_users` WHERE ( id=98154072 ) LIMIT 1   [ RunTime:0.0000s ]
SQL: SELECT `phone` FROM `qm_users` WHERE ( id=676177 ) LIMIT 1   [ RunTime:0.0001s ]
SQL: SELECT `phone` FROM `qm_users` WHERE ( id=676177 ) LIMIT 1   [ RunTime:0.0000s ]
INFO: [ view_parse ] --START--
INFO: [ template_filter ] --START--
INFO: Run Behavior\ContentReplaceBehavior [ RunTime:0.000095s ]
INFO: [ template_filter ] --END-- [ RunTime:0.000122s ]
INFO: Run Behavior\ParseTemplateBehavior [ RunTime:0.004565s ]
INFO: [ view_parse ] --END-- [ RunTime:0.004582s ]
INFO: [ view_filter ] --START--
INFO: Run Behavior\WriteHtmlCacheBehavior [ RunTime:0.000082s ]
INFO: [ view_filter ] --END-- [ RunTime:0.000094s ]
INFO: [ app_end ] --START--
INFO: Run Behavior\ShowPageTraceBehavior [ RunTime:0.000351s ]
INFO: [ app_end ] --END-- [ RunTime:0.000370s ]

[ 2018-08-25T17:41:42+08:00 ] 58.246.221.74 /index.php/Zcity/Mgt/dkzxsp
INFO: [ app_init ] --START--
INFO: Run Behavior\BuildLiteBehavior [ RunTime:0.000010s ]
INFO: [ app_init ] --END-- [ RunTime:0.000269s ]
INFO: [ app_begin ] --START--
INFO: Run Behavior\ReadHtmlCacheBehavior [ RunTime:0.000315s ]
INFO: [ app_begin ] --END-- [ RunTime:0.000339s ]
SQL: SHOW COLUMNS FROM `qm_cityadmin` [ RunTime:0.0006s ]
SQL: SELECT `city` FROM `qm_cityadmin` WHERE `id` = 1 LIMIT 1   [ RunTime:0.0001s ]
SQL: SHOW COLUMNS FROM `qm_axf` [ RunTime:0.0004s ]
SQL: SELECT COUNT(*) AS tp_Count FROM `qm_axf` INNER JOIN qm_jilu on qm_axf.id = qm_jilu.axfid INNER JOIN qm_users on qm_axf.uid = qm_users.id   WHERE ( qm_users.city='潍坊市' ) LIMIT 1   [ RunTime:0.0001s ]
SQL: SELECT * FROM `qm_axf` INNER JOIN qm_jilu on qm_axf.id = qm_jilu.axfid INNER JOIN qm_users on qm_axf.uid = qm_users.id   WHERE ( qm_users.city='潍坊市' ) ORDER BY qm_jilu.axfid desc LIMIT 0,7   [ RunTime:0.0001s ]
INFO: [ view_parse ] --START--
INFO: [ template_filter ] --START--
INFO: Run Behavior\ContentReplaceBehavior [ RunTime:0.000049s ]
INFO: [ template_filter ] --END-- [ RunTime:0.000075s ]
INFO: Run Behavior\ParseTemplateBehavior [ RunTime:0.004699s ]
INFO: [ view_parse ] --END-- [ RunTime:0.004721s ]
INFO: [ view_filter ] --START--
INFO: Run Behavior\WriteHtmlCacheBehavior [ RunTime:0.000106s ]
INFO: [ view_filter ] --END-- [ RunTime:0.000122s ]
INFO: [ app_end ] --START--
INFO: Run Behavior\ShowPageTraceBehavior [ RunTime:0.000350s ]
INFO: [ app_end ] --END-- [ RunTime:0.000369s ]

[ 2018-08-25T17:41:45+08:00 ] 58.246.221.74 /index.php/Zcity/Mgt/dkzxdk
INFO: [ app_init ] --START--
INFO: Run Behavior\BuildLiteBehavior [ RunTime:0.000011s ]
INFO: [ app_init ] --END-- [ RunTime:0.000254s ]
INFO: [ app_begin ] --START--
INFO: Run Behavior\ReadHtmlCacheBehavior [ RunTime:0.000384s ]
INFO: [ app_begin ] --END-- [ RunTime:0.000406s ]
SQL: SHOW COLUMNS FROM `qm_cityadmin` [ RunTime:0.0006s ]
SQL: SELECT `city` FROM `qm_cityadmin` WHERE `id` = 1 LIMIT 1   [ RunTime:0.0001s ]
SQL: SHOW COLUMNS FROM `qm_dkgj` [ RunTime:0.0005s ]
SQL: SELECT COUNT(*) AS tp_Count FROM `qm_dkgj` INNER JOIN qm_jilu on qm_dkgj.id = qm_jilu.dkid INNER JOIN qm_users on qm_dkgj.uid = qm_users.id   WHERE ( qm_users.city='潍坊市' ) LIMIT 1   [ RunTime:0.0001s ]
SQL: SELECT * FROM `qm_dkgj` INNER JOIN qm_jilu on qm_dkgj.id = qm_jilu.dkid INNER JOIN qm_users on qm_dkgj.uid = qm_users.id   WHERE ( qm_users.city='潍坊市' ) ORDER BY qm_jilu.dkid desc LIMIT 0,7   [ RunTime:0.0001s ]
SQL: SELECT `zx` FROM `qm_dkgj` WHERE ( id=8 ) LIMIT 1   [ RunTime:0.0000s ]
INFO: [ view_parse ] --START--
INFO: [ template_filter ] --START--
INFO: Run Behavior\ContentReplaceBehavior [ RunTime:0.000050s ]
INFO: [ template_filter ] --END-- [ RunTime:0.000084s ]
INFO: Run Behavior\ParseTemplateBehavior [ RunTime:0.005077s ]
INFO: [ view_parse ] --END-- [ RunTime:0.005101s ]
INFO: [ view_filter ] --START--
INFO: Run Behavior\WriteHtmlCacheBehavior [ RunTime:0.000107s ]
INFO: [ view_filter ] --END-- [ RunTime:0.000125s ]
INFO: [ app_end ] --START--
INFO: Run Behavior\ShowPageTraceBehavior [ RunTime:0.000372s ]
INFO: [ app_end ] --END-- [ RunTime:0.000394s ]

[ 2018-08-25T17:41:45+08:00 ] 58.246.221.74 /index.php/Zcity/Mgt/sodel.html
INFO: [ app_init ] --START--
INFO: Run Behavior\BuildLiteBehavior [ RunTime:0.000010s ]
INFO: [ app_init ] --END-- [ RunTime:0.000242s ]
INFO: [ app_begin ] --START--
INFO: Run Behavior\ReadHtmlCacheBehavior [ RunTime:0.000332s ]
INFO: [ app_begin ] --END-- [ RunTime:0.000354s ]
ERR: 非法操作:sodel

[ 2018-08-25T17:41:46+08:00 ] 58.246.221.74 /index.php/Zcity/Mgt/sodel.html
INFO: [ app_init ] --START--
INFO: Run Behavior\BuildLiteBehavior [ RunTime:0.000009s ]
INFO: [ app_init ] --END-- [ RunTime:0.000230s ]
INFO: [ app_begin ] --START--
INFO: Run Behavior\ReadHtmlCacheBehavior [ RunTime:0.000304s ]
INFO: [ app_begin ] --END-- [ RunTime:0.000334s ]
ERR: 非法操作:sodel

[ 2018-08-25T17:41:46+08:00 ] 58.246.221.74 /index.php/Zcity/Mgt/dkzxbd
INFO: [ app_init ] --START--
INFO: Run Behavior\BuildLiteBehavior [ RunTime:0.000009s ]
INFO: [ app_init ] --END-- [ RunTime:0.000232s ]
INFO: [ app_begin ] --START--
INFO: Run Behavior\ReadHtmlCacheBehavior [ RunTime:0.000328s ]
INFO: [ app_begin ] --END-- [ RunTime:0.000351s ]
SQL: SHOW COLUMNS FROM `qm_cityadmin` [ RunTime:0.0005s ]
SQL: SELECT `city` FROM `qm_cityadmin` WHERE `id` = 1 LIMIT 1   [ RunTime:0.0001s ]
SQL: SHOW COLUMNS FROM `qm_bd` [ RunTime:0.0005s ]
SQL: SELECT COUNT(*) AS tp_Count FROM `qm_bd` INNER JOIN qm_jilu on qm_bd.id = qm_jilu.bdid INNER JOIN qm_users on qm_bd.uid = qm_users.id   WHERE ( qm_users.city='潍坊市' ) LIMIT 1   [ RunTime:0.0001s ]
SQL: SELECT * FROM `qm_bd` INNER JOIN qm_jilu on qm_bd.id = qm_jilu.bdid INNER JOIN qm_users on qm_bd.uid = qm_users.id   WHERE ( qm_users.city='潍坊市' ) ORDER BY qm_jilu.bdid desc LIMIT 0,7   [ RunTime:0.0001s ]
SQL: SELECT `zx` FROM `qm_bd` WHERE ( id=11 ) LIMIT 1   [ RunTime:0.0001s ]
INFO: [ view_parse ] --START--
INFO: [ template_filter ] --START--
INFO: Run Behavior\ContentReplaceBehavior [ RunTime:0.000062s ]
INFO: [ template_filter ] --END-- [ RunTime:0.000091s ]
INFO: Run Behavior\ParseTemplateBehavior [ RunTime:0.005170s ]
INFO: [ view_parse ] --END-- [ RunTime:0.005192s ]
INFO: [ view_filter ] --START--
INFO: Run Behavior\WriteHtmlCacheBehavior [ RunTime:0.000186s ]
INFO: [ view_filter ] --END-- [ RunTime:0.000203s ]
INFO: [ app_end ] --START--
INFO: Run Behavior\ShowPageTraceBehavior [ RunTime:0.000443s ]
INFO: [ app_end ] --END-- [ RunTime:0.000463s ]

[ 2018-08-25T17:41:50+08:00 ] 58.246.221.74 /index.php/Zcity/Mgt/zjzy
INFO: [ app_init ] --START--
INFO: Run Behavior\BuildLiteBehavior [ RunTime:0.000015s ]
INFO: [ app_init ] --END-- [ RunTime:0.000346s ]
INFO: [ app_begin ] --START--
INFO: Run Behavior\ReadHtmlCacheBehavior [ RunTime:0.000469s ]
INFO: [ app_begin ] --END-- [ RunTime:0.000500s ]
SQL: SHOW COLUMNS FROM `qm_cityadmin` [ RunTime:0.0006s ]
SQL: SELECT `city` FROM `qm_cityadmin` WHERE `id` = 1 LIMIT 1   [ RunTime:0.0001s ]
SQL: SHOW COLUMNS FROM `qm_zjzy` [ RunTime:0.0005s ]
SQL: SELECT COUNT(*) AS tp_Count FROM `qm_zjzy` WHERE ( city="潍坊" ) LIMIT 1   [ RunTime:0.0001s ]
SQL: SELECT * FROM `qm_zjzy` WHERE ( city="潍坊" ) LIMIT 0,7   [ RunTime:0.0001s ]
INFO: [ view_parse ] --START--
INFO: [ template_filter ] --START--
INFO: Run Behavior\ContentReplaceBehavior [ RunTime:0.000045s ]
INFO: [ template_filter ] --END-- [ RunTime:0.000083s ]
INFO: Run Behavior\ParseTemplateBehavior [ RunTime:0.010325s ]
INFO: [ view_parse ] --END-- [ RunTime:0.010350s ]
INFO: [ view_filter ] --START--
INFO: Run Behavior\WriteHtmlCacheBehavior [ RunTime:0.000141s ]
INFO: [ view_filter ] --END-- [ RunTime:0.000160s ]
INFO: [ app_end ] --START--
INFO: Run Behavior\ShowPageTraceBehavior [ RunTime:0.000438s ]
INFO: [ app_end ] --END-- [ RunTime:0.000461s ]

[ 2018-08-25T17:41:55+08:00 ] 58.246.221.74 /index.php/Zcity/Mgt/baodangl
INFO: [ app_init ] --START--
INFO: Run Behavior\BuildLiteBehavior [ RunTime:0.000010s ]
INFO: [ app_init ] --END-- [ RunTime:0.000299s ]
INFO: [ app_begin ] --START--
INFO: Run Behavior\ReadHtmlCacheBehavior [ RunTime:0.000363s ]
INFO: [ app_begin ] --END-- [ RunTime:0.000387s ]
SQL: SHOW COLUMNS FROM `qm_cityadmin` [ RunTime:0.0004s ]
SQL: SELECT `city` FROM `qm_cityadmin` WHERE `id` = 1 LIMIT 1   [ RunTime:0.0001s ]
SQL: SHOW COLUMNS FROM `qm_baodan` [ RunTime:0.0003s ]
SQL: SELECT COUNT(*) AS tp_Count FROM `qm_baodan` WHERE ( (city like '%潍坊%') ) LIMIT 1   [ RunTime:0.0004s ]
SQL: SELECT * FROM `qm_baodan` WHERE ( (city like '%潍坊%') ) LIMIT 0,7   [ RunTime:0.0002s ]
INFO: [ view_parse ] --START--
INFO: [ template_filter ] --START--
INFO: Run Behavior\ContentReplaceBehavior [ RunTime:0.000040s ]
INFO: [ template_filter ] --END-- [ RunTime:0.000075s ]
INFO: Run Behavior\ParseTemplateBehavior [ RunTime:0.019270s ]
INFO: [ view_parse ] --END-- [ RunTime:0.019290s ]
INFO: [ view_filter ] --START--
INFO: Run Behavior\WriteHtmlCacheBehavior [ RunTime:0.000124s ]
INFO: [ view_filter ] --END-- [ RunTime:0.000141s ]
INFO: [ app_end ] --START--
INFO: Run Behavior\ShowPageTraceBehavior [ RunTime:0.000358s ]
INFO: [ app_end ] --END-- [ RunTime:0.000378s ]

[ 2018-08-25T17:42:00+08:00 ] 58.246.221.74 /index.php/Zcity/Mgt/baodangl/p/2.html
INFO: [ app_init ] --START--
INFO: Run Behavior\BuildLiteBehavior [ RunTime:0.000011s ]
INFO: [ app_init ] --END-- [ RunTime:0.000251s ]
INFO: [ app_begin ] --START--
INFO: Run Behavior\ReadHtmlCacheBehavior [ RunTime:0.000308s ]
INFO: [ app_begin ] --END-- [ RunTime:0.000332s ]
SQL: SHOW COLUMNS FROM `qm_cityadmin` [ RunTime:0.0006s ]
SQL: SELECT `city` FROM `qm_cityadmin` WHERE `id` = 1 LIMIT 1   [ RunTime:0.0001s ]
SQL: SHOW COLUMNS FROM `qm_baodan` [ RunTime:0.0004s ]
SQL: SELECT COUNT(*) AS tp_Count FROM `qm_baodan` WHERE ( (city like '%潍坊%') ) LIMIT 1   [ RunTime:0.0000s ]
SQL: SELECT * FROM `qm_baodan` WHERE ( (city like '%潍坊%') ) LIMIT 7,7   [ RunTime:0.0006s ]
INFO: [ view_parse ] --START--
INFO: [ template_filter ] --START--
INFO: Run Behavior\ContentReplaceBehavior [ RunTime:0.000039s ]
INFO: [ template_filter ] --END-- [ RunTime:0.000063s ]
INFO: Run Behavior\ParseTemplateBehavior [ RunTime:0.004242s ]
INFO: [ view_parse ] --END-- [ RunTime:0.004263s ]
INFO: [ view_filter ] --START--
INFO: Run Behavior\WriteHtmlCacheBehavior [ RunTime:0.000259s ]
INFO: [ view_filter ] --END-- [ RunTime:0.000277s ]
INFO: [ app_end ] --START--
INFO: Run Behavior\ShowPageTraceBehavior [ RunTime:0.000369s ]
INFO: [ app_end ] --END-- [ RunTime:0.000389s ]

[ 2018-08-25T17:42:33+08:00 ] 61.129.6.78 /index.php/Zcity/Mgt/qdgl
INFO: [ app_init ] --START--
INFO: Run Behavior\BuildLiteBehavior [ RunTime:0.000007s ]
INFO: [ app_init ] --END-- [ RunTime:0.000176s ]
INFO: [ app_begin ] --START--
INFO: Run Behavior\ReadHtmlCacheBehavior [ RunTime:0.000244s ]
INFO: [ app_begin ] --END-- [ RunTime:0.000261s ]
SQL: SHOW COLUMNS FROM `qm_cityadmin` [ RunTime:0.0005s ]
SQL: SELECT `city` FROM `qm_cityadmin` WHERE `id` = 1 LIMIT 1   [ RunTime:0.0001s ]
SQL: SHOW COLUMNS FROM `qm_qd` [ RunTime:0.0004s ]
SQL: SELECT COUNT(*) AS tp_Count FROM `qm_qd` WHERE ( szcs="潍坊" ) LIMIT 1   [ RunTime:0.0000s ]
SQL: SELECT * FROM `qm_qd` WHERE ( szcs="潍坊" ) LIMIT 0,7   [ RunTime:0.0001s ]
INFO: [ view_parse ] --START--
INFO: [ template_filter ] --START--
INFO: Run Behavior\ContentReplaceBehavior [ RunTime:0.000079s ]
INFO: [ template_filter ] --END-- [ RunTime:0.000105s ]
INFO: Run Behavior\ParseTemplateBehavior [ RunTime:0.004076s ]
INFO: [ view_parse ] --END-- [ RunTime:0.004094s ]
INFO: [ view_filter ] --START--
INFO: Run Behavior\WriteHtmlCacheBehavior [ RunTime:0.000085s ]
INFO: [ view_filter ] --END-- [ RunTime:0.000098s ]
INFO: [ app_end ] --START--
INFO: Run Behavior\ShowPageTraceBehavior [ RunTime:0.000301s ]
INFO: [ app_end ] --END-- [ RunTime:0.000317s ]

[ 2018-08-25T17:42:36+08:00 ] 58.246.221.74 /index.php/Zcity/Mgt/dkzx
INFO: [ app_init ] --START--
INFO: Run Behavior\BuildLiteBehavior [ RunTime:0.000010s ]
INFO: [ app_init ] --END-- [ RunTime:0.000240s ]
INFO: [ app_begin ] --START--
INFO: Run Behavior\ReadHtmlCacheBehavior [ RunTime:0.000383s ]
INFO: [ app_begin ] --END-- [ RunTime:0.000406s ]
SQL: SHOW COLUMNS FROM `qm_cityadmin` [ RunTime:0.0006s ]
SQL: SELECT `city` FROM `qm_cityadmin` WHERE `id` = 1 LIMIT 1   [ RunTime:0.0001s ]
SQL: SHOW COLUMNS FROM `qm_yhfy` [ RunTime:0.0006s ]
SQL: SELECT COUNT(*) AS tp_Count FROM `qm_yhfy` INNER JOIN qm_jilu on qm_yhfy.id = qm_jilu.yhfyid  INNER JOIN qm_users on qm_yhfy.uid = qm_users.id   WHERE ( qm_users.city='潍坊市' ) LIMIT 1   [ RunTime:0.0001s ]
SQL: SELECT * FROM `qm_yhfy` INNER JOIN qm_jilu on qm_yhfy.id = qm_jilu.yhfyid  INNER JOIN qm_users on qm_yhfy.uid = qm_users.id   WHERE ( qm_users.city='潍坊市' ) ORDER BY qm_jilu.yhfyid desc LIMIT 0,7   [ RunTime:0.0001s ]
SQL: SELECT `fcz` FROM `qm_yhfy` WHERE ( id=20 ) LIMIT 1   [ RunTime:0.0000s ]
SQL: SELECT `zx` FROM `qm_yhfy` WHERE ( id=20 ) LIMIT 1   [ RunTime:0.0000s ]
SQL: SELECT `fcz` FROM `qm_yhfy` WHERE ( id=18 ) LIMIT 1   [ RunTime:0.0000s ]
SQL: SELECT `zx` FROM `qm_yhfy` WHERE ( id=18 ) LIMIT 1   [ RunTime:0.0000s ]
INFO: [ view_parse ] --START--
INFO: [ template_filter ] --START--
INFO: Run Behavior\ContentReplaceBehavior [ RunTime:0.000051s ]
INFO: [ template_filter ] --END-- [ RunTime:0.000081s ]
INFO: Run Behavior\ParseTemplateBehavior [ RunTime:0.005219s ]
INFO: [ view_parse ] --END-- [ RunTime:0.005243s ]
INFO: [ view_filter ] --START--
INFO: Run Behavior\WriteHtmlCacheBehavior [ RunTime:0.000128s ]
INFO: [ view_filter ] --END-- [ RunTime:0.000146s ]
INFO: [ app_end ] --START--
INFO: Run Behavior\ShowPageTraceBehavior [ RunTime:0.000470s ]
INFO: [ app_end ] --END-- [ RunTime:0.000491s ]

[ 2018-08-25T17:42:54+08:00 ] 112.224.67.82 /index.php/Zcity/Index/index.html1001APP%E7%AE%A1%E7%90%86%E7%B3%BB%E7%BB%9F
INFO: [ app_init ] --START--
INFO: Run Behavior\BuildLiteBehavior [ RunTime:0.000008s ]
INFO: [ app_init ] --END-- [ RunTime:0.000195s ]
INFO: [ app_begin ] --START--
INFO: Run Behavior\ReadHtmlCacheBehavior [ RunTime:0.000232s ]
INFO: [ app_begin ] --END-- [ RunTime:0.000258s ]
ERR: 非法操作:index.html1001APP%E7%AE%A1%E7%90%86%E7%B3%BB%E7%BB%9F

[ 2018-08-25T17:42:54+08:00 ] 112.224.67.82 /index.php/Zcity/Index/index.html1001APP%E7%AE%A1%E7%90%86%E7%B3%BB%E7%BB%9F
INFO: [ app_init ] --START--
INFO: Run Behavior\BuildLiteBehavior [ RunTime:0.000009s ]
INFO: [ app_init ] --END-- [ RunTime:0.000231s ]
INFO: [ app_begin ] --START--
INFO: Run Behavior\ReadHtmlCacheBehavior [ RunTime:0.000306s ]
INFO: [ app_begin ] --END-- [ RunTime:0.000327s ]
ERR: 非法操作:index.html1001APP%E7%AE%A1%E7%90%86%E7%B3%BB%E7%BB%9F

[ 2018-08-25T17:42:55+08:00 ] 112.224.67.82 /index.php/Zcity/Index/index.html1001APP%E7%AE%A1%E7%90%86%E7%B3%BB%E7%BB%9F
INFO: [ app_init ] --START--
INFO: Run Behavior\BuildLiteBehavior [ RunTime:0.000008s ]
INFO: [ app_init ] --END-- [ RunTime:0.000226s ]
INFO: [ app_begin ] --START--
INFO: Run Behavior\ReadHtmlCacheBehavior [ RunTime:0.000315s ]
INFO: [ app_begin ] --END-- [ RunTime:0.000344s ]
ERR: 非法操作:index.html1001APP%E7%AE%A1%E7%90%86%E7%B3%BB%E7%BB%9F

[ 2018-08-25T17:42:55+08:00 ] 112.224.67.82 /index.php/Zcity/Index/index.html1001APP%E7%AE%A1%E7%90%86%E7%B3%BB%E7%BB%9F
INFO: [ app_init ] --START--
INFO: Run Behavior\BuildLiteBehavior [ RunTime:0.000007s ]
INFO: [ app_init ] --END-- [ RunTime:0.000210s ]
INFO: [ app_begin ] --START--
INFO: Run Behavior\ReadHtmlCacheBehavior [ RunTime:0.000304s ]
INFO: [ app_begin ] --END-- [ RunTime:0.000327s ]
ERR: 非法操作:index.html1001APP%E7%AE%A1%E7%90%86%E7%B3%BB%E7%BB%9F

