[ 2018-08-30T11:49:40+08:00 ] 112.231.206.188 /index.php/Zcity/Index/index.html
INFO: [ app_init ] --START--
INFO: Run Behavior\BuildLiteBehavior [ RunTime:0.000010s ]
INFO: [ app_init ] --END-- [ RunTime:0.000234s ]
INFO: [ app_begin ] --START--
INFO: Run Behavior\ReadHtmlCacheBehavior [ RunTime:0.000395s ]
INFO: [ app_begin ] --END-- [ RunTime:0.000419s ]
NOTIC: [8] Undefined index: id /www/wwwroot/dai.juhuaian.cn/Application/Zcity/Controller/IndexController.class.php 第 6 行.
SQL: SHOW COLUMNS FROM `qm_cityadmin` [ RunTime:0.0007s ]
SQL: SELECT `role_id` FROM `qm_cityadmin` WHERE `id` = null LIMIT 1   [ RunTime:0.0002s ]
SQL: SHOW COLUMNS FROM `qm_role_right` [ RunTime:0.0004s ]
SQL: SELECT `right_id` FROM `qm_role_right` WHERE ( role_id='' )  [ RunTime:0.0001s ]
NOTIC: [2] implode(): Invalid arguments passed /www/wwwroot/dai.juhuaian.cn/Application/Zcity/Controller/IndexController.class.php 第 9 行.
SQL: SHOW COLUMNS FROM `qm_right` [ RunTime:0.0004s ]
SQL: SELECT * FROM `qm_right` WHERE ( id in ('') and parent_id=0 )  [ RunTime:0.0001s ]
SQL: SELECT * FROM `qm_right` WHERE ( id in ('') and parent_id>0 )  [ RunTime:0.0001s ]
NOTIC: [8] Undefined index: id /www/wwwroot/dai.juhuaian.cn/Application/Zcity/Controller/IndexController.class.php 第 14 行.
INFO: [ view_parse ] --START--
INFO: [ template_filter ] --START--
INFO: Run Behavior\ContentReplaceBehavior [ RunTime:0.000025s ]
INFO: [ template_filter ] --END-- [ RunTime:0.000049s ]
INFO: Run Behavior\ParseTemplateBehavior [ RunTime:0.003780s ]
INFO: [ view_parse ] --END-- [ RunTime:0.003802s ]
INFO: [ view_filter ] --START--
INFO: Run Behavior\WriteHtmlCacheBehavior [ RunTime:0.000094s ]
INFO: [ view_filter ] --END-- [ RunTime:0.000110s ]
INFO: [ app_end ] --START--
INFO: Run Behavior\ShowPageTraceBehavior [ RunTime:0.000353s ]
INFO: [ app_end ] --END-- [ RunTime:0.000371s ]

[ 2018-08-30T11:49:44+08:00 ] 112.231.206.188 /index.php/Zcity/Login/login.html
INFO: [ app_init ] --START--
INFO: Run Behavior\BuildLiteBehavior [ RunTime:0.000015s ]
INFO: [ app_init ] --END-- [ RunTime:0.000198s ]
INFO: [ app_begin ] --START--
INFO: Run Behavior\ReadHtmlCacheBehavior [ RunTime:0.000223s ]
INFO: [ app_begin ] --END-- [ RunTime:0.000240s ]
INFO: [ view_parse ] --START--
INFO: [ template_filter ] --START--
INFO: Run Behavior\ContentReplaceBehavior [ RunTime:0.000054s ]
INFO: [ template_filter ] --END-- [ RunTime:0.000079s ]
INFO: Run Behavior\ParseTemplateBehavior [ RunTime:0.003019s ]
INFO: [ view_parse ] --END-- [ RunTime:0.003039s ]
INFO: [ view_filter ] --START--
INFO: Run Behavior\WriteHtmlCacheBehavior [ RunTime:0.000106s ]
INFO: [ view_filter ] --END-- [ RunTime:0.000121s ]
INFO: [ app_end ] --START--
INFO: Run Behavior\ShowPageTraceBehavior [ RunTime:0.000373s ]
INFO: [ app_end ] --END-- [ RunTime:0.000391s ]

[ 2018-08-30T11:49:44+08:00 ] 112.231.206.188 /index.php/Zcity/Login/css/layui_1.css
INFO: [ app_init ] --START--
INFO: Run Behavior\BuildLiteBehavior [ RunTime:0.000006s ]
INFO: [ app_init ] --END-- [ RunTime:0.000185s ]
INFO: [ app_begin ] --START--
INFO: Run Behavior\ReadHtmlCacheBehavior [ RunTime:0.000240s ]
INFO: [ app_begin ] --END-- [ RunTime:0.000262s ]
ERR: 非法操作:css

[ 2018-08-30T11:49:44+08:00 ] 112.231.206.188 /index.php/Zcity/Login/css/layui_1.css
INFO: [ app_init ] --START--
INFO: Run Behavior\BuildLiteBehavior [ RunTime:0.000010s ]
INFO: [ app_init ] --END-- [ RunTime:0.000245s ]
INFO: [ app_begin ] --START--
INFO: Run Behavior\ReadHtmlCacheBehavior [ RunTime:0.000327s ]
INFO: [ app_begin ] --END-- [ RunTime:0.000350s ]
ERR: 非法操作:css

