[ 2018-04-01T21:54:52+08:00 ] 119.162.227.35 /index.php/QM_Admin_1216/Login/login.html
INFO: [ app_init ] --START--
INFO: Run Behavior\BuildLiteBehavior [ RunTime:0.000009s ]
INFO: [ app_init ] --END-- [ RunTime:0.000177s ]
INFO: [ app_begin ] --START--
INFO: Run Behavior\ReadHtmlCacheBehavior [ RunTime:0.000234s ]
INFO: [ app_begin ] --END-- [ RunTime:0.000255s ]
INFO: [ view_parse ] --START--
INFO: [ template_filter ] --START--
INFO: Run Behavior\ContentReplaceBehavior [ RunTime:0.000028s ]
INFO: [ template_filter ] --END-- [ RunTime:0.000052s ]
INFO: Run Behavior\ParseTemplateBehavior [ RunTime:0.018307s ]
INFO: [ view_parse ] --END-- [ RunTime:0.018336s ]
INFO: [ view_filter ] --START--
INFO: Run Behavior\WriteHtmlCacheBehavior [ RunTime:0.000093s ]
INFO: [ view_filter ] --END-- [ RunTime:0.000105s ]
INFO: [ app_end ] --START--
INFO: Run Behavior\ShowPageTraceBehavior [ RunTime:0.000302s ]
INFO: [ app_end ] --END-- [ RunTime:0.000319s ]

[ 2018-04-01T21:54:54+08:00 ] 119.162.227.35 /index.php/QM_Admin_1216/Login/checklogin
INFO: [ app_init ] --START--
INFO: Run Behavior\BuildLiteBehavior [ RunTime:0.000006s ]
INFO: [ app_init ] --END-- [ RunTime:0.000158s ]
INFO: [ app_begin ] --START--
INFO: Run Behavior\ReadHtmlCacheBehavior [ RunTime:0.000207s ]
INFO: [ app_begin ] --END-- [ RunTime:0.000224s ]
SQL: SHOW COLUMNS FROM `qm_adminus` [ RunTime:0.0012s ]
SQL: SELECT * FROM `qm_adminus` WHERE ( username='123' AND password='123' ) LIMIT 1   [ RunTime:0.0004s ]
INFO: [ view_parse ] --START--
INFO: [ template_filter ] --START--
INFO: Run Behavior\ContentReplaceBehavior [ RunTime:0.000017s ]
INFO: [ template_filter ] --END-- [ RunTime:0.000033s ]
INFO: Run Behavior\ParseTemplateBehavior [ RunTime:0.004031s ]
INFO: [ view_parse ] --END-- [ RunTime:0.004047s ]
INFO: [ view_filter ] --START--
INFO: Run Behavior\WriteHtmlCacheBehavior [ RunTime:0.000074s ]
INFO: [ view_filter ] --END-- [ RunTime:0.000084s ]
INFO: [ app_end ] --START--
INFO: Run Behavior\ShowPageTraceBehavior [ RunTime:0.000271s ]
INFO: [ app_end ] --END-- [ RunTime:0.000285s ]

[ 2018-04-01T21:54:55+08:00 ] 119.162.227.35 /index.php/QM_Admin_1216/Index/index.html
INFO: [ app_init ] --START--
INFO: Run Behavior\BuildLiteBehavior [ RunTime:0.000006s ]
INFO: [ app_init ] --END-- [ RunTime:0.000163s ]
INFO: [ app_begin ] --START--
INFO: Run Behavior\ReadHtmlCacheBehavior [ RunTime:0.000214s ]
INFO: [ app_begin ] --END-- [ RunTime:0.000249s ]
INFO: [ view_parse ] --START--
INFO: [ template_filter ] --START--
INFO: Run Behavior\ContentReplaceBehavior [ RunTime:0.000083s ]
INFO: [ template_filter ] --END-- [ RunTime:0.000107s ]
INFO: Run Behavior\ParseTemplateBehavior [ RunTime:0.005233s ]
INFO: [ view_parse ] --END-- [ RunTime:0.005254s ]
INFO: [ view_filter ] --START--
INFO: Run Behavior\WriteHtmlCacheBehavior [ RunTime:0.000097s ]
INFO: [ view_filter ] --END-- [ RunTime:0.000110s ]
INFO: [ app_end ] --START--
INFO: Run Behavior\ShowPageTraceBehavior [ RunTime:0.000289s ]
INFO: [ app_end ] --END-- [ RunTime:0.000304s ]

[ 2018-04-01T21:54:55+08:00 ] 119.162.227.35 /index.php/QM_Admin_1216/Index/img/icon/baidu.png
INFO: [ app_init ] --START--
INFO: Run Behavior\BuildLiteBehavior [ RunTime:0.000009s ]
INFO: [ app_init ] --END-- [ RunTime:0.000188s ]

[ 2018-04-01T21:54:55+08:00 ] 119.162.227.35 /index.php/QM_Admin_1216/Index/img/presentation/1.png
INFO: [ app_init ] --START--
INFO: Run Behavior\BuildLiteBehavior [ RunTime:0.000007s ]
INFO: [ app_init ] --END-- [ RunTime:0.000174s ]

[ 2018-04-01T21:54:56+08:00 ] 119.162.227.35 /index.php/QM_Admin_1216/Mgt/fenlei
INFO: [ app_init ] --START--
INFO: Run Behavior\BuildLiteBehavior [ RunTime:0.000006s ]
INFO: [ app_init ] --END-- [ RunTime:0.000189s ]
INFO: [ app_begin ] --START--
INFO: Run Behavior\ReadHtmlCacheBehavior [ RunTime:0.000218s ]
INFO: [ app_begin ] --END-- [ RunTime:0.000234s ]
SQL: SHOW COLUMNS FROM `qm_fenlei` [ RunTime:0.0004s ]
SQL: SELECT * FROM `qm_fenlei`  [ RunTime:0.0001s ]
INFO: [ view_parse ] --START--
INFO: [ template_filter ] --START--
INFO: Run Behavior\ContentReplaceBehavior [ RunTime:0.000032s ]
INFO: [ template_filter ] --END-- [ RunTime:0.000048s ]
NOTIC: [8] Undefined variable: pageinfo /www/wwwroot/asd.luhanforex.cn/Application/Runtime/Cache/QM_Admin_1216/e9a412a38ed4dacd6505b33bde3904bd.php 第 68 行.
INFO: Run Behavior\ParseTemplateBehavior [ RunTime:0.003489s ]
INFO: [ view_parse ] --END-- [ RunTime:0.003507s ]
INFO: [ view_filter ] --START--
INFO: Run Behavior\WriteHtmlCacheBehavior [ RunTime:0.000104s ]
INFO: [ view_filter ] --END-- [ RunTime:0.000120s ]
INFO: [ app_end ] --START--
INFO: Run Behavior\ShowPageTraceBehavior [ RunTime:0.000268s ]
INFO: [ app_end ] --END-- [ RunTime:0.000282s ]

[ 2018-04-01T21:54:59+08:00 ] 119.162.227.35 /index.php/QM_Admin_1216/Mgt/sogoods.html
INFO: [ app_init ] --START--
INFO: Run Behavior\BuildLiteBehavior [ RunTime:0.000006s ]
INFO: [ app_init ] --END-- [ RunTime:0.000174s ]
INFO: [ app_begin ] --START--
INFO: Run Behavior\ReadHtmlCacheBehavior [ RunTime:0.000217s ]
INFO: [ app_begin ] --END-- [ RunTime:0.000233s ]
SQL: SHOW COLUMNS FROM `qm_goods` [ RunTime:0.0005s ]
SQL: SELECT COUNT(*) AS tp_Count FROM `qm_goods` WHERE ( user_id= '' ) LIMIT 1   [ RunTime:0.0001s ]
SQL: SELECT * FROM `qm_goods` WHERE ( user_id= '' ) LIMIT 0,5   [ RunTime:0.0002s ]
INFO: [ app_end ] --START--
INFO: Run Behavior\ShowPageTraceBehavior [ RunTime:0.000322s ]
INFO: [ app_end ] --END-- [ RunTime:0.000340s ]

[ 2018-04-01T21:54:59+08:00 ] 119.162.227.35 /index.php/QM_Admin_1216/Mgt/addfl
INFO: [ app_init ] --START--
INFO: Run Behavior\BuildLiteBehavior [ RunTime:0.000006s ]
INFO: [ app_init ] --END-- [ RunTime:0.000193s ]
INFO: [ app_begin ] --START--
INFO: Run Behavior\ReadHtmlCacheBehavior [ RunTime:0.000234s ]
INFO: [ app_begin ] --END-- [ RunTime:0.000251s ]
SQL: SHOW COLUMNS FROM `qm_fenlei` [ RunTime:0.0004s ]
SQL: SELECT * FROM `qm_fenlei` WHERE ( pid=0 )  [ RunTime:0.0001s ]
INFO: [ view_parse ] --START--
INFO: [ template_filter ] --START--
INFO: Run Behavior\ContentReplaceBehavior [ RunTime:0.000039s ]
INFO: [ template_filter ] --END-- [ RunTime:0.000057s ]
INFO: Run Behavior\ParseTemplateBehavior [ RunTime:0.003789s ]
INFO: [ view_parse ] --END-- [ RunTime:0.003806s ]
INFO: [ view_filter ] --START--
INFO: Run Behavior\WriteHtmlCacheBehavior [ RunTime:0.000101s ]
INFO: [ view_filter ] --END-- [ RunTime:0.000114s ]
INFO: [ app_end ] --START--
INFO: Run Behavior\ShowPageTraceBehavior [ RunTime:0.000243s ]
INFO: [ app_end ] --END-- [ RunTime:0.000256s ]

[ 2018-04-01T21:55:12+08:00 ] 119.162.227.35 /index.php/QM_Admin_1216/Mgt/order
INFO: [ app_init ] --START--
INFO: Run Behavior\BuildLiteBehavior [ RunTime:0.000009s ]
INFO: [ app_init ] --END-- [ RunTime:0.000205s ]
INFO: [ app_begin ] --START--
INFO: Run Behavior\ReadHtmlCacheBehavior [ RunTime:0.000259s ]
INFO: [ app_begin ] --END-- [ RunTime:0.000277s ]
SQL: SHOW COLUMNS FROM `qm_order` [ RunTime:0.0006s ]
SQL: SELECT COUNT(*) AS tp_Count FROM `qm_order` LIMIT 1   [ RunTime:0.0001s ]
SQL: SELECT * FROM `qm_order` LIMIT 0,10   [ RunTime:0.0006s ]
ERR: 1146:Table 'asd.qm_users' doesn't exist
 [ SQL语句 ] : SHOW COLUMNS FROM `qm_users`
ERR: 1146:Table 'asd.qm_users' doesn't exist
 [ SQL语句 ] : SHOW COLUMNS FROM `qm_users`

[ 2018-04-01T21:55:14+08:00 ] 119.162.227.35 /index.php/QM_Admin_1216/Mgt/order
INFO: [ app_init ] --START--
INFO: Run Behavior\BuildLiteBehavior [ RunTime:0.000009s ]
INFO: [ app_init ] --END-- [ RunTime:0.000182s ]
INFO: [ app_begin ] --START--
INFO: Run Behavior\ReadHtmlCacheBehavior [ RunTime:0.000231s ]
INFO: [ app_begin ] --END-- [ RunTime:0.000248s ]
SQL: SHOW COLUMNS FROM `qm_order` [ RunTime:0.0005s ]
SQL: SELECT COUNT(*) AS tp_Count FROM `qm_order` LIMIT 1   [ RunTime:0.0000s ]
SQL: SELECT * FROM `qm_order` LIMIT 0,10   [ RunTime:0.0001s ]
ERR: 1146:Table 'asd.qm_users' doesn't exist
 [ SQL语句 ] : SHOW COLUMNS FROM `qm_users`
ERR: 1146:Table 'asd.qm_users' doesn't exist
 [ SQL语句 ] : SHOW COLUMNS FROM `qm_users`

[ 2018-04-01T21:55:20+08:00 ] 119.162.227.35 /index.php/QM_Admin_1216/Mgt/vipadmin
INFO: [ app_init ] --START--
INFO: Run Behavior\BuildLiteBehavior [ RunTime:0.000006s ]
INFO: [ app_init ] --END-- [ RunTime:0.000160s ]
INFO: [ app_begin ] --START--
INFO: Run Behavior\ReadHtmlCacheBehavior [ RunTime:0.000216s ]
INFO: [ app_begin ] --END-- [ RunTime:0.000233s ]
SQL: SHOW COLUMNS FROM `qm_yonghu` [ RunTime:0.0004s ]
SQL: SELECT * FROM `qm_yonghu`  [ RunTime:0.0002s ]
INFO: [ view_parse ] --START--
INFO: [ template_filter ] --START--
INFO: Run Behavior\ContentReplaceBehavior [ RunTime:0.000044s ]
INFO: [ template_filter ] --END-- [ RunTime:0.000070s ]
NOTIC: [8] Undefined variable: res /www/wwwroot/asd.luhanforex.cn/Application/Runtime/Cache/QM_Admin_1216/6a2f65c37fc930a75719eaef63a58afb.php 第 75 行.
NOTIC: [8] Undefined variable: res /www/wwwroot/asd.luhanforex.cn/Application/Runtime/Cache/QM_Admin_1216/6a2f65c37fc930a75719eaef63a58afb.php 第 75 行.
NOTIC: [8] Undefined variable: res /www/wwwroot/asd.luhanforex.cn/Application/Runtime/Cache/QM_Admin_1216/6a2f65c37fc930a75719eaef63a58afb.php 第 75 行.
NOTIC: [8] Undefined variable: res /www/wwwroot/asd.luhanforex.cn/Application/Runtime/Cache/QM_Admin_1216/6a2f65c37fc930a75719eaef63a58afb.php 第 75 行.
NOTIC: [8] Undefined variable: res /www/wwwroot/asd.luhanforex.cn/Application/Runtime/Cache/QM_Admin_1216/6a2f65c37fc930a75719eaef63a58afb.php 第 75 行.
NOTIC: [8] Undefined variable: res /www/wwwroot/asd.luhanforex.cn/Application/Runtime/Cache/QM_Admin_1216/6a2f65c37fc930a75719eaef63a58afb.php 第 75 行.
NOTIC: [8] Undefined variable: res /www/wwwroot/asd.luhanforex.cn/Application/Runtime/Cache/QM_Admin_1216/6a2f65c37fc930a75719eaef63a58afb.php 第 75 行.
NOTIC: [8] Undefined variable: pageinfo /www/wwwroot/asd.luhanforex.cn/Application/Runtime/Cache/QM_Admin_1216/6a2f65c37fc930a75719eaef63a58afb.php 第 88 行.
INFO: Run Behavior\ParseTemplateBehavior [ RunTime:0.012946s ]
INFO: [ view_parse ] --END-- [ RunTime:0.012966s ]
INFO: [ view_filter ] --START--
INFO: Run Behavior\WriteHtmlCacheBehavior [ RunTime:0.000084s ]
INFO: [ view_filter ] --END-- [ RunTime:0.000095s ]
INFO: [ app_end ] --START--
INFO: Run Behavior\ShowPageTraceBehavior [ RunTime:0.000290s ]
INFO: [ app_end ] --END-- [ RunTime:0.000303s ]

[ 2018-04-01T21:55:41+08:00 ] 119.162.227.35 /index.php/QM_Admin_1216/Mgt/shop
INFO: [ app_init ] --START--
INFO: Run Behavior\BuildLiteBehavior [ RunTime:0.000007s ]
INFO: [ app_init ] --END-- [ RunTime:0.000168s ]
INFO: [ app_begin ] --START--
INFO: Run Behavior\ReadHtmlCacheBehavior [ RunTime:0.000221s ]
INFO: [ app_begin ] --END-- [ RunTime:0.000237s ]
SQL: SHOW COLUMNS FROM `qm_shop` [ RunTime:0.0006s ]
SQL: SELECT * FROM `qm_shop`  [ RunTime:0.0002s ]
INFO: [ view_parse ] --START--
INFO: [ template_filter ] --START--
INFO: Run Behavior\ContentReplaceBehavior [ RunTime:0.000046s ]
INFO: [ template_filter ] --END-- [ RunTime:0.000070s ]
NOTIC: [8] Undefined index: isvip /www/wwwroot/asd.luhanforex.cn/Application/Runtime/Cache/QM_Admin_1216/32e63b65a858ec9695e0e6d9ab6a64ac.php 第 99 行.
NOTIC: [8] Undefined index: isvip /www/wwwroot/asd.luhanforex.cn/Application/Runtime/Cache/QM_Admin_1216/32e63b65a858ec9695e0e6d9ab6a64ac.php 第 99 行.
NOTIC: [8] Undefined index: isvip /www/wwwroot/asd.luhanforex.cn/Application/Runtime/Cache/QM_Admin_1216/32e63b65a858ec9695e0e6d9ab6a64ac.php 第 99 行.
NOTIC: [8] Undefined index: isvip /www/wwwroot/asd.luhanforex.cn/Application/Runtime/Cache/QM_Admin_1216/32e63b65a858ec9695e0e6d9ab6a64ac.php 第 99 行.
NOTIC: [8] Undefined index: isvip /www/wwwroot/asd.luhanforex.cn/Application/Runtime/Cache/QM_Admin_1216/32e63b65a858ec9695e0e6d9ab6a64ac.php 第 99 行.
NOTIC: [8] Undefined variable: pageinfo /www/wwwroot/asd.luhanforex.cn/Application/Runtime/Cache/QM_Admin_1216/32e63b65a858ec9695e0e6d9ab6a64ac.php 第 110 行.
INFO: Run Behavior\ParseTemplateBehavior [ RunTime:0.008004s ]
INFO: [ view_parse ] --END-- [ RunTime:0.008021s ]
INFO: [ view_filter ] --START--
INFO: Run Behavior\WriteHtmlCacheBehavior [ RunTime:0.000088s ]
INFO: [ view_filter ] --END-- [ RunTime:0.000099s ]
INFO: [ app_end ] --START--
INFO: Run Behavior\ShowPageTraceBehavior [ RunTime:0.000255s ]
INFO: [ app_end ] --END-- [ RunTime:0.000268s ]

[ 2018-04-01T21:55:44+08:00 ] 119.162.227.35 /index.php/QM_Admin_1216/Mgt/goodsgl
INFO: [ app_init ] --START--
INFO: Run Behavior\BuildLiteBehavior [ RunTime:0.000007s ]
INFO: [ app_init ] --END-- [ RunTime:0.000174s ]
INFO: [ app_begin ] --START--
INFO: Run Behavior\ReadHtmlCacheBehavior [ RunTime:0.000201s ]
INFO: [ app_begin ] --END-- [ RunTime:0.000216s ]
SQL: SHOW COLUMNS FROM `qm_goods` [ RunTime:0.0005s ]
SQL: SELECT COUNT(*) AS tp_Count FROM `qm_goods` LIMIT 1   [ RunTime:0.0001s ]
SQL: SELECT * FROM `qm_goods` ORDER BY id desc LIMIT 0,10   [ RunTime:0.0002s ]
INFO: [ view_parse ] --START--
INFO: [ template_filter ] --START--
INFO: Run Behavior\ContentReplaceBehavior [ RunTime:0.000041s ]
INFO: [ template_filter ] --END-- [ RunTime:0.000061s ]
NOTIC: [8] Undefined variable: res /www/wwwroot/asd.luhanforex.cn/Application/Runtime/Cache/QM_Admin_1216/3f6e2281395a59db8928057002b70f3f.php 第 95 行.
NOTIC: [8] Undefined variable: res /www/wwwroot/asd.luhanforex.cn/Application/Runtime/Cache/QM_Admin_1216/3f6e2281395a59db8928057002b70f3f.php 第 95 行.
NOTIC: [8] Undefined variable: res /www/wwwroot/asd.luhanforex.cn/Application/Runtime/Cache/QM_Admin_1216/3f6e2281395a59db8928057002b70f3f.php 第 95 行.
NOTIC: [8] Undefined variable: res /www/wwwroot/asd.luhanforex.cn/Application/Runtime/Cache/QM_Admin_1216/3f6e2281395a59db8928057002b70f3f.php 第 95 行.
NOTIC: [8] Undefined variable: res /www/wwwroot/asd.luhanforex.cn/Application/Runtime/Cache/QM_Admin_1216/3f6e2281395a59db8928057002b70f3f.php 第 95 行.
NOTIC: [8] Undefined variable: res /www/wwwroot/asd.luhanforex.cn/Application/Runtime/Cache/QM_Admin_1216/3f6e2281395a59db8928057002b70f3f.php 第 95 行.
NOTIC: [8] Undefined variable: res /www/wwwroot/asd.luhanforex.cn/Application/Runtime/Cache/QM_Admin_1216/3f6e2281395a59db8928057002b70f3f.php 第 95 行.
NOTIC: [8] Undefined variable: res /www/wwwroot/asd.luhanforex.cn/Application/Runtime/Cache/QM_Admin_1216/3f6e2281395a59db8928057002b70f3f.php 第 95 行.
NOTIC: [8] Undefined variable: res /www/wwwroot/asd.luhanforex.cn/Application/Runtime/Cache/QM_Admin_1216/3f6e2281395a59db8928057002b70f3f.php 第 95 行.
NOTIC: [8] Undefined variable: res /www/wwwroot/asd.luhanforex.cn/Application/Runtime/Cache/QM_Admin_1216/3f6e2281395a59db8928057002b70f3f.php 第 95 行.
INFO: Run Behavior\ParseTemplateBehavior [ RunTime:0.004025s ]
INFO: [ view_parse ] --END-- [ RunTime:0.004042s ]
INFO: [ view_filter ] --START--
INFO: Run Behavior\WriteHtmlCacheBehavior [ RunTime:0.000107s ]
INFO: [ view_filter ] --END-- [ RunTime:0.000119s ]
INFO: [ app_end ] --START--
INFO: Run Behavior\ShowPageTraceBehavior [ RunTime:0.000341s ]
INFO: [ app_end ] --END-- [ RunTime:0.000357s ]

[ 2018-04-01T21:56:06+08:00 ] 119.162.227.35 /index.php/QM_Admin_1216/Mgt/sogoods.html
INFO: [ app_init ] --START--
INFO: Run Behavior\BuildLiteBehavior [ RunTime:0.000007s ]
INFO: [ app_init ] --END-- [ RunTime:0.000165s ]
INFO: [ app_begin ] --START--
INFO: Run Behavior\ReadHtmlCacheBehavior [ RunTime:0.000227s ]
INFO: [ app_begin ] --END-- [ RunTime:0.000243s ]
SQL: SHOW COLUMNS FROM `qm_goods` [ RunTime:0.0005s ]
SQL: SELECT COUNT(*) AS tp_Count FROM `qm_goods` WHERE ( user_id= '' ) LIMIT 1   [ RunTime:0.0000s ]
SQL: SELECT * FROM `qm_goods` WHERE ( user_id= '' ) LIMIT 0,5   [ RunTime:0.0001s ]
INFO: [ app_end ] --START--
INFO: Run Behavior\ShowPageTraceBehavior [ RunTime:0.000249s ]
INFO: [ app_end ] --END-- [ RunTime:0.000272s ]

[ 2018-04-01T21:56:06+08:00 ] 119.162.227.35 /index.php/QM_Admin_1216/Mgt/addcp
INFO: [ app_init ] --START--
INFO: Run Behavior\BuildLiteBehavior [ RunTime:0.000008s ]
INFO: [ app_init ] --END-- [ RunTime:0.000184s ]
INFO: [ app_begin ] --START--
INFO: Run Behavior\ReadHtmlCacheBehavior [ RunTime:0.000232s ]
INFO: [ app_begin ] --END-- [ RunTime:0.000248s ]
INFO: [ view_parse ] --START--
INFO: [ template_filter ] --START--
INFO: Run Behavior\ContentReplaceBehavior [ RunTime:0.000041s ]
INFO: [ template_filter ] --END-- [ RunTime:0.000060s ]
INFO: Run Behavior\ParseTemplateBehavior [ RunTime:0.003381s ]
INFO: [ view_parse ] --END-- [ RunTime:0.003399s ]
INFO: [ view_filter ] --START--
INFO: Run Behavior\WriteHtmlCacheBehavior [ RunTime:0.000092s ]
INFO: [ view_filter ] --END-- [ RunTime:0.000104s ]
INFO: [ app_end ] --START--
INFO: Run Behavior\ShowPageTraceBehavior [ RunTime:0.000239s ]
INFO: [ app_end ] --END-- [ RunTime:0.000257s ]

[ 2018-04-01T21:56:10+08:00 ] 119.162.227.35 /index.php/QM_Admin_1216/Mgt/goodsgl
INFO: [ app_init ] --START--
INFO: Run Behavior\BuildLiteBehavior [ RunTime:0.000010s ]
INFO: [ app_init ] --END-- [ RunTime:0.000220s ]
INFO: [ app_begin ] --START--
INFO: Run Behavior\ReadHtmlCacheBehavior [ RunTime:0.000283s ]
INFO: [ app_begin ] --END-- [ RunTime:0.000304s ]
SQL: SHOW COLUMNS FROM `qm_goods` [ RunTime:0.0005s ]
SQL: SELECT COUNT(*) AS tp_Count FROM `qm_goods` LIMIT 1   [ RunTime:0.0000s ]
SQL: SELECT * FROM `qm_goods` ORDER BY id desc LIMIT 0,10   [ RunTime:0.0001s ]
INFO: [ view_parse ] --START--
INFO: [ template_filter ] --START--
INFO: Run Behavior\ContentReplaceBehavior [ RunTime:0.000039s ]
INFO: [ template_filter ] --END-- [ RunTime:0.000056s ]
NOTIC: [8] Undefined variable: res /www/wwwroot/asd.luhanforex.cn/Application/Runtime/Cache/QM_Admin_1216/3f6e2281395a59db8928057002b70f3f.php 第 95 行.
NOTIC: [8] Undefined variable: res /www/wwwroot/asd.luhanforex.cn/Application/Runtime/Cache/QM_Admin_1216/3f6e2281395a59db8928057002b70f3f.php 第 95 行.
NOTIC: [8] Undefined variable: res /www/wwwroot/asd.luhanforex.cn/Application/Runtime/Cache/QM_Admin_1216/3f6e2281395a59db8928057002b70f3f.php 第 95 行.
NOTIC: [8] Undefined variable: res /www/wwwroot/asd.luhanforex.cn/Application/Runtime/Cache/QM_Admin_1216/3f6e2281395a59db8928057002b70f3f.php 第 95 行.
NOTIC: [8] Undefined variable: res /www/wwwroot/asd.luhanforex.cn/Application/Runtime/Cache/QM_Admin_1216/3f6e2281395a59db8928057002b70f3f.php 第 95 行.
NOTIC: [8] Undefined variable: res /www/wwwroot/asd.luhanforex.cn/Application/Runtime/Cache/QM_Admin_1216/3f6e2281395a59db8928057002b70f3f.php 第 95 行.
NOTIC: [8] Undefined variable: res /www/wwwroot/asd.luhanforex.cn/Application/Runtime/Cache/QM_Admin_1216/3f6e2281395a59db8928057002b70f3f.php 第 95 行.
NOTIC: [8] Undefined variable: res /www/wwwroot/asd.luhanforex.cn/Application/Runtime/Cache/QM_Admin_1216/3f6e2281395a59db8928057002b70f3f.php 第 95 行.
NOTIC: [8] Undefined variable: res /www/wwwroot/asd.luhanforex.cn/Application/Runtime/Cache/QM_Admin_1216/3f6e2281395a59db8928057002b70f3f.php 第 95 行.
NOTIC: [8] Undefined variable: res /www/wwwroot/asd.luhanforex.cn/Application/Runtime/Cache/QM_Admin_1216/3f6e2281395a59db8928057002b70f3f.php 第 95 行.
INFO: Run Behavior\ParseTemplateBehavior [ RunTime:0.003760s ]
INFO: [ view_parse ] --END-- [ RunTime:0.003785s ]
INFO: [ view_filter ] --START--
INFO: Run Behavior\WriteHtmlCacheBehavior [ RunTime:0.000092s ]
INFO: [ view_filter ] --END-- [ RunTime:0.000106s ]
INFO: [ app_end ] --START--
INFO: Run Behavior\ShowPageTraceBehavior [ RunTime:0.000275s ]
INFO: [ app_end ] --END-- [ RunTime:0.000290s ]

[ 2018-04-01T21:56:57+08:00 ] 119.162.227.35 /index.php/QM_Admin_1216/Mgt/ecp/id/626
INFO: [ app_init ] --START--
INFO: Run Behavior\BuildLiteBehavior [ RunTime:0.000007s ]
INFO: [ app_init ] --END-- [ RunTime:0.000160s ]
INFO: [ app_begin ] --START--
INFO: Run Behavior\ReadHtmlCacheBehavior [ RunTime:0.000204s ]
INFO: [ app_begin ] --END-- [ RunTime:0.000220s ]
SQL: SHOW COLUMNS FROM `qm_goods` [ RunTime:0.0004s ]
SQL: SELECT * FROM `qm_goods` WHERE ( id='626' ) LIMIT 1   [ RunTime:0.0001s ]
INFO: [ view_parse ] --START--
INFO: [ template_filter ] --START--
INFO: Run Behavior\ContentReplaceBehavior [ RunTime:0.000048s ]
INFO: [ template_filter ] --END-- [ RunTime:0.000070s ]
NOTIC: [8] Undefined index: pinpai /www/wwwroot/asd.luhanforex.cn/Application/Runtime/Cache/QM_Admin_1216/8e14a8473a9fef614317fc7d40fade4d.php 第 56 行.
INFO: Run Behavior\ParseTemplateBehavior [ RunTime:0.004194s ]
INFO: [ view_parse ] --END-- [ RunTime:0.004208s ]
INFO: [ view_filter ] --START--
INFO: Run Behavior\WriteHtmlCacheBehavior [ RunTime:0.000093s ]
INFO: [ view_filter ] --END-- [ RunTime:0.000104s ]
INFO: [ app_end ] --START--
INFO: Run Behavior\ShowPageTraceBehavior [ RunTime:0.000256s ]
INFO: [ app_end ] --END-- [ RunTime:0.000270s ]

[ 2018-04-01T21:58:55+08:00 ] 119.162.227.35 /index.php/QM_Admin_1216/Mgt/goodsgl
INFO: [ app_init ] --START--
INFO: Run Behavior\BuildLiteBehavior [ RunTime:0.000006s ]
INFO: [ app_init ] --END-- [ RunTime:0.000179s ]
INFO: [ app_begin ] --START--
INFO: Run Behavior\ReadHtmlCacheBehavior [ RunTime:0.000223s ]
INFO: [ app_begin ] --END-- [ RunTime:0.000239s ]
SQL: SHOW COLUMNS FROM `qm_goods` [ RunTime:0.0005s ]
SQL: SELECT COUNT(*) AS tp_Count FROM `qm_goods` LIMIT 1   [ RunTime:0.0000s ]
SQL: SELECT * FROM `qm_goods` ORDER BY id desc LIMIT 0,10   [ RunTime:0.0001s ]
INFO: [ view_parse ] --START--
INFO: [ template_filter ] --START--
INFO: Run Behavior\ContentReplaceBehavior [ RunTime:0.000042s ]
INFO: [ template_filter ] --END-- [ RunTime:0.000060s ]
NOTIC: [8] Undefined variable: res /www/wwwroot/asd.luhanforex.cn/Application/Runtime/Cache/QM_Admin_1216/3f6e2281395a59db8928057002b70f3f.php 第 95 行.
NOTIC: [8] Undefined variable: res /www/wwwroot/asd.luhanforex.cn/Application/Runtime/Cache/QM_Admin_1216/3f6e2281395a59db8928057002b70f3f.php 第 95 行.
NOTIC: [8] Undefined variable: res /www/wwwroot/asd.luhanforex.cn/Application/Runtime/Cache/QM_Admin_1216/3f6e2281395a59db8928057002b70f3f.php 第 95 行.
NOTIC: [8] Undefined variable: res /www/wwwroot/asd.luhanforex.cn/Application/Runtime/Cache/QM_Admin_1216/3f6e2281395a59db8928057002b70f3f.php 第 95 行.
NOTIC: [8] Undefined variable: res /www/wwwroot/asd.luhanforex.cn/Application/Runtime/Cache/QM_Admin_1216/3f6e2281395a59db8928057002b70f3f.php 第 95 行.
NOTIC: [8] Undefined variable: res /www/wwwroot/asd.luhanforex.cn/Application/Runtime/Cache/QM_Admin_1216/3f6e2281395a59db8928057002b70f3f.php 第 95 行.
NOTIC: [8] Undefined variable: res /www/wwwroot/asd.luhanforex.cn/Application/Runtime/Cache/QM_Admin_1216/3f6e2281395a59db8928057002b70f3f.php 第 95 行.
NOTIC: [8] Undefined variable: res /www/wwwroot/asd.luhanforex.cn/Application/Runtime/Cache/QM_Admin_1216/3f6e2281395a59db8928057002b70f3f.php 第 95 行.
NOTIC: [8] Undefined variable: res /www/wwwroot/asd.luhanforex.cn/Application/Runtime/Cache/QM_Admin_1216/3f6e2281395a59db8928057002b70f3f.php 第 95 行.
NOTIC: [8] Undefined variable: res /www/wwwroot/asd.luhanforex.cn/Application/Runtime/Cache/QM_Admin_1216/3f6e2281395a59db8928057002b70f3f.php 第 95 行.
INFO: Run Behavior\ParseTemplateBehavior [ RunTime:0.003443s ]
INFO: [ view_parse ] --END-- [ RunTime:0.003457s ]
INFO: [ view_filter ] --START--
INFO: Run Behavior\WriteHtmlCacheBehavior [ RunTime:0.000081s ]
INFO: [ view_filter ] --END-- [ RunTime:0.000093s ]
INFO: [ app_end ] --START--
INFO: Run Behavior\ShowPageTraceBehavior [ RunTime:0.000251s ]
INFO: [ app_end ] --END-- [ RunTime:0.000263s ]

