[ 2018-06-07T03:20:09+08:00 ] 101.226.64.174 /index.php/QM_Admin_1216/Mgt/dsq
INFO: [ app_init ] --START--
INFO: Run Behavior\BuildLiteBehavior [ RunTime:0.000007s ]
INFO: [ app_init ] --END-- [ RunTime:0.000172s ]
INFO: [ app_begin ] --START--
INFO: Run Behavior\ReadHtmlCacheBehavior [ RunTime:0.000333s ]
INFO: [ app_begin ] --END-- [ RunTime:0.000363s ]
SQL: SHOW COLUMNS FROM `qm_data` [ RunTime:0.0009s ]
SQL: SELECT * FROM `qm_data`  [ RunTime:0.0001s ]
INFO: [ view_parse ] --START--
INFO: [ template_filter ] --START--
INFO: Run Behavior\ContentReplaceBehavior [ RunTime:0.000041s ]
INFO: [ template_filter ] --END-- [ RunTime:0.000064s ]
NOTIC: [8] Undefined variable: pageinfo /www/wwwroot/dai.juhuaian.cn/Application/Runtime/Cache/QM_Admin_1216/d8523ec92113949067aba165a3046d52.php 第 66 行.
INFO: Run Behavior\ParseTemplateBehavior [ RunTime:0.005901s ]
INFO: [ view_parse ] --END-- [ RunTime:0.005928s ]
INFO: [ view_filter ] --START--
INFO: Run Behavior\WriteHtmlCacheBehavior [ RunTime:0.000089s ]
INFO: [ view_filter ] --END-- [ RunTime:0.000101s ]
INFO: [ app_end ] --START--
INFO: Run Behavior\ShowPageTraceBehavior [ RunTime:0.000307s ]
INFO: [ app_end ] --END-- [ RunTime:0.000326s ]

[ 2018-06-07T03:33:10+08:00 ] 112.90.82.196 /index.php/QM_Admin_1216/Mgt/xqdata/id/7
INFO: [ app_init ] --START--
INFO: Run Behavior\BuildLiteBehavior [ RunTime:0.000018s ]
INFO: [ app_init ] --END-- [ RunTime:0.000282s ]
INFO: [ app_begin ] --START--
INFO: Run Behavior\ReadHtmlCacheBehavior [ RunTime:0.000368s ]
INFO: [ app_begin ] --END-- [ RunTime:0.000391s ]
SQL: SHOW COLUMNS FROM `qm_data` [ RunTime:0.0097s ]
SQL: SELECT * FROM `qm_data` WHERE ( id='7' ) LIMIT 1   [ RunTime:0.0001s ]
INFO: [ view_parse ] --START--
INFO: [ template_filter ] --START--
INFO: Run Behavior\ContentReplaceBehavior [ RunTime:0.000069s ]
INFO: [ template_filter ] --END-- [ RunTime:0.000091s ]
NOTIC: [8] Undefined variable: name /www/wwwroot/dai.juhuaian.cn/Application/Runtime/Cache/QM_Admin_1216/ee10e7e9431fb07698f7443c16452d25.php 第 26 行.
NOTIC: [8] Undefined variable: sex /www/wwwroot/dai.juhuaian.cn/Application/Runtime/Cache/QM_Admin_1216/ee10e7e9431fb07698f7443c16452d25.php 第 27 行.
NOTIC: [8] Undefined variable: newphone /www/wwwroot/dai.juhuaian.cn/Application/Runtime/Cache/QM_Admin_1216/ee10e7e9431fb07698f7443c16452d25.php 第 28 行.
NOTIC: [8] Undefined variable: lphone /www/wwwroot/dai.juhuaian.cn/Application/Runtime/Cache/QM_Admin_1216/ee10e7e9431fb07698f7443c16452d25.php 第 29 行.
NOTIC: [8] Undefined variable: xl /www/wwwroot/dai.juhuaian.cn/Application/Runtime/Cache/QM_Admin_1216/ee10e7e9431fb07698f7443c16452d25.php 第 30 行.
NOTIC: [8] Undefined variable: yx /www/wwwroot/dai.juhuaian.cn/Application/Runtime/Cache/QM_Admin_1216/ee10e7e9431fb07698f7443c16452d25.php 第 31 行.
NOTIC: [8] Undefined variable: idcnu /www/wwwroot/dai.juhuaian.cn/Application/Runtime/Cache/QM_Admin_1216/ee10e7e9431fb07698f7443c16452d25.php 第 32 行.
NOTIC: [8] Undefined variable: sfzyxq /www/wwwroot/dai.juhuaian.cn/Application/Runtime/Cache/QM_Admin_1216/ee10e7e9431fb07698f7443c16452d25.php 第 33 行.
NOTIC: [8] Undefined variable: hjdz /www/wwwroot/dai.juhuaian.cn/Application/Runtime/Cache/QM_Admin_1216/ee10e7e9431fb07698f7443c16452d25.php 第 34 行.
NOTIC: [8] Undefined variable: fzjg /www/wwwroot/dai.juhuaian.cn/Application/Runtime/Cache/QM_Admin_1216/ee10e7e9431fb07698f7443c16452d25.php 第 35 行.
NOTIC: [8] Undefined variable: xzz /www/wwwroot/dai.juhuaian.cn/Application/Runtime/Cache/QM_Admin_1216/ee10e7e9431fb07698f7443c16452d25.php 第 36 行.
NOTIC: [8] Undefined variable: gsmc /www/wwwroot/dai.juhuaian.cn/Application/Runtime/Cache/QM_Admin_1216/ee10e7e9431fb07698f7443c16452d25.php 第 37 行.
NOTIC: [8] Undefined variable: zg /www/wwwroot/dai.juhuaian.cn/Application/Runtime/Cache/QM_Admin_1216/ee10e7e9431fb07698f7443c16452d25.php 第 38 行.
NOTIC: [8] Undefined variable: gsdz /www/wwwroot/dai.juhuaian.cn/Application/Runtime/Cache/QM_Admin_1216/ee10e7e9431fb07698f7443c16452d25.php 第 39 行.
NOTIC: [8] Undefined variable: gsdh /www/wwwroot/dai.juhuaian.cn/Application/Runtime/Cache/QM_Admin_1216/ee10e7e9431fb07698f7443c16452d25.php 第 40 行.
NOTIC: [8] Undefined variable: bm /www/wwwroot/dai.juhuaian.cn/Application/Runtime/Cache/QM_Admin_1216/ee10e7e9431fb07698f7443c16452d25.php 第 41 行.
NOTIC: [8] Undefined variable: zw /www/wwwroot/dai.juhuaian.cn/Application/Runtime/Cache/QM_Admin_1216/ee10e7e9431fb07698f7443c16452d25.php 第 42 行.
NOTIC: [8] Undefined variable: nsr /www/wwwroot/dai.juhuaian.cn/Application/Runtime/Cache/QM_Admin_1216/ee10e7e9431fb07698f7443c16452d25.php 第 43 行.
NOTIC: [8] Undefined variable: gznx /www/wwwroot/dai.juhuaian.cn/Application/Runtime/Cache/QM_Admin_1216/ee10e7e9431fb07698f7443c16452d25.php 第 44 行.
NOTIC: [8] Undefined variable: sfyc /www/wwwroot/dai.juhuaian.cn/Application/Runtime/Cache/QM_Admin_1216/ee10e7e9431fb07698f7443c16452d25.php 第 45 行.
NOTIC: [8] Undefined variable: cph /www/wwwroot/dai.juhuaian.cn/Application/Runtime/Cache/QM_Admin_1216/ee10e7e9431fb07698f7443c16452d25.php 第 46 行.
NOTIC: [8] Undefined variable: fc /www/wwwroot/dai.juhuaian.cn/Application/Runtime/Cache/QM_Admin_1216/ee10e7e9431fb07698f7443c16452d25.php 第 47 行.
INFO: Run Behavior\ParseTemplateBehavior [ RunTime:0.007108s ]
INFO: [ view_parse ] --END-- [ RunTime:0.007128s ]
INFO: [ view_filter ] --START--
INFO: Run Behavior\WriteHtmlCacheBehavior [ RunTime:0.000148s ]
INFO: [ view_filter ] --END-- [ RunTime:0.000165s ]
INFO: [ app_end ] --START--
INFO: Run Behavior\ShowPageTraceBehavior [ RunTime:0.000467s ]
INFO: [ app_end ] --END-- [ RunTime:0.000488s ]

[ 2018-06-07T16:04:41+08:00 ] 61.151.207.252 /index.php/QM_Admin_1216
INFO: [ app_init ] --START--
INFO: Run Behavior\BuildLiteBehavior [ RunTime:0.000009s ]
INFO: [ app_init ] --END-- [ RunTime:0.000215s ]
INFO: [ app_begin ] --START--
INFO: Run Behavior\ReadHtmlCacheBehavior [ RunTime:0.000275s ]
INFO: [ app_begin ] --END-- [ RunTime:0.000297s ]
NOTIC: [8] Undefined index: id /www/wwwroot/dai.juhuaian.cn/Application/QM_Admin_1216/Controller/IndexController.class.php 第 6 行.
INFO: [ view_parse ] --START--
INFO: [ template_filter ] --START--
INFO: Run Behavior\ContentReplaceBehavior [ RunTime:0.000016s ]
INFO: [ template_filter ] --END-- [ RunTime:0.000033s ]
INFO: Run Behavior\ParseTemplateBehavior [ RunTime:0.009231s ]
INFO: [ view_parse ] --END-- [ RunTime:0.009263s ]
INFO: [ view_filter ] --START--
INFO: Run Behavior\WriteHtmlCacheBehavior [ RunTime:0.000107s ]
INFO: [ view_filter ] --END-- [ RunTime:0.000121s ]
INFO: [ app_end ] --START--
INFO: Run Behavior\ShowPageTraceBehavior [ RunTime:0.000360s ]
INFO: [ app_end ] --END-- [ RunTime:0.000380s ]

[ 2018-06-07T16:04:44+08:00 ] 61.151.207.252 /index.php/QM_Admin_1216/Login/login.html
INFO: [ app_init ] --START--
INFO: Run Behavior\BuildLiteBehavior [ RunTime:0.000006s ]
INFO: [ app_init ] --END-- [ RunTime:0.000186s ]
INFO: [ app_begin ] --START--
INFO: Run Behavior\ReadHtmlCacheBehavior [ RunTime:0.000263s ]
INFO: [ app_begin ] --END-- [ RunTime:0.000279s ]
INFO: [ view_parse ] --START--
INFO: [ template_filter ] --START--
INFO: Run Behavior\ContentReplaceBehavior [ RunTime:0.000026s ]
INFO: [ template_filter ] --END-- [ RunTime:0.000051s ]
INFO: Run Behavior\ParseTemplateBehavior [ RunTime:0.002701s ]
INFO: [ view_parse ] --END-- [ RunTime:0.002717s ]
INFO: [ view_filter ] --START--
INFO: Run Behavior\WriteHtmlCacheBehavior [ RunTime:0.000070s ]
INFO: [ view_filter ] --END-- [ RunTime:0.000080s ]
INFO: [ app_end ] --START--
INFO: Run Behavior\ShowPageTraceBehavior [ RunTime:0.000327s ]
INFO: [ app_end ] --END-- [ RunTime:0.000345s ]

[ 2018-06-07T16:04:57+08:00 ] 61.151.207.252 /index.php/QM_Admin_1216/Login/checklogin
INFO: [ app_init ] --START--
INFO: Run Behavior\BuildLiteBehavior [ RunTime:0.000007s ]
INFO: [ app_init ] --END-- [ RunTime:0.000181s ]
INFO: [ app_begin ] --START--
INFO: Run Behavior\ReadHtmlCacheBehavior [ RunTime:0.000250s ]
INFO: [ app_begin ] --END-- [ RunTime:0.000268s ]
SQL: SHOW COLUMNS FROM `qm_adminus` [ RunTime:0.0004s ]
SQL: SELECT * FROM `qm_adminus` WHERE ( username='123' AND password='123' ) LIMIT 1   [ RunTime:0.0000s ]
INFO: [ view_parse ] --START--
INFO: [ template_filter ] --START--
INFO: Run Behavior\ContentReplaceBehavior [ RunTime:0.000020s ]
INFO: [ template_filter ] --END-- [ RunTime:0.000050s ]
INFO: Run Behavior\ParseTemplateBehavior [ RunTime:0.002595s ]
INFO: [ view_parse ] --END-- [ RunTime:0.002612s ]
INFO: [ view_filter ] --START--
INFO: Run Behavior\WriteHtmlCacheBehavior [ RunTime:0.000085s ]
INFO: [ view_filter ] --END-- [ RunTime:0.000096s ]
INFO: [ app_end ] --START--
INFO: Run Behavior\ShowPageTraceBehavior [ RunTime:0.000267s ]
INFO: [ app_end ] --END-- [ RunTime:0.000282s ]

[ 2018-06-07T16:04:58+08:00 ] 61.151.207.252 /index.php/QM_Admin_1216/Index/index.html
INFO: [ app_init ] --START--
INFO: Run Behavior\BuildLiteBehavior [ RunTime:0.000008s ]
INFO: [ app_init ] --END-- [ RunTime:0.000223s ]
INFO: [ app_begin ] --START--
INFO: Run Behavior\ReadHtmlCacheBehavior [ RunTime:0.000312s ]
INFO: [ app_begin ] --END-- [ RunTime:0.000356s ]
INFO: [ view_parse ] --START--
INFO: [ template_filter ] --START--
INFO: Run Behavior\ContentReplaceBehavior [ RunTime:0.000066s ]
INFO: [ template_filter ] --END-- [ RunTime:0.000094s ]
INFO: Run Behavior\ParseTemplateBehavior [ RunTime:0.004137s ]
INFO: [ view_parse ] --END-- [ RunTime:0.004161s ]
INFO: [ view_filter ] --START--
INFO: Run Behavior\WriteHtmlCacheBehavior [ RunTime:0.000091s ]
INFO: [ view_filter ] --END-- [ RunTime:0.000104s ]
INFO: [ app_end ] --START--
INFO: Run Behavior\ShowPageTraceBehavior [ RunTime:0.000282s ]
INFO: [ app_end ] --END-- [ RunTime:0.000300s ]

[ 2018-06-07T16:04:59+08:00 ] 223.104.186.246 /index.php/QM_Admin_1216/Index/img/icon/baidu.png
INFO: [ app_init ] --START--
INFO: Run Behavior\BuildLiteBehavior [ RunTime:0.000006s ]
INFO: [ app_init ] --END-- [ RunTime:0.000168s ]

[ 2018-06-07T16:04:59+08:00 ] 223.104.186.246 /index.php/QM_Admin_1216/Index/img/presentation/1.png
INFO: [ app_init ] --START--
INFO: Run Behavior\BuildLiteBehavior [ RunTime:0.000008s ]
INFO: [ app_init ] --END-- [ RunTime:0.000184s ]

[ 2018-06-07T16:04:59+08:00 ] 223.104.186.246 /index.php/QM_Admin_1216/Index/img/icon/baidu.png
INFO: [ app_init ] --START--
INFO: Run Behavior\BuildLiteBehavior [ RunTime:0.000007s ]
INFO: [ app_init ] --END-- [ RunTime:0.000160s ]

[ 2018-06-07T16:05:01+08:00 ] 61.151.207.252 /index.php/QM_Admin_1216/Mgt/dsq
INFO: [ app_init ] --START--
INFO: Run Behavior\BuildLiteBehavior [ RunTime:0.000007s ]
INFO: [ app_init ] --END-- [ RunTime:0.000200s ]
INFO: [ app_begin ] --START--
INFO: Run Behavior\ReadHtmlCacheBehavior [ RunTime:0.000219s ]
INFO: [ app_begin ] --END-- [ RunTime:0.000235s ]
SQL: SHOW COLUMNS FROM `qm_data` [ RunTime:0.0005s ]
SQL: SELECT * FROM `qm_data`  [ RunTime:0.0004s ]
INFO: [ view_parse ] --START--
INFO: [ template_filter ] --START--
INFO: Run Behavior\ContentReplaceBehavior [ RunTime:0.000035s ]
INFO: [ template_filter ] --END-- [ RunTime:0.000056s ]
NOTIC: [8] Undefined variable: pageinfo /www/wwwroot/dai.juhuaian.cn/Application/Runtime/Cache/QM_Admin_1216/d8523ec92113949067aba165a3046d52.php 第 66 行.
INFO: Run Behavior\ParseTemplateBehavior [ RunTime:0.006993s ]
INFO: [ view_parse ] --END-- [ RunTime:0.007010s ]
INFO: [ view_filter ] --START--
INFO: Run Behavior\WriteHtmlCacheBehavior [ RunTime:0.000116s ]
INFO: [ view_filter ] --END-- [ RunTime:0.000129s ]
INFO: [ app_end ] --START--
INFO: Run Behavior\ShowPageTraceBehavior [ RunTime:0.000346s ]
INFO: [ app_end ] --END-- [ RunTime:0.000367s ]

[ 2018-06-07T16:05:09+08:00 ] 61.151.207.252 /index.php/QM_Admin_1216/Mgt/xqdata/id/17
INFO: [ app_init ] --START--
INFO: Run Behavior\BuildLiteBehavior [ RunTime:0.000009s ]
INFO: [ app_init ] --END-- [ RunTime:0.000254s ]
INFO: [ app_begin ] --START--
INFO: Run Behavior\ReadHtmlCacheBehavior [ RunTime:0.000296s ]
INFO: [ app_begin ] --END-- [ RunTime:0.000315s ]
SQL: SHOW COLUMNS FROM `qm_data` [ RunTime:0.0007s ]
SQL: SELECT * FROM `qm_data` WHERE ( id='17' ) LIMIT 1   [ RunTime:0.0002s ]
INFO: [ view_parse ] --START--
INFO: [ template_filter ] --START--
INFO: Run Behavior\ContentReplaceBehavior [ RunTime:0.000067s ]
INFO: [ template_filter ] --END-- [ RunTime:0.000095s ]
NOTIC: [8] Undefined variable: name /www/wwwroot/dai.juhuaian.cn/Application/Runtime/Cache/QM_Admin_1216/ee10e7e9431fb07698f7443c16452d25.php 第 26 行.
NOTIC: [8] Undefined variable: sex /www/wwwroot/dai.juhuaian.cn/Application/Runtime/Cache/QM_Admin_1216/ee10e7e9431fb07698f7443c16452d25.php 第 27 行.
NOTIC: [8] Undefined variable: newphone /www/wwwroot/dai.juhuaian.cn/Application/Runtime/Cache/QM_Admin_1216/ee10e7e9431fb07698f7443c16452d25.php 第 28 行.
NOTIC: [8] Undefined variable: lphone /www/wwwroot/dai.juhuaian.cn/Application/Runtime/Cache/QM_Admin_1216/ee10e7e9431fb07698f7443c16452d25.php 第 29 行.
NOTIC: [8] Undefined variable: xl /www/wwwroot/dai.juhuaian.cn/Application/Runtime/Cache/QM_Admin_1216/ee10e7e9431fb07698f7443c16452d25.php 第 30 行.
NOTIC: [8] Undefined variable: yx /www/wwwroot/dai.juhuaian.cn/Application/Runtime/Cache/QM_Admin_1216/ee10e7e9431fb07698f7443c16452d25.php 第 31 行.
NOTIC: [8] Undefined variable: idcnu /www/wwwroot/dai.juhuaian.cn/Application/Runtime/Cache/QM_Admin_1216/ee10e7e9431fb07698f7443c16452d25.php 第 32 行.
NOTIC: [8] Undefined variable: sfzyxq /www/wwwroot/dai.juhuaian.cn/Application/Runtime/Cache/QM_Admin_1216/ee10e7e9431fb07698f7443c16452d25.php 第 33 行.
NOTIC: [8] Undefined variable: hjdz /www/wwwroot/dai.juhuaian.cn/Application/Runtime/Cache/QM_Admin_1216/ee10e7e9431fb07698f7443c16452d25.php 第 34 行.
NOTIC: [8] Undefined variable: fzjg /www/wwwroot/dai.juhuaian.cn/Application/Runtime/Cache/QM_Admin_1216/ee10e7e9431fb07698f7443c16452d25.php 第 35 行.
NOTIC: [8] Undefined variable: xzz /www/wwwroot/dai.juhuaian.cn/Application/Runtime/Cache/QM_Admin_1216/ee10e7e9431fb07698f7443c16452d25.php 第 36 行.
NOTIC: [8] Undefined variable: gsmc /www/wwwroot/dai.juhuaian.cn/Application/Runtime/Cache/QM_Admin_1216/ee10e7e9431fb07698f7443c16452d25.php 第 37 行.
NOTIC: [8] Undefined variable: zg /www/wwwroot/dai.juhuaian.cn/Application/Runtime/Cache/QM_Admin_1216/ee10e7e9431fb07698f7443c16452d25.php 第 38 行.
NOTIC: [8] Undefined variable: gsdz /www/wwwroot/dai.juhuaian.cn/Application/Runtime/Cache/QM_Admin_1216/ee10e7e9431fb07698f7443c16452d25.php 第 39 行.
NOTIC: [8] Undefined variable: gsdh /www/wwwroot/dai.juhuaian.cn/Application/Runtime/Cache/QM_Admin_1216/ee10e7e9431fb07698f7443c16452d25.php 第 40 行.
NOTIC: [8] Undefined variable: bm /www/wwwroot/dai.juhuaian.cn/Application/Runtime/Cache/QM_Admin_1216/ee10e7e9431fb07698f7443c16452d25.php 第 41 行.
NOTIC: [8] Undefined variable: zw /www/wwwroot/dai.juhuaian.cn/Application/Runtime/Cache/QM_Admin_1216/ee10e7e9431fb07698f7443c16452d25.php 第 42 行.
NOTIC: [8] Undefined variable: nsr /www/wwwroot/dai.juhuaian.cn/Application/Runtime/Cache/QM_Admin_1216/ee10e7e9431fb07698f7443c16452d25.php 第 43 行.
NOTIC: [8] Undefined variable: gznx /www/wwwroot/dai.juhuaian.cn/Application/Runtime/Cache/QM_Admin_1216/ee10e7e9431fb07698f7443c16452d25.php 第 44 行.
NOTIC: [8] Undefined variable: sfyc /www/wwwroot/dai.juhuaian.cn/Application/Runtime/Cache/QM_Admin_1216/ee10e7e9431fb07698f7443c16452d25.php 第 45 行.
NOTIC: [8] Undefined variable: cph /www/wwwroot/dai.juhuaian.cn/Application/Runtime/Cache/QM_Admin_1216/ee10e7e9431fb07698f7443c16452d25.php 第 46 行.
NOTIC: [8] Undefined variable: fc /www/wwwroot/dai.juhuaian.cn/Application/Runtime/Cache/QM_Admin_1216/ee10e7e9431fb07698f7443c16452d25.php 第 47 行.
INFO: Run Behavior\ParseTemplateBehavior [ RunTime:0.006237s ]
INFO: [ view_parse ] --END-- [ RunTime:0.006252s ]
INFO: [ view_filter ] --START--
INFO: Run Behavior\WriteHtmlCacheBehavior [ RunTime:0.000103s ]
INFO: [ view_filter ] --END-- [ RunTime:0.000118s ]
INFO: [ app_end ] --START--
INFO: Run Behavior\ShowPageTraceBehavior [ RunTime:0.000282s ]
INFO: [ app_end ] --END-- [ RunTime:0.000296s ]

[ 2018-06-07T16:05:40+08:00 ] 120.204.200.83 /index.php/QM_Admin_1216
INFO: [ app_init ] --START--
INFO: Run Behavior\BuildLiteBehavior [ RunTime:0.000007s ]
INFO: [ app_init ] --END-- [ RunTime:0.000166s ]
INFO: [ app_begin ] --START--
INFO: Run Behavior\ReadHtmlCacheBehavior [ RunTime:0.000256s ]
INFO: [ app_begin ] --END-- [ RunTime:0.000273s ]
NOTIC: [8] Undefined index: id /www/wwwroot/dai.juhuaian.cn/Application/QM_Admin_1216/Controller/IndexController.class.php 第 6 行.
INFO: [ view_parse ] --START--
INFO: [ template_filter ] --START--
INFO: Run Behavior\ContentReplaceBehavior [ RunTime:0.000017s ]
INFO: [ template_filter ] --END-- [ RunTime:0.000042s ]
INFO: Run Behavior\ParseTemplateBehavior [ RunTime:0.002314s ]
INFO: [ view_parse ] --END-- [ RunTime:0.002329s ]
INFO: [ view_filter ] --START--
INFO: Run Behavior\WriteHtmlCacheBehavior [ RunTime:0.000072s ]
INFO: [ view_filter ] --END-- [ RunTime:0.000083s ]
INFO: [ app_end ] --START--
INFO: Run Behavior\ShowPageTraceBehavior [ RunTime:0.000239s ]
INFO: [ app_end ] --END-- [ RunTime:0.000254s ]

[ 2018-06-07T16:05:44+08:00 ] 61.151.218.119 /index.php/QM_Admin_1216/Login/login.html
INFO: [ app_init ] --START--
INFO: Run Behavior\BuildLiteBehavior [ RunTime:0.000008s ]
INFO: [ app_init ] --END-- [ RunTime:0.000241s ]
INFO: [ app_begin ] --START--
INFO: Run Behavior\ReadHtmlCacheBehavior [ RunTime:0.000222s ]
INFO: [ app_begin ] --END-- [ RunTime:0.000243s ]
INFO: [ view_parse ] --START--
INFO: [ template_filter ] --START--
INFO: Run Behavior\ContentReplaceBehavior [ RunTime:0.000024s ]
INFO: [ template_filter ] --END-- [ RunTime:0.000041s ]
INFO: Run Behavior\ParseTemplateBehavior [ RunTime:0.002472s ]
INFO: [ view_parse ] --END-- [ RunTime:0.002489s ]
INFO: [ view_filter ] --START--
INFO: Run Behavior\WriteHtmlCacheBehavior [ RunTime:0.000067s ]
INFO: [ view_filter ] --END-- [ RunTime:0.000077s ]
INFO: [ app_end ] --START--
INFO: Run Behavior\ShowPageTraceBehavior [ RunTime:0.000237s ]
INFO: [ app_end ] --END-- [ RunTime:0.000249s ]

[ 2018-06-07T16:05:57+08:00 ] 101.227.131.220 /index.php/QM_Admin_1216/Login/checklogin
INFO: [ app_init ] --START--
INFO: Run Behavior\BuildLiteBehavior [ RunTime:0.000007s ]
INFO: [ app_init ] --END-- [ RunTime:0.000221s ]
INFO: [ app_begin ] --START--
INFO: Run Behavior\ReadHtmlCacheBehavior [ RunTime:0.000251s ]
INFO: [ app_begin ] --END-- [ RunTime:0.000268s ]
NOTIC: [8] Undefined index: ername /www/wwwroot/dai.juhuaian.cn/Application/QM_Admin_1216/Controller/LoginController.class.php 第 11 行.
NOTIC: [8] Undefined index: password /www/wwwroot/dai.juhuaian.cn/Application/QM_Admin_1216/Controller/LoginController.class.php 第 12 行.
SQL: SHOW COLUMNS FROM `qm_adminus` [ RunTime:0.0004s ]
SQL: SELECT * FROM `qm_adminus` WHERE ( username='%s' AND password='%s' ) LIMIT 1   [ RunTime:0.0000s ]
INFO: [ view_parse ] --START--
INFO: [ template_filter ] --START--
INFO: Run Behavior\ContentReplaceBehavior [ RunTime:0.000020s ]
INFO: [ template_filter ] --END-- [ RunTime:0.000037s ]
INFO: Run Behavior\ParseTemplateBehavior [ RunTime:0.002613s ]
INFO: [ view_parse ] --END-- [ RunTime:0.002629s ]
INFO: [ view_filter ] --START--
INFO: Run Behavior\WriteHtmlCacheBehavior [ RunTime:0.000086s ]
INFO: [ view_filter ] --END-- [ RunTime:0.000098s ]

[ 2018-06-07T16:05:58+08:00 ] 61.151.226.151 /index.php/QM_Admin_1216/Index/index.html
INFO: [ app_init ] --START--
INFO: Run Behavior\BuildLiteBehavior [ RunTime:0.000007s ]
INFO: [ app_init ] --END-- [ RunTime:0.000179s ]
INFO: [ app_begin ] --START--
INFO: Run Behavior\ReadHtmlCacheBehavior [ RunTime:0.000224s ]
INFO: [ app_begin ] --END-- [ RunTime:0.000242s ]
NOTIC: [8] Undefined index: id /www/wwwroot/dai.juhuaian.cn/Application/QM_Admin_1216/Controller/IndexController.class.php 第 6 行.
INFO: [ view_parse ] --START--
INFO: [ template_filter ] --START--
INFO: Run Behavior\ContentReplaceBehavior [ RunTime:0.000028s ]
INFO: [ template_filter ] --END-- [ RunTime:0.000049s ]
INFO: Run Behavior\ParseTemplateBehavior [ RunTime:0.002536s ]
INFO: [ view_parse ] --END-- [ RunTime:0.002553s ]
INFO: [ view_filter ] --START--
INFO: Run Behavior\WriteHtmlCacheBehavior [ RunTime:0.000078s ]
INFO: [ view_filter ] --END-- [ RunTime:0.000090s ]
INFO: [ app_end ] --START--
INFO: Run Behavior\ShowPageTraceBehavior [ RunTime:0.000272s ]
INFO: [ app_end ] --END-- [ RunTime:0.000285s ]

[ 2018-06-07T16:06:09+08:00 ] 61.151.218.119 /index.php/QM_Admin_1216/Mgt/xqdata/id/17
INFO: [ app_init ] --START--
INFO: Run Behavior\BuildLiteBehavior [ RunTime:0.000007s ]
INFO: [ app_init ] --END-- [ RunTime:0.000178s ]
INFO: [ app_begin ] --START--
INFO: Run Behavior\ReadHtmlCacheBehavior [ RunTime:0.000229s ]
INFO: [ app_begin ] --END-- [ RunTime:0.000245s ]
SQL: SHOW COLUMNS FROM `qm_data` [ RunTime:0.0005s ]
SQL: SELECT * FROM `qm_data` WHERE ( id='17' ) LIMIT 1   [ RunTime:0.0001s ]
INFO: [ view_parse ] --START--
INFO: [ template_filter ] --START--
INFO: Run Behavior\ContentReplaceBehavior [ RunTime:0.000056s ]
INFO: [ template_filter ] --END-- [ RunTime:0.000073s ]
NOTIC: [8] Undefined variable: name /www/wwwroot/dai.juhuaian.cn/Application/Runtime/Cache/QM_Admin_1216/ee10e7e9431fb07698f7443c16452d25.php 第 26 行.
NOTIC: [8] Undefined variable: sex /www/wwwroot/dai.juhuaian.cn/Application/Runtime/Cache/QM_Admin_1216/ee10e7e9431fb07698f7443c16452d25.php 第 27 行.
NOTIC: [8] Undefined variable: newphone /www/wwwroot/dai.juhuaian.cn/Application/Runtime/Cache/QM_Admin_1216/ee10e7e9431fb07698f7443c16452d25.php 第 28 行.
NOTIC: [8] Undefined variable: lphone /www/wwwroot/dai.juhuaian.cn/Application/Runtime/Cache/QM_Admin_1216/ee10e7e9431fb07698f7443c16452d25.php 第 29 行.
NOTIC: [8] Undefined variable: xl /www/wwwroot/dai.juhuaian.cn/Application/Runtime/Cache/QM_Admin_1216/ee10e7e9431fb07698f7443c16452d25.php 第 30 行.
NOTIC: [8] Undefined variable: yx /www/wwwroot/dai.juhuaian.cn/Application/Runtime/Cache/QM_Admin_1216/ee10e7e9431fb07698f7443c16452d25.php 第 31 行.
NOTIC: [8] Undefined variable: idcnu /www/wwwroot/dai.juhuaian.cn/Application/Runtime/Cache/QM_Admin_1216/ee10e7e9431fb07698f7443c16452d25.php 第 32 行.
NOTIC: [8] Undefined variable: sfzyxq /www/wwwroot/dai.juhuaian.cn/Application/Runtime/Cache/QM_Admin_1216/ee10e7e9431fb07698f7443c16452d25.php 第 33 行.
NOTIC: [8] Undefined variable: hjdz /www/wwwroot/dai.juhuaian.cn/Application/Runtime/Cache/QM_Admin_1216/ee10e7e9431fb07698f7443c16452d25.php 第 34 行.
NOTIC: [8] Undefined variable: fzjg /www/wwwroot/dai.juhuaian.cn/Application/Runtime/Cache/QM_Admin_1216/ee10e7e9431fb07698f7443c16452d25.php 第 35 行.
NOTIC: [8] Undefined variable: xzz /www/wwwroot/dai.juhuaian.cn/Application/Runtime/Cache/QM_Admin_1216/ee10e7e9431fb07698f7443c16452d25.php 第 36 行.
NOTIC: [8] Undefined variable: gsmc /www/wwwroot/dai.juhuaian.cn/Application/Runtime/Cache/QM_Admin_1216/ee10e7e9431fb07698f7443c16452d25.php 第 37 行.
NOTIC: [8] Undefined variable: zg /www/wwwroot/dai.juhuaian.cn/Application/Runtime/Cache/QM_Admin_1216/ee10e7e9431fb07698f7443c16452d25.php 第 38 行.
NOTIC: [8] Undefined variable: gsdz /www/wwwroot/dai.juhuaian.cn/Application/Runtime/Cache/QM_Admin_1216/ee10e7e9431fb07698f7443c16452d25.php 第 39 行.
NOTIC: [8] Undefined variable: gsdh /www/wwwroot/dai.juhuaian.cn/Application/Runtime/Cache/QM_Admin_1216/ee10e7e9431fb07698f7443c16452d25.php 第 40 行.
NOTIC: [8] Undefined variable: bm /www/wwwroot/dai.juhuaian.cn/Application/Runtime/Cache/QM_Admin_1216/ee10e7e9431fb07698f7443c16452d25.php 第 41 行.
NOTIC: [8] Undefined variable: zw /www/wwwroot/dai.juhuaian.cn/Application/Runtime/Cache/QM_Admin_1216/ee10e7e9431fb07698f7443c16452d25.php 第 42 行.
NOTIC: [8] Undefined variable: nsr /www/wwwroot/dai.juhuaian.cn/Application/Runtime/Cache/QM_Admin_1216/ee10e7e9431fb07698f7443c16452d25.php 第 43 行.
NOTIC: [8] Undefined variable: gznx /www/wwwroot/dai.juhuaian.cn/Application/Runtime/Cache/QM_Admin_1216/ee10e7e9431fb07698f7443c16452d25.php 第 44 行.
NOTIC: [8] Undefined variable: sfyc /www/wwwroot/dai.juhuaian.cn/Application/Runtime/Cache/QM_Admin_1216/ee10e7e9431fb07698f7443c16452d25.php 第 45 行.
NOTIC: [8] Undefined variable: cph /www/wwwroot/dai.juhuaian.cn/Application/Runtime/Cache/QM_Admin_1216/ee10e7e9431fb07698f7443c16452d25.php 第 46 行.
NOTIC: [8] Undefined variable: fc /www/wwwroot/dai.juhuaian.cn/Application/Runtime/Cache/QM_Admin_1216/ee10e7e9431fb07698f7443c16452d25.php 第 47 行.
INFO: Run Behavior\ParseTemplateBehavior [ RunTime:0.004386s ]
INFO: [ view_parse ] --END-- [ RunTime:0.004401s ]
INFO: [ view_filter ] --START--
INFO: Run Behavior\WriteHtmlCacheBehavior [ RunTime:0.000088s ]
INFO: [ view_filter ] --END-- [ RunTime:0.000100s ]
INFO: [ app_end ] --START--
INFO: Run Behavior\ShowPageTraceBehavior [ RunTime:0.000243s ]
INFO: [ app_end ] --END-- [ RunTime:0.000257s ]

[ 2018-06-07T16:07:41+08:00 ] 61.151.207.252 /index.php/QM_Admin_1216/Mgt/dsq
INFO: [ app_init ] --START--
INFO: Run Behavior\BuildLiteBehavior [ RunTime:0.000006s ]
INFO: [ app_init ] --END-- [ RunTime:0.000183s ]
INFO: [ app_begin ] --START--
INFO: Run Behavior\ReadHtmlCacheBehavior [ RunTime:0.000211s ]
INFO: [ app_begin ] --END-- [ RunTime:0.000228s ]
SQL: SHOW COLUMNS FROM `qm_data` [ RunTime:0.0005s ]
SQL: SELECT * FROM `qm_data`  [ RunTime:0.0001s ]
INFO: [ view_parse ] --START--
INFO: [ template_filter ] --START--
INFO: Run Behavior\ContentReplaceBehavior [ RunTime:0.000032s ]
INFO: [ template_filter ] --END-- [ RunTime:0.000051s ]
NOTIC: [8] Undefined variable: pageinfo /www/wwwroot/dai.juhuaian.cn/Application/Runtime/Cache/QM_Admin_1216/d8523ec92113949067aba165a3046d52.php 第 66 行.
INFO: Run Behavior\ParseTemplateBehavior [ RunTime:0.002747s ]
INFO: [ view_parse ] --END-- [ RunTime:0.002761s ]
INFO: [ view_filter ] --START--
INFO: Run Behavior\WriteHtmlCacheBehavior [ RunTime:0.000088s ]
INFO: [ view_filter ] --END-- [ RunTime:0.000100s ]
INFO: [ app_end ] --START--
INFO: Run Behavior\ShowPageTraceBehavior [ RunTime:0.000338s ]
INFO: [ app_end ] --END-- [ RunTime:0.000353s ]

[ 2018-06-07T16:07:48+08:00 ] 61.151.207.252 /index.php/QM_Admin_1216/Mgt/xqdata/id/17
INFO: [ app_init ] --START--
INFO: Run Behavior\BuildLiteBehavior [ RunTime:0.000009s ]
INFO: [ app_init ] --END-- [ RunTime:0.000318s ]
INFO: [ app_begin ] --START--
INFO: Run Behavior\ReadHtmlCacheBehavior [ RunTime:0.000310s ]
INFO: [ app_begin ] --END-- [ RunTime:0.000332s ]
SQL: SHOW COLUMNS FROM `qm_data` [ RunTime:0.0008s ]
SQL: SELECT * FROM `qm_data` WHERE ( id='17' ) LIMIT 1   [ RunTime:0.0001s ]
INFO: [ view_parse ] --START--
INFO: [ template_filter ] --START--
INFO: Run Behavior\ContentReplaceBehavior [ RunTime:0.000067s ]
INFO: [ template_filter ] --END-- [ RunTime:0.000091s ]
NOTIC: [8] Undefined variable: name /www/wwwroot/dai.juhuaian.cn/Application/Runtime/Cache/QM_Admin_1216/ee10e7e9431fb07698f7443c16452d25.php 第 26 行.
NOTIC: [8] Undefined variable: sex /www/wwwroot/dai.juhuaian.cn/Application/Runtime/Cache/QM_Admin_1216/ee10e7e9431fb07698f7443c16452d25.php 第 27 行.
NOTIC: [8] Undefined variable: newphone /www/wwwroot/dai.juhuaian.cn/Application/Runtime/Cache/QM_Admin_1216/ee10e7e9431fb07698f7443c16452d25.php 第 28 行.
NOTIC: [8] Undefined variable: lphone /www/wwwroot/dai.juhuaian.cn/Application/Runtime/Cache/QM_Admin_1216/ee10e7e9431fb07698f7443c16452d25.php 第 29 行.
NOTIC: [8] Undefined variable: xl /www/wwwroot/dai.juhuaian.cn/Application/Runtime/Cache/QM_Admin_1216/ee10e7e9431fb07698f7443c16452d25.php 第 30 行.
NOTIC: [8] Undefined variable: yx /www/wwwroot/dai.juhuaian.cn/Application/Runtime/Cache/QM_Admin_1216/ee10e7e9431fb07698f7443c16452d25.php 第 31 行.
NOTIC: [8] Undefined variable: idcnu /www/wwwroot/dai.juhuaian.cn/Application/Runtime/Cache/QM_Admin_1216/ee10e7e9431fb07698f7443c16452d25.php 第 32 行.
NOTIC: [8] Undefined variable: sfzyxq /www/wwwroot/dai.juhuaian.cn/Application/Runtime/Cache/QM_Admin_1216/ee10e7e9431fb07698f7443c16452d25.php 第 33 行.
NOTIC: [8] Undefined variable: hjdz /www/wwwroot/dai.juhuaian.cn/Application/Runtime/Cache/QM_Admin_1216/ee10e7e9431fb07698f7443c16452d25.php 第 34 行.
NOTIC: [8] Undefined variable: fzjg /www/wwwroot/dai.juhuaian.cn/Application/Runtime/Cache/QM_Admin_1216/ee10e7e9431fb07698f7443c16452d25.php 第 35 行.
NOTIC: [8] Undefined variable: xzz /www/wwwroot/dai.juhuaian.cn/Application/Runtime/Cache/QM_Admin_1216/ee10e7e9431fb07698f7443c16452d25.php 第 36 行.
NOTIC: [8] Undefined variable: gsmc /www/wwwroot/dai.juhuaian.cn/Application/Runtime/Cache/QM_Admin_1216/ee10e7e9431fb07698f7443c16452d25.php 第 37 行.
NOTIC: [8] Undefined variable: zg /www/wwwroot/dai.juhuaian.cn/Application/Runtime/Cache/QM_Admin_1216/ee10e7e9431fb07698f7443c16452d25.php 第 38 行.
NOTIC: [8] Undefined variable: gsdz /www/wwwroot/dai.juhuaian.cn/Application/Runtime/Cache/QM_Admin_1216/ee10e7e9431fb07698f7443c16452d25.php 第 39 行.
NOTIC: [8] Undefined variable: gsdh /www/wwwroot/dai.juhuaian.cn/Application/Runtime/Cache/QM_Admin_1216/ee10e7e9431fb07698f7443c16452d25.php 第 40 行.
NOTIC: [8] Undefined variable: bm /www/wwwroot/dai.juhuaian.cn/Application/Runtime/Cache/QM_Admin_1216/ee10e7e9431fb07698f7443c16452d25.php 第 41 行.
NOTIC: [8] Undefined variable: zw /www/wwwroot/dai.juhuaian.cn/Application/Runtime/Cache/QM_Admin_1216/ee10e7e9431fb07698f7443c16452d25.php 第 42 行.
NOTIC: [8] Undefined variable: nsr /www/wwwroot/dai.juhuaian.cn/Application/Runtime/Cache/QM_Admin_1216/ee10e7e9431fb07698f7443c16452d25.php 第 43 行.
NOTIC: [8] Undefined variable: gznx /www/wwwroot/dai.juhuaian.cn/Application/Runtime/Cache/QM_Admin_1216/ee10e7e9431fb07698f7443c16452d25.php 第 44 行.
NOTIC: [8] Undefined variable: sfyc /www/wwwroot/dai.juhuaian.cn/Application/Runtime/Cache/QM_Admin_1216/ee10e7e9431fb07698f7443c16452d25.php 第 45 行.
NOTIC: [8] Undefined variable: cph /www/wwwroot/dai.juhuaian.cn/Application/Runtime/Cache/QM_Admin_1216/ee10e7e9431fb07698f7443c16452d25.php 第 46 行.
NOTIC: [8] Undefined variable: fc /www/wwwroot/dai.juhuaian.cn/Application/Runtime/Cache/QM_Admin_1216/ee10e7e9431fb07698f7443c16452d25.php 第 47 行.
INFO: Run Behavior\ParseTemplateBehavior [ RunTime:0.004810s ]
INFO: [ view_parse ] --END-- [ RunTime:0.004829s ]
INFO: [ view_filter ] --START--
INFO: Run Behavior\WriteHtmlCacheBehavior [ RunTime:0.000084s ]
INFO: [ view_filter ] --END-- [ RunTime:0.000109s ]
INFO: [ app_end ] --START--
INFO: Run Behavior\ShowPageTraceBehavior [ RunTime:0.000261s ]
INFO: [ app_end ] --END-- [ RunTime:0.000275s ]

[ 2018-06-07T16:09:12+08:00 ] 61.151.207.252 /index.php/QM_Admin_1216/Login/login.html
INFO: [ app_init ] --START--
INFO: Run Behavior\BuildLiteBehavior [ RunTime:0.000009s ]
INFO: [ app_init ] --END-- [ RunTime:0.000223s ]
INFO: [ app_begin ] --START--
INFO: Run Behavior\ReadHtmlCacheBehavior [ RunTime:0.000313s ]
INFO: [ app_begin ] --END-- [ RunTime:0.000335s ]
INFO: [ view_parse ] --START--
INFO: [ template_filter ] --START--
INFO: Run Behavior\ContentReplaceBehavior [ RunTime:0.000031s ]
INFO: [ template_filter ] --END-- [ RunTime:0.000054s ]
INFO: Run Behavior\ParseTemplateBehavior [ RunTime:0.003252s ]
INFO: [ view_parse ] --END-- [ RunTime:0.003273s ]
INFO: [ view_filter ] --START--
INFO: Run Behavior\WriteHtmlCacheBehavior [ RunTime:0.000092s ]
INFO: [ view_filter ] --END-- [ RunTime:0.000107s ]
INFO: [ app_end ] --START--
INFO: Run Behavior\ShowPageTraceBehavior [ RunTime:0.000347s ]
INFO: [ app_end ] --END-- [ RunTime:0.000366s ]

[ 2018-06-07T16:09:14+08:00 ] 61.151.207.252 /index.php/QM_Admin_1216/Login/checklogin
INFO: [ app_init ] --START--
INFO: Run Behavior\BuildLiteBehavior [ RunTime:0.000006s ]
INFO: [ app_init ] --END-- [ RunTime:0.000186s ]
INFO: [ app_begin ] --START--
INFO: Run Behavior\ReadHtmlCacheBehavior [ RunTime:0.000211s ]
INFO: [ app_begin ] --END-- [ RunTime:0.000227s ]
SQL: SHOW COLUMNS FROM `qm_adminus` [ RunTime:0.0005s ]
SQL: SELECT * FROM `qm_adminus` WHERE ( username='123' AND password='123' ) LIMIT 1   [ RunTime:0.0001s ]
INFO: [ view_parse ] --START--
INFO: [ template_filter ] --START--
INFO: Run Behavior\ContentReplaceBehavior [ RunTime:0.000018s ]
INFO: [ template_filter ] --END-- [ RunTime:0.000036s ]
INFO: Run Behavior\ParseTemplateBehavior [ RunTime:0.002896s ]
INFO: [ view_parse ] --END-- [ RunTime:0.002915s ]
INFO: [ view_filter ] --START--
INFO: Run Behavior\WriteHtmlCacheBehavior [ RunTime:0.000077s ]
INFO: [ view_filter ] --END-- [ RunTime:0.000087s ]
INFO: [ app_end ] --START--
INFO: Run Behavior\ShowPageTraceBehavior [ RunTime:0.000368s ]
INFO: [ app_end ] --END-- [ RunTime:0.000386s ]

[ 2018-06-07T16:09:15+08:00 ] 61.151.207.252 /index.php/QM_Admin_1216/Index/index.html
INFO: [ app_init ] --START--
INFO: Run Behavior\BuildLiteBehavior [ RunTime:0.000008s ]
INFO: [ app_init ] --END-- [ RunTime:0.000182s ]
INFO: [ app_begin ] --START--
INFO: Run Behavior\ReadHtmlCacheBehavior [ RunTime:0.000272s ]
INFO: [ app_begin ] --END-- [ RunTime:0.000292s ]
INFO: [ view_parse ] --START--
INFO: [ template_filter ] --START--
INFO: Run Behavior\ContentReplaceBehavior [ RunTime:0.000079s ]
INFO: [ template_filter ] --END-- [ RunTime:0.000100s ]
INFO: Run Behavior\ParseTemplateBehavior [ RunTime:0.003237s ]
INFO: [ view_parse ] --END-- [ RunTime:0.003252s ]
INFO: [ view_filter ] --START--
INFO: Run Behavior\WriteHtmlCacheBehavior [ RunTime:0.000072s ]
INFO: [ view_filter ] --END-- [ RunTime:0.000083s ]
INFO: [ app_end ] --START--
INFO: Run Behavior\ShowPageTraceBehavior [ RunTime:0.000261s ]
INFO: [ app_end ] --END-- [ RunTime:0.000275s ]

[ 2018-06-07T16:09:16+08:00 ] 223.104.186.246 /index.php/QM_Admin_1216/Index/img/icon/baidu.png
INFO: [ app_init ] --START--
INFO: Run Behavior\BuildLiteBehavior [ RunTime:0.000007s ]
INFO: [ app_init ] --END-- [ RunTime:0.000183s ]

[ 2018-06-07T16:09:16+08:00 ] 223.104.186.246 /index.php/QM_Admin_1216/Index/img/presentation/1.png
INFO: [ app_init ] --START--
INFO: Run Behavior\BuildLiteBehavior [ RunTime:0.000010s ]
INFO: [ app_init ] --END-- [ RunTime:0.000286s ]

[ 2018-06-07T16:09:16+08:00 ] 223.104.186.246 /index.php/QM_Admin_1216/Index/img/icon/baidu.png
INFO: [ app_init ] --START--
INFO: Run Behavior\BuildLiteBehavior [ RunTime:0.000007s ]
INFO: [ app_init ] --END-- [ RunTime:0.000181s ]

[ 2018-06-07T16:09:17+08:00 ] 61.151.207.252 /index.php/QM_Admin_1216/Mgt/dsq
INFO: [ app_init ] --START--
INFO: Run Behavior\BuildLiteBehavior [ RunTime:0.000007s ]
INFO: [ app_init ] --END-- [ RunTime:0.000162s ]
INFO: [ app_begin ] --START--
INFO: Run Behavior\ReadHtmlCacheBehavior [ RunTime:0.000213s ]
INFO: [ app_begin ] --END-- [ RunTime:0.000228s ]
SQL: SHOW COLUMNS FROM `qm_data` [ RunTime:0.0006s ]
SQL: SELECT * FROM `qm_data`  [ RunTime:0.0001s ]
INFO: [ view_parse ] --START--
INFO: [ template_filter ] --START--
INFO: Run Behavior\ContentReplaceBehavior [ RunTime:0.000032s ]
INFO: [ template_filter ] --END-- [ RunTime:0.000051s ]
NOTIC: [8] Undefined variable: pageinfo /www/wwwroot/dai.juhuaian.cn/Application/Runtime/Cache/QM_Admin_1216/d8523ec92113949067aba165a3046d52.php 第 66 行.
INFO: Run Behavior\ParseTemplateBehavior [ RunTime:0.002894s ]
INFO: [ view_parse ] --END-- [ RunTime:0.002908s ]
INFO: [ view_filter ] --START--
INFO: Run Behavior\WriteHtmlCacheBehavior [ RunTime:0.000077s ]
INFO: [ view_filter ] --END-- [ RunTime:0.000089s ]
INFO: [ app_end ] --START--
INFO: Run Behavior\ShowPageTraceBehavior [ RunTime:0.000260s ]
INFO: [ app_end ] --END-- [ RunTime:0.000273s ]

[ 2018-06-07T16:15:55+08:00 ] 61.151.207.252 /index.php/QM_Admin_1216/Login/checklogin
INFO: [ app_init ] --START--
INFO: Run Behavior\BuildLiteBehavior [ RunTime:0.000006s ]
INFO: [ app_init ] --END-- [ RunTime:0.000160s ]
INFO: [ app_begin ] --START--
INFO: Run Behavior\ReadHtmlCacheBehavior [ RunTime:0.000234s ]
INFO: [ app_begin ] --END-- [ RunTime:0.000253s ]
NOTIC: [8] Undefined index: ername /www/wwwroot/dai.juhuaian.cn/Application/QM_Admin_1216/Controller/LoginController.class.php 第 11 行.
NOTIC: [8] Undefined index: password /www/wwwroot/dai.juhuaian.cn/Application/QM_Admin_1216/Controller/LoginController.class.php 第 12 行.
SQL: SHOW COLUMNS FROM `qm_adminus` [ RunTime:0.0004s ]
SQL: SELECT * FROM `qm_adminus` WHERE ( username='%s' AND password='%s' ) LIMIT 1   [ RunTime:0.0000s ]
INFO: [ view_parse ] --START--
INFO: [ template_filter ] --START--
INFO: Run Behavior\ContentReplaceBehavior [ RunTime:0.000018s ]
INFO: [ template_filter ] --END-- [ RunTime:0.000034s ]
INFO: Run Behavior\ParseTemplateBehavior [ RunTime:0.002243s ]
INFO: [ view_parse ] --END-- [ RunTime:0.002258s ]
INFO: [ view_filter ] --START--
INFO: Run Behavior\WriteHtmlCacheBehavior [ RunTime:0.000073s ]
INFO: [ view_filter ] --END-- [ RunTime:0.000084s ]

[ 2018-06-07T16:15:56+08:00 ] 61.151.207.252 /index.php/QM_Admin_1216
INFO: [ app_init ] --START--
INFO: Run Behavior\BuildLiteBehavior [ RunTime:0.000008s ]
INFO: [ app_init ] --END-- [ RunTime:0.000265s ]
INFO: [ app_begin ] --START--
INFO: Run Behavior\ReadHtmlCacheBehavior [ RunTime:0.000300s ]
INFO: [ app_begin ] --END-- [ RunTime:0.000319s ]
INFO: [ view_parse ] --START--
INFO: [ template_filter ] --START--
INFO: Run Behavior\ContentReplaceBehavior [ RunTime:0.000064s ]
INFO: [ template_filter ] --END-- [ RunTime:0.000083s ]
INFO: Run Behavior\ParseTemplateBehavior [ RunTime:0.003410s ]
INFO: [ view_parse ] --END-- [ RunTime:0.003426s ]
INFO: [ view_filter ] --START--
INFO: Run Behavior\WriteHtmlCacheBehavior [ RunTime:0.000074s ]
INFO: [ view_filter ] --END-- [ RunTime:0.000085s ]
INFO: [ app_end ] --START--
INFO: Run Behavior\ShowPageTraceBehavior [ RunTime:0.000245s ]
INFO: [ app_end ] --END-- [ RunTime:0.000261s ]

[ 2018-06-07T18:47:07+08:00 ] 101.91.62.109 /index.php/QM_Admin_1216
INFO: [ app_init ] --START--
INFO: Run Behavior\BuildLiteBehavior [ RunTime:0.000006s ]
INFO: [ app_init ] --END-- [ RunTime:0.000163s ]
INFO: [ app_begin ] --START--
INFO: Run Behavior\ReadHtmlCacheBehavior [ RunTime:0.000222s ]
INFO: [ app_begin ] --END-- [ RunTime:0.000241s ]
NOTIC: [8] Undefined index: id /www/wwwroot/dai.juhuaian.cn/Application/QM_Admin_1216/Controller/IndexController.class.php 第 6 行.
INFO: [ view_parse ] --START--
INFO: [ template_filter ] --START--
INFO: Run Behavior\ContentReplaceBehavior [ RunTime:0.000017s ]
INFO: [ template_filter ] --END-- [ RunTime:0.000037s ]
INFO: Run Behavior\ParseTemplateBehavior [ RunTime:0.004991s ]
INFO: [ view_parse ] --END-- [ RunTime:0.005013s ]
INFO: [ view_filter ] --START--
INFO: Run Behavior\WriteHtmlCacheBehavior [ RunTime:0.000096s ]
INFO: [ view_filter ] --END-- [ RunTime:0.000108s ]
INFO: [ app_end ] --START--
INFO: Run Behavior\ShowPageTraceBehavior [ RunTime:0.000279s ]
INFO: [ app_end ] --END-- [ RunTime:0.000301s ]

[ 2018-06-07T19:52:19+08:00 ] 58.251.121.186 /index.php/QM_Admin_1216/Login/login.html
INFO: [ app_init ] --START--
INFO: Run Behavior\BuildLiteBehavior [ RunTime:0.000008s ]
INFO: [ app_init ] --END-- [ RunTime:0.000214s ]
INFO: [ app_begin ] --START--
INFO: Run Behavior\ReadHtmlCacheBehavior [ RunTime:0.000256s ]
INFO: [ app_begin ] --END-- [ RunTime:0.000275s ]
INFO: [ view_parse ] --START--
INFO: [ template_filter ] --START--
INFO: Run Behavior\ContentReplaceBehavior [ RunTime:0.000025s ]
INFO: [ template_filter ] --END-- [ RunTime:0.000043s ]
INFO: Run Behavior\ParseTemplateBehavior [ RunTime:0.002865s ]
INFO: [ view_parse ] --END-- [ RunTime:0.002882s ]
INFO: [ view_filter ] --START--
INFO: Run Behavior\WriteHtmlCacheBehavior [ RunTime:0.000070s ]
INFO: [ view_filter ] --END-- [ RunTime:0.000080s ]
INFO: [ app_end ] --START--
INFO: Run Behavior\ShowPageTraceBehavior [ RunTime:0.000314s ]
INFO: [ app_end ] --END-- [ RunTime:0.000328s ]

