[ 2018-06-28T08:23:44+08:00 ] 123.151.77.121 /index.php/QM_Admin_1216
INFO: [ app_init ] --START--
INFO: Run Behavior\BuildLiteBehavior [ RunTime:0.000009s ]
INFO: [ app_init ] --END-- [ RunTime:0.000454s ]
INFO: [ app_begin ] --START--
INFO: Run Behavior\ReadHtmlCacheBehavior [ RunTime:0.000749s ]
INFO: [ app_begin ] --END-- [ RunTime:0.000775s ]
NOTIC: [8] Undefined index: id /www/wwwroot/dai.juhuaian.cn/Application/QM_Admin_1216/Controller/IndexController.class.php 第 6 行.
INFO: [ view_parse ] --START--
INFO: [ template_filter ] --START--
INFO: Run Behavior\ContentReplaceBehavior [ RunTime:0.000025s ]
INFO: [ template_filter ] --END-- [ RunTime:0.000055s ]
INFO: Run Behavior\ParseTemplateBehavior [ RunTime:0.006046s ]
INFO: [ view_parse ] --END-- [ RunTime:0.006064s ]
INFO: [ view_filter ] --START--
INFO: Run Behavior\WriteHtmlCacheBehavior [ RunTime:0.000372s ]
INFO: [ view_filter ] --END-- [ RunTime:0.000384s ]
INFO: [ app_end ] --START--
INFO: Run Behavior\ShowPageTraceBehavior [ RunTime:0.000584s ]
INFO: [ app_end ] --END-- [ RunTime:0.000601s ]

[ 2018-06-28T08:23:47+08:00 ] 123.151.77.121 /index.php/QM_Admin_1216/Login/login.html
INFO: [ app_init ] --START--
INFO: Run Behavior\BuildLiteBehavior [ RunTime:0.000045s ]
INFO: [ app_init ] --END-- [ RunTime:0.000339s ]
INFO: [ app_begin ] --START--
INFO: Run Behavior\ReadHtmlCacheBehavior [ RunTime:0.000238s ]
INFO: [ app_begin ] --END-- [ RunTime:0.000254s ]
INFO: [ view_parse ] --START--
INFO: [ template_filter ] --START--
INFO: Run Behavior\ContentReplaceBehavior [ RunTime:0.000026s ]
INFO: [ template_filter ] --END-- [ RunTime:0.000050s ]
INFO: Run Behavior\ParseTemplateBehavior [ RunTime:0.003042s ]
INFO: [ view_parse ] --END-- [ RunTime:0.003059s ]
INFO: [ view_filter ] --START--
INFO: Run Behavior\WriteHtmlCacheBehavior [ RunTime:0.000080s ]
INFO: [ view_filter ] --END-- [ RunTime:0.000090s ]
INFO: [ app_end ] --START--
INFO: Run Behavior\ShowPageTraceBehavior [ RunTime:0.000262s ]
INFO: [ app_end ] --END-- [ RunTime:0.000276s ]

[ 2018-06-28T08:23:49+08:00 ] 123.151.77.121 /index.php/QM_Admin_1216/Login/checklogin
INFO: [ app_init ] --START--
INFO: Run Behavior\BuildLiteBehavior [ RunTime:0.000007s ]
INFO: [ app_init ] --END-- [ RunTime:0.000188s ]
INFO: [ app_begin ] --START--
INFO: Run Behavior\ReadHtmlCacheBehavior [ RunTime:0.000208s ]
INFO: [ app_begin ] --END-- [ RunTime:0.000227s ]
SQL: SHOW COLUMNS FROM `qm_adminus` [ RunTime:0.0465s ]
SQL: SELECT * FROM `qm_adminus` WHERE ( username='123' AND password='123' ) LIMIT 1   [ RunTime:0.0001s ]
INFO: [ view_parse ] --START--
INFO: [ template_filter ] --START--
INFO: Run Behavior\ContentReplaceBehavior [ RunTime:0.000018s ]
INFO: [ template_filter ] --END-- [ RunTime:0.000036s ]
INFO: Run Behavior\ParseTemplateBehavior [ RunTime:0.002651s ]
INFO: [ view_parse ] --END-- [ RunTime:0.002672s ]
INFO: [ view_filter ] --START--
INFO: Run Behavior\WriteHtmlCacheBehavior [ RunTime:0.000095s ]
INFO: [ view_filter ] --END-- [ RunTime:0.000110s ]
INFO: [ app_end ] --START--
INFO: Run Behavior\ShowPageTraceBehavior [ RunTime:0.000263s ]
INFO: [ app_end ] --END-- [ RunTime:0.000277s ]

[ 2018-06-28T08:23:50+08:00 ] 123.151.77.121 /index.php/QM_Admin_1216/Index/index.html
INFO: [ app_init ] --START--
INFO: Run Behavior\BuildLiteBehavior [ RunTime:0.000009s ]
INFO: [ app_init ] --END-- [ RunTime:0.000258s ]
INFO: [ app_begin ] --START--
INFO: Run Behavior\ReadHtmlCacheBehavior [ RunTime:0.000312s ]
INFO: [ app_begin ] --END-- [ RunTime:0.000335s ]
INFO: [ view_parse ] --START--
INFO: [ template_filter ] --START--
INFO: Run Behavior\ContentReplaceBehavior [ RunTime:0.000081s ]
INFO: [ template_filter ] --END-- [ RunTime:0.000120s ]
INFO: Run Behavior\ParseTemplateBehavior [ RunTime:0.009003s ]
INFO: [ view_parse ] --END-- [ RunTime:0.009025s ]
INFO: [ view_filter ] --START--
INFO: Run Behavior\WriteHtmlCacheBehavior [ RunTime:0.000101s ]
INFO: [ view_filter ] --END-- [ RunTime:0.000117s ]
INFO: [ app_end ] --START--
INFO: Run Behavior\ShowPageTraceBehavior [ RunTime:0.000443s ]
INFO: [ app_end ] --END-- [ RunTime:0.000464s ]

[ 2018-06-28T08:23:51+08:00 ] 117.136.37.67 /index.php/QM_Admin_1216/Index/img/icon/baidu.png
INFO: [ app_init ] --START--
INFO: Run Behavior\BuildLiteBehavior [ RunTime:0.000009s ]
INFO: [ app_init ] --END-- [ RunTime:0.000225s ]

[ 2018-06-28T08:23:51+08:00 ] 117.136.37.67 /index.php/QM_Admin_1216/Index/img/presentation/1.png
INFO: [ app_init ] --START--
INFO: Run Behavior\BuildLiteBehavior [ RunTime:0.000007s ]
INFO: [ app_init ] --END-- [ RunTime:0.000166s ]

[ 2018-06-28T08:23:51+08:00 ] 117.136.37.67 /index.php/QM_Admin_1216/Index/img/icon/baidu.png
INFO: [ app_init ] --START--
INFO: Run Behavior\BuildLiteBehavior [ RunTime:0.000008s ]
INFO: [ app_init ] --END-- [ RunTime:0.000198s ]

[ 2018-06-28T08:23:53+08:00 ] 123.151.77.121 /index.php/QM_Admin_1216/Mgt/dsq
INFO: [ app_init ] --START--
INFO: Run Behavior\BuildLiteBehavior [ RunTime:0.000009s ]
INFO: [ app_init ] --END-- [ RunTime:0.000246s ]
INFO: [ app_begin ] --START--
INFO: Run Behavior\ReadHtmlCacheBehavior [ RunTime:0.000261s ]
INFO: [ app_begin ] --END-- [ RunTime:0.000281s ]
SQL: SHOW COLUMNS FROM `qm_data` [ RunTime:0.0006s ]
SQL: SELECT * FROM `qm_data`  [ RunTime:0.0001s ]
INFO: [ view_parse ] --START--
INFO: [ template_filter ] --START--
INFO: Run Behavior\ContentReplaceBehavior [ RunTime:0.000034s ]
INFO: [ template_filter ] --END-- [ RunTime:0.000054s ]
NOTIC: [8] Undefined variable: pageinfo /www/wwwroot/dai.juhuaian.cn/Application/Runtime/Cache/QM_Admin_1216/d8523ec92113949067aba165a3046d52.php 第 66 行.
INFO: Run Behavior\ParseTemplateBehavior [ RunTime:0.003650s ]
INFO: [ view_parse ] --END-- [ RunTime:0.003665s ]
INFO: [ view_filter ] --START--
INFO: Run Behavior\WriteHtmlCacheBehavior [ RunTime:0.000081s ]
INFO: [ view_filter ] --END-- [ RunTime:0.000092s ]
INFO: [ app_end ] --START--
INFO: Run Behavior\ShowPageTraceBehavior [ RunTime:0.000274s ]
INFO: [ app_end ] --END-- [ RunTime:0.000293s ]

[ 2018-06-28T08:24:41+08:00 ] 123.151.77.121 /index.php/QM_Admin_1216/Mgt/xqdata/id/28
INFO: [ app_init ] --START--
INFO: Run Behavior\BuildLiteBehavior [ RunTime:0.000009s ]
INFO: [ app_init ] --END-- [ RunTime:0.000249s ]
INFO: [ app_begin ] --START--
INFO: Run Behavior\ReadHtmlCacheBehavior [ RunTime:0.000526s ]
INFO: [ app_begin ] --END-- [ RunTime:0.000579s ]
SQL: SHOW COLUMNS FROM `qm_data` [ RunTime:0.0008s ]
SQL: SELECT * FROM `qm_data` WHERE ( id='28' ) LIMIT 1   [ RunTime:0.0001s ]
INFO: [ view_parse ] --START--
INFO: [ template_filter ] --START--
INFO: Run Behavior\ContentReplaceBehavior [ RunTime:0.000069s ]
INFO: [ template_filter ] --END-- [ RunTime:0.000102s ]
NOTIC: [8] Undefined variable: name /www/wwwroot/dai.juhuaian.cn/Application/Runtime/Cache/QM_Admin_1216/ee10e7e9431fb07698f7443c16452d25.php 第 26 行.
NOTIC: [8] Undefined variable: sex /www/wwwroot/dai.juhuaian.cn/Application/Runtime/Cache/QM_Admin_1216/ee10e7e9431fb07698f7443c16452d25.php 第 27 行.
NOTIC: [8] Undefined variable: newphone /www/wwwroot/dai.juhuaian.cn/Application/Runtime/Cache/QM_Admin_1216/ee10e7e9431fb07698f7443c16452d25.php 第 28 行.
NOTIC: [8] Undefined variable: lphone /www/wwwroot/dai.juhuaian.cn/Application/Runtime/Cache/QM_Admin_1216/ee10e7e9431fb07698f7443c16452d25.php 第 29 行.
NOTIC: [8] Undefined variable: xl /www/wwwroot/dai.juhuaian.cn/Application/Runtime/Cache/QM_Admin_1216/ee10e7e9431fb07698f7443c16452d25.php 第 30 行.
NOTIC: [8] Undefined variable: yx /www/wwwroot/dai.juhuaian.cn/Application/Runtime/Cache/QM_Admin_1216/ee10e7e9431fb07698f7443c16452d25.php 第 31 行.
NOTIC: [8] Undefined variable: idcnu /www/wwwroot/dai.juhuaian.cn/Application/Runtime/Cache/QM_Admin_1216/ee10e7e9431fb07698f7443c16452d25.php 第 32 行.
NOTIC: [8] Undefined variable: sfzyxq /www/wwwroot/dai.juhuaian.cn/Application/Runtime/Cache/QM_Admin_1216/ee10e7e9431fb07698f7443c16452d25.php 第 33 行.
NOTIC: [8] Undefined variable: hjdz /www/wwwroot/dai.juhuaian.cn/Application/Runtime/Cache/QM_Admin_1216/ee10e7e9431fb07698f7443c16452d25.php 第 34 行.
NOTIC: [8] Undefined variable: fzjg /www/wwwroot/dai.juhuaian.cn/Application/Runtime/Cache/QM_Admin_1216/ee10e7e9431fb07698f7443c16452d25.php 第 35 行.
NOTIC: [8] Undefined variable: xzz /www/wwwroot/dai.juhuaian.cn/Application/Runtime/Cache/QM_Admin_1216/ee10e7e9431fb07698f7443c16452d25.php 第 36 行.
NOTIC: [8] Undefined variable: gsmc /www/wwwroot/dai.juhuaian.cn/Application/Runtime/Cache/QM_Admin_1216/ee10e7e9431fb07698f7443c16452d25.php 第 37 行.
NOTIC: [8] Undefined variable: zg /www/wwwroot/dai.juhuaian.cn/Application/Runtime/Cache/QM_Admin_1216/ee10e7e9431fb07698f7443c16452d25.php 第 38 行.
NOTIC: [8] Undefined variable: gsdz /www/wwwroot/dai.juhuaian.cn/Application/Runtime/Cache/QM_Admin_1216/ee10e7e9431fb07698f7443c16452d25.php 第 39 行.
NOTIC: [8] Undefined variable: gsdh /www/wwwroot/dai.juhuaian.cn/Application/Runtime/Cache/QM_Admin_1216/ee10e7e9431fb07698f7443c16452d25.php 第 40 行.
NOTIC: [8] Undefined variable: bm /www/wwwroot/dai.juhuaian.cn/Application/Runtime/Cache/QM_Admin_1216/ee10e7e9431fb07698f7443c16452d25.php 第 41 行.
NOTIC: [8] Undefined variable: zw /www/wwwroot/dai.juhuaian.cn/Application/Runtime/Cache/QM_Admin_1216/ee10e7e9431fb07698f7443c16452d25.php 第 42 行.
NOTIC: [8] Undefined variable: nsr /www/wwwroot/dai.juhuaian.cn/Application/Runtime/Cache/QM_Admin_1216/ee10e7e9431fb07698f7443c16452d25.php 第 43 行.
NOTIC: [8] Undefined variable: gznx /www/wwwroot/dai.juhuaian.cn/Application/Runtime/Cache/QM_Admin_1216/ee10e7e9431fb07698f7443c16452d25.php 第 44 行.
NOTIC: [8] Undefined variable: sfyc /www/wwwroot/dai.juhuaian.cn/Application/Runtime/Cache/QM_Admin_1216/ee10e7e9431fb07698f7443c16452d25.php 第 45 行.
NOTIC: [8] Undefined variable: cph /www/wwwroot/dai.juhuaian.cn/Application/Runtime/Cache/QM_Admin_1216/ee10e7e9431fb07698f7443c16452d25.php 第 46 行.
NOTIC: [8] Undefined variable: fc /www/wwwroot/dai.juhuaian.cn/Application/Runtime/Cache/QM_Admin_1216/ee10e7e9431fb07698f7443c16452d25.php 第 47 行.
INFO: Run Behavior\ParseTemplateBehavior [ RunTime:0.013754s ]
INFO: [ view_parse ] --END-- [ RunTime:0.013785s ]
INFO: [ view_filter ] --START--
INFO: Run Behavior\WriteHtmlCacheBehavior [ RunTime:0.000140s ]
INFO: [ view_filter ] --END-- [ RunTime:0.000155s ]
INFO: [ app_end ] --START--
INFO: Run Behavior\ShowPageTraceBehavior [ RunTime:0.000447s ]
INFO: [ app_end ] --END-- [ RunTime:0.000465s ]

[ 2018-06-28T08:42:22+08:00 ] 123.151.77.121 /index.php/QM_Admin_1216
INFO: [ app_init ] --START--
INFO: Run Behavior\BuildLiteBehavior [ RunTime:0.000009s ]
INFO: [ app_init ] --END-- [ RunTime:0.000263s ]
INFO: [ app_begin ] --START--
INFO: Run Behavior\ReadHtmlCacheBehavior [ RunTime:0.000291s ]
INFO: [ app_begin ] --END-- [ RunTime:0.000311s ]
INFO: [ view_parse ] --START--
INFO: [ template_filter ] --START--
INFO: Run Behavior\ContentReplaceBehavior [ RunTime:0.000075s ]
INFO: [ template_filter ] --END-- [ RunTime:0.000107s ]
INFO: Run Behavior\ParseTemplateBehavior [ RunTime:0.004282s ]
INFO: [ view_parse ] --END-- [ RunTime:0.004301s ]
INFO: [ view_filter ] --START--
INFO: Run Behavior\WriteHtmlCacheBehavior [ RunTime:0.000088s ]
INFO: [ view_filter ] --END-- [ RunTime:0.000102s ]
INFO: [ app_end ] --START--
INFO: Run Behavior\ShowPageTraceBehavior [ RunTime:0.000332s ]
INFO: [ app_end ] --END-- [ RunTime:0.000350s ]

[ 2018-06-28T08:42:25+08:00 ] 123.151.77.121 /index.php/QM_Admin_1216/Mgt/dsq
INFO: [ app_init ] --START--
INFO: Run Behavior\BuildLiteBehavior [ RunTime:0.000007s ]
INFO: [ app_init ] --END-- [ RunTime:0.000171s ]
INFO: [ app_begin ] --START--
INFO: Run Behavior\ReadHtmlCacheBehavior [ RunTime:0.000223s ]
INFO: [ app_begin ] --END-- [ RunTime:0.000243s ]
SQL: SHOW COLUMNS FROM `qm_data` [ RunTime:0.0006s ]
SQL: SELECT * FROM `qm_data`  [ RunTime:0.0001s ]
INFO: [ view_parse ] --START--
INFO: [ template_filter ] --START--
INFO: Run Behavior\ContentReplaceBehavior [ RunTime:0.000038s ]
INFO: [ template_filter ] --END-- [ RunTime:0.000057s ]
NOTIC: [8] Undefined variable: pageinfo /www/wwwroot/dai.juhuaian.cn/Application/Runtime/Cache/QM_Admin_1216/d8523ec92113949067aba165a3046d52.php 第 66 行.
INFO: Run Behavior\ParseTemplateBehavior [ RunTime:0.003070s ]
INFO: [ view_parse ] --END-- [ RunTime:0.003084s ]
INFO: [ view_filter ] --START--
INFO: Run Behavior\WriteHtmlCacheBehavior [ RunTime:0.000097s ]
INFO: [ view_filter ] --END-- [ RunTime:0.000109s ]
INFO: [ app_end ] --START--
INFO: Run Behavior\ShowPageTraceBehavior [ RunTime:0.000261s ]
INFO: [ app_end ] --END-- [ RunTime:0.000278s ]

[ 2018-06-28T08:43:46+08:00 ] 123.151.77.121 /index.php/QM_Admin_1216/Mgt/xqdata/id/27
INFO: [ app_init ] --START--
INFO: Run Behavior\BuildLiteBehavior [ RunTime:0.000008s ]
INFO: [ app_init ] --END-- [ RunTime:0.000192s ]
INFO: [ app_begin ] --START--
INFO: Run Behavior\ReadHtmlCacheBehavior [ RunTime:0.000253s ]
INFO: [ app_begin ] --END-- [ RunTime:0.000275s ]
SQL: SHOW COLUMNS FROM `qm_data` [ RunTime:0.0008s ]
SQL: SELECT * FROM `qm_data` WHERE ( id='27' ) LIMIT 1   [ RunTime:0.0004s ]
INFO: [ view_parse ] --START--
INFO: [ template_filter ] --START--
INFO: Run Behavior\ContentReplaceBehavior [ RunTime:0.000063s ]
INFO: [ template_filter ] --END-- [ RunTime:0.000086s ]
NOTIC: [8] Undefined variable: name /www/wwwroot/dai.juhuaian.cn/Application/Runtime/Cache/QM_Admin_1216/ee10e7e9431fb07698f7443c16452d25.php 第 26 行.
NOTIC: [8] Undefined variable: sex /www/wwwroot/dai.juhuaian.cn/Application/Runtime/Cache/QM_Admin_1216/ee10e7e9431fb07698f7443c16452d25.php 第 27 行.
NOTIC: [8] Undefined variable: newphone /www/wwwroot/dai.juhuaian.cn/Application/Runtime/Cache/QM_Admin_1216/ee10e7e9431fb07698f7443c16452d25.php 第 28 行.
NOTIC: [8] Undefined variable: lphone /www/wwwroot/dai.juhuaian.cn/Application/Runtime/Cache/QM_Admin_1216/ee10e7e9431fb07698f7443c16452d25.php 第 29 行.
NOTIC: [8] Undefined variable: xl /www/wwwroot/dai.juhuaian.cn/Application/Runtime/Cache/QM_Admin_1216/ee10e7e9431fb07698f7443c16452d25.php 第 30 行.
NOTIC: [8] Undefined variable: yx /www/wwwroot/dai.juhuaian.cn/Application/Runtime/Cache/QM_Admin_1216/ee10e7e9431fb07698f7443c16452d25.php 第 31 行.
NOTIC: [8] Undefined variable: idcnu /www/wwwroot/dai.juhuaian.cn/Application/Runtime/Cache/QM_Admin_1216/ee10e7e9431fb07698f7443c16452d25.php 第 32 行.
NOTIC: [8] Undefined variable: sfzyxq /www/wwwroot/dai.juhuaian.cn/Application/Runtime/Cache/QM_Admin_1216/ee10e7e9431fb07698f7443c16452d25.php 第 33 行.
NOTIC: [8] Undefined variable: hjdz /www/wwwroot/dai.juhuaian.cn/Application/Runtime/Cache/QM_Admin_1216/ee10e7e9431fb07698f7443c16452d25.php 第 34 行.
NOTIC: [8] Undefined variable: fzjg /www/wwwroot/dai.juhuaian.cn/Application/Runtime/Cache/QM_Admin_1216/ee10e7e9431fb07698f7443c16452d25.php 第 35 行.
NOTIC: [8] Undefined variable: xzz /www/wwwroot/dai.juhuaian.cn/Application/Runtime/Cache/QM_Admin_1216/ee10e7e9431fb07698f7443c16452d25.php 第 36 行.
NOTIC: [8] Undefined variable: gsmc /www/wwwroot/dai.juhuaian.cn/Application/Runtime/Cache/QM_Admin_1216/ee10e7e9431fb07698f7443c16452d25.php 第 37 行.
NOTIC: [8] Undefined variable: zg /www/wwwroot/dai.juhuaian.cn/Application/Runtime/Cache/QM_Admin_1216/ee10e7e9431fb07698f7443c16452d25.php 第 38 行.
NOTIC: [8] Undefined variable: gsdz /www/wwwroot/dai.juhuaian.cn/Application/Runtime/Cache/QM_Admin_1216/ee10e7e9431fb07698f7443c16452d25.php 第 39 行.
NOTIC: [8] Undefined variable: gsdh /www/wwwroot/dai.juhuaian.cn/Application/Runtime/Cache/QM_Admin_1216/ee10e7e9431fb07698f7443c16452d25.php 第 40 行.
NOTIC: [8] Undefined variable: bm /www/wwwroot/dai.juhuaian.cn/Application/Runtime/Cache/QM_Admin_1216/ee10e7e9431fb07698f7443c16452d25.php 第 41 行.
NOTIC: [8] Undefined variable: zw /www/wwwroot/dai.juhuaian.cn/Application/Runtime/Cache/QM_Admin_1216/ee10e7e9431fb07698f7443c16452d25.php 第 42 行.
NOTIC: [8] Undefined variable: nsr /www/wwwroot/dai.juhuaian.cn/Application/Runtime/Cache/QM_Admin_1216/ee10e7e9431fb07698f7443c16452d25.php 第 43 行.
NOTIC: [8] Undefined variable: gznx /www/wwwroot/dai.juhuaian.cn/Application/Runtime/Cache/QM_Admin_1216/ee10e7e9431fb07698f7443c16452d25.php 第 44 行.
NOTIC: [8] Undefined variable: sfyc /www/wwwroot/dai.juhuaian.cn/Application/Runtime/Cache/QM_Admin_1216/ee10e7e9431fb07698f7443c16452d25.php 第 45 行.
NOTIC: [8] Undefined variable: cph /www/wwwroot/dai.juhuaian.cn/Application/Runtime/Cache/QM_Admin_1216/ee10e7e9431fb07698f7443c16452d25.php 第 46 行.
NOTIC: [8] Undefined variable: fc /www/wwwroot/dai.juhuaian.cn/Application/Runtime/Cache/QM_Admin_1216/ee10e7e9431fb07698f7443c16452d25.php 第 47 行.
INFO: Run Behavior\ParseTemplateBehavior [ RunTime:0.004768s ]
INFO: [ view_parse ] --END-- [ RunTime:0.004786s ]
INFO: [ view_filter ] --START--
INFO: Run Behavior\WriteHtmlCacheBehavior [ RunTime:0.000097s ]
INFO: [ view_filter ] --END-- [ RunTime:0.000108s ]
INFO: [ app_end ] --START--
INFO: Run Behavior\ShowPageTraceBehavior [ RunTime:0.000302s ]
INFO: [ app_end ] --END-- [ RunTime:0.000316s ]

[ 2018-06-28T08:44:26+08:00 ] 123.151.77.121 /index.php/QM_Admin_1216/Mgt/xqdata/id/26
INFO: [ app_init ] --START--
INFO: Run Behavior\BuildLiteBehavior [ RunTime:0.000008s ]
INFO: [ app_init ] --END-- [ RunTime:0.000172s ]
INFO: [ app_begin ] --START--
INFO: Run Behavior\ReadHtmlCacheBehavior [ RunTime:0.000261s ]
INFO: [ app_begin ] --END-- [ RunTime:0.000289s ]
SQL: SHOW COLUMNS FROM `qm_data` [ RunTime:0.0006s ]
SQL: SELECT * FROM `qm_data` WHERE ( id='26' ) LIMIT 1   [ RunTime:0.0003s ]
INFO: [ view_parse ] --START--
INFO: [ template_filter ] --START--
INFO: Run Behavior\ContentReplaceBehavior [ RunTime:0.000114s ]
INFO: [ template_filter ] --END-- [ RunTime:0.000152s ]
NOTIC: [8] Undefined variable: name /www/wwwroot/dai.juhuaian.cn/Application/Runtime/Cache/QM_Admin_1216/ee10e7e9431fb07698f7443c16452d25.php 第 26 行.
NOTIC: [8] Undefined variable: sex /www/wwwroot/dai.juhuaian.cn/Application/Runtime/Cache/QM_Admin_1216/ee10e7e9431fb07698f7443c16452d25.php 第 27 行.
NOTIC: [8] Undefined variable: newphone /www/wwwroot/dai.juhuaian.cn/Application/Runtime/Cache/QM_Admin_1216/ee10e7e9431fb07698f7443c16452d25.php 第 28 行.
NOTIC: [8] Undefined variable: lphone /www/wwwroot/dai.juhuaian.cn/Application/Runtime/Cache/QM_Admin_1216/ee10e7e9431fb07698f7443c16452d25.php 第 29 行.
NOTIC: [8] Undefined variable: xl /www/wwwroot/dai.juhuaian.cn/Application/Runtime/Cache/QM_Admin_1216/ee10e7e9431fb07698f7443c16452d25.php 第 30 行.
NOTIC: [8] Undefined variable: yx /www/wwwroot/dai.juhuaian.cn/Application/Runtime/Cache/QM_Admin_1216/ee10e7e9431fb07698f7443c16452d25.php 第 31 行.
NOTIC: [8] Undefined variable: idcnu /www/wwwroot/dai.juhuaian.cn/Application/Runtime/Cache/QM_Admin_1216/ee10e7e9431fb07698f7443c16452d25.php 第 32 行.
NOTIC: [8] Undefined variable: sfzyxq /www/wwwroot/dai.juhuaian.cn/Application/Runtime/Cache/QM_Admin_1216/ee10e7e9431fb07698f7443c16452d25.php 第 33 行.
NOTIC: [8] Undefined variable: hjdz /www/wwwroot/dai.juhuaian.cn/Application/Runtime/Cache/QM_Admin_1216/ee10e7e9431fb07698f7443c16452d25.php 第 34 行.
NOTIC: [8] Undefined variable: fzjg /www/wwwroot/dai.juhuaian.cn/Application/Runtime/Cache/QM_Admin_1216/ee10e7e9431fb07698f7443c16452d25.php 第 35 行.
NOTIC: [8] Undefined variable: xzz /www/wwwroot/dai.juhuaian.cn/Application/Runtime/Cache/QM_Admin_1216/ee10e7e9431fb07698f7443c16452d25.php 第 36 行.
NOTIC: [8] Undefined variable: gsmc /www/wwwroot/dai.juhuaian.cn/Application/Runtime/Cache/QM_Admin_1216/ee10e7e9431fb07698f7443c16452d25.php 第 37 行.
NOTIC: [8] Undefined variable: zg /www/wwwroot/dai.juhuaian.cn/Application/Runtime/Cache/QM_Admin_1216/ee10e7e9431fb07698f7443c16452d25.php 第 38 行.
NOTIC: [8] Undefined variable: gsdz /www/wwwroot/dai.juhuaian.cn/Application/Runtime/Cache/QM_Admin_1216/ee10e7e9431fb07698f7443c16452d25.php 第 39 行.
NOTIC: [8] Undefined variable: gsdh /www/wwwroot/dai.juhuaian.cn/Application/Runtime/Cache/QM_Admin_1216/ee10e7e9431fb07698f7443c16452d25.php 第 40 行.
NOTIC: [8] Undefined variable: bm /www/wwwroot/dai.juhuaian.cn/Application/Runtime/Cache/QM_Admin_1216/ee10e7e9431fb07698f7443c16452d25.php 第 41 行.
NOTIC: [8] Undefined variable: zw /www/wwwroot/dai.juhuaian.cn/Application/Runtime/Cache/QM_Admin_1216/ee10e7e9431fb07698f7443c16452d25.php 第 42 行.
NOTIC: [8] Undefined variable: nsr /www/wwwroot/dai.juhuaian.cn/Application/Runtime/Cache/QM_Admin_1216/ee10e7e9431fb07698f7443c16452d25.php 第 43 行.
NOTIC: [8] Undefined variable: gznx /www/wwwroot/dai.juhuaian.cn/Application/Runtime/Cache/QM_Admin_1216/ee10e7e9431fb07698f7443c16452d25.php 第 44 行.
NOTIC: [8] Undefined variable: sfyc /www/wwwroot/dai.juhuaian.cn/Application/Runtime/Cache/QM_Admin_1216/ee10e7e9431fb07698f7443c16452d25.php 第 45 行.
NOTIC: [8] Undefined variable: cph /www/wwwroot/dai.juhuaian.cn/Application/Runtime/Cache/QM_Admin_1216/ee10e7e9431fb07698f7443c16452d25.php 第 46 行.
NOTIC: [8] Undefined variable: fc /www/wwwroot/dai.juhuaian.cn/Application/Runtime/Cache/QM_Admin_1216/ee10e7e9431fb07698f7443c16452d25.php 第 47 行.
INFO: Run Behavior\ParseTemplateBehavior [ RunTime:0.004796s ]
INFO: [ view_parse ] --END-- [ RunTime:0.004815s ]
INFO: [ view_filter ] --START--
INFO: Run Behavior\WriteHtmlCacheBehavior [ RunTime:0.000116s ]
INFO: [ view_filter ] --END-- [ RunTime:0.000128s ]
INFO: [ app_end ] --START--
INFO: Run Behavior\ShowPageTraceBehavior [ RunTime:0.000339s ]
INFO: [ app_end ] --END-- [ RunTime:0.000354s ]

