[ 2018-03-17T09:44:01+08:00 ] 119.164.68.1 /index.php/QM_Admin_1216/Index/index.html
INFO: [ app_init ] --START--
INFO: Run Behavior\BuildLiteBehavior [ RunTime:0.000010s ]
INFO: [ app_init ] --END-- [ RunTime:0.000224s ]
INFO: [ app_begin ] --START--
INFO: Run Behavior\ReadHtmlCacheBehavior [ RunTime:0.000297s ]
INFO: [ app_begin ] --END-- [ RunTime:0.000318s ]
NOTIC: [8] Undefined index: id /www/wwwroot/asd.luhanforex.cn/Application/QM_Admin_1216/Controller/IndexController.class.php 第 6 行.
INFO: [ view_parse ] --START--
INFO: [ template_filter ] --START--
INFO: Run Behavior\ContentReplaceBehavior [ RunTime:0.000017s ]
INFO: [ template_filter ] --END-- [ RunTime:0.000033s ]
INFO: Run Behavior\ParseTemplateBehavior [ RunTime:0.002265s ]
INFO: [ view_parse ] --END-- [ RunTime:0.002281s ]
INFO: [ view_filter ] --START--
INFO: Run Behavior\WriteHtmlCacheBehavior [ RunTime:0.000071s ]
INFO: [ view_filter ] --END-- [ RunTime:0.000080s ]
INFO: [ app_end ] --START--
INFO: Run Behavior\ShowPageTraceBehavior [ RunTime:0.000228s ]
INFO: [ app_end ] --END-- [ RunTime:0.000242s ]

[ 2018-03-17T09:44:02+08:00 ] 119.164.68.1 /index.php/QM_Admin_1216/Login/login.html
INFO: [ app_init ] --START--
INFO: Run Behavior\BuildLiteBehavior [ RunTime:0.000007s ]
INFO: [ app_init ] --END-- [ RunTime:0.000185s ]
INFO: [ app_begin ] --START--
INFO: Run Behavior\ReadHtmlCacheBehavior [ RunTime:0.000232s ]
INFO: [ app_begin ] --END-- [ RunTime:0.000250s ]
INFO: [ view_parse ] --START--
INFO: [ template_filter ] --START--
INFO: Run Behavior\ContentReplaceBehavior [ RunTime:0.000026s ]
INFO: [ template_filter ] --END-- [ RunTime:0.000046s ]
INFO: Run Behavior\ParseTemplateBehavior [ RunTime:0.002804s ]
INFO: [ view_parse ] --END-- [ RunTime:0.002821s ]
INFO: [ view_filter ] --START--
INFO: Run Behavior\WriteHtmlCacheBehavior [ RunTime:0.000080s ]
INFO: [ view_filter ] --END-- [ RunTime:0.000091s ]
INFO: [ app_end ] --START--
INFO: Run Behavior\ShowPageTraceBehavior [ RunTime:0.000250s ]
INFO: [ app_end ] --END-- [ RunTime:0.000263s ]

[ 2018-03-17T09:44:03+08:00 ] 119.164.68.1 /index.php/QM_Admin_1216/Login/checklogin
INFO: [ app_init ] --START--
INFO: Run Behavior\BuildLiteBehavior [ RunTime:0.000007s ]
INFO: [ app_init ] --END-- [ RunTime:0.000163s ]
INFO: [ app_begin ] --START--
INFO: Run Behavior\ReadHtmlCacheBehavior [ RunTime:0.000211s ]
INFO: [ app_begin ] --END-- [ RunTime:0.000229s ]
SQL: SHOW COLUMNS FROM `qm_adminus` [ RunTime:0.0004s ]
SQL: SELECT * FROM `qm_adminus` WHERE ( username='123' AND password='123' ) LIMIT 1   [ RunTime:0.0000s ]
INFO: [ view_parse ] --START--
INFO: [ template_filter ] --START--
INFO: Run Behavior\ContentReplaceBehavior [ RunTime:0.000018s ]
INFO: [ template_filter ] --END-- [ RunTime:0.000035s ]
INFO: Run Behavior\ParseTemplateBehavior [ RunTime:0.002455s ]
INFO: [ view_parse ] --END-- [ RunTime:0.002471s ]
INFO: [ view_filter ] --START--
INFO: Run Behavior\WriteHtmlCacheBehavior [ RunTime:0.000071s ]
INFO: [ view_filter ] --END-- [ RunTime:0.000081s ]
INFO: [ app_end ] --START--
INFO: Run Behavior\ShowPageTraceBehavior [ RunTime:0.000284s ]
INFO: [ app_end ] --END-- [ RunTime:0.000299s ]

[ 2018-03-17T09:44:04+08:00 ] 119.164.68.1 /index.php/QM_Admin_1216/Index/index.html
INFO: [ app_init ] --START--
INFO: Run Behavior\BuildLiteBehavior [ RunTime:0.000006s ]
INFO: [ app_init ] --END-- [ RunTime:0.000170s ]
INFO: [ app_begin ] --START--
INFO: Run Behavior\ReadHtmlCacheBehavior [ RunTime:0.000228s ]
INFO: [ app_begin ] --END-- [ RunTime:0.000244s ]
INFO: [ view_parse ] --START--
INFO: [ template_filter ] --START--
INFO: Run Behavior\ContentReplaceBehavior [ RunTime:0.000066s ]
INFO: [ template_filter ] --END-- [ RunTime:0.000085s ]
INFO: Run Behavior\ParseTemplateBehavior [ RunTime:0.004163s ]
INFO: [ view_parse ] --END-- [ RunTime:0.004178s ]
INFO: [ view_filter ] --START--
INFO: Run Behavior\WriteHtmlCacheBehavior [ RunTime:0.000074s ]
INFO: [ view_filter ] --END-- [ RunTime:0.000089s ]
INFO: [ app_end ] --START--
INFO: Run Behavior\ShowPageTraceBehavior [ RunTime:0.000241s ]
INFO: [ app_end ] --END-- [ RunTime:0.000256s ]

[ 2018-03-17T09:44:04+08:00 ] 119.164.68.1 /index.php/QM_Admin_1216/Index/img/icon/baidu.png
INFO: [ app_init ] --START--
INFO: Run Behavior\BuildLiteBehavior [ RunTime:0.000007s ]
INFO: [ app_init ] --END-- [ RunTime:0.000156s ]

[ 2018-03-17T09:44:04+08:00 ] 119.164.68.1 /index.php/QM_Admin_1216/Index/img/presentation/1.png
INFO: [ app_init ] --START--
INFO: Run Behavior\BuildLiteBehavior [ RunTime:0.000009s ]
INFO: [ app_init ] --END-- [ RunTime:0.000174s ]

[ 2018-03-17T09:53:21+08:00 ] 119.164.68.1 /index.php/QM_Admin_1216/Mgt/shop
INFO: [ app_init ] --START--
INFO: Run Behavior\BuildLiteBehavior [ RunTime:0.000007s ]
INFO: [ app_init ] --END-- [ RunTime:0.000178s ]
INFO: [ app_begin ] --START--
INFO: Run Behavior\ReadHtmlCacheBehavior [ RunTime:0.000203s ]
INFO: [ app_begin ] --END-- [ RunTime:0.000219s ]
SQL: SHOW COLUMNS FROM `qm_shop` [ RunTime:0.0004s ]
SQL: SELECT * FROM `qm_shop`  [ RunTime:0.0001s ]
INFO: [ view_parse ] --START--
INFO: [ template_filter ] --START--
INFO: Run Behavior\ContentReplaceBehavior [ RunTime:0.000055s ]
INFO: [ template_filter ] --END-- [ RunTime:0.000081s ]
NOTIC: [8] Undefined index: isvip /www/wwwroot/asd.luhanforex.cn/Application/Runtime/Cache/QM_Admin_1216/32e63b65a858ec9695e0e6d9ab6a64ac.php 第 99 行.
NOTIC: [8] Undefined index: isvip /www/wwwroot/asd.luhanforex.cn/Application/Runtime/Cache/QM_Admin_1216/32e63b65a858ec9695e0e6d9ab6a64ac.php 第 99 行.
NOTIC: [8] Undefined variable: pageinfo /www/wwwroot/asd.luhanforex.cn/Application/Runtime/Cache/QM_Admin_1216/32e63b65a858ec9695e0e6d9ab6a64ac.php 第 110 行.
INFO: Run Behavior\ParseTemplateBehavior [ RunTime:0.006299s ]
INFO: [ view_parse ] --END-- [ RunTime:0.006312s ]
INFO: [ view_filter ] --START--
INFO: Run Behavior\WriteHtmlCacheBehavior [ RunTime:0.000072s ]
INFO: [ view_filter ] --END-- [ RunTime:0.000082s ]
INFO: [ app_end ] --START--
INFO: Run Behavior\ShowPageTraceBehavior [ RunTime:0.000245s ]
INFO: [ app_end ] --END-- [ RunTime:0.000258s ]

[ 2018-03-17T09:53:22+08:00 ] 119.164.68.1 /index.php/QM_Admin_1216/Mgt/addshop
INFO: [ app_init ] --START--
INFO: Run Behavior\BuildLiteBehavior [ RunTime:0.000011s ]
INFO: [ app_init ] --END-- [ RunTime:0.000245s ]
INFO: [ app_begin ] --START--
INFO: Run Behavior\ReadHtmlCacheBehavior [ RunTime:0.000356s ]
INFO: [ app_begin ] --END-- [ RunTime:0.000380s ]
INFO: [ view_parse ] --START--
INFO: [ template_filter ] --START--
INFO: Run Behavior\ContentReplaceBehavior [ RunTime:0.000043s ]
INFO: [ template_filter ] --END-- [ RunTime:0.000062s ]
INFO: Run Behavior\ParseTemplateBehavior [ RunTime:0.003791s ]
INFO: [ view_parse ] --END-- [ RunTime:0.003807s ]
INFO: [ view_filter ] --START--
INFO: Run Behavior\WriteHtmlCacheBehavior [ RunTime:0.000090s ]
INFO: [ view_filter ] --END-- [ RunTime:0.000102s ]
INFO: [ app_end ] --START--
INFO: Run Behavior\ShowPageTraceBehavior [ RunTime:0.000251s ]
INFO: [ app_end ] --END-- [ RunTime:0.000266s ]

[ 2018-03-17T09:53:25+08:00 ] 119.164.68.1 /index.php/QM_Admin_1216/Mgt/goodsgl
INFO: [ app_init ] --START--
INFO: Run Behavior\BuildLiteBehavior [ RunTime:0.000010s ]
INFO: [ app_init ] --END-- [ RunTime:0.000293s ]
INFO: [ app_begin ] --START--
INFO: Run Behavior\ReadHtmlCacheBehavior [ RunTime:0.000226s ]
INFO: [ app_begin ] --END-- [ RunTime:0.000241s ]
SQL: SHOW COLUMNS FROM `qm_goods` [ RunTime:0.0005s ]
SQL: SELECT COUNT(*) AS tp_Count FROM `qm_goods` LIMIT 1   [ RunTime:0.0000s ]
SQL: SELECT * FROM `qm_goods` ORDER BY id desc LIMIT 0,10   [ RunTime:0.0001s ]
INFO: [ view_parse ] --START--
INFO: [ template_filter ] --START--
INFO: Run Behavior\ContentReplaceBehavior [ RunTime:0.000042s ]
INFO: [ template_filter ] --END-- [ RunTime:0.000062s ]
NOTIC: [8] Undefined variable: res /www/wwwroot/asd.luhanforex.cn/Application/Runtime/Cache/QM_Admin_1216/3f6e2281395a59db8928057002b70f3f.php 第 95 行.
NOTIC: [8] Undefined variable: res /www/wwwroot/asd.luhanforex.cn/Application/Runtime/Cache/QM_Admin_1216/3f6e2281395a59db8928057002b70f3f.php 第 95 行.
INFO: Run Behavior\ParseTemplateBehavior [ RunTime:0.003468s ]
INFO: [ view_parse ] --END-- [ RunTime:0.003485s ]
INFO: [ view_filter ] --START--
INFO: Run Behavior\WriteHtmlCacheBehavior [ RunTime:0.000077s ]
INFO: [ view_filter ] --END-- [ RunTime:0.000088s ]
INFO: [ app_end ] --START--
INFO: Run Behavior\ShowPageTraceBehavior [ RunTime:0.000267s ]
INFO: [ app_end ] --END-- [ RunTime:0.000281s ]

[ 2018-03-17T09:53:26+08:00 ] 119.164.68.1 /index.php/QM_Admin_1216/Mgt/sogoods.html
INFO: [ app_init ] --START--
INFO: Run Behavior\BuildLiteBehavior [ RunTime:0.000009s ]
INFO: [ app_init ] --END-- [ RunTime:0.000169s ]
INFO: [ app_begin ] --START--
INFO: Run Behavior\ReadHtmlCacheBehavior [ RunTime:0.000201s ]
INFO: [ app_begin ] --END-- [ RunTime:0.000216s ]
SQL: SHOW COLUMNS FROM `qm_goods` [ RunTime:0.0006s ]
SQL: SELECT COUNT(*) AS tp_Count FROM `qm_goods` WHERE ( user_id= '' ) LIMIT 1   [ RunTime:0.0002s ]
SQL: SELECT * FROM `qm_goods` WHERE ( user_id= '' ) LIMIT 0,5   [ RunTime:0.0002s ]
INFO: [ app_end ] --START--
INFO: Run Behavior\ShowPageTraceBehavior [ RunTime:0.000276s ]
INFO: [ app_end ] --END-- [ RunTime:0.000294s ]

[ 2018-03-17T09:53:26+08:00 ] 119.164.68.1 /index.php/QM_Admin_1216/Mgt/addcp
INFO: [ app_init ] --START--
INFO: Run Behavior\BuildLiteBehavior [ RunTime:0.000007s ]
INFO: [ app_init ] --END-- [ RunTime:0.000159s ]
INFO: [ app_begin ] --START--
INFO: Run Behavior\ReadHtmlCacheBehavior [ RunTime:0.000198s ]
INFO: [ app_begin ] --END-- [ RunTime:0.000214s ]
INFO: [ view_parse ] --START--
INFO: [ template_filter ] --START--
INFO: Run Behavior\ContentReplaceBehavior [ RunTime:0.000054s ]
INFO: [ template_filter ] --END-- [ RunTime:0.000091s ]
INFO: Run Behavior\ParseTemplateBehavior [ RunTime:0.013879s ]
INFO: [ view_parse ] --END-- [ RunTime:0.013901s ]
INFO: [ view_filter ] --START--
INFO: Run Behavior\WriteHtmlCacheBehavior [ RunTime:0.000136s ]
INFO: [ view_filter ] --END-- [ RunTime:0.000152s ]
INFO: [ app_end ] --START--
INFO: Run Behavior\ShowPageTraceBehavior [ RunTime:0.000467s ]
INFO: [ app_end ] --END-- [ RunTime:0.000489s ]

[ 2018-03-17T09:54:13+08:00 ] 119.164.68.1 /index.php/QM_Admin_1216/Mgt/insertcp
INFO: [ app_init ] --START--
INFO: Run Behavior\BuildLiteBehavior [ RunTime:0.000007s ]
INFO: [ app_init ] --END-- [ RunTime:0.000161s ]
INFO: [ app_begin ] --START--
INFO: Run Behavior\ReadHtmlCacheBehavior [ RunTime:0.000220s ]
INFO: [ app_begin ] --END-- [ RunTime:0.000237s ]
NOTIC: [2] call_user_func() expects parameter 1 to be a valid callback, no array or string given /www/wwwroot/asd.luhanforex.cn/ThinkPHP/Library/Think/Upload.class.php 第 170 行.
NOTIC: [2] call_user_func() expects parameter 1 to be a valid callback, no array or string given /www/wwwroot/asd.luhanforex.cn/ThinkPHP/Library/Think/Upload.class.php 第 170 行.
NOTIC: [2] call_user_func() expects parameter 1 to be a valid callback, no array or string given /www/wwwroot/asd.luhanforex.cn/ThinkPHP/Library/Think/Upload.class.php 第 170 行.
NOTIC: [2] call_user_func() expects parameter 1 to be a valid callback, no array or string given /www/wwwroot/asd.luhanforex.cn/ThinkPHP/Library/Think/Upload.class.php 第 170 行.
NOTIC: [2] call_user_func() expects parameter 1 to be a valid callback, no array or string given /www/wwwroot/asd.luhanforex.cn/ThinkPHP/Library/Think/Upload.class.php 第 170 行.
NOTIC: [2] call_user_func() expects parameter 1 to be a valid callback, no array or string given /www/wwwroot/asd.luhanforex.cn/ThinkPHP/Library/Think/Upload.class.php 第 170 行.
SQL: SHOW COLUMNS FROM `qm_goods` [ RunTime:0.0007s ]
SQL: INSERT INTO `qm_goods` (`pic1`,`pic2`,`pic3`,`pic4`,`pic5`,`pic6`,`content`,`cas`,`guige`,`pinpai`,`kucun`,`money`,`chiname`,`isyoushi`,`addtime`) VALUES ('uploads/2018-03-17/5aac75457f317.JPG','uploads/2018-03-17/5aac754582862.JPG','uploads/2018-03-17/5aac754584bda.JPG','uploads/2018-03-17/5aac7545866e2.JPG','uploads/2018-03-17/5aac754587ce7.JPG','uploads/2018-03-17/5aac754589b6e.JPG','nnn','a','222','22','','2','sfsd','2','2018-03-17') [ RunTime:0.0003s ]
INFO: [ view_parse ] --START--
INFO: [ template_filter ] --START--
INFO: Run Behavior\ContentReplaceBehavior [ RunTime:0.000017s ]
INFO: [ template_filter ] --END-- [ RunTime:0.000034s ]
INFO: Run Behavior\ParseTemplateBehavior [ RunTime:0.003181s ]
INFO: [ view_parse ] --END-- [ RunTime:0.003197s ]
INFO: [ view_filter ] --START--
INFO: Run Behavior\WriteHtmlCacheBehavior [ RunTime:0.000076s ]
INFO: [ view_filter ] --END-- [ RunTime:0.000086s ]
INFO: [ app_end ] --START--
INFO: Run Behavior\ShowPageTraceBehavior [ RunTime:0.000247s ]
INFO: [ app_end ] --END-- [ RunTime:0.000260s ]

[ 2018-03-17T09:54:14+08:00 ] 119.164.68.1 /index.php/QM_Admin_1216/Mgt/goodsgl.html
INFO: [ app_init ] --START--
INFO: Run Behavior\BuildLiteBehavior [ RunTime:0.000006s ]
INFO: [ app_init ] --END-- [ RunTime:0.000159s ]
INFO: [ app_begin ] --START--
INFO: Run Behavior\ReadHtmlCacheBehavior [ RunTime:0.000243s ]
INFO: [ app_begin ] --END-- [ RunTime:0.000259s ]
SQL: SHOW COLUMNS FROM `qm_goods` [ RunTime:0.0005s ]
SQL: SELECT COUNT(*) AS tp_Count FROM `qm_goods` LIMIT 1   [ RunTime:0.0001s ]
SQL: SELECT * FROM `qm_goods` ORDER BY id desc LIMIT 0,10   [ RunTime:0.0002s ]
INFO: [ view_parse ] --START--
INFO: [ template_filter ] --START--
INFO: Run Behavior\ContentReplaceBehavior [ RunTime:0.000045s ]
INFO: [ template_filter ] --END-- [ RunTime:0.000065s ]
NOTIC: [8] Undefined variable: res /www/wwwroot/asd.luhanforex.cn/Application/Runtime/Cache/QM_Admin_1216/3f6e2281395a59db8928057002b70f3f.php 第 95 行.
NOTIC: [8] Undefined variable: res /www/wwwroot/asd.luhanforex.cn/Application/Runtime/Cache/QM_Admin_1216/3f6e2281395a59db8928057002b70f3f.php 第 95 行.
NOTIC: [8] Undefined variable: res /www/wwwroot/asd.luhanforex.cn/Application/Runtime/Cache/QM_Admin_1216/3f6e2281395a59db8928057002b70f3f.php 第 95 行.
INFO: Run Behavior\ParseTemplateBehavior [ RunTime:0.003421s ]
INFO: [ view_parse ] --END-- [ RunTime:0.003438s ]
INFO: [ view_filter ] --START--
INFO: Run Behavior\WriteHtmlCacheBehavior [ RunTime:0.000082s ]
INFO: [ view_filter ] --END-- [ RunTime:0.000093s ]
INFO: [ app_end ] --START--
INFO: Run Behavior\ShowPageTraceBehavior [ RunTime:0.000265s ]
INFO: [ app_end ] --END-- [ RunTime:0.000279s ]

[ 2018-03-17T15:21:17+08:00 ] 119.164.68.1 /index.php/QM_Admin_1216/Mgt/sogoods.html
INFO: [ app_init ] --START--
INFO: Run Behavior\BuildLiteBehavior [ RunTime:0.000008s ]
INFO: [ app_init ] --END-- [ RunTime:0.000227s ]
INFO: [ app_begin ] --START--
INFO: Run Behavior\ReadHtmlCacheBehavior [ RunTime:0.000231s ]
INFO: [ app_begin ] --END-- [ RunTime:0.000252s ]
SQL: SHOW COLUMNS FROM `qm_goods` [ RunTime:0.0007s ]
SQL: SELECT COUNT(*) AS tp_Count FROM `qm_goods` WHERE ( user_id= '' ) LIMIT 1   [ RunTime:0.0139s ]
SQL: SELECT * FROM `qm_goods` WHERE ( user_id= '' ) LIMIT 0,5   [ RunTime:0.0002s ]
INFO: [ app_end ] --START--
INFO: Run Behavior\ShowPageTraceBehavior [ RunTime:0.000339s ]
INFO: [ app_end ] --END-- [ RunTime:0.000361s ]

[ 2018-03-17T15:21:17+08:00 ] 119.164.68.1 /index.php/QM_Admin_1216/Mgt/addcp
INFO: [ app_init ] --START--
INFO: Run Behavior\BuildLiteBehavior [ RunTime:0.000009s ]
INFO: [ app_init ] --END-- [ RunTime:0.000176s ]
INFO: [ app_begin ] --START--
INFO: Run Behavior\ReadHtmlCacheBehavior [ RunTime:0.000308s ]
INFO: [ app_begin ] --END-- [ RunTime:0.000332s ]
INFO: [ view_parse ] --START--
INFO: [ template_filter ] --START--
INFO: Run Behavior\ContentReplaceBehavior [ RunTime:0.000043s ]
INFO: [ template_filter ] --END-- [ RunTime:0.000069s ]
INFO: Run Behavior\ParseTemplateBehavior [ RunTime:0.005126s ]
INFO: [ view_parse ] --END-- [ RunTime:0.005148s ]
INFO: [ view_filter ] --START--
INFO: Run Behavior\WriteHtmlCacheBehavior [ RunTime:0.000090s ]
INFO: [ view_filter ] --END-- [ RunTime:0.000103s ]
INFO: [ app_end ] --START--
INFO: Run Behavior\ShowPageTraceBehavior [ RunTime:0.000284s ]
INFO: [ app_end ] --END-- [ RunTime:0.000299s ]

[ 2018-03-17T15:21:35+08:00 ] 119.164.68.1 /index.php/QM_Admin_1216/Mgt/shop
INFO: [ app_init ] --START--
INFO: Run Behavior\BuildLiteBehavior [ RunTime:0.000011s ]
INFO: [ app_init ] --END-- [ RunTime:0.000240s ]
INFO: [ app_begin ] --START--
INFO: Run Behavior\ReadHtmlCacheBehavior [ RunTime:0.000508s ]
INFO: [ app_begin ] --END-- [ RunTime:0.000566s ]
SQL: SHOW COLUMNS FROM `qm_shop` [ RunTime:0.0004s ]
SQL: SELECT * FROM `qm_shop`  [ RunTime:0.0001s ]
INFO: [ view_parse ] --START--
INFO: [ template_filter ] --START--
INFO: Run Behavior\ContentReplaceBehavior [ RunTime:0.000045s ]
INFO: [ template_filter ] --END-- [ RunTime:0.000070s ]
NOTIC: [8] Undefined index: isvip /www/wwwroot/asd.luhanforex.cn/Application/Runtime/Cache/QM_Admin_1216/32e63b65a858ec9695e0e6d9ab6a64ac.php 第 99 行.
NOTIC: [8] Undefined index: isvip /www/wwwroot/asd.luhanforex.cn/Application/Runtime/Cache/QM_Admin_1216/32e63b65a858ec9695e0e6d9ab6a64ac.php 第 99 行.
NOTIC: [8] Undefined variable: pageinfo /www/wwwroot/asd.luhanforex.cn/Application/Runtime/Cache/QM_Admin_1216/32e63b65a858ec9695e0e6d9ab6a64ac.php 第 110 行.
INFO: Run Behavior\ParseTemplateBehavior [ RunTime:0.010384s ]
INFO: [ view_parse ] --END-- [ RunTime:0.010397s ]
INFO: [ view_filter ] --START--
INFO: Run Behavior\WriteHtmlCacheBehavior [ RunTime:0.000088s ]
INFO: [ view_filter ] --END-- [ RunTime:0.000098s ]
INFO: [ app_end ] --START--
INFO: Run Behavior\ShowPageTraceBehavior [ RunTime:0.000300s ]
INFO: [ app_end ] --END-- [ RunTime:0.000351s ]

[ 2018-03-17T15:21:38+08:00 ] 119.164.68.1 /index.php/QM_Admin_1216/Mgt/addshop
INFO: [ app_init ] --START--
INFO: Run Behavior\BuildLiteBehavior [ RunTime:0.000006s ]
INFO: [ app_init ] --END-- [ RunTime:0.000163s ]
INFO: [ app_begin ] --START--
INFO: Run Behavior\ReadHtmlCacheBehavior [ RunTime:0.000227s ]
INFO: [ app_begin ] --END-- [ RunTime:0.000245s ]
INFO: [ view_parse ] --START--
INFO: [ template_filter ] --START--
INFO: Run Behavior\ContentReplaceBehavior [ RunTime:0.000040s ]
INFO: [ template_filter ] --END-- [ RunTime:0.000059s ]
INFO: Run Behavior\ParseTemplateBehavior [ RunTime:0.003215s ]
INFO: [ view_parse ] --END-- [ RunTime:0.003237s ]
INFO: [ view_filter ] --START--
INFO: Run Behavior\WriteHtmlCacheBehavior [ RunTime:0.000087s ]
INFO: [ view_filter ] --END-- [ RunTime:0.000100s ]
INFO: [ app_end ] --START--
INFO: Run Behavior\ShowPageTraceBehavior [ RunTime:0.000241s ]
INFO: [ app_end ] --END-- [ RunTime:0.000258s ]

[ 2018-03-17T15:21:40+08:00 ] 119.164.68.1 /index.php/QM_Admin_1216/Mgt/goodsgl
INFO: [ app_init ] --START--
INFO: Run Behavior\BuildLiteBehavior [ RunTime:0.000007s ]
INFO: [ app_init ] --END-- [ RunTime:0.000169s ]
INFO: [ app_begin ] --START--
INFO: Run Behavior\ReadHtmlCacheBehavior [ RunTime:0.000213s ]
INFO: [ app_begin ] --END-- [ RunTime:0.000229s ]
SQL: SHOW COLUMNS FROM `qm_goods` [ RunTime:0.0005s ]
SQL: SELECT COUNT(*) AS tp_Count FROM `qm_goods` LIMIT 1   [ RunTime:0.0001s ]
SQL: SELECT * FROM `qm_goods` ORDER BY id desc LIMIT 0,10   [ RunTime:0.0001s ]
INFO: [ view_parse ] --START--
INFO: [ template_filter ] --START--
INFO: Run Behavior\ContentReplaceBehavior [ RunTime:0.000037s ]
INFO: [ template_filter ] --END-- [ RunTime:0.000055s ]
NOTIC: [8] Undefined variable: res /www/wwwroot/asd.luhanforex.cn/Application/Runtime/Cache/QM_Admin_1216/3f6e2281395a59db8928057002b70f3f.php 第 95 行.
NOTIC: [8] Undefined variable: res /www/wwwroot/asd.luhanforex.cn/Application/Runtime/Cache/QM_Admin_1216/3f6e2281395a59db8928057002b70f3f.php 第 95 行.
NOTIC: [8] Undefined variable: res /www/wwwroot/asd.luhanforex.cn/Application/Runtime/Cache/QM_Admin_1216/3f6e2281395a59db8928057002b70f3f.php 第 95 行.
INFO: Run Behavior\ParseTemplateBehavior [ RunTime:0.003854s ]
INFO: [ view_parse ] --END-- [ RunTime:0.003873s ]
INFO: [ view_filter ] --START--
INFO: Run Behavior\WriteHtmlCacheBehavior [ RunTime:0.000074s ]
INFO: [ view_filter ] --END-- [ RunTime:0.000087s ]
INFO: [ app_end ] --START--
INFO: Run Behavior\ShowPageTraceBehavior [ RunTime:0.000287s ]
INFO: [ app_end ] --END-- [ RunTime:0.000311s ]

[ 2018-03-17T15:21:41+08:00 ] 119.164.68.1 /index.php/QM_Admin_1216/Mgt/addcp
INFO: [ app_init ] --START--
INFO: Run Behavior\BuildLiteBehavior [ RunTime:0.000006s ]
INFO: [ app_init ] --END-- [ RunTime:0.000154s ]
INFO: [ app_begin ] --START--
INFO: Run Behavior\ReadHtmlCacheBehavior [ RunTime:0.000210s ]
INFO: [ app_begin ] --END-- [ RunTime:0.000229s ]
INFO: [ view_parse ] --START--
INFO: [ template_filter ] --START--
INFO: Run Behavior\ContentReplaceBehavior [ RunTime:0.000047s ]
INFO: [ template_filter ] --END-- [ RunTime:0.000066s ]
INFO: Run Behavior\ParseTemplateBehavior [ RunTime:0.008706s ]
INFO: [ view_parse ] --END-- [ RunTime:0.008723s ]
INFO: [ view_filter ] --START--
INFO: Run Behavior\WriteHtmlCacheBehavior [ RunTime:0.000078s ]
INFO: [ view_filter ] --END-- [ RunTime:0.000088s ]
INFO: [ app_end ] --START--
INFO: Run Behavior\ShowPageTraceBehavior [ RunTime:0.000249s ]
INFO: [ app_end ] --END-- [ RunTime:0.000266s ]

[ 2018-03-17T15:21:41+08:00 ] 119.164.68.1 /index.php/QM_Admin_1216/Mgt/sogoods.html
INFO: [ app_init ] --START--
INFO: Run Behavior\BuildLiteBehavior [ RunTime:0.000007s ]
INFO: [ app_init ] --END-- [ RunTime:0.000157s ]
INFO: [ app_begin ] --START--
INFO: Run Behavior\ReadHtmlCacheBehavior [ RunTime:0.000231s ]
INFO: [ app_begin ] --END-- [ RunTime:0.000247s ]
SQL: SHOW COLUMNS FROM `qm_goods` [ RunTime:0.0005s ]
SQL: SELECT COUNT(*) AS tp_Count FROM `qm_goods` WHERE ( user_id= '' ) LIMIT 1   [ RunTime:0.0000s ]
SQL: SELECT * FROM `qm_goods` WHERE ( user_id= '' ) LIMIT 0,5   [ RunTime:0.0001s ]
INFO: [ app_end ] --START--
INFO: Run Behavior\ShowPageTraceBehavior [ RunTime:0.000259s ]
INFO: [ app_end ] --END-- [ RunTime:0.000279s ]

[ 2018-03-17T16:20:14+08:00 ] 119.164.68.1 /index.php/QM_Admin_1216/Mgt/goodsgl
INFO: [ app_init ] --START--
INFO: Run Behavior\BuildLiteBehavior [ RunTime:0.000010s ]
INFO: [ app_init ] --END-- [ RunTime:0.000241s ]
INFO: [ app_begin ] --START--
INFO: Run Behavior\ReadHtmlCacheBehavior [ RunTime:0.000376s ]
INFO: [ app_begin ] --END-- [ RunTime:0.000396s ]
SQL: SHOW COLUMNS FROM `qm_goods` [ RunTime:0.0005s ]
SQL: SELECT COUNT(*) AS tp_Count FROM `qm_goods` LIMIT 1   [ RunTime:0.0000s ]
SQL: SELECT * FROM `qm_goods` ORDER BY id desc LIMIT 0,10   [ RunTime:0.0001s ]
INFO: [ view_parse ] --START--
INFO: [ template_filter ] --START--
INFO: Run Behavior\ContentReplaceBehavior [ RunTime:0.000041s ]
INFO: [ template_filter ] --END-- [ RunTime:0.000076s ]
NOTIC: [8] Undefined variable: res /www/wwwroot/asd.luhanforex.cn/Application/Runtime/Cache/QM_Admin_1216/3f6e2281395a59db8928057002b70f3f.php 第 95 行.
NOTIC: [8] Undefined variable: res /www/wwwroot/asd.luhanforex.cn/Application/Runtime/Cache/QM_Admin_1216/3f6e2281395a59db8928057002b70f3f.php 第 95 行.
NOTIC: [8] Undefined variable: res /www/wwwroot/asd.luhanforex.cn/Application/Runtime/Cache/QM_Admin_1216/3f6e2281395a59db8928057002b70f3f.php 第 95 行.
INFO: Run Behavior\ParseTemplateBehavior [ RunTime:0.016742s ]
INFO: [ view_parse ] --END-- [ RunTime:0.016756s ]
INFO: [ view_filter ] --START--
INFO: Run Behavior\WriteHtmlCacheBehavior [ RunTime:0.000073s ]
INFO: [ view_filter ] --END-- [ RunTime:0.000084s ]
INFO: [ app_end ] --START--
INFO: Run Behavior\ShowPageTraceBehavior [ RunTime:0.000244s ]
INFO: [ app_end ] --END-- [ RunTime:0.000258s ]

[ 2018-03-17T16:20:22+08:00 ] 119.164.68.1 /index.php/QM_Admin_1216/Index/index.html
INFO: [ app_init ] --START--
INFO: Run Behavior\BuildLiteBehavior [ RunTime:0.000007s ]
INFO: [ app_init ] --END-- [ RunTime:0.000177s ]
INFO: [ app_begin ] --START--
INFO: Run Behavior\ReadHtmlCacheBehavior [ RunTime:0.000257s ]
INFO: [ app_begin ] --END-- [ RunTime:0.000277s ]
INFO: [ view_parse ] --START--
INFO: [ template_filter ] --START--
INFO: Run Behavior\ContentReplaceBehavior [ RunTime:0.000066s ]
INFO: [ template_filter ] --END-- [ RunTime:0.000089s ]
INFO: Run Behavior\ParseTemplateBehavior [ RunTime:0.004171s ]
INFO: [ view_parse ] --END-- [ RunTime:0.004197s ]
INFO: [ view_filter ] --START--
INFO: Run Behavior\WriteHtmlCacheBehavior [ RunTime:0.000083s ]
INFO: [ view_filter ] --END-- [ RunTime:0.000094s ]
INFO: [ app_end ] --START--
INFO: Run Behavior\ShowPageTraceBehavior [ RunTime:0.000252s ]
INFO: [ app_end ] --END-- [ RunTime:0.000266s ]

[ 2018-03-17T16:20:22+08:00 ] 119.164.68.1 /index.php/QM_Admin_1216/Index/img/icon/baidu.png
INFO: [ app_init ] --START--
INFO: Run Behavior\BuildLiteBehavior [ RunTime:0.000008s ]
INFO: [ app_init ] --END-- [ RunTime:0.000184s ]

[ 2018-03-17T16:20:22+08:00 ] 119.164.68.1 /index.php/QM_Admin_1216/Index/img/presentation/1.png
INFO: [ app_init ] --START--
INFO: Run Behavior\BuildLiteBehavior [ RunTime:0.000007s ]
INFO: [ app_init ] --END-- [ RunTime:0.000162s ]

[ 2018-03-17T16:20:31+08:00 ] 119.164.68.1 /index.php/QM_Admin_1216/Mgt/goodsgl
INFO: [ app_init ] --START--
INFO: Run Behavior\BuildLiteBehavior [ RunTime:0.000007s ]
INFO: [ app_init ] --END-- [ RunTime:0.000175s ]
INFO: [ app_begin ] --START--
INFO: Run Behavior\ReadHtmlCacheBehavior [ RunTime:0.000220s ]
INFO: [ app_begin ] --END-- [ RunTime:0.000236s ]
SQL: SHOW COLUMNS FROM `qm_goods` [ RunTime:0.0005s ]
SQL: SELECT COUNT(*) AS tp_Count FROM `qm_goods` LIMIT 1   [ RunTime:0.0000s ]
SQL: SELECT * FROM `qm_goods` ORDER BY id desc LIMIT 0,10   [ RunTime:0.0001s ]
INFO: [ view_parse ] --START--
INFO: [ template_filter ] --START--
INFO: Run Behavior\ContentReplaceBehavior [ RunTime:0.000041s ]
INFO: [ template_filter ] --END-- [ RunTime:0.000057s ]
NOTIC: [8] Undefined variable: res /www/wwwroot/asd.luhanforex.cn/Application/Runtime/Cache/QM_Admin_1216/3f6e2281395a59db8928057002b70f3f.php 第 95 行.
NOTIC: [8] Undefined variable: res /www/wwwroot/asd.luhanforex.cn/Application/Runtime/Cache/QM_Admin_1216/3f6e2281395a59db8928057002b70f3f.php 第 95 行.
NOTIC: [8] Undefined variable: res /www/wwwroot/asd.luhanforex.cn/Application/Runtime/Cache/QM_Admin_1216/3f6e2281395a59db8928057002b70f3f.php 第 95 行.
INFO: Run Behavior\ParseTemplateBehavior [ RunTime:0.003282s ]
INFO: [ view_parse ] --END-- [ RunTime:0.003299s ]
INFO: [ view_filter ] --START--
INFO: Run Behavior\WriteHtmlCacheBehavior [ RunTime:0.000076s ]
INFO: [ view_filter ] --END-- [ RunTime:0.000086s ]
INFO: [ app_end ] --START--
INFO: Run Behavior\ShowPageTraceBehavior [ RunTime:0.000246s ]
INFO: [ app_end ] --END-- [ RunTime:0.000261s ]

[ 2018-03-17T16:20:34+08:00 ] 119.164.68.1 /index.php/QM_Admin_1216/Mgt/sogoods.html
INFO: [ app_init ] --START--
INFO: Run Behavior\BuildLiteBehavior [ RunTime:0.000008s ]
INFO: [ app_init ] --END-- [ RunTime:0.000191s ]
INFO: [ app_begin ] --START--
INFO: Run Behavior\ReadHtmlCacheBehavior [ RunTime:0.000221s ]
INFO: [ app_begin ] --END-- [ RunTime:0.000240s ]
SQL: SHOW COLUMNS FROM `qm_goods` [ RunTime:0.0005s ]
SQL: SELECT COUNT(*) AS tp_Count FROM `qm_goods` WHERE ( user_id= '' ) LIMIT 1   [ RunTime:0.0000s ]
SQL: SELECT * FROM `qm_goods` WHERE ( user_id= '' ) LIMIT 0,5   [ RunTime:0.0001s ]
INFO: [ app_end ] --START--
INFO: Run Behavior\ShowPageTraceBehavior [ RunTime:0.000276s ]
INFO: [ app_end ] --END-- [ RunTime:0.000295s ]

[ 2018-03-17T16:20:34+08:00 ] 119.164.68.1 /index.php/QM_Admin_1216/Mgt/addcp
INFO: [ app_init ] --START--
INFO: Run Behavior\BuildLiteBehavior [ RunTime:0.000009s ]
INFO: [ app_init ] --END-- [ RunTime:0.000195s ]
INFO: [ app_begin ] --START--
INFO: Run Behavior\ReadHtmlCacheBehavior [ RunTime:0.000232s ]
INFO: [ app_begin ] --END-- [ RunTime:0.000252s ]
INFO: [ view_parse ] --START--
INFO: [ template_filter ] --START--
INFO: Run Behavior\ContentReplaceBehavior [ RunTime:0.000041s ]
INFO: [ template_filter ] --END-- [ RunTime:0.000060s ]
INFO: Run Behavior\ParseTemplateBehavior [ RunTime:0.003012s ]
INFO: [ view_parse ] --END-- [ RunTime:0.003030s ]
INFO: [ view_filter ] --START--
INFO: Run Behavior\WriteHtmlCacheBehavior [ RunTime:0.000076s ]
INFO: [ view_filter ] --END-- [ RunTime:0.000088s ]
INFO: [ app_end ] --START--
INFO: Run Behavior\ShowPageTraceBehavior [ RunTime:0.000256s ]
INFO: [ app_end ] --END-- [ RunTime:0.000271s ]

[ 2018-03-17T16:21:40+08:00 ] 119.164.68.1 /index.php/QM_Admin_1216/Mgt/goodsgl
INFO: [ app_init ] --START--
INFO: Run Behavior\BuildLiteBehavior [ RunTime:0.000007s ]
INFO: [ app_init ] --END-- [ RunTime:0.000162s ]
INFO: [ app_begin ] --START--
INFO: Run Behavior\ReadHtmlCacheBehavior [ RunTime:0.000248s ]
INFO: [ app_begin ] --END-- [ RunTime:0.000264s ]
SQL: SHOW COLUMNS FROM `qm_goods` [ RunTime:0.0005s ]
SQL: SELECT COUNT(*) AS tp_Count FROM `qm_goods` LIMIT 1   [ RunTime:0.0000s ]
SQL: SELECT * FROM `qm_goods` ORDER BY id desc LIMIT 0,10   [ RunTime:0.0001s ]
INFO: [ view_parse ] --START--
INFO: [ template_filter ] --START--
INFO: Run Behavior\ContentReplaceBehavior [ RunTime:0.000040s ]
INFO: [ template_filter ] --END-- [ RunTime:0.000058s ]
NOTIC: [8] Undefined variable: res /www/wwwroot/asd.luhanforex.cn/Application/Runtime/Cache/QM_Admin_1216/3f6e2281395a59db8928057002b70f3f.php 第 95 行.
NOTIC: [8] Undefined variable: res /www/wwwroot/asd.luhanforex.cn/Application/Runtime/Cache/QM_Admin_1216/3f6e2281395a59db8928057002b70f3f.php 第 95 行.
NOTIC: [8] Undefined variable: res /www/wwwroot/asd.luhanforex.cn/Application/Runtime/Cache/QM_Admin_1216/3f6e2281395a59db8928057002b70f3f.php 第 95 行.
INFO: Run Behavior\ParseTemplateBehavior [ RunTime:0.003532s ]
INFO: [ view_parse ] --END-- [ RunTime:0.003551s ]
INFO: [ view_filter ] --START--
INFO: Run Behavior\WriteHtmlCacheBehavior [ RunTime:0.000089s ]
INFO: [ view_filter ] --END-- [ RunTime:0.000102s ]
INFO: [ app_end ] --START--
INFO: Run Behavior\ShowPageTraceBehavior [ RunTime:0.000273s ]
INFO: [ app_end ] --END-- [ RunTime:0.000287s ]

[ 2018-03-17T16:21:45+08:00 ] 119.164.68.1 /index.php/QM_Admin_1216/Mgt/goodsgl
INFO: [ app_init ] --START--
INFO: Run Behavior\BuildLiteBehavior [ RunTime:0.000007s ]
INFO: [ app_init ] --END-- [ RunTime:0.000193s ]
INFO: [ app_begin ] --START--
INFO: Run Behavior\ReadHtmlCacheBehavior [ RunTime:0.000224s ]
INFO: [ app_begin ] --END-- [ RunTime:0.000240s ]
SQL: SHOW COLUMNS FROM `qm_goods` [ RunTime:0.0005s ]
SQL: SELECT COUNT(*) AS tp_Count FROM `qm_goods` LIMIT 1   [ RunTime:0.0000s ]
SQL: SELECT * FROM `qm_goods` ORDER BY id desc LIMIT 0,10   [ RunTime:0.0001s ]
INFO: [ view_parse ] --START--
INFO: [ template_filter ] --START--
INFO: Run Behavior\ContentReplaceBehavior [ RunTime:0.000051s ]
INFO: [ template_filter ] --END-- [ RunTime:0.000068s ]
NOTIC: [8] Undefined variable: res /www/wwwroot/asd.luhanforex.cn/Application/Runtime/Cache/QM_Admin_1216/3f6e2281395a59db8928057002b70f3f.php 第 95 行.
NOTIC: [8] Undefined variable: res /www/wwwroot/asd.luhanforex.cn/Application/Runtime/Cache/QM_Admin_1216/3f6e2281395a59db8928057002b70f3f.php 第 95 行.
NOTIC: [8] Undefined variable: res /www/wwwroot/asd.luhanforex.cn/Application/Runtime/Cache/QM_Admin_1216/3f6e2281395a59db8928057002b70f3f.php 第 95 行.
INFO: Run Behavior\ParseTemplateBehavior [ RunTime:0.003598s ]
INFO: [ view_parse ] --END-- [ RunTime:0.003612s ]
INFO: [ view_filter ] --START--
INFO: Run Behavior\WriteHtmlCacheBehavior [ RunTime:0.000074s ]
INFO: [ view_filter ] --END-- [ RunTime:0.000085s ]
INFO: [ app_end ] --START--
INFO: Run Behavior\ShowPageTraceBehavior [ RunTime:0.000262s ]
INFO: [ app_end ] --END-- [ RunTime:0.000276s ]

[ 2018-03-17T16:21:48+08:00 ] 119.164.68.1 /index.php/QM_Admin_1216/Mgt/goodsgl
INFO: [ app_init ] --START--
INFO: Run Behavior\BuildLiteBehavior [ RunTime:0.000006s ]
INFO: [ app_init ] --END-- [ RunTime:0.000161s ]
INFO: [ app_begin ] --START--
INFO: Run Behavior\ReadHtmlCacheBehavior [ RunTime:0.000248s ]
INFO: [ app_begin ] --END-- [ RunTime:0.000266s ]
SQL: SHOW COLUMNS FROM `qm_goods` [ RunTime:0.0005s ]
SQL: SELECT COUNT(*) AS tp_Count FROM `qm_goods` LIMIT 1   [ RunTime:0.0000s ]
SQL: SELECT * FROM `qm_goods` ORDER BY id desc LIMIT 0,10   [ RunTime:0.0001s ]
INFO: [ view_parse ] --START--
INFO: [ template_filter ] --START--
INFO: Run Behavior\ContentReplaceBehavior [ RunTime:0.000038s ]
INFO: [ template_filter ] --END-- [ RunTime:0.000056s ]
NOTIC: [8] Undefined variable: res /www/wwwroot/asd.luhanforex.cn/Application/Runtime/Cache/QM_Admin_1216/3f6e2281395a59db8928057002b70f3f.php 第 95 行.
NOTIC: [8] Undefined variable: res /www/wwwroot/asd.luhanforex.cn/Application/Runtime/Cache/QM_Admin_1216/3f6e2281395a59db8928057002b70f3f.php 第 95 行.
NOTIC: [8] Undefined variable: res /www/wwwroot/asd.luhanforex.cn/Application/Runtime/Cache/QM_Admin_1216/3f6e2281395a59db8928057002b70f3f.php 第 95 行.
INFO: Run Behavior\ParseTemplateBehavior [ RunTime:0.003379s ]
INFO: [ view_parse ] --END-- [ RunTime:0.003398s ]
INFO: [ view_filter ] --START--
INFO: Run Behavior\WriteHtmlCacheBehavior [ RunTime:0.000096s ]
INFO: [ view_filter ] --END-- [ RunTime:0.000111s ]
INFO: [ app_end ] --START--
INFO: Run Behavior\ShowPageTraceBehavior [ RunTime:0.000282s ]
INFO: [ app_end ] --END-- [ RunTime:0.000298s ]

[ 2018-03-17T18:06:56+08:00 ] 119.164.68.1 /index.php/QM_Admin_1216/Mgt/partner
INFO: [ app_init ] --START--
INFO: Run Behavior\BuildLiteBehavior [ RunTime:0.000007s ]
INFO: [ app_init ] --END-- [ RunTime:0.000217s ]
INFO: [ app_begin ] --START--
INFO: Run Behavior\ReadHtmlCacheBehavior [ RunTime:0.000211s ]
INFO: [ app_begin ] --END-- [ RunTime:0.000228s ]
SQL: SHOW COLUMNS FROM `qm_website` [ RunTime:0.0006s ]
SQL: SELECT * FROM `qm_website`  [ RunTime:0.0001s ]
INFO: [ view_parse ] --START--
INFO: [ template_filter ] --START--
INFO: Run Behavior\ContentReplaceBehavior [ RunTime:0.000049s ]
INFO: [ template_filter ] --END-- [ RunTime:0.000079s ]
NOTIC: [8] Undefined variable: pageinfo /www/wwwroot/asd.luhanforex.cn/Application/Runtime/Cache/QM_Admin_1216/3a9f9d94fe7052c2ebc8e670bf7dbb8b.php 第 103 行.
INFO: Run Behavior\ParseTemplateBehavior [ RunTime:0.005140s ]
INFO: [ view_parse ] --END-- [ RunTime:0.005158s ]
INFO: [ view_filter ] --START--
INFO: Run Behavior\WriteHtmlCacheBehavior [ RunTime:0.000107s ]
INFO: [ view_filter ] --END-- [ RunTime:0.000147s ]
INFO: [ app_end ] --START--
INFO: Run Behavior\ShowPageTraceBehavior [ RunTime:0.000382s ]
INFO: [ app_end ] --END-- [ RunTime:0.000401s ]

[ 2018-03-17T18:56:58+08:00 ] 119.164.68.1 /index.php/QM_Admin_1216/Index/index.html
INFO: [ app_init ] --START--
INFO: Run Behavior\BuildLiteBehavior [ RunTime:0.000008s ]
INFO: [ app_init ] --END-- [ RunTime:0.000171s ]
INFO: [ app_begin ] --START--
INFO: Run Behavior\ReadHtmlCacheBehavior [ RunTime:0.000224s ]
INFO: [ app_begin ] --END-- [ RunTime:0.000248s ]
INFO: [ view_parse ] --START--
INFO: [ template_filter ] --START--
INFO: Run Behavior\ContentReplaceBehavior [ RunTime:0.000066s ]
INFO: [ template_filter ] --END-- [ RunTime:0.000088s ]
INFO: Run Behavior\ParseTemplateBehavior [ RunTime:0.003459s ]
INFO: [ view_parse ] --END-- [ RunTime:0.003474s ]
INFO: [ view_filter ] --START--
INFO: Run Behavior\WriteHtmlCacheBehavior [ RunTime:0.000070s ]
INFO: [ view_filter ] --END-- [ RunTime:0.000081s ]
INFO: [ app_end ] --START--
INFO: Run Behavior\ShowPageTraceBehavior [ RunTime:0.000233s ]
INFO: [ app_end ] --END-- [ RunTime:0.000247s ]

[ 2018-03-17T18:56:59+08:00 ] 119.164.68.1 /index.php/QM_Admin_1216/Index/img/icon/baidu.png
INFO: [ app_init ] --START--
INFO: Run Behavior\BuildLiteBehavior [ RunTime:0.000007s ]
INFO: [ app_init ] --END-- [ RunTime:0.000159s ]

[ 2018-03-17T18:57:14+08:00 ] 119.164.68.1 /index.php/QM_Admin_1216/Index/img/presentation/1.png
INFO: [ app_init ] --START--
INFO: Run Behavior\BuildLiteBehavior [ RunTime:0.000007s ]
INFO: [ app_init ] --END-- [ RunTime:0.000158s ]

[ 2018-03-17T18:57:33+08:00 ] 119.164.68.1 /index.php/QM_Admin_1216/Index/index.html
INFO: [ app_init ] --START--
INFO: Run Behavior\BuildLiteBehavior [ RunTime:0.000010s ]
INFO: [ app_init ] --END-- [ RunTime:0.000238s ]
INFO: [ app_begin ] --START--
INFO: Run Behavior\ReadHtmlCacheBehavior [ RunTime:0.000477s ]
INFO: [ app_begin ] --END-- [ RunTime:0.000500s ]
INFO: [ view_parse ] --START--
INFO: [ template_filter ] --START--
INFO: Run Behavior\ContentReplaceBehavior [ RunTime:0.000084s ]
INFO: [ template_filter ] --END-- [ RunTime:0.000120s ]
INFO: Run Behavior\ParseTemplateBehavior [ RunTime:0.004359s ]
INFO: [ view_parse ] --END-- [ RunTime:0.004382s ]
INFO: [ view_filter ] --START--
INFO: Run Behavior\WriteHtmlCacheBehavior [ RunTime:0.000111s ]
INFO: [ view_filter ] --END-- [ RunTime:0.000127s ]
INFO: [ app_end ] --START--
INFO: Run Behavior\ShowPageTraceBehavior [ RunTime:0.000368s ]
INFO: [ app_end ] --END-- [ RunTime:0.000391s ]

[ 2018-03-17T18:57:35+08:00 ] 119.164.68.1 /index.php/QM_Admin_1216/Index/img/icon/baidu.png
INFO: [ app_init ] --START--
INFO: Run Behavior\BuildLiteBehavior [ RunTime:0.000008s ]
INFO: [ app_init ] --END-- [ RunTime:0.000162s ]

[ 2018-03-17T18:57:35+08:00 ] 119.164.68.1 /index.php/QM_Admin_1216/Index/img/presentation/1.png
INFO: [ app_init ] --START--
INFO: Run Behavior\BuildLiteBehavior [ RunTime:0.000008s ]
INFO: [ app_init ] --END-- [ RunTime:0.000183s ]

[ 2018-03-17T18:57:47+08:00 ] 119.164.68.1 /index.php/QM_Admin_1216/Index/index.html
INFO: [ app_init ] --START--
INFO: Run Behavior\BuildLiteBehavior [ RunTime:0.000007s ]
INFO: [ app_init ] --END-- [ RunTime:0.000160s ]
INFO: [ app_begin ] --START--
INFO: Run Behavior\ReadHtmlCacheBehavior [ RunTime:0.000229s ]
INFO: [ app_begin ] --END-- [ RunTime:0.000246s ]
INFO: [ view_parse ] --START--
INFO: [ template_filter ] --START--
INFO: Run Behavior\ContentReplaceBehavior [ RunTime:0.000069s ]
INFO: [ template_filter ] --END-- [ RunTime:0.000090s ]
INFO: Run Behavior\ParseTemplateBehavior [ RunTime:0.003222s ]
INFO: [ view_parse ] --END-- [ RunTime:0.003237s ]
INFO: [ view_filter ] --START--
INFO: Run Behavior\WriteHtmlCacheBehavior [ RunTime:0.000070s ]
INFO: [ view_filter ] --END-- [ RunTime:0.000080s ]
INFO: [ app_end ] --START--
INFO: Run Behavior\ShowPageTraceBehavior [ RunTime:0.000239s ]
INFO: [ app_end ] --END-- [ RunTime:0.000253s ]

[ 2018-03-17T18:57:48+08:00 ] 119.164.68.1 /index.php/QM_Admin_1216/Index/img/icon/baidu.png
INFO: [ app_init ] --START--
INFO: Run Behavior\BuildLiteBehavior [ RunTime:0.000013s ]
INFO: [ app_init ] --END-- [ RunTime:0.000182s ]

[ 2018-03-17T18:57:49+08:00 ] 119.164.68.1 /index.php/QM_Admin_1216/Index/img/presentation/1.png
INFO: [ app_init ] --START--
INFO: Run Behavior\BuildLiteBehavior [ RunTime:0.000007s ]
INFO: [ app_init ] --END-- [ RunTime:0.000167s ]

[ 2018-03-17T18:57:59+08:00 ] 119.164.68.1 /index.php/QM_Admin_1216/Index/index.html
INFO: [ app_init ] --START--
INFO: Run Behavior\BuildLiteBehavior [ RunTime:0.000009s ]
INFO: [ app_init ] --END-- [ RunTime:0.000177s ]
INFO: [ app_begin ] --START--
INFO: Run Behavior\ReadHtmlCacheBehavior [ RunTime:0.000227s ]
INFO: [ app_begin ] --END-- [ RunTime:0.000243s ]
INFO: [ view_parse ] --START--
INFO: [ template_filter ] --START--
INFO: Run Behavior\ContentReplaceBehavior [ RunTime:0.000069s ]
INFO: [ template_filter ] --END-- [ RunTime:0.000092s ]
INFO: Run Behavior\ParseTemplateBehavior [ RunTime:0.003352s ]
INFO: [ view_parse ] --END-- [ RunTime:0.003369s ]
INFO: [ view_filter ] --START--
INFO: Run Behavior\WriteHtmlCacheBehavior [ RunTime:0.000076s ]
INFO: [ view_filter ] --END-- [ RunTime:0.000087s ]
INFO: [ app_end ] --START--
INFO: Run Behavior\ShowPageTraceBehavior [ RunTime:0.000284s ]
INFO: [ app_end ] --END-- [ RunTime:0.000299s ]

[ 2018-03-17T18:58:00+08:00 ] 119.164.68.1 /index.php/QM_Admin_1216/Index/img/icon/baidu.png
INFO: [ app_init ] --START--
INFO: Run Behavior\BuildLiteBehavior [ RunTime:0.000008s ]
INFO: [ app_init ] --END-- [ RunTime:0.000195s ]

[ 2018-03-17T18:58:00+08:00 ] 119.164.68.1 /index.php/QM_Admin_1216/Index/img/presentation/1.png
INFO: [ app_init ] --START--
INFO: Run Behavior\BuildLiteBehavior [ RunTime:0.000006s ]
INFO: [ app_init ] --END-- [ RunTime:0.000173s ]

[ 2018-03-17T18:58:12+08:00 ] 119.164.68.1 /index.php/QM_Admin_1216/Index/index.html
INFO: [ app_init ] --START--
INFO: Run Behavior\BuildLiteBehavior [ RunTime:0.000006s ]
INFO: [ app_init ] --END-- [ RunTime:0.000185s ]
INFO: [ app_begin ] --START--
INFO: Run Behavior\ReadHtmlCacheBehavior [ RunTime:0.000329s ]
INFO: [ app_begin ] --END-- [ RunTime:0.000358s ]
INFO: [ view_parse ] --START--
INFO: [ template_filter ] --START--
INFO: Run Behavior\ContentReplaceBehavior [ RunTime:0.000068s ]
INFO: [ template_filter ] --END-- [ RunTime:0.000086s ]
INFO: Run Behavior\ParseTemplateBehavior [ RunTime:0.003274s ]
INFO: [ view_parse ] --END-- [ RunTime:0.003290s ]
INFO: [ view_filter ] --START--
INFO: Run Behavior\WriteHtmlCacheBehavior [ RunTime:0.000073s ]
INFO: [ view_filter ] --END-- [ RunTime:0.000083s ]
INFO: [ app_end ] --START--
INFO: Run Behavior\ShowPageTraceBehavior [ RunTime:0.000254s ]
INFO: [ app_end ] --END-- [ RunTime:0.000267s ]

[ 2018-03-17T18:58:13+08:00 ] 119.164.68.1 /index.php/QM_Admin_1216/Index/img/icon/baidu.png
INFO: [ app_init ] --START--
INFO: Run Behavior\BuildLiteBehavior [ RunTime:0.000006s ]
INFO: [ app_init ] --END-- [ RunTime:0.000165s ]

[ 2018-03-17T18:58:14+08:00 ] 119.164.68.1 /index.php/QM_Admin_1216/Index/img/presentation/1.png
INFO: [ app_init ] --START--
INFO: Run Behavior\BuildLiteBehavior [ RunTime:0.000006s ]
INFO: [ app_init ] --END-- [ RunTime:0.000155s ]

[ 2018-03-17T18:58:23+08:00 ] 119.164.68.1 /index.php/QM_Admin_1216/Index/img/icon/baidu.png
INFO: [ app_init ] --START--
INFO: Run Behavior\BuildLiteBehavior [ RunTime:0.000007s ]
INFO: [ app_init ] --END-- [ RunTime:0.000158s ]

[ 2018-03-17T18:58:23+08:00 ] 119.164.68.1 /index.php/QM_Admin_1216/Index/img/presentation/1.png
INFO: [ app_init ] --START--
INFO: Run Behavior\BuildLiteBehavior [ RunTime:0.000006s ]
INFO: [ app_init ] --END-- [ RunTime:0.000162s ]

