[ 2018-03-22T13:57:03+08:00 ] 119.164.73.79 /index.php/QM_Admin_1216/Login/login.html
INFO: [ app_init ] --START--
INFO: Run Behavior\BuildLiteBehavior [ RunTime:0.000007s ]
INFO: [ app_init ] --END-- [ RunTime:0.000163s ]
INFO: [ app_begin ] --START--
INFO: Run Behavior\ReadHtmlCacheBehavior [ RunTime:0.000319s ]
INFO: [ app_begin ] --END-- [ RunTime:0.000342s ]
INFO: [ view_parse ] --START--
INFO: [ template_filter ] --START--
INFO: Run Behavior\ContentReplaceBehavior [ RunTime:0.000034s ]
INFO: [ template_filter ] --END-- [ RunTime:0.000073s ]
INFO: Run Behavior\ParseTemplateBehavior [ RunTime:0.004366s ]
INFO: [ view_parse ] --END-- [ RunTime:0.004391s ]
INFO: [ view_filter ] --START--
INFO: Run Behavior\WriteHtmlCacheBehavior [ RunTime:0.000103s ]
INFO: [ view_filter ] --END-- [ RunTime:0.000122s ]
INFO: [ app_end ] --START--
INFO: Run Behavior\ShowPageTraceBehavior [ RunTime:0.000341s ]
INFO: [ app_end ] --END-- [ RunTime:0.000382s ]

[ 2018-03-22T13:57:05+08:00 ] 119.164.73.79 /index.php/QM_Admin_1216/Login/checklogin
INFO: [ app_init ] --START--
INFO: Run Behavior\BuildLiteBehavior [ RunTime:0.000007s ]
INFO: [ app_init ] --END-- [ RunTime:0.000176s ]
INFO: [ app_begin ] --START--
INFO: Run Behavior\ReadHtmlCacheBehavior [ RunTime:0.000218s ]
INFO: [ app_begin ] --END-- [ RunTime:0.000238s ]
SQL: SHOW COLUMNS FROM `qm_adminus` [ RunTime:0.0004s ]
SQL: SELECT * FROM `qm_adminus` WHERE ( username='123' AND password='966521' ) LIMIT 1   [ RunTime:0.0011s ]
INFO: [ view_parse ] --START--
INFO: [ template_filter ] --START--
INFO: Run Behavior\ContentReplaceBehavior [ RunTime:0.000017s ]
INFO: [ template_filter ] --END-- [ RunTime:0.000034s ]
INFO: Run Behavior\ParseTemplateBehavior [ RunTime:0.004318s ]
INFO: [ view_parse ] --END-- [ RunTime:0.004338s ]
INFO: [ view_filter ] --START--
INFO: Run Behavior\WriteHtmlCacheBehavior [ RunTime:0.000089s ]
INFO: [ view_filter ] --END-- [ RunTime:0.000102s ]

[ 2018-03-22T13:57:09+08:00 ] 119.164.73.79 /index.php/QM_Admin_1216/Login/checklogin
INFO: [ app_init ] --START--
INFO: Run Behavior\BuildLiteBehavior [ RunTime:0.000009s ]
INFO: [ app_init ] --END-- [ RunTime:0.000222s ]
INFO: [ app_begin ] --START--
INFO: Run Behavior\ReadHtmlCacheBehavior [ RunTime:0.000296s ]
INFO: [ app_begin ] --END-- [ RunTime:0.000319s ]
SQL: SHOW COLUMNS FROM `qm_adminus` [ RunTime:0.0006s ]
SQL: SELECT * FROM `qm_adminus` WHERE ( username='123' AND password='966521' ) LIMIT 1   [ RunTime:0.0001s ]
INFO: [ view_parse ] --START--
INFO: [ template_filter ] --START--
INFO: Run Behavior\ContentReplaceBehavior [ RunTime:0.000019s ]
INFO: [ template_filter ] --END-- [ RunTime:0.000037s ]
INFO: Run Behavior\ParseTemplateBehavior [ RunTime:0.017116s ]
INFO: [ view_parse ] --END-- [ RunTime:0.017156s ]
INFO: [ view_filter ] --START--
INFO: Run Behavior\WriteHtmlCacheBehavior [ RunTime:0.000108s ]
INFO: [ view_filter ] --END-- [ RunTime:0.000123s ]

[ 2018-03-22T13:57:14+08:00 ] 119.164.73.79 /index.php/QM_Admin_1216/Login/checklogin
INFO: [ app_init ] --START--
INFO: Run Behavior\BuildLiteBehavior [ RunTime:0.000006s ]
INFO: [ app_init ] --END-- [ RunTime:0.000165s ]
INFO: [ app_begin ] --START--
INFO: Run Behavior\ReadHtmlCacheBehavior [ RunTime:0.000220s ]
INFO: [ app_begin ] --END-- [ RunTime:0.000237s ]
SQL: SHOW COLUMNS FROM `qm_adminus` [ RunTime:0.0004s ]
SQL: SELECT * FROM `qm_adminus` WHERE ( username='123' AND password='123' ) LIMIT 1   [ RunTime:0.0000s ]
INFO: [ view_parse ] --START--
INFO: [ template_filter ] --START--
INFO: Run Behavior\ContentReplaceBehavior [ RunTime:0.000016s ]
INFO: [ template_filter ] --END-- [ RunTime:0.000032s ]
INFO: Run Behavior\ParseTemplateBehavior [ RunTime:0.002166s ]
INFO: [ view_parse ] --END-- [ RunTime:0.002182s ]
INFO: [ view_filter ] --START--
INFO: Run Behavior\WriteHtmlCacheBehavior [ RunTime:0.000071s ]
INFO: [ view_filter ] --END-- [ RunTime:0.000082s ]
INFO: [ app_end ] --START--
INFO: Run Behavior\ShowPageTraceBehavior [ RunTime:0.000230s ]
INFO: [ app_end ] --END-- [ RunTime:0.000244s ]

[ 2018-03-22T13:57:15+08:00 ] 119.164.73.79 /index.php/QM_Admin_1216/Index/index.html
INFO: [ app_init ] --START--
INFO: Run Behavior\BuildLiteBehavior [ RunTime:0.000008s ]
INFO: [ app_init ] --END-- [ RunTime:0.000197s ]
INFO: [ app_begin ] --START--
INFO: Run Behavior\ReadHtmlCacheBehavior [ RunTime:0.000229s ]
INFO: [ app_begin ] --END-- [ RunTime:0.000246s ]
INFO: [ view_parse ] --START--
INFO: [ template_filter ] --START--
INFO: Run Behavior\ContentReplaceBehavior [ RunTime:0.000090s ]
INFO: [ template_filter ] --END-- [ RunTime:0.000163s ]
INFO: Run Behavior\ParseTemplateBehavior [ RunTime:0.013957s ]
INFO: [ view_parse ] --END-- [ RunTime:0.013976s ]
INFO: [ view_filter ] --START--
INFO: Run Behavior\WriteHtmlCacheBehavior [ RunTime:0.000091s ]
INFO: [ view_filter ] --END-- [ RunTime:0.000103s ]

[ 2018-03-22T13:57:15+08:00 ] 119.164.73.79 /index.php/QM_Admin_1216/Index/index.html
INFO: [ app_init ] --START--
INFO: Run Behavior\BuildLiteBehavior [ RunTime:0.000006s ]
INFO: [ app_init ] --END-- [ RunTime:0.000211s ]
INFO: [ app_begin ] --START--
INFO: Run Behavior\ReadHtmlCacheBehavior [ RunTime:0.000223s ]
INFO: [ app_begin ] --END-- [ RunTime:0.000241s ]
INFO: [ view_parse ] --START--
INFO: [ template_filter ] --START--
INFO: Run Behavior\ContentReplaceBehavior [ RunTime:0.000071s ]
INFO: [ template_filter ] --END-- [ RunTime:0.000095s ]
INFO: Run Behavior\ParseTemplateBehavior [ RunTime:0.003396s ]
INFO: [ view_parse ] --END-- [ RunTime:0.003414s ]
INFO: [ view_filter ] --START--
INFO: Run Behavior\WriteHtmlCacheBehavior [ RunTime:0.000075s ]
INFO: [ view_filter ] --END-- [ RunTime:0.000088s ]
INFO: [ app_end ] --START--
INFO: Run Behavior\ShowPageTraceBehavior [ RunTime:0.000248s ]
INFO: [ app_end ] --END-- [ RunTime:0.000263s ]

[ 2018-03-22T13:57:15+08:00 ] 119.164.73.79 /index.php/QM_Admin_1216/Index/img/icon/baidu.png
INFO: [ app_init ] --START--
INFO: Run Behavior\BuildLiteBehavior [ RunTime:0.000007s ]
INFO: [ app_init ] --END-- [ RunTime:0.000350s ]

[ 2018-03-22T13:57:15+08:00 ] 119.164.73.79 /index.php/QM_Admin_1216/Index/img/presentation/1.png
INFO: [ app_init ] --START--
INFO: Run Behavior\BuildLiteBehavior [ RunTime:0.000009s ]
INFO: [ app_init ] --END-- [ RunTime:0.000213s ]

[ 2018-03-22T13:57:17+08:00 ] 119.164.73.79 /index.php/QM_Admin_1216/Mgt/goodsgl
INFO: [ app_init ] --START--
INFO: Run Behavior\BuildLiteBehavior [ RunTime:0.000010s ]
INFO: [ app_init ] --END-- [ RunTime:0.000234s ]
INFO: [ app_begin ] --START--
INFO: Run Behavior\ReadHtmlCacheBehavior [ RunTime:0.000260s ]
INFO: [ app_begin ] --END-- [ RunTime:0.000281s ]
SQL: SHOW COLUMNS FROM `qm_goods` [ RunTime:0.0005s ]
SQL: SELECT COUNT(*) AS tp_Count FROM `qm_goods` LIMIT 1   [ RunTime:0.0000s ]
SQL: SELECT * FROM `qm_goods` ORDER BY id desc LIMIT 0,10   [ RunTime:0.0002s ]
INFO: [ view_parse ] --START--
INFO: [ template_filter ] --START--
INFO: Run Behavior\ContentReplaceBehavior [ RunTime:0.000052s ]
INFO: [ template_filter ] --END-- [ RunTime:0.000081s ]
NOTIC: [8] Undefined variable: res /www/wwwroot/asd.luhanforex.cn/Application/Runtime/Cache/QM_Admin_1216/3f6e2281395a59db8928057002b70f3f.php 第 95 行.
NOTIC: [8] Undefined variable: res /www/wwwroot/asd.luhanforex.cn/Application/Runtime/Cache/QM_Admin_1216/3f6e2281395a59db8928057002b70f3f.php 第 95 行.
NOTIC: [8] Undefined variable: res /www/wwwroot/asd.luhanforex.cn/Application/Runtime/Cache/QM_Admin_1216/3f6e2281395a59db8928057002b70f3f.php 第 95 行.
INFO: Run Behavior\ParseTemplateBehavior [ RunTime:0.004983s ]
INFO: [ view_parse ] --END-- [ RunTime:0.005001s ]
INFO: [ view_filter ] --START--
INFO: Run Behavior\WriteHtmlCacheBehavior [ RunTime:0.000106s ]
INFO: [ view_filter ] --END-- [ RunTime:0.000119s ]
INFO: [ app_end ] --START--
INFO: Run Behavior\ShowPageTraceBehavior [ RunTime:0.000406s ]
INFO: [ app_end ] --END-- [ RunTime:0.000422s ]

[ 2018-03-22T13:57:21+08:00 ] 119.164.73.79 /index.php/QM_Admin_1216/Mgt/ecp/id/615
INFO: [ app_init ] --START--
INFO: Run Behavior\BuildLiteBehavior [ RunTime:0.000007s ]
INFO: [ app_init ] --END-- [ RunTime:0.000175s ]
INFO: [ app_begin ] --START--
INFO: Run Behavior\ReadHtmlCacheBehavior [ RunTime:0.000229s ]
INFO: [ app_begin ] --END-- [ RunTime:0.000245s ]
SQL: SHOW COLUMNS FROM `qm_goods` [ RunTime:0.0005s ]
SQL: SELECT * FROM `qm_goods` WHERE ( id='615' ) LIMIT 1   [ RunTime:0.0001s ]
INFO: [ view_parse ] --START--
INFO: [ template_filter ] --START--
INFO: Run Behavior\ContentReplaceBehavior [ RunTime:0.000044s ]
INFO: [ template_filter ] --END-- [ RunTime:0.000061s ]
INFO: Run Behavior\ParseTemplateBehavior [ RunTime:0.003914s ]
INFO: [ view_parse ] --END-- [ RunTime:0.003935s ]
INFO: [ view_filter ] --START--
INFO: Run Behavior\WriteHtmlCacheBehavior [ RunTime:0.000101s ]
INFO: [ view_filter ] --END-- [ RunTime:0.000117s ]
INFO: [ app_end ] --START--
INFO: Run Behavior\ShowPageTraceBehavior [ RunTime:0.000364s ]
INFO: [ app_end ] --END-- [ RunTime:0.000385s ]

[ 2018-03-22T13:57:56+08:00 ] 119.164.73.79 /index.php/QM_Admin_1216/Mgt/savecp
INFO: [ app_init ] --START--
INFO: Run Behavior\BuildLiteBehavior [ RunTime:0.000010s ]
INFO: [ app_init ] --END-- [ RunTime:0.000217s ]
INFO: [ app_begin ] --START--
INFO: Run Behavior\ReadHtmlCacheBehavior [ RunTime:0.000346s ]
INFO: [ app_begin ] --END-- [ RunTime:0.000370s ]
NOTIC: [2] call_user_func() expects parameter 1 to be a valid callback, no array or string given /www/wwwroot/asd.luhanforex.cn/ThinkPHP/Library/Think/Upload.class.php 第 170 行.
NOTIC: [2] call_user_func() expects parameter 1 to be a valid callback, no array or string given /www/wwwroot/asd.luhanforex.cn/ThinkPHP/Library/Think/Upload.class.php 第 170 行.
NOTIC: [2] call_user_func() expects parameter 1 to be a valid callback, no array or string given /www/wwwroot/asd.luhanforex.cn/ThinkPHP/Library/Think/Upload.class.php 第 170 行.
NOTIC: [2] call_user_func() expects parameter 1 to be a valid callback, no array or string given /www/wwwroot/asd.luhanforex.cn/ThinkPHP/Library/Think/Upload.class.php 第 170 行.
SQL: SHOW COLUMNS FROM `qm_goods` [ RunTime:0.0004s ]
SQL: UPDATE `qm_goods` SET `pic1`='uploads/2018-03-22/5ab345e4c78ad.JPG',`pic2`='uploads/2018-03-22/5ab345e4c85cc.JPG',`pic3`='uploads/2018-03-22/5ab345e4c890b.JPG',`pic5`='uploads/2018-03-22/5ab345e4c8be1.JPG',`content`='2',`cas`='2',`guige`='2',`pinpai`='2',`kucun`='2',`money`='2',`chiname`='2',`isyoushi`='1' WHERE ( id = 615 ) [ RunTime:0.0011s ]
INFO: [ view_parse ] --START--
INFO: [ template_filter ] --START--
INFO: Run Behavior\ContentReplaceBehavior [ RunTime:0.000017s ]
INFO: [ template_filter ] --END-- [ RunTime:0.000033s ]
INFO: Run Behavior\ParseTemplateBehavior [ RunTime:0.002319s ]
INFO: [ view_parse ] --END-- [ RunTime:0.002336s ]
INFO: [ view_filter ] --START--
INFO: Run Behavior\WriteHtmlCacheBehavior [ RunTime:0.000070s ]
INFO: [ view_filter ] --END-- [ RunTime:0.000081s ]
INFO: [ app_end ] --START--
INFO: Run Behavior\ShowPageTraceBehavior [ RunTime:0.000393s ]
INFO: [ app_end ] --END-- [ RunTime:0.000409s ]

[ 2018-03-22T13:57:57+08:00 ] 119.164.73.79 /index.php/QM_Admin_1216/Mgt/goodsgl.html
INFO: [ app_init ] --START--
INFO: Run Behavior\BuildLiteBehavior [ RunTime:0.000008s ]
INFO: [ app_init ] --END-- [ RunTime:0.000233s ]
INFO: [ app_begin ] --START--
INFO: Run Behavior\ReadHtmlCacheBehavior [ RunTime:0.000309s ]
INFO: [ app_begin ] --END-- [ RunTime:0.000330s ]
SQL: SHOW COLUMNS FROM `qm_goods` [ RunTime:0.0005s ]
SQL: SELECT COUNT(*) AS tp_Count FROM `qm_goods` LIMIT 1   [ RunTime:0.0001s ]
SQL: SELECT * FROM `qm_goods` ORDER BY id desc LIMIT 0,10   [ RunTime:0.0002s ]
INFO: [ view_parse ] --START--
INFO: [ template_filter ] --START--
INFO: Run Behavior\ContentReplaceBehavior [ RunTime:0.000040s ]
INFO: [ template_filter ] --END-- [ RunTime:0.000056s ]
NOTIC: [8] Undefined variable: res /www/wwwroot/asd.luhanforex.cn/Application/Runtime/Cache/QM_Admin_1216/3f6e2281395a59db8928057002b70f3f.php 第 95 行.
NOTIC: [8] Undefined variable: res /www/wwwroot/asd.luhanforex.cn/Application/Runtime/Cache/QM_Admin_1216/3f6e2281395a59db8928057002b70f3f.php 第 95 行.
NOTIC: [8] Undefined variable: res /www/wwwroot/asd.luhanforex.cn/Application/Runtime/Cache/QM_Admin_1216/3f6e2281395a59db8928057002b70f3f.php 第 95 行.
INFO: Run Behavior\ParseTemplateBehavior [ RunTime:0.003178s ]
INFO: [ view_parse ] --END-- [ RunTime:0.003191s ]
INFO: [ view_filter ] --START--
INFO: Run Behavior\WriteHtmlCacheBehavior [ RunTime:0.000084s ]
INFO: [ view_filter ] --END-- [ RunTime:0.000094s ]
INFO: [ app_end ] --START--
INFO: Run Behavior\ShowPageTraceBehavior [ RunTime:0.000248s ]
INFO: [ app_end ] --END-- [ RunTime:0.000264s ]

[ 2018-03-22T13:58:00+08:00 ] 119.164.73.79 /index.php/QM_Admin_1216/Mgt/goodsgl
INFO: [ app_init ] --START--
INFO: Run Behavior\BuildLiteBehavior [ RunTime:0.000007s ]
INFO: [ app_init ] --END-- [ RunTime:0.000157s ]
INFO: [ app_begin ] --START--
INFO: Run Behavior\ReadHtmlCacheBehavior [ RunTime:0.000246s ]
INFO: [ app_begin ] --END-- [ RunTime:0.000263s ]
SQL: SHOW COLUMNS FROM `qm_goods` [ RunTime:0.0006s ]
SQL: SELECT COUNT(*) AS tp_Count FROM `qm_goods` LIMIT 1   [ RunTime:0.0000s ]
SQL: SELECT * FROM `qm_goods` ORDER BY id desc LIMIT 0,10   [ RunTime:0.0001s ]
INFO: [ view_parse ] --START--
INFO: [ template_filter ] --START--
INFO: Run Behavior\ContentReplaceBehavior [ RunTime:0.000057s ]
INFO: [ template_filter ] --END-- [ RunTime:0.000077s ]
NOTIC: [8] Undefined variable: res /www/wwwroot/asd.luhanforex.cn/Application/Runtime/Cache/QM_Admin_1216/3f6e2281395a59db8928057002b70f3f.php 第 95 行.
NOTIC: [8] Undefined variable: res /www/wwwroot/asd.luhanforex.cn/Application/Runtime/Cache/QM_Admin_1216/3f6e2281395a59db8928057002b70f3f.php 第 95 行.
NOTIC: [8] Undefined variable: res /www/wwwroot/asd.luhanforex.cn/Application/Runtime/Cache/QM_Admin_1216/3f6e2281395a59db8928057002b70f3f.php 第 95 行.
INFO: Run Behavior\ParseTemplateBehavior [ RunTime:0.003542s ]
INFO: [ view_parse ] --END-- [ RunTime:0.003567s ]
INFO: [ view_filter ] --START--
INFO: Run Behavior\WriteHtmlCacheBehavior [ RunTime:0.000079s ]
INFO: [ view_filter ] --END-- [ RunTime:0.000090s ]
INFO: [ app_end ] --START--
INFO: Run Behavior\ShowPageTraceBehavior [ RunTime:0.000274s ]
INFO: [ app_end ] --END-- [ RunTime:0.000288s ]

[ 2018-03-22T13:58:02+08:00 ] 119.164.73.79 /index.php/QM_Admin_1216/Mgt/ecp/id/614
INFO: [ app_init ] --START--
INFO: Run Behavior\BuildLiteBehavior [ RunTime:0.000008s ]
INFO: [ app_init ] --END-- [ RunTime:0.000172s ]
INFO: [ app_begin ] --START--
INFO: Run Behavior\ReadHtmlCacheBehavior [ RunTime:0.000205s ]
INFO: [ app_begin ] --END-- [ RunTime:0.000221s ]
SQL: SHOW COLUMNS FROM `qm_goods` [ RunTime:0.0005s ]
SQL: SELECT * FROM `qm_goods` WHERE ( id='614' ) LIMIT 1   [ RunTime:0.0002s ]
INFO: [ view_parse ] --START--
INFO: [ template_filter ] --START--
INFO: Run Behavior\ContentReplaceBehavior [ RunTime:0.000043s ]
INFO: [ template_filter ] --END-- [ RunTime:0.000060s ]
INFO: Run Behavior\ParseTemplateBehavior [ RunTime:0.003429s ]
INFO: [ view_parse ] --END-- [ RunTime:0.003445s ]
INFO: [ view_filter ] --START--
INFO: Run Behavior\WriteHtmlCacheBehavior [ RunTime:0.000077s ]
INFO: [ view_filter ] --END-- [ RunTime:0.000088s ]
INFO: [ app_end ] --START--
INFO: Run Behavior\ShowPageTraceBehavior [ RunTime:0.000257s ]
INFO: [ app_end ] --END-- [ RunTime:0.000270s ]

[ 2018-03-22T13:58:07+08:00 ] 119.164.73.79 /index.php/QM_Admin_1216/Mgt/savecp
INFO: [ app_init ] --START--
INFO: Run Behavior\BuildLiteBehavior [ RunTime:0.000008s ]
INFO: [ app_init ] --END-- [ RunTime:0.000186s ]
INFO: [ app_begin ] --START--
INFO: Run Behavior\ReadHtmlCacheBehavior [ RunTime:0.000196s ]
INFO: [ app_begin ] --END-- [ RunTime:0.000213s ]
NOTIC: [2] call_user_func() expects parameter 1 to be a valid callback, no array or string given /www/wwwroot/asd.luhanforex.cn/ThinkPHP/Library/Think/Upload.class.php 第 170 行.
SQL: SHOW COLUMNS FROM `qm_goods` [ RunTime:0.0005s ]
SQL: UPDATE `qm_goods` SET `pic1`='uploads/2018-03-22/5ab345ef05bd2.JPG',`content`='32',`cas`='2',`guige`='23',`pinpai`='23',`kucun`='232',`money`='32',`chiname`='23',`isyoushi`='1' WHERE ( id = 614 ) [ RunTime:0.0002s ]
INFO: [ view_parse ] --START--
INFO: [ template_filter ] --START--
INFO: Run Behavior\ContentReplaceBehavior [ RunTime:0.000015s ]
INFO: [ template_filter ] --END-- [ RunTime:0.000032s ]
INFO: Run Behavior\ParseTemplateBehavior [ RunTime:0.002331s ]
INFO: [ view_parse ] --END-- [ RunTime:0.002347s ]
INFO: [ view_filter ] --START--
INFO: Run Behavior\WriteHtmlCacheBehavior [ RunTime:0.000068s ]
INFO: [ view_filter ] --END-- [ RunTime:0.000078s ]
INFO: [ app_end ] --START--
INFO: Run Behavior\ShowPageTraceBehavior [ RunTime:0.000266s ]
INFO: [ app_end ] --END-- [ RunTime:0.000283s ]

[ 2018-03-22T13:58:08+08:00 ] 119.164.73.79 /index.php/QM_Admin_1216/Mgt/goodsgl.html
INFO: [ app_init ] --START--
INFO: Run Behavior\BuildLiteBehavior [ RunTime:0.000007s ]
INFO: [ app_init ] --END-- [ RunTime:0.000183s ]
INFO: [ app_begin ] --START--
INFO: Run Behavior\ReadHtmlCacheBehavior [ RunTime:0.000202s ]
INFO: [ app_begin ] --END-- [ RunTime:0.000218s ]
SQL: SHOW COLUMNS FROM `qm_goods` [ RunTime:0.0005s ]
SQL: SELECT COUNT(*) AS tp_Count FROM `qm_goods` LIMIT 1   [ RunTime:0.0001s ]
SQL: SELECT * FROM `qm_goods` ORDER BY id desc LIMIT 0,10   [ RunTime:0.0002s ]
INFO: [ view_parse ] --START--
INFO: [ template_filter ] --START--
INFO: Run Behavior\ContentReplaceBehavior [ RunTime:0.000038s ]
INFO: [ template_filter ] --END-- [ RunTime:0.000055s ]
NOTIC: [8] Undefined variable: res /www/wwwroot/asd.luhanforex.cn/Application/Runtime/Cache/QM_Admin_1216/3f6e2281395a59db8928057002b70f3f.php 第 95 行.
NOTIC: [8] Undefined variable: res /www/wwwroot/asd.luhanforex.cn/Application/Runtime/Cache/QM_Admin_1216/3f6e2281395a59db8928057002b70f3f.php 第 95 行.
NOTIC: [8] Undefined variable: res /www/wwwroot/asd.luhanforex.cn/Application/Runtime/Cache/QM_Admin_1216/3f6e2281395a59db8928057002b70f3f.php 第 95 行.
INFO: Run Behavior\ParseTemplateBehavior [ RunTime:0.003256s ]
INFO: [ view_parse ] --END-- [ RunTime:0.003271s ]
INFO: [ view_filter ] --START--
INFO: Run Behavior\WriteHtmlCacheBehavior [ RunTime:0.000077s ]
INFO: [ view_filter ] --END-- [ RunTime:0.000086s ]
INFO: [ app_end ] --START--
INFO: Run Behavior\ShowPageTraceBehavior [ RunTime:0.000232s ]
INFO: [ app_end ] --END-- [ RunTime:0.000247s ]

[ 2018-03-22T13:58:10+08:00 ] 119.164.73.79 /index.php/QM_Admin_1216/Mgt/ecp/id/614
INFO: [ app_init ] --START--
INFO: Run Behavior\BuildLiteBehavior [ RunTime:0.000008s ]
INFO: [ app_init ] --END-- [ RunTime:0.000181s ]
INFO: [ app_begin ] --START--
INFO: Run Behavior\ReadHtmlCacheBehavior [ RunTime:0.000232s ]
INFO: [ app_begin ] --END-- [ RunTime:0.000248s ]
SQL: SHOW COLUMNS FROM `qm_goods` [ RunTime:0.0005s ]
SQL: SELECT * FROM `qm_goods` WHERE ( id='614' ) LIMIT 1   [ RunTime:0.0002s ]
INFO: [ view_parse ] --START--
INFO: [ template_filter ] --START--
INFO: Run Behavior\ContentReplaceBehavior [ RunTime:0.000049s ]
INFO: [ template_filter ] --END-- [ RunTime:0.000067s ]
INFO: Run Behavior\ParseTemplateBehavior [ RunTime:0.003587s ]
INFO: [ view_parse ] --END-- [ RunTime:0.003603s ]
INFO: [ view_filter ] --START--
INFO: Run Behavior\WriteHtmlCacheBehavior [ RunTime:0.000075s ]
INFO: [ view_filter ] --END-- [ RunTime:0.000086s ]
INFO: [ app_end ] --START--
INFO: Run Behavior\ShowPageTraceBehavior [ RunTime:0.000265s ]
INFO: [ app_end ] --END-- [ RunTime:0.000279s ]

[ 2018-03-22T13:58:16+08:00 ] 119.164.73.79 /index.php/QM_Admin_1216/Mgt/savecp
INFO: [ app_init ] --START--
INFO: Run Behavior\BuildLiteBehavior [ RunTime:0.000009s ]
INFO: [ app_init ] --END-- [ RunTime:0.000207s ]
INFO: [ app_begin ] --START--
INFO: Run Behavior\ReadHtmlCacheBehavior [ RunTime:0.000231s ]
INFO: [ app_begin ] --END-- [ RunTime:0.000248s ]
NOTIC: [2] call_user_func() expects parameter 1 to be a valid callback, no array or string given /www/wwwroot/asd.luhanforex.cn/ThinkPHP/Library/Think/Upload.class.php 第 170 行.
NOTIC: [2] call_user_func() expects parameter 1 to be a valid callback, no array or string given /www/wwwroot/asd.luhanforex.cn/ThinkPHP/Library/Think/Upload.class.php 第 170 行.
SQL: SHOW COLUMNS FROM `qm_goods` [ RunTime:0.0005s ]
SQL: UPDATE `qm_goods` SET `pic2`='uploads/2018-03-22/5ab345f8d250e.JPG',`pic4`='uploads/2018-03-22/5ab345f8d276f.JPG',`content`='32',`cas`='2',`guige`='23',`pinpai`='23',`kucun`='232',`money`='32',`chiname`='23',`isyoushi`='1' WHERE ( id = 614 ) [ RunTime:0.0002s ]
INFO: [ view_parse ] --START--
INFO: [ template_filter ] --START--
INFO: Run Behavior\ContentReplaceBehavior [ RunTime:0.000022s ]
INFO: [ template_filter ] --END-- [ RunTime:0.000041s ]
INFO: Run Behavior\ParseTemplateBehavior [ RunTime:0.002463s ]
INFO: [ view_parse ] --END-- [ RunTime:0.002480s ]
INFO: [ view_filter ] --START--
INFO: Run Behavior\WriteHtmlCacheBehavior [ RunTime:0.000070s ]
INFO: [ view_filter ] --END-- [ RunTime:0.000082s ]
INFO: [ app_end ] --START--
INFO: Run Behavior\ShowPageTraceBehavior [ RunTime:0.000279s ]
INFO: [ app_end ] --END-- [ RunTime:0.000294s ]

[ 2018-03-22T13:58:17+08:00 ] 119.164.73.79 /index.php/QM_Admin_1216/Mgt/goodsgl.html
INFO: [ app_init ] --START--
INFO: Run Behavior\BuildLiteBehavior [ RunTime:0.000007s ]
INFO: [ app_init ] --END-- [ RunTime:0.000179s ]
INFO: [ app_begin ] --START--
INFO: Run Behavior\ReadHtmlCacheBehavior [ RunTime:0.000197s ]
INFO: [ app_begin ] --END-- [ RunTime:0.000213s ]
SQL: SHOW COLUMNS FROM `qm_goods` [ RunTime:0.0005s ]
SQL: SELECT COUNT(*) AS tp_Count FROM `qm_goods` LIMIT 1   [ RunTime:0.0001s ]
SQL: SELECT * FROM `qm_goods` ORDER BY id desc LIMIT 0,10   [ RunTime:0.0002s ]
INFO: [ view_parse ] --START--
INFO: [ template_filter ] --START--
INFO: Run Behavior\ContentReplaceBehavior [ RunTime:0.000039s ]
INFO: [ template_filter ] --END-- [ RunTime:0.000056s ]
NOTIC: [8] Undefined variable: res /www/wwwroot/asd.luhanforex.cn/Application/Runtime/Cache/QM_Admin_1216/3f6e2281395a59db8928057002b70f3f.php 第 95 行.
NOTIC: [8] Undefined variable: res /www/wwwroot/asd.luhanforex.cn/Application/Runtime/Cache/QM_Admin_1216/3f6e2281395a59db8928057002b70f3f.php 第 95 行.
NOTIC: [8] Undefined variable: res /www/wwwroot/asd.luhanforex.cn/Application/Runtime/Cache/QM_Admin_1216/3f6e2281395a59db8928057002b70f3f.php 第 95 行.
INFO: Run Behavior\ParseTemplateBehavior [ RunTime:0.003096s ]
INFO: [ view_parse ] --END-- [ RunTime:0.003111s ]
INFO: [ view_filter ] --START--
INFO: Run Behavior\WriteHtmlCacheBehavior [ RunTime:0.000075s ]
INFO: [ view_filter ] --END-- [ RunTime:0.000085s ]
INFO: [ app_end ] --START--
INFO: Run Behavior\ShowPageTraceBehavior [ RunTime:0.000244s ]
INFO: [ app_end ] --END-- [ RunTime:0.000258s ]

[ 2018-03-22T13:58:20+08:00 ] 119.164.73.79 /index.php/QM_Admin_1216/Mgt/ecp/id/614
INFO: [ app_init ] --START--
INFO: Run Behavior\BuildLiteBehavior [ RunTime:0.000008s ]
INFO: [ app_init ] --END-- [ RunTime:0.000171s ]
INFO: [ app_begin ] --START--
INFO: Run Behavior\ReadHtmlCacheBehavior [ RunTime:0.000221s ]
INFO: [ app_begin ] --END-- [ RunTime:0.000238s ]
SQL: SHOW COLUMNS FROM `qm_goods` [ RunTime:0.0005s ]
SQL: SELECT * FROM `qm_goods` WHERE ( id='614' ) LIMIT 1   [ RunTime:0.0002s ]
INFO: [ view_parse ] --START--
INFO: [ template_filter ] --START--
INFO: Run Behavior\ContentReplaceBehavior [ RunTime:0.000042s ]
INFO: [ template_filter ] --END-- [ RunTime:0.000058s ]
INFO: Run Behavior\ParseTemplateBehavior [ RunTime:0.003292s ]
INFO: [ view_parse ] --END-- [ RunTime:0.003307s ]
INFO: [ view_filter ] --START--
INFO: Run Behavior\WriteHtmlCacheBehavior [ RunTime:0.000081s ]
INFO: [ view_filter ] --END-- [ RunTime:0.000092s ]
INFO: [ app_end ] --START--
INFO: Run Behavior\ShowPageTraceBehavior [ RunTime:0.000263s ]
INFO: [ app_end ] --END-- [ RunTime:0.000279s ]

[ 2018-03-22T13:58:30+08:00 ] 119.164.73.79 /index.php/QM_Admin_1216/Mgt/savecp
INFO: [ app_init ] --START--
INFO: Run Behavior\BuildLiteBehavior [ RunTime:0.000006s ]
INFO: [ app_init ] --END-- [ RunTime:0.000159s ]
INFO: [ app_begin ] --START--
INFO: Run Behavior\ReadHtmlCacheBehavior [ RunTime:0.000220s ]
INFO: [ app_begin ] --END-- [ RunTime:0.000239s ]
NOTIC: [2] call_user_func() expects parameter 1 to be a valid callback, no array or string given /www/wwwroot/asd.luhanforex.cn/ThinkPHP/Library/Think/Upload.class.php 第 170 行.
NOTIC: [2] call_user_func() expects parameter 1 to be a valid callback, no array or string given /www/wwwroot/asd.luhanforex.cn/ThinkPHP/Library/Think/Upload.class.php 第 170 行.
SQL: SHOW COLUMNS FROM `qm_goods` [ RunTime:0.0005s ]
SQL: UPDATE `qm_goods` SET `pic1`='uploads/2018-03-22/5ab346064a18c.JPG',`pic3`='uploads/2018-03-22/5ab346064a418.JPG',`content`='32',`cas`='2',`guige`='23',`pinpai`='23',`kucun`='232',`money`='32',`chiname`='23',`isyoushi`='1' WHERE ( id = 614 ) [ RunTime:0.0002s ]
INFO: [ view_parse ] --START--
INFO: [ template_filter ] --START--
INFO: Run Behavior\ContentReplaceBehavior [ RunTime:0.000019s ]
INFO: [ template_filter ] --END-- [ RunTime:0.000038s ]
INFO: Run Behavior\ParseTemplateBehavior [ RunTime:0.002359s ]
INFO: [ view_parse ] --END-- [ RunTime:0.002374s ]
INFO: [ view_filter ] --START--
INFO: Run Behavior\WriteHtmlCacheBehavior [ RunTime:0.000070s ]
INFO: [ view_filter ] --END-- [ RunTime:0.000081s ]
INFO: [ app_end ] --START--
INFO: Run Behavior\ShowPageTraceBehavior [ RunTime:0.000265s ]
INFO: [ app_end ] --END-- [ RunTime:0.000279s ]

[ 2018-03-22T13:58:31+08:00 ] 119.164.73.79 /index.php/QM_Admin_1216/Mgt/goodsgl.html
INFO: [ app_init ] --START--
INFO: Run Behavior\BuildLiteBehavior [ RunTime:0.000007s ]
INFO: [ app_init ] --END-- [ RunTime:0.000163s ]
INFO: [ app_begin ] --START--
INFO: Run Behavior\ReadHtmlCacheBehavior [ RunTime:0.000206s ]
INFO: [ app_begin ] --END-- [ RunTime:0.000222s ]
SQL: SHOW COLUMNS FROM `qm_goods` [ RunTime:0.0006s ]
SQL: SELECT COUNT(*) AS tp_Count FROM `qm_goods` LIMIT 1   [ RunTime:0.0001s ]
SQL: SELECT * FROM `qm_goods` ORDER BY id desc LIMIT 0,10   [ RunTime:0.0002s ]
INFO: [ view_parse ] --START--
INFO: [ template_filter ] --START--
INFO: Run Behavior\ContentReplaceBehavior [ RunTime:0.000038s ]
INFO: [ template_filter ] --END-- [ RunTime:0.000055s ]
NOTIC: [8] Undefined variable: res /www/wwwroot/asd.luhanforex.cn/Application/Runtime/Cache/QM_Admin_1216/3f6e2281395a59db8928057002b70f3f.php 第 95 行.
NOTIC: [8] Undefined variable: res /www/wwwroot/asd.luhanforex.cn/Application/Runtime/Cache/QM_Admin_1216/3f6e2281395a59db8928057002b70f3f.php 第 95 行.
NOTIC: [8] Undefined variable: res /www/wwwroot/asd.luhanforex.cn/Application/Runtime/Cache/QM_Admin_1216/3f6e2281395a59db8928057002b70f3f.php 第 95 行.
INFO: Run Behavior\ParseTemplateBehavior [ RunTime:0.038915s ]
INFO: [ view_parse ] --END-- [ RunTime:0.038939s ]
INFO: [ view_filter ] --START--
INFO: Run Behavior\WriteHtmlCacheBehavior [ RunTime:0.000112s ]
INFO: [ view_filter ] --END-- [ RunTime:0.000125s ]
INFO: [ app_end ] --START--
INFO: Run Behavior\ShowPageTraceBehavior [ RunTime:0.000319s ]
INFO: [ app_end ] --END-- [ RunTime:0.000335s ]

[ 2018-03-22T13:58:49+08:00 ] 119.164.73.79 /index.php/QM_Admin_1216/Mgt/ecp/id/613
INFO: [ app_init ] --START--
INFO: Run Behavior\BuildLiteBehavior [ RunTime:0.000006s ]
INFO: [ app_init ] --END-- [ RunTime:0.000187s ]
INFO: [ app_begin ] --START--
INFO: Run Behavior\ReadHtmlCacheBehavior [ RunTime:0.000230s ]
INFO: [ app_begin ] --END-- [ RunTime:0.000245s ]
SQL: SHOW COLUMNS FROM `qm_goods` [ RunTime:0.0005s ]
SQL: SELECT * FROM `qm_goods` WHERE ( id='613' ) LIMIT 1   [ RunTime:0.0002s ]
INFO: [ view_parse ] --START--
INFO: [ template_filter ] --START--
INFO: Run Behavior\ContentReplaceBehavior [ RunTime:0.000043s ]
INFO: [ template_filter ] --END-- [ RunTime:0.000059s ]
INFO: Run Behavior\ParseTemplateBehavior [ RunTime:0.003151s ]
INFO: [ view_parse ] --END-- [ RunTime:0.003166s ]
INFO: [ view_filter ] --START--
INFO: Run Behavior\WriteHtmlCacheBehavior [ RunTime:0.000096s ]
INFO: [ view_filter ] --END-- [ RunTime:0.000107s ]
INFO: [ app_end ] --START--
INFO: Run Behavior\ShowPageTraceBehavior [ RunTime:0.000252s ]
INFO: [ app_end ] --END-- [ RunTime:0.000266s ]

[ 2018-03-22T13:58:57+08:00 ] 119.164.73.79 /index.php/QM_Admin_1216/Mgt/savecp
INFO: [ app_init ] --START--
INFO: Run Behavior\BuildLiteBehavior [ RunTime:0.000007s ]
INFO: [ app_init ] --END-- [ RunTime:0.000157s ]
INFO: [ app_begin ] --START--
INFO: Run Behavior\ReadHtmlCacheBehavior [ RunTime:0.000200s ]
INFO: [ app_begin ] --END-- [ RunTime:0.000217s ]
NOTIC: [2] call_user_func() expects parameter 1 to be a valid callback, no array or string given /www/wwwroot/asd.luhanforex.cn/ThinkPHP/Library/Think/Upload.class.php 第 170 行.
SQL: SHOW COLUMNS FROM `qm_goods` [ RunTime:0.0004s ]
SQL: UPDATE `qm_goods` SET `pic1`='uploads/2018-03-22/5ab34621211a0.JPG',`content`='nnn',`cas`='a',`guige`='222',`pinpai`='22',`kucun`='22',`money`='2',`chiname`='sfsd',`isyoushi`='2' WHERE ( id = 613 ) [ RunTime:0.0002s ]
INFO: [ view_parse ] --START--
INFO: [ template_filter ] --START--
INFO: Run Behavior\ContentReplaceBehavior [ RunTime:0.000018s ]
INFO: [ template_filter ] --END-- [ RunTime:0.000037s ]
INFO: Run Behavior\ParseTemplateBehavior [ RunTime:0.002240s ]
INFO: [ view_parse ] --END-- [ RunTime:0.002255s ]
INFO: [ view_filter ] --START--
INFO: Run Behavior\WriteHtmlCacheBehavior [ RunTime:0.000077s ]
INFO: [ view_filter ] --END-- [ RunTime:0.000088s ]
INFO: [ app_end ] --START--
INFO: Run Behavior\ShowPageTraceBehavior [ RunTime:0.000242s ]
INFO: [ app_end ] --END-- [ RunTime:0.000255s ]

[ 2018-03-22T13:58:58+08:00 ] 119.164.73.79 /index.php/QM_Admin_1216/Mgt/goodsgl.html
INFO: [ app_init ] --START--
INFO: Run Behavior\BuildLiteBehavior [ RunTime:0.000009s ]
INFO: [ app_init ] --END-- [ RunTime:0.000230s ]
INFO: [ app_begin ] --START--
INFO: Run Behavior\ReadHtmlCacheBehavior [ RunTime:0.000319s ]
INFO: [ app_begin ] --END-- [ RunTime:0.000340s ]
SQL: SHOW COLUMNS FROM `qm_goods` [ RunTime:0.0007s ]
SQL: SELECT COUNT(*) AS tp_Count FROM `qm_goods` LIMIT 1   [ RunTime:0.0001s ]
SQL: SELECT * FROM `qm_goods` ORDER BY id desc LIMIT 0,10   [ RunTime:0.0002s ]
INFO: [ view_parse ] --START--
INFO: [ template_filter ] --START--
INFO: Run Behavior\ContentReplaceBehavior [ RunTime:0.000051s ]
INFO: [ template_filter ] --END-- [ RunTime:0.000069s ]
NOTIC: [8] Undefined variable: res /www/wwwroot/asd.luhanforex.cn/Application/Runtime/Cache/QM_Admin_1216/3f6e2281395a59db8928057002b70f3f.php 第 95 行.
NOTIC: [8] Undefined variable: res /www/wwwroot/asd.luhanforex.cn/Application/Runtime/Cache/QM_Admin_1216/3f6e2281395a59db8928057002b70f3f.php 第 95 行.
NOTIC: [8] Undefined variable: res /www/wwwroot/asd.luhanforex.cn/Application/Runtime/Cache/QM_Admin_1216/3f6e2281395a59db8928057002b70f3f.php 第 95 行.
INFO: Run Behavior\ParseTemplateBehavior [ RunTime:0.003247s ]
INFO: [ view_parse ] --END-- [ RunTime:0.003263s ]
INFO: [ view_filter ] --START--
INFO: Run Behavior\WriteHtmlCacheBehavior [ RunTime:0.000076s ]
INFO: [ view_filter ] --END-- [ RunTime:0.000087s ]
INFO: [ app_end ] --START--
INFO: Run Behavior\ShowPageTraceBehavior [ RunTime:0.000258s ]
INFO: [ app_end ] --END-- [ RunTime:0.000275s ]

[ 2018-03-22T14:01:03+08:00 ] 119.164.73.79 /index.php/QM_Admin_1216/Mgt/fenlei
INFO: [ app_init ] --START--
INFO: Run Behavior\BuildLiteBehavior [ RunTime:0.000007s ]
INFO: [ app_init ] --END-- [ RunTime:0.000195s ]
INFO: [ app_begin ] --START--
INFO: Run Behavior\ReadHtmlCacheBehavior [ RunTime:0.000216s ]
INFO: [ app_begin ] --END-- [ RunTime:0.000234s ]
SQL: SHOW COLUMNS FROM `qm_fenlei` [ RunTime:0.0004s ]
SQL: SELECT * FROM `qm_fenlei`  [ RunTime:0.0000s ]
INFO: [ view_parse ] --START--
INFO: [ template_filter ] --START--
INFO: Run Behavior\ContentReplaceBehavior [ RunTime:0.000032s ]
INFO: [ template_filter ] --END-- [ RunTime:0.000049s ]
NOTIC: [8] Undefined variable: pageinfo /www/wwwroot/asd.luhanforex.cn/Application/Runtime/Cache/QM_Admin_1216/e9a412a38ed4dacd6505b33bde3904bd.php 第 68 行.
INFO: Run Behavior\ParseTemplateBehavior [ RunTime:0.004301s ]
INFO: [ view_parse ] --END-- [ RunTime:0.004320s ]
INFO: [ view_filter ] --START--
INFO: Run Behavior\WriteHtmlCacheBehavior [ RunTime:0.000074s ]
INFO: [ view_filter ] --END-- [ RunTime:0.000085s ]
INFO: [ app_end ] --START--
INFO: Run Behavior\ShowPageTraceBehavior [ RunTime:0.000243s ]
INFO: [ app_end ] --END-- [ RunTime:0.000258s ]

[ 2018-03-22T14:01:04+08:00 ] 119.164.73.79 /index.php/QM_Admin_1216/Mgt/sogoods.html
INFO: [ app_init ] --START--
INFO: Run Behavior\BuildLiteBehavior [ RunTime:0.000007s ]
INFO: [ app_init ] --END-- [ RunTime:0.000159s ]
INFO: [ app_begin ] --START--
INFO: Run Behavior\ReadHtmlCacheBehavior [ RunTime:0.000293s ]
INFO: [ app_begin ] --END-- [ RunTime:0.000309s ]
SQL: SHOW COLUMNS FROM `qm_goods` [ RunTime:0.0007s ]
SQL: SELECT COUNT(*) AS tp_Count FROM `qm_goods` WHERE ( user_id= '' ) LIMIT 1   [ RunTime:0.0002s ]
SQL: SELECT * FROM `qm_goods` WHERE ( user_id= '' ) LIMIT 0,5   [ RunTime:0.0002s ]
INFO: [ app_end ] --START--
INFO: Run Behavior\ShowPageTraceBehavior [ RunTime:0.000348s ]
INFO: [ app_end ] --END-- [ RunTime:0.000371s ]

[ 2018-03-22T14:01:04+08:00 ] 119.164.73.79 /index.php/QM_Admin_1216/Mgt/addfl
INFO: [ app_init ] --START--
INFO: Run Behavior\BuildLiteBehavior [ RunTime:0.000008s ]
INFO: [ app_init ] --END-- [ RunTime:0.000216s ]
INFO: [ app_begin ] --START--
INFO: Run Behavior\ReadHtmlCacheBehavior [ RunTime:0.000291s ]
INFO: [ app_begin ] --END-- [ RunTime:0.000312s ]
SQL: SHOW COLUMNS FROM `qm_fenlei` [ RunTime:0.0003s ]
SQL: SELECT * FROM `qm_fenlei` WHERE ( pid=0 )  [ RunTime:0.0000s ]
INFO: [ view_parse ] --START--
INFO: [ template_filter ] --START--
INFO: Run Behavior\ContentReplaceBehavior [ RunTime:0.000048s ]
INFO: [ template_filter ] --END-- [ RunTime:0.000072s ]
INFO: Run Behavior\ParseTemplateBehavior [ RunTime:0.019233s ]
INFO: [ view_parse ] --END-- [ RunTime:0.019249s ]
INFO: [ view_filter ] --START--
INFO: Run Behavior\WriteHtmlCacheBehavior [ RunTime:0.000075s ]
INFO: [ view_filter ] --END-- [ RunTime:0.000087s ]
INFO: [ app_end ] --START--
INFO: Run Behavior\ShowPageTraceBehavior [ RunTime:0.000236s ]
INFO: [ app_end ] --END-- [ RunTime:0.000250s ]

[ 2018-03-22T14:01:06+08:00 ] 119.164.73.79 /index.php/QM_Admin_1216/Mgt/one_fl.html
INFO: [ app_init ] --START--
INFO: Run Behavior\BuildLiteBehavior [ RunTime:0.000006s ]
INFO: [ app_init ] --END-- [ RunTime:0.000174s ]
INFO: [ app_begin ] --START--
INFO: Run Behavior\ReadHtmlCacheBehavior [ RunTime:0.000198s ]
INFO: [ app_begin ] --END-- [ RunTime:0.000214s ]
SQL: SHOW COLUMNS FROM `qm_fenlei` [ RunTime:0.0004s ]
SQL: SELECT * FROM `qm_fenlei` WHERE ( pid='31' )  [ RunTime:0.0000s ]

[ 2018-03-22T14:01:08+08:00 ] 119.164.73.79 /index.php/QM_Admin_1216/Mgt/er_fl.html
INFO: [ app_init ] --START--
INFO: Run Behavior\BuildLiteBehavior [ RunTime:0.000005s ]
INFO: [ app_init ] --END-- [ RunTime:0.000172s ]
INFO: [ app_begin ] --START--
INFO: Run Behavior\ReadHtmlCacheBehavior [ RunTime:0.000220s ]
INFO: [ app_begin ] --END-- [ RunTime:0.000236s ]
SQL: SHOW COLUMNS FROM `qm_fenlei` [ RunTime:0.0004s ]
SQL: SELECT * FROM `qm_fenlei` WHERE ( pid='39' )  [ RunTime:0.0000s ]

[ 2018-03-22T14:01:13+08:00 ] 119.164.73.79 /index.php/QM_Admin_1216/Mgt/addfl
INFO: [ app_init ] --START--
INFO: Run Behavior\BuildLiteBehavior [ RunTime:0.000008s ]
INFO: [ app_init ] --END-- [ RunTime:0.000207s ]
INFO: [ app_begin ] --START--
INFO: Run Behavior\ReadHtmlCacheBehavior [ RunTime:0.000224s ]
INFO: [ app_begin ] --END-- [ RunTime:0.000240s ]
SQL: SHOW COLUMNS FROM `qm_fenlei` [ RunTime:0.0005s ]
SQL: SELECT * FROM `qm_fenlei` WHERE ( pid=0 )  [ RunTime:0.0001s ]
INFO: [ view_parse ] --START--
INFO: [ template_filter ] --START--
INFO: Run Behavior\ContentReplaceBehavior [ RunTime:0.000040s ]
INFO: [ template_filter ] --END-- [ RunTime:0.000061s ]
INFO: Run Behavior\ParseTemplateBehavior [ RunTime:0.003200s ]
INFO: [ view_parse ] --END-- [ RunTime:0.003216s ]
INFO: [ view_filter ] --START--
INFO: Run Behavior\WriteHtmlCacheBehavior [ RunTime:0.000079s ]
INFO: [ view_filter ] --END-- [ RunTime:0.000094s ]
INFO: [ app_end ] --START--
INFO: Run Behavior\ShowPageTraceBehavior [ RunTime:0.000255s ]
INFO: [ app_end ] --END-- [ RunTime:0.000270s ]

[ 2018-03-22T14:01:15+08:00 ] 119.164.73.79 /index.php/QM_Admin_1216/Mgt/fenlei
INFO: [ app_init ] --START--
INFO: Run Behavior\BuildLiteBehavior [ RunTime:0.000007s ]
INFO: [ app_init ] --END-- [ RunTime:0.000200s ]
INFO: [ app_begin ] --START--
INFO: Run Behavior\ReadHtmlCacheBehavior [ RunTime:0.000261s ]
INFO: [ app_begin ] --END-- [ RunTime:0.000278s ]
SQL: SHOW COLUMNS FROM `qm_fenlei` [ RunTime:0.0004s ]
SQL: SELECT * FROM `qm_fenlei`  [ RunTime:0.0001s ]
INFO: [ view_parse ] --START--
INFO: [ template_filter ] --START--
INFO: Run Behavior\ContentReplaceBehavior [ RunTime:0.000032s ]
INFO: [ template_filter ] --END-- [ RunTime:0.000049s ]
NOTIC: [8] Undefined variable: pageinfo /www/wwwroot/asd.luhanforex.cn/Application/Runtime/Cache/QM_Admin_1216/e9a412a38ed4dacd6505b33bde3904bd.php 第 68 行.
INFO: Run Behavior\ParseTemplateBehavior [ RunTime:0.003082s ]
INFO: [ view_parse ] --END-- [ RunTime:0.003100s ]
INFO: [ view_filter ] --START--
INFO: Run Behavior\WriteHtmlCacheBehavior [ RunTime:0.000075s ]
INFO: [ view_filter ] --END-- [ RunTime:0.000087s ]
INFO: [ app_end ] --START--
INFO: Run Behavior\ShowPageTraceBehavior [ RunTime:0.000235s ]
INFO: [ app_end ] --END-- [ RunTime:0.000249s ]

[ 2018-03-22T14:01:31+08:00 ] 119.164.73.79 /index.php/QM_Admin_1216/Mgt/fenlei
INFO: [ app_init ] --START--
INFO: Run Behavior\BuildLiteBehavior [ RunTime:0.000018s ]
INFO: [ app_init ] --END-- [ RunTime:0.000261s ]
INFO: [ app_begin ] --START--
INFO: Run Behavior\ReadHtmlCacheBehavior [ RunTime:0.000334s ]
INFO: [ app_begin ] --END-- [ RunTime:0.000363s ]
SQL: SHOW COLUMNS FROM `qm_fenlei` [ RunTime:0.0005s ]
SQL: SELECT * FROM `qm_fenlei`  [ RunTime:0.0001s ]
INFO: [ view_parse ] --START--
INFO: [ template_filter ] --START--
INFO: Run Behavior\ContentReplaceBehavior [ RunTime:0.000037s ]
INFO: [ template_filter ] --END-- [ RunTime:0.000055s ]
NOTIC: [8] Undefined variable: pageinfo /www/wwwroot/asd.luhanforex.cn/Application/Runtime/Cache/QM_Admin_1216/e9a412a38ed4dacd6505b33bde3904bd.php 第 68 行.
INFO: Run Behavior\ParseTemplateBehavior [ RunTime:0.008288s ]
INFO: [ view_parse ] --END-- [ RunTime:0.008325s ]
INFO: [ view_filter ] --START--
INFO: Run Behavior\WriteHtmlCacheBehavior [ RunTime:0.000116s ]
INFO: [ view_filter ] --END-- [ RunTime:0.000129s ]
INFO: [ app_end ] --START--
INFO: Run Behavior\ShowPageTraceBehavior [ RunTime:0.000345s ]
INFO: [ app_end ] --END-- [ RunTime:0.000359s ]

[ 2018-03-22T14:01:32+08:00 ] 119.164.73.79 /index.php/QM_Admin_1216/Mgt/sogoods.html
INFO: [ app_init ] --START--
INFO: Run Behavior\BuildLiteBehavior [ RunTime:0.000011s ]
INFO: [ app_init ] --END-- [ RunTime:0.000236s ]
INFO: [ app_begin ] --START--
INFO: Run Behavior\ReadHtmlCacheBehavior [ RunTime:0.000337s ]
INFO: [ app_begin ] --END-- [ RunTime:0.000359s ]
SQL: SHOW COLUMNS FROM `qm_goods` [ RunTime:0.0006s ]
SQL: SELECT COUNT(*) AS tp_Count FROM `qm_goods` WHERE ( user_id= '' ) LIMIT 1   [ RunTime:0.0000s ]
SQL: SELECT * FROM `qm_goods` WHERE ( user_id= '' ) LIMIT 0,5   [ RunTime:0.0001s ]
INFO: [ app_end ] --START--
INFO: Run Behavior\ShowPageTraceBehavior [ RunTime:0.000256s ]
INFO: [ app_end ] --END-- [ RunTime:0.000273s ]

[ 2018-03-22T14:01:32+08:00 ] 119.164.73.79 /index.php/QM_Admin_1216/Mgt/addfl
INFO: [ app_init ] --START--
INFO: Run Behavior\BuildLiteBehavior [ RunTime:0.000007s ]
INFO: [ app_init ] --END-- [ RunTime:0.000162s ]
INFO: [ app_begin ] --START--
INFO: Run Behavior\ReadHtmlCacheBehavior [ RunTime:0.000222s ]
INFO: [ app_begin ] --END-- [ RunTime:0.000237s ]
SQL: SHOW COLUMNS FROM `qm_fenlei` [ RunTime:0.0004s ]
SQL: SELECT * FROM `qm_fenlei` WHERE ( pid=0 )  [ RunTime:0.0000s ]
INFO: [ view_parse ] --START--
INFO: [ template_filter ] --START--
INFO: Run Behavior\ContentReplaceBehavior [ RunTime:0.000040s ]
INFO: [ template_filter ] --END-- [ RunTime:0.000064s ]
INFO: Run Behavior\ParseTemplateBehavior [ RunTime:0.003190s ]
INFO: [ view_parse ] --END-- [ RunTime:0.003207s ]
INFO: [ view_filter ] --START--
INFO: Run Behavior\WriteHtmlCacheBehavior [ RunTime:0.000084s ]
INFO: [ view_filter ] --END-- [ RunTime:0.000099s ]
INFO: [ app_end ] --START--
INFO: Run Behavior\ShowPageTraceBehavior [ RunTime:0.000241s ]
INFO: [ app_end ] --END-- [ RunTime:0.000256s ]

[ 2018-03-22T14:01:34+08:00 ] 119.164.73.79 /index.php/QM_Admin_1216/Mgt/one_fl.html
INFO: [ app_init ] --START--
INFO: Run Behavior\BuildLiteBehavior [ RunTime:0.000007s ]
INFO: [ app_init ] --END-- [ RunTime:0.000164s ]
INFO: [ app_begin ] --START--
INFO: Run Behavior\ReadHtmlCacheBehavior [ RunTime:0.000237s ]
INFO: [ app_begin ] --END-- [ RunTime:0.000263s ]
SQL: SHOW COLUMNS FROM `qm_fenlei` [ RunTime:0.0004s ]
SQL: SELECT * FROM `qm_fenlei` WHERE ( pid='30' )  [ RunTime:0.0014s ]

[ 2018-03-22T14:01:37+08:00 ] 119.164.73.79 /index.php/QM_Admin_1216/Mgt/fenlei
INFO: [ app_init ] --START--
INFO: Run Behavior\BuildLiteBehavior [ RunTime:0.000009s ]
INFO: [ app_init ] --END-- [ RunTime:0.000233s ]
INFO: [ app_begin ] --START--
INFO: Run Behavior\ReadHtmlCacheBehavior [ RunTime:0.000316s ]
INFO: [ app_begin ] --END-- [ RunTime:0.000339s ]
SQL: SHOW COLUMNS FROM `qm_fenlei` [ RunTime:0.0004s ]
SQL: SELECT * FROM `qm_fenlei`  [ RunTime:0.0001s ]
INFO: [ view_parse ] --START--
INFO: [ template_filter ] --START--
INFO: Run Behavior\ContentReplaceBehavior [ RunTime:0.000041s ]
INFO: [ template_filter ] --END-- [ RunTime:0.000063s ]
NOTIC: [8] Undefined variable: pageinfo /www/wwwroot/asd.luhanforex.cn/Application/Runtime/Cache/QM_Admin_1216/e9a412a38ed4dacd6505b33bde3904bd.php 第 68 行.
INFO: Run Behavior\ParseTemplateBehavior [ RunTime:0.002859s ]
INFO: [ view_parse ] --END-- [ RunTime:0.002876s ]
INFO: [ view_filter ] --START--
INFO: Run Behavior\WriteHtmlCacheBehavior [ RunTime:0.000077s ]
INFO: [ view_filter ] --END-- [ RunTime:0.000089s ]
INFO: [ app_end ] --START--
INFO: Run Behavior\ShowPageTraceBehavior [ RunTime:0.000235s ]
INFO: [ app_end ] --END-- [ RunTime:0.000247s ]

[ 2018-03-22T14:07:43+08:00 ] 119.164.73.79 /index.php/QM_Admin_1216/Mgt/goodsgl
INFO: [ app_init ] --START--
INFO: Run Behavior\BuildLiteBehavior [ RunTime:0.000008s ]
INFO: [ app_init ] --END-- [ RunTime:0.000174s ]
INFO: [ app_begin ] --START--
INFO: Run Behavior\ReadHtmlCacheBehavior [ RunTime:0.000204s ]
INFO: [ app_begin ] --END-- [ RunTime:0.000220s ]
SQL: SHOW COLUMNS FROM `qm_goods` [ RunTime:0.0005s ]
SQL: SELECT COUNT(*) AS tp_Count FROM `qm_goods` LIMIT 1   [ RunTime:0.0000s ]
SQL: SELECT * FROM `qm_goods` ORDER BY id desc LIMIT 0,10   [ RunTime:0.0001s ]
INFO: [ view_parse ] --START--
INFO: [ template_filter ] --START--
INFO: Run Behavior\ContentReplaceBehavior [ RunTime:0.000039s ]
INFO: [ template_filter ] --END-- [ RunTime:0.000055s ]
NOTIC: [8] Undefined variable: res /www/wwwroot/asd.luhanforex.cn/Application/Runtime/Cache/QM_Admin_1216/3f6e2281395a59db8928057002b70f3f.php 第 95 行.
NOTIC: [8] Undefined variable: res /www/wwwroot/asd.luhanforex.cn/Application/Runtime/Cache/QM_Admin_1216/3f6e2281395a59db8928057002b70f3f.php 第 95 行.
NOTIC: [8] Undefined variable: res /www/wwwroot/asd.luhanforex.cn/Application/Runtime/Cache/QM_Admin_1216/3f6e2281395a59db8928057002b70f3f.php 第 95 行.
INFO: Run Behavior\ParseTemplateBehavior [ RunTime:0.006365s ]
INFO: [ view_parse ] --END-- [ RunTime:0.006385s ]
INFO: [ view_filter ] --START--
INFO: Run Behavior\WriteHtmlCacheBehavior [ RunTime:0.000092s ]
INFO: [ view_filter ] --END-- [ RunTime:0.000103s ]
INFO: [ app_end ] --START--
INFO: Run Behavior\ShowPageTraceBehavior [ RunTime:0.000288s ]
INFO: [ app_end ] --END-- [ RunTime:0.000303s ]

[ 2018-03-22T14:07:44+08:00 ] 119.164.73.79 /index.php/QM_Admin_1216/Mgt/ecp/id/615
INFO: [ app_init ] --START--
INFO: Run Behavior\BuildLiteBehavior [ RunTime:0.000007s ]
INFO: [ app_init ] --END-- [ RunTime:0.000165s ]
INFO: [ app_begin ] --START--
INFO: Run Behavior\ReadHtmlCacheBehavior [ RunTime:0.000228s ]
INFO: [ app_begin ] --END-- [ RunTime:0.000261s ]
SQL: SHOW COLUMNS FROM `qm_goods` [ RunTime:0.0005s ]
SQL: SELECT * FROM `qm_goods` WHERE ( id='615' ) LIMIT 1   [ RunTime:0.0002s ]
INFO: [ view_parse ] --START--
INFO: [ template_filter ] --START--
INFO: Run Behavior\ContentReplaceBehavior [ RunTime:0.000043s ]
INFO: [ template_filter ] --END-- [ RunTime:0.000059s ]
INFO: Run Behavior\ParseTemplateBehavior [ RunTime:0.003318s ]
INFO: [ view_parse ] --END-- [ RunTime:0.003335s ]
INFO: [ view_filter ] --START--
INFO: Run Behavior\WriteHtmlCacheBehavior [ RunTime:0.000074s ]
INFO: [ view_filter ] --END-- [ RunTime:0.000085s ]
INFO: [ app_end ] --START--
INFO: Run Behavior\ShowPageTraceBehavior [ RunTime:0.000333s ]
INFO: [ app_end ] --END-- [ RunTime:0.000350s ]

[ 2018-03-22T14:08:18+08:00 ] 119.164.73.79 /index.php/QM_Admin_1216/Mgt/savecp
INFO: [ app_init ] --START--
INFO: Run Behavior\BuildLiteBehavior [ RunTime:0.000007s ]
INFO: [ app_init ] --END-- [ RunTime:0.000191s ]
INFO: [ app_begin ] --START--
INFO: Run Behavior\ReadHtmlCacheBehavior [ RunTime:0.000331s ]
INFO: [ app_begin ] --END-- [ RunTime:0.000351s ]
SQL: SHOW COLUMNS FROM `qm_goods` [ RunTime:0.0007s ]
SQL: UPDATE `qm_goods` SET `content`='2',`cas`='2',`guige`='2',`pinpai`='2',`kucun`='2',`money`='2',`chiname`='和田玉sss级',`isyoushi`='1' WHERE ( id = 615 ) [ RunTime:0.0003s ]
INFO: [ view_parse ] --START--
INFO: [ template_filter ] --START--
INFO: Run Behavior\ContentReplaceBehavior [ RunTime:0.000025s ]
INFO: [ template_filter ] --END-- [ RunTime:0.000047s ]
INFO: Run Behavior\ParseTemplateBehavior [ RunTime:0.002786s ]
INFO: [ view_parse ] --END-- [ RunTime:0.002803s ]
INFO: [ view_filter ] --START--
INFO: Run Behavior\WriteHtmlCacheBehavior [ RunTime:0.000071s ]
INFO: [ view_filter ] --END-- [ RunTime:0.000081s ]
INFO: [ app_end ] --START--
INFO: Run Behavior\ShowPageTraceBehavior [ RunTime:0.000262s ]
INFO: [ app_end ] --END-- [ RunTime:0.000275s ]

[ 2018-03-22T14:08:19+08:00 ] 119.164.73.79 /index.php/QM_Admin_1216/Mgt/goodsgl.html
INFO: [ app_init ] --START--
INFO: Run Behavior\BuildLiteBehavior [ RunTime:0.000008s ]
INFO: [ app_init ] --END-- [ RunTime:0.000195s ]
INFO: [ app_begin ] --START--
INFO: Run Behavior\ReadHtmlCacheBehavior [ RunTime:0.000231s ]
INFO: [ app_begin ] --END-- [ RunTime:0.000250s ]
SQL: SHOW COLUMNS FROM `qm_goods` [ RunTime:0.0005s ]
SQL: SELECT COUNT(*) AS tp_Count FROM `qm_goods` LIMIT 1   [ RunTime:0.0001s ]
SQL: SELECT * FROM `qm_goods` ORDER BY id desc LIMIT 0,10   [ RunTime:0.0002s ]
INFO: [ view_parse ] --START--
INFO: [ template_filter ] --START--
INFO: Run Behavior\ContentReplaceBehavior [ RunTime:0.000044s ]
INFO: [ template_filter ] --END-- [ RunTime:0.000064s ]
NOTIC: [8] Undefined variable: res /www/wwwroot/asd.luhanforex.cn/Application/Runtime/Cache/QM_Admin_1216/3f6e2281395a59db8928057002b70f3f.php 第 95 行.
NOTIC: [8] Undefined variable: res /www/wwwroot/asd.luhanforex.cn/Application/Runtime/Cache/QM_Admin_1216/3f6e2281395a59db8928057002b70f3f.php 第 95 行.
NOTIC: [8] Undefined variable: res /www/wwwroot/asd.luhanforex.cn/Application/Runtime/Cache/QM_Admin_1216/3f6e2281395a59db8928057002b70f3f.php 第 95 行.
INFO: Run Behavior\ParseTemplateBehavior [ RunTime:0.003869s ]
INFO: [ view_parse ] --END-- [ RunTime:0.003884s ]
INFO: [ view_filter ] --START--
INFO: Run Behavior\WriteHtmlCacheBehavior [ RunTime:0.000073s ]
INFO: [ view_filter ] --END-- [ RunTime:0.000083s ]
INFO: [ app_end ] --START--
INFO: Run Behavior\ShowPageTraceBehavior [ RunTime:0.000283s ]
INFO: [ app_end ] --END-- [ RunTime:0.000297s ]

[ 2018-03-22T14:08:21+08:00 ] 119.164.73.79 /index.php/QM_Admin_1216/Mgt/ecp/id/614
INFO: [ app_init ] --START--
INFO: Run Behavior\BuildLiteBehavior [ RunTime:0.000007s ]
INFO: [ app_init ] --END-- [ RunTime:0.000161s ]
INFO: [ app_begin ] --START--
INFO: Run Behavior\ReadHtmlCacheBehavior [ RunTime:0.000219s ]
INFO: [ app_begin ] --END-- [ RunTime:0.000239s ]
SQL: SHOW COLUMNS FROM `qm_goods` [ RunTime:0.0005s ]
SQL: SELECT * FROM `qm_goods` WHERE ( id='614' ) LIMIT 1   [ RunTime:0.0002s ]
INFO: [ view_parse ] --START--
INFO: [ template_filter ] --START--
INFO: Run Behavior\ContentReplaceBehavior [ RunTime:0.000049s ]
INFO: [ template_filter ] --END-- [ RunTime:0.000082s ]
INFO: Run Behavior\ParseTemplateBehavior [ RunTime:0.003450s ]
INFO: [ view_parse ] --END-- [ RunTime:0.003468s ]
INFO: [ view_filter ] --START--
INFO: Run Behavior\WriteHtmlCacheBehavior [ RunTime:0.000074s ]
INFO: [ view_filter ] --END-- [ RunTime:0.000085s ]
INFO: [ app_end ] --START--
INFO: Run Behavior\ShowPageTraceBehavior [ RunTime:0.000282s ]
INFO: [ app_end ] --END-- [ RunTime:0.000297s ]

[ 2018-03-22T14:08:42+08:00 ] 119.164.73.79 /index.php/QM_Admin_1216/Mgt/savecp
INFO: [ app_init ] --START--
INFO: Run Behavior\BuildLiteBehavior [ RunTime:0.000007s ]
INFO: [ app_init ] --END-- [ RunTime:0.000181s ]
INFO: [ app_begin ] --START--
INFO: Run Behavior\ReadHtmlCacheBehavior [ RunTime:0.000223s ]
INFO: [ app_begin ] --END-- [ RunTime:0.000242s ]
SQL: SHOW COLUMNS FROM `qm_goods` [ RunTime:0.0005s ]
SQL: UPDATE `qm_goods` SET `content`='32',`cas`='2',`guige`='23',`pinpai`='23',`kucun`='232',`money`='32',`chiname`='MAx',`isyoushi`='1' WHERE ( id = 614 ) [ RunTime:0.0002s ]
INFO: [ view_parse ] --START--
INFO: [ template_filter ] --START--
INFO: Run Behavior\ContentReplaceBehavior [ RunTime:0.000019s ]
INFO: [ template_filter ] --END-- [ RunTime:0.000036s ]
INFO: Run Behavior\ParseTemplateBehavior [ RunTime:0.002430s ]
INFO: [ view_parse ] --END-- [ RunTime:0.002445s ]
INFO: [ view_filter ] --START--
INFO: Run Behavior\WriteHtmlCacheBehavior [ RunTime:0.000079s ]
INFO: [ view_filter ] --END-- [ RunTime:0.000091s ]
INFO: [ app_end ] --START--
INFO: Run Behavior\ShowPageTraceBehavior [ RunTime:0.000269s ]
INFO: [ app_end ] --END-- [ RunTime:0.000286s ]

[ 2018-03-22T14:08:43+08:00 ] 119.164.73.79 /index.php/QM_Admin_1216/Mgt/goodsgl
INFO: [ app_init ] --START--
INFO: Run Behavior\BuildLiteBehavior [ RunTime:0.000006s ]
INFO: [ app_init ] --END-- [ RunTime:0.000167s ]
INFO: [ app_begin ] --START--
INFO: Run Behavior\ReadHtmlCacheBehavior [ RunTime:0.000238s ]
INFO: [ app_begin ] --END-- [ RunTime:0.000255s ]
SQL: SHOW COLUMNS FROM `qm_goods` [ RunTime:0.0005s ]
SQL: SELECT COUNT(*) AS tp_Count FROM `qm_goods` LIMIT 1   [ RunTime:0.0001s ]
SQL: SELECT * FROM `qm_goods` ORDER BY id desc LIMIT 0,10   [ RunTime:0.0002s ]
INFO: [ view_parse ] --START--
INFO: [ template_filter ] --START--
INFO: Run Behavior\ContentReplaceBehavior [ RunTime:0.000040s ]
INFO: [ template_filter ] --END-- [ RunTime:0.000057s ]
NOTIC: [8] Undefined variable: res /www/wwwroot/asd.luhanforex.cn/Application/Runtime/Cache/QM_Admin_1216/3f6e2281395a59db8928057002b70f3f.php 第 95 行.
NOTIC: [8] Undefined variable: res /www/wwwroot/asd.luhanforex.cn/Application/Runtime/Cache/QM_Admin_1216/3f6e2281395a59db8928057002b70f3f.php 第 95 行.
NOTIC: [8] Undefined variable: res /www/wwwroot/asd.luhanforex.cn/Application/Runtime/Cache/QM_Admin_1216/3f6e2281395a59db8928057002b70f3f.php 第 95 行.
INFO: Run Behavior\ParseTemplateBehavior [ RunTime:0.003362s ]
INFO: [ view_parse ] --END-- [ RunTime:0.003376s ]
INFO: [ view_filter ] --START--
INFO: Run Behavior\WriteHtmlCacheBehavior [ RunTime:0.000074s ]
INFO: [ view_filter ] --END-- [ RunTime:0.000084s ]

[ 2018-03-22T14:08:43+08:00 ] 119.164.73.79 /index.php/QM_Admin_1216/Mgt/goodsgl.html
INFO: [ app_init ] --START--
INFO: Run Behavior\BuildLiteBehavior [ RunTime:0.000006s ]
INFO: [ app_init ] --END-- [ RunTime:0.000172s ]
INFO: [ app_begin ] --START--
INFO: Run Behavior\ReadHtmlCacheBehavior [ RunTime:0.000209s ]
INFO: [ app_begin ] --END-- [ RunTime:0.000225s ]
SQL: SHOW COLUMNS FROM `qm_goods` [ RunTime:0.0004s ]
SQL: SELECT COUNT(*) AS tp_Count FROM `qm_goods` LIMIT 1   [ RunTime:0.0000s ]
SQL: SELECT * FROM `qm_goods` ORDER BY id desc LIMIT 0,10   [ RunTime:0.0001s ]
INFO: [ view_parse ] --START--
INFO: [ template_filter ] --START--
INFO: Run Behavior\ContentReplaceBehavior [ RunTime:0.000038s ]
INFO: [ template_filter ] --END-- [ RunTime:0.000055s ]
NOTIC: [8] Undefined variable: res /www/wwwroot/asd.luhanforex.cn/Application/Runtime/Cache/QM_Admin_1216/3f6e2281395a59db8928057002b70f3f.php 第 95 行.
NOTIC: [8] Undefined variable: res /www/wwwroot/asd.luhanforex.cn/Application/Runtime/Cache/QM_Admin_1216/3f6e2281395a59db8928057002b70f3f.php 第 95 行.
NOTIC: [8] Undefined variable: res /www/wwwroot/asd.luhanforex.cn/Application/Runtime/Cache/QM_Admin_1216/3f6e2281395a59db8928057002b70f3f.php 第 95 行.
INFO: Run Behavior\ParseTemplateBehavior [ RunTime:0.003131s ]
INFO: [ view_parse ] --END-- [ RunTime:0.003146s ]
INFO: [ view_filter ] --START--
INFO: Run Behavior\WriteHtmlCacheBehavior [ RunTime:0.000074s ]
INFO: [ view_filter ] --END-- [ RunTime:0.000085s ]
INFO: [ app_end ] --START--
INFO: Run Behavior\ShowPageTraceBehavior [ RunTime:0.000248s ]
INFO: [ app_end ] --END-- [ RunTime:0.000261s ]

[ 2018-03-22T14:08:45+08:00 ] 119.164.73.79 /index.php/QM_Admin_1216/Mgt/ecp/id/613
INFO: [ app_init ] --START--
INFO: Run Behavior\BuildLiteBehavior [ RunTime:0.000007s ]
INFO: [ app_init ] --END-- [ RunTime:0.000177s ]
INFO: [ app_begin ] --START--
INFO: Run Behavior\ReadHtmlCacheBehavior [ RunTime:0.000237s ]
INFO: [ app_begin ] --END-- [ RunTime:0.000253s ]
SQL: SHOW COLUMNS FROM `qm_goods` [ RunTime:0.0006s ]
SQL: SELECT * FROM `qm_goods` WHERE ( id='613' ) LIMIT 1   [ RunTime:0.0002s ]
INFO: [ view_parse ] --START--
INFO: [ template_filter ] --START--
INFO: Run Behavior\ContentReplaceBehavior [ RunTime:0.000044s ]
INFO: [ template_filter ] --END-- [ RunTime:0.000059s ]
INFO: Run Behavior\ParseTemplateBehavior [ RunTime:0.003538s ]
INFO: [ view_parse ] --END-- [ RunTime:0.003555s ]
INFO: [ view_filter ] --START--
INFO: Run Behavior\WriteHtmlCacheBehavior [ RunTime:0.000083s ]
INFO: [ view_filter ] --END-- [ RunTime:0.000098s ]
INFO: [ app_end ] --START--
INFO: Run Behavior\ShowPageTraceBehavior [ RunTime:0.000289s ]
INFO: [ app_end ] --END-- [ RunTime:0.000306s ]

[ 2018-03-22T14:08:53+08:00 ] 119.164.73.79 /index.php/QM_Admin_1216/Mgt/savecp
INFO: [ app_init ] --START--
INFO: Run Behavior\BuildLiteBehavior [ RunTime:0.000007s ]
INFO: [ app_init ] --END-- [ RunTime:0.000172s ]
INFO: [ app_begin ] --START--
INFO: Run Behavior\ReadHtmlCacheBehavior [ RunTime:0.000215s ]
INFO: [ app_begin ] --END-- [ RunTime:0.000233s ]
SQL: SHOW COLUMNS FROM `qm_goods` [ RunTime:0.0005s ]
SQL: UPDATE `qm_goods` SET `content`='nnn',`cas`='a',`guige`='222',`pinpai`='22',`kucun`='22',`money`='2',`chiname`='Shop',`isyoushi`='2' WHERE ( id = 613 ) [ RunTime:0.0002s ]
INFO: [ view_parse ] --START--
INFO: [ template_filter ] --START--
INFO: Run Behavior\ContentReplaceBehavior [ RunTime:0.000020s ]
INFO: [ template_filter ] --END-- [ RunTime:0.000052s ]
INFO: Run Behavior\ParseTemplateBehavior [ RunTime:0.002433s ]
INFO: [ view_parse ] --END-- [ RunTime:0.002450s ]
INFO: [ view_filter ] --START--
INFO: Run Behavior\WriteHtmlCacheBehavior [ RunTime:0.000087s ]
INFO: [ view_filter ] --END-- [ RunTime:0.000098s ]
INFO: [ app_end ] --START--
INFO: Run Behavior\ShowPageTraceBehavior [ RunTime:0.000262s ]
INFO: [ app_end ] --END-- [ RunTime:0.000279s ]

[ 2018-03-22T14:08:54+08:00 ] 119.164.73.79 /index.php/QM_Admin_1216/Mgt/goodsgl
INFO: [ app_init ] --START--
INFO: Run Behavior\BuildLiteBehavior [ RunTime:0.000010s ]
INFO: [ app_init ] --END-- [ RunTime:0.000200s ]
INFO: [ app_begin ] --START--
INFO: Run Behavior\ReadHtmlCacheBehavior [ RunTime:0.000217s ]
INFO: [ app_begin ] --END-- [ RunTime:0.000236s ]
SQL: SHOW COLUMNS FROM `qm_goods` [ RunTime:0.0005s ]
SQL: SELECT COUNT(*) AS tp_Count FROM `qm_goods` LIMIT 1   [ RunTime:0.0001s ]
SQL: SELECT * FROM `qm_goods` ORDER BY id desc LIMIT 0,10   [ RunTime:0.0002s ]
INFO: [ view_parse ] --START--
INFO: [ template_filter ] --START--
INFO: Run Behavior\ContentReplaceBehavior [ RunTime:0.000041s ]
INFO: [ template_filter ] --END-- [ RunTime:0.000060s ]
NOTIC: [8] Undefined variable: res /www/wwwroot/asd.luhanforex.cn/Application/Runtime/Cache/QM_Admin_1216/3f6e2281395a59db8928057002b70f3f.php 第 95 行.
NOTIC: [8] Undefined variable: res /www/wwwroot/asd.luhanforex.cn/Application/Runtime/Cache/QM_Admin_1216/3f6e2281395a59db8928057002b70f3f.php 第 95 行.
NOTIC: [8] Undefined variable: res /www/wwwroot/asd.luhanforex.cn/Application/Runtime/Cache/QM_Admin_1216/3f6e2281395a59db8928057002b70f3f.php 第 95 行.
INFO: Run Behavior\ParseTemplateBehavior [ RunTime:0.003383s ]
INFO: [ view_parse ] --END-- [ RunTime:0.003398s ]
INFO: [ view_filter ] --START--
INFO: Run Behavior\WriteHtmlCacheBehavior [ RunTime:0.000089s ]
INFO: [ view_filter ] --END-- [ RunTime:0.000100s ]
INFO: [ app_end ] --START--
INFO: Run Behavior\ShowPageTraceBehavior [ RunTime:0.000241s ]
INFO: [ app_end ] --END-- [ RunTime:0.000256s ]

[ 2018-03-22T15:40:36+08:00 ] 119.164.73.79 /index.php/QM_Admin_1216/Index/img/presentation/bluescreen.jpg
INFO: [ app_init ] --START--
INFO: Run Behavior\BuildLiteBehavior [ RunTime:0.000009s ]
INFO: [ app_init ] --END-- [ RunTime:0.000243s ]

[ 2018-03-22T15:40:48+08:00 ] 119.164.73.79 /index.php/QM_Admin_1216/Index/img/presentation/bluescreen.jpg
INFO: [ app_init ] --START--
INFO: Run Behavior\BuildLiteBehavior [ RunTime:0.000008s ]
INFO: [ app_init ] --END-- [ RunTime:0.000171s ]

[ 2018-03-22T15:40:51+08:00 ] 119.164.73.79 /index.php/QM_Admin_1216/Index/img/presentation/bluescreen.jpg
INFO: [ app_init ] --START--
INFO: Run Behavior\BuildLiteBehavior [ RunTime:0.000008s ]
INFO: [ app_init ] --END-- [ RunTime:0.000188s ]

[ 2018-03-22T15:41:10+08:00 ] 119.164.73.79 /index.php/QM_Admin_1216/Index/img/presentation/donation.jpg
INFO: [ app_init ] --START--
INFO: Run Behavior\BuildLiteBehavior [ RunTime:0.000008s ]
INFO: [ app_init ] --END-- [ RunTime:0.000166s ]

[ 2018-03-22T16:58:48+08:00 ] 119.164.73.79 /index.php/QM_Admin_1216/Mgt/goodsgl
INFO: [ app_init ] --START--
INFO: Run Behavior\BuildLiteBehavior [ RunTime:0.000008s ]
INFO: [ app_init ] --END-- [ RunTime:0.000219s ]
INFO: [ app_begin ] --START--
INFO: Run Behavior\ReadHtmlCacheBehavior [ RunTime:0.000427s ]
INFO: [ app_begin ] --END-- [ RunTime:0.000449s ]
SQL: SHOW COLUMNS FROM `qm_goods` [ RunTime:0.0005s ]
SQL: SELECT COUNT(*) AS tp_Count FROM `qm_goods` LIMIT 1   [ RunTime:0.0001s ]
SQL: SELECT * FROM `qm_goods` ORDER BY id desc LIMIT 0,10   [ RunTime:0.0002s ]
INFO: [ view_parse ] --START--
INFO: [ template_filter ] --START--
INFO: Run Behavior\ContentReplaceBehavior [ RunTime:0.000047s ]
INFO: [ template_filter ] --END-- [ RunTime:0.000068s ]
NOTIC: [8] Undefined variable: res /www/wwwroot/asd.luhanforex.cn/Application/Runtime/Cache/QM_Admin_1216/3f6e2281395a59db8928057002b70f3f.php 第 95 行.
NOTIC: [8] Undefined variable: res /www/wwwroot/asd.luhanforex.cn/Application/Runtime/Cache/QM_Admin_1216/3f6e2281395a59db8928057002b70f3f.php 第 95 行.
NOTIC: [8] Undefined variable: res /www/wwwroot/asd.luhanforex.cn/Application/Runtime/Cache/QM_Admin_1216/3f6e2281395a59db8928057002b70f3f.php 第 95 行.
INFO: Run Behavior\ParseTemplateBehavior [ RunTime:0.003449s ]
INFO: [ view_parse ] --END-- [ RunTime:0.003464s ]
INFO: [ view_filter ] --START--
INFO: Run Behavior\WriteHtmlCacheBehavior [ RunTime:0.000094s ]
INFO: [ view_filter ] --END-- [ RunTime:0.000105s ]
INFO: [ app_end ] --START--
INFO: Run Behavior\ShowPageTraceBehavior [ RunTime:0.000284s ]
INFO: [ app_end ] --END-- [ RunTime:0.000309s ]

[ 2018-03-22T16:59:11+08:00 ] 119.164.73.79 /index.php/QM_Admin_1216/Mgt/shop
INFO: [ app_init ] --START--
INFO: Run Behavior\BuildLiteBehavior [ RunTime:0.000009s ]
INFO: [ app_init ] --END-- [ RunTime:0.000169s ]
INFO: [ app_begin ] --START--
INFO: Run Behavior\ReadHtmlCacheBehavior [ RunTime:0.000227s ]
INFO: [ app_begin ] --END-- [ RunTime:0.000243s ]
SQL: SHOW COLUMNS FROM `qm_shop` [ RunTime:0.0005s ]
SQL: SELECT * FROM `qm_shop`  [ RunTime:0.0002s ]
INFO: [ view_parse ] --START--
INFO: [ template_filter ] --START--
INFO: Run Behavior\ContentReplaceBehavior [ RunTime:0.000042s ]
INFO: [ template_filter ] --END-- [ RunTime:0.000067s ]
NOTIC: [8] Undefined index: isvip /www/wwwroot/asd.luhanforex.cn/Application/Runtime/Cache/QM_Admin_1216/32e63b65a858ec9695e0e6d9ab6a64ac.php 第 99 行.
NOTIC: [8] Undefined index: isvip /www/wwwroot/asd.luhanforex.cn/Application/Runtime/Cache/QM_Admin_1216/32e63b65a858ec9695e0e6d9ab6a64ac.php 第 99 行.
NOTIC: [8] Undefined index: isvip /www/wwwroot/asd.luhanforex.cn/Application/Runtime/Cache/QM_Admin_1216/32e63b65a858ec9695e0e6d9ab6a64ac.php 第 99 行.
NOTIC: [8] Undefined variable: pageinfo /www/wwwroot/asd.luhanforex.cn/Application/Runtime/Cache/QM_Admin_1216/32e63b65a858ec9695e0e6d9ab6a64ac.php 第 110 行.
INFO: Run Behavior\ParseTemplateBehavior [ RunTime:0.005438s ]
INFO: [ view_parse ] --END-- [ RunTime:0.005453s ]
INFO: [ view_filter ] --START--
INFO: Run Behavior\WriteHtmlCacheBehavior [ RunTime:0.000089s ]
INFO: [ view_filter ] --END-- [ RunTime:0.000100s ]
INFO: [ app_end ] --START--
INFO: Run Behavior\ShowPageTraceBehavior [ RunTime:0.000279s ]
INFO: [ app_end ] --END-- [ RunTime:0.000293s ]

[ 2018-03-22T16:59:14+08:00 ] 119.164.73.79 /index.php/QM_Admin_1216/Mgt/vipadmin
INFO: [ app_init ] --START--
INFO: Run Behavior\BuildLiteBehavior [ RunTime:0.000007s ]
INFO: [ app_init ] --END-- [ RunTime:0.000189s ]
INFO: [ app_begin ] --START--
INFO: Run Behavior\ReadHtmlCacheBehavior [ RunTime:0.000200s ]
INFO: [ app_begin ] --END-- [ RunTime:0.000216s ]
SQL: SHOW COLUMNS FROM `qm_yonghu` [ RunTime:0.0004s ]
SQL: SELECT * FROM `qm_yonghu`  [ RunTime:0.0002s ]
INFO: [ view_parse ] --START--
INFO: [ template_filter ] --START--
INFO: Run Behavior\ContentReplaceBehavior [ RunTime:0.000061s ]
INFO: [ template_filter ] --END-- [ RunTime:0.000096s ]
NOTIC: [8] Undefined index: pic /www/wwwroot/asd.luhanforex.cn/Application/Runtime/Cache/QM_Admin_1216/6a2f65c37fc930a75719eaef63a58afb.php 第 73 行.
NOTIC: [8] Undefined variable: res /www/wwwroot/asd.luhanforex.cn/Application/Runtime/Cache/QM_Admin_1216/6a2f65c37fc930a75719eaef63a58afb.php 第 75 行.
NOTIC: [8] Undefined index: pic /www/wwwroot/asd.luhanforex.cn/Application/Runtime/Cache/QM_Admin_1216/6a2f65c37fc930a75719eaef63a58afb.php 第 73 行.
NOTIC: [8] Undefined variable: res /www/wwwroot/asd.luhanforex.cn/Application/Runtime/Cache/QM_Admin_1216/6a2f65c37fc930a75719eaef63a58afb.php 第 75 行.
NOTIC: [8] Undefined index: pic /www/wwwroot/asd.luhanforex.cn/Application/Runtime/Cache/QM_Admin_1216/6a2f65c37fc930a75719eaef63a58afb.php 第 73 行.
NOTIC: [8] Undefined variable: res /www/wwwroot/asd.luhanforex.cn/Application/Runtime/Cache/QM_Admin_1216/6a2f65c37fc930a75719eaef63a58afb.php 第 75 行.
NOTIC: [8] Undefined index: pic /www/wwwroot/asd.luhanforex.cn/Application/Runtime/Cache/QM_Admin_1216/6a2f65c37fc930a75719eaef63a58afb.php 第 73 行.
NOTIC: [8] Undefined variable: res /www/wwwroot/asd.luhanforex.cn/Application/Runtime/Cache/QM_Admin_1216/6a2f65c37fc930a75719eaef63a58afb.php 第 75 行.
NOTIC: [8] Undefined index: pic /www/wwwroot/asd.luhanforex.cn/Application/Runtime/Cache/QM_Admin_1216/6a2f65c37fc930a75719eaef63a58afb.php 第 73 行.
NOTIC: [8] Undefined variable: res /www/wwwroot/asd.luhanforex.cn/Application/Runtime/Cache/QM_Admin_1216/6a2f65c37fc930a75719eaef63a58afb.php 第 75 行.
NOTIC: [8] Undefined variable: pageinfo /www/wwwroot/asd.luhanforex.cn/Application/Runtime/Cache/QM_Admin_1216/6a2f65c37fc930a75719eaef63a58afb.php 第 88 行.
INFO: Run Behavior\ParseTemplateBehavior [ RunTime:0.006009s ]
INFO: [ view_parse ] --END-- [ RunTime:0.006028s ]
INFO: [ view_filter ] --START--
INFO: Run Behavior\WriteHtmlCacheBehavior [ RunTime:0.000118s ]
INFO: [ view_filter ] --END-- [ RunTime:0.000135s ]
INFO: [ app_end ] --START--
INFO: Run Behavior\ShowPageTraceBehavior [ RunTime:0.000402s ]
INFO: [ app_end ] --END-- [ RunTime:0.000422s ]

[ 2018-03-22T16:59:15+08:00 ] 119.164.73.79 /index.php/QM_Admin_1216/Mgt/order
INFO: [ app_init ] --START--
INFO: Run Behavior\BuildLiteBehavior [ RunTime:0.000022s ]
INFO: [ app_init ] --END-- [ RunTime:0.000266s ]
INFO: [ app_begin ] --START--
INFO: Run Behavior\ReadHtmlCacheBehavior [ RunTime:0.000315s ]
INFO: [ app_begin ] --END-- [ RunTime:0.000336s ]
SQL: SHOW COLUMNS FROM `qm_order` [ RunTime:0.0005s ]
SQL: SELECT COUNT(*) AS tp_Count FROM `qm_order` LIMIT 1   [ RunTime:0.0001s ]
SQL: SELECT * FROM `qm_order` LIMIT 0,10   [ RunTime:0.0001s ]
ERR: 1146:Table 'asd.qm_users' doesn't exist
 [ SQL语句 ] : SHOW COLUMNS FROM `qm_users`
ERR: 1146:Table 'asd.qm_users' doesn't exist
 [ SQL语句 ] : SHOW COLUMNS FROM `qm_users`

[ 2018-03-22T16:59:16+08:00 ] 119.164.73.79 /index.php/QM_Admin_1216/Mgt/fenlei
INFO: [ app_init ] --START--
INFO: Run Behavior\BuildLiteBehavior [ RunTime:0.000008s ]
INFO: [ app_init ] --END-- [ RunTime:0.000181s ]
INFO: [ app_begin ] --START--
INFO: Run Behavior\ReadHtmlCacheBehavior [ RunTime:0.000241s ]
INFO: [ app_begin ] --END-- [ RunTime:0.000257s ]
SQL: SHOW COLUMNS FROM `qm_fenlei` [ RunTime:0.0004s ]
SQL: SELECT * FROM `qm_fenlei`  [ RunTime:0.0012s ]
INFO: [ view_parse ] --START--
INFO: [ template_filter ] --START--
INFO: Run Behavior\ContentReplaceBehavior [ RunTime:0.000033s ]
INFO: [ template_filter ] --END-- [ RunTime:0.000050s ]
NOTIC: [8] Undefined variable: pageinfo /www/wwwroot/asd.luhanforex.cn/Application/Runtime/Cache/QM_Admin_1216/e9a412a38ed4dacd6505b33bde3904bd.php 第 68 行.
INFO: Run Behavior\ParseTemplateBehavior [ RunTime:0.003162s ]
INFO: [ view_parse ] --END-- [ RunTime:0.003179s ]
INFO: [ view_filter ] --START--
INFO: Run Behavior\WriteHtmlCacheBehavior [ RunTime:0.000080s ]
INFO: [ view_filter ] --END-- [ RunTime:0.000091s ]
INFO: [ app_end ] --START--
INFO: Run Behavior\ShowPageTraceBehavior [ RunTime:0.000265s ]
INFO: [ app_end ] --END-- [ RunTime:0.000279s ]

[ 2018-03-22T16:59:17+08:00 ] 119.164.73.79 /index.php/QM_Admin_1216/Mgt/order
INFO: [ app_init ] --START--
INFO: Run Behavior\BuildLiteBehavior [ RunTime:0.000007s ]
INFO: [ app_init ] --END-- [ RunTime:0.000158s ]
INFO: [ app_begin ] --START--
INFO: Run Behavior\ReadHtmlCacheBehavior [ RunTime:0.000201s ]
INFO: [ app_begin ] --END-- [ RunTime:0.000217s ]
SQL: SHOW COLUMNS FROM `qm_order` [ RunTime:0.0004s ]
SQL: SELECT COUNT(*) AS tp_Count FROM `qm_order` LIMIT 1   [ RunTime:0.0000s ]
SQL: SELECT * FROM `qm_order` LIMIT 0,10   [ RunTime:0.0001s ]
ERR: 1146:Table 'asd.qm_users' doesn't exist
 [ SQL语句 ] : SHOW COLUMNS FROM `qm_users`
ERR: 1146:Table 'asd.qm_users' doesn't exist
 [ SQL语句 ] : SHOW COLUMNS FROM `qm_users`

[ 2018-03-22T16:59:19+08:00 ] 119.164.73.79 /index.php/QM_Admin_1216/Mgt/fenlei
INFO: [ app_init ] --START--
INFO: Run Behavior\BuildLiteBehavior [ RunTime:0.000007s ]
INFO: [ app_init ] --END-- [ RunTime:0.000218s ]
INFO: [ app_begin ] --START--
INFO: Run Behavior\ReadHtmlCacheBehavior [ RunTime:0.000262s ]
INFO: [ app_begin ] --END-- [ RunTime:0.000286s ]
SQL: SHOW COLUMNS FROM `qm_fenlei` [ RunTime:0.0005s ]
SQL: SELECT * FROM `qm_fenlei`  [ RunTime:0.0001s ]
INFO: [ view_parse ] --START--
INFO: [ template_filter ] --START--
INFO: Run Behavior\ContentReplaceBehavior [ RunTime:0.000041s ]
INFO: [ template_filter ] --END-- [ RunTime:0.000066s ]
NOTIC: [8] Undefined variable: pageinfo /www/wwwroot/asd.luhanforex.cn/Application/Runtime/Cache/QM_Admin_1216/e9a412a38ed4dacd6505b33bde3904bd.php 第 68 行.
INFO: Run Behavior\ParseTemplateBehavior [ RunTime:0.017087s ]
INFO: [ view_parse ] --END-- [ RunTime:0.017102s ]
INFO: [ view_filter ] --START--
INFO: Run Behavior\WriteHtmlCacheBehavior [ RunTime:0.000076s ]
INFO: [ view_filter ] --END-- [ RunTime:0.000088s ]
INFO: [ app_end ] --START--
INFO: Run Behavior\ShowPageTraceBehavior [ RunTime:0.000244s ]
INFO: [ app_end ] --END-- [ RunTime:0.000258s ]

[ 2018-03-22T16:59:21+08:00 ] 119.164.73.79 /index.php/QM_Admin_1216/Mgt/order
INFO: [ app_init ] --START--
INFO: Run Behavior\BuildLiteBehavior [ RunTime:0.000006s ]
INFO: [ app_init ] --END-- [ RunTime:0.000164s ]
INFO: [ app_begin ] --START--
INFO: Run Behavior\ReadHtmlCacheBehavior [ RunTime:0.000218s ]
INFO: [ app_begin ] --END-- [ RunTime:0.000245s ]
SQL: SHOW COLUMNS FROM `qm_order` [ RunTime:0.0005s ]
SQL: SELECT COUNT(*) AS tp_Count FROM `qm_order` LIMIT 1   [ RunTime:0.0000s ]
SQL: SELECT * FROM `qm_order` LIMIT 0,10   [ RunTime:0.0001s ]
ERR: 1146:Table 'asd.qm_users' doesn't exist
 [ SQL语句 ] : SHOW COLUMNS FROM `qm_users`
ERR: 1146:Table 'asd.qm_users' doesn't exist
 [ SQL语句 ] : SHOW COLUMNS FROM `qm_users`

[ 2018-03-22T16:59:22+08:00 ] 119.164.73.79 /index.php/QM_Admin_1216/Mgt/vipadmin
INFO: [ app_init ] --START--
INFO: Run Behavior\BuildLiteBehavior [ RunTime:0.000007s ]
INFO: [ app_init ] --END-- [ RunTime:0.000233s ]
INFO: [ app_begin ] --START--
INFO: Run Behavior\ReadHtmlCacheBehavior [ RunTime:0.000243s ]
INFO: [ app_begin ] --END-- [ RunTime:0.000260s ]
SQL: SHOW COLUMNS FROM `qm_yonghu` [ RunTime:0.0004s ]
SQL: SELECT * FROM `qm_yonghu`  [ RunTime:0.0001s ]
INFO: [ view_parse ] --START--
INFO: [ template_filter ] --START--
INFO: Run Behavior\ContentReplaceBehavior [ RunTime:0.000040s ]
INFO: [ template_filter ] --END-- [ RunTime:0.000058s ]
NOTIC: [8] Undefined index: pic /www/wwwroot/asd.luhanforex.cn/Application/Runtime/Cache/QM_Admin_1216/6a2f65c37fc930a75719eaef63a58afb.php 第 73 行.
NOTIC: [8] Undefined variable: res /www/wwwroot/asd.luhanforex.cn/Application/Runtime/Cache/QM_Admin_1216/6a2f65c37fc930a75719eaef63a58afb.php 第 75 行.
NOTIC: [8] Undefined index: pic /www/wwwroot/asd.luhanforex.cn/Application/Runtime/Cache/QM_Admin_1216/6a2f65c37fc930a75719eaef63a58afb.php 第 73 行.
NOTIC: [8] Undefined variable: res /www/wwwroot/asd.luhanforex.cn/Application/Runtime/Cache/QM_Admin_1216/6a2f65c37fc930a75719eaef63a58afb.php 第 75 行.
NOTIC: [8] Undefined index: pic /www/wwwroot/asd.luhanforex.cn/Application/Runtime/Cache/QM_Admin_1216/6a2f65c37fc930a75719eaef63a58afb.php 第 73 行.
NOTIC: [8] Undefined variable: res /www/wwwroot/asd.luhanforex.cn/Application/Runtime/Cache/QM_Admin_1216/6a2f65c37fc930a75719eaef63a58afb.php 第 75 行.
NOTIC: [8] Undefined index: pic /www/wwwroot/asd.luhanforex.cn/Application/Runtime/Cache/QM_Admin_1216/6a2f65c37fc930a75719eaef63a58afb.php 第 73 行.
NOTIC: [8] Undefined variable: res /www/wwwroot/asd.luhanforex.cn/Application/Runtime/Cache/QM_Admin_1216/6a2f65c37fc930a75719eaef63a58afb.php 第 75 行.
NOTIC: [8] Undefined index: pic /www/wwwroot/asd.luhanforex.cn/Application/Runtime/Cache/QM_Admin_1216/6a2f65c37fc930a75719eaef63a58afb.php 第 73 行.
NOTIC: [8] Undefined variable: res /www/wwwroot/asd.luhanforex.cn/Application/Runtime/Cache/QM_Admin_1216/6a2f65c37fc930a75719eaef63a58afb.php 第 75 行.
NOTIC: [8] Undefined variable: pageinfo /www/wwwroot/asd.luhanforex.cn/Application/Runtime/Cache/QM_Admin_1216/6a2f65c37fc930a75719eaef63a58afb.php 第 88 行.
INFO: Run Behavior\ParseTemplateBehavior [ RunTime:0.003212s ]
INFO: [ view_parse ] --END-- [ RunTime:0.003226s ]
INFO: [ view_filter ] --START--
INFO: Run Behavior\WriteHtmlCacheBehavior [ RunTime:0.000076s ]
INFO: [ view_filter ] --END-- [ RunTime:0.000087s ]
INFO: [ app_end ] --START--
INFO: Run Behavior\ShowPageTraceBehavior [ RunTime:0.000264s ]
INFO: [ app_end ] --END-- [ RunTime:0.000278s ]

[ 2018-03-22T16:59:34+08:00 ] 119.164.73.79 /index.php/QM_Admin_1216/Mgt/shop
INFO: [ app_init ] --START--
INFO: Run Behavior\BuildLiteBehavior [ RunTime:0.000006s ]
INFO: [ app_init ] --END-- [ RunTime:0.000175s ]
INFO: [ app_begin ] --START--
INFO: Run Behavior\ReadHtmlCacheBehavior [ RunTime:0.000221s ]
INFO: [ app_begin ] --END-- [ RunTime:0.000237s ]
SQL: SHOW COLUMNS FROM `qm_shop` [ RunTime:0.0005s ]
SQL: SELECT * FROM `qm_shop`  [ RunTime:0.0001s ]
INFO: [ view_parse ] --START--
INFO: [ template_filter ] --START--
INFO: Run Behavior\ContentReplaceBehavior [ RunTime:0.000038s ]
INFO: [ template_filter ] --END-- [ RunTime:0.000055s ]
NOTIC: [8] Undefined index: isvip /www/wwwroot/asd.luhanforex.cn/Application/Runtime/Cache/QM_Admin_1216/32e63b65a858ec9695e0e6d9ab6a64ac.php 第 99 行.
NOTIC: [8] Undefined index: isvip /www/wwwroot/asd.luhanforex.cn/Application/Runtime/Cache/QM_Admin_1216/32e63b65a858ec9695e0e6d9ab6a64ac.php 第 99 行.
NOTIC: [8] Undefined index: isvip /www/wwwroot/asd.luhanforex.cn/Application/Runtime/Cache/QM_Admin_1216/32e63b65a858ec9695e0e6d9ab6a64ac.php 第 99 行.
NOTIC: [8] Undefined variable: pageinfo /www/wwwroot/asd.luhanforex.cn/Application/Runtime/Cache/QM_Admin_1216/32e63b65a858ec9695e0e6d9ab6a64ac.php 第 110 行.
INFO: Run Behavior\ParseTemplateBehavior [ RunTime:0.003229s ]
INFO: [ view_parse ] --END-- [ RunTime:0.003243s ]
INFO: [ view_filter ] --START--
INFO: Run Behavior\WriteHtmlCacheBehavior [ RunTime:0.000074s ]
INFO: [ view_filter ] --END-- [ RunTime:0.000086s ]
INFO: [ app_end ] --START--
INFO: Run Behavior\ShowPageTraceBehavior [ RunTime:0.000268s ]
INFO: [ app_end ] --END-- [ RunTime:0.000282s ]

[ 2018-03-22T16:59:36+08:00 ] 119.164.73.79 /index.php/QM_Admin_1216/Mgt/vipadmin
INFO: [ app_init ] --START--
INFO: Run Behavior\BuildLiteBehavior [ RunTime:0.000009s ]
INFO: [ app_init ] --END-- [ RunTime:0.000237s ]
INFO: [ app_begin ] --START--
INFO: Run Behavior\ReadHtmlCacheBehavior [ RunTime:0.000346s ]
INFO: [ app_begin ] --END-- [ RunTime:0.000386s ]
SQL: SHOW COLUMNS FROM `qm_yonghu` [ RunTime:0.0006s ]
SQL: SELECT * FROM `qm_yonghu`  [ RunTime:0.0001s ]
INFO: [ view_parse ] --START--
INFO: [ template_filter ] --START--
INFO: Run Behavior\ContentReplaceBehavior [ RunTime:0.000054s ]
INFO: [ template_filter ] --END-- [ RunTime:0.000084s ]
NOTIC: [8] Undefined index: pic /www/wwwroot/asd.luhanforex.cn/Application/Runtime/Cache/QM_Admin_1216/6a2f65c37fc930a75719eaef63a58afb.php 第 73 行.
NOTIC: [8] Undefined variable: res /www/wwwroot/asd.luhanforex.cn/Application/Runtime/Cache/QM_Admin_1216/6a2f65c37fc930a75719eaef63a58afb.php 第 75 行.
NOTIC: [8] Undefined index: pic /www/wwwroot/asd.luhanforex.cn/Application/Runtime/Cache/QM_Admin_1216/6a2f65c37fc930a75719eaef63a58afb.php 第 73 行.
NOTIC: [8] Undefined variable: res /www/wwwroot/asd.luhanforex.cn/Application/Runtime/Cache/QM_Admin_1216/6a2f65c37fc930a75719eaef63a58afb.php 第 75 行.
NOTIC: [8] Undefined index: pic /www/wwwroot/asd.luhanforex.cn/Application/Runtime/Cache/QM_Admin_1216/6a2f65c37fc930a75719eaef63a58afb.php 第 73 行.
NOTIC: [8] Undefined variable: res /www/wwwroot/asd.luhanforex.cn/Application/Runtime/Cache/QM_Admin_1216/6a2f65c37fc930a75719eaef63a58afb.php 第 75 行.
NOTIC: [8] Undefined index: pic /www/wwwroot/asd.luhanforex.cn/Application/Runtime/Cache/QM_Admin_1216/6a2f65c37fc930a75719eaef63a58afb.php 第 73 行.
NOTIC: [8] Undefined variable: res /www/wwwroot/asd.luhanforex.cn/Application/Runtime/Cache/QM_Admin_1216/6a2f65c37fc930a75719eaef63a58afb.php 第 75 行.
NOTIC: [8] Undefined index: pic /www/wwwroot/asd.luhanforex.cn/Application/Runtime/Cache/QM_Admin_1216/6a2f65c37fc930a75719eaef63a58afb.php 第 73 行.
NOTIC: [8] Undefined variable: res /www/wwwroot/asd.luhanforex.cn/Application/Runtime/Cache/QM_Admin_1216/6a2f65c37fc930a75719eaef63a58afb.php 第 75 行.
NOTIC: [8] Undefined variable: pageinfo /www/wwwroot/asd.luhanforex.cn/Application/Runtime/Cache/QM_Admin_1216/6a2f65c37fc930a75719eaef63a58afb.php 第 88 行.
INFO: Run Behavior\ParseTemplateBehavior [ RunTime:0.004589s ]
INFO: [ view_parse ] --END-- [ RunTime:0.004610s ]
INFO: [ view_filter ] --START--
INFO: Run Behavior\WriteHtmlCacheBehavior [ RunTime:0.000124s ]
INFO: [ view_filter ] --END-- [ RunTime:0.000142s ]
INFO: [ app_end ] --START--
INFO: Run Behavior\ShowPageTraceBehavior [ RunTime:0.000365s ]
INFO: [ app_end ] --END-- [ RunTime:0.000385s ]

[ 2018-03-22T16:59:38+08:00 ] 119.164.73.79 /index.php/QM_Admin_1216/Mgt/shop
INFO: [ app_init ] --START--
INFO: Run Behavior\BuildLiteBehavior [ RunTime:0.000010s ]
INFO: [ app_init ] --END-- [ RunTime:0.000240s ]
INFO: [ app_begin ] --START--
INFO: Run Behavior\ReadHtmlCacheBehavior [ RunTime:0.000326s ]
INFO: [ app_begin ] --END-- [ RunTime:0.000368s ]
SQL: SHOW COLUMNS FROM `qm_shop` [ RunTime:0.0007s ]
SQL: SELECT * FROM `qm_shop`  [ RunTime:0.0001s ]
INFO: [ view_parse ] --START--
INFO: [ template_filter ] --START--
INFO: Run Behavior\ContentReplaceBehavior [ RunTime:0.000040s ]
INFO: [ template_filter ] --END-- [ RunTime:0.000061s ]
NOTIC: [8] Undefined index: isvip /www/wwwroot/asd.luhanforex.cn/Application/Runtime/Cache/QM_Admin_1216/32e63b65a858ec9695e0e6d9ab6a64ac.php 第 99 行.
NOTIC: [8] Undefined index: isvip /www/wwwroot/asd.luhanforex.cn/Application/Runtime/Cache/QM_Admin_1216/32e63b65a858ec9695e0e6d9ab6a64ac.php 第 99 行.
NOTIC: [8] Undefined index: isvip /www/wwwroot/asd.luhanforex.cn/Application/Runtime/Cache/QM_Admin_1216/32e63b65a858ec9695e0e6d9ab6a64ac.php 第 99 行.
NOTIC: [8] Undefined variable: pageinfo /www/wwwroot/asd.luhanforex.cn/Application/Runtime/Cache/QM_Admin_1216/32e63b65a858ec9695e0e6d9ab6a64ac.php 第 110 行.
INFO: Run Behavior\ParseTemplateBehavior [ RunTime:0.004043s ]
INFO: [ view_parse ] --END-- [ RunTime:0.004059s ]
INFO: [ view_filter ] --START--
INFO: Run Behavior\WriteHtmlCacheBehavior [ RunTime:0.000073s ]
INFO: [ view_filter ] --END-- [ RunTime:0.000084s ]
INFO: [ app_end ] --START--
INFO: Run Behavior\ShowPageTraceBehavior [ RunTime:0.000250s ]
INFO: [ app_end ] --END-- [ RunTime:0.000263s ]

[ 2018-03-22T16:59:41+08:00 ] 119.164.73.79 /index.php/QM_Admin_1216/Mgt/goodsgl
INFO: [ app_init ] --START--
INFO: Run Behavior\BuildLiteBehavior [ RunTime:0.000009s ]
INFO: [ app_init ] --END-- [ RunTime:0.000183s ]
INFO: [ app_begin ] --START--
INFO: Run Behavior\ReadHtmlCacheBehavior [ RunTime:0.000233s ]
INFO: [ app_begin ] --END-- [ RunTime:0.000251s ]
SQL: SHOW COLUMNS FROM `qm_goods` [ RunTime:0.0006s ]
SQL: SELECT COUNT(*) AS tp_Count FROM `qm_goods` LIMIT 1   [ RunTime:0.0000s ]
SQL: SELECT * FROM `qm_goods` ORDER BY id desc LIMIT 0,10   [ RunTime:0.0001s ]
INFO: [ view_parse ] --START--
INFO: [ template_filter ] --START--
INFO: Run Behavior\ContentReplaceBehavior [ RunTime:0.000039s ]
INFO: [ template_filter ] --END-- [ RunTime:0.000056s ]
NOTIC: [8] Undefined variable: res /www/wwwroot/asd.luhanforex.cn/Application/Runtime/Cache/QM_Admin_1216/3f6e2281395a59db8928057002b70f3f.php 第 95 行.
NOTIC: [8] Undefined variable: res /www/wwwroot/asd.luhanforex.cn/Application/Runtime/Cache/QM_Admin_1216/3f6e2281395a59db8928057002b70f3f.php 第 95 行.
NOTIC: [8] Undefined variable: res /www/wwwroot/asd.luhanforex.cn/Application/Runtime/Cache/QM_Admin_1216/3f6e2281395a59db8928057002b70f3f.php 第 95 行.
INFO: Run Behavior\ParseTemplateBehavior [ RunTime:0.003552s ]
INFO: [ view_parse ] --END-- [ RunTime:0.003569s ]
INFO: [ view_filter ] --START--
INFO: Run Behavior\WriteHtmlCacheBehavior [ RunTime:0.000086s ]
INFO: [ view_filter ] --END-- [ RunTime:0.000097s ]
INFO: [ app_end ] --START--
INFO: Run Behavior\ShowPageTraceBehavior [ RunTime:0.000277s ]
INFO: [ app_end ] --END-- [ RunTime:0.000296s ]

[ 2018-03-22T16:59:46+08:00 ] 119.164.73.79 /index.php/QM_Admin_1216/Index/index.html
INFO: [ app_init ] --START--
INFO: Run Behavior\BuildLiteBehavior [ RunTime:0.000006s ]
INFO: [ app_init ] --END-- [ RunTime:0.000177s ]
INFO: [ app_begin ] --START--
INFO: Run Behavior\ReadHtmlCacheBehavior [ RunTime:0.000250s ]
INFO: [ app_begin ] --END-- [ RunTime:0.000268s ]
INFO: [ view_parse ] --START--
INFO: [ template_filter ] --START--
INFO: Run Behavior\ContentReplaceBehavior [ RunTime:0.000088s ]
INFO: [ template_filter ] --END-- [ RunTime:0.000111s ]
INFO: Run Behavior\ParseTemplateBehavior [ RunTime:0.003830s ]
INFO: [ view_parse ] --END-- [ RunTime:0.003847s ]
INFO: [ view_filter ] --START--
INFO: Run Behavior\WriteHtmlCacheBehavior [ RunTime:0.000075s ]
INFO: [ view_filter ] --END-- [ RunTime:0.000086s ]
INFO: [ app_end ] --START--
INFO: Run Behavior\ShowPageTraceBehavior [ RunTime:0.000285s ]
INFO: [ app_end ] --END-- [ RunTime:0.000300s ]

[ 2018-03-22T16:59:46+08:00 ] 119.164.73.79 /index.php/QM_Admin_1216/Index/img/icon/baidu.png
INFO: [ app_init ] --START--
INFO: Run Behavior\BuildLiteBehavior [ RunTime:0.000007s ]
INFO: [ app_init ] --END-- [ RunTime:0.000164s ]

[ 2018-03-22T16:59:46+08:00 ] 119.164.73.79 /index.php/QM_Admin_1216/Index/img/presentation/1.png
INFO: [ app_init ] --START--
INFO: Run Behavior\BuildLiteBehavior [ RunTime:0.000007s ]
INFO: [ app_init ] --END-- [ RunTime:0.000177s ]

[ 2018-03-22T16:59:47+08:00 ] 119.164.73.79 /index.php/QM_Admin_1216/Mgt/partner
INFO: [ app_init ] --START--
INFO: Run Behavior\BuildLiteBehavior [ RunTime:0.000007s ]
INFO: [ app_init ] --END-- [ RunTime:0.000172s ]
INFO: [ app_begin ] --START--
INFO: Run Behavior\ReadHtmlCacheBehavior [ RunTime:0.000219s ]
INFO: [ app_begin ] --END-- [ RunTime:0.000236s ]
SQL: SHOW COLUMNS FROM `qm_website` [ RunTime:0.0004s ]
SQL: SELECT * FROM `qm_website`  [ RunTime:0.0001s ]
INFO: [ view_parse ] --START--
INFO: [ template_filter ] --START--
INFO: Run Behavior\ContentReplaceBehavior [ RunTime:0.000038s ]
INFO: [ template_filter ] --END-- [ RunTime:0.000062s ]
NOTIC: [8] Undefined variable: pageinfo /www/wwwroot/asd.luhanforex.cn/Application/Runtime/Cache/QM_Admin_1216/3a9f9d94fe7052c2ebc8e670bf7dbb8b.php 第 103 行.
INFO: Run Behavior\ParseTemplateBehavior [ RunTime:0.017153s ]
INFO: [ view_parse ] --END-- [ RunTime:0.017172s ]
INFO: [ view_filter ] --START--
INFO: Run Behavior\WriteHtmlCacheBehavior [ RunTime:0.000104s ]
INFO: [ view_filter ] --END-- [ RunTime:0.000121s ]
INFO: [ app_end ] --START--
INFO: Run Behavior\ShowPageTraceBehavior [ RunTime:0.000374s ]
INFO: [ app_end ] --END-- [ RunTime:0.000393s ]

[ 2018-03-22T16:59:50+08:00 ] 119.164.73.79 /index.php/QM_Admin_1216/Mgt/goodsgl
INFO: [ app_init ] --START--
INFO: Run Behavior\BuildLiteBehavior [ RunTime:0.000007s ]
INFO: [ app_init ] --END-- [ RunTime:0.000180s ]
INFO: [ app_begin ] --START--
INFO: Run Behavior\ReadHtmlCacheBehavior [ RunTime:0.000258s ]
INFO: [ app_begin ] --END-- [ RunTime:0.000274s ]
SQL: SHOW COLUMNS FROM `qm_goods` [ RunTime:0.0005s ]
SQL: SELECT COUNT(*) AS tp_Count FROM `qm_goods` LIMIT 1   [ RunTime:0.0000s ]
SQL: SELECT * FROM `qm_goods` ORDER BY id desc LIMIT 0,10   [ RunTime:0.0001s ]
INFO: [ view_parse ] --START--
INFO: [ template_filter ] --START--
INFO: Run Behavior\ContentReplaceBehavior [ RunTime:0.000047s ]
INFO: [ template_filter ] --END-- [ RunTime:0.000068s ]
NOTIC: [8] Undefined variable: res /www/wwwroot/asd.luhanforex.cn/Application/Runtime/Cache/QM_Admin_1216/3f6e2281395a59db8928057002b70f3f.php 第 95 行.
NOTIC: [8] Undefined variable: res /www/wwwroot/asd.luhanforex.cn/Application/Runtime/Cache/QM_Admin_1216/3f6e2281395a59db8928057002b70f3f.php 第 95 行.
NOTIC: [8] Undefined variable: res /www/wwwroot/asd.luhanforex.cn/Application/Runtime/Cache/QM_Admin_1216/3f6e2281395a59db8928057002b70f3f.php 第 95 行.
INFO: Run Behavior\ParseTemplateBehavior [ RunTime:0.003487s ]
INFO: [ view_parse ] --END-- [ RunTime:0.003502s ]
INFO: [ view_filter ] --START--
INFO: Run Behavior\WriteHtmlCacheBehavior [ RunTime:0.000077s ]
INFO: [ view_filter ] --END-- [ RunTime:0.000088s ]
INFO: [ app_end ] --START--
INFO: Run Behavior\ShowPageTraceBehavior [ RunTime:0.000277s ]
INFO: [ app_end ] --END-- [ RunTime:0.000293s ]

[ 2018-03-22T16:59:58+08:00 ] 119.164.73.79 /index.php/QM_Admin_1216/Mgt/sogoods.html
INFO: [ app_init ] --START--
INFO: Run Behavior\BuildLiteBehavior [ RunTime:0.000006s ]
INFO: [ app_init ] --END-- [ RunTime:0.000171s ]
INFO: [ app_begin ] --START--
INFO: Run Behavior\ReadHtmlCacheBehavior [ RunTime:0.000496s ]
INFO: [ app_begin ] --END-- [ RunTime:0.000514s ]
SQL: SHOW COLUMNS FROM `qm_goods` [ RunTime:0.0006s ]
SQL: SELECT COUNT(*) AS tp_Count FROM `qm_goods` WHERE ( user_id= '' ) LIMIT 1   [ RunTime:0.0002s ]
SQL: SELECT * FROM `qm_goods` WHERE ( user_id= '' ) LIMIT 0,5   [ RunTime:0.0002s ]
INFO: [ app_end ] --START--
INFO: Run Behavior\ShowPageTraceBehavior [ RunTime:0.000384s ]
INFO: [ app_end ] --END-- [ RunTime:0.000407s ]

[ 2018-03-22T16:59:58+08:00 ] 119.164.73.79 /index.php/QM_Admin_1216/Mgt/addcp
INFO: [ app_init ] --START--
INFO: Run Behavior\BuildLiteBehavior [ RunTime:0.000006s ]
INFO: [ app_init ] --END-- [ RunTime:0.000175s ]
INFO: [ app_begin ] --START--
INFO: Run Behavior\ReadHtmlCacheBehavior [ RunTime:0.000214s ]
INFO: [ app_begin ] --END-- [ RunTime:0.000235s ]
INFO: [ view_parse ] --START--
INFO: [ template_filter ] --START--
INFO: Run Behavior\ContentReplaceBehavior [ RunTime:0.000041s ]
INFO: [ template_filter ] --END-- [ RunTime:0.000061s ]
INFO: Run Behavior\ParseTemplateBehavior [ RunTime:0.002913s ]
INFO: [ view_parse ] --END-- [ RunTime:0.002932s ]
INFO: [ view_filter ] --START--
INFO: Run Behavior\WriteHtmlCacheBehavior [ RunTime:0.000084s ]
INFO: [ view_filter ] --END-- [ RunTime:0.000095s ]
INFO: [ app_end ] --START--
INFO: Run Behavior\ShowPageTraceBehavior [ RunTime:0.000260s ]
INFO: [ app_end ] --END-- [ RunTime:0.000276s ]

[ 2018-03-22T20:25:16+08:00 ] 183.3.239.164 /index.php/QM_Admin_1216/Index/index.html
INFO: [ app_init ] --START--
INFO: Run Behavior\BuildLiteBehavior [ RunTime:0.000007s ]
INFO: [ app_init ] --END-- [ RunTime:0.000161s ]
INFO: [ app_begin ] --START--
INFO: Run Behavior\ReadHtmlCacheBehavior [ RunTime:0.000199s ]
INFO: [ app_begin ] --END-- [ RunTime:0.000215s ]
NOTIC: [8] Undefined index: id /www/wwwroot/asd.luhanforex.cn/Application/QM_Admin_1216/Controller/IndexController.class.php 第 6 行.
INFO: [ view_parse ] --START--
INFO: [ template_filter ] --START--
INFO: Run Behavior\ContentReplaceBehavior [ RunTime:0.000015s ]
INFO: [ template_filter ] --END-- [ RunTime:0.000029s ]
INFO: Run Behavior\ParseTemplateBehavior [ RunTime:0.002167s ]
INFO: [ view_parse ] --END-- [ RunTime:0.002182s ]
INFO: [ view_filter ] --START--
INFO: Run Behavior\WriteHtmlCacheBehavior [ RunTime:0.000068s ]
INFO: [ view_filter ] --END-- [ RunTime:0.000080s ]
INFO: [ app_end ] --START--
INFO: Run Behavior\ShowPageTraceBehavior [ RunTime:0.000223s ]
INFO: [ app_end ] --END-- [ RunTime:0.000236s ]

[ 2018-03-22T20:25:16+08:00 ] 183.57.53.222 /index.php/QM_Admin_1216/Index/index.html
INFO: [ app_init ] --START--
INFO: Run Behavior\BuildLiteBehavior [ RunTime:0.000008s ]
INFO: [ app_init ] --END-- [ RunTime:0.000168s ]
INFO: [ app_begin ] --START--
INFO: Run Behavior\ReadHtmlCacheBehavior [ RunTime:0.000206s ]
INFO: [ app_begin ] --END-- [ RunTime:0.000222s ]
NOTIC: [8] Undefined index: id /www/wwwroot/asd.luhanforex.cn/Application/QM_Admin_1216/Controller/IndexController.class.php 第 6 行.
INFO: [ view_parse ] --START--
INFO: [ template_filter ] --START--
INFO: Run Behavior\ContentReplaceBehavior [ RunTime:0.000022s ]
INFO: [ template_filter ] --END-- [ RunTime:0.000039s ]
INFO: Run Behavior\ParseTemplateBehavior [ RunTime:0.002216s ]
INFO: [ view_parse ] --END-- [ RunTime:0.002230s ]
INFO: [ view_filter ] --START--
INFO: Run Behavior\WriteHtmlCacheBehavior [ RunTime:0.000067s ]
INFO: [ view_filter ] --END-- [ RunTime:0.000077s ]
INFO: [ app_end ] --START--
INFO: Run Behavior\ShowPageTraceBehavior [ RunTime:0.000242s ]
INFO: [ app_end ] --END-- [ RunTime:0.000256s ]

[ 2018-03-22T20:25:58+08:00 ] 119.164.73.79 /index.php/QM_Admin_1216/Mgt/partner
INFO: [ app_init ] --START--
INFO: Run Behavior\BuildLiteBehavior [ RunTime:0.000007s ]
INFO: [ app_init ] --END-- [ RunTime:0.000160s ]
INFO: [ app_begin ] --START--
INFO: Run Behavior\ReadHtmlCacheBehavior [ RunTime:0.000202s ]
INFO: [ app_begin ] --END-- [ RunTime:0.000217s ]
SQL: SHOW COLUMNS FROM `qm_website` [ RunTime:0.0005s ]
SQL: SELECT * FROM `qm_website`  [ RunTime:0.0001s ]
INFO: [ view_parse ] --START--
INFO: [ template_filter ] --START--
INFO: Run Behavior\ContentReplaceBehavior [ RunTime:0.000036s ]
INFO: [ template_filter ] --END-- [ RunTime:0.000054s ]
NOTIC: [8] Undefined variable: pageinfo /www/wwwroot/asd.luhanforex.cn/Application/Runtime/Cache/QM_Admin_1216/3a9f9d94fe7052c2ebc8e670bf7dbb8b.php 第 103 行.
INFO: Run Behavior\ParseTemplateBehavior [ RunTime:0.003002s ]
INFO: [ view_parse ] --END-- [ RunTime:0.003017s ]
INFO: [ view_filter ] --START--
INFO: Run Behavior\WriteHtmlCacheBehavior [ RunTime:0.000074s ]
INFO: [ view_filter ] --END-- [ RunTime:0.000085s ]
INFO: [ app_end ] --START--
INFO: Run Behavior\ShowPageTraceBehavior [ RunTime:0.000251s ]
INFO: [ app_end ] --END-- [ RunTime:0.000266s ]

[ 2018-03-22T20:25:59+08:00 ] 119.164.73.79 /index.php/QM_Admin_1216/Mgt/goodsgl
INFO: [ app_init ] --START--
INFO: Run Behavior\BuildLiteBehavior [ RunTime:0.000011s ]
INFO: [ app_init ] --END-- [ RunTime:0.000252s ]
INFO: [ app_begin ] --START--
INFO: Run Behavior\ReadHtmlCacheBehavior [ RunTime:0.000360s ]
INFO: [ app_begin ] --END-- [ RunTime:0.000384s ]
SQL: SHOW COLUMNS FROM `qm_goods` [ RunTime:0.0008s ]
SQL: SELECT COUNT(*) AS tp_Count FROM `qm_goods` LIMIT 1   [ RunTime:0.0001s ]
SQL: SELECT * FROM `qm_goods` ORDER BY id desc LIMIT 0,10   [ RunTime:0.0003s ]
INFO: [ view_parse ] --START--
INFO: [ template_filter ] --START--
INFO: Run Behavior\ContentReplaceBehavior [ RunTime:0.000053s ]
INFO: [ template_filter ] --END-- [ RunTime:0.000082s ]
NOTIC: [8] Undefined variable: res /www/wwwroot/asd.luhanforex.cn/Application/Runtime/Cache/QM_Admin_1216/3f6e2281395a59db8928057002b70f3f.php 第 95 行.
NOTIC: [8] Undefined variable: res /www/wwwroot/asd.luhanforex.cn/Application/Runtime/Cache/QM_Admin_1216/3f6e2281395a59db8928057002b70f3f.php 第 95 行.
NOTIC: [8] Undefined variable: res /www/wwwroot/asd.luhanforex.cn/Application/Runtime/Cache/QM_Admin_1216/3f6e2281395a59db8928057002b70f3f.php 第 95 行.
INFO: Run Behavior\ParseTemplateBehavior [ RunTime:0.004866s ]
INFO: [ view_parse ] --END-- [ RunTime:0.004888s ]
INFO: [ view_filter ] --START--
INFO: Run Behavior\WriteHtmlCacheBehavior [ RunTime:0.000108s ]
INFO: [ view_filter ] --END-- [ RunTime:0.000126s ]
INFO: [ app_end ] --START--
INFO: Run Behavior\ShowPageTraceBehavior [ RunTime:0.000381s ]
INFO: [ app_end ] --END-- [ RunTime:0.000403s ]

[ 2018-03-22T20:27:10+08:00 ] 61.151.178.171 /index.php/QM_Admin_1216/Index/index.html
INFO: [ app_init ] --START--
INFO: Run Behavior\BuildLiteBehavior [ RunTime:0.000009s ]
INFO: [ app_init ] --END-- [ RunTime:0.000236s ]
INFO: [ app_begin ] --START--
INFO: Run Behavior\ReadHtmlCacheBehavior [ RunTime:0.000338s ]
INFO: [ app_begin ] --END-- [ RunTime:0.000359s ]
NOTIC: [8] Undefined index: id /www/wwwroot/asd.luhanforex.cn/Application/QM_Admin_1216/Controller/IndexController.class.php 第 6 行.
INFO: [ view_parse ] --START--
INFO: [ template_filter ] --START--
INFO: Run Behavior\ContentReplaceBehavior [ RunTime:0.000021s ]
INFO: [ template_filter ] --END-- [ RunTime:0.000041s ]
INFO: Run Behavior\ParseTemplateBehavior [ RunTime:0.003336s ]
INFO: [ view_parse ] --END-- [ RunTime:0.003354s ]
INFO: [ view_filter ] --START--
INFO: Run Behavior\WriteHtmlCacheBehavior [ RunTime:0.000087s ]
INFO: [ view_filter ] --END-- [ RunTime:0.000100s ]
INFO: [ app_end ] --START--
INFO: Run Behavior\ShowPageTraceBehavior [ RunTime:0.000343s ]
INFO: [ app_end ] --END-- [ RunTime:0.000370s ]

[ 2018-03-22T20:29:04+08:00 ] 112.224.1.177 /index.php/QM_Admin_1216/Index/index.html
INFO: [ app_init ] --START--
INFO: Run Behavior\BuildLiteBehavior [ RunTime:0.000006s ]
INFO: [ app_init ] --END-- [ RunTime:0.000156s ]
INFO: [ app_begin ] --START--
INFO: Run Behavior\ReadHtmlCacheBehavior [ RunTime:0.000196s ]
INFO: [ app_begin ] --END-- [ RunTime:0.000212s ]
NOTIC: [8] Undefined index: id /www/wwwroot/asd.luhanforex.cn/Application/QM_Admin_1216/Controller/IndexController.class.php 第 6 行.
INFO: [ view_parse ] --START--
INFO: [ template_filter ] --START--
INFO: Run Behavior\ContentReplaceBehavior [ RunTime:0.000015s ]
INFO: [ template_filter ] --END-- [ RunTime:0.000047s ]
INFO: Run Behavior\ParseTemplateBehavior [ RunTime:0.002202s ]
INFO: [ view_parse ] --END-- [ RunTime:0.002216s ]
INFO: [ view_filter ] --START--
INFO: Run Behavior\WriteHtmlCacheBehavior [ RunTime:0.000067s ]
INFO: [ view_filter ] --END-- [ RunTime:0.000078s ]
INFO: [ app_end ] --START--
INFO: Run Behavior\ShowPageTraceBehavior [ RunTime:0.000222s ]
INFO: [ app_end ] --END-- [ RunTime:0.000235s ]

[ 2018-03-22T20:29:07+08:00 ] 112.224.1.177 /index.php/QM_Admin_1216/Login/login.html
INFO: [ app_init ] --START--
INFO: Run Behavior\BuildLiteBehavior [ RunTime:0.000007s ]
INFO: [ app_init ] --END-- [ RunTime:0.000189s ]
INFO: [ app_begin ] --START--
INFO: Run Behavior\ReadHtmlCacheBehavior [ RunTime:0.000223s ]
INFO: [ app_begin ] --END-- [ RunTime:0.000243s ]
INFO: [ view_parse ] --START--
INFO: [ template_filter ] --START--
INFO: Run Behavior\ContentReplaceBehavior [ RunTime:0.000022s ]
INFO: [ template_filter ] --END-- [ RunTime:0.000040s ]
INFO: Run Behavior\ParseTemplateBehavior [ RunTime:0.003680s ]
INFO: [ view_parse ] --END-- [ RunTime:0.003698s ]
INFO: [ view_filter ] --START--
INFO: Run Behavior\WriteHtmlCacheBehavior [ RunTime:0.000069s ]
INFO: [ view_filter ] --END-- [ RunTime:0.000080s ]
INFO: [ app_end ] --START--
INFO: Run Behavior\ShowPageTraceBehavior [ RunTime:0.000265s ]
INFO: [ app_end ] --END-- [ RunTime:0.000280s ]

[ 2018-03-22T20:29:08+08:00 ] 183.57.53.197 /index.php/QM_Admin_1216/Login/login.html
INFO: [ app_init ] --START--
INFO: Run Behavior\BuildLiteBehavior [ RunTime:0.000006s ]
INFO: [ app_init ] --END-- [ RunTime:0.000165s ]
INFO: [ app_begin ] --START--
INFO: Run Behavior\ReadHtmlCacheBehavior [ RunTime:0.000214s ]
INFO: [ app_begin ] --END-- [ RunTime:0.000230s ]
INFO: [ view_parse ] --START--
INFO: [ template_filter ] --START--
INFO: Run Behavior\ContentReplaceBehavior [ RunTime:0.000025s ]
INFO: [ template_filter ] --END-- [ RunTime:0.000042s ]
INFO: Run Behavior\ParseTemplateBehavior [ RunTime:0.002339s ]
INFO: [ view_parse ] --END-- [ RunTime:0.002353s ]
INFO: [ view_filter ] --START--
INFO: Run Behavior\WriteHtmlCacheBehavior [ RunTime:0.000070s ]
INFO: [ view_filter ] --END-- [ RunTime:0.000080s ]
INFO: [ app_end ] --START--
INFO: Run Behavior\ShowPageTraceBehavior [ RunTime:0.000241s ]
INFO: [ app_end ] --END-- [ RunTime:0.000254s ]

[ 2018-03-22T20:29:45+08:00 ] 112.224.1.177 /index.php/QM_Admin_1216/Index/index.html
INFO: [ app_init ] --START--
INFO: Run Behavior\BuildLiteBehavior [ RunTime:0.000007s ]
INFO: [ app_init ] --END-- [ RunTime:0.000167s ]
INFO: [ app_begin ] --START--
INFO: Run Behavior\ReadHtmlCacheBehavior [ RunTime:0.000215s ]
INFO: [ app_begin ] --END-- [ RunTime:0.000231s ]
NOTIC: [8] Undefined index: id /www/wwwroot/asd.luhanforex.cn/Application/QM_Admin_1216/Controller/IndexController.class.php 第 6 行.
INFO: [ view_parse ] --START--
INFO: [ template_filter ] --START--
INFO: Run Behavior\ContentReplaceBehavior [ RunTime:0.000020s ]
INFO: [ template_filter ] --END-- [ RunTime:0.000039s ]
INFO: Run Behavior\ParseTemplateBehavior [ RunTime:0.002280s ]
INFO: [ view_parse ] --END-- [ RunTime:0.002294s ]
INFO: [ view_filter ] --START--
INFO: Run Behavior\WriteHtmlCacheBehavior [ RunTime:0.000068s ]
INFO: [ view_filter ] --END-- [ RunTime:0.000079s ]
INFO: [ app_end ] --START--
INFO: Run Behavior\ShowPageTraceBehavior [ RunTime:0.000236s ]
INFO: [ app_end ] --END-- [ RunTime:0.000252s ]

[ 2018-03-22T20:29:49+08:00 ] 112.224.1.177 /index.php/QM_Admin_1216/Login/login.html
INFO: [ app_init ] --START--
INFO: Run Behavior\BuildLiteBehavior [ RunTime:0.000010s ]
INFO: [ app_init ] --END-- [ RunTime:0.000231s ]
INFO: [ app_begin ] --START--
INFO: Run Behavior\ReadHtmlCacheBehavior [ RunTime:0.000243s ]
INFO: [ app_begin ] --END-- [ RunTime:0.000260s ]
INFO: [ view_parse ] --START--
INFO: [ template_filter ] --START--
INFO: Run Behavior\ContentReplaceBehavior [ RunTime:0.000033s ]
INFO: [ template_filter ] --END-- [ RunTime:0.000058s ]
INFO: Run Behavior\ParseTemplateBehavior [ RunTime:0.002770s ]
INFO: [ view_parse ] --END-- [ RunTime:0.002790s ]
INFO: [ view_filter ] --START--
INFO: Run Behavior\WriteHtmlCacheBehavior [ RunTime:0.000093s ]
INFO: [ view_filter ] --END-- [ RunTime:0.000108s ]
INFO: [ app_end ] --START--
INFO: Run Behavior\ShowPageTraceBehavior [ RunTime:0.000331s ]
INFO: [ app_end ] --END-- [ RunTime:0.000349s ]

