[ 2018-06-30T10:14:20+08:00 ] 27.211.61.115 /index.php/JRapp/Mgt/qczy
INFO: [ app_init ] --START--
INFO: Run Behavior\BuildLiteBehavior [ RunTime:0.000044s ]
INFO: [ app_init ] --END-- [ RunTime:0.000351s ]
INFO: [ app_begin ] --START--
INFO: Run Behavior\ReadHtmlCacheBehavior [ RunTime:0.000424s ]
INFO: [ app_begin ] --END-- [ RunTime:0.000460s ]

[ 2018-06-30T10:15:20+08:00 ] 27.211.61.115 /index.php/JRapp/Mgt/qczy
INFO: [ app_init ] --START--
INFO: Run Behavior\BuildLiteBehavior [ RunTime:0.000011s ]
INFO: [ app_init ] --END-- [ RunTime:0.000279s ]
INFO: [ app_begin ] --START--
INFO: Run Behavior\ReadHtmlCacheBehavior [ RunTime:0.000332s ]
INFO: [ app_begin ] --END-- [ RunTime:0.000357s ]

[ 2018-06-30T10:30:56+08:00 ] 27.211.61.115 /index.php/JRapp/Index/index.html
INFO: [ app_init ] --START--
INFO: Run Behavior\BuildLiteBehavior [ RunTime:0.000008s ]
INFO: [ app_init ] --END-- [ RunTime:0.000196s ]
INFO: [ app_begin ] --START--
INFO: Run Behavior\ReadHtmlCacheBehavior [ RunTime:0.000210s ]
INFO: [ app_begin ] --END-- [ RunTime:0.000226s ]
SQL: SHOW COLUMNS FROM `qm_adminus` [ RunTime:0.0005s ]
SQL: SELECT `role_id` FROM `qm_adminus` WHERE `id` = 1 LIMIT 1   [ RunTime:0.0000s ]
SQL: SHOW COLUMNS FROM `qm_role_right` [ RunTime:0.0002s ]
SQL: SELECT `right_id` FROM `qm_role_right` WHERE ( role_id='1' )  [ RunTime:0.0000s ]
SQL: SHOW COLUMNS FROM `qm_right` [ RunTime:0.0002s ]
SQL: SELECT * FROM `qm_right` WHERE ( id in ('20','19','11','10','9','8','7','6','5','4','3','2','1','21') and parent_id=0 )  [ RunTime:0.0002s ]
SQL: SELECT * FROM `qm_right` WHERE ( id in ('20','19','11','10','9','8','7','6','5','4','3','2','1','21') and parent_id>0 )  [ RunTime:0.0001s ]
INFO: [ view_parse ] --START--
INFO: [ template_filter ] --START--
INFO: Run Behavior\ContentReplaceBehavior [ RunTime:0.000079s ]
INFO: [ template_filter ] --END-- [ RunTime:0.000108s ]
INFO: Run Behavior\ParseTemplateBehavior [ RunTime:0.016666s ]
INFO: [ view_parse ] --END-- [ RunTime:0.016693s ]
INFO: [ view_filter ] --START--
INFO: Run Behavior\WriteHtmlCacheBehavior [ RunTime:0.001023s ]
INFO: [ view_filter ] --END-- [ RunTime:0.001038s ]
INFO: [ app_end ] --START--
INFO: Run Behavior\ShowPageTraceBehavior [ RunTime:0.000691s ]
INFO: [ app_end ] --END-- [ RunTime:0.000708s ]

[ 2018-06-30T10:30:56+08:00 ] 27.211.61.115 /index.php/JRapp/Index/img/icon/baidu.png
INFO: [ app_init ] --START--
INFO: Run Behavior\BuildLiteBehavior [ RunTime:0.000008s ]
INFO: [ app_init ] --END-- [ RunTime:0.000220s ]

[ 2018-06-30T10:30:56+08:00 ] 27.211.61.115 /index.php/JRapp/Index/img/presentation/1.png
INFO: [ app_init ] --START--
INFO: Run Behavior\BuildLiteBehavior [ RunTime:0.000008s ]
INFO: [ app_init ] --END-- [ RunTime:0.000369s ]

[ 2018-06-30T10:30:56+08:00 ] 27.211.61.115 /index.php/JRapp/Rermissions/index
INFO: [ app_init ] --START--
INFO: Run Behavior\BuildLiteBehavior [ RunTime:0.000009s ]
INFO: [ app_init ] --END-- [ RunTime:0.000236s ]
INFO: [ app_begin ] --START--
INFO: Run Behavior\ReadHtmlCacheBehavior [ RunTime:0.000325s ]
INFO: [ app_begin ] --END-- [ RunTime:0.000348s ]
SQL: SHOW COLUMNS FROM `qm_adminus` [ RunTime:0.0004s ]
SQL: SELECT * FROM `qm_adminus`  [ RunTime:0.0000s ]
SQL: SHOW COLUMNS FROM `qm_role` [ RunTime:0.0003s ]
SQL: SELECT `name` FROM `qm_role` WHERE ( id='1' ) LIMIT 1   [ RunTime:0.0000s ]
SQL: SELECT `name` FROM `qm_role` WHERE ( id='1' ) LIMIT 1   [ RunTime:0.0000s ]
SQL: SELECT `name` FROM `qm_role` WHERE ( id='2' ) LIMIT 1   [ RunTime:0.0000s ]
INFO: [ view_parse ] --START--
INFO: [ template_filter ] --START--
INFO: Run Behavior\ContentReplaceBehavior [ RunTime:0.000030s ]
INFO: [ template_filter ] --END-- [ RunTime:0.000051s ]
NOTIC: [8] Undefined variable: page /www/wwwroot/dai.juhuaian.cn/Application/Runtime/Cache/JRapp/c2d84055a6870fdaa822439eda018064.php 第 56 行.
INFO: Run Behavior\ParseTemplateBehavior [ RunTime:0.003516s ]
INFO: [ view_parse ] --END-- [ RunTime:0.003534s ]
INFO: [ view_filter ] --START--
INFO: Run Behavior\WriteHtmlCacheBehavior [ RunTime:0.000077s ]
INFO: [ view_filter ] --END-- [ RunTime:0.000087s ]
INFO: [ app_end ] --START--
INFO: Run Behavior\ShowPageTraceBehavior [ RunTime:0.000284s ]
INFO: [ app_end ] --END-- [ RunTime:0.000297s ]

[ 2018-06-30T10:30:58+08:00 ] 27.211.61.115 /index.php/JRapp/Rermissions/role
INFO: [ app_init ] --START--
INFO: Run Behavior\BuildLiteBehavior [ RunTime:0.000009s ]
INFO: [ app_init ] --END-- [ RunTime:0.000258s ]
INFO: [ app_begin ] --START--
INFO: Run Behavior\ReadHtmlCacheBehavior [ RunTime:0.000301s ]
INFO: [ app_begin ] --END-- [ RunTime:0.000322s ]
SQL: SHOW COLUMNS FROM `qm_role` [ RunTime:0.0003s ]
SQL: SELECT * FROM `qm_role`  [ RunTime:0.0001s ]
INFO: [ view_parse ] --START--
INFO: [ template_filter ] --START--
INFO: Run Behavior\ContentReplaceBehavior [ RunTime:0.000030s ]
INFO: [ template_filter ] --END-- [ RunTime:0.000052s ]
NOTIC: [8] Undefined variable: page /www/wwwroot/dai.juhuaian.cn/Application/Runtime/Cache/JRapp/2299af16d82394bc94b3bbab182d8ae8.php 第 49 行.
INFO: Run Behavior\ParseTemplateBehavior [ RunTime:0.003612s ]
INFO: [ view_parse ] --END-- [ RunTime:0.003628s ]
INFO: [ view_filter ] --START--
INFO: Run Behavior\WriteHtmlCacheBehavior [ RunTime:0.000094s ]
INFO: [ view_filter ] --END-- [ RunTime:0.000107s ]
INFO: [ app_end ] --START--
INFO: Run Behavior\ShowPageTraceBehavior [ RunTime:0.000271s ]
INFO: [ app_end ] --END-- [ RunTime:0.000285s ]

[ 2018-06-30T10:30:59+08:00 ] 27.211.61.115 /index.php/JRapp/Rermissions/allotment_qx/id/1
INFO: [ app_init ] --START--
INFO: Run Behavior\BuildLiteBehavior [ RunTime:0.000007s ]
INFO: [ app_init ] --END-- [ RunTime:0.000171s ]
INFO: [ app_begin ] --START--
INFO: Run Behavior\ReadHtmlCacheBehavior [ RunTime:0.000215s ]
INFO: [ app_begin ] --END-- [ RunTime:0.000231s ]
SQL: SHOW COLUMNS FROM `qm_role` [ RunTime:0.0004s ]
SQL: SELECT * FROM `qm_role` WHERE ( id='1' ) LIMIT 1   [ RunTime:0.0001s ]
SQL: SHOW COLUMNS FROM `qm_right` [ RunTime:0.0003s ]
SQL: SELECT * FROM `qm_right` WHERE ( parent_id=0 )  [ RunTime:0.0001s ]
SQL: SELECT * FROM `qm_right` WHERE ( parent_id='1' )  [ RunTime:0.0001s ]
SQL: SELECT * FROM `qm_right` WHERE ( parent_id='2' )  [ RunTime:0.0001s ]
SQL: SELECT * FROM `qm_right` WHERE ( parent_id='3' )  [ RunTime:0.0001s ]
SQL: SELECT * FROM `qm_right` WHERE ( parent_id='4' )  [ RunTime:0.0001s ]
SQL: SELECT * FROM `qm_right` WHERE ( parent_id='5' )  [ RunTime:0.0001s ]
SQL: SELECT * FROM `qm_right` WHERE ( parent_id='6' )  [ RunTime:0.0001s ]
SQL: SELECT * FROM `qm_right` WHERE ( parent_id='7' )  [ RunTime:0.0001s ]
SQL: SELECT * FROM `qm_right` WHERE ( parent_id='8' )  [ RunTime:0.0001s ]
SQL: SELECT * FROM `qm_right` WHERE ( parent_id='9' )  [ RunTime:0.0001s ]
SQL: SELECT * FROM `qm_right` WHERE ( parent_id='10' )  [ RunTime:0.0001s ]
SQL: SELECT * FROM `qm_right` WHERE ( parent_id='11' )  [ RunTime:0.0001s ]
SQL: SELECT * FROM `qm_right` WHERE ( parent_id='12' )  [ RunTime:0.0001s ]
SQL: SELECT * FROM `qm_right` WHERE ( parent_id='13' )  [ RunTime:0.0001s ]
SQL: SELECT * FROM `qm_right` WHERE ( parent_id='14' )  [ RunTime:0.0001s ]
SQL: SELECT * FROM `qm_right` WHERE ( parent_id='19' )  [ RunTime:0.0001s ]
SQL: SELECT * FROM `qm_right` WHERE ( parent_id='22' )  [ RunTime:0.0001s ]
SQL: SHOW COLUMNS FROM `qm_role_right` [ RunTime:0.0004s ]
SQL: SELECT * FROM `qm_role_right` WHERE ( role_id='1' )  [ RunTime:0.0000s ]
INFO: [ view_parse ] --START--
INFO: [ template_filter ] --START--
INFO: Run Behavior\ContentReplaceBehavior [ RunTime:0.000029s ]
INFO: [ template_filter ] --END-- [ RunTime:0.000048s ]
NOTIC: [2] Use of undefined constant parent - assumed 'parent' (this will throw an Error in a future version of PHP) /www/wwwroot/dai.juhuaian.cn/Application/Runtime/Cache/JRapp/e179b6aac82f033f9f6ee01db6876b6b.php 第 33 行.
NOTIC: [2] Use of undefined constant parent - assumed 'parent' (this will throw an Error in a future version of PHP) /www/wwwroot/dai.juhuaian.cn/Application/Runtime/Cache/JRapp/e179b6aac82f033f9f6ee01db6876b6b.php 第 33 行.
NOTIC: [2] Use of undefined constant parent - assumed 'parent' (this will throw an Error in a future version of PHP) /www/wwwroot/dai.juhuaian.cn/Application/Runtime/Cache/JRapp/e179b6aac82f033f9f6ee01db6876b6b.php 第 33 行.
NOTIC: [2] Use of undefined constant parent - assumed 'parent' (this will throw an Error in a future version of PHP) /www/wwwroot/dai.juhuaian.cn/Application/Runtime/Cache/JRapp/e179b6aac82f033f9f6ee01db6876b6b.php 第 33 行.
NOTIC: [2] Use of undefined constant parent - assumed 'parent' (this will throw an Error in a future version of PHP) /www/wwwroot/dai.juhuaian.cn/Application/Runtime/Cache/JRapp/e179b6aac82f033f9f6ee01db6876b6b.php 第 33 行.
NOTIC: [2] Use of undefined constant parent - assumed 'parent' (this will throw an Error in a future version of PHP) /www/wwwroot/dai.juhuaian.cn/Application/Runtime/Cache/JRapp/e179b6aac82f033f9f6ee01db6876b6b.php 第 33 行.
NOTIC: [2] Use of undefined constant parent - assumed 'parent' (this will throw an Error in a future version of PHP) /www/wwwroot/dai.juhuaian.cn/Application/Runtime/Cache/JRapp/e179b6aac82f033f9f6ee01db6876b6b.php 第 33 行.
NOTIC: [2] Use of undefined constant parent - assumed 'parent' (this will throw an Error in a future version of PHP) /www/wwwroot/dai.juhuaian.cn/Application/Runtime/Cache/JRapp/e179b6aac82f033f9f6ee01db6876b6b.php 第 33 行.
NOTIC: [2] Use of undefined constant parent - assumed 'parent' (this will throw an Error in a future version of PHP) /www/wwwroot/dai.juhuaian.cn/Application/Runtime/Cache/JRapp/e179b6aac82f033f9f6ee01db6876b6b.php 第 33 行.
NOTIC: [2] Use of undefined constant parent - assumed 'parent' (this will throw an Error in a future version of PHP) /www/wwwroot/dai.juhuaian.cn/Application/Runtime/Cache/JRapp/e179b6aac82f033f9f6ee01db6876b6b.php 第 33 行.
NOTIC: [2] Use of undefined constant parent - assumed 'parent' (this will throw an Error in a future version of PHP) /www/wwwroot/dai.juhuaian.cn/Application/Runtime/Cache/JRapp/e179b6aac82f033f9f6ee01db6876b6b.php 第 33 行.
NOTIC: [2] Use of undefined constant parent - assumed 'parent' (this will throw an Error in a future version of PHP) /www/wwwroot/dai.juhuaian.cn/Application/Runtime/Cache/JRapp/e179b6aac82f033f9f6ee01db6876b6b.php 第 33 行.
NOTIC: [2] Use of undefined constant parent - assumed 'parent' (this will throw an Error in a future version of PHP) /www/wwwroot/dai.juhuaian.cn/Application/Runtime/Cache/JRapp/e179b6aac82f033f9f6ee01db6876b6b.php 第 33 行.
NOTIC: [2] Use of undefined constant parent - assumed 'parent' (this will throw an Error in a future version of PHP) /www/wwwroot/dai.juhuaian.cn/Application/Runtime/Cache/JRapp/e179b6aac82f033f9f6ee01db6876b6b.php 第 33 行.
NOTIC: [2] Use of undefined constant parent - assumed 'parent' (this will throw an Error in a future version of PHP) /www/wwwroot/dai.juhuaian.cn/Application/Runtime/Cache/JRapp/e179b6aac82f033f9f6ee01db6876b6b.php 第 33 行.
NOTIC: [2] Use of undefined constant parent - assumed 'parent' (this will throw an Error in a future version of PHP) /www/wwwroot/dai.juhuaian.cn/Application/Runtime/Cache/JRapp/e179b6aac82f033f9f6ee01db6876b6b.php 第 33 行.
NOTIC: [2] Use of undefined constant parent - assumed 'parent' (this will throw an Error in a future version of PHP) /www/wwwroot/dai.juhuaian.cn/Application/Runtime/Cache/JRapp/e179b6aac82f033f9f6ee01db6876b6b.php 第 33 行.
NOTIC: [2] Use of undefined constant parent - assumed 'parent' (this will throw an Error in a future version of PHP) /www/wwwroot/dai.juhuaian.cn/Application/Runtime/Cache/JRapp/e179b6aac82f033f9f6ee01db6876b6b.php 第 33 行.
NOTIC: [2] Use of undefined constant parent - assumed 'parent' (this will throw an Error in a future version of PHP) /www/wwwroot/dai.juhuaian.cn/Application/Runtime/Cache/JRapp/e179b6aac82f033f9f6ee01db6876b6b.php 第 33 行.
NOTIC: [2] Use of undefined constant parent - assumed 'parent' (this will throw an Error in a future version of PHP) /www/wwwroot/dai.juhuaian.cn/Application/Runtime/Cache/JRapp/e179b6aac82f033f9f6ee01db6876b6b.php 第 33 行.
NOTIC: [2] Use of undefined constant parent - assumed 'parent' (this will throw an Error in a future version of PHP) /www/wwwroot/dai.juhuaian.cn/Application/Runtime/Cache/JRapp/e179b6aac82f033f9f6ee01db6876b6b.php 第 33 行.
NOTIC: [2] Use of undefined constant parent - assumed 'parent' (this will throw an Error in a future version of PHP) /www/wwwroot/dai.juhuaian.cn/Application/Runtime/Cache/JRapp/e179b6aac82f033f9f6ee01db6876b6b.php 第 33 行.
NOTIC: [2] Use of undefined constant parent - assumed 'parent' (this will throw an Error in a future version of PHP) /www/wwwroot/dai.juhuaian.cn/Application/Runtime/Cache/JRapp/e179b6aac82f033f9f6ee01db6876b6b.php 第 33 行.
NOTIC: [2] Use of undefined constant parent - assumed 'parent' (this will throw an Error in a future version of PHP) /www/wwwroot/dai.juhuaian.cn/Application/Runtime/Cache/JRapp/e179b6aac82f033f9f6ee01db6876b6b.php 第 33 行.
NOTIC: [2] Use of undefined constant parent - assumed 'parent' (this will throw an Error in a future version of PHP) /www/wwwroot/dai.juhuaian.cn/Application/Runtime/Cache/JRapp/e179b6aac82f033f9f6ee01db6876b6b.php 第 33 行.
NOTIC: [2] Use of undefined constant parent - assumed 'parent' (this will throw an Error in a future version of PHP) /www/wwwroot/dai.juhuaian.cn/Application/Runtime/Cache/JRapp/e179b6aac82f033f9f6ee01db6876b6b.php 第 33 行.
NOTIC: [2] Use of undefined constant parent - assumed 'parent' (this will throw an Error in a future version of PHP) /www/wwwroot/dai.juhuaian.cn/Application/Runtime/Cache/JRapp/e179b6aac82f033f9f6ee01db6876b6b.php 第 33 行.
NOTIC: [2] Use of undefined constant parent - assumed 'parent' (this will throw an Error in a future version of PHP) /www/wwwroot/dai.juhuaian.cn/Application/Runtime/Cache/JRapp/e179b6aac82f033f9f6ee01db6876b6b.php 第 33 行.
NOTIC: [2] Use of undefined constant parent - assumed 'parent' (this will throw an Error in a future version of PHP) /www/wwwroot/dai.juhuaian.cn/Application/Runtime/Cache/JRapp/e179b6aac82f033f9f6ee01db6876b6b.php 第 33 行.
NOTIC: [2] Use of undefined constant parent - assumed 'parent' (this will throw an Error in a future version of PHP) /www/wwwroot/dai.juhuaian.cn/Application/Runtime/Cache/JRapp/e179b6aac82f033f9f6ee01db6876b6b.php 第 33 行.
NOTIC: [2] Use of undefined constant parent - assumed 'parent' (this will throw an Error in a future version of PHP) /www/wwwroot/dai.juhuaian.cn/Application/Runtime/Cache/JRapp/e179b6aac82f033f9f6ee01db6876b6b.php 第 33 行.
NOTIC: [2] Use of undefined constant parent - assumed 'parent' (this will throw an Error in a future version of PHP) /www/wwwroot/dai.juhuaian.cn/Application/Runtime/Cache/JRapp/e179b6aac82f033f9f6ee01db6876b6b.php 第 33 行.
INFO: Run Behavior\ParseTemplateBehavior [ RunTime:0.004426s ]
INFO: [ view_parse ] --END-- [ RunTime:0.004441s ]
INFO: [ view_filter ] --START--
INFO: Run Behavior\WriteHtmlCacheBehavior [ RunTime:0.000075s ]
INFO: [ view_filter ] --END-- [ RunTime:0.000087s ]
INFO: [ app_end ] --START--
INFO: Run Behavior\ShowPageTraceBehavior [ RunTime:0.000261s ]
INFO: [ app_end ] --END-- [ RunTime:0.000274s ]

[ 2018-06-30T10:31:09+08:00 ] 27.211.61.115 /index.php/JRapp/Rermissions/addpermissions
INFO: [ app_init ] --START--
INFO: Run Behavior\BuildLiteBehavior [ RunTime:0.000008s ]
INFO: [ app_init ] --END-- [ RunTime:0.000178s ]
INFO: [ app_begin ] --START--
INFO: Run Behavior\ReadHtmlCacheBehavior [ RunTime:0.000242s ]
INFO: [ app_begin ] --END-- [ RunTime:0.000259s ]
SQL: SHOW COLUMNS FROM `qm_role_right` [ RunTime:0.0004s ]
SQL: DELETE FROM `qm_role_right` WHERE ( role_id='1' ) [ RunTime:0.0006s ]
SQL: INSERT INTO `qm_role_right` (`role_id`,`right_id`) VALUES ('1','1') [ RunTime:0.0002s ]
SQL: INSERT INTO `qm_role_right` (`role_id`,`right_id`) VALUES ('1','2') [ RunTime:0.0002s ]
SQL: INSERT INTO `qm_role_right` (`role_id`,`right_id`) VALUES ('1','3') [ RunTime:0.0001s ]
SQL: INSERT INTO `qm_role_right` (`role_id`,`right_id`) VALUES ('1','4') [ RunTime:0.0001s ]
SQL: INSERT INTO `qm_role_right` (`role_id`,`right_id`) VALUES ('1','5') [ RunTime:0.0001s ]
SQL: INSERT INTO `qm_role_right` (`role_id`,`right_id`) VALUES ('1','6') [ RunTime:0.0001s ]
SQL: INSERT INTO `qm_role_right` (`role_id`,`right_id`) VALUES ('1','7') [ RunTime:0.0001s ]
SQL: INSERT INTO `qm_role_right` (`role_id`,`right_id`) VALUES ('1','8') [ RunTime:0.0001s ]
SQL: INSERT INTO `qm_role_right` (`role_id`,`right_id`) VALUES ('1','9') [ RunTime:0.0001s ]
SQL: INSERT INTO `qm_role_right` (`role_id`,`right_id`) VALUES ('1','10') [ RunTime:0.0001s ]
SQL: INSERT INTO `qm_role_right` (`role_id`,`right_id`) VALUES ('1','11') [ RunTime:0.0001s ]
SQL: INSERT INTO `qm_role_right` (`role_id`,`right_id`) VALUES ('1','14') [ RunTime:0.0001s ]
SQL: INSERT INTO `qm_role_right` (`role_id`,`right_id`) VALUES ('1','19') [ RunTime:0.0001s ]
SQL: INSERT INTO `qm_role_right` (`role_id`,`right_id`) VALUES ('1','20') [ RunTime:0.0001s ]
SQL: INSERT INTO `qm_role_right` (`role_id`,`right_id`) VALUES ('1','21') [ RunTime:0.0001s ]
INFO: [ view_parse ] --START--
INFO: [ template_filter ] --START--
INFO: Run Behavior\ContentReplaceBehavior [ RunTime:0.000021s ]
INFO: [ template_filter ] --END-- [ RunTime:0.000050s ]
INFO: Run Behavior\ParseTemplateBehavior [ RunTime:0.004849s ]
INFO: [ view_parse ] --END-- [ RunTime:0.004901s ]
INFO: [ view_filter ] --START--
INFO: Run Behavior\WriteHtmlCacheBehavior [ RunTime:0.000100s ]
INFO: [ view_filter ] --END-- [ RunTime:0.000113s ]
INFO: [ app_end ] --START--
INFO: Run Behavior\ShowPageTraceBehavior [ RunTime:0.000340s ]
INFO: [ app_end ] --END-- [ RunTime:0.000358s ]

[ 2018-06-30T10:31:10+08:00 ] 27.211.61.115 /index.php/JRapp/Rermissions/role.html
INFO: [ app_init ] --START--
INFO: Run Behavior\BuildLiteBehavior [ RunTime:0.000011s ]
INFO: [ app_init ] --END-- [ RunTime:0.000275s ]
INFO: [ app_begin ] --START--
INFO: Run Behavior\ReadHtmlCacheBehavior [ RunTime:0.000325s ]
INFO: [ app_begin ] --END-- [ RunTime:0.000345s ]
SQL: SHOW COLUMNS FROM `qm_role` [ RunTime:0.0004s ]
SQL: SELECT * FROM `qm_role`  [ RunTime:0.0000s ]
INFO: [ view_parse ] --START--
INFO: [ template_filter ] --START--
INFO: Run Behavior\ContentReplaceBehavior [ RunTime:0.000035s ]
INFO: [ template_filter ] --END-- [ RunTime:0.000061s ]
NOTIC: [8] Undefined variable: page /www/wwwroot/dai.juhuaian.cn/Application/Runtime/Cache/JRapp/2299af16d82394bc94b3bbab182d8ae8.php 第 49 行.
INFO: Run Behavior\ParseTemplateBehavior [ RunTime:0.003363s ]
INFO: [ view_parse ] --END-- [ RunTime:0.003378s ]
INFO: [ view_filter ] --START--
INFO: Run Behavior\WriteHtmlCacheBehavior [ RunTime:0.000085s ]
INFO: [ view_filter ] --END-- [ RunTime:0.000099s ]
INFO: [ app_end ] --START--
INFO: Run Behavior\ShowPageTraceBehavior [ RunTime:0.000322s ]
INFO: [ app_end ] --END-- [ RunTime:0.000337s ]

[ 2018-06-30T10:31:13+08:00 ] 27.211.61.115 /index.php/JRapp/Index/index.html
INFO: [ app_init ] --START--
INFO: Run Behavior\BuildLiteBehavior [ RunTime:0.000007s ]
INFO: [ app_init ] --END-- [ RunTime:0.000184s ]
INFO: [ app_begin ] --START--
INFO: Run Behavior\ReadHtmlCacheBehavior [ RunTime:0.000252s ]
INFO: [ app_begin ] --END-- [ RunTime:0.000268s ]
SQL: SHOW COLUMNS FROM `qm_adminus` [ RunTime:0.0004s ]
SQL: SELECT `role_id` FROM `qm_adminus` WHERE `id` = 1 LIMIT 1   [ RunTime:0.0000s ]
SQL: SHOW COLUMNS FROM `qm_role_right` [ RunTime:0.0002s ]
SQL: SELECT `right_id` FROM `qm_role_right` WHERE ( role_id='1' )  [ RunTime:0.0001s ]
SQL: SHOW COLUMNS FROM `qm_right` [ RunTime:0.0003s ]
SQL: SELECT * FROM `qm_right` WHERE ( id in ('20','19','14','11','10','9','8','7','6','5','4','3','2','1','21') and parent_id=0 )  [ RunTime:0.0002s ]
SQL: SELECT * FROM `qm_right` WHERE ( id in ('20','19','14','11','10','9','8','7','6','5','4','3','2','1','21') and parent_id>0 )  [ RunTime:0.0001s ]
INFO: [ view_parse ] --START--
INFO: [ template_filter ] --START--
INFO: Run Behavior\ContentReplaceBehavior [ RunTime:0.000074s ]
INFO: [ template_filter ] --END-- [ RunTime:0.000096s ]
INFO: Run Behavior\ParseTemplateBehavior [ RunTime:0.003774s ]
INFO: [ view_parse ] --END-- [ RunTime:0.003791s ]
INFO: [ view_filter ] --START--
INFO: Run Behavior\WriteHtmlCacheBehavior [ RunTime:0.000087s ]
INFO: [ view_filter ] --END-- [ RunTime:0.000098s ]
INFO: [ app_end ] --START--
INFO: Run Behavior\ShowPageTraceBehavior [ RunTime:0.000279s ]
INFO: [ app_end ] --END-- [ RunTime:0.000312s ]

[ 2018-06-30T10:31:13+08:00 ] 27.211.61.115 /index.php/JRapp/Index/img/icon/baidu.png
INFO: [ app_init ] --START--
INFO: Run Behavior\BuildLiteBehavior [ RunTime:0.000007s ]
INFO: [ app_init ] --END-- [ RunTime:0.000182s ]

[ 2018-06-30T10:31:13+08:00 ] 27.211.61.115 /index.php/JRapp/Index/img/presentation/1.png
INFO: [ app_init ] --START--
INFO: Run Behavior\BuildLiteBehavior [ RunTime:0.000006s ]
INFO: [ app_init ] --END-- [ RunTime:0.000177s ]

[ 2018-06-30T10:31:15+08:00 ] 27.211.61.115 /index.php/JRapp/Mgt/dkzx
INFO: [ app_init ] --START--
INFO: Run Behavior\BuildLiteBehavior [ RunTime:0.000009s ]
INFO: [ app_init ] --END-- [ RunTime:0.000231s ]
INFO: [ app_begin ] --START--
INFO: Run Behavior\ReadHtmlCacheBehavior [ RunTime:0.000306s ]
INFO: [ app_begin ] --END-- [ RunTime:0.000333s ]
ERR: 非法操作:dkzx

[ 2018-06-30T12:30:25+08:00 ] 119.164.77.23 /index.php/JRapp/Mgt/dkzx
INFO: [ app_init ] --START--
INFO: Run Behavior\BuildLiteBehavior [ RunTime:0.000009s ]
INFO: [ app_init ] --END-- [ RunTime:0.000277s ]
INFO: [ app_begin ] --START--
INFO: Run Behavior\ReadHtmlCacheBehavior [ RunTime:0.000420s ]
INFO: [ app_begin ] --END-- [ RunTime:0.000443s ]

[ 2018-06-30T17:04:15+08:00 ] 119.164.77.23 /index.php/JRapp/Index/index.html
INFO: [ app_init ] --START--
INFO: Run Behavior\BuildLiteBehavior [ RunTime:0.000009s ]
INFO: [ app_init ] --END-- [ RunTime:0.000241s ]
INFO: [ app_begin ] --START--
INFO: Run Behavior\ReadHtmlCacheBehavior [ RunTime:0.000212s ]
INFO: [ app_begin ] --END-- [ RunTime:0.000228s ]
NOTIC: [8] Undefined index: id /www/wwwroot/dai.juhuaian.cn/Application/JRapp/Controller/IndexController.class.php 第 6 行.
SQL: SHOW COLUMNS FROM `qm_adminus` [ RunTime:0.0005s ]
SQL: SELECT `role_id` FROM `qm_adminus` WHERE `id` = null LIMIT 1   [ RunTime:0.0000s ]
SQL: SHOW COLUMNS FROM `qm_role_right` [ RunTime:0.0003s ]
SQL: SELECT `right_id` FROM `qm_role_right` WHERE ( role_id='' )  [ RunTime:0.0002s ]
NOTIC: [2] implode(): Invalid arguments passed /www/wwwroot/dai.juhuaian.cn/Application/JRapp/Controller/IndexController.class.php 第 9 行.
SQL: SHOW COLUMNS FROM `qm_right` [ RunTime:0.0003s ]
SQL: SELECT * FROM `qm_right` WHERE ( id in ('') and parent_id=0 )  [ RunTime:0.0001s ]
SQL: SELECT * FROM `qm_right` WHERE ( id in ('') and parent_id>0 )  [ RunTime:0.0001s ]
NOTIC: [8] Undefined index: id /www/wwwroot/dai.juhuaian.cn/Application/JRapp/Controller/IndexController.class.php 第 14 行.
INFO: [ view_parse ] --START--
INFO: [ template_filter ] --START--
INFO: Run Behavior\ContentReplaceBehavior [ RunTime:0.000028s ]
INFO: [ template_filter ] --END-- [ RunTime:0.000064s ]
INFO: Run Behavior\ParseTemplateBehavior [ RunTime:0.016832s ]
INFO: [ view_parse ] --END-- [ RunTime:0.016853s ]
INFO: [ view_filter ] --START--
INFO: Run Behavior\WriteHtmlCacheBehavior [ RunTime:0.000109s ]
INFO: [ view_filter ] --END-- [ RunTime:0.000124s ]
INFO: [ app_end ] --START--
INFO: Run Behavior\ShowPageTraceBehavior [ RunTime:0.001017s ]
INFO: [ app_end ] --END-- [ RunTime:0.001038s ]

[ 2018-06-30T17:04:16+08:00 ] 119.164.77.23 /index.php/JRapp/Login/login.html
INFO: [ app_init ] --START--
INFO: Run Behavior\BuildLiteBehavior [ RunTime:0.000009s ]
INFO: [ app_init ] --END-- [ RunTime:0.000262s ]
INFO: [ app_begin ] --START--
INFO: Run Behavior\ReadHtmlCacheBehavior [ RunTime:0.000315s ]
INFO: [ app_begin ] --END-- [ RunTime:0.000336s ]
INFO: [ view_parse ] --START--
INFO: [ template_filter ] --START--
INFO: Run Behavior\ContentReplaceBehavior [ RunTime:0.000035s ]
INFO: [ template_filter ] --END-- [ RunTime:0.000075s ]
INFO: Run Behavior\ParseTemplateBehavior [ RunTime:0.013114s ]
INFO: [ view_parse ] --END-- [ RunTime:0.013138s ]
INFO: [ view_filter ] --START--
INFO: Run Behavior\WriteHtmlCacheBehavior [ RunTime:0.000097s ]
INFO: [ view_filter ] --END-- [ RunTime:0.000133s ]
INFO: [ app_end ] --START--
INFO: Run Behavior\ShowPageTraceBehavior [ RunTime:0.000363s ]
INFO: [ app_end ] --END-- [ RunTime:0.000379s ]

[ 2018-06-30T17:04:17+08:00 ] 119.164.77.23 /index.php/JRapp/Login/checklogin
INFO: [ app_init ] --START--
INFO: Run Behavior\BuildLiteBehavior [ RunTime:0.000009s ]
INFO: [ app_init ] --END-- [ RunTime:0.000240s ]
INFO: [ app_begin ] --START--
INFO: Run Behavior\ReadHtmlCacheBehavior [ RunTime:0.000343s ]
INFO: [ app_begin ] --END-- [ RunTime:0.000368s ]
SQL: SHOW COLUMNS FROM `qm_adminus` [ RunTime:0.0007s ]
SQL: SELECT * FROM `qm_adminus` WHERE ( username='123' AND password='123' ) LIMIT 1   [ RunTime:0.0001s ]
INFO: [ view_parse ] --START--
INFO: [ template_filter ] --START--
INFO: Run Behavior\ContentReplaceBehavior [ RunTime:0.000026s ]
INFO: [ template_filter ] --END-- [ RunTime:0.000052s ]
INFO: Run Behavior\ParseTemplateBehavior [ RunTime:0.022102s ]
INFO: [ view_parse ] --END-- [ RunTime:0.022150s ]
INFO: [ view_filter ] --START--
INFO: Run Behavior\WriteHtmlCacheBehavior [ RunTime:0.000131s ]
INFO: [ view_filter ] --END-- [ RunTime:0.000145s ]
INFO: [ app_end ] --START--
INFO: Run Behavior\ShowPageTraceBehavior [ RunTime:0.000350s ]
INFO: [ app_end ] --END-- [ RunTime:0.000363s ]

[ 2018-06-30T17:04:19+08:00 ] 119.164.77.23 /index.php/JRapp/Index/index.html
INFO: [ app_init ] --START--
INFO: Run Behavior\BuildLiteBehavior [ RunTime:0.000009s ]
INFO: [ app_init ] --END-- [ RunTime:0.000183s ]
INFO: [ app_begin ] --START--
INFO: Run Behavior\ReadHtmlCacheBehavior [ RunTime:0.000206s ]
INFO: [ app_begin ] --END-- [ RunTime:0.000223s ]
SQL: SHOW COLUMNS FROM `qm_adminus` [ RunTime:0.0005s ]
SQL: SELECT `role_id` FROM `qm_adminus` WHERE `id` = 1 LIMIT 1   [ RunTime:0.0000s ]
SQL: SHOW COLUMNS FROM `qm_role_right` [ RunTime:0.0002s ]
SQL: SELECT `right_id` FROM `qm_role_right` WHERE ( role_id='1' )  [ RunTime:0.0000s ]
SQL: SHOW COLUMNS FROM `qm_right` [ RunTime:0.0002s ]
SQL: SELECT * FROM `qm_right` WHERE ( id in ('20','19','14','11','10','9','8','7','6','5','4','3','2','1','21') and parent_id=0 )  [ RunTime:0.0000s ]
SQL: SELECT * FROM `qm_right` WHERE ( id in ('20','19','14','11','10','9','8','7','6','5','4','3','2','1','21') and parent_id>0 )  [ RunTime:0.0000s ]
INFO: [ view_parse ] --START--
INFO: [ template_filter ] --START--
INFO: Run Behavior\ContentReplaceBehavior [ RunTime:0.000117s ]
INFO: [ template_filter ] --END-- [ RunTime:0.000152s ]
INFO: Run Behavior\ParseTemplateBehavior [ RunTime:0.004034s ]
INFO: [ view_parse ] --END-- [ RunTime:0.004051s ]
INFO: [ view_filter ] --START--
INFO: Run Behavior\WriteHtmlCacheBehavior [ RunTime:0.000085s ]
INFO: [ view_filter ] --END-- [ RunTime:0.000098s ]
INFO: [ app_end ] --START--
INFO: Run Behavior\ShowPageTraceBehavior [ RunTime:0.000267s ]
INFO: [ app_end ] --END-- [ RunTime:0.000282s ]

[ 2018-06-30T17:04:24+08:00 ] 119.164.77.23 /index.php/JRapp/Index/img/icon/baidu.png
INFO: [ app_init ] --START--
INFO: Run Behavior\BuildLiteBehavior [ RunTime:0.000006s ]
INFO: [ app_init ] --END-- [ RunTime:0.000159s ]

[ 2018-06-30T17:04:25+08:00 ] 119.164.77.23 /index.php/JRapp/Index/img/presentation/1.png
INFO: [ app_init ] --START--
INFO: Run Behavior\BuildLiteBehavior [ RunTime:0.000007s ]
INFO: [ app_init ] --END-- [ RunTime:0.000220s ]

[ 2018-06-30T17:04:40+08:00 ] 119.164.77.23 /index.php/JRapp/Mgt/jpxx
INFO: [ app_init ] --START--
INFO: Run Behavior\BuildLiteBehavior [ RunTime:0.000006s ]
INFO: [ app_init ] --END-- [ RunTime:0.000170s ]
INFO: [ app_begin ] --START--
INFO: Run Behavior\ReadHtmlCacheBehavior [ RunTime:0.000223s ]
INFO: [ app_begin ] --END-- [ RunTime:0.000242s ]
SQL: SHOW COLUMNS FROM `qm_product` [ RunTime:0.0005s ]
SQL: SELECT * FROM `qm_product`  [ RunTime:0.0001s ]
INFO: [ view_parse ] --START--
INFO: [ template_filter ] --START--
INFO: Run Behavior\ContentReplaceBehavior [ RunTime:0.000045s ]
INFO: [ template_filter ] --END-- [ RunTime:0.000075s ]
NOTIC: [8] Undefined variable: pageinfo /www/wwwroot/dai.juhuaian.cn/Application/Runtime/Cache/JRapp/82f618e33ad17159593f753319451480.php 第 77 行.
INFO: Run Behavior\ParseTemplateBehavior [ RunTime:0.004400s ]
INFO: [ view_parse ] --END-- [ RunTime:0.004419s ]
INFO: [ view_filter ] --START--
INFO: Run Behavior\WriteHtmlCacheBehavior [ RunTime:0.000119s ]
INFO: [ view_filter ] --END-- [ RunTime:0.000138s ]
INFO: [ app_end ] --START--
INFO: Run Behavior\ShowPageTraceBehavior [ RunTime:0.000389s ]
INFO: [ app_end ] --END-- [ RunTime:0.000411s ]

[ 2018-06-30T17:04:40+08:00 ] 119.164.77.23 /index.php/JRapp/Mgt/0
INFO: [ app_init ] --START--
INFO: Run Behavior\BuildLiteBehavior [ RunTime:0.000009s ]
INFO: [ app_init ] --END-- [ RunTime:0.000244s ]
INFO: [ app_begin ] --START--
INFO: Run Behavior\ReadHtmlCacheBehavior [ RunTime:0.000344s ]
INFO: [ app_begin ] --END-- [ RunTime:0.000368s ]
ERR: 非法操作:index

[ 2018-06-30T17:04:40+08:00 ] 119.164.77.23 /index.php/JRapp/Mgt/uploads/2018-06-26/1530018361_554417809.jpg
INFO: [ app_init ] --START--
INFO: Run Behavior\BuildLiteBehavior [ RunTime:0.000008s ]
INFO: [ app_init ] --END-- [ RunTime:0.000194s ]

