[ 2018-06-24T08:37:42+08:00 ] 119.163.250.175 /index.php/JRapp/Mgt/lunbo
INFO: [ app_init ] --START--
INFO: Run Behavior\BuildLiteBehavior [ RunTime:0.000006s ]
INFO: [ app_init ] --END-- [ RunTime:0.000161s ]
INFO: [ app_begin ] --START--
INFO: Run Behavior\ReadHtmlCacheBehavior [ RunTime:0.000209s ]
INFO: [ app_begin ] --END-- [ RunTime:0.000225s ]
SQL: SHOW COLUMNS FROM `qm_lb` [ RunTime:0.0004s ]
SQL: SELECT * FROM `qm_lb`  [ RunTime:0.0000s ]
INFO: [ view_parse ] --START--
INFO: [ template_filter ] --START--
INFO: Run Behavior\ContentReplaceBehavior [ RunTime:0.000036s ]
INFO: [ template_filter ] --END-- [ RunTime:0.000052s ]
NOTIC: [8] Undefined variable: pageinfo /www/wwwroot/dai.juhuaian.cn/Application/Runtime/Cache/JRapp/1ed313fccb56bfdfa47b6ad4ac84a038.php 第 66 行.
INFO: Run Behavior\ParseTemplateBehavior [ RunTime:0.002756s ]
INFO: [ view_parse ] --END-- [ RunTime:0.002769s ]
INFO: [ view_filter ] --START--
INFO: Run Behavior\WriteHtmlCacheBehavior [ RunTime:0.000084s ]
INFO: [ view_filter ] --END-- [ RunTime:0.000096s ]
INFO: [ app_end ] --START--
INFO: Run Behavior\ShowPageTraceBehavior [ RunTime:0.000241s ]
INFO: [ app_end ] --END-- [ RunTime:0.000254s ]

[ 2018-06-24T11:55:03+08:00 ] 119.163.250.175 /index.php/JRapp/Mgt/addlb
INFO: [ app_init ] --START--
INFO: Run Behavior\BuildLiteBehavior [ RunTime:0.000006s ]
INFO: [ app_init ] --END-- [ RunTime:0.000168s ]
INFO: [ app_begin ] --START--
INFO: Run Behavior\ReadHtmlCacheBehavior [ RunTime:0.000226s ]
INFO: [ app_begin ] --END-- [ RunTime:0.000243s ]
INFO: [ view_parse ] --START--
INFO: [ template_filter ] --START--
INFO: Run Behavior\ContentReplaceBehavior [ RunTime:0.000031s ]
INFO: [ template_filter ] --END-- [ RunTime:0.000050s ]
INFO: Run Behavior\ParseTemplateBehavior [ RunTime:0.002462s ]
INFO: [ view_parse ] --END-- [ RunTime:0.002477s ]
INFO: [ view_filter ] --START--
INFO: Run Behavior\WriteHtmlCacheBehavior [ RunTime:0.000077s ]
INFO: [ view_filter ] --END-- [ RunTime:0.000089s ]
INFO: [ app_end ] --START--
INFO: Run Behavior\ShowPageTraceBehavior [ RunTime:0.006403s ]
INFO: [ app_end ] --END-- [ RunTime:0.006418s ]

[ 2018-06-24T11:55:03+08:00 ] 119.163.250.175 /index.php/JRapp/Mgt/sodel.html
INFO: [ app_init ] --START--
INFO: Run Behavior\BuildLiteBehavior [ RunTime:0.000005s ]
INFO: [ app_init ] --END-- [ RunTime:0.000150s ]
INFO: [ app_begin ] --START--
INFO: Run Behavior\ReadHtmlCacheBehavior [ RunTime:0.000233s ]
INFO: [ app_begin ] --END-- [ RunTime:0.000251s ]
ERR: 非法操作:sodel

[ 2018-06-24T11:55:11+08:00 ] 119.163.250.175 /index.php/JRapp/Mgt/insertlb
INFO: [ app_init ] --START--
INFO: Run Behavior\BuildLiteBehavior [ RunTime:0.000006s ]
INFO: [ app_init ] --END-- [ RunTime:0.000156s ]
INFO: [ app_begin ] --START--
INFO: Run Behavior\ReadHtmlCacheBehavior [ RunTime:0.000238s ]
INFO: [ app_begin ] --END-- [ RunTime:0.000255s ]
NOTIC: [2] call_user_func() expects parameter 1 to be a valid callback, no array or string given /www/wwwroot/dai.juhuaian.cn/ThinkPHP/Library/Think/Upload.class.php 第 170 行.
SQL: SHOW COLUMNS FROM `qm_lb` [ RunTime:0.0003s ]
SQL: INSERT INTO `qm_lb` (`pic`,`addtime`) VALUES ('uploads/2018-06-24/1529812511_991098331.jpg','2018-06-24 11:55:11') [ RunTime:0.0310s ]
INFO: [ view_parse ] --START--
INFO: [ template_filter ] --START--
INFO: Run Behavior\ContentReplaceBehavior [ RunTime:0.000018s ]
INFO: [ template_filter ] --END-- [ RunTime:0.000037s ]
INFO: Run Behavior\ParseTemplateBehavior [ RunTime:0.002675s ]
INFO: [ view_parse ] --END-- [ RunTime:0.002693s ]
INFO: [ view_filter ] --START--
INFO: Run Behavior\WriteHtmlCacheBehavior [ RunTime:0.000070s ]
INFO: [ view_filter ] --END-- [ RunTime:0.000089s ]
INFO: [ app_end ] --START--
INFO: Run Behavior\ShowPageTraceBehavior [ RunTime:0.000281s ]
INFO: [ app_end ] --END-- [ RunTime:0.000296s ]

[ 2018-06-24T11:55:12+08:00 ] 119.163.250.175 /index.php/JRapp/Mgt/lunbo.html
INFO: [ app_init ] --START--
INFO: Run Behavior\BuildLiteBehavior [ RunTime:0.000009s ]
INFO: [ app_init ] --END-- [ RunTime:0.000249s ]
INFO: [ app_begin ] --START--
INFO: Run Behavior\ReadHtmlCacheBehavior [ RunTime:0.000350s ]
INFO: [ app_begin ] --END-- [ RunTime:0.000374s ]
SQL: SHOW COLUMNS FROM `qm_lb` [ RunTime:0.0004s ]
SQL: SELECT * FROM `qm_lb`  [ RunTime:0.0081s ]
INFO: [ view_parse ] --START--
INFO: [ template_filter ] --START--
INFO: Run Behavior\ContentReplaceBehavior [ RunTime:0.000041s ]
INFO: [ template_filter ] --END-- [ RunTime:0.000059s ]
NOTIC: [8] Undefined variable: pageinfo /www/wwwroot/dai.juhuaian.cn/Application/Runtime/Cache/JRapp/1ed313fccb56bfdfa47b6ad4ac84a038.php 第 66 行.
INFO: Run Behavior\ParseTemplateBehavior [ RunTime:0.003064s ]
INFO: [ view_parse ] --END-- [ RunTime:0.003082s ]
INFO: [ view_filter ] --START--
INFO: Run Behavior\WriteHtmlCacheBehavior [ RunTime:0.000075s ]
INFO: [ view_filter ] --END-- [ RunTime:0.000085s ]
INFO: [ app_end ] --START--
INFO: Run Behavior\ShowPageTraceBehavior [ RunTime:0.000255s ]
INFO: [ app_end ] --END-- [ RunTime:0.000269s ]

[ 2018-06-24T14:52:23+08:00 ] 119.163.250.175 /index.php/JRapp/Index/index.html
INFO: [ app_init ] --START--
INFO: Run Behavior\BuildLiteBehavior [ RunTime:0.000008s ]
INFO: [ app_init ] --END-- [ RunTime:0.000229s ]
INFO: [ app_begin ] --START--
INFO: Run Behavior\ReadHtmlCacheBehavior [ RunTime:0.000233s ]
INFO: [ app_begin ] --END-- [ RunTime:0.000252s ]
NOTIC: [8] Undefined index: id /www/wwwroot/dai.juhuaian.cn/Application/JRapp/Controller/IndexController.class.php 第 6 行.
SQL: SHOW COLUMNS FROM `qm_adminus` [ RunTime:0.0004s ]
SQL: SELECT `role_id` FROM `qm_adminus` WHERE `id` = null LIMIT 1   [ RunTime:0.0000s ]
SQL: SHOW COLUMNS FROM `qm_role_right` [ RunTime:0.0002s ]
SQL: SELECT `right_id` FROM `qm_role_right` WHERE ( role_id='' )  [ RunTime:0.0000s ]
NOTIC: [2] implode(): Invalid arguments passed /www/wwwroot/dai.juhuaian.cn/Application/JRapp/Controller/IndexController.class.php 第 9 行.
SQL: SHOW COLUMNS FROM `qm_right` [ RunTime:0.0002s ]
SQL: SELECT * FROM `qm_right` WHERE ( id in ('') and parent_id=0 )  [ RunTime:0.0002s ]
SQL: SELECT * FROM `qm_right` WHERE ( id in ('') and parent_id>0 )  [ RunTime:0.0001s ]
NOTIC: [8] Undefined index: id /www/wwwroot/dai.juhuaian.cn/Application/JRapp/Controller/IndexController.class.php 第 14 行.
INFO: [ view_parse ] --START--
INFO: [ template_filter ] --START--
INFO: Run Behavior\ContentReplaceBehavior [ RunTime:0.000015s ]
INFO: [ template_filter ] --END-- [ RunTime:0.000029s ]
INFO: Run Behavior\ParseTemplateBehavior [ RunTime:0.002227s ]
INFO: [ view_parse ] --END-- [ RunTime:0.002242s ]
INFO: [ view_filter ] --START--
INFO: Run Behavior\WriteHtmlCacheBehavior [ RunTime:0.000069s ]
INFO: [ view_filter ] --END-- [ RunTime:0.000080s ]
INFO: [ app_end ] --START--
INFO: Run Behavior\ShowPageTraceBehavior [ RunTime:0.000244s ]
INFO: [ app_end ] --END-- [ RunTime:0.000257s ]

[ 2018-06-24T14:52:25+08:00 ] 119.163.250.175 /index.php/JRapp/Login/login.html
INFO: [ app_init ] --START--
INFO: Run Behavior\BuildLiteBehavior [ RunTime:0.000006s ]
INFO: [ app_init ] --END-- [ RunTime:0.000180s ]
INFO: [ app_begin ] --START--
INFO: Run Behavior\ReadHtmlCacheBehavior [ RunTime:0.000225s ]
INFO: [ app_begin ] --END-- [ RunTime:0.000258s ]
INFO: [ view_parse ] --START--
INFO: [ template_filter ] --START--
INFO: Run Behavior\ContentReplaceBehavior [ RunTime:0.000030s ]
INFO: [ template_filter ] --END-- [ RunTime:0.000054s ]
INFO: Run Behavior\ParseTemplateBehavior [ RunTime:0.002859s ]
INFO: [ view_parse ] --END-- [ RunTime:0.002878s ]
INFO: [ view_filter ] --START--
INFO: Run Behavior\WriteHtmlCacheBehavior [ RunTime:0.000076s ]
INFO: [ view_filter ] --END-- [ RunTime:0.000089s ]
INFO: [ app_end ] --START--
INFO: Run Behavior\ShowPageTraceBehavior [ RunTime:0.000288s ]
INFO: [ app_end ] --END-- [ RunTime:0.000303s ]

[ 2018-06-24T14:52:26+08:00 ] 119.163.250.175 /index.php/JRapp/Login/checklogin
INFO: [ app_init ] --START--
INFO: Run Behavior\BuildLiteBehavior [ RunTime:0.000006s ]
INFO: [ app_init ] --END-- [ RunTime:0.000157s ]
INFO: [ app_begin ] --START--
INFO: Run Behavior\ReadHtmlCacheBehavior [ RunTime:0.000208s ]
INFO: [ app_begin ] --END-- [ RunTime:0.000227s ]
SQL: SHOW COLUMNS FROM `qm_adminus` [ RunTime:0.0005s ]
SQL: SELECT * FROM `qm_adminus` WHERE ( username='123' AND password='123' ) LIMIT 1   [ RunTime:0.0000s ]
INFO: [ view_parse ] --START--
INFO: [ template_filter ] --START--
INFO: Run Behavior\ContentReplaceBehavior [ RunTime:0.000016s ]
INFO: [ template_filter ] --END-- [ RunTime:0.000031s ]
INFO: Run Behavior\ParseTemplateBehavior [ RunTime:0.013950s ]
INFO: [ view_parse ] --END-- [ RunTime:0.013976s ]
INFO: [ view_filter ] --START--
INFO: Run Behavior\WriteHtmlCacheBehavior [ RunTime:0.000099s ]
INFO: [ view_filter ] --END-- [ RunTime:0.000111s ]
INFO: [ app_end ] --START--
INFO: Run Behavior\ShowPageTraceBehavior [ RunTime:0.000316s ]
INFO: [ app_end ] --END-- [ RunTime:0.000331s ]

[ 2018-06-24T14:52:27+08:00 ] 119.163.250.175 /index.php/JRapp/Index/index.html
INFO: [ app_init ] --START--
INFO: Run Behavior\BuildLiteBehavior [ RunTime:0.000006s ]
INFO: [ app_init ] --END-- [ RunTime:0.000193s ]
INFO: [ app_begin ] --START--
INFO: Run Behavior\ReadHtmlCacheBehavior [ RunTime:0.000228s ]
INFO: [ app_begin ] --END-- [ RunTime:0.000246s ]
SQL: SHOW COLUMNS FROM `qm_adminus` [ RunTime:0.0004s ]
SQL: SELECT `role_id` FROM `qm_adminus` WHERE `id` = 1 LIMIT 1   [ RunTime:0.0000s ]
SQL: SHOW COLUMNS FROM `qm_role_right` [ RunTime:0.0002s ]
SQL: SELECT `right_id` FROM `qm_role_right` WHERE ( role_id='1' )  [ RunTime:0.0000s ]
SQL: SHOW COLUMNS FROM `qm_right` [ RunTime:0.0003s ]
SQL: SELECT * FROM `qm_right` WHERE ( id in ('21','20','19','7','6','5','4','3','2','1') and parent_id=0 )  [ RunTime:0.0002s ]
SQL: SELECT * FROM `qm_right` WHERE ( id in ('21','20','19','7','6','5','4','3','2','1') and parent_id>0 )  [ RunTime:0.0001s ]
INFO: [ view_parse ] --START--
INFO: [ template_filter ] --START--
INFO: Run Behavior\ContentReplaceBehavior [ RunTime:0.000072s ]
INFO: [ template_filter ] --END-- [ RunTime:0.000090s ]
INFO: Run Behavior\ParseTemplateBehavior [ RunTime:0.003521s ]
INFO: [ view_parse ] --END-- [ RunTime:0.003540s ]
INFO: [ view_filter ] --START--
INFO: Run Behavior\WriteHtmlCacheBehavior [ RunTime:0.000074s ]
INFO: [ view_filter ] --END-- [ RunTime:0.000088s ]
INFO: [ app_end ] --START--
INFO: Run Behavior\ShowPageTraceBehavior [ RunTime:0.000253s ]
INFO: [ app_end ] --END-- [ RunTime:0.000268s ]

[ 2018-06-24T14:52:27+08:00 ] 119.163.250.175 /index.php/JRapp/Index/img/presentation/1.png
INFO: [ app_init ] --START--
INFO: Run Behavior\BuildLiteBehavior [ RunTime:0.000005s ]
INFO: [ app_init ] --END-- [ RunTime:0.000190s ]

[ 2018-06-24T14:52:27+08:00 ] 119.163.250.175 /index.php/JRapp/Index/img/icon/baidu.png
INFO: [ app_init ] --START--
INFO: Run Behavior\BuildLiteBehavior [ RunTime:0.000005s ]
INFO: [ app_init ] --END-- [ RunTime:0.000164s ]

[ 2018-06-24T14:52:29+08:00 ] 119.163.250.175 /index.php/JRapp/Mgt/jpxx
INFO: [ app_init ] --START--
INFO: Run Behavior\BuildLiteBehavior [ RunTime:0.000007s ]
INFO: [ app_init ] --END-- [ RunTime:0.000169s ]
INFO: [ app_begin ] --START--
INFO: Run Behavior\ReadHtmlCacheBehavior [ RunTime:0.000218s ]
INFO: [ app_begin ] --END-- [ RunTime:0.000235s ]
SQL: SHOW COLUMNS FROM `qm_jpxx` [ RunTime:0.0005s ]
SQL: SELECT * FROM `qm_jpxx`  [ RunTime:0.0001s ]
INFO: [ view_parse ] --START--
INFO: [ template_filter ] --START--
INFO: Run Behavior\ContentReplaceBehavior [ RunTime:0.000031s ]
INFO: [ template_filter ] --END-- [ RunTime:0.000050s ]
NOTIC: [8] A non well formed numeric value encountered /www/wwwroot/dai.juhuaian.cn/Application/Runtime/Cache/JRapp/82f618e33ad17159593f753319451480.php 第 70 行.
NOTIC: [8] A non well formed numeric value encountered /www/wwwroot/dai.juhuaian.cn/Application/Runtime/Cache/JRapp/82f618e33ad17159593f753319451480.php 第 70 行.
NOTIC: [8] A non well formed numeric value encountered /www/wwwroot/dai.juhuaian.cn/Application/Runtime/Cache/JRapp/82f618e33ad17159593f753319451480.php 第 70 行.
NOTIC: [8] A non well formed numeric value encountered /www/wwwroot/dai.juhuaian.cn/Application/Runtime/Cache/JRapp/82f618e33ad17159593f753319451480.php 第 70 行.
NOTIC: [8] A non well formed numeric value encountered /www/wwwroot/dai.juhuaian.cn/Application/Runtime/Cache/JRapp/82f618e33ad17159593f753319451480.php 第 70 行.
NOTIC: [8] A non well formed numeric value encountered /www/wwwroot/dai.juhuaian.cn/Application/Runtime/Cache/JRapp/82f618e33ad17159593f753319451480.php 第 70 行.
NOTIC: [8] A non well formed numeric value encountered /www/wwwroot/dai.juhuaian.cn/Application/Runtime/Cache/JRapp/82f618e33ad17159593f753319451480.php 第 70 行.
NOTIC: [8] Undefined variable: pageinfo /www/wwwroot/dai.juhuaian.cn/Application/Runtime/Cache/JRapp/82f618e33ad17159593f753319451480.php 第 92 行.
INFO: Run Behavior\ParseTemplateBehavior [ RunTime:0.003591s ]
INFO: [ view_parse ] --END-- [ RunTime:0.003604s ]
INFO: [ view_filter ] --START--
INFO: Run Behavior\WriteHtmlCacheBehavior [ RunTime:0.000074s ]
INFO: [ view_filter ] --END-- [ RunTime:0.000092s ]
INFO: [ app_end ] --START--
INFO: Run Behavior\ShowPageTraceBehavior [ RunTime:0.000298s ]
INFO: [ app_end ] --END-- [ RunTime:0.000313s ]

[ 2018-06-24T14:58:04+08:00 ] 119.163.250.175 /index.php/JRapp/Mgt/jpxx
INFO: [ app_init ] --START--
INFO: Run Behavior\BuildLiteBehavior [ RunTime:0.000006s ]
INFO: [ app_init ] --END-- [ RunTime:0.000160s ]
INFO: [ app_begin ] --START--
INFO: Run Behavior\ReadHtmlCacheBehavior [ RunTime:0.000212s ]
INFO: [ app_begin ] --END-- [ RunTime:0.000231s ]
SQL: SHOW COLUMNS FROM `qm_jpxx` [ RunTime:0.0005s ]
SQL: SELECT * FROM `qm_jpxx`  [ RunTime:0.0001s ]
INFO: [ view_parse ] --START--
INFO: [ template_filter ] --START--
INFO: Run Behavior\ContentReplaceBehavior [ RunTime:0.000029s ]
INFO: [ template_filter ] --END-- [ RunTime:0.000045s ]
NOTIC: [8] A non well formed numeric value encountered /www/wwwroot/dai.juhuaian.cn/Application/Runtime/Cache/JRapp/82f618e33ad17159593f753319451480.php 第 70 行.
NOTIC: [8] A non well formed numeric value encountered /www/wwwroot/dai.juhuaian.cn/Application/Runtime/Cache/JRapp/82f618e33ad17159593f753319451480.php 第 70 行.
NOTIC: [8] A non well formed numeric value encountered /www/wwwroot/dai.juhuaian.cn/Application/Runtime/Cache/JRapp/82f618e33ad17159593f753319451480.php 第 70 行.
NOTIC: [8] A non well formed numeric value encountered /www/wwwroot/dai.juhuaian.cn/Application/Runtime/Cache/JRapp/82f618e33ad17159593f753319451480.php 第 70 行.
NOTIC: [8] A non well formed numeric value encountered /www/wwwroot/dai.juhuaian.cn/Application/Runtime/Cache/JRapp/82f618e33ad17159593f753319451480.php 第 70 行.
NOTIC: [8] A non well formed numeric value encountered /www/wwwroot/dai.juhuaian.cn/Application/Runtime/Cache/JRapp/82f618e33ad17159593f753319451480.php 第 70 行.
NOTIC: [8] A non well formed numeric value encountered /www/wwwroot/dai.juhuaian.cn/Application/Runtime/Cache/JRapp/82f618e33ad17159593f753319451480.php 第 70 行.
NOTIC: [8] Undefined variable: pageinfo /www/wwwroot/dai.juhuaian.cn/Application/Runtime/Cache/JRapp/82f618e33ad17159593f753319451480.php 第 92 行.
INFO: Run Behavior\ParseTemplateBehavior [ RunTime:0.003053s ]
INFO: [ view_parse ] --END-- [ RunTime:0.003067s ]
INFO: [ view_filter ] --START--
INFO: Run Behavior\WriteHtmlCacheBehavior [ RunTime:0.000074s ]
INFO: [ view_filter ] --END-- [ RunTime:0.000085s ]
INFO: [ app_end ] --START--
INFO: Run Behavior\ShowPageTraceBehavior [ RunTime:0.000263s ]
INFO: [ app_end ] --END-- [ RunTime:0.000280s ]

[ 2018-06-24T14:58:16+08:00 ] 119.163.250.175 /index.php/JRapp/Mgt/jpxx
INFO: [ app_init ] --START--
INFO: Run Behavior\BuildLiteBehavior [ RunTime:0.000006s ]
INFO: [ app_init ] --END-- [ RunTime:0.000178s ]
INFO: [ app_begin ] --START--
INFO: Run Behavior\ReadHtmlCacheBehavior [ RunTime:0.000207s ]
INFO: [ app_begin ] --END-- [ RunTime:0.000223s ]
SQL: SHOW COLUMNS FROM `qm_jpxx` [ RunTime:0.0005s ]
SQL: SELECT * FROM `qm_jpxx`  [ RunTime:0.0001s ]
INFO: [ view_parse ] --START--
INFO: [ template_filter ] --START--
INFO: Run Behavior\ContentReplaceBehavior [ RunTime:0.000031s ]
INFO: [ template_filter ] --END-- [ RunTime:0.000059s ]
NOTIC: [8] A non well formed numeric value encountered /www/wwwroot/dai.juhuaian.cn/Application/Runtime/Cache/JRapp/82f618e33ad17159593f753319451480.php 第 70 行.
NOTIC: [8] A non well formed numeric value encountered /www/wwwroot/dai.juhuaian.cn/Application/Runtime/Cache/JRapp/82f618e33ad17159593f753319451480.php 第 70 行.
NOTIC: [8] A non well formed numeric value encountered /www/wwwroot/dai.juhuaian.cn/Application/Runtime/Cache/JRapp/82f618e33ad17159593f753319451480.php 第 70 行.
NOTIC: [8] A non well formed numeric value encountered /www/wwwroot/dai.juhuaian.cn/Application/Runtime/Cache/JRapp/82f618e33ad17159593f753319451480.php 第 70 行.
NOTIC: [8] A non well formed numeric value encountered /www/wwwroot/dai.juhuaian.cn/Application/Runtime/Cache/JRapp/82f618e33ad17159593f753319451480.php 第 70 行.
NOTIC: [8] A non well formed numeric value encountered /www/wwwroot/dai.juhuaian.cn/Application/Runtime/Cache/JRapp/82f618e33ad17159593f753319451480.php 第 70 行.
NOTIC: [8] A non well formed numeric value encountered /www/wwwroot/dai.juhuaian.cn/Application/Runtime/Cache/JRapp/82f618e33ad17159593f753319451480.php 第 70 行.
NOTIC: [8] Undefined variable: pageinfo /www/wwwroot/dai.juhuaian.cn/Application/Runtime/Cache/JRapp/82f618e33ad17159593f753319451480.php 第 92 行.
INFO: Run Behavior\ParseTemplateBehavior [ RunTime:0.003113s ]
INFO: [ view_parse ] --END-- [ RunTime:0.003126s ]
INFO: [ view_filter ] --START--
INFO: Run Behavior\WriteHtmlCacheBehavior [ RunTime:0.000073s ]
INFO: [ view_filter ] --END-- [ RunTime:0.000084s ]
INFO: [ app_end ] --START--
INFO: Run Behavior\ShowPageTraceBehavior [ RunTime:0.000264s ]
INFO: [ app_end ] --END-- [ RunTime:0.000282s ]

[ 2018-06-24T15:42:45+08:00 ] 119.163.250.175 /index.php/JRapp/Mgt/jpxx
INFO: [ app_init ] --START--
INFO: Run Behavior\BuildLiteBehavior [ RunTime:0.000007s ]
INFO: [ app_init ] --END-- [ RunTime:0.000172s ]
INFO: [ app_begin ] --START--
INFO: Run Behavior\ReadHtmlCacheBehavior [ RunTime:0.000285s ]
INFO: [ app_begin ] --END-- [ RunTime:0.000312s ]
SQL: SHOW COLUMNS FROM `qm_jpxx` [ RunTime:0.0005s ]
SQL: SELECT * FROM `qm_jpxx`  [ RunTime:0.0001s ]
INFO: [ view_parse ] --START--
INFO: [ template_filter ] --START--
INFO: Run Behavior\ContentReplaceBehavior [ RunTime:0.000031s ]
INFO: [ template_filter ] --END-- [ RunTime:0.000046s ]
NOTIC: [8] A non well formed numeric value encountered /www/wwwroot/dai.juhuaian.cn/Application/Runtime/Cache/JRapp/82f618e33ad17159593f753319451480.php 第 57 行.
NOTIC: [8] A non well formed numeric value encountered /www/wwwroot/dai.juhuaian.cn/Application/Runtime/Cache/JRapp/82f618e33ad17159593f753319451480.php 第 57 行.
NOTIC: [8] A non well formed numeric value encountered /www/wwwroot/dai.juhuaian.cn/Application/Runtime/Cache/JRapp/82f618e33ad17159593f753319451480.php 第 57 行.
NOTIC: [8] A non well formed numeric value encountered /www/wwwroot/dai.juhuaian.cn/Application/Runtime/Cache/JRapp/82f618e33ad17159593f753319451480.php 第 57 行.
NOTIC: [8] A non well formed numeric value encountered /www/wwwroot/dai.juhuaian.cn/Application/Runtime/Cache/JRapp/82f618e33ad17159593f753319451480.php 第 57 行.
NOTIC: [8] A non well formed numeric value encountered /www/wwwroot/dai.juhuaian.cn/Application/Runtime/Cache/JRapp/82f618e33ad17159593f753319451480.php 第 57 行.
NOTIC: [8] A non well formed numeric value encountered /www/wwwroot/dai.juhuaian.cn/Application/Runtime/Cache/JRapp/82f618e33ad17159593f753319451480.php 第 57 行.
NOTIC: [8] Undefined variable: pageinfo /www/wwwroot/dai.juhuaian.cn/Application/Runtime/Cache/JRapp/82f618e33ad17159593f753319451480.php 第 79 行.
INFO: Run Behavior\ParseTemplateBehavior [ RunTime:0.005355s ]
INFO: [ view_parse ] --END-- [ RunTime:0.005375s ]
INFO: [ view_filter ] --START--
INFO: Run Behavior\WriteHtmlCacheBehavior [ RunTime:0.000139s ]
INFO: [ view_filter ] --END-- [ RunTime:0.000156s ]
INFO: [ app_end ] --START--
INFO: Run Behavior\ShowPageTraceBehavior [ RunTime:0.000535s ]
INFO: [ app_end ] --END-- [ RunTime:0.000556s ]

[ 2018-06-24T15:46:54+08:00 ] 119.163.250.175 /index.php/JRapp/Mgt/addcp
INFO: [ app_init ] --START--
INFO: Run Behavior\BuildLiteBehavior [ RunTime:0.000007s ]
INFO: [ app_init ] --END-- [ RunTime:0.000192s ]
INFO: [ app_begin ] --START--
INFO: Run Behavior\ReadHtmlCacheBehavior [ RunTime:0.000226s ]
INFO: [ app_begin ] --END-- [ RunTime:0.000244s ]
ERR: 非法操作:addcp

[ 2018-06-24T15:46:54+08:00 ] 119.163.250.175 /index.php/JRapp/Mgt/sodel.html
INFO: [ app_init ] --START--
INFO: Run Behavior\BuildLiteBehavior [ RunTime:0.000006s ]
INFO: [ app_init ] --END-- [ RunTime:0.000175s ]
INFO: [ app_begin ] --START--
INFO: Run Behavior\ReadHtmlCacheBehavior [ RunTime:0.000227s ]
INFO: [ app_begin ] --END-- [ RunTime:0.000243s ]
ERR: 非法操作:sodel

[ 2018-06-24T15:46:55+08:00 ] 119.163.250.175 /index.php/JRapp/Mgt/jpxx
INFO: [ app_init ] --START--
INFO: Run Behavior\BuildLiteBehavior [ RunTime:0.000009s ]
INFO: [ app_init ] --END-- [ RunTime:0.000193s ]
INFO: [ app_begin ] --START--
INFO: Run Behavior\ReadHtmlCacheBehavior [ RunTime:0.000267s ]
INFO: [ app_begin ] --END-- [ RunTime:0.000284s ]
SQL: SHOW COLUMNS FROM `qm_product` [ RunTime:0.0004s ]
SQL: SELECT * FROM `qm_product`  [ RunTime:0.0001s ]

[ 2018-06-24T15:48:52+08:00 ] 119.163.250.175 /index.php/JRapp/Mgt/jpxx
INFO: [ app_init ] --START--
INFO: Run Behavior\BuildLiteBehavior [ RunTime:0.000010s ]
INFO: [ app_init ] --END-- [ RunTime:0.000238s ]
INFO: [ app_begin ] --START--
INFO: Run Behavior\ReadHtmlCacheBehavior [ RunTime:0.000347s ]
INFO: [ app_begin ] --END-- [ RunTime:0.000369s ]
SQL: SHOW COLUMNS FROM `qm_product` [ RunTime:0.0004s ]
SQL: SELECT * FROM `qm_product`  [ RunTime:0.0001s ]
INFO: [ view_parse ] --START--
INFO: [ template_filter ] --START--
INFO: Run Behavior\ContentReplaceBehavior [ RunTime:0.000028s ]
INFO: [ template_filter ] --END-- [ RunTime:0.000047s ]
NOTIC: [8] Undefined index: fcxc /www/wwwroot/dai.juhuaian.cn/Application/Runtime/Cache/JRapp/82f618e33ad17159593f753319451480.php 第 66 行.
NOTIC: [8] Undefined index: qfrq /www/wwwroot/dai.juhuaian.cn/Application/Runtime/Cache/JRapp/82f618e33ad17159593f753319451480.php 第 67 行.
NOTIC: [2] date() expects parameter 2 to be integer, string given /www/wwwroot/dai.juhuaian.cn/Application/Runtime/Cache/JRapp/82f618e33ad17159593f753319451480.php 第 68 行.
NOTIC: [8] Undefined variable: pageinfo /www/wwwroot/dai.juhuaian.cn/Application/Runtime/Cache/JRapp/82f618e33ad17159593f753319451480.php 第 75 行.
INFO: Run Behavior\ParseTemplateBehavior [ RunTime:0.003742s ]
INFO: [ view_parse ] --END-- [ RunTime:0.003757s ]
INFO: [ view_filter ] --START--
INFO: Run Behavior\WriteHtmlCacheBehavior [ RunTime:0.000076s ]
INFO: [ view_filter ] --END-- [ RunTime:0.000086s ]
INFO: [ app_end ] --START--
INFO: Run Behavior\ShowPageTraceBehavior [ RunTime:0.000282s ]
INFO: [ app_end ] --END-- [ RunTime:0.000295s ]

[ 2018-06-24T15:49:18+08:00 ] 119.163.250.175 /index.php/JRapp/Mgt/jpxx
INFO: [ app_init ] --START--
INFO: Run Behavior\BuildLiteBehavior [ RunTime:0.000006s ]
INFO: [ app_init ] --END-- [ RunTime:0.000174s ]
INFO: [ app_begin ] --START--
INFO: Run Behavior\ReadHtmlCacheBehavior [ RunTime:0.000212s ]
INFO: [ app_begin ] --END-- [ RunTime:0.000229s ]
SQL: SHOW COLUMNS FROM `qm_product` [ RunTime:0.0004s ]
SQL: SELECT * FROM `qm_product`  [ RunTime:0.0001s ]
INFO: [ view_parse ] --START--
INFO: [ template_filter ] --START--
INFO: Run Behavior\ContentReplaceBehavior [ RunTime:0.000032s ]
INFO: [ template_filter ] --END-- [ RunTime:0.000051s ]
NOTIC: [8] Undefined index: fcxc /www/wwwroot/dai.juhuaian.cn/Application/Runtime/Cache/JRapp/82f618e33ad17159593f753319451480.php 第 66 行.
NOTIC: [8] Undefined index: qfrq /www/wwwroot/dai.juhuaian.cn/Application/Runtime/Cache/JRapp/82f618e33ad17159593f753319451480.php 第 67 行.
NOTIC: [8] Undefined variable: pageinfo /www/wwwroot/dai.juhuaian.cn/Application/Runtime/Cache/JRapp/82f618e33ad17159593f753319451480.php 第 75 行.
INFO: Run Behavior\ParseTemplateBehavior [ RunTime:0.003019s ]
INFO: [ view_parse ] --END-- [ RunTime:0.003033s ]
INFO: [ view_filter ] --START--
INFO: Run Behavior\WriteHtmlCacheBehavior [ RunTime:0.000081s ]
INFO: [ view_filter ] --END-- [ RunTime:0.000093s ]
INFO: [ app_end ] --START--
INFO: Run Behavior\ShowPageTraceBehavior [ RunTime:0.000264s ]
INFO: [ app_end ] --END-- [ RunTime:0.000277s ]

[ 2018-06-24T15:49:35+08:00 ] 119.163.250.175 /index.php/JRapp/Mgt/jpxx
INFO: [ app_init ] --START--
INFO: Run Behavior\BuildLiteBehavior [ RunTime:0.000006s ]
INFO: [ app_init ] --END-- [ RunTime:0.000160s ]
INFO: [ app_begin ] --START--
INFO: Run Behavior\ReadHtmlCacheBehavior [ RunTime:0.000222s ]
INFO: [ app_begin ] --END-- [ RunTime:0.000239s ]
SQL: SHOW COLUMNS FROM `qm_product` [ RunTime:0.0004s ]
SQL: SELECT * FROM `qm_product`  [ RunTime:0.0000s ]
INFO: [ view_parse ] --START--
INFO: [ template_filter ] --START--
INFO: Run Behavior\ContentReplaceBehavior [ RunTime:0.000028s ]
INFO: [ template_filter ] --END-- [ RunTime:0.000044s ]
NOTIC: [8] Undefined variable: pageinfo /www/wwwroot/dai.juhuaian.cn/Application/Runtime/Cache/JRapp/82f618e33ad17159593f753319451480.php 第 74 行.
INFO: Run Behavior\ParseTemplateBehavior [ RunTime:0.002963s ]
INFO: [ view_parse ] --END-- [ RunTime:0.002980s ]
INFO: [ view_filter ] --START--
INFO: Run Behavior\WriteHtmlCacheBehavior [ RunTime:0.000088s ]
INFO: [ view_filter ] --END-- [ RunTime:0.000101s ]
INFO: [ app_end ] --START--
INFO: Run Behavior\ShowPageTraceBehavior [ RunTime:0.000262s ]
INFO: [ app_end ] --END-- [ RunTime:0.000276s ]

[ 2018-06-24T15:50:49+08:00 ] 119.163.250.175 /index.php/JRapp/Mgt/jpxx
INFO: [ app_init ] --START--
INFO: Run Behavior\BuildLiteBehavior [ RunTime:0.000006s ]
INFO: [ app_init ] --END-- [ RunTime:0.000158s ]
INFO: [ app_begin ] --START--
INFO: Run Behavior\ReadHtmlCacheBehavior [ RunTime:0.000208s ]
INFO: [ app_begin ] --END-- [ RunTime:0.000225s ]
SQL: SHOW COLUMNS FROM `qm_product` [ RunTime:0.0006s ]
SQL: SELECT * FROM `qm_product`  [ RunTime:0.0001s ]
INFO: [ view_parse ] --START--
INFO: [ template_filter ] --START--
INFO: Run Behavior\ContentReplaceBehavior [ RunTime:0.000036s ]
INFO: [ template_filter ] --END-- [ RunTime:0.000055s ]
NOTIC: [8] Undefined variable: pageinfo /www/wwwroot/dai.juhuaian.cn/Application/Runtime/Cache/JRapp/82f618e33ad17159593f753319451480.php 第 73 行.
INFO: Run Behavior\ParseTemplateBehavior [ RunTime:0.004163s ]
INFO: [ view_parse ] --END-- [ RunTime:0.004179s ]
INFO: [ view_filter ] --START--
INFO: Run Behavior\WriteHtmlCacheBehavior [ RunTime:0.000077s ]
INFO: [ view_filter ] --END-- [ RunTime:0.000090s ]
INFO: [ app_end ] --START--
INFO: Run Behavior\ShowPageTraceBehavior [ RunTime:0.000304s ]
INFO: [ app_end ] --END-- [ RunTime:0.000318s ]

[ 2018-06-24T15:50:58+08:00 ] 119.163.250.175 /index.php/JRapp/Mgt/sodel.html
INFO: [ app_init ] --START--
INFO: Run Behavior\BuildLiteBehavior [ RunTime:0.000006s ]
INFO: [ app_init ] --END-- [ RunTime:0.000159s ]
INFO: [ app_begin ] --START--
INFO: Run Behavior\ReadHtmlCacheBehavior [ RunTime:0.000232s ]
INFO: [ app_begin ] --END-- [ RunTime:0.000247s ]
ERR: 非法操作:sodel

[ 2018-06-24T15:50:58+08:00 ] 119.163.250.175 /index.php/JRapp/Mgt/addcp
INFO: [ app_init ] --START--
INFO: Run Behavior\BuildLiteBehavior [ RunTime:0.000006s ]
INFO: [ app_init ] --END-- [ RunTime:0.000171s ]
INFO: [ app_begin ] --START--
INFO: Run Behavior\ReadHtmlCacheBehavior [ RunTime:0.000246s ]
INFO: [ app_begin ] --END-- [ RunTime:0.000263s ]
ERR: 非法操作:addcp

[ 2018-06-24T15:57:52+08:00 ] 119.163.250.175 /index.php/JRapp/Mgt/jpxx
INFO: [ app_init ] --START--
INFO: Run Behavior\BuildLiteBehavior [ RunTime:0.000007s ]
INFO: [ app_init ] --END-- [ RunTime:0.000177s ]
INFO: [ app_begin ] --START--
INFO: Run Behavior\ReadHtmlCacheBehavior [ RunTime:0.000212s ]
INFO: [ app_begin ] --END-- [ RunTime:0.000229s ]
ERR: syntax error, unexpected 'if' (T_IF), expecting function (T_FUNCTION) or const (T_CONST)

[ 2018-06-24T15:57:55+08:00 ] 119.163.250.175 /index.php/JRapp/Index/index.html
INFO: [ app_init ] --START--
INFO: Run Behavior\BuildLiteBehavior [ RunTime:0.000006s ]
INFO: [ app_init ] --END-- [ RunTime:0.000184s ]
INFO: [ app_begin ] --START--
INFO: Run Behavior\ReadHtmlCacheBehavior [ RunTime:0.000204s ]
INFO: [ app_begin ] --END-- [ RunTime:0.000220s ]
SQL: SHOW COLUMNS FROM `qm_adminus` [ RunTime:0.0004s ]
SQL: SELECT `role_id` FROM `qm_adminus` WHERE `id` = 1 LIMIT 1   [ RunTime:0.0000s ]
SQL: SHOW COLUMNS FROM `qm_role_right` [ RunTime:0.0002s ]
SQL: SELECT `right_id` FROM `qm_role_right` WHERE ( role_id='1' )  [ RunTime:0.0000s ]
SQL: SHOW COLUMNS FROM `qm_right` [ RunTime:0.0002s ]
SQL: SELECT * FROM `qm_right` WHERE ( id in ('21','20','19','7','6','5','4','3','2','1') and parent_id=0 )  [ RunTime:0.0000s ]
SQL: SELECT * FROM `qm_right` WHERE ( id in ('21','20','19','7','6','5','4','3','2','1') and parent_id>0 )  [ RunTime:0.0000s ]
INFO: [ view_parse ] --START--
INFO: [ template_filter ] --START--
INFO: Run Behavior\ContentReplaceBehavior [ RunTime:0.000077s ]
INFO: [ template_filter ] --END-- [ RunTime:0.000113s ]
INFO: Run Behavior\ParseTemplateBehavior [ RunTime:0.004960s ]
INFO: [ view_parse ] --END-- [ RunTime:0.004979s ]
INFO: [ view_filter ] --START--
INFO: Run Behavior\WriteHtmlCacheBehavior [ RunTime:0.000075s ]
INFO: [ view_filter ] --END-- [ RunTime:0.000087s ]
INFO: [ app_end ] --START--
INFO: Run Behavior\ShowPageTraceBehavior [ RunTime:0.000276s ]
INFO: [ app_end ] --END-- [ RunTime:0.000290s ]

[ 2018-06-24T15:57:55+08:00 ] 119.163.250.175 /index.php/JRapp/Index/img/icon/baidu.png
INFO: [ app_init ] --START--
INFO: Run Behavior\BuildLiteBehavior [ RunTime:0.000009s ]
INFO: [ app_init ] --END-- [ RunTime:0.000207s ]

[ 2018-06-24T15:57:55+08:00 ] 119.163.250.175 /index.php/JRapp/Index/img/presentation/1.png
INFO: [ app_init ] --START--
INFO: Run Behavior\BuildLiteBehavior [ RunTime:0.000008s ]
INFO: [ app_init ] --END-- [ RunTime:0.000250s ]

[ 2018-06-24T15:57:55+08:00 ] 119.163.250.175 /index.php/JRapp/Mgt/jpxx
INFO: [ app_init ] --START--
INFO: Run Behavior\BuildLiteBehavior [ RunTime:0.000007s ]
INFO: [ app_init ] --END-- [ RunTime:0.000195s ]
INFO: [ app_begin ] --START--
INFO: Run Behavior\ReadHtmlCacheBehavior [ RunTime:0.000225s ]
INFO: [ app_begin ] --END-- [ RunTime:0.000242s ]
ERR: syntax error, unexpected 'if' (T_IF), expecting function (T_FUNCTION) or const (T_CONST)

[ 2018-06-24T15:57:57+08:00 ] 119.163.250.175 /index.php/JRapp/Mgt/jpxx
INFO: [ app_init ] --START--
INFO: Run Behavior\BuildLiteBehavior [ RunTime:0.000007s ]
INFO: [ app_init ] --END-- [ RunTime:0.000206s ]
INFO: [ app_begin ] --START--
INFO: Run Behavior\ReadHtmlCacheBehavior [ RunTime:0.000214s ]
INFO: [ app_begin ] --END-- [ RunTime:0.000231s ]
ERR: syntax error, unexpected 'if' (T_IF), expecting function (T_FUNCTION) or const (T_CONST)

[ 2018-06-24T15:57:58+08:00 ] 119.163.250.175 /index.php/JRapp/Mgt/jpxx
INFO: [ app_init ] --START--
INFO: Run Behavior\BuildLiteBehavior [ RunTime:0.000006s ]
INFO: [ app_init ] --END-- [ RunTime:0.000178s ]
INFO: [ app_begin ] --START--
INFO: Run Behavior\ReadHtmlCacheBehavior [ RunTime:0.000214s ]
INFO: [ app_begin ] --END-- [ RunTime:0.000232s ]
ERR: syntax error, unexpected 'if' (T_IF), expecting function (T_FUNCTION) or const (T_CONST)

[ 2018-06-24T15:58:15+08:00 ] 119.163.250.175 /index.php/JRapp/Mgt/jpxx
INFO: [ app_init ] --START--
INFO: Run Behavior\BuildLiteBehavior [ RunTime:0.000006s ]
INFO: [ app_init ] --END-- [ RunTime:0.000180s ]
INFO: [ app_begin ] --START--
INFO: Run Behavior\ReadHtmlCacheBehavior [ RunTime:0.000237s ]
INFO: [ app_begin ] --END-- [ RunTime:0.000254s ]
ERR: syntax error, unexpected 'p' (T_STRING), expecting '('

[ 2018-06-24T15:58:15+08:00 ] 119.163.250.175 /index.php/JRapp/Mgt/jpxx
INFO: [ app_init ] --START--
INFO: Run Behavior\BuildLiteBehavior [ RunTime:0.000006s ]
INFO: [ app_init ] --END-- [ RunTime:0.000154s ]
INFO: [ app_begin ] --START--
INFO: Run Behavior\ReadHtmlCacheBehavior [ RunTime:0.000203s ]
INFO: [ app_begin ] --END-- [ RunTime:0.000219s ]
ERR: syntax error, unexpected 'if' (T_IF), expecting function (T_FUNCTION) or const (T_CONST)

[ 2018-06-24T15:58:16+08:00 ] 119.163.250.175 /index.php/JRapp/Mgt/jpxx
INFO: [ app_init ] --START--
INFO: Run Behavior\BuildLiteBehavior [ RunTime:0.000009s ]
INFO: [ app_init ] --END-- [ RunTime:0.000178s ]
INFO: [ app_begin ] --START--
INFO: Run Behavior\ReadHtmlCacheBehavior [ RunTime:0.000208s ]
INFO: [ app_begin ] --END-- [ RunTime:0.000226s ]
ERR: syntax error, unexpected 'if' (T_IF), expecting function (T_FUNCTION) or const (T_CONST)

[ 2018-06-24T15:58:16+08:00 ] 119.163.250.175 /index.php/JRapp/Mgt/jpxx
INFO: [ app_init ] --START--
INFO: Run Behavior\BuildLiteBehavior [ RunTime:0.000007s ]
INFO: [ app_init ] --END-- [ RunTime:0.000171s ]
INFO: [ app_begin ] --START--
INFO: Run Behavior\ReadHtmlCacheBehavior [ RunTime:0.000225s ]
INFO: [ app_begin ] --END-- [ RunTime:0.000241s ]
ERR: syntax error, unexpected 'if' (T_IF), expecting function (T_FUNCTION) or const (T_CONST)

[ 2018-06-24T15:58:16+08:00 ] 119.163.250.175 /index.php/JRapp/Mgt/jpxx
INFO: [ app_init ] --START--
INFO: Run Behavior\BuildLiteBehavior [ RunTime:0.000006s ]
INFO: [ app_init ] --END-- [ RunTime:0.000170s ]
INFO: [ app_begin ] --START--
INFO: Run Behavior\ReadHtmlCacheBehavior [ RunTime:0.000231s ]
INFO: [ app_begin ] --END-- [ RunTime:0.000249s ]
ERR: syntax error, unexpected 'if' (T_IF), expecting function (T_FUNCTION) or const (T_CONST)

[ 2018-06-24T15:58:17+08:00 ] 119.163.250.175 /index.php/JRapp/Mgt/lunbo
INFO: [ app_init ] --START--
INFO: Run Behavior\BuildLiteBehavior [ RunTime:0.000006s ]
INFO: [ app_init ] --END-- [ RunTime:0.000154s ]
INFO: [ app_begin ] --START--
INFO: Run Behavior\ReadHtmlCacheBehavior [ RunTime:0.000201s ]
INFO: [ app_begin ] --END-- [ RunTime:0.000216s ]
ERR: syntax error, unexpected 'if' (T_IF), expecting function (T_FUNCTION) or const (T_CONST)

[ 2018-06-24T15:58:18+08:00 ] 119.163.250.175 /index.php/JRapp/Mgt/jpxx
INFO: [ app_init ] --START--
INFO: Run Behavior\BuildLiteBehavior [ RunTime:0.000006s ]
INFO: [ app_init ] --END-- [ RunTime:0.000154s ]
INFO: [ app_begin ] --START--
INFO: Run Behavior\ReadHtmlCacheBehavior [ RunTime:0.000201s ]
INFO: [ app_begin ] --END-- [ RunTime:0.000224s ]
ERR: syntax error, unexpected 'if' (T_IF), expecting function (T_FUNCTION) or const (T_CONST)

[ 2018-06-24T15:58:38+08:00 ] 119.163.250.175 /index.php/JRapp/Mgt/jpxx
INFO: [ app_init ] --START--
INFO: Run Behavior\BuildLiteBehavior [ RunTime:0.000005s ]
INFO: [ app_init ] --END-- [ RunTime:0.000159s ]
INFO: [ app_begin ] --START--
INFO: Run Behavior\ReadHtmlCacheBehavior [ RunTime:0.000216s ]
INFO: [ app_begin ] --END-- [ RunTime:0.000232s ]
SQL: SHOW COLUMNS FROM `qm_product` [ RunTime:0.0004s ]
SQL: SELECT * FROM `qm_product`  [ RunTime:0.0000s ]
INFO: [ view_parse ] --START--
INFO: [ template_filter ] --START--
INFO: Run Behavior\ContentReplaceBehavior [ RunTime:0.000043s ]
INFO: [ template_filter ] --END-- [ RunTime:0.000058s ]
NOTIC: [8] Undefined variable: pageinfo /www/wwwroot/dai.juhuaian.cn/Application/Runtime/Cache/JRapp/82f618e33ad17159593f753319451480.php 第 73 行.
INFO: Run Behavior\ParseTemplateBehavior [ RunTime:0.002845s ]
INFO: [ view_parse ] --END-- [ RunTime:0.002859s ]
INFO: [ view_filter ] --START--
INFO: Run Behavior\WriteHtmlCacheBehavior [ RunTime:0.000070s ]
INFO: [ view_filter ] --END-- [ RunTime:0.000082s ]
INFO: [ app_end ] --START--
INFO: Run Behavior\ShowPageTraceBehavior [ RunTime:0.000240s ]
INFO: [ app_end ] --END-- [ RunTime:0.000252s ]

[ 2018-06-24T15:58:39+08:00 ] 119.163.250.175 /index.php/JRapp/Mgt/sodel.html
INFO: [ app_init ] --START--
INFO: Run Behavior\BuildLiteBehavior [ RunTime:0.000007s ]
INFO: [ app_init ] --END-- [ RunTime:0.000155s ]
INFO: [ app_begin ] --START--
INFO: Run Behavior\ReadHtmlCacheBehavior [ RunTime:0.000208s ]
INFO: [ app_begin ] --END-- [ RunTime:0.000223s ]
ERR: 非法操作:sodel

[ 2018-06-24T15:58:39+08:00 ] 119.163.250.175 /index.php/JRapp/Mgt/addcp
INFO: [ app_init ] --START--
INFO: Run Behavior\BuildLiteBehavior [ RunTime:0.000005s ]
INFO: [ app_init ] --END-- [ RunTime:0.000194s ]
INFO: [ app_begin ] --START--
INFO: Run Behavior\ReadHtmlCacheBehavior [ RunTime:0.000226s ]
INFO: [ app_begin ] --END-- [ RunTime:0.000242s ]
INFO: [ view_parse ] --START--
INFO: [ template_filter ] --START--
INFO: Run Behavior\ContentReplaceBehavior [ RunTime:0.000032s ]
INFO: [ template_filter ] --END-- [ RunTime:0.000055s ]
INFO: Run Behavior\ParseTemplateBehavior [ RunTime:0.003415s ]
INFO: [ view_parse ] --END-- [ RunTime:0.003436s ]
INFO: [ view_filter ] --START--
INFO: Run Behavior\WriteHtmlCacheBehavior [ RunTime:0.000095s ]
INFO: [ view_filter ] --END-- [ RunTime:0.000111s ]
INFO: [ app_end ] --START--
INFO: Run Behavior\ShowPageTraceBehavior [ RunTime:0.001798s ]
INFO: [ app_end ] --END-- [ RunTime:0.001818s ]

[ 2018-06-24T15:58:41+08:00 ] 119.163.250.175 /index.php/JRapp/Index/index.html
INFO: [ app_init ] --START--
INFO: Run Behavior\BuildLiteBehavior [ RunTime:0.000007s ]
INFO: [ app_init ] --END-- [ RunTime:0.000182s ]
INFO: [ app_begin ] --START--
INFO: Run Behavior\ReadHtmlCacheBehavior [ RunTime:0.000198s ]
INFO: [ app_begin ] --END-- [ RunTime:0.000213s ]
SQL: SHOW COLUMNS FROM `qm_adminus` [ RunTime:0.0004s ]
SQL: SELECT `role_id` FROM `qm_adminus` WHERE `id` = 1 LIMIT 1   [ RunTime:0.0001s ]
SQL: SHOW COLUMNS FROM `qm_role_right` [ RunTime:0.0002s ]
SQL: SELECT `right_id` FROM `qm_role_right` WHERE ( role_id='1' )  [ RunTime:0.0000s ]
SQL: SHOW COLUMNS FROM `qm_right` [ RunTime:0.0002s ]
SQL: SELECT * FROM `qm_right` WHERE ( id in ('21','20','19','7','6','5','4','3','2','1') and parent_id=0 )  [ RunTime:0.0000s ]
SQL: SELECT * FROM `qm_right` WHERE ( id in ('21','20','19','7','6','5','4','3','2','1') and parent_id>0 )  [ RunTime:0.0000s ]
INFO: [ view_parse ] --START--
INFO: [ template_filter ] --START--
INFO: Run Behavior\ContentReplaceBehavior [ RunTime:0.000070s ]
INFO: [ template_filter ] --END-- [ RunTime:0.000088s ]
INFO: Run Behavior\ParseTemplateBehavior [ RunTime:0.003572s ]
INFO: [ view_parse ] --END-- [ RunTime:0.003587s ]
INFO: [ view_filter ] --START--
INFO: Run Behavior\WriteHtmlCacheBehavior [ RunTime:0.000069s ]
INFO: [ view_filter ] --END-- [ RunTime:0.000078s ]
INFO: [ app_end ] --START--
INFO: Run Behavior\ShowPageTraceBehavior [ RunTime:0.000240s ]
INFO: [ app_end ] --END-- [ RunTime:0.000254s ]

[ 2018-06-24T15:58:41+08:00 ] 119.163.250.175 /index.php/JRapp/Index/img/icon/baidu.png
INFO: [ app_init ] --START--
INFO: Run Behavior\BuildLiteBehavior [ RunTime:0.000006s ]
INFO: [ app_init ] --END-- [ RunTime:0.000208s ]

[ 2018-06-24T15:58:41+08:00 ] 119.163.250.175 /index.php/JRapp/Index/img/presentation/1.png
INFO: [ app_init ] --START--
INFO: Run Behavior\BuildLiteBehavior [ RunTime:0.000006s ]
INFO: [ app_init ] --END-- [ RunTime:0.000182s ]

[ 2018-06-24T15:58:42+08:00 ] 119.163.250.175 /index.php/JRapp/Mgt/lunbo
INFO: [ app_init ] --START--
INFO: Run Behavior\BuildLiteBehavior [ RunTime:0.000007s ]
INFO: [ app_init ] --END-- [ RunTime:0.000176s ]
INFO: [ app_begin ] --START--
INFO: Run Behavior\ReadHtmlCacheBehavior [ RunTime:0.000243s ]
INFO: [ app_begin ] --END-- [ RunTime:0.000261s ]
SQL: SHOW COLUMNS FROM `qm_lb` [ RunTime:0.0004s ]
SQL: SELECT * FROM `qm_lb`  [ RunTime:0.0001s ]
INFO: [ view_parse ] --START--
INFO: [ template_filter ] --START--
INFO: Run Behavior\ContentReplaceBehavior [ RunTime:0.000031s ]
INFO: [ template_filter ] --END-- [ RunTime:0.000047s ]
NOTIC: [8] Undefined variable: pageinfo /www/wwwroot/dai.juhuaian.cn/Application/Runtime/Cache/JRapp/1ed313fccb56bfdfa47b6ad4ac84a038.php 第 66 行.
INFO: Run Behavior\ParseTemplateBehavior [ RunTime:0.002882s ]
INFO: [ view_parse ] --END-- [ RunTime:0.002896s ]
INFO: [ view_filter ] --START--
INFO: Run Behavior\WriteHtmlCacheBehavior [ RunTime:0.000068s ]
INFO: [ view_filter ] --END-- [ RunTime:0.000079s ]
INFO: [ app_end ] --START--
INFO: Run Behavior\ShowPageTraceBehavior [ RunTime:0.000259s ]
INFO: [ app_end ] --END-- [ RunTime:0.000271s ]

[ 2018-06-24T15:58:45+08:00 ] 119.163.250.175 /index.php/JRapp/Mgt/jpxx
INFO: [ app_init ] --START--
INFO: Run Behavior\BuildLiteBehavior [ RunTime:0.000008s ]
INFO: [ app_init ] --END-- [ RunTime:0.000165s ]
INFO: [ app_begin ] --START--
INFO: Run Behavior\ReadHtmlCacheBehavior [ RunTime:0.000262s ]
INFO: [ app_begin ] --END-- [ RunTime:0.000279s ]
SQL: SHOW COLUMNS FROM `qm_product` [ RunTime:0.0004s ]
SQL: SELECT * FROM `qm_product`  [ RunTime:0.0001s ]
INFO: [ view_parse ] --START--
INFO: [ template_filter ] --START--
INFO: Run Behavior\ContentReplaceBehavior [ RunTime:0.000029s ]
INFO: [ template_filter ] --END-- [ RunTime:0.000045s ]
NOTIC: [8] Undefined variable: pageinfo /www/wwwroot/dai.juhuaian.cn/Application/Runtime/Cache/JRapp/82f618e33ad17159593f753319451480.php 第 73 行.
INFO: Run Behavior\ParseTemplateBehavior [ RunTime:0.003000s ]
INFO: [ view_parse ] --END-- [ RunTime:0.003018s ]
INFO: [ view_filter ] --START--
INFO: Run Behavior\WriteHtmlCacheBehavior [ RunTime:0.000083s ]
INFO: [ view_filter ] --END-- [ RunTime:0.000097s ]
INFO: [ app_end ] --START--
INFO: Run Behavior\ShowPageTraceBehavior [ RunTime:0.000307s ]
INFO: [ app_end ] --END-- [ RunTime:0.000322s ]

[ 2018-06-24T15:58:47+08:00 ] 119.163.250.175 /index.php/JRapp/Mgt/sodel.html
INFO: [ app_init ] --START--
INFO: Run Behavior\BuildLiteBehavior [ RunTime:0.000008s ]
INFO: [ app_init ] --END-- [ RunTime:0.000194s ]
INFO: [ app_begin ] --START--
INFO: Run Behavior\ReadHtmlCacheBehavior [ RunTime:0.000304s ]
INFO: [ app_begin ] --END-- [ RunTime:0.000325s ]
ERR: 非法操作:sodel

[ 2018-06-24T15:58:47+08:00 ] 119.163.250.175 /index.php/JRapp/Mgt/addcp
INFO: [ app_init ] --START--
INFO: Run Behavior\BuildLiteBehavior [ RunTime:0.000005s ]
INFO: [ app_init ] --END-- [ RunTime:0.000168s ]
INFO: [ app_begin ] --START--
INFO: Run Behavior\ReadHtmlCacheBehavior [ RunTime:0.000210s ]
INFO: [ app_begin ] --END-- [ RunTime:0.000225s ]
INFO: [ view_parse ] --START--
INFO: [ template_filter ] --START--
INFO: Run Behavior\ContentReplaceBehavior [ RunTime:0.000024s ]
INFO: [ template_filter ] --END-- [ RunTime:0.000042s ]
INFO: Run Behavior\ParseTemplateBehavior [ RunTime:0.002669s ]
INFO: [ view_parse ] --END-- [ RunTime:0.002689s ]
INFO: [ view_filter ] --START--
INFO: Run Behavior\WriteHtmlCacheBehavior [ RunTime:0.000088s ]
INFO: [ view_filter ] --END-- [ RunTime:0.000101s ]
INFO: [ app_end ] --START--
INFO: Run Behavior\ShowPageTraceBehavior [ RunTime:0.000389s ]
INFO: [ app_end ] --END-- [ RunTime:0.000403s ]

[ 2018-06-24T16:07:29+08:00 ] 119.163.250.175 /index.php/JRapp/Mgt/jpxx
INFO: [ app_init ] --START--
INFO: Run Behavior\BuildLiteBehavior [ RunTime:0.000007s ]
INFO: [ app_init ] --END-- [ RunTime:0.000180s ]
INFO: [ app_begin ] --START--
INFO: Run Behavior\ReadHtmlCacheBehavior [ RunTime:0.000204s ]
INFO: [ app_begin ] --END-- [ RunTime:0.000219s ]
SQL: SHOW COLUMNS FROM `qm_product` [ RunTime:0.0004s ]
SQL: SELECT * FROM `qm_product`  [ RunTime:0.0001s ]
INFO: [ view_parse ] --START--
INFO: [ template_filter ] --START--
INFO: Run Behavior\ContentReplaceBehavior [ RunTime:0.000035s ]
INFO: [ template_filter ] --END-- [ RunTime:0.000052s ]
NOTIC: [8] Undefined variable: pageinfo /www/wwwroot/dai.juhuaian.cn/Application/Runtime/Cache/JRapp/82f618e33ad17159593f753319451480.php 第 73 行.
INFO: Run Behavior\ParseTemplateBehavior [ RunTime:0.002929s ]
INFO: [ view_parse ] --END-- [ RunTime:0.002945s ]
INFO: [ view_filter ] --START--
INFO: Run Behavior\WriteHtmlCacheBehavior [ RunTime:0.000075s ]
INFO: [ view_filter ] --END-- [ RunTime:0.000090s ]
INFO: [ app_end ] --START--
INFO: Run Behavior\ShowPageTraceBehavior [ RunTime:0.000249s ]
INFO: [ app_end ] --END-- [ RunTime:0.000263s ]

[ 2018-06-24T16:07:30+08:00 ] 119.163.250.175 /index.php/JRapp/Mgt/sodel.html
INFO: [ app_init ] --START--
INFO: Run Behavior\BuildLiteBehavior [ RunTime:0.000007s ]
INFO: [ app_init ] --END-- [ RunTime:0.000199s ]
INFO: [ app_begin ] --START--
INFO: Run Behavior\ReadHtmlCacheBehavior [ RunTime:0.000247s ]
INFO: [ app_begin ] --END-- [ RunTime:0.000262s ]
ERR: 非法操作:sodel

[ 2018-06-24T16:07:30+08:00 ] 119.163.250.175 /index.php/JRapp/Mgt/addcp
INFO: [ app_init ] --START--
INFO: Run Behavior\BuildLiteBehavior [ RunTime:0.000007s ]
INFO: [ app_init ] --END-- [ RunTime:0.000175s ]
INFO: [ app_begin ] --START--
INFO: Run Behavior\ReadHtmlCacheBehavior [ RunTime:0.000233s ]
INFO: [ app_begin ] --END-- [ RunTime:0.000249s ]
INFO: [ view_parse ] --START--
INFO: [ template_filter ] --START--
INFO: Run Behavior\ContentReplaceBehavior [ RunTime:0.000029s ]
INFO: [ template_filter ] --END-- [ RunTime:0.000049s ]
INFO: Run Behavior\ParseTemplateBehavior [ RunTime:0.002571s ]
INFO: [ view_parse ] --END-- [ RunTime:0.002586s ]
INFO: [ view_filter ] --START--
INFO: Run Behavior\WriteHtmlCacheBehavior [ RunTime:0.000079s ]
INFO: [ view_filter ] --END-- [ RunTime:0.000091s ]
INFO: [ app_end ] --START--
INFO: Run Behavior\ShowPageTraceBehavior [ RunTime:0.000353s ]
INFO: [ app_end ] --END-- [ RunTime:0.000371s ]

[ 2018-06-24T16:08:00+08:00 ] 119.163.250.175 /index.php/JRapp/Mgt/jpxx
INFO: [ app_init ] --START--
INFO: Run Behavior\BuildLiteBehavior [ RunTime:0.000008s ]
INFO: [ app_init ] --END-- [ RunTime:0.000225s ]
INFO: [ app_begin ] --START--
INFO: Run Behavior\ReadHtmlCacheBehavior [ RunTime:0.000336s ]
INFO: [ app_begin ] --END-- [ RunTime:0.000356s ]
SQL: SHOW COLUMNS FROM `qm_product` [ RunTime:0.0006s ]
SQL: SELECT * FROM `qm_product`  [ RunTime:0.0001s ]
INFO: [ view_parse ] --START--
INFO: [ template_filter ] --START--
INFO: Run Behavior\ContentReplaceBehavior [ RunTime:0.000041s ]
INFO: [ template_filter ] --END-- [ RunTime:0.000060s ]
NOTIC: [8] Undefined variable: pageinfo /www/wwwroot/dai.juhuaian.cn/Application/Runtime/Cache/JRapp/82f618e33ad17159593f753319451480.php 第 73 行.
INFO: Run Behavior\ParseTemplateBehavior [ RunTime:0.004079s ]
INFO: [ view_parse ] --END-- [ RunTime:0.004097s ]
INFO: [ view_filter ] --START--
INFO: Run Behavior\WriteHtmlCacheBehavior [ RunTime:0.000093s ]
INFO: [ view_filter ] --END-- [ RunTime:0.000108s ]
INFO: [ app_end ] --START--
INFO: Run Behavior\ShowPageTraceBehavior [ RunTime:0.000377s ]
INFO: [ app_end ] --END-- [ RunTime:0.000394s ]

[ 2018-06-24T16:08:01+08:00 ] 119.163.250.175 /index.php/JRapp/Mgt/sodel.html
INFO: [ app_init ] --START--
INFO: Run Behavior\BuildLiteBehavior [ RunTime:0.000007s ]
INFO: [ app_init ] --END-- [ RunTime:0.000212s ]
INFO: [ app_begin ] --START--
INFO: Run Behavior\ReadHtmlCacheBehavior [ RunTime:0.000232s ]
INFO: [ app_begin ] --END-- [ RunTime:0.000247s ]
ERR: 非法操作:sodel

[ 2018-06-24T16:08:01+08:00 ] 119.163.250.175 /index.php/JRapp/Mgt/addcp
INFO: [ app_init ] --START--
INFO: Run Behavior\BuildLiteBehavior [ RunTime:0.000007s ]
INFO: [ app_init ] --END-- [ RunTime:0.000158s ]
INFO: [ app_begin ] --START--
INFO: Run Behavior\ReadHtmlCacheBehavior [ RunTime:0.000228s ]
INFO: [ app_begin ] --END-- [ RunTime:0.000244s ]
INFO: [ view_parse ] --START--
INFO: [ template_filter ] --START--
INFO: Run Behavior\ContentReplaceBehavior [ RunTime:0.000026s ]
INFO: [ template_filter ] --END-- [ RunTime:0.000042s ]
INFO: Run Behavior\ParseTemplateBehavior [ RunTime:0.002439s ]
INFO: [ view_parse ] --END-- [ RunTime:0.002455s ]
INFO: [ view_filter ] --START--
INFO: Run Behavior\WriteHtmlCacheBehavior [ RunTime:0.000069s ]
INFO: [ view_filter ] --END-- [ RunTime:0.000081s ]
INFO: [ app_end ] --START--
INFO: Run Behavior\ShowPageTraceBehavior [ RunTime:0.000242s ]
INFO: [ app_end ] --END-- [ RunTime:0.000255s ]

[ 2018-06-24T16:08:20+08:00 ] 119.163.250.175 /index.php/JRapp/Mgt/jpxx
INFO: [ app_init ] --START--
INFO: Run Behavior\BuildLiteBehavior [ RunTime:0.000008s ]
INFO: [ app_init ] --END-- [ RunTime:0.000163s ]
INFO: [ app_begin ] --START--
INFO: Run Behavior\ReadHtmlCacheBehavior [ RunTime:0.000283s ]
INFO: [ app_begin ] --END-- [ RunTime:0.000301s ]
SQL: SHOW COLUMNS FROM `qm_product` [ RunTime:0.0005s ]
SQL: SELECT * FROM `qm_product`  [ RunTime:0.0000s ]
INFO: [ view_parse ] --START--
INFO: [ template_filter ] --START--
INFO: Run Behavior\ContentReplaceBehavior [ RunTime:0.000030s ]
INFO: [ template_filter ] --END-- [ RunTime:0.000046s ]
NOTIC: [8] Undefined variable: pageinfo /www/wwwroot/dai.juhuaian.cn/Application/Runtime/Cache/JRapp/82f618e33ad17159593f753319451480.php 第 73 行.
INFO: Run Behavior\ParseTemplateBehavior [ RunTime:0.008915s ]
INFO: [ view_parse ] --END-- [ RunTime:0.008942s ]
INFO: [ view_filter ] --START--
INFO: Run Behavior\WriteHtmlCacheBehavior [ RunTime:0.000125s ]
INFO: [ view_filter ] --END-- [ RunTime:0.000181s ]
INFO: [ app_end ] --START--
INFO: Run Behavior\ShowPageTraceBehavior [ RunTime:0.000465s ]
INFO: [ app_end ] --END-- [ RunTime:0.000484s ]

[ 2018-06-24T16:08:21+08:00 ] 119.163.250.175 /index.php/JRapp/Mgt/sodel.html
INFO: [ app_init ] --START--
INFO: Run Behavior\BuildLiteBehavior [ RunTime:0.000007s ]
INFO: [ app_init ] --END-- [ RunTime:0.000178s ]
INFO: [ app_begin ] --START--
INFO: Run Behavior\ReadHtmlCacheBehavior [ RunTime:0.000203s ]
INFO: [ app_begin ] --END-- [ RunTime:0.000218s ]
ERR: 非法操作:sodel

[ 2018-06-24T16:08:21+08:00 ] 119.163.250.175 /index.php/JRapp/Mgt/addcp
INFO: [ app_init ] --START--
INFO: Run Behavior\BuildLiteBehavior [ RunTime:0.000005s ]
INFO: [ app_init ] --END-- [ RunTime:0.000161s ]
INFO: [ app_begin ] --START--
INFO: Run Behavior\ReadHtmlCacheBehavior [ RunTime:0.000212s ]
INFO: [ app_begin ] --END-- [ RunTime:0.000231s ]
INFO: [ view_parse ] --START--
INFO: [ template_filter ] --START--
INFO: Run Behavior\ContentReplaceBehavior [ RunTime:0.000038s ]
INFO: [ template_filter ] --END-- [ RunTime:0.000078s ]
INFO: Run Behavior\ParseTemplateBehavior [ RunTime:0.003155s ]
INFO: [ view_parse ] --END-- [ RunTime:0.003186s ]
INFO: [ view_filter ] --START--
INFO: Run Behavior\WriteHtmlCacheBehavior [ RunTime:0.000452s ]
INFO: [ view_filter ] --END-- [ RunTime:0.000474s ]
INFO: [ app_end ] --START--
INFO: Run Behavior\ShowPageTraceBehavior [ RunTime:0.000345s ]
INFO: [ app_end ] --END-- [ RunTime:0.000365s ]

[ 2018-06-24T16:08:54+08:00 ] 119.163.250.175 /index.php/JRapp/Mgt/jpxx
INFO: [ app_init ] --START--
INFO: Run Behavior\BuildLiteBehavior [ RunTime:0.000009s ]
INFO: [ app_init ] --END-- [ RunTime:0.000245s ]
INFO: [ app_begin ] --START--
INFO: Run Behavior\ReadHtmlCacheBehavior [ RunTime:0.000291s ]
INFO: [ app_begin ] --END-- [ RunTime:0.000311s ]
SQL: SHOW COLUMNS FROM `qm_product` [ RunTime:0.0020s ]
SQL: SELECT * FROM `qm_product`  [ RunTime:0.0001s ]
INFO: [ view_parse ] --START--
INFO: [ template_filter ] --START--
INFO: Run Behavior\ContentReplaceBehavior [ RunTime:0.000032s ]
INFO: [ template_filter ] --END-- [ RunTime:0.000048s ]
NOTIC: [8] Undefined variable: pageinfo /www/wwwroot/dai.juhuaian.cn/Application/Runtime/Cache/JRapp/82f618e33ad17159593f753319451480.php 第 73 行.
INFO: Run Behavior\ParseTemplateBehavior [ RunTime:0.002904s ]
INFO: [ view_parse ] --END-- [ RunTime:0.002919s ]
INFO: [ view_filter ] --START--
INFO: Run Behavior\WriteHtmlCacheBehavior [ RunTime:0.000084s ]
INFO: [ view_filter ] --END-- [ RunTime:0.000096s ]
INFO: [ app_end ] --START--
INFO: Run Behavior\ShowPageTraceBehavior [ RunTime:0.000251s ]
INFO: [ app_end ] --END-- [ RunTime:0.000265s ]

[ 2018-06-24T16:08:55+08:00 ] 119.163.250.175 /index.php/JRapp/Mgt/sodel.html
INFO: [ app_init ] --START--
INFO: Run Behavior\BuildLiteBehavior [ RunTime:0.000008s ]
INFO: [ app_init ] --END-- [ RunTime:0.000231s ]
INFO: [ app_begin ] --START--
INFO: Run Behavior\ReadHtmlCacheBehavior [ RunTime:0.000295s ]
INFO: [ app_begin ] --END-- [ RunTime:0.000315s ]
ERR: 非法操作:sodel

[ 2018-06-24T16:08:55+08:00 ] 119.163.250.175 /index.php/JRapp/Mgt/addcp
INFO: [ app_init ] --START--
INFO: Run Behavior\BuildLiteBehavior [ RunTime:0.000005s ]
INFO: [ app_init ] --END-- [ RunTime:0.000239s ]
INFO: [ app_begin ] --START--
INFO: Run Behavior\ReadHtmlCacheBehavior [ RunTime:0.000226s ]
INFO: [ app_begin ] --END-- [ RunTime:0.000242s ]
INFO: [ view_parse ] --START--
INFO: [ template_filter ] --START--
INFO: Run Behavior\ContentReplaceBehavior [ RunTime:0.000032s ]
INFO: [ template_filter ] --END-- [ RunTime:0.000054s ]
INFO: Run Behavior\ParseTemplateBehavior [ RunTime:0.003079s ]
INFO: [ view_parse ] --END-- [ RunTime:0.003098s ]
INFO: [ view_filter ] --START--
INFO: Run Behavior\WriteHtmlCacheBehavior [ RunTime:0.000084s ]
INFO: [ view_filter ] --END-- [ RunTime:0.000097s ]
INFO: [ app_end ] --START--
INFO: Run Behavior\ShowPageTraceBehavior [ RunTime:0.000311s ]
INFO: [ app_end ] --END-- [ RunTime:0.000329s ]

[ 2018-06-24T16:09:54+08:00 ] 119.163.250.175 /index.php/JRapp/Mgt/jpxx
INFO: [ app_init ] --START--
INFO: Run Behavior\BuildLiteBehavior [ RunTime:0.000006s ]
INFO: [ app_init ] --END-- [ RunTime:0.000172s ]
INFO: [ app_begin ] --START--
INFO: Run Behavior\ReadHtmlCacheBehavior [ RunTime:0.000205s ]
INFO: [ app_begin ] --END-- [ RunTime:0.000221s ]
SQL: SHOW COLUMNS FROM `qm_product` [ RunTime:0.0004s ]
SQL: SELECT * FROM `qm_product`  [ RunTime:0.0001s ]
INFO: [ view_parse ] --START--
INFO: [ template_filter ] --START--
INFO: Run Behavior\ContentReplaceBehavior [ RunTime:0.000038s ]
INFO: [ template_filter ] --END-- [ RunTime:0.000057s ]
NOTIC: [8] Undefined variable: pageinfo /www/wwwroot/dai.juhuaian.cn/Application/Runtime/Cache/JRapp/82f618e33ad17159593f753319451480.php 第 73 行.
INFO: Run Behavior\ParseTemplateBehavior [ RunTime:0.003111s ]
INFO: [ view_parse ] --END-- [ RunTime:0.003127s ]
INFO: [ view_filter ] --START--
INFO: Run Behavior\WriteHtmlCacheBehavior [ RunTime:0.000081s ]
INFO: [ view_filter ] --END-- [ RunTime:0.000093s ]
INFO: [ app_end ] --START--
INFO: Run Behavior\ShowPageTraceBehavior [ RunTime:0.000321s ]
INFO: [ app_end ] --END-- [ RunTime:0.000339s ]

[ 2018-06-24T16:09:56+08:00 ] 119.163.250.175 /index.php/JRapp/Mgt/sodel.html
INFO: [ app_init ] --START--
INFO: Run Behavior\BuildLiteBehavior [ RunTime:0.000008s ]
INFO: [ app_init ] --END-- [ RunTime:0.000180s ]
INFO: [ app_begin ] --START--
INFO: Run Behavior\ReadHtmlCacheBehavior [ RunTime:0.000255s ]
INFO: [ app_begin ] --END-- [ RunTime:0.000289s ]
ERR: 非法操作:sodel

[ 2018-06-24T16:09:56+08:00 ] 119.163.250.175 /index.php/JRapp/Mgt/addcp
INFO: [ app_init ] --START--
INFO: Run Behavior\BuildLiteBehavior [ RunTime:0.000005s ]
INFO: [ app_init ] --END-- [ RunTime:0.000163s ]
INFO: [ app_begin ] --START--
INFO: Run Behavior\ReadHtmlCacheBehavior [ RunTime:0.000205s ]
INFO: [ app_begin ] --END-- [ RunTime:0.000221s ]
INFO: [ view_parse ] --START--
INFO: [ template_filter ] --START--
INFO: Run Behavior\ContentReplaceBehavior [ RunTime:0.000026s ]
INFO: [ template_filter ] --END-- [ RunTime:0.000043s ]
INFO: Run Behavior\ParseTemplateBehavior [ RunTime:0.002453s ]
INFO: [ view_parse ] --END-- [ RunTime:0.002467s ]
INFO: [ view_filter ] --START--
INFO: Run Behavior\WriteHtmlCacheBehavior [ RunTime:0.000073s ]
INFO: [ view_filter ] --END-- [ RunTime:0.000087s ]
INFO: [ app_end ] --START--
INFO: Run Behavior\ShowPageTraceBehavior [ RunTime:0.000302s ]
INFO: [ app_end ] --END-- [ RunTime:0.000317s ]

[ 2018-06-24T16:10:43+08:00 ] 119.163.250.175 /index.php/JRapp/Mgt/jpxx
INFO: [ app_init ] --START--
INFO: Run Behavior\BuildLiteBehavior [ RunTime:0.000007s ]
INFO: [ app_init ] --END-- [ RunTime:0.000169s ]
INFO: [ app_begin ] --START--
INFO: Run Behavior\ReadHtmlCacheBehavior [ RunTime:0.000214s ]
INFO: [ app_begin ] --END-- [ RunTime:0.000231s ]
SQL: SHOW COLUMNS FROM `qm_product` [ RunTime:0.0004s ]
SQL: SELECT * FROM `qm_product`  [ RunTime:0.0001s ]
INFO: [ view_parse ] --START--
INFO: [ template_filter ] --START--
INFO: Run Behavior\ContentReplaceBehavior [ RunTime:0.000030s ]
INFO: [ template_filter ] --END-- [ RunTime:0.000045s ]
NOTIC: [8] Undefined variable: pageinfo /www/wwwroot/dai.juhuaian.cn/Application/Runtime/Cache/JRapp/82f618e33ad17159593f753319451480.php 第 73 行.
INFO: Run Behavior\ParseTemplateBehavior [ RunTime:0.002770s ]
INFO: [ view_parse ] --END-- [ RunTime:0.002784s ]
INFO: [ view_filter ] --START--
INFO: Run Behavior\WriteHtmlCacheBehavior [ RunTime:0.000084s ]
INFO: [ view_filter ] --END-- [ RunTime:0.000095s ]
INFO: [ app_end ] --START--
INFO: Run Behavior\ShowPageTraceBehavior [ RunTime:0.000249s ]
INFO: [ app_end ] --END-- [ RunTime:0.000262s ]

[ 2018-06-24T16:10:45+08:00 ] 119.163.250.175 /index.php/JRapp/Mgt/sodel.html
INFO: [ app_init ] --START--
INFO: Run Behavior\BuildLiteBehavior [ RunTime:0.000009s ]
INFO: [ app_init ] --END-- [ RunTime:0.000232s ]
INFO: [ app_begin ] --START--
INFO: Run Behavior\ReadHtmlCacheBehavior [ RunTime:0.000300s ]
INFO: [ app_begin ] --END-- [ RunTime:0.000321s ]
ERR: 非法操作:sodel

[ 2018-06-24T16:10:45+08:00 ] 119.163.250.175 /index.php/JRapp/Mgt/addcp
INFO: [ app_init ] --START--
INFO: Run Behavior\BuildLiteBehavior [ RunTime:0.000005s ]
INFO: [ app_init ] --END-- [ RunTime:0.000204s ]
INFO: [ app_begin ] --START--
INFO: Run Behavior\ReadHtmlCacheBehavior [ RunTime:0.000212s ]
INFO: [ app_begin ] --END-- [ RunTime:0.000227s ]
INFO: [ view_parse ] --START--
INFO: [ template_filter ] --START--
INFO: Run Behavior\ContentReplaceBehavior [ RunTime:0.000026s ]
INFO: [ template_filter ] --END-- [ RunTime:0.000043s ]
INFO: Run Behavior\ParseTemplateBehavior [ RunTime:0.002621s ]
INFO: [ view_parse ] --END-- [ RunTime:0.002636s ]
INFO: [ view_filter ] --START--
INFO: Run Behavior\WriteHtmlCacheBehavior [ RunTime:0.000068s ]
INFO: [ view_filter ] --END-- [ RunTime:0.000079s ]
INFO: [ app_end ] --START--
INFO: Run Behavior\ShowPageTraceBehavior [ RunTime:0.000242s ]
INFO: [ app_end ] --END-- [ RunTime:0.000255s ]

[ 2018-06-24T16:11:00+08:00 ] 119.163.250.175 /index.php/JRapp/Mgt/jpxx
INFO: [ app_init ] --START--
INFO: Run Behavior\BuildLiteBehavior [ RunTime:0.000006s ]
INFO: [ app_init ] --END-- [ RunTime:0.000161s ]
INFO: [ app_begin ] --START--
INFO: Run Behavior\ReadHtmlCacheBehavior [ RunTime:0.000244s ]
INFO: [ app_begin ] --END-- [ RunTime:0.000262s ]
SQL: SHOW COLUMNS FROM `qm_product` [ RunTime:0.0004s ]
SQL: SELECT * FROM `qm_product`  [ RunTime:0.0000s ]
INFO: [ view_parse ] --START--
INFO: [ template_filter ] --START--
INFO: Run Behavior\ContentReplaceBehavior [ RunTime:0.000031s ]
INFO: [ template_filter ] --END-- [ RunTime:0.000047s ]
NOTIC: [8] Undefined variable: pageinfo /www/wwwroot/dai.juhuaian.cn/Application/Runtime/Cache/JRapp/82f618e33ad17159593f753319451480.php 第 73 行.
INFO: Run Behavior\ParseTemplateBehavior [ RunTime:0.002834s ]
INFO: [ view_parse ] --END-- [ RunTime:0.002848s ]
INFO: [ view_filter ] --START--
INFO: Run Behavior\WriteHtmlCacheBehavior [ RunTime:0.000070s ]
INFO: [ view_filter ] --END-- [ RunTime:0.000081s ]
INFO: [ app_end ] --START--
INFO: Run Behavior\ShowPageTraceBehavior [ RunTime:0.000256s ]
INFO: [ app_end ] --END-- [ RunTime:0.000269s ]

[ 2018-06-24T16:11:01+08:00 ] 119.163.250.175 /index.php/JRapp/Mgt/sodel.html
INFO: [ app_init ] --START--
INFO: Run Behavior\BuildLiteBehavior [ RunTime:0.000007s ]
INFO: [ app_init ] --END-- [ RunTime:0.000214s ]
INFO: [ app_begin ] --START--
INFO: Run Behavior\ReadHtmlCacheBehavior [ RunTime:0.000240s ]
INFO: [ app_begin ] --END-- [ RunTime:0.000256s ]
ERR: 非法操作:sodel

[ 2018-06-24T16:11:01+08:00 ] 119.163.250.175 /index.php/JRapp/Mgt/addcp
INFO: [ app_init ] --START--
INFO: Run Behavior\BuildLiteBehavior [ RunTime:0.000007s ]
INFO: [ app_init ] --END-- [ RunTime:0.000164s ]
INFO: [ app_begin ] --START--
INFO: Run Behavior\ReadHtmlCacheBehavior [ RunTime:0.000228s ]
INFO: [ app_begin ] --END-- [ RunTime:0.000246s ]
INFO: [ view_parse ] --START--
INFO: [ template_filter ] --START--
INFO: Run Behavior\ContentReplaceBehavior [ RunTime:0.000029s ]
INFO: [ template_filter ] --END-- [ RunTime:0.000047s ]
INFO: Run Behavior\ParseTemplateBehavior [ RunTime:0.002642s ]
INFO: [ view_parse ] --END-- [ RunTime:0.002656s ]
INFO: [ view_filter ] --START--
INFO: Run Behavior\WriteHtmlCacheBehavior [ RunTime:0.000077s ]
INFO: [ view_filter ] --END-- [ RunTime:0.000088s ]
INFO: [ app_end ] --START--
INFO: Run Behavior\ShowPageTraceBehavior [ RunTime:0.000246s ]
INFO: [ app_end ] --END-- [ RunTime:0.000261s ]

[ 2018-06-24T16:11:15+08:00 ] 119.163.250.175 /index.php/JRapp/Mgt/jpxx
INFO: [ app_init ] --START--
INFO: Run Behavior\BuildLiteBehavior [ RunTime:0.000006s ]
INFO: [ app_init ] --END-- [ RunTime:0.000175s ]
INFO: [ app_begin ] --START--
INFO: Run Behavior\ReadHtmlCacheBehavior [ RunTime:0.000218s ]
INFO: [ app_begin ] --END-- [ RunTime:0.000234s ]
SQL: SHOW COLUMNS FROM `qm_product` [ RunTime:0.0004s ]
SQL: SELECT * FROM `qm_product`  [ RunTime:0.0001s ]
INFO: [ view_parse ] --START--
INFO: [ template_filter ] --START--
INFO: Run Behavior\ContentReplaceBehavior [ RunTime:0.000031s ]
INFO: [ template_filter ] --END-- [ RunTime:0.000048s ]
NOTIC: [8] Undefined variable: pageinfo /www/wwwroot/dai.juhuaian.cn/Application/Runtime/Cache/JRapp/82f618e33ad17159593f753319451480.php 第 73 行.
INFO: Run Behavior\ParseTemplateBehavior [ RunTime:0.002839s ]
INFO: [ view_parse ] --END-- [ RunTime:0.002853s ]
INFO: [ view_filter ] --START--
INFO: Run Behavior\WriteHtmlCacheBehavior [ RunTime:0.000072s ]
INFO: [ view_filter ] --END-- [ RunTime:0.000084s ]
INFO: [ app_end ] --START--
INFO: Run Behavior\ShowPageTraceBehavior [ RunTime:0.000262s ]
INFO: [ app_end ] --END-- [ RunTime:0.000276s ]

[ 2018-06-24T16:11:16+08:00 ] 119.163.250.175 /index.php/JRapp/Mgt/sodel.html
INFO: [ app_init ] --START--
INFO: Run Behavior\BuildLiteBehavior [ RunTime:0.000008s ]
INFO: [ app_init ] --END-- [ RunTime:0.000247s ]
INFO: [ app_begin ] --START--
INFO: Run Behavior\ReadHtmlCacheBehavior [ RunTime:0.000292s ]
INFO: [ app_begin ] --END-- [ RunTime:0.000313s ]
ERR: 非法操作:sodel

[ 2018-06-24T16:11:16+08:00 ] 119.163.250.175 /index.php/JRapp/Mgt/addcp
INFO: [ app_init ] --START--
INFO: Run Behavior\BuildLiteBehavior [ RunTime:0.000005s ]
INFO: [ app_init ] --END-- [ RunTime:0.000164s ]
INFO: [ app_begin ] --START--
INFO: Run Behavior\ReadHtmlCacheBehavior [ RunTime:0.000226s ]
INFO: [ app_begin ] --END-- [ RunTime:0.000242s ]
INFO: [ view_parse ] --START--
INFO: [ template_filter ] --START--
INFO: Run Behavior\ContentReplaceBehavior [ RunTime:0.000026s ]
INFO: [ template_filter ] --END-- [ RunTime:0.000042s ]
INFO: Run Behavior\ParseTemplateBehavior [ RunTime:0.002419s ]
INFO: [ view_parse ] --END-- [ RunTime:0.002433s ]
INFO: [ view_filter ] --START--
INFO: Run Behavior\WriteHtmlCacheBehavior [ RunTime:0.000068s ]
INFO: [ view_filter ] --END-- [ RunTime:0.000078s ]
INFO: [ app_end ] --START--
INFO: Run Behavior\ShowPageTraceBehavior [ RunTime:0.000242s ]
INFO: [ app_end ] --END-- [ RunTime:0.000257s ]

[ 2018-06-24T16:11:47+08:00 ] 119.163.250.175 /index.php/JRapp/Mgt/jpxx
INFO: [ app_init ] --START--
INFO: Run Behavior\BuildLiteBehavior [ RunTime:0.000007s ]
INFO: [ app_init ] --END-- [ RunTime:0.000206s ]
INFO: [ app_begin ] --START--
INFO: Run Behavior\ReadHtmlCacheBehavior [ RunTime:0.000242s ]
INFO: [ app_begin ] --END-- [ RunTime:0.000258s ]
SQL: SHOW COLUMNS FROM `qm_product` [ RunTime:0.0004s ]
SQL: SELECT * FROM `qm_product`  [ RunTime:0.0001s ]
INFO: [ view_parse ] --START--
INFO: [ template_filter ] --START--
INFO: Run Behavior\ContentReplaceBehavior [ RunTime:0.000042s ]
INFO: [ template_filter ] --END-- [ RunTime:0.000062s ]
NOTIC: [8] Undefined variable: pageinfo /www/wwwroot/dai.juhuaian.cn/Application/Runtime/Cache/JRapp/82f618e33ad17159593f753319451480.php 第 73 行.
INFO: Run Behavior\ParseTemplateBehavior [ RunTime:0.002934s ]
INFO: [ view_parse ] --END-- [ RunTime:0.002950s ]
INFO: [ view_filter ] --START--
INFO: Run Behavior\WriteHtmlCacheBehavior [ RunTime:0.000074s ]
INFO: [ view_filter ] --END-- [ RunTime:0.000085s ]
INFO: [ app_end ] --START--
INFO: Run Behavior\ShowPageTraceBehavior [ RunTime:0.000301s ]
INFO: [ app_end ] --END-- [ RunTime:0.000316s ]

[ 2018-06-24T16:11:48+08:00 ] 119.163.250.175 /index.php/JRapp/Mgt/sodel.html
INFO: [ app_init ] --START--
INFO: Run Behavior\BuildLiteBehavior [ RunTime:0.000007s ]
INFO: [ app_init ] --END-- [ RunTime:0.000175s ]
INFO: [ app_begin ] --START--
INFO: Run Behavior\ReadHtmlCacheBehavior [ RunTime:0.000229s ]
INFO: [ app_begin ] --END-- [ RunTime:0.000245s ]
ERR: 非法操作:sodel

[ 2018-06-24T16:11:48+08:00 ] 119.163.250.175 /index.php/JRapp/Mgt/addcp
INFO: [ app_init ] --START--
INFO: Run Behavior\BuildLiteBehavior [ RunTime:0.000006s ]
INFO: [ app_init ] --END-- [ RunTime:0.000169s ]
INFO: [ app_begin ] --START--
INFO: Run Behavior\ReadHtmlCacheBehavior [ RunTime:0.000209s ]
INFO: [ app_begin ] --END-- [ RunTime:0.000225s ]
INFO: [ view_parse ] --START--
INFO: [ template_filter ] --START--
INFO: Run Behavior\ContentReplaceBehavior [ RunTime:0.000025s ]
INFO: [ template_filter ] --END-- [ RunTime:0.000054s ]
INFO: Run Behavior\ParseTemplateBehavior [ RunTime:0.002467s ]
INFO: [ view_parse ] --END-- [ RunTime:0.002483s ]
INFO: [ view_filter ] --START--
INFO: Run Behavior\WriteHtmlCacheBehavior [ RunTime:0.000078s ]
INFO: [ view_filter ] --END-- [ RunTime:0.000090s ]
INFO: [ app_end ] --START--
INFO: Run Behavior\ShowPageTraceBehavior [ RunTime:0.000245s ]
INFO: [ app_end ] --END-- [ RunTime:0.000258s ]

[ 2018-06-24T16:50:17+08:00 ] 119.163.250.175 /index.php/JRapp/Mgt/jpxx
INFO: [ app_init ] --START--
INFO: Run Behavior\BuildLiteBehavior [ RunTime:0.000007s ]
INFO: [ app_init ] --END-- [ RunTime:0.000156s ]
INFO: [ app_begin ] --START--
INFO: Run Behavior\ReadHtmlCacheBehavior [ RunTime:0.000233s ]
INFO: [ app_begin ] --END-- [ RunTime:0.000249s ]
SQL: SHOW COLUMNS FROM `qm_product` [ RunTime:0.0004s ]
SQL: SELECT * FROM `qm_product`  [ RunTime:0.0000s ]
INFO: [ view_parse ] --START--
INFO: [ template_filter ] --START--
INFO: Run Behavior\ContentReplaceBehavior [ RunTime:0.000031s ]
INFO: [ template_filter ] --END-- [ RunTime:0.000047s ]
NOTIC: [8] Undefined variable: pageinfo /www/wwwroot/dai.juhuaian.cn/Application/Runtime/Cache/JRapp/82f618e33ad17159593f753319451480.php 第 73 行.
INFO: Run Behavior\ParseTemplateBehavior [ RunTime:0.002834s ]
INFO: [ view_parse ] --END-- [ RunTime:0.002849s ]
INFO: [ view_filter ] --START--
INFO: Run Behavior\WriteHtmlCacheBehavior [ RunTime:0.000071s ]
INFO: [ view_filter ] --END-- [ RunTime:0.000082s ]
INFO: [ app_end ] --START--
INFO: Run Behavior\ShowPageTraceBehavior [ RunTime:0.000243s ]
INFO: [ app_end ] --END-- [ RunTime:0.000255s ]

[ 2018-06-24T16:50:18+08:00 ] 119.163.250.175 /index.php/JRapp/Mgt/sodel.html
INFO: [ app_init ] --START--
INFO: Run Behavior\BuildLiteBehavior [ RunTime:0.000006s ]
INFO: [ app_init ] --END-- [ RunTime:0.000155s ]
INFO: [ app_begin ] --START--
INFO: Run Behavior\ReadHtmlCacheBehavior [ RunTime:0.000226s ]
INFO: [ app_begin ] --END-- [ RunTime:0.000242s ]
ERR: 非法操作:sodel

[ 2018-06-24T16:50:18+08:00 ] 119.163.250.175 /index.php/JRapp/Mgt/addcp
INFO: [ app_init ] --START--
INFO: Run Behavior\BuildLiteBehavior [ RunTime:0.000006s ]
INFO: [ app_init ] --END-- [ RunTime:0.000167s ]
INFO: [ app_begin ] --START--
INFO: Run Behavior\ReadHtmlCacheBehavior [ RunTime:0.000199s ]
INFO: [ app_begin ] --END-- [ RunTime:0.000214s ]
INFO: [ view_parse ] --START--
INFO: [ template_filter ] --START--
INFO: Run Behavior\ContentReplaceBehavior [ RunTime:0.000026s ]
INFO: [ template_filter ] --END-- [ RunTime:0.000042s ]
INFO: Run Behavior\ParseTemplateBehavior [ RunTime:0.002338s ]
INFO: [ view_parse ] --END-- [ RunTime:0.002352s ]
INFO: [ view_filter ] --START--
INFO: Run Behavior\WriteHtmlCacheBehavior [ RunTime:0.000067s ]
INFO: [ view_filter ] --END-- [ RunTime:0.000077s ]
INFO: [ app_end ] --START--
INFO: Run Behavior\ShowPageTraceBehavior [ RunTime:0.000233s ]
INFO: [ app_end ] --END-- [ RunTime:0.000245s ]

[ 2018-06-24T17:03:08+08:00 ] 119.163.250.175 /index.php/JRapp/Mgt/jpxx
INFO: [ app_init ] --START--
INFO: Run Behavior\BuildLiteBehavior [ RunTime:0.000008s ]
INFO: [ app_init ] --END-- [ RunTime:0.000173s ]
INFO: [ app_begin ] --START--
INFO: Run Behavior\ReadHtmlCacheBehavior [ RunTime:0.000209s ]
INFO: [ app_begin ] --END-- [ RunTime:0.000229s ]
SQL: SHOW COLUMNS FROM `qm_product` [ RunTime:0.0004s ]
SQL: SELECT * FROM `qm_product`  [ RunTime:0.0001s ]
INFO: [ view_parse ] --START--
INFO: [ template_filter ] --START--
INFO: Run Behavior\ContentReplaceBehavior [ RunTime:0.000032s ]
INFO: [ template_filter ] --END-- [ RunTime:0.000047s ]
NOTIC: [8] Undefined variable: pageinfo /www/wwwroot/dai.juhuaian.cn/Application/Runtime/Cache/JRapp/82f618e33ad17159593f753319451480.php 第 73 行.
INFO: Run Behavior\ParseTemplateBehavior [ RunTime:0.002983s ]
INFO: [ view_parse ] --END-- [ RunTime:0.002998s ]
INFO: [ view_filter ] --START--
INFO: Run Behavior\WriteHtmlCacheBehavior [ RunTime:0.000072s ]
INFO: [ view_filter ] --END-- [ RunTime:0.000086s ]
INFO: [ app_end ] --START--
INFO: Run Behavior\ShowPageTraceBehavior [ RunTime:0.000260s ]
INFO: [ app_end ] --END-- [ RunTime:0.000277s ]

[ 2018-06-24T17:03:09+08:00 ] 119.163.250.175 /index.php/JRapp/Mgt/sodel.html
INFO: [ app_init ] --START--
INFO: Run Behavior\BuildLiteBehavior [ RunTime:0.000007s ]
INFO: [ app_init ] --END-- [ RunTime:0.000240s ]
INFO: [ app_begin ] --START--
INFO: Run Behavior\ReadHtmlCacheBehavior [ RunTime:0.000263s ]
INFO: [ app_begin ] --END-- [ RunTime:0.000283s ]
ERR: 非法操作:sodel

[ 2018-06-24T17:03:09+08:00 ] 119.163.250.175 /index.php/JRapp/Mgt/addcp
INFO: [ app_init ] --START--
INFO: Run Behavior\BuildLiteBehavior [ RunTime:0.000007s ]
INFO: [ app_init ] --END-- [ RunTime:0.000157s ]
INFO: [ app_begin ] --START--
INFO: Run Behavior\ReadHtmlCacheBehavior [ RunTime:0.000202s ]
INFO: [ app_begin ] --END-- [ RunTime:0.000218s ]
INFO: [ view_parse ] --START--
INFO: [ template_filter ] --START--
INFO: Run Behavior\ContentReplaceBehavior [ RunTime:0.000027s ]
INFO: [ template_filter ] --END-- [ RunTime:0.000044s ]
INFO: Run Behavior\ParseTemplateBehavior [ RunTime:0.002450s ]
INFO: [ view_parse ] --END-- [ RunTime:0.002465s ]
INFO: [ view_filter ] --START--
INFO: Run Behavior\WriteHtmlCacheBehavior [ RunTime:0.000068s ]
INFO: [ view_filter ] --END-- [ RunTime:0.000079s ]
INFO: [ app_end ] --START--
INFO: Run Behavior\ShowPageTraceBehavior [ RunTime:0.000231s ]
INFO: [ app_end ] --END-- [ RunTime:0.000245s ]

[ 2018-06-24T17:04:06+08:00 ] 119.163.250.175 /index.php/JRapp/Mgt/jpxx
INFO: [ app_init ] --START--
INFO: Run Behavior\BuildLiteBehavior [ RunTime:0.000007s ]
INFO: [ app_init ] --END-- [ RunTime:0.000207s ]
INFO: [ app_begin ] --START--
INFO: Run Behavior\ReadHtmlCacheBehavior [ RunTime:0.000228s ]
INFO: [ app_begin ] --END-- [ RunTime:0.000245s ]
SQL: SHOW COLUMNS FROM `qm_product` [ RunTime:0.0004s ]
SQL: SELECT * FROM `qm_product`  [ RunTime:0.0001s ]
INFO: [ view_parse ] --START--
INFO: [ template_filter ] --START--
INFO: Run Behavior\ContentReplaceBehavior [ RunTime:0.000031s ]
INFO: [ template_filter ] --END-- [ RunTime:0.000047s ]
NOTIC: [8] Undefined variable: pageinfo /www/wwwroot/dai.juhuaian.cn/Application/Runtime/Cache/JRapp/82f618e33ad17159593f753319451480.php 第 73 行.
INFO: Run Behavior\ParseTemplateBehavior [ RunTime:0.003059s ]
INFO: [ view_parse ] --END-- [ RunTime:0.003074s ]
INFO: [ view_filter ] --START--
INFO: Run Behavior\WriteHtmlCacheBehavior [ RunTime:0.000072s ]
INFO: [ view_filter ] --END-- [ RunTime:0.000084s ]
INFO: [ app_end ] --START--
INFO: Run Behavior\ShowPageTraceBehavior [ RunTime:0.000259s ]
INFO: [ app_end ] --END-- [ RunTime:0.000274s ]

[ 2018-06-24T17:04:07+08:00 ] 119.163.250.175 /index.php/JRapp/Mgt/sodel.html
INFO: [ app_init ] --START--
INFO: Run Behavior\BuildLiteBehavior [ RunTime:0.000006s ]
INFO: [ app_init ] --END-- [ RunTime:0.000177s ]
INFO: [ app_begin ] --START--
INFO: Run Behavior\ReadHtmlCacheBehavior [ RunTime:0.000219s ]
INFO: [ app_begin ] --END-- [ RunTime:0.000236s ]
ERR: 非法操作:sodel

[ 2018-06-24T17:04:07+08:00 ] 119.163.250.175 /index.php/JRapp/Mgt/addcp
INFO: [ app_init ] --START--
INFO: Run Behavior\BuildLiteBehavior [ RunTime:0.000005s ]
INFO: [ app_init ] --END-- [ RunTime:0.000164s ]
INFO: [ app_begin ] --START--
INFO: Run Behavior\ReadHtmlCacheBehavior [ RunTime:0.000219s ]
INFO: [ app_begin ] --END-- [ RunTime:0.000236s ]
INFO: [ view_parse ] --START--
INFO: [ template_filter ] --START--
INFO: Run Behavior\ContentReplaceBehavior [ RunTime:0.000027s ]
INFO: [ template_filter ] --END-- [ RunTime:0.000046s ]
INFO: Run Behavior\ParseTemplateBehavior [ RunTime:0.002651s ]
INFO: [ view_parse ] --END-- [ RunTime:0.002675s ]
INFO: [ view_filter ] --START--
INFO: Run Behavior\WriteHtmlCacheBehavior [ RunTime:0.000074s ]
INFO: [ view_filter ] --END-- [ RunTime:0.000086s ]
INFO: [ app_end ] --START--
INFO: Run Behavior\ShowPageTraceBehavior [ RunTime:0.000269s ]
INFO: [ app_end ] --END-- [ RunTime:0.000283s ]

