[ 2018-11-04T16:15:36+08:00 ] 39.71.14.180 /index.php/JRapp/Index/index.html
INFO: [ app_init ] --START--
INFO: Run Behavior\BuildLiteBehavior [ RunTime:0.000017s ]
INFO: [ app_init ] --END-- [ RunTime:0.000251s ]
INFO: [ app_begin ] --START--
INFO: Run Behavior\ReadHtmlCacheBehavior [ RunTime:0.000341s ]
INFO: [ app_begin ] --END-- [ RunTime:0.000402s ]
NOTIC: [8] Undefined index: id /www/wwwroot/dai.juhuaian.cn/Application/JRapp/Controller/IndexController.class.php 第 6 行.
SQL: SHOW COLUMNS FROM `qm_adminus` [ RunTime:0.0004s ]
SQL: SELECT `role_id` FROM `qm_adminus` WHERE `id` = null LIMIT 1   [ RunTime:0.0000s ]
SQL: SHOW COLUMNS FROM `qm_role_right` [ RunTime:0.0002s ]
SQL: SELECT `right_id` FROM `qm_role_right` WHERE ( role_id='' )  [ RunTime:0.0000s ]
NOTIC: [2] implode(): Invalid arguments passed /www/wwwroot/dai.juhuaian.cn/Application/JRapp/Controller/IndexController.class.php 第 9 行.
SQL: SHOW COLUMNS FROM `qm_right` [ RunTime:0.0003s ]
SQL: SELECT * FROM `qm_right` WHERE ( id in ('') and parent_id=0 )  [ RunTime:0.0000s ]
SQL: SELECT * FROM `qm_right` WHERE ( id in ('') and parent_id>0 )  [ RunTime:0.0000s ]
NOTIC: [8] Undefined index: id /www/wwwroot/dai.juhuaian.cn/Application/JRapp/Controller/IndexController.class.php 第 14 行.
INFO: [ view_parse ] --START--
INFO: [ template_filter ] --START--
INFO: Run Behavior\ContentReplaceBehavior [ RunTime:0.000050s ]
INFO: [ template_filter ] --END-- [ RunTime:0.000097s ]
INFO: Run Behavior\ParseTemplateBehavior [ RunTime:0.033398s ]
INFO: [ view_parse ] --END-- [ RunTime:0.033474s ]
INFO: [ view_filter ] --START--
INFO: Run Behavior\WriteHtmlCacheBehavior [ RunTime:0.000168s ]
INFO: [ view_filter ] --END-- [ RunTime:0.000210s ]
INFO: [ app_end ] --START--
INFO: Run Behavior\ShowPageTraceBehavior [ RunTime:0.000468s ]
INFO: [ app_end ] --END-- [ RunTime:0.000514s ]

[ 2018-11-04T16:17:48+08:00 ] 39.71.14.180 /index.php/JRapp/Index/index.html
INFO: [ app_init ] --START--
INFO: Run Behavior\BuildLiteBehavior [ RunTime:0.000015s ]
INFO: [ app_init ] --END-- [ RunTime:0.000316s ]
INFO: [ app_begin ] --START--
INFO: Run Behavior\ReadHtmlCacheBehavior [ RunTime:0.000260s ]
INFO: [ app_begin ] --END-- [ RunTime:0.000291s ]
NOTIC: [8] Undefined index: id /www/wwwroot/dai.juhuaian.cn/Application/JRapp/Controller/IndexController.class.php 第 6 行.
SQL: SHOW COLUMNS FROM `qm_adminus` [ RunTime:0.0004s ]
SQL: SELECT `role_id` FROM `qm_adminus` WHERE `id` = null LIMIT 1   [ RunTime:0.0001s ]
SQL: SHOW COLUMNS FROM `qm_role_right` [ RunTime:0.0003s ]
SQL: SELECT `right_id` FROM `qm_role_right` WHERE ( role_id='' )  [ RunTime:0.0000s ]
NOTIC: [2] implode(): Invalid arguments passed /www/wwwroot/dai.juhuaian.cn/Application/JRapp/Controller/IndexController.class.php 第 9 行.
SQL: SHOW COLUMNS FROM `qm_right` [ RunTime:0.0003s ]
SQL: SELECT * FROM `qm_right` WHERE ( id in ('') and parent_id=0 )  [ RunTime:0.0000s ]
SQL: SELECT * FROM `qm_right` WHERE ( id in ('') and parent_id>0 )  [ RunTime:0.0000s ]
NOTIC: [8] Undefined index: id /www/wwwroot/dai.juhuaian.cn/Application/JRapp/Controller/IndexController.class.php 第 14 行.
INFO: [ view_parse ] --START--
INFO: [ template_filter ] --START--
INFO: Run Behavior\ContentReplaceBehavior [ RunTime:0.000031s ]
INFO: [ template_filter ] --END-- [ RunTime:0.000061s ]
INFO: Run Behavior\ParseTemplateBehavior [ RunTime:0.003024s ]
INFO: [ view_parse ] --END-- [ RunTime:0.003054s ]
INFO: [ view_filter ] --START--
INFO: Run Behavior\WriteHtmlCacheBehavior [ RunTime:0.000088s ]
INFO: [ view_filter ] --END-- [ RunTime:0.000110s ]
INFO: [ app_end ] --START--
INFO: Run Behavior\ShowPageTraceBehavior [ RunTime:0.000263s ]
INFO: [ app_end ] --END-- [ RunTime:0.000288s ]

